#
# There is insufficient memory for the Java Runtime Environment to continue.
# Native memory allocation (mmap) failed to map 239075328 bytes for committing reserved memory.
# Possible reasons:
#   The system is out of physical RAM or swap space
#   In 32 bit mode, the process size limit was hit
# Possible solutions:
#   Reduce memory load on the system
#   Increase physical memory or swap space
#   Check if swap backing store is full
#   Use 64 bit Java on a 64 bit OS
#   Decrease Java heap size (-Xmx/-Xms)
#   Decrease number of Java threads
#   Decrease Java thread stack sizes (-Xss)
#   Set larger code cache with -XX:ReservedCodeCacheSize=
# This output file may be truncated or incomplete.
#
#  Out of Memory Error (os_linux.cpp:2627), pid=11044, tid=139801757558528
#
# JRE version: Java(TM) SE Runtime Environment (8.0_66-b17) (build 1.8.0_66-b17)
# Java VM: Java HotSpot(TM) 64-Bit Server VM (25.66-b17 mixed mode linux-amd64 compressed oops)
# Failed to write core dump. Core dumps have been disabled. To enable core dumping, try "ulimit -c unlimited" before starting Java again
#

---------------  T H R E A D  ---------------

Current thread (0x00007f2634078000):  VMThread [stack: 0x00007f2622092000,0x00007f2622193000] [id=11053]

Stack: [0x00007f2622092000,0x00007f2622193000],  sp=0x00007f2622191360,  free space=1020k
Native frames: (J=compiled Java code, j=interpreted, Vv=VM code, C=native code)
V  [libjvm.so+0xab9a1a]  VMError::report_and_die()+0x2ba
V  [libjvm.so+0x4f9e0b]  report_vm_out_of_memory(char const*, int, unsigned long, VMErrorType, char const*)+0x8b
V  [libjvm.so+0x91a8a3]  os::Linux::commit_memory_impl(char*, unsigned long, bool)+0x103
V  [libjvm.so+0x91adf9]  os::pd_commit_memory(char*, unsigned long, unsigned long, bool)+0x29
V  [libjvm.so+0x91510a]  os::commit_memory(char*, unsigned long, unsigned long, bool)+0x2a
V  [libjvm.so+0x9887a3]  PSVirtualSpace::expand_by(unsigned long)+0x53
V  [libjvm.so+0x979090]  PSOldGen::expand(unsigned long)+0x170
V  [libjvm.so+0x97929b]  PSOldGen::resize(unsigned long)+0x1cb
V  [libjvm.so+0x980f71]  PSParallelCompact::invoke_no_policy(bool)+0x991
V  [libjvm.so+0x9868cd]  PSScavenge::invoke()+0x1ad
V  [libjvm.so+0x93e500]  ParallelScavengeHeap::failed_mem_allocate(unsigned long)+0x70
V  [libjvm.so+0xabb437]  VM_ParallelGCFailedAllocation::doit()+0x97
V  [libjvm.so+0xac2e65]  VM_Operation::evaluate()+0x55
V  [libjvm.so+0xac123a]  VMThread::evaluate_operation(VM_Operation*)+0xba
V  [libjvm.so+0xac15be]  VMThread::loop()+0x1ce
V  [libjvm.so+0xac1a30]  VMThread::run()+0x70
V  [libjvm.so+0x91cc68]  java_start(Thread*)+0x108

VM_Operation (0x00007f2620da6d70): ParallelGCFailedAllocation, mode: safepoint, requested by thread 0x00007f263424f800


---------------  P R O C E S S  ---------------

Java Threads: ( => current thread )
  0x00007f2634253800 JavaThread "pool-2-thread-4" [_thread_blocked, id=11066, stack(0x00007f2620aa6000,0x00007f2620ba7000)]
  0x00007f2634251800 JavaThread "pool-2-thread-3" [_thread_blocked, id=11065, stack(0x00007f2620ba7000,0x00007f2620ca8000)]
  0x00007f263424f800 JavaThread "pool-2-thread-2" [_thread_blocked, id=11064, stack(0x00007f2620ca8000,0x00007f2620da9000)]
  0x00007f263424e800 JavaThread "pool-3-thread-1" [_thread_blocked, id=11063, stack(0x00007f2620da9000,0x00007f2620eaa000)]
  0x00007f263424c000 JavaThread "pool-2-thread-1" [_thread_blocked, id=11062, stack(0x00007f2620eaa000,0x00007f2620fab000)]
  0x00007f26340ca800 JavaThread "Service Thread" daemon [_thread_blocked, id=11060, stack(0x00007f2621178000,0x00007f2621279000)]
  0x00007f26340bd800 JavaThread "C1 CompilerThread2" daemon [_thread_blocked, id=11059, stack(0x00007f2621279000,0x00007f262137a000)]
  0x00007f26340bb800 JavaThread "C2 CompilerThread1" daemon [_thread_blocked, id=11058, stack(0x00007f262137a000,0x00007f262147b000)]
  0x00007f26340b8800 JavaThread "C2 CompilerThread0" daemon [_thread_blocked, id=11057, stack(0x00007f262147b000,0x00007f262157c000)]
  0x00007f26340b7000 JavaThread "Signal Dispatcher" daemon [_thread_blocked, id=11056, stack(0x00007f262157c000,0x00007f262167d000)]
  0x00007f263407f000 JavaThread "Finalizer" daemon [_thread_blocked, id=11055, stack(0x00007f2621e90000,0x00007f2621f91000)]
  0x00007f263407d000 JavaThread "Reference Handler" daemon [_thread_blocked, id=11054, stack(0x00007f2621f91000,0x00007f2622092000)]
  0x00007f263400a000 JavaThread "main" [_thread_blocked, id=11045, stack(0x00007f263acba000,0x00007f263adbb000)]

Other Threads:
=>0x00007f2634078000 VMThread [stack: 0x00007f2622092000,0x00007f2622193000] [id=11053]
  0x00007f26340cd800 WatcherThread [stack: 0x00007f2621077000,0x00007f2621178000] [id=11061]

VM state:at safepoint (normal execution)

VM Mutex/Monitor currently owned by a thread:  ([mutex/lock_event])
[0x00007f2634005ef0] ExpandHeap_lock - owner thread: 0x00007f2634078000
[0x00007f2634006570] Threads_lock - owner thread: 0x00007f2634078000
[0x00007f2634006a70] Heap_lock - owner thread: 0x00007f263424f800

Heap:
 PSYoungGen      total 465920K, used 0K [0x00000000d5580000, 0x0000000100000000, 0x0000000100000000)
  eden space 232960K, 0% used [0x00000000d5580000,0x00000000d5580000,0x00000000e3900000)
  from space 232960K, 0% used [0x00000000e3900000,0x00000000e3900000,0x00000000f1c80000)
  to   space 232960K, 0% used [0x00000000f1c80000,0x00000000f1c80000,0x0000000100000000)
 ParOldGen       total 806912K, used 728019K [0x0000000080000000, 0x00000000b1400000, 0x00000000d5580000)
  object space 806912K, 90% used [0x0000000080000000,0x00000000ac6f4e88,0x00000000b1400000)
 Metaspace       used 6600K, capacity 7320K, committed 7680K, reserved 1056768K
  class space    used 617K, capacity 656K, committed 768K, reserved 1048576K

Card table byte_map: [0x00007f2624624000,0x00007f2624a25000] byte_map_base: 0x00007f2624224000

Marking Bits: (ParMarkBitMap*) 0x00007f263a196020
 Begin Bits: [0x00007f2618000000, 0x00007f261a000000)
 End Bits:   [0x00007f261a000000, 0x00007f261c000000)

Polling page: 0x00007f263addd000

CodeCache: size=245760Kb used=12273Kb max_used=12334Kb free=233487Kb
 bounds [0x00007f2624de5000, 0x00007f2625a55000, 0x00007f2633de5000]
 total_blobs=2677 nmethods=2408 adapters=182
 compilation: enabled

Compilation events (10 events):
Event: 28,389 Thread 0x00007f26340b8800 nmethod 3041 0x00007f26256d24d0 code [0x00007f26256d2ac0, 0x00007f26256d6af0]
Event: 28,389 Thread 0x00007f26340b8800 3059   !   4       com.android.dx.cf.code.Ropper::processBlock (1101 bytes)
Event: 28,394 Thread 0x00007f26340bd800 3067       2       java.util.HashMap::treeifyBin (110 bytes)
Event: 28,395 Thread 0x00007f26340bd800 nmethod 3067 0x00007f26253f92d0 code [0x00007f26253f9480, 0x00007f26253f9848]
Event: 28,476 Thread 0x00007f26340bb800 nmethod 3053 0x00007f262547f050 code [0x00007f262547f6a0, 0x00007f26254836e8]
Event: 28,476 Thread 0x00007f26340bb800 3058       4       com.android.dx.ssa.back.FirstFitLocalCombiningAllocator::handlePhiInsns (36 bytes)
Event: 28,517 Thread 0x00007f26340bd800 3071       2       com.android.dx.rop.code.Rop::equals (88 bytes)
Event: 28,517 Thread 0x00007f26340bd800 nmethod 3071 0x00007f2625343750 code [0x00007f26253438e0, 0x00007f2625343b98]
Event: 28,529 Thread 0x00007f26340bd800 3072 %     3       com.android.dx.dex.cf.AttributeTranslator::translateInnerClasses @ 46 (356 bytes)
Event: 28,535 Thread 0x00007f26340bd800 nmethod 3072% 0x00007f26256a8250 code [0x00007f26256a8880, 0x00007f26256ace58]

GC Heap History (10 events):
Event: 22,681 GC heap after
Heap after GC invocations=22 (full 4):
 PSYoungGen      total 457728K, used 205028K [0x00000000d5580000, 0x0000000100000000, 0x0000000100000000)
  eden space 232960K, 0% used [0x00000000d5580000,0x00000000d5580000,0x00000000e3900000)
  from space 224768K, 91% used [0x00000000f2480000,0x00000000fecb9338,0x0000000100000000)
  to   space 232960K, 0% used [0x00000000e3900000,0x00000000e3900000,0x00000000f1c80000)
 ParOldGen       total 550400K, used 423180K [0x0000000080000000, 0x00000000a1980000, 0x00000000d5580000)
  object space 550400K, 76% used [0x0000000080000000,0x0000000099d43350,0x00000000a1980000)
 Metaspace       used 6599K, capacity 7320K, committed 7680K, reserved 1056768K
  class space    used 617K, capacity 656K, committed 768K, reserved 1048576K
}
Event: 23,269 GC heap before
{Heap before GC invocations=23 (full 4):
 PSYoungGen      total 457728K, used 437988K [0x00000000d5580000, 0x0000000100000000, 0x0000000100000000)
  eden space 232960K, 100% used [0x00000000d5580000,0x00000000e3900000,0x00000000e3900000)
  from space 224768K, 91% used [0x00000000f2480000,0x00000000fecb9338,0x0000000100000000)
  to   space 232960K, 0% used [0x00000000e3900000,0x00000000e3900000,0x00000000f1c80000)
 ParOldGen       total 550400K, used 423180K [0x0000000080000000, 0x00000000a1980000, 0x00000000d5580000)
  object space 550400K, 76% used [0x0000000080000000,0x0000000099d43350,0x00000000a1980000)
 Metaspace       used 6599K, capacity 7320K, committed 7680K, reserved 1056768K
  class space    used 617K, capacity 656K, committed 768K, reserved 1048576K
Event: 23,802 GC heap after
Heap after GC invocations=23 (full 4):
 PSYoungGen      total 465920K, used 131309K [0x00000000d5580000, 0x0000000100000000, 0x0000000100000000)
  eden space 232960K, 0% used [0x00000000d5580000,0x00000000d5580000,0x00000000e3900000)
  from space 232960K, 56% used [0x00000000e3900000,0x00000000eb93b6c8,0x00000000f1c80000)
  to   space 232960K, 0% used [0x00000000f1c80000,0x00000000f1c80000,0x0000000100000000)
 ParOldGen       total 550400K, used 534697K [0x0000000080000000, 0x00000000a1980000, 0x00000000d5580000)
  object space 550400K, 97% used [0x0000000080000000,0x00000000a0a2a458,0x00000000a1980000)
 Metaspace       used 6599K, capacity 7320K, committed 7680K, reserved 1056768K
  class space    used 617K, capacity 656K, committed 768K, reserved 1048576K
}
Event: 23,802 GC heap before
{Heap before GC invocations=24 (full 5):
 PSYoungGen      total 465920K, used 131309K [0x00000000d5580000, 0x0000000100000000, 0x0000000100000000)
  eden space 232960K, 0% used [0x00000000d5580000,0x00000000d5580000,0x00000000e3900000)
  from space 232960K, 56% used [0x00000000e3900000,0x00000000eb93b6c8,0x00000000f1c80000)
  to   space 232960K, 0% used [0x00000000f1c80000,0x00000000f1c80000,0x0000000100000000)
 ParOldGen       total 550400K, used 534697K [0x0000000080000000, 0x00000000a1980000, 0x00000000d5580000)
  object space 550400K, 97% used [0x0000000080000000,0x00000000a0a2a458,0x00000000a1980000)
 Metaspace       used 6599K, capacity 7320K, committed 7680K, reserved 1056768K
  class space    used 617K, capacity 656K, committed 768K, reserved 1048576K
Event: 27,016 GC heap after
Heap after GC invocations=24 (full 5):
 PSYoungGen      total 465920K, used 111932K [0x00000000d5580000, 0x0000000100000000, 0x0000000100000000)
  eden space 232960K, 0% used [0x00000000d5580000,0x00000000d5580000,0x00000000e3900000)
  from space 232960K, 48% used [0x00000000e3900000,0x00000000ea64f150,0x00000000f1c80000)
  to   space 232960K, 0% used [0x00000000f1c80000,0x00000000f1c80000,0x0000000100000000)
 ParOldGen       total 806912K, used 550016K [0x0000000080000000, 0x00000000b1400000, 0x00000000d5580000)
  object space 806912K, 68% used [0x0000000080000000,0x00000000a1920228,0x00000000b1400000)
 Metaspace       used 6599K, capacity 7320K, committed 7680K, reserved 1056768K
  class space    used 617K, capacity 656K, committed 768K, reserved 1048576K
}
Event: 27,584 GC heap before
{Heap before GC invocations=25 (full 5):
 PSYoungGen      total 465920K, used 344892K [0x00000000d5580000, 0x0000000100000000, 0x0000000100000000)
  eden space 232960K, 100% used [0x00000000d5580000,0x00000000e3900000,0x00000000e3900000)
  from space 232960K, 48% used [0x00000000e3900000,0x00000000ea64f150,0x00000000f1c80000)
  to   space 232960K, 0% used [0x00000000f1c80000,0x00000000f1c80000,0x0000000100000000)
 ParOldGen       total 806912K, used 550016K [0x0000000080000000, 0x00000000b1400000, 0x00000000d5580000)
  object space 806912K, 68% used [0x0000000080000000,0x00000000a1920228,0x00000000b1400000)
 Metaspace       used 6599K, capacity 7320K, committed 7680K, reserved 1056768K
  class space    used 617K, capacity 656K, committed 768K, reserved 1048576K
Event: 27,969 GC heap after
Heap after GC invocations=25 (full 5):
 PSYoungGen      total 465920K, used 72033K [0x00000000d5580000, 0x0000000100000000, 0x0000000100000000)
  eden space 232960K, 0% used [0x00000000d5580000,0x00000000d5580000,0x00000000e3900000)
  from space 232960K, 30% used [0x00000000f1c80000,0x00000000f62d8660,0x0000000100000000)
  to   space 232960K, 0% used [0x00000000e3900000,0x00000000e3900000,0x00000000f1c80000)
 ParOldGen       total 806912K, used 626756K [0x0000000080000000, 0x00000000b1400000, 0x00000000d5580000)
  object space 806912K, 77% used [0x0000000080000000,0x00000000a64111f8,0x00000000b1400000)
 Metaspace       used 6599K, capacity 7320K, committed 7680K, reserved 1056768K
  class space    used 617K, capacity 656K, committed 768K, reserved 1048576K
}
Event: 28,587 GC heap before
{Heap before GC invocations=26 (full 5):
 PSYoungGen      total 465920K, used 304993K [0x00000000d5580000, 0x0000000100000000, 0x0000000100000000)
  eden space 232960K, 100% used [0x00000000d5580000,0x00000000e3900000,0x00000000e3900000)
  from space 232960K, 30% used [0x00000000f1c80000,0x00000000f62d8660,0x0000000100000000)
  to   space 232960K, 0% used [0x00000000e3900000,0x00000000e3900000,0x00000000f1c80000)
 ParOldGen       total 806912K, used 626756K [0x0000000080000000, 0x00000000b1400000, 0x00000000d5580000)
  object space 806912K, 77% used [0x0000000080000000,0x00000000a64111f8,0x00000000b1400000)
 Metaspace       used 6600K, capacity 7320K, committed 7680K, reserved 1056768K
  class space    used 617K, capacity 656K, committed 768K, reserved 1048576K
Event: 28,760 GC heap after
Heap after GC invocations=26 (full 5):
 PSYoungGen      total 465920K, used 33237K [0x00000000d5580000, 0x0000000100000000, 0x0000000100000000)
  eden space 232960K, 0% used [0x00000000d5580000,0x00000000d5580000,0x00000000e3900000)
  from space 232960K, 14% used [0x00000000e3900000,0x00000000e59755a0,0x00000000f1c80000)
  to   space 232960K, 0% used [0x00000000f1c80000,0x00000000f1c80000,0x0000000100000000)
 ParOldGen       total 806912K, used 696422K [0x0000000080000000, 0x00000000b1400000, 0x00000000d5580000)
  object space 806912K, 86% used [0x0000000080000000,0x00000000aa819ac0,0x00000000b1400000)
 Metaspace       used 6600K, capacity 7320K, committed 7680K, reserved 1056768K
  class space    used 617K, capacity 656K, committed 768K, reserved 1048576K
}
Event: 28,760 GC heap before
{Heap before GC invocations=27 (full 6):
 PSYoungGen      total 465920K, used 33237K [0x00000000d5580000, 0x0000000100000000, 0x0000000100000000)
  eden space 232960K, 0% used [0x00000000d5580000,0x00000000d5580000,0x00000000e3900000)
  from space 232960K, 14% used [0x00000000e3900000,0x00000000e59755a0,0x00000000f1c80000)
  to   space 232960K, 0% used [0x00000000f1c80000,0x00000000f1c80000,0x0000000100000000)
 ParOldGen       total 806912K, used 696422K [0x0000000080000000, 0x00000000b1400000, 0x00000000d5580000)
  object space 806912K, 86% used [0x0000000080000000,0x00000000aa819ac0,0x00000000b1400000)
 Metaspace       used 6600K, capacity 7320K, committed 7680K, reserved 1056768K
  class space    used 617K, capacity 656K, committed 768K, reserved 1048576K

Deoptimization events (10 events):
Event: 22,371 Thread 0x00007f2634251800 Uncommon trap: reason=bimorphic action=maybe_recompile pc=0x00007f262525d1fc method=com.android.dx.ssa.back.FirstFitLocalCombiningAllocator.findNextUnreservedRopReg(IILcom/android/dx/ssa/back/FirstFitLocalCombiningAllocator$Alignment;)I @ 60
Event: 22,711 Thread 0x00007f263424c000 Uncommon trap: reason=unstable_if action=reinterpret pc=0x00007f26254ad0a0 method=com.android.dx.cf.code.Ropper.labelToResultIndex(I)I @ 34
Event: 22,921 Thread 0x00007f263400a000 Uncommon trap: reason=bimorphic action=maybe_recompile pc=0x00007f262525d1fc method=com.android.dx.ssa.back.FirstFitLocalCombiningAllocator.findNextUnreservedRopReg(IILcom/android/dx/ssa/back/FirstFitLocalCombiningAllocator$Alignment;)I @ 60
Event: 22,960 Thread 0x00007f263400a000 Uncommon trap: reason=unstable_if action=reinterpret pc=0x00007f262509fbdc method=com.android.dx.rop.code.RegisterSpec.equals(ILcom/android/dx/rop/type/TypeBearer;Lcom/android/dx/rop/code/LocalItem;)Z @ 31
Event: 22,960 Thread 0x00007f263400a000 Uncommon trap: reason=unstable_if action=reinterpret pc=0x00007f262517a054 method=com.android.dx.rop.code.RegisterSpec.equals(ILcom/android/dx/rop/type/TypeBearer;Lcom/android/dx/rop/code/LocalItem;)Z @ 31
Event: 23,004 Thread 0x00007f263424f800 Uncommon trap: reason=bimorphic action=maybe_recompile pc=0x00007f262525d1fc method=com.android.dx.ssa.back.FirstFitLocalCombiningAllocator.findNextUnreservedRopReg(IILcom/android/dx/ssa/back/FirstFitLocalCombiningAllocator$Alignment;)I @ 60
Event: 27,516 Thread 0x00007f2634251800 Uncommon trap: reason=unstable_if action=reinterpret pc=0x00007f26259eec90 method=com.android.dx.cf.code.Ropper.processBlock(Lcom/android/dx/cf/code/ByteBlock;Lcom/android/dx/cf/code/Frame;[I)V @ 429
Event: 28,160 Thread 0x00007f2634251800 Uncommon trap: reason=unstable_if action=reinterpret pc=0x00007f262534d778 method=com.android.dx.cf.code.Ropper.addOrReplaceBlock(Lcom/android/dx/rop/code/BasicBlock;Lcom/android/dx/util/IntList;)Z @ 24
Event: 28,330 Thread 0x00007f2634253800 Uncommon trap: reason=unstable_if action=reinterpret pc=0x00007f26251aa3b4 method=com.android.dx.dex.code.OutputFinisher.hasLocalInfo(Lcom/android/dx/rop/code/RegisterSpec;)Z @ 1
Event: 28,330 Thread 0x00007f2634253800 Uncommon trap: reason=unstable_if action=reinterpret pc=0x00007f2624fa2bbc method=com.android.dx.dex.code.OutputFinisher.hasLocalInfo(Lcom/android/dx/rop/code/RegisterSpec;)Z @ 1

Internal exceptions (10 events):
Event: 1,356 Thread 0x00007f2634253800 Exception <a 'java/lang/ArrayIndexOutOfBoundsException': 18> (0x00000000d9acb250) thrown at [/HUDSON/workspace/8-2-build-linux-amd64/jdk8u66/4988/hotspot/src/share/vm/interpreter/interpreterRuntime.cpp, line 366]
Event: 1,357 Thread 0x00007f2634253800 Exception <a 'java/lang/ArrayIndexOutOfBoundsException': 145> (0x00000000d9accdd0) thrown at [/HUDSON/workspace/8-2-build-linux-amd64/jdk8u66/4988/hotspot/src/share/vm/interpreter/interpreterRuntime.cpp, line 366]
Event: 1,358 Thread 0x00007f2634253800 Exception <a 'java/lang/ArrayIndexOutOfBoundsException': 40> (0x00000000d9ace0b8) thrown at [/HUDSON/workspace/8-2-build-linux-amd64/jdk8u66/4988/hotspot/src/share/vm/interpreter/interpreterRuntime.cpp, line 366]
Event: 5,465 Thread 0x00007f263424f800 Implicit null exception at 0x00007f26251bbeaf to 0x00007f26251bc029
Event: 11,692 Thread 0x00007f263424c000 Implicit null exception at 0x00007f26255966ef to 0x00007f2625598dd5
Event: 20,702 Thread 0x00007f2634253800 Implicit null exception at 0x00007f26252ae54b to 0x00007f26252ae720
Event: 22,960 Thread 0x00007f263400a000 Implicit null exception at 0x00007f262509f7f3 to 0x00007f262509fbb1
Event: 22,960 Thread 0x00007f263400a000 Implicit null exception at 0x00007f2625179cd7 to 0x00007f262517a009
Event: 28,330 Thread 0x00007f2634253800 Implicit null exception at 0x00007f26251a8fc3 to 0x00007f26251aa395
Event: 28,330 Thread 0x00007f2634253800 Implicit null exception at 0x00007f2624fa2a90 to 0x00007f2624fa2ba9

Events (10 events):
Event: 28,160 Thread 0x00007f2634251800 DEOPT UNPACKING pc=0x00007f2624dea229 sp=0x00007f2620ca5cc0 mode 2
Event: 28,188 Thread 0x00007f263400a000 DEOPT PACKING pc=0x00007f26254f43a8 sp=0x00007f263adb82e0
Event: 28,188 Thread 0x00007f263400a000 DEOPT UNPACKING pc=0x00007f2624e2c633 sp=0x00007f263adb7fd8 mode 0
Event: 28,330 Thread 0x00007f2634253800 Uncommon trap: trap_request=0xffffff65 fr.pc=0x00007f26251aa3b4
Event: 28,330 Thread 0x00007f2634253800 DEOPT PACKING pc=0x00007f26251aa3b4 sp=0x00007f2620ba4fd0
Event: 28,330 Thread 0x00007f2634253800 DEOPT UNPACKING pc=0x00007f2624dea229 sp=0x00007f2620ba4d80 mode 2
Event: 28,330 Thread 0x00007f2634253800 Uncommon trap: trap_request=0xffffff65 fr.pc=0x00007f2624fa2bbc
Event: 28,330 Thread 0x00007f2634253800 DEOPT PACKING pc=0x00007f2624fa2bbc sp=0x00007f2620ba4e30
Event: 28,330 Thread 0x00007f2634253800 DEOPT UNPACKING pc=0x00007f2624dea229 sp=0x00007f2620ba4d80 mode 2
Event: 28,587 Executing VM operation: ParallelGCFailedAllocation


Dynamic libraries:
00400000-00401000 r-xp 00000000 08:01 4591374                            /usr/lib/jvm/java-8-oracle/bin/java
00600000-00601000 rw-p 00000000 08:01 4591374                            /usr/lib/jvm/java-8-oracle/bin/java
02123000-02144000 rw-p 00000000 00:00 0                                  [heap]
80000000-b1400000 rw-p 00000000 00:00 0 
bf800000-d5580000 ---p 00000000 00:00 0 
d5580000-100000000 rw-p 00000000 00:00 0 
100000000-1000c0000 rw-p 00000000 00:00 0 
1000c0000-140000000 ---p 00000000 00:00 0 
7f25d4000000-7f25d402d000 rw-p 00000000 00:00 0 
7f25d402d000-7f25d8000000 ---p 00000000 00:00 0 
7f25d8000000-7f25d803d000 rw-p 00000000 00:00 0 
7f25d803d000-7f25dc000000 ---p 00000000 00:00 0 
7f25dc000000-7f25dc021000 rw-p 00000000 00:00 0 
7f25dc021000-7f25e0000000 ---p 00000000 00:00 0 
7f25e0000000-7f25e0023000 rw-p 00000000 00:00 0 
7f25e0023000-7f25e4000000 ---p 00000000 00:00 0 
7f25e4000000-7f25e4021000 rw-p 00000000 00:00 0 
7f25e4021000-7f25e8000000 ---p 00000000 00:00 0 
7f25e8000000-7f25e804c000 rw-p 00000000 00:00 0 
7f25e804c000-7f25ec000000 ---p 00000000 00:00 0 
7f25ec000000-7f25ec82a000 rw-p 00000000 00:00 0 
7f25ec82a000-7f25f0000000 ---p 00000000 00:00 0 
7f25f0000000-7f25f0021000 rw-p 00000000 00:00 0 
7f25f0021000-7f25f4000000 ---p 00000000 00:00 0 
7f25f4000000-7f25f5e51000 rw-p 00000000 00:00 0 
7f25f5e51000-7f25f8000000 ---p 00000000 00:00 0 
7f25f8000000-7f25f9a24000 rw-p 00000000 00:00 0 
7f25f9a24000-7f25fc000000 ---p 00000000 00:00 0 
7f25fc000000-7f25fc021000 rw-p 00000000 00:00 0 
7f25fc021000-7f2600000000 ---p 00000000 00:00 0 
7f2600000000-7f2600021000 rw-p 00000000 00:00 0 
7f2600021000-7f2604000000 ---p 00000000 00:00 0 
7f2604000000-7f2604298000 rw-p 00000000 00:00 0 
7f2604298000-7f2608000000 ---p 00000000 00:00 0 
7f2608000000-7f2608021000 rw-p 00000000 00:00 0 
7f2608021000-7f260c000000 ---p 00000000 00:00 0 
7f260c000000-7f260c021000 rw-p 00000000 00:00 0 
7f260c021000-7f2610000000 ---p 00000000 00:00 0 
7f2610000000-7f2610021000 rw-p 00000000 00:00 0 
7f2610021000-7f2614000000 ---p 00000000 00:00 0 
7f2614000000-7f2614021000 rw-p 00000000 00:00 0 
7f2614021000-7f2618000000 ---p 00000000 00:00 0 
7f2618000000-7f261c000000 rw-p 00000000 00:00 0 
7f261c000000-7f261c021000 rw-p 00000000 00:00 0 
7f261c021000-7f2620000000 ---p 00000000 00:00 0 
7f2620a81000-7f2620aa6000 r--p 00000000 08:01 2361987                    /usr/share/locale-langpack/pl/LC_MESSAGES/libc.mo
7f2620aa6000-7f2620aa9000 ---p 00000000 00:00 0 
7f2620aa9000-7f2620ba7000 rw-p 00000000 00:00 0                          [stack:11066]
7f2620ba7000-7f2620baa000 ---p 00000000 00:00 0 
7f2620baa000-7f2620ca8000 rw-p 00000000 00:00 0                          [stack:11065]
7f2620ca8000-7f2620cab000 ---p 00000000 00:00 0 
7f2620cab000-7f2620da9000 rw-p 00000000 00:00 0                          [stack:11064]
7f2620da9000-7f2620dac000 ---p 00000000 00:00 0 
7f2620dac000-7f2620eaa000 rw-p 00000000 00:00 0                          [stack:11063]
7f2620eaa000-7f2620ead000 ---p 00000000 00:00 0 
7f2620ead000-7f2620fab000 rw-p 00000000 00:00 0                          [stack:11062]
7f2620fab000-7f2621077000 r--s 00add000 08:01 7216608                    /home/tomasz/AndroidStudioProjects/ITAssistant/app/build/intermediates/transforms/jarMerging/debug/jars/1/1f/combined.jar
7f2621077000-7f2621078000 ---p 00000000 00:00 0 
7f2621078000-7f2621178000 rw-p 00000000 00:00 0                          [stack:11061]
7f2621178000-7f262117b000 ---p 00000000 00:00 0 
7f262117b000-7f2621279000 rw-p 00000000 00:00 0                          [stack:11060]
7f2621279000-7f262127c000 ---p 00000000 00:00 0 
7f262127c000-7f262137a000 rw-p 00000000 00:00 0                          [stack:11059]
7f262137a000-7f262137d000 ---p 00000000 00:00 0 
7f262137d000-7f262147b000 rw-p 00000000 00:00 0                          [stack:11058]
7f262147b000-7f262147e000 ---p 00000000 00:00 0 
7f262147e000-7f262157c000 rw-p 00000000 00:00 0                          [stack:11057]
7f262157c000-7f262157f000 ---p 00000000 00:00 0 
7f262157f000-7f262167d000 rw-p 00000000 00:00 0                          [stack:11056]
7f262167d000-7f2621e90000 r--p 00000000 08:01 1579663                    /usr/lib/locale/locale-archive
7f2621e90000-7f2621e93000 ---p 00000000 00:00 0 
7f2621e93000-7f2621f91000 rw-p 00000000 00:00 0                          [stack:11055]
7f2621f91000-7f2621f94000 ---p 00000000 00:00 0 
7f2621f94000-7f2622092000 rw-p 00000000 00:00 0                          [stack:11054]
7f2622092000-7f2622093000 ---p 00000000 00:00 0 
7f2622093000-7f2623126000 rw-p 00000000 00:00 0                          [stack:11053]
7f2623126000-7f26232ff000 r--s 03d20000 08:01 4069182                    /usr/lib/jvm/java-8-oracle/jre/lib/rt.jar
7f26232ff000-7f2623a35000 rw-p 00000000 00:00 0 
7f2623a35000-7f2623b75000 ---p 00000000 00:00 0 
7f2623b75000-7f2623f75000 rw-p 00000000 00:00 0 
7f2623f75000-7f2623f76000 ---p 00000000 00:00 0 
7f2623f76000-7f2624076000 rw-p 00000000 00:00 0                          [stack:11052]
7f2624076000-7f2624077000 ---p 00000000 00:00 0 
7f2624077000-7f2624177000 rw-p 00000000 00:00 0                          [stack:11051]
7f2624177000-7f2624178000 ---p 00000000 00:00 0 
7f2624178000-7f2624278000 rw-p 00000000 00:00 0                          [stack:11050]
7f2624278000-7f2624279000 ---p 00000000 00:00 0 
7f2624279000-7f2624503000 rw-p 00000000 00:00 0                          [stack:11049]
7f2624503000-7f2624624000 ---p 00000000 00:00 0 
7f2624624000-7f26247ae000 rw-p 00000000 00:00 0 
7f26247ae000-7f26248ce000 ---p 00000000 00:00 0 
7f26248ce000-7f2624a24000 rw-p 00000000 00:00 0 
7f2624a24000-7f2624a57000 rw-p 00000000 00:00 0 
7f2624a57000-7f2624de5000 ---p 00000000 00:00 0 
7f2624de5000-7f2625a55000 rwxp 00000000 00:00 0 
7f2625a55000-7f2633de5000 ---p 00000000 00:00 0 
7f2633de5000-7f2633dff000 r-xp 00000000 08:01 4069168                    /usr/lib/jvm/java-8-oracle/jre/lib/amd64/libzip.so
7f2633dff000-7f2633fff000 ---p 0001a000 08:01 4069168                    /usr/lib/jvm/java-8-oracle/jre/lib/amd64/libzip.so
7f2633fff000-7f2634000000 rw-p 0001a000 08:01 4069168                    /usr/lib/jvm/java-8-oracle/jre/lib/amd64/libzip.so
7f2634000000-7f263441e000 rw-p 00000000 00:00 0 
7f263441e000-7f2638000000 ---p 00000000 00:00 0 
7f2638013000-7f2638062000 rw-p 00000000 00:00 0 
7f2638062000-7f263806d000 r-xp 00000000 08:01 5771445                    /lib/x86_64-linux-gnu/libnss_files-2.19.so
7f263806d000-7f263826c000 ---p 0000b000 08:01 5771445                    /lib/x86_64-linux-gnu/libnss_files-2.19.so
7f263826c000-7f263826d000 r--p 0000a000 08:01 5771445                    /lib/x86_64-linux-gnu/libnss_files-2.19.so
7f263826d000-7f263826e000 rw-p 0000b000 08:01 5771445                    /lib/x86_64-linux-gnu/libnss_files-2.19.so
7f263826e000-7f2638279000 r-xp 00000000 08:01 5771455                    /lib/x86_64-linux-gnu/libnss_nis-2.19.so
7f2638279000-7f2638478000 ---p 0000b000 08:01 5771455                    /lib/x86_64-linux-gnu/libnss_nis-2.19.so
7f2638478000-7f2638479000 r--p 0000a000 08:01 5771455                    /lib/x86_64-linux-gnu/libnss_nis-2.19.so
7f2638479000-7f263847a000 rw-p 0000b000 08:01 5771455                    /lib/x86_64-linux-gnu/libnss_nis-2.19.so
7f263847a000-7f2638491000 r-xp 00000000 08:01 5771439                    /lib/x86_64-linux-gnu/libnsl-2.19.so
7f2638491000-7f2638690000 ---p 00017000 08:01 5771439                    /lib/x86_64-linux-gnu/libnsl-2.19.so
7f2638690000-7f2638691000 r--p 00016000 08:01 5771439                    /lib/x86_64-linux-gnu/libnsl-2.19.so
7f2638691000-7f2638692000 rw-p 00017000 08:01 5771439                    /lib/x86_64-linux-gnu/libnsl-2.19.so
7f2638692000-7f2638694000 rw-p 00000000 00:00 0 
7f2638694000-7f263869d000 r-xp 00000000 08:01 5771441                    /lib/x86_64-linux-gnu/libnss_compat-2.19.so
7f263869d000-7f263889c000 ---p 00009000 08:01 5771441                    /lib/x86_64-linux-gnu/libnss_compat-2.19.so
7f263889c000-7f263889d000 r--p 00008000 08:01 5771441                    /lib/x86_64-linux-gnu/libnss_compat-2.19.so
7f263889d000-7f263889e000 rw-p 00009000 08:01 5771441                    /lib/x86_64-linux-gnu/libnss_compat-2.19.so
7f263889e000-7f26388c8000 r-xp 00000000 08:01 4069157                    /usr/lib/jvm/java-8-oracle/jre/lib/amd64/libjava.so
7f26388c8000-7f2638ac8000 ---p 0002a000 08:01 4069157                    /usr/lib/jvm/java-8-oracle/jre/lib/amd64/libjava.so
7f2638ac8000-7f2638aca000 rw-p 0002a000 08:01 4069157                    /usr/lib/jvm/java-8-oracle/jre/lib/amd64/libjava.so
7f2638aca000-7f2638ad7000 r-xp 00000000 08:01 4069118                    /usr/lib/jvm/java-8-oracle/jre/lib/amd64/libverify.so
7f2638ad7000-7f2638cd7000 ---p 0000d000 08:01 4069118                    /usr/lib/jvm/java-8-oracle/jre/lib/amd64/libverify.so
7f2638cd7000-7f2638cd9000 rw-p 0000d000 08:01 4069118                    /usr/lib/jvm/java-8-oracle/jre/lib/amd64/libverify.so
7f2638cd9000-7f2638ce0000 r-xp 00000000 08:01 5771498                    /lib/x86_64-linux-gnu/librt-2.19.so
7f2638ce0000-7f2638edf000 ---p 00007000 08:01 5771498                    /lib/x86_64-linux-gnu/librt-2.19.so
7f2638edf000-7f2638ee0000 r--p 00006000 08:01 5771498                    /lib/x86_64-linux-gnu/librt-2.19.so
7f2638ee0000-7f2638ee1000 rw-p 00007000 08:01 5771498                    /lib/x86_64-linux-gnu/librt-2.19.so
7f2638ee1000-7f2638fe6000 r-xp 00000000 08:01 5771420                    /lib/x86_64-linux-gnu/libm-2.19.so
7f2638fe6000-7f26391e5000 ---p 00105000 08:01 5771420                    /lib/x86_64-linux-gnu/libm-2.19.so
7f26391e5000-7f26391e6000 r--p 00104000 08:01 5771420                    /lib/x86_64-linux-gnu/libm-2.19.so
7f26391e6000-7f26391e7000 rw-p 00105000 08:01 5771420                    /lib/x86_64-linux-gnu/libm-2.19.so
7f26391e7000-7f2639ea5000 r-xp 00000000 08:01 4069167                    /usr/lib/jvm/java-8-oracle/jre/lib/amd64/server/libjvm.so
7f2639ea5000-7f263a0a4000 ---p 00cbe000 08:01 4069167                    /usr/lib/jvm/java-8-oracle/jre/lib/amd64/server/libjvm.so
7f263a0a4000-7f263a17d000 rw-p 00cbd000 08:01 4069167                    /usr/lib/jvm/java-8-oracle/jre/lib/amd64/server/libjvm.so
7f263a17d000-7f263a1c1000 rw-p 00000000 00:00 0 
7f263a1c1000-7f263a37c000 r-xp 00000000 08:01 5771370                    /lib/x86_64-linux-gnu/libc-2.19.so
7f263a37c000-7f263a57b000 ---p 001bb000 08:01 5771370                    /lib/x86_64-linux-gnu/libc-2.19.so
7f263a57b000-7f263a57f000 r--p 001ba000 08:01 5771370                    /lib/x86_64-linux-gnu/libc-2.19.so
7f263a57f000-7f263a581000 rw-p 001be000 08:01 5771370                    /lib/x86_64-linux-gnu/libc-2.19.so
7f263a581000-7f263a586000 rw-p 00000000 00:00 0 
7f263a586000-7f263a589000 r-xp 00000000 08:01 5771387                    /lib/x86_64-linux-gnu/libdl-2.19.so
7f263a589000-7f263a788000 ---p 00003000 08:01 5771387                    /lib/x86_64-linux-gnu/libdl-2.19.so
7f263a788000-7f263a789000 r--p 00002000 08:01 5771387                    /lib/x86_64-linux-gnu/libdl-2.19.so
7f263a789000-7f263a78a000 rw-p 00003000 08:01 5771387                    /lib/x86_64-linux-gnu/libdl-2.19.so
7f263a78a000-7f263a79f000 r-xp 00000000 08:01 4727160                    /usr/lib/jvm/java-8-oracle/lib/amd64/jli/libjli.so
7f263a79f000-7f263a99f000 ---p 00015000 08:01 4727160                    /usr/lib/jvm/java-8-oracle/lib/amd64/jli/libjli.so
7f263a99f000-7f263a9a0000 rw-p 00015000 08:01 4727160                    /usr/lib/jvm/java-8-oracle/lib/amd64/jli/libjli.so
7f263a9a0000-7f263a9b9000 r-xp 00000000 08:01 5771490                    /lib/x86_64-linux-gnu/libpthread-2.19.so
7f263a9b9000-7f263abb8000 ---p 00019000 08:01 5771490                    /lib/x86_64-linux-gnu/libpthread-2.19.so
7f263abb8000-7f263abb9000 r--p 00018000 08:01 5771490                    /lib/x86_64-linux-gnu/libpthread-2.19.so
7f263abb9000-7f263abba000 rw-p 00019000 08:01 5771490                    /lib/x86_64-linux-gnu/libpthread-2.19.so
7f263abba000-7f263abbe000 rw-p 00000000 00:00 0 
7f263abbe000-7f263abe1000 r-xp 00000000 08:01 5771346                    /lib/x86_64-linux-gnu/ld-2.19.so
7f263abe7000-7f263abee000 r--s 00000000 08:01 1967077                    /usr/lib/x86_64-linux-gnu/gconv/gconv-modules.cache
7f263abee000-7f263acba000 rw-p 00000000 00:00 0 
7f263acba000-7f263acbd000 ---p 00000000 00:00 0 
7f263acbd000-7f263adbf000 rw-p 00000000 00:00 0                          [stack:11045]
7f263adc4000-7f263adc5000 rw-p 00000000 00:00 0 
7f263adc5000-7f263add4000 r--s 000df000 08:01 10635452                   /home/tomasz/Android/Sdk/build-tools/23.0.2/lib/dx.jar
7f263add4000-7f263addc000 rw-s 00000000 08:01 6691521                    /tmp/hsperfdata_tomasz/11044
7f263addc000-7f263addd000 rw-p 00000000 00:00 0 
7f263addd000-7f263adde000 ---p 00000000 00:00 0 
7f263adde000-7f263ade0000 rw-p 00000000 00:00 0 
7f263ade0000-7f263ade1000 r--p 00022000 08:01 5771346                    /lib/x86_64-linux-gnu/ld-2.19.so
7f263ade1000-7f263ade2000 rw-p 00023000 08:01 5771346                    /lib/x86_64-linux-gnu/ld-2.19.so
7f263ade2000-7f263ade3000 rw-p 00000000 00:00 0 
7fff7b525000-7fff7b546000 rw-p 00000000 00:00 0                          [stack]
7fff7b5e3000-7fff7b5e5000 r--p 00000000 00:00 0                          [vvar]
7fff7b5e5000-7fff7b5e7000 r-xp 00000000 00:00 0                          [vdso]
ffffffffff600000-ffffffffff601000 r-xp 00000000 00:00 0                  [vsyscall]

VM Arguments:
jvm_args: -Djava.awt.headless=true -Xmx2g -Dfile.encoding=UTF-8 -Duser.country=PL -Duser.language=pl -Duser.variant 
java_command: com.android.dx.command.Main --dex --num-threads=4 --multi-dex --main-dex-list /home/tomasz/AndroidStudioProjects/ITAssistant/app/build/intermediates/multi-dex/debug/maindexlist.txt --output /home/tomasz/AndroidStudioProjects/ITAssistant/app/build/intermediates/transforms/dex/debug/folders/1000/1f/main /home/tomasz/AndroidStudioProjects/ITAssistant/app/build/intermediates/transforms/jarMerging/debug/jars/1/1f/combined.jar
java_class_path (initial): /home/tomasz/Android/Sdk/build-tools/23.0.2/lib/dx.jar
Launcher Type: SUN_STANDARD

Environment Variables:
PATH=/usr/local/sbin:/usr/local/bin:/usr/sbin:/usr/bin:/sbin:/bin:/usr/games:/usr/local/games
LD_LIBRARY_PATH=.:
SHELL=/bin/bash
DISPLAY=:0

Signal Handlers:
SIGSEGV: [libjvm.so+0xaba2a0], sa_mask[0]=11111111011111111101111111111110, sa_flags=SA_RESTART|SA_SIGINFO
SIGBUS: [libjvm.so+0xaba2a0], sa_mask[0]=11111111011111111101111111111110, sa_flags=SA_RESTART|SA_SIGINFO
SIGFPE: [libjvm.so+0x917710], sa_mask[0]=11111111011111111101111111111110, sa_flags=SA_RESTART|SA_SIGINFO
SIGPIPE: [libjvm.so+0x917710], sa_mask[0]=11111111011111111101111111111110, sa_flags=SA_RESTART|SA_SIGINFO
SIGXFSZ: [libjvm.so+0x917710], sa_mask[0]=11111111011111111101111111111110, sa_flags=SA_RESTART|SA_SIGINFO
SIGILL: [libjvm.so+0x917710], sa_mask[0]=11111111011111111101111111111110, sa_flags=SA_RESTART|SA_SIGINFO
SIGUSR1: SIG_DFL, sa_mask[0]=00000000000000000000000000000000, sa_flags=none
SIGUSR2: [libjvm.so+0x918d40], sa_mask[0]=00100000000000000000000000000000, sa_flags=SA_RESTART|SA_SIGINFO
SIGHUP: [libjvm.so+0x91a140], sa_mask[0]=11111111011111111101111111111110, sa_flags=SA_RESTART|SA_SIGINFO
SIGINT: [libjvm.so+0x91a140], sa_mask[0]=11111111011111111101111111111110, sa_flags=SA_RESTART|SA_SIGINFO
SIGTERM: [libjvm.so+0x91a140], sa_mask[0]=11111111011111111101111111111110, sa_flags=SA_RESTART|SA_SIGINFO
SIGQUIT: [libjvm.so+0x91a140], sa_mask[0]=11111111011111111101111111111110, sa_flags=SA_RESTART|SA_SIGINFO


---------------  S Y S T E M  ---------------

OS:DISTRIB_ID=Ubuntu
DISTRIB_RELEASE=14.04
DISTRIB_CODENAME=trusty
DISTRIB_DESCRIPTION="Ubuntu 14.04.3 LTS"

uname:Linux 3.19.0-42-generic #48~14.04.1-Ubuntu SMP Fri Dec 18 10:24:49 UTC 2015 x86_64
libc:glibc 2.19 NPTL 2.19 
rlimit: STACK 8192k, CORE 0k, NPROC 23202, NOFILE 4096, AS infinity
load average:3,91 1,59 1,29

/proc/meminfo:
MemTotal:        5961332 kB
MemFree:          121404 kB
MemAvailable:     165336 kB
Buffers:            7484 kB
Cached:           525768 kB
SwapCached:            0 kB
Active:          5197296 kB
Inactive:         430568 kB
Active(anon):    5104412 kB
Inactive(anon):   338288 kB
Active(file):      92884 kB
Inactive(file):    92280 kB
Unevictable:        1484 kB
Mlocked:            1484 kB
SwapTotal:             0 kB
SwapFree:              0 kB
Dirty:              1764 kB
Writeback:             0 kB
AnonPages:       5096432 kB
Mapped:           176496 kB
Shmem:            347824 kB
Slab:              94408 kB
SReclaimable:      55388 kB
SUnreclaim:        39020 kB
KernelStack:       11552 kB
PageTables:        51656 kB
NFS_Unstable:          0 kB
Bounce:                0 kB
WritebackTmp:          0 kB
CommitLimit:     2980664 kB
Committed_AS:    9889412 kB
VmallocTotal:   34359738367 kB
VmallocUsed:      557924 kB
VmallocChunk:   34359165916 kB
HardwareCorrupted:     0 kB
AnonHugePages:   2273280 kB
CmaTotal:              0 kB
CmaFree:               0 kB
HugePages_Total:       0
HugePages_Free:        0
HugePages_Rsvd:        0
HugePages_Surp:        0
Hugepagesize:       2048 kB
DirectMap4k:      180480 kB
DirectMap2M:     5959680 kB


CPU:total 4 (2 cores per cpu, 2 threads per core) family 6 model 42 stepping 7, cmov, cx8, fxsr, mmx, sse, sse2, sse3, ssse3, sse4.1, sse4.2, popcnt, avx, aes, clmul, ht, tsc, tscinvbit

/proc/cpuinfo:
processor	: 0
vendor_id	: GenuineIntel
cpu family	: 6
model		: 42
model name	: Intel(R) Core(TM) i5-2450M CPU @ 2.50GHz
stepping	: 7
microcode	: 0x25
cpu MHz		: 2899.902
cache size	: 3072 KB
physical id	: 0
siblings	: 4
core id		: 0
cpu cores	: 2
apicid		: 0
initial apicid	: 0
fpu		: yes
fpu_exception	: yes
cpuid level	: 13
wp		: yes
flags		: fpu vme de pse tsc msr pae mce cx8 apic sep mtrr pge mca cmov pat pse36 clflush dts acpi mmx fxsr sse sse2 ss ht tm pbe syscall nx rdtscp lm constant_tsc arch_perfmon pebs bts rep_good nopl xtopology nonstop_tsc aperfmperf eagerfpu pni pclmulqdq dtes64 monitor ds_cpl vmx est tm2 ssse3 cx16 xtpr pdcm pcid sse4_1 sse4_2 x2apic popcnt tsc_deadline_timer aes xsave avx lahf_lm ida arat epb pln pts dtherm tpr_shadow vnmi flexpriority ept vpid xsaveopt
bugs		:
bogomips	: 4989.09
clflush size	: 64
cache_alignment	: 64
address sizes	: 36 bits physical, 48 bits virtual
power management:

processor	: 1
vendor_id	: GenuineIntel
cpu family	: 6
model		: 42
model name	: Intel(R) Core(TM) i5-2450M CPU @ 2.50GHz
stepping	: 7
microcode	: 0x25
cpu MHz		: 3041.113
cache size	: 3072 KB
physical id	: 0
siblings	: 4
core id		: 0
cpu cores	: 2
apicid		: 1
initial apicid	: 1
fpu		: yes
fpu_exception	: yes
cpuid level	: 13
wp		: yes
flags		: fpu vme de pse tsc msr pae mce cx8 apic sep mtrr pge mca cmov pat pse36 clflush dts acpi mmx fxsr sse sse2 ss ht tm pbe syscall nx rdtscp lm constant_tsc arch_perfmon pebs bts rep_good nopl xtopology nonstop_tsc aperfmperf eagerfpu pni pclmulqdq dtes64 monitor ds_cpl vmx est tm2 ssse3 cx16 xtpr pdcm pcid sse4_1 sse4_2 x2apic popcnt tsc_deadline_timer aes xsave avx lahf_lm ida arat epb pln pts dtherm tpr_shadow vnmi flexpriority ept vpid xsaveopt
bugs		:
bogomips	: 4989.09
clflush size	: 64
cache_alignment	: 64
address sizes	: 36 bits physical, 48 bits virtual
power management:

processor	: 2
vendor_id	: GenuineIntel
cpu family	: 6
model		: 42
model name	: Intel(R) Core(TM) i5-2450M CPU @ 2.50GHz
stepping	: 7
microcode	: 0x25
cpu MHz		: 2055.078
cache size	: 3072 KB
physical id	: 0
siblings	: 4
core id		: 1
cpu cores	: 2
apicid		: 2
initial apicid	: 2
fpu		: yes
fpu_exception	: yes
cpuid level	: 13
wp		: yes
flags		: fpu vme de pse tsc msr pae mce cx8 apic sep mtrr pge mca cmov pat pse36 clflush dts acpi mmx fxsr sse sse2 ss ht tm pbe syscall nx rdtscp lm constant_tsc arch_perfmon pebs bts rep_good nopl xtopology nonstop_tsc aperfmperf eagerfpu pni pclmulqdq dtes64 monitor ds_cpl vmx est tm2 ssse3 cx16 xtpr pdcm pcid sse4_1 sse4_2 x2apic popcnt tsc_deadline_timer aes xsave avx lahf_lm ida arat epb pln pts dtherm tpr_shadow vnmi flexpriority ept vpid xsaveopt
bugs		:
bogomips	: 4989.09
clflush size	: 64
cache_alignment	: 64
address sizes	: 36 bits physical, 48 bits virtual
power management:

processor	: 3
vendor_id	: GenuineIntel
cpu family	: 6
model		: 42
model name	: Intel(R) Core(TM) i5-2450M CPU @ 2.50GHz
stepping	: 7
microcode	: 0x25
cpu MHz		: 2900.000
cache size	: 3072 KB
physical id	: 0
siblings	: 4
core id		: 1
cpu cores	: 2
apicid		: 3
initial apicid	: 3
fpu		: yes
fpu_exception	: yes
cpuid level	: 13
wp		: yes
flags		: fpu vme de pse tsc msr pae mce cx8 apic sep mtrr pge mca cmov pat pse36 clflush dts acpi mmx fxsr sse sse2 ss ht tm pbe syscall nx rdtscp lm constant_tsc arch_perfmon pebs bts rep_good nopl xtopology nonstop_tsc aperfmperf eagerfpu pni pclmulqdq dtes64 monitor ds_cpl vmx est tm2 ssse3 cx16 xtpr pdcm pcid sse4_1 sse4_2 x2apic popcnt tsc_deadline_timer aes xsave avx lahf_lm ida arat epb pln pts dtherm tpr_shadow vnmi flexpriority ept vpid xsaveopt
bugs		:
bogomips	: 4989.09
clflush size	: 64
cache_alignment	: 64
address sizes	: 36 bits physical, 48 bits virtual
power management:



Memory: 4k page, physical 5961332k(121404k free), swap 0k(0k free)

vm_info: Java HotSpot(TM) 64-Bit Server VM (25.66-b17) for linux-amd64 JRE (1.8.0_66-b17), built on Oct  6 2015 17:28:34 by "java_re" with gcc 4.3.0 20080428 (Red Hat 4.3.0-8)

time: Wed Jan  6 18:22:13 2016
elapsed time: 31 seconds (0d 0h 0m 31s)

