#
# There is insufficient memory for the Java Runtime Environment to continue.
# Native memory allocation (mmap) failed to map 243793920 bytes for committing reserved memory.
# Possible reasons:
#   The system is out of physical RAM or swap space
#   In 32 bit mode, the process size limit was hit
# Possible solutions:
#   Reduce memory load on the system
#   Increase physical memory or swap space
#   Check if swap backing store is full
#   Use 64 bit Java on a 64 bit OS
#   Decrease Java heap size (-Xmx/-Xms)
#   Decrease number of Java threads
#   Decrease Java thread stack sizes (-Xss)
#   Set larger code cache with -XX:ReservedCodeCacheSize=
# This output file may be truncated or incomplete.
#
#  Out of Memory Error (os_linux.cpp:2627), pid=10687, tid=140672199513856
#
# JRE version: Java(TM) SE Runtime Environment (8.0_66-b17) (build 1.8.0_66-b17)
# Java VM: Java HotSpot(TM) 64-Bit Server VM (25.66-b17 mixed mode linux-amd64 compressed oops)
# Failed to write core dump. Core dumps have been disabled. To enable core dumping, try "ulimit -c unlimited" before starting Java again
#

---------------  T H R E A D  ---------------

Current thread (0x00007ff0dc078000):  VMThread [stack: 0x00007ff0cc6b5000,0x00007ff0cc7b6000] [id=10696]

Stack: [0x00007ff0cc6b5000,0x00007ff0cc7b6000],  sp=0x00007ff0cc7b41e0,  free space=1020k
Native frames: (J=compiled Java code, j=interpreted, Vv=VM code, C=native code)
V  [libjvm.so+0xab9a1a]  VMError::report_and_die()+0x2ba
V  [libjvm.so+0x4f9e0b]  report_vm_out_of_memory(char const*, int, unsigned long, VMErrorType, char const*)+0x8b
V  [libjvm.so+0x91a8a3]  os::Linux::commit_memory_impl(char*, unsigned long, bool)+0x103
V  [libjvm.so+0x91adf9]  os::pd_commit_memory(char*, unsigned long, unsigned long, bool)+0x29
V  [libjvm.so+0x91510a]  os::commit_memory(char*, unsigned long, unsigned long, bool)+0x2a
V  [libjvm.so+0x9887a3]  PSVirtualSpace::expand_by(unsigned long)+0x53
V  [libjvm.so+0x979090]  PSOldGen::expand(unsigned long)+0x170
V  [libjvm.so+0x97929b]  PSOldGen::resize(unsigned long)+0x1cb
V  [libjvm.so+0x980f71]  PSParallelCompact::invoke_no_policy(bool)+0x991
V  [libjvm.so+0x9868cd]  PSScavenge::invoke()+0x1ad
V  [libjvm.so+0x93e500]  ParallelScavengeHeap::failed_mem_allocate(unsigned long)+0x70
V  [libjvm.so+0xabb437]  VM_ParallelGCFailedAllocation::doit()+0x97
V  [libjvm.so+0xac2e65]  VM_Operation::evaluate()+0x55
V  [libjvm.so+0xac123a]  VMThread::evaluate_operation(VM_Operation*)+0xba
V  [libjvm.so+0xac15be]  VMThread::loop()+0x1ce
V  [libjvm.so+0xac1a30]  VMThread::run()+0x70
V  [libjvm.so+0x91cc68]  java_start(Thread*)+0x108

VM_Operation (0x00007ff0af219a30): ParallelGCFailedAllocation, mode: safepoint, requested by thread 0x00007ff0dc1a9000


---------------  P R O C E S S  ---------------

Java Threads: ( => current thread )
  0x00007ff0dc13b000 JavaThread "pool-1-thread-1" [_thread_blocked, id=10715, stack(0x00007ff0aef19000,0x00007ff0af01a000)]
  0x00007ff0dc1ab000 JavaThread "pool-2-thread-4" [_thread_blocked, id=10709, stack(0x00007ff0af01a000,0x00007ff0af11b000)]
  0x00007ff0dc1a9000 JavaThread "pool-2-thread-3" [_thread_blocked, id=10708, stack(0x00007ff0af11b000,0x00007ff0af21c000)]
  0x00007ff0dc1a7800 JavaThread "pool-2-thread-2" [_thread_blocked, id=10707, stack(0x00007ff0af21c000,0x00007ff0af31d000)]
  0x00007ff0dc1a6800 JavaThread "pool-3-thread-1" [_thread_blocked, id=10706, stack(0x00007ff0af31d000,0x00007ff0af41e000)]
  0x00007ff0dc1a4000 JavaThread "pool-2-thread-1" [_thread_blocked, id=10705, stack(0x00007ff0af41e000,0x00007ff0af51f000)]
  0x00007ff0dc0c2800 JavaThread "Service Thread" daemon [_thread_blocked, id=10703, stack(0x00007ff0af6ec000,0x00007ff0af7ed000)]
  0x00007ff0dc0bd800 JavaThread "C1 CompilerThread2" daemon [_thread_blocked, id=10702, stack(0x00007ff0cc0af000,0x00007ff0cc1b0000)]
  0x00007ff0dc0bb800 JavaThread "C2 CompilerThread1" daemon [_thread_in_native, id=10701, stack(0x00007ff0cc1b0000,0x00007ff0cc2b1000)]
  0x00007ff0dc0b8800 JavaThread "C2 CompilerThread0" daemon [_thread_blocked, id=10700, stack(0x00007ff0cc2b1000,0x00007ff0cc3b2000)]
  0x00007ff0dc0b7800 JavaThread "Signal Dispatcher" daemon [_thread_blocked, id=10699, stack(0x00007ff0cc3b2000,0x00007ff0cc4b3000)]
  0x00007ff0dc07f000 JavaThread "Finalizer" daemon [_thread_blocked, id=10698, stack(0x00007ff0cc4b3000,0x00007ff0cc5b4000)]
  0x00007ff0dc07d000 JavaThread "Reference Handler" daemon [_thread_blocked, id=10697, stack(0x00007ff0cc5b4000,0x00007ff0cc6b5000)]
  0x00007ff0dc00a000 JavaThread "main" [_thread_blocked, id=10691, stack(0x00007ff0e52df000,0x00007ff0e53e0000)]

Other Threads:
=>0x00007ff0dc078000 VMThread [stack: 0x00007ff0cc6b5000,0x00007ff0cc7b6000] [id=10696]
  0x00007ff0dc0c5800 WatcherThread [stack: 0x00007ff0af5eb000,0x00007ff0af6ec000] [id=10704]

VM state:at safepoint (normal execution)

VM Mutex/Monitor currently owned by a thread:  ([mutex/lock_event])
[0x00007ff0dc005ef0] ExpandHeap_lock - owner thread: 0x00007ff0dc078000
[0x00007ff0dc006570] Threads_lock - owner thread: 0x00007ff0dc078000
[0x00007ff0dc006a70] Heap_lock - owner thread: 0x00007ff0dc1a9000

Heap:
 PSYoungGen      total 268800K, used 0K [0x00000000d5580000, 0x00000000ff900000, 0x0000000100000000)
  eden space 232960K, 0% used [0x00000000d5580000,0x00000000d5580000,0x00000000e3900000)
  from space 35840K, 0% used [0x00000000e3900000,0x00000000e3900000,0x00000000e5c00000)
  to   space 229376K, 0% used [0x00000000f1900000,0x00000000f1900000,0x00000000ff900000)
 ParOldGen       total 794624K, used 746226K [0x0000000080000000, 0x00000000b0800000, 0x00000000d5580000)
  object space 794624K, 93% used [0x0000000080000000,0x00000000ad8bca48,0x00000000b0800000)
 Metaspace       used 6701K, capacity 7384K, committed 7680K, reserved 1056768K
  class space    used 623K, capacity 656K, committed 768K, reserved 1048576K

Card table byte_map: [0x00007ff0e1cab000,0x00007ff0e20ac000] byte_map_base: 0x00007ff0e18ab000

Marking Bits: (ParMarkBitMap*) 0x00007ff0e47bb020
 Begin Bits: [0x00007ff0c4000000, 0x00007ff0c6000000)
 End Bits:   [0x00007ff0c6000000, 0x00007ff0c8000000)

Polling page: 0x00007ff0e5402000

CodeCache: size=245760Kb used=11936Kb max_used=11962Kb free=233823Kb
 bounds [0x00007ff0cd000000, 0x00007ff0cdc10000, 0x00007ff0dc000000]
 total_blobs=2694 nmethods=2425 adapters=182
 compilation: enabled

Compilation events (10 events):
Event: 30,702 Thread 0x00007ff0dc0bd800 3099       2       java.lang.Class::getName (21 bytes)
Event: 30,702 Thread 0x00007ff0dc0bd800 nmethod 3099 0x00007ff0cd73b990 code [0x00007ff0cd73bb00, 0x00007ff0cd73bca8]
Event: 30,712 Thread 0x00007ff0dc0bd800 3100       2       java.util.HashMap$TreeNode::split (218 bytes)
Event: 30,714 Thread 0x00007ff0dc0bd800 nmethod 3100 0x00007ff0cd38c050 code [0x00007ff0cd38c240, 0x00007ff0cd38c958]
Event: 30,715 Thread 0x00007ff0dc0bd800 3101       2       java.util.HashMap::replacementNode (21 bytes)
Event: 30,715 Thread 0x00007ff0dc0bd800 nmethod 3101 0x00007ff0cd547910 code [0x00007ff0cd547a80, 0x00007ff0cd547c70]
Event: 30,716 Thread 0x00007ff0dc0bd800 3102       2       java.util.HashMap$TreeNode::untreeify (52 bytes)
Event: 30,717 Thread 0x00007ff0dc0bd800 nmethod 3102 0x00007ff0cd6e93d0 code [0x00007ff0cd6e9540, 0x00007ff0cd6e97a8]
Event: 30,880 Thread 0x00007ff0dc0b8800 nmethod 3096 0x00007ff0cdbfb6d0 code [0x00007ff0cdbfbb60, 0x00007ff0cdbff400]
Event: 30,880 Thread 0x00007ff0dc0b8800 3098       4       com.android.dx.dex.code.OutputFinisher::addConstants (93 bytes)

GC Heap History (10 events):
Event: 27,209 GC heap after
Heap after GC invocations=24 (full 5):
 PSYoungGen      total 465920K, used 76386K [0x00000000d5580000, 0x0000000100000000, 0x0000000100000000)
  eden space 232960K, 0% used [0x00000000d5580000,0x00000000d5580000,0x00000000e3900000)
  from space 232960K, 32% used [0x00000000e3900000,0x00000000e8398900,0x00000000f1c80000)
  to   space 232960K, 0% used [0x00000000f1c80000,0x00000000f1c80000,0x0000000100000000)
 ParOldGen       total 794624K, used 548325K [0x0000000080000000, 0x00000000b0800000, 0x00000000d5580000)
  object space 794624K, 69% used [0x0000000080000000,0x00000000a1779560,0x00000000b0800000)
 Metaspace       used 6590K, capacity 7320K, committed 7680K, reserved 1056768K
  class space    used 617K, capacity 656K, committed 768K, reserved 1048576K
}
Event: 27,925 GC heap before
{Heap before GC invocations=25 (full 5):
 PSYoungGen      total 465920K, used 309346K [0x00000000d5580000, 0x0000000100000000, 0x0000000100000000)
  eden space 232960K, 100% used [0x00000000d5580000,0x00000000e3900000,0x00000000e3900000)
  from space 232960K, 32% used [0x00000000e3900000,0x00000000e8398900,0x00000000f1c80000)
  to   space 232960K, 0% used [0x00000000f1c80000,0x00000000f1c80000,0x0000000100000000)
 ParOldGen       total 794624K, used 548325K [0x0000000080000000, 0x00000000b0800000, 0x00000000d5580000)
  object space 794624K, 69% used [0x0000000080000000,0x00000000a1779560,0x00000000b0800000)
 Metaspace       used 6590K, capacity 7320K, committed 7680K, reserved 1056768K
  class space    used 617K, capacity 656K, committed 768K, reserved 1048576K
Event: 28,240 GC heap after
Heap after GC invocations=25 (full 5):
 PSYoungGen      total 465920K, used 56920K [0x00000000d5580000, 0x0000000100000000, 0x0000000100000000)
  eden space 232960K, 0% used [0x00000000d5580000,0x00000000d5580000,0x00000000e3900000)
  from space 232960K, 24% used [0x00000000f1c80000,0x00000000f5416200,0x0000000100000000)
  to   space 232960K, 0% used [0x00000000e3900000,0x00000000e3900000,0x00000000f1c80000)
 ParOldGen       total 794624K, used 605341K [0x0000000080000000, 0x00000000b0800000, 0x00000000d5580000)
  object space 794624K, 76% used [0x0000000080000000,0x00000000a4f276e8,0x00000000b0800000)
 Metaspace       used 6590K, capacity 7320K, committed 7680K, reserved 1056768K
  class space    used 617K, capacity 656K, committed 768K, reserved 1048576K
}
Event: 29,129 GC heap before
{Heap before GC invocations=26 (full 5):
 PSYoungGen      total 465920K, used 289880K [0x00000000d5580000, 0x0000000100000000, 0x0000000100000000)
  eden space 232960K, 100% used [0x00000000d5580000,0x00000000e3900000,0x00000000e3900000)
  from space 232960K, 24% used [0x00000000f1c80000,0x00000000f5416200,0x0000000100000000)
  to   space 232960K, 0% used [0x00000000e3900000,0x00000000e3900000,0x00000000f1c80000)
 ParOldGen       total 794624K, used 605341K [0x0000000080000000, 0x00000000b0800000, 0x00000000d5580000)
  object space 794624K, 76% used [0x0000000080000000,0x00000000a4f276e8,0x00000000b0800000)
 Metaspace       used 6662K, capacity 7384K, committed 7680K, reserved 1056768K
  class space    used 621K, capacity 656K, committed 768K, reserved 1048576K
Event: 29,287 GC heap after
Heap after GC invocations=26 (full 5):
 PSYoungGen      total 465920K, used 37586K [0x00000000d5580000, 0x0000000100000000, 0x0000000100000000)
  eden space 232960K, 0% used [0x00000000d5580000,0x00000000d5580000,0x00000000e3900000)
  from space 232960K, 16% used [0x00000000e3900000,0x00000000e5db48a0,0x00000000f1c80000)
  to   space 232960K, 0% used [0x00000000f1c80000,0x00000000f1c80000,0x0000000100000000)
 ParOldGen       total 794624K, used 659782K [0x0000000080000000, 0x00000000b0800000, 0x00000000d5580000)
  object space 794624K, 83% used [0x0000000080000000,0x00000000a8451830,0x00000000b0800000)
 Metaspace       used 6662K, capacity 7384K, committed 7680K, reserved 1056768K
  class space    used 621K, capacity 656K, committed 768K, reserved 1048576K
}
Event: 29,971 GC heap before
{Heap before GC invocations=27 (full 5):
 PSYoungGen      total 465920K, used 270546K [0x00000000d5580000, 0x0000000100000000, 0x0000000100000000)
  eden space 232960K, 100% used [0x00000000d5580000,0x00000000e3900000,0x00000000e3900000)
  from space 232960K, 16% used [0x00000000e3900000,0x00000000e5db48a0,0x00000000f1c80000)
  to   space 232960K, 0% used [0x00000000f1c80000,0x00000000f1c80000,0x0000000100000000)
 ParOldGen       total 794624K, used 659782K [0x0000000080000000, 0x00000000b0800000, 0x00000000d5580000)
  object space 794624K, 83% used [0x0000000080000000,0x00000000a8451830,0x00000000b0800000)
 Metaspace       used 6697K, capacity 7384K, committed 7680K, reserved 1056768K
  class space    used 623K, capacity 656K, committed 768K, reserved 1048576K
Event: 30,110 GC heap after
Heap after GC invocations=27 (full 5):
 PSYoungGen      total 465920K, used 33601K [0x00000000d5580000, 0x0000000100000000, 0x0000000100000000)
  eden space 232960K, 0% used [0x00000000d5580000,0x00000000d5580000,0x00000000e3900000)
  from space 232960K, 14% used [0x00000000f1c80000,0x00000000f3d504a8,0x0000000100000000)
  to   space 232960K, 0% used [0x00000000e3900000,0x00000000e3900000,0x00000000f1c80000)
 ParOldGen       total 794624K, used 694140K [0x0000000080000000, 0x00000000b0800000, 0x00000000d5580000)
  object space 794624K, 87% used [0x0000000080000000,0x00000000aa5df218,0x00000000b0800000)
 Metaspace       used 6697K, capacity 7384K, committed 7680K, reserved 1056768K
  class space    used 623K, capacity 656K, committed 768K, reserved 1048576K
}
Event: 30,939 GC heap before
{Heap before GC invocations=28 (full 5):
 PSYoungGen      total 465920K, used 266561K [0x00000000d5580000, 0x0000000100000000, 0x0000000100000000)
  eden space 232960K, 100% used [0x00000000d5580000,0x00000000e3900000,0x00000000e3900000)
  from space 232960K, 14% used [0x00000000f1c80000,0x00000000f3d504a8,0x0000000100000000)
  to   space 232960K, 0% used [0x00000000e3900000,0x00000000e3900000,0x00000000f1c80000)
 ParOldGen       total 794624K, used 694140K [0x0000000080000000, 0x00000000b0800000, 0x00000000d5580000)
  object space 794624K, 87% used [0x0000000080000000,0x00000000aa5df218,0x00000000b0800000)
 Metaspace       used 6701K, capacity 7384K, committed 7680K, reserved 1056768K
  class space    used 623K, capacity 656K, committed 768K, reserved 1048576K
Event: 31,080 GC heap after
Heap after GC invocations=28 (full 5):
 PSYoungGen      total 268800K, used 35728K [0x00000000d5580000, 0x00000000ff900000, 0x0000000100000000)
  eden space 232960K, 0% used [0x00000000d5580000,0x00000000d5580000,0x00000000e3900000)
  from space 35840K, 99% used [0x00000000e3900000,0x00000000e5be42c0,0x00000000e5c00000)
  to   space 229376K, 0% used [0x00000000f1900000,0x00000000f1900000,0x00000000ff900000)
 ParOldGen       total 794624K, used 726777K [0x0000000080000000, 0x00000000b0800000, 0x00000000d5580000)
  object space 794624K, 91% used [0x0000000080000000,0x00000000ac5be750,0x00000000b0800000)
 Metaspace       used 6701K, capacity 7384K, committed 7680K, reserved 1056768K
  class space    used 623K, capacity 656K, committed 768K, reserved 1048576K
}
Event: 31,080 GC heap before
{Heap before GC invocations=29 (full 6):
 PSYoungGen      total 268800K, used 35728K [0x00000000d5580000, 0x00000000ff900000, 0x0000000100000000)
  eden space 232960K, 0% used [0x00000000d5580000,0x00000000d5580000,0x00000000e3900000)
  from space 35840K, 99% used [0x00000000e3900000,0x00000000e5be42c0,0x00000000e5c00000)
  to   space 229376K, 0% used [0x00000000f1900000,0x00000000f1900000,0x00000000ff900000)
 ParOldGen       total 794624K, used 726777K [0x0000000080000000, 0x00000000b0800000, 0x00000000d5580000)
  object space 794624K, 91% used [0x0000000080000000,0x00000000ac5be750,0x00000000b0800000)
 Metaspace       used 6701K, capacity 7384K, committed 7680K, reserved 1056768K
  class space    used 623K, capacity 656K, committed 768K, reserved 1048576K

Deoptimization events (10 events):
Event: 29,855 Thread 0x00007ff0dc1a9000 Uncommon trap: reason=bimorphic action=maybe_recompile pc=0x00007ff0cd66db40 method=com.android.dx.ssa.back.FirstFitLocalCombiningAllocator.findNextUnreservedRopReg(IILcom/android/dx/ssa/back/FirstFitLocalCombiningAllocator$Alignment;)I @ 60
Event: 29,870 Thread 0x00007ff0dc1a9000 Uncommon trap: reason=bimorphic action=maybe_recompile pc=0x00007ff0cd66db40 method=com.android.dx.ssa.back.FirstFitLocalCombiningAllocator.findNextUnreservedRopReg(IILcom/android/dx/ssa/back/FirstFitLocalCombiningAllocator$Alignment;)I @ 60
Event: 30,185 Thread 0x00007ff0dc13b000 Uncommon trap: reason=unstable_if action=reinterpret pc=0x00007ff0cd310de8 method=com.android.dx.dex.code.OutputFinisher.addConstants(Ljava/util/HashSet;Lcom/android/dx/rop/code/RegisterSpec;)V @ 57
Event: 30,253 Thread 0x00007ff0dc1ab000 Uncommon trap: reason=unstable_if action=reinterpret pc=0x00007ff0cd2533b4 method=java.util.ArrayList.<init>(I)V @ 5
Event: 30,254 Thread 0x00007ff0dc1ab000 Uncommon trap: reason=unstable_if action=reinterpret pc=0x00007ff0cd2ff0c4 method=java.util.ArrayList.<init>(I)V @ 5
Event: 30,439 Thread 0x00007ff0dc1ab000 Uncommon trap: reason=unstable_if action=reinterpret pc=0x00007ff0cd244574 method=com.android.dx.ssa.SsaMethod.makeExitBlock()V @ 103
Event: 30,439 Thread 0x00007ff0dc1ab000 Uncommon trap: reason=unstable_if action=reinterpret pc=0x00007ff0cdb7ecc0 method=com.android.dx.ssa.SsaMethod.getExitBlock()Lcom/android/dx/ssa/SsaBasicBlock; @ 4
Event: 30,440 Thread 0x00007ff0dc1ab000 Uncommon trap: reason=unstable_if action=reinterpret pc=0x00007ff0cda800e8 method=com.android.dx.ssa.SsaMethod.getExitBlock()Lcom/android/dx/ssa/SsaBasicBlock; @ 4
Event: 30,530 Thread 0x00007ff0dc1ab000 Uncommon trap: reason=bimorphic action=maybe_recompile pc=0x00007ff0cd66db40 method=com.android.dx.ssa.back.FirstFitLocalCombiningAllocator.findNextUnreservedRopReg(IILcom/android/dx/ssa/back/FirstFitLocalCombiningAllocator$Alignment;)I @ 60
Event: 30,564 Thread 0x00007ff0dc13b000 Uncommon trap: reason=unstable_if action=reinterpret pc=0x00007ff0cdbf4068 method=com.android.dx.dex.code.OutputFinisher.addConstants(Ljava/util/HashSet;Lcom/android/dx/rop/code/RegisterSpec;)V @ 32

Internal exceptions (10 events):
Event: 1,878 Thread 0x00007ff0dc1a4000 Implicit null exception at 0x00007ff0cd5944c6 to 0x00007ff0cd5982e9
Event: 1,879 Thread 0x00007ff0dc1a4000 Implicit null exception at 0x00007ff0cd5aeacb to 0x00007ff0cd5b153d
Event: 2,173 Thread 0x00007ff0dc00a000 Exception <a 'java/lang/ArrayIndexOutOfBoundsException': 18> (0x00000000d64a9498) thrown at [/HUDSON/workspace/8-2-build-linux-amd64/jdk8u66/4988/hotspot/src/share/vm/interpreter/interpreterRuntime.cpp, line 366]
Event: 2,174 Thread 0x00007ff0dc00a000 Exception <a 'java/lang/ArrayIndexOutOfBoundsException': 145> (0x00000000d64ab018) thrown at [/HUDSON/workspace/8-2-build-linux-amd64/jdk8u66/4988/hotspot/src/share/vm/interpreter/interpreterRuntime.cpp, line 366]
Event: 2,175 Thread 0x00007ff0dc00a000 Exception <a 'java/lang/ArrayIndexOutOfBoundsException': 40> (0x00000000d64ac300) thrown at [/HUDSON/workspace/8-2-build-linux-amd64/jdk8u66/4988/hotspot/src/share/vm/interpreter/interpreterRuntime.cpp, line 366]
Event: 8,378 Thread 0x00007ff0dc1ab000 Implicit null exception at 0x00007ff0cd94f897 to 0x00007ff0cd95415d
Event: 9,175 Thread 0x00007ff0dc1a7800 Implicit null exception at 0x00007ff0cd9b1ff0 to 0x00007ff0cd9b50e1
Event: 12,497 Thread 0x00007ff0dc1a4000 Implicit null exception at 0x00007ff0cdaad2ea to 0x00007ff0cdab2549
Event: 27,466 Thread 0x00007ff0dc1ab000 Implicit null exception at 0x00007ff0cd66625f to 0x00007ff0cd6666dd
Event: 27,466 Thread 0x00007ff0dc1ab000 Implicit null exception at 0x00007ff0cd68b313 to 0x00007ff0cd68b66d

Events (10 events):
Event: 30,832 Thread 0x00007ff0dc1ab000 DEOPT UNPACKING pc=0x00007ff0cd047633 sp=0x00007ff0af118a00 mode 0
Event: 30,851 Thread 0x00007ff0dc1a4000 DEOPT PACKING pc=0x00007ff0cd5aa456 sp=0x00007ff0af51cda0
Event: 30,851 Thread 0x00007ff0dc1a4000 DEOPT UNPACKING pc=0x00007ff0cd047633 sp=0x00007ff0af51cc00 mode 0
Event: 30,882 Thread 0x00007ff0dc00a000 DEOPT PACKING pc=0x00007ff0cd5aa589 sp=0x00007ff0e53dd5b0
Event: 30,882 Thread 0x00007ff0dc00a000 DEOPT UNPACKING pc=0x00007ff0cd047633 sp=0x00007ff0e53dd410 mode 0
Event: 30,910 Thread 0x00007ff0dc1a9000 DEOPT PACKING pc=0x00007ff0cd24271b sp=0x00007ff0af219d70
Event: 30,910 Thread 0x00007ff0dc1a9000 DEOPT UNPACKING pc=0x00007ff0cd047633 sp=0x00007ff0af219b50 mode 0
Event: 30,925 Thread 0x00007ff0dc1ab000 DEOPT PACKING pc=0x00007ff0cd5aa25a sp=0x00007ff0af118ba0
Event: 30,925 Thread 0x00007ff0dc1ab000 DEOPT UNPACKING pc=0x00007ff0cd047633 sp=0x00007ff0af118a00 mode 0
Event: 30,939 Executing VM operation: ParallelGCFailedAllocation


Dynamic libraries:
00400000-00401000 r-xp 00000000 08:01 4591374                            /usr/lib/jvm/java-8-oracle/bin/java
00600000-00601000 rw-p 00000000 08:01 4591374                            /usr/lib/jvm/java-8-oracle/bin/java
01d67000-01d88000 rw-p 00000000 00:00 0                                  [heap]
80000000-b0800000 rw-p 00000000 00:00 0 
bf080000-d5580000 ---p 00000000 00:00 0 
d5580000-ff900000 rw-p 00000000 00:00 0 
ff900000-100000000 ---p 00000000 00:00 0 
100000000-1000c0000 rw-p 00000000 00:00 0 
1000c0000-140000000 ---p 00000000 00:00 0 
7ff074000000-7ff074021000 rw-p 00000000 00:00 0 
7ff074021000-7ff078000000 ---p 00000000 00:00 0 
7ff07c000000-7ff07c036000 rw-p 00000000 00:00 0 
7ff07c036000-7ff080000000 ---p 00000000 00:00 0 
7ff080000000-7ff080026000 rw-p 00000000 00:00 0 
7ff080026000-7ff084000000 ---p 00000000 00:00 0 
7ff084000000-7ff084021000 rw-p 00000000 00:00 0 
7ff084021000-7ff088000000 ---p 00000000 00:00 0 
7ff088000000-7ff08804f000 rw-p 00000000 00:00 0 
7ff08804f000-7ff08c000000 ---p 00000000 00:00 0 
7ff08c000000-7ff08c021000 rw-p 00000000 00:00 0 
7ff08c021000-7ff090000000 ---p 00000000 00:00 0 
7ff090000000-7ff090039000 rw-p 00000000 00:00 0 
7ff090039000-7ff094000000 ---p 00000000 00:00 0 
7ff094000000-7ff094ab0000 rw-p 00000000 00:00 0 
7ff094ab0000-7ff098000000 ---p 00000000 00:00 0 
7ff098000000-7ff098021000 rw-p 00000000 00:00 0 
7ff098021000-7ff09c000000 ---p 00000000 00:00 0 
7ff09c000000-7ff09d52f000 rw-p 00000000 00:00 0 
7ff09d52f000-7ff0a0000000 ---p 00000000 00:00 0 
7ff0a0000000-7ff0a1b74000 rw-p 00000000 00:00 0 
7ff0a1b74000-7ff0a4000000 ---p 00000000 00:00 0 
7ff0a4000000-7ff0a4021000 rw-p 00000000 00:00 0 
7ff0a4021000-7ff0a8000000 ---p 00000000 00:00 0 
7ff0a8000000-7ff0a8021000 rw-p 00000000 00:00 0 
7ff0a8021000-7ff0ac000000 ---p 00000000 00:00 0 
7ff0aef19000-7ff0aef1c000 ---p 00000000 00:00 0 
7ff0aef1c000-7ff0af01a000 rw-p 00000000 00:00 0                          [stack:10715]
7ff0af01a000-7ff0af01d000 ---p 00000000 00:00 0 
7ff0af01d000-7ff0af11b000 rw-p 00000000 00:00 0                          [stack:10709]
7ff0af11b000-7ff0af11e000 ---p 00000000 00:00 0 
7ff0af11e000-7ff0af21c000 rw-p 00000000 00:00 0                          [stack:10708]
7ff0af21c000-7ff0af21f000 ---p 00000000 00:00 0 
7ff0af21f000-7ff0af31d000 rw-p 00000000 00:00 0                          [stack:10707]
7ff0af31d000-7ff0af320000 ---p 00000000 00:00 0 
7ff0af320000-7ff0af41e000 rw-p 00000000 00:00 0                          [stack:10706]
7ff0af41e000-7ff0af421000 ---p 00000000 00:00 0 
7ff0af421000-7ff0af51f000 rw-p 00000000 00:00 0                          [stack:10705]
7ff0af51f000-7ff0af5eb000 r--s 00aca000 08:01 7093012                    /home/tomasz/AndroidStudioProjects/ITAssistant/app/build/intermediates/transforms/jarMerging/debug/jars/1/1f/combined.jar
7ff0af5eb000-7ff0af5ec000 ---p 00000000 00:00 0 
7ff0af5ec000-7ff0af6ec000 rw-p 00000000 00:00 0                          [stack:10704]
7ff0af6ec000-7ff0af6ef000 ---p 00000000 00:00 0 
7ff0af6ef000-7ff0af7ed000 rw-p 00000000 00:00 0                          [stack:10703]
7ff0af7ed000-7ff0b0000000 r--p 00000000 08:01 1579663                    /usr/lib/locale/locale-archive
7ff0b0000000-7ff0b028f000 rw-p 00000000 00:00 0 
7ff0b028f000-7ff0b4000000 ---p 00000000 00:00 0 
7ff0b4000000-7ff0b4021000 rw-p 00000000 00:00 0 
7ff0b4021000-7ff0b8000000 ---p 00000000 00:00 0 
7ff0b8000000-7ff0b8021000 rw-p 00000000 00:00 0 
7ff0b8021000-7ff0bc000000 ---p 00000000 00:00 0 
7ff0bc000000-7ff0bc021000 rw-p 00000000 00:00 0 
7ff0bc021000-7ff0c0000000 ---p 00000000 00:00 0 
7ff0c0000000-7ff0c0021000 rw-p 00000000 00:00 0 
7ff0c0021000-7ff0c4000000 ---p 00000000 00:00 0 
7ff0c4000000-7ff0c8000000 rw-p 00000000 00:00 0 
7ff0c8000000-7ff0c8021000 rw-p 00000000 00:00 0 
7ff0c8021000-7ff0cc000000 ---p 00000000 00:00 0 
7ff0cc08a000-7ff0cc0af000 r--p 00000000 08:01 2361987                    /usr/share/locale-langpack/pl/LC_MESSAGES/libc.mo
7ff0cc0af000-7ff0cc0b2000 ---p 00000000 00:00 0 
7ff0cc0b2000-7ff0cc1b0000 rw-p 00000000 00:00 0                          [stack:10702]
7ff0cc1b0000-7ff0cc1b3000 ---p 00000000 00:00 0 
7ff0cc1b3000-7ff0cc2b1000 rw-p 00000000 00:00 0                          [stack:10701]
7ff0cc2b1000-7ff0cc2b4000 ---p 00000000 00:00 0 
7ff0cc2b4000-7ff0cc3b2000 rw-p 00000000 00:00 0                          [stack:10700]
7ff0cc3b2000-7ff0cc3b5000 ---p 00000000 00:00 0 
7ff0cc3b5000-7ff0cc4b3000 rw-p 00000000 00:00 0                          [stack:10699]
7ff0cc4b3000-7ff0cc4b6000 ---p 00000000 00:00 0 
7ff0cc4b6000-7ff0cc5b4000 rw-p 00000000 00:00 0                          [stack:10698]
7ff0cc5b4000-7ff0cc5b7000 ---p 00000000 00:00 0 
7ff0cc5b7000-7ff0cc6b5000 rw-p 00000000 00:00 0                          [stack:10697]
7ff0cc6b5000-7ff0cc6b6000 ---p 00000000 00:00 0 
7ff0cc6b6000-7ff0cd000000 rw-p 00000000 00:00 0                          [stack:10696]
7ff0cd000000-7ff0cdc10000 rwxp 00000000 00:00 0 
7ff0cdc10000-7ff0dc000000 ---p 00000000 00:00 0 
7ff0dc000000-7ff0dc3de000 rw-p 00000000 00:00 0 
7ff0dc3de000-7ff0e0000000 ---p 00000000 00:00 0 
7ff0e0015000-7ff0e07ad000 rw-p 00000000 00:00 0 
7ff0e07ad000-7ff0e0986000 r--s 03d20000 08:01 4069182                    /usr/lib/jvm/java-8-oracle/jre/lib/rt.jar
7ff0e0986000-7ff0e10bc000 rw-p 00000000 00:00 0 
7ff0e10bc000-7ff0e11fc000 ---p 00000000 00:00 0 
7ff0e11fc000-7ff0e15fc000 rw-p 00000000 00:00 0 
7ff0e15fc000-7ff0e15fd000 ---p 00000000 00:00 0 
7ff0e15fd000-7ff0e16fd000 rw-p 00000000 00:00 0                          [stack:10695]
7ff0e16fd000-7ff0e16fe000 ---p 00000000 00:00 0 
7ff0e16fe000-7ff0e17fe000 rw-p 00000000 00:00 0                          [stack:10694]
7ff0e17fe000-7ff0e17ff000 ---p 00000000 00:00 0 
7ff0e17ff000-7ff0e18ff000 rw-p 00000000 00:00 0                          [stack:10693]
7ff0e18ff000-7ff0e1900000 ---p 00000000 00:00 0 
7ff0e1900000-7ff0e1b84000 rw-p 00000000 00:00 0                          [stack:10692]
7ff0e1b84000-7ff0e1cab000 ---p 00000000 00:00 0 
7ff0e1cab000-7ff0e1e2f000 rw-p 00000000 00:00 0 
7ff0e1e2f000-7ff0e1f55000 ---p 00000000 00:00 0 
7ff0e1f55000-7ff0e20a8000 rw-p 00000000 00:00 0 
7ff0e20a8000-7ff0e20ab000 ---p 00000000 00:00 0 
7ff0e20ab000-7ff0e20dd000 rw-p 00000000 00:00 0 
7ff0e20dd000-7ff0e246c000 ---p 00000000 00:00 0 
7ff0e246c000-7ff0e2486000 r-xp 00000000 08:01 4069168                    /usr/lib/jvm/java-8-oracle/jre/lib/amd64/libzip.so
7ff0e2486000-7ff0e2686000 ---p 0001a000 08:01 4069168                    /usr/lib/jvm/java-8-oracle/jre/lib/amd64/libzip.so
7ff0e2686000-7ff0e2687000 rw-p 0001a000 08:01 4069168                    /usr/lib/jvm/java-8-oracle/jre/lib/amd64/libzip.so
7ff0e2687000-7ff0e2692000 r-xp 00000000 08:01 5771445                    /lib/x86_64-linux-gnu/libnss_files-2.19.so
7ff0e2692000-7ff0e2891000 ---p 0000b000 08:01 5771445                    /lib/x86_64-linux-gnu/libnss_files-2.19.so
7ff0e2891000-7ff0e2892000 r--p 0000a000 08:01 5771445                    /lib/x86_64-linux-gnu/libnss_files-2.19.so
7ff0e2892000-7ff0e2893000 rw-p 0000b000 08:01 5771445                    /lib/x86_64-linux-gnu/libnss_files-2.19.so
7ff0e2893000-7ff0e289e000 r-xp 00000000 08:01 5771455                    /lib/x86_64-linux-gnu/libnss_nis-2.19.so
7ff0e289e000-7ff0e2a9d000 ---p 0000b000 08:01 5771455                    /lib/x86_64-linux-gnu/libnss_nis-2.19.so
7ff0e2a9d000-7ff0e2a9e000 r--p 0000a000 08:01 5771455                    /lib/x86_64-linux-gnu/libnss_nis-2.19.so
7ff0e2a9e000-7ff0e2a9f000 rw-p 0000b000 08:01 5771455                    /lib/x86_64-linux-gnu/libnss_nis-2.19.so
7ff0e2a9f000-7ff0e2ab6000 r-xp 00000000 08:01 5771439                    /lib/x86_64-linux-gnu/libnsl-2.19.so
7ff0e2ab6000-7ff0e2cb5000 ---p 00017000 08:01 5771439                    /lib/x86_64-linux-gnu/libnsl-2.19.so
7ff0e2cb5000-7ff0e2cb6000 r--p 00016000 08:01 5771439                    /lib/x86_64-linux-gnu/libnsl-2.19.so
7ff0e2cb6000-7ff0e2cb7000 rw-p 00017000 08:01 5771439                    /lib/x86_64-linux-gnu/libnsl-2.19.so
7ff0e2cb7000-7ff0e2cb9000 rw-p 00000000 00:00 0 
7ff0e2cb9000-7ff0e2cc2000 r-xp 00000000 08:01 5771441                    /lib/x86_64-linux-gnu/libnss_compat-2.19.so
7ff0e2cc2000-7ff0e2ec1000 ---p 00009000 08:01 5771441                    /lib/x86_64-linux-gnu/libnss_compat-2.19.so
7ff0e2ec1000-7ff0e2ec2000 r--p 00008000 08:01 5771441                    /lib/x86_64-linux-gnu/libnss_compat-2.19.so
7ff0e2ec2000-7ff0e2ec3000 rw-p 00009000 08:01 5771441                    /lib/x86_64-linux-gnu/libnss_compat-2.19.so
7ff0e2ec3000-7ff0e2eed000 r-xp 00000000 08:01 4069157                    /usr/lib/jvm/java-8-oracle/jre/lib/amd64/libjava.so
7ff0e2eed000-7ff0e30ed000 ---p 0002a000 08:01 4069157                    /usr/lib/jvm/java-8-oracle/jre/lib/amd64/libjava.so
7ff0e30ed000-7ff0e30ef000 rw-p 0002a000 08:01 4069157                    /usr/lib/jvm/java-8-oracle/jre/lib/amd64/libjava.so
7ff0e30ef000-7ff0e30fc000 r-xp 00000000 08:01 4069118                    /usr/lib/jvm/java-8-oracle/jre/lib/amd64/libverify.so
7ff0e30fc000-7ff0e32fc000 ---p 0000d000 08:01 4069118                    /usr/lib/jvm/java-8-oracle/jre/lib/amd64/libverify.so
7ff0e32fc000-7ff0e32fe000 rw-p 0000d000 08:01 4069118                    /usr/lib/jvm/java-8-oracle/jre/lib/amd64/libverify.so
7ff0e32fe000-7ff0e3305000 r-xp 00000000 08:01 5771498                    /lib/x86_64-linux-gnu/librt-2.19.so
7ff0e3305000-7ff0e3504000 ---p 00007000 08:01 5771498                    /lib/x86_64-linux-gnu/librt-2.19.so
7ff0e3504000-7ff0e3505000 r--p 00006000 08:01 5771498                    /lib/x86_64-linux-gnu/librt-2.19.so
7ff0e3505000-7ff0e3506000 rw-p 00007000 08:01 5771498                    /lib/x86_64-linux-gnu/librt-2.19.so
7ff0e3506000-7ff0e360b000 r-xp 00000000 08:01 5771420                    /lib/x86_64-linux-gnu/libm-2.19.so
7ff0e360b000-7ff0e380a000 ---p 00105000 08:01 5771420                    /lib/x86_64-linux-gnu/libm-2.19.so
7ff0e380a000-7ff0e380b000 r--p 00104000 08:01 5771420                    /lib/x86_64-linux-gnu/libm-2.19.so
7ff0e380b000-7ff0e380c000 rw-p 00105000 08:01 5771420                    /lib/x86_64-linux-gnu/libm-2.19.so
7ff0e380c000-7ff0e44ca000 r-xp 00000000 08:01 4069167                    /usr/lib/jvm/java-8-oracle/jre/lib/amd64/server/libjvm.so
7ff0e44ca000-7ff0e46c9000 ---p 00cbe000 08:01 4069167                    /usr/lib/jvm/java-8-oracle/jre/lib/amd64/server/libjvm.so
7ff0e46c9000-7ff0e47a2000 rw-p 00cbd000 08:01 4069167                    /usr/lib/jvm/java-8-oracle/jre/lib/amd64/server/libjvm.so
7ff0e47a2000-7ff0e47e6000 rw-p 00000000 00:00 0 
7ff0e47e6000-7ff0e49a1000 r-xp 00000000 08:01 5771370                    /lib/x86_64-linux-gnu/libc-2.19.so
7ff0e49a1000-7ff0e4ba0000 ---p 001bb000 08:01 5771370                    /lib/x86_64-linux-gnu/libc-2.19.so
7ff0e4ba0000-7ff0e4ba4000 r--p 001ba000 08:01 5771370                    /lib/x86_64-linux-gnu/libc-2.19.so
7ff0e4ba4000-7ff0e4ba6000 rw-p 001be000 08:01 5771370                    /lib/x86_64-linux-gnu/libc-2.19.so
7ff0e4ba6000-7ff0e4bab000 rw-p 00000000 00:00 0 
7ff0e4bab000-7ff0e4bae000 r-xp 00000000 08:01 5771387                    /lib/x86_64-linux-gnu/libdl-2.19.so
7ff0e4bae000-7ff0e4dad000 ---p 00003000 08:01 5771387                    /lib/x86_64-linux-gnu/libdl-2.19.so
7ff0e4dad000-7ff0e4dae000 r--p 00002000 08:01 5771387                    /lib/x86_64-linux-gnu/libdl-2.19.so
7ff0e4dae000-7ff0e4daf000 rw-p 00003000 08:01 5771387                    /lib/x86_64-linux-gnu/libdl-2.19.so
7ff0e4daf000-7ff0e4dc4000 r-xp 00000000 08:01 4727160                    /usr/lib/jvm/java-8-oracle/lib/amd64/jli/libjli.so
7ff0e4dc4000-7ff0e4fc4000 ---p 00015000 08:01 4727160                    /usr/lib/jvm/java-8-oracle/lib/amd64/jli/libjli.so
7ff0e4fc4000-7ff0e4fc5000 rw-p 00015000 08:01 4727160                    /usr/lib/jvm/java-8-oracle/lib/amd64/jli/libjli.so
7ff0e4fc5000-7ff0e4fde000 r-xp 00000000 08:01 5771490                    /lib/x86_64-linux-gnu/libpthread-2.19.so
7ff0e4fde000-7ff0e51dd000 ---p 00019000 08:01 5771490                    /lib/x86_64-linux-gnu/libpthread-2.19.so
7ff0e51dd000-7ff0e51de000 r--p 00018000 08:01 5771490                    /lib/x86_64-linux-gnu/libpthread-2.19.so
7ff0e51de000-7ff0e51df000 rw-p 00019000 08:01 5771490                    /lib/x86_64-linux-gnu/libpthread-2.19.so
7ff0e51df000-7ff0e51e3000 rw-p 00000000 00:00 0 
7ff0e51e3000-7ff0e5206000 r-xp 00000000 08:01 5771346                    /lib/x86_64-linux-gnu/ld-2.19.so
7ff0e520c000-7ff0e5213000 r--s 00000000 08:01 1967077                    /usr/lib/x86_64-linux-gnu/gconv/gconv-modules.cache
7ff0e5213000-7ff0e52df000 rw-p 00000000 00:00 0 
7ff0e52df000-7ff0e52e2000 ---p 00000000 00:00 0 
7ff0e52e2000-7ff0e53e4000 rw-p 00000000 00:00 0                          [stack:10691]
7ff0e53e9000-7ff0e53ea000 rw-p 00000000 00:00 0 
7ff0e53ea000-7ff0e53f9000 r--s 000df000 08:01 10635452                   /home/tomasz/Android/Sdk/build-tools/23.0.2/lib/dx.jar
7ff0e53f9000-7ff0e5401000 rw-s 00000000 08:01 6952067                    /tmp/hsperfdata_tomasz/10687
7ff0e5401000-7ff0e5402000 rw-p 00000000 00:00 0 
7ff0e5402000-7ff0e5403000 ---p 00000000 00:00 0 
7ff0e5403000-7ff0e5405000 rw-p 00000000 00:00 0 
7ff0e5405000-7ff0e5406000 r--p 00022000 08:01 5771346                    /lib/x86_64-linux-gnu/ld-2.19.so
7ff0e5406000-7ff0e5407000 rw-p 00023000 08:01 5771346                    /lib/x86_64-linux-gnu/ld-2.19.so
7ff0e5407000-7ff0e5408000 rw-p 00000000 00:00 0 
7ffc4a364000-7ffc4a385000 rw-p 00000000 00:00 0                          [stack]
7ffc4a3f4000-7ffc4a3f6000 r--p 00000000 00:00 0                          [vvar]
7ffc4a3f6000-7ffc4a3f8000 r-xp 00000000 00:00 0                          [vdso]
ffffffffff600000-ffffffffff601000 r-xp 00000000 00:00 0                  [vsyscall]

VM Arguments:
jvm_args: -Djava.awt.headless=true -Xmx2g -Dfile.encoding=UTF-8 -Duser.country=PL -Duser.language=pl -Duser.variant 
java_command: com.android.dx.command.Main --dex --num-threads=4 --multi-dex --main-dex-list /home/tomasz/AndroidStudioProjects/ITAssistant/app/build/intermediates/multi-dex/debug/maindexlist.txt --output /home/tomasz/AndroidStudioProjects/ITAssistant/app/build/intermediates/transforms/dex/debug/folders/1000/1f/main /home/tomasz/AndroidStudioProjects/ITAssistant/app/build/intermediates/transforms/jarMerging/debug/jars/1/1f/combined.jar
java_class_path (initial): /home/tomasz/Android/Sdk/build-tools/23.0.2/lib/dx.jar
Launcher Type: SUN_STANDARD

Environment Variables:
PATH=/usr/local/sbin:/usr/local/bin:/usr/sbin:/usr/bin:/sbin:/bin:/usr/games:/usr/local/games
LD_LIBRARY_PATH=.:
SHELL=/bin/bash
DISPLAY=:0

Signal Handlers:
SIGSEGV: [libjvm.so+0xaba2a0], sa_mask[0]=11111111011111111101111111111110, sa_flags=SA_RESTART|SA_SIGINFO
SIGBUS: [libjvm.so+0xaba2a0], sa_mask[0]=11111111011111111101111111111110, sa_flags=SA_RESTART|SA_SIGINFO
SIGFPE: [libjvm.so+0x917710], sa_mask[0]=11111111011111111101111111111110, sa_flags=SA_RESTART|SA_SIGINFO
SIGPIPE: [libjvm.so+0x917710], sa_mask[0]=11111111011111111101111111111110, sa_flags=SA_RESTART|SA_SIGINFO
SIGXFSZ: [libjvm.so+0x917710], sa_mask[0]=11111111011111111101111111111110, sa_flags=SA_RESTART|SA_SIGINFO
SIGILL: [libjvm.so+0x917710], sa_mask[0]=11111111011111111101111111111110, sa_flags=SA_RESTART|SA_SIGINFO
SIGUSR1: SIG_DFL, sa_mask[0]=00000000000000000000000000000000, sa_flags=none
SIGUSR2: [libjvm.so+0x918d40], sa_mask[0]=00100000000000000000000000000000, sa_flags=SA_RESTART|SA_SIGINFO
SIGHUP: [libjvm.so+0x91a140], sa_mask[0]=11111111011111111101111111111110, sa_flags=SA_RESTART|SA_SIGINFO
SIGINT: [libjvm.so+0x91a140], sa_mask[0]=11111111011111111101111111111110, sa_flags=SA_RESTART|SA_SIGINFO
SIGTERM: [libjvm.so+0x91a140], sa_mask[0]=11111111011111111101111111111110, sa_flags=SA_RESTART|SA_SIGINFO
SIGQUIT: [libjvm.so+0x91a140], sa_mask[0]=11111111011111111101111111111110, sa_flags=SA_RESTART|SA_SIGINFO


---------------  S Y S T E M  ---------------

OS:DISTRIB_ID=Ubuntu
DISTRIB_RELEASE=14.04
DISTRIB_CODENAME=trusty
DISTRIB_DESCRIPTION="Ubuntu 14.04.3 LTS"

uname:Linux 3.19.0-42-generic #48~14.04.1-Ubuntu SMP Fri Dec 18 10:24:49 UTC 2015 x86_64
libc:glibc 2.19 NPTL 2.19 
rlimit: STACK 8192k, CORE 0k, NPROC 23202, NOFILE 4096, AS infinity
load average:4,08 1,86 1,50

/proc/meminfo:
MemTotal:        5961332 kB
MemFree:          120868 kB
MemAvailable:     121400 kB
Buffers:            7420 kB
Cached:           490712 kB
SwapCached:            0 kB
Active:          5202620 kB
Inactive:         418464 kB
Active(anon):    5145448 kB
Inactive(anon):   362704 kB
Active(file):      57172 kB
Inactive(file):    55760 kB
Unevictable:        1084 kB
Mlocked:            1084 kB
SwapTotal:             0 kB
SwapFree:              0 kB
Dirty:               376 kB
Writeback:             0 kB
AnonPages:       5124744 kB
Mapped:           145756 kB
Shmem:            384444 kB
Slab:              97360 kB
SReclaimable:      57052 kB
SUnreclaim:        40308 kB
KernelStack:       11232 kB
PageTables:        53176 kB
NFS_Unstable:          0 kB
Bounce:                0 kB
WritebackTmp:          0 kB
CommitLimit:     2980664 kB
Committed_AS:   10233328 kB
VmallocTotal:   34359738367 kB
VmallocUsed:      557952 kB
VmallocChunk:   34359165916 kB
HardwareCorrupted:     0 kB
AnonHugePages:   2332672 kB
CmaTotal:              0 kB
CmaFree:               0 kB
HugePages_Total:       0
HugePages_Free:        0
HugePages_Rsvd:        0
HugePages_Surp:        0
Hugepagesize:       2048 kB
DirectMap4k:      188672 kB
DirectMap2M:     5951488 kB


CPU:total 4 (2 cores per cpu, 2 threads per core) family 6 model 42 stepping 7, cmov, cx8, fxsr, mmx, sse, sse2, sse3, ssse3, sse4.1, sse4.2, popcnt, avx, aes, clmul, ht, tsc, tscinvbit

/proc/cpuinfo:
processor	: 0
vendor_id	: GenuineIntel
cpu family	: 6
model		: 42
model name	: Intel(R) Core(TM) i5-2450M CPU @ 2.50GHz
stepping	: 7
microcode	: 0x25
cpu MHz		: 2899.902
cache size	: 3072 KB
physical id	: 0
siblings	: 4
core id		: 0
cpu cores	: 2
apicid		: 0
initial apicid	: 0
fpu		: yes
fpu_exception	: yes
cpuid level	: 13
wp		: yes
flags		: fpu vme de pse tsc msr pae mce cx8 apic sep mtrr pge mca cmov pat pse36 clflush dts acpi mmx fxsr sse sse2 ss ht tm pbe syscall nx rdtscp lm constant_tsc arch_perfmon pebs bts rep_good nopl xtopology nonstop_tsc aperfmperf eagerfpu pni pclmulqdq dtes64 monitor ds_cpl vmx est tm2 ssse3 cx16 xtpr pdcm pcid sse4_1 sse4_2 x2apic popcnt tsc_deadline_timer aes xsave avx lahf_lm ida arat epb pln pts dtherm tpr_shadow vnmi flexpriority ept vpid xsaveopt
bugs		:
bogomips	: 4988.20
clflush size	: 64
cache_alignment	: 64
address sizes	: 36 bits physical, 48 bits virtual
power management:

processor	: 1
vendor_id	: GenuineIntel
cpu family	: 6
model		: 42
model name	: Intel(R) Core(TM) i5-2450M CPU @ 2.50GHz
stepping	: 7
microcode	: 0x25
cpu MHz		: 2900.000
cache size	: 3072 KB
physical id	: 0
siblings	: 4
core id		: 0
cpu cores	: 2
apicid		: 1
initial apicid	: 1
fpu		: yes
fpu_exception	: yes
cpuid level	: 13
wp		: yes
flags		: fpu vme de pse tsc msr pae mce cx8 apic sep mtrr pge mca cmov pat pse36 clflush dts acpi mmx fxsr sse sse2 ss ht tm pbe syscall nx rdtscp lm constant_tsc arch_perfmon pebs bts rep_good nopl xtopology nonstop_tsc aperfmperf eagerfpu pni pclmulqdq dtes64 monitor ds_cpl vmx est tm2 ssse3 cx16 xtpr pdcm pcid sse4_1 sse4_2 x2apic popcnt tsc_deadline_timer aes xsave avx lahf_lm ida arat epb pln pts dtherm tpr_shadow vnmi flexpriority ept vpid xsaveopt
bugs		:
bogomips	: 4988.20
clflush size	: 64
cache_alignment	: 64
address sizes	: 36 bits physical, 48 bits virtual
power management:

processor	: 2
vendor_id	: GenuineIntel
cpu family	: 6
model		: 42
model name	: Intel(R) Core(TM) i5-2450M CPU @ 2.50GHz
stepping	: 7
microcode	: 0x25
cpu MHz		: 2941.601
cache size	: 3072 KB
physical id	: 0
siblings	: 4
core id		: 1
cpu cores	: 2
apicid		: 2
initial apicid	: 2
fpu		: yes
fpu_exception	: yes
cpuid level	: 13
wp		: yes
flags		: fpu vme de pse tsc msr pae mce cx8 apic sep mtrr pge mca cmov pat pse36 clflush dts acpi mmx fxsr sse sse2 ss ht tm pbe syscall nx rdtscp lm constant_tsc arch_perfmon pebs bts rep_good nopl xtopology nonstop_tsc aperfmperf eagerfpu pni pclmulqdq dtes64 monitor ds_cpl vmx est tm2 ssse3 cx16 xtpr pdcm pcid sse4_1 sse4_2 x2apic popcnt tsc_deadline_timer aes xsave avx lahf_lm ida arat epb pln pts dtherm tpr_shadow vnmi flexpriority ept vpid xsaveopt
bugs		:
bogomips	: 4988.20
clflush size	: 64
cache_alignment	: 64
address sizes	: 36 bits physical, 48 bits virtual
power management:

processor	: 3
vendor_id	: GenuineIntel
cpu family	: 6
model		: 42
model name	: Intel(R) Core(TM) i5-2450M CPU @ 2.50GHz
stepping	: 7
microcode	: 0x25
cpu MHz		: 2985.058
cache size	: 3072 KB
physical id	: 0
siblings	: 4
core id		: 1
cpu cores	: 2
apicid		: 3
initial apicid	: 3
fpu		: yes
fpu_exception	: yes
cpuid level	: 13
wp		: yes
flags		: fpu vme de pse tsc msr pae mce cx8 apic sep mtrr pge mca cmov pat pse36 clflush dts acpi mmx fxsr sse sse2 ss ht tm pbe syscall nx rdtscp lm constant_tsc arch_perfmon pebs bts rep_good nopl xtopology nonstop_tsc aperfmperf eagerfpu pni pclmulqdq dtes64 monitor ds_cpl vmx est tm2 ssse3 cx16 xtpr pdcm pcid sse4_1 sse4_2 x2apic popcnt tsc_deadline_timer aes xsave avx lahf_lm ida arat epb pln pts dtherm tpr_shadow vnmi flexpriority ept vpid xsaveopt
bugs		:
bogomips	: 4988.20
clflush size	: 64
cache_alignment	: 64
address sizes	: 36 bits physical, 48 bits virtual
power management:



Memory: 4k page, physical 5961332k(120868k free), swap 0k(0k free)

vm_info: Java HotSpot(TM) 64-Bit Server VM (25.66-b17) for linux-amd64 JRE (1.8.0_66-b17), built on Oct  6 2015 17:28:34 by "java_re" with gcc 4.3.0 20080428 (Red Hat 4.3.0-8)

time: Tue Dec 29 12:12:42 2015
elapsed time: 36 seconds (0d 0h 0m 36s)

