#
# There is insufficient memory for the Java Runtime Environment to continue.
# Native memory allocation (mmap) failed to map 275775488 bytes for committing reserved memory.
# Possible reasons:
#   The system is out of physical RAM or swap space
#   In 32 bit mode, the process size limit was hit
# Possible solutions:
#   Reduce memory load on the system
#   Increase physical memory or swap space
#   Check if swap backing store is full
#   Use 64 bit Java on a 64 bit OS
#   Decrease Java heap size (-Xmx/-Xms)
#   Decrease number of Java threads
#   Decrease Java thread stack sizes (-Xss)
#   Set larger code cache with -XX:ReservedCodeCacheSize=
# This output file may be truncated or incomplete.
#
#  Out of Memory Error (os_linux.cpp:2627), pid=26236, tid=140361554958080
#
# JRE version: Java(TM) SE Runtime Environment (8.0_66-b17) (build 1.8.0_66-b17)
# Java VM: Java HotSpot(TM) 64-Bit Server VM (25.66-b17 mixed mode linux-amd64 compressed oops)
# Failed to write core dump. Core dumps have been disabled. To enable core dumping, try "ulimit -c unlimited" before starting Java again
#

---------------  T H R E A D  ---------------

Current thread (0x00007fa888078000):  VMThread [stack: 0x00007fa8788f9000,0x00007fa8789fa000] [id=26246]

Stack: [0x00007fa8788f9000,0x00007fa8789fa000],  sp=0x00007fa8789f8360,  free space=1020k
Native frames: (J=compiled Java code, j=interpreted, Vv=VM code, C=native code)
V  [libjvm.so+0xab9a1a]  VMError::report_and_die()+0x2ba
V  [libjvm.so+0x4f9e0b]  report_vm_out_of_memory(char const*, int, unsigned long, VMErrorType, char const*)+0x8b
V  [libjvm.so+0x91a8a3]  os::Linux::commit_memory_impl(char*, unsigned long, bool)+0x103
V  [libjvm.so+0x91adf9]  os::pd_commit_memory(char*, unsigned long, unsigned long, bool)+0x29
V  [libjvm.so+0x91510a]  os::commit_memory(char*, unsigned long, unsigned long, bool)+0x2a
V  [libjvm.so+0x9887a3]  PSVirtualSpace::expand_by(unsigned long)+0x53
V  [libjvm.so+0x979090]  PSOldGen::expand(unsigned long)+0x170
V  [libjvm.so+0x97929b]  PSOldGen::resize(unsigned long)+0x1cb
V  [libjvm.so+0x980f71]  PSParallelCompact::invoke_no_policy(bool)+0x991
V  [libjvm.so+0x9868cd]  PSScavenge::invoke()+0x1ad
V  [libjvm.so+0x93e500]  ParallelScavengeHeap::failed_mem_allocate(unsigned long)+0x70
V  [libjvm.so+0xabb437]  VM_ParallelGCFailedAllocation::doit()+0x97
V  [libjvm.so+0xac2e65]  VM_Operation::evaluate()+0x55
V  [libjvm.so+0xac123a]  VMThread::evaluate_operation(VM_Operation*)+0xba
V  [libjvm.so+0xac15be]  VMThread::loop()+0x1ce
V  [libjvm.so+0xac1a30]  VMThread::run()+0x70
V  [libjvm.so+0x91cc68]  java_start(Thread*)+0x108

VM_Operation (0x00007fa8635e8df0): ParallelGCFailedAllocation, mode: safepoint, requested by thread 0x00007fa8881ad800


---------------  P R O C E S S  ---------------

Java Threads: ( => current thread )
  0x00007fa8881b0800 JavaThread "pool-2-thread-4" [_thread_blocked, id=26259, stack(0x00007fa8632e8000,0x00007fa8633e9000)]
  0x00007fa8881af000 JavaThread "pool-2-thread-3" [_thread_blocked, id=26258, stack(0x00007fa8633e9000,0x00007fa8634ea000)]
  0x00007fa8881ad800 JavaThread "pool-2-thread-2" [_thread_blocked, id=26257, stack(0x00007fa8634ea000,0x00007fa8635eb000)]
  0x00007fa8881ac000 JavaThread "pool-3-thread-1" [_thread_blocked, id=26256, stack(0x00007fa8635eb000,0x00007fa8636ec000)]
  0x00007fa8881aa000 JavaThread "pool-2-thread-1" [_thread_blocked, id=26255, stack(0x00007fa8636ec000,0x00007fa8637ed000)]
  0x00007fa8880c8800 JavaThread "Service Thread" daemon [_thread_blocked, id=26253, stack(0x00007fa8781f2000,0x00007fa8782f3000)]
  0x00007fa8880bb000 JavaThread "C1 CompilerThread2" daemon [_thread_blocked, id=26252, stack(0x00007fa8782f3000,0x00007fa8783f4000)]
  0x00007fa8880b9800 JavaThread "C2 CompilerThread1" daemon [_thread_blocked, id=26251, stack(0x00007fa8783f4000,0x00007fa8784f5000)]
  0x00007fa8880b6800 JavaThread "C2 CompilerThread0" daemon [_thread_blocked, id=26250, stack(0x00007fa8784f5000,0x00007fa8785f6000)]
  0x00007fa8880b5000 JavaThread "Signal Dispatcher" daemon [_thread_blocked, id=26249, stack(0x00007fa8785f6000,0x00007fa8786f7000)]
  0x00007fa88807f000 JavaThread "Finalizer" daemon [_thread_blocked, id=26248, stack(0x00007fa8786f7000,0x00007fa8787f8000)]
  0x00007fa88807d000 JavaThread "Reference Handler" daemon [_thread_blocked, id=26247, stack(0x00007fa8787f8000,0x00007fa8788f9000)]
  0x00007fa88800a000 JavaThread "main" [_thread_blocked, id=26240, stack(0x00007fa891588000,0x00007fa891689000)]

Other Threads:
=>0x00007fa888078000 VMThread [stack: 0x00007fa8788f9000,0x00007fa8789fa000] [id=26246]
  0x00007fa8880cb000 WatcherThread [stack: 0x00007fa8780f1000,0x00007fa8781f2000] [id=26254]

VM state:at safepoint (normal execution)

VM Mutex/Monitor currently owned by a thread:  ([mutex/lock_event])
[0x00007fa888005ef0] ExpandHeap_lock - owner thread: 0x00007fa888078000
[0x00007fa888006570] Threads_lock - owner thread: 0x00007fa888078000
[0x00007fa888006a70] Heap_lock - owner thread: 0x00007fa8881ad800

Heap:
 PSYoungGen      total 465920K, used 101534K [0x00000000d5580000, 0x0000000100000000, 0x0000000100000000)
  eden space 232960K, 0% used [0x00000000d5580000,0x00000000d5580000,0x00000000e3900000)
  from space 232960K, 43% used [0x00000000e3900000,0x00000000e9c27918,0x00000000f1c80000)
  to   space 232960K, 0% used [0x00000000f1c80000,0x00000000f1c80000,0x0000000100000000)
 ParOldGen       total 561152K, used 560772K [0x0000000080000000, 0x00000000a2400000, 0x00000000d5580000)
  object space 561152K, 99% used [0x0000000080000000,0x00000000a23a1130,0x00000000a2400000)
 Metaspace       used 6594K, capacity 7320K, committed 7680K, reserved 1056768K
  class space    used 617K, capacity 656K, committed 768K, reserved 1048576K

Card table byte_map: [0x00007fa88df54000,0x00007fa88e355000] byte_map_base: 0x00007fa88db54000

Marking Bits: (ParMarkBitMap*) 0x00007fa890a64020
 Begin Bits: [0x00007fa870000000, 0x00007fa872000000)
 End Bits:   [0x00007fa872000000, 0x00007fa874000000)

Polling page: 0x00007fa8916ab000

CodeCache: size=245760Kb used=10987Kb max_used=11736Kb free=234772Kb
 bounds [0x00007fa879000000, 0x00007fa879be0000, 0x00007fa888000000]
 total_blobs=2494 nmethods=2225 adapters=182
 compilation: enabled

Compilation events (10 events):
Event: 25,664 Thread 0x00007fa8880b6800 nmethod 2850% 0x00007fa8795b70d0 code [0x00007fa8795b73e0, 0x00007fa8795b8c98]
Event: 25,664 Thread 0x00007fa8880b6800 2824       4       com.android.dx.rop.code.DexTranslationAdvice::totalRopWidth (36 bytes)
Event: 25,668 Thread 0x00007fa8880b6800 nmethod 2824 0x00007fa879269cd0 code [0x00007fa879269e40, 0x00007fa87926a038]
Event: 25,669 Thread 0x00007fa8880b6800 2623       4       com.android.dx.cf.code.Ropper::addExceptionSetupBlocks (203 bytes)
Event: 25,707 Thread 0x00007fa8880bb000 2891       3       com.android.dx.ssa.back.IdenticalBlockCombiner::combineBlocks (102 bytes)
Event: 25,717 Thread 0x00007fa8880bb000 nmethod 2891 0x00007fa879427e10 code [0x00007fa879428000, 0x00007fa8794288b8]
Event: 25,719 Thread 0x00007fa8880bb000 2893 %     3       com.android.dx.ssa.back.SsaToRop::removePhiFunctions @ 13 (83 bytes)
Event: 25,720 Thread 0x00007fa8880bb000 nmethod 2893% 0x00007fa879263110 code [0x00007fa8792633e0, 0x00007fa879264828]
Event: 25,736 Thread 0x00007fa8880bb000 2894       3       com.android.dx.ssa.back.SsaToRop::removePhiFunctions (83 bytes)
Event: 25,738 Thread 0x00007fa8880bb000 nmethod 2894 0x00007fa8792c6710 code [0x00007fa8792c69e0, 0x00007fa8792c7ce8]

GC Heap History (10 events):
Event: 19,934 GC heap after
Heap after GC invocations=19 (full 4):
 PSYoungGen      total 492544K, used 121278K [0x00000000d5580000, 0x0000000100000000, 0x0000000100000000)
  eden space 371200K, 0% used [0x00000000d5580000,0x00000000d5580000,0x00000000ec000000)
  from space 121344K, 99% used [0x00000000ec000000,0x00000000f366f928,0x00000000f3680000)
  to   space 176128K, 0% used [0x00000000f5400000,0x00000000f5400000,0x0000000100000000)
 ParOldGen       total 561152K, used 361206K [0x0000000080000000, 0x00000000a2400000, 0x00000000d5580000)
  object space 561152K, 64% used [0x0000000080000000,0x00000000960bdbe0,0x00000000a2400000)
 Metaspace       used 6591K, capacity 7320K, committed 7680K, reserved 1056768K
  class space    used 617K, capacity 656K, committed 768K, reserved 1048576K
}
Event: 21,166 GC heap before
{Heap before GC invocations=20 (full 4):
 PSYoungGen      total 492544K, used 492478K [0x00000000d5580000, 0x0000000100000000, 0x0000000100000000)
  eden space 371200K, 100% used [0x00000000d5580000,0x00000000ec000000,0x00000000ec000000)
  from space 121344K, 99% used [0x00000000ec000000,0x00000000f366f928,0x00000000f3680000)
  to   space 176128K, 0% used [0x00000000f5400000,0x00000000f5400000,0x0000000100000000)
 ParOldGen       total 561152K, used 361206K [0x0000000080000000, 0x00000000a2400000, 0x00000000d5580000)
  object space 561152K, 64% used [0x0000000080000000,0x00000000960bdbe0,0x00000000a2400000)
 Metaspace       used 6593K, capacity 7320K, committed 7680K, reserved 1056768K
  class space    used 617K, capacity 656K, committed 768K, reserved 1048576K
Event: 21,359 GC heap after
Heap after GC invocations=20 (full 4):
 PSYoungGen      total 462336K, used 176104K [0x00000000d5580000, 0x0000000100000000, 0x0000000100000000)
  eden space 286208K, 0% used [0x00000000d5580000,0x00000000d5580000,0x00000000e6d00000)
  from space 176128K, 99% used [0x00000000f5400000,0x00000000ffffa2c0,0x0000000100000000)
  to   space 206336K, 0% used [0x00000000e6d00000,0x00000000e6d00000,0x00000000f3680000)
 ParOldGen       total 561152K, used 362433K [0x0000000080000000, 0x00000000a2400000, 0x00000000d5580000)
  object space 561152K, 64% used [0x0000000080000000,0x00000000961f0508,0x00000000a2400000)
 Metaspace       used 6593K, capacity 7320K, committed 7680K, reserved 1056768K
  class space    used 617K, capacity 656K, committed 768K, reserved 1048576K
}
Event: 22,364 GC heap before
{Heap before GC invocations=21 (full 4):
 PSYoungGen      total 462336K, used 462312K [0x00000000d5580000, 0x0000000100000000, 0x0000000100000000)
  eden space 286208K, 100% used [0x00000000d5580000,0x00000000e6d00000,0x00000000e6d00000)
  from space 176128K, 99% used [0x00000000f5400000,0x00000000ffffa2c0,0x0000000100000000)
  to   space 206336K, 0% used [0x00000000e6d00000,0x00000000e6d00000,0x00000000f3680000)
 ParOldGen       total 561152K, used 362433K [0x0000000080000000, 0x00000000a2400000, 0x00000000d5580000)
  object space 561152K, 64% used [0x0000000080000000,0x00000000961f0508,0x00000000a2400000)
 Metaspace       used 6593K, capacity 7320K, committed 7680K, reserved 1056768K
  class space    used 617K, capacity 656K, committed 768K, reserved 1048576K
Event: 22,658 GC heap after
Heap after GC invocations=21 (full 4):
 PSYoungGen      total 446464K, used 160219K [0x00000000d5580000, 0x0000000100000000, 0x0000000100000000)
  eden space 286208K, 0% used [0x00000000d5580000,0x00000000d5580000,0x00000000e6d00000)
  from space 160256K, 99% used [0x00000000e6d00000,0x00000000f0976d08,0x00000000f0980000)
  to   space 224768K, 0% used [0x00000000f2480000,0x00000000f2480000,0x0000000100000000)
 ParOldGen       total 561152K, used 425551K [0x0000000080000000, 0x00000000a2400000, 0x00000000d5580000)
  object space 561152K, 75% used [0x0000000080000000,0x0000000099f93ea8,0x00000000a2400000)
 Metaspace       used 6593K, capacity 7320K, committed 7680K, reserved 1056768K
  class space    used 617K, capacity 656K, committed 768K, reserved 1048576K
}
Event: 24,272 GC heap before
{Heap before GC invocations=22 (full 4):
 PSYoungGen      total 446464K, used 446427K [0x00000000d5580000, 0x0000000100000000, 0x0000000100000000)
  eden space 286208K, 100% used [0x00000000d5580000,0x00000000e6d00000,0x00000000e6d00000)
  from space 160256K, 99% used [0x00000000e6d00000,0x00000000f0976d08,0x00000000f0980000)
  to   space 224768K, 0% used [0x00000000f2480000,0x00000000f2480000,0x0000000100000000)
 ParOldGen       total 561152K, used 425551K [0x0000000080000000, 0x00000000a2400000, 0x00000000d5580000)
  object space 561152K, 75% used [0x0000000080000000,0x0000000099f93ea8,0x00000000a2400000)
 Metaspace       used 6594K, capacity 7320K, committed 7680K, reserved 1056768K
  class space    used 617K, capacity 656K, committed 768K, reserved 1048576K
Event: 24,642 GC heap after
Heap after GC invocations=22 (full 4):
 PSYoungGen      total 457728K, used 205701K [0x00000000d5580000, 0x0000000100000000, 0x0000000100000000)
  eden space 232960K, 0% used [0x00000000d5580000,0x00000000d5580000,0x00000000e3900000)
  from space 224768K, 91% used [0x00000000f2480000,0x00000000fed61428,0x0000000100000000)
  to   space 232960K, 0% used [0x00000000e3900000,0x00000000e3900000,0x00000000f1c80000)
 ParOldGen       total 561152K, used 425551K [0x0000000080000000, 0x00000000a2400000, 0x00000000d5580000)
  object space 561152K, 75% used [0x0000000080000000,0x0000000099f93ea8,0x00000000a2400000)
 Metaspace       used 6594K, capacity 7320K, committed 7680K, reserved 1056768K
  class space    used 617K, capacity 656K, committed 768K, reserved 1048576K
}
Event: 25,815 GC heap before
{Heap before GC invocations=23 (full 4):
 PSYoungGen      total 457728K, used 438661K [0x00000000d5580000, 0x0000000100000000, 0x0000000100000000)
  eden space 232960K, 100% used [0x00000000d5580000,0x00000000e3900000,0x00000000e3900000)
  from space 224768K, 91% used [0x00000000f2480000,0x00000000fed61428,0x0000000100000000)
  to   space 232960K, 0% used [0x00000000e3900000,0x00000000e3900000,0x00000000f1c80000)
 ParOldGen       total 561152K, used 425551K [0x0000000080000000, 0x00000000a2400000, 0x00000000d5580000)
  object space 561152K, 75% used [0x0000000080000000,0x0000000099f93ea8,0x00000000a2400000)
 Metaspace       used 6594K, capacity 7320K, committed 7680K, reserved 1056768K
  class space    used 617K, capacity 656K, committed 768K, reserved 1048576K
Event: 26,313 GC heap after
Heap after GC invocations=23 (full 4):
 PSYoungGen      total 465920K, used 128174K [0x00000000d5580000, 0x0000000100000000, 0x0000000100000000)
  eden space 232960K, 0% used [0x00000000d5580000,0x00000000d5580000,0x00000000e3900000)
  from space 232960K, 55% used [0x00000000e3900000,0x00000000eb62b838,0x00000000f1c80000)
  to   space 232960K, 0% used [0x00000000f1c80000,0x00000000f1c80000,0x0000000100000000)
 ParOldGen       total 561152K, used 538432K [0x0000000080000000, 0x00000000a2400000, 0x00000000d5580000)
  object space 561152K, 95% used [0x0000000080000000,0x00000000a0dd0310,0x00000000a2400000)
 Metaspace       used 6594K, capacity 7320K, committed 7680K, reserved 1056768K
  class space    used 617K, capacity 656K, committed 768K, reserved 1048576K
}
Event: 26,313 GC heap before
{Heap before GC invocations=24 (full 5):
 PSYoungGen      total 465920K, used 128174K [0x00000000d5580000, 0x0000000100000000, 0x0000000100000000)
  eden space 232960K, 0% used [0x00000000d5580000,0x00000000d5580000,0x00000000e3900000)
  from space 232960K, 55% used [0x00000000e3900000,0x00000000eb62b838,0x00000000f1c80000)
  to   space 232960K, 0% used [0x00000000f1c80000,0x00000000f1c80000,0x0000000100000000)
 ParOldGen       total 561152K, used 538432K [0x0000000080000000, 0x00000000a2400000, 0x00000000d5580000)
  object space 561152K, 95% used [0x0000000080000000,0x00000000a0dd0310,0x00000000a2400000)
 Metaspace       used 6594K, capacity 7320K, committed 7680K, reserved 1056768K
  class space    used 617K, capacity 656K, committed 768K, reserved 1048576K

Deoptimization events (10 events):
Event: 15,738 Thread 0x00007fa8881af000 Uncommon trap: reason=unstable_if action=reinterpret pc=0x00007fa879b84e20 method=com.android.dx.rop.code.DexTranslationAdvice.hasConstantOperation(Lcom/android/dx/rop/code/Rop;Lcom/android/dx/rop/code/RegisterSpec;Lcom/android/dx/rop/code/RegisterSpec;)Z
Event: 15,911 Thread 0x00007fa8881b0800 Uncommon trap: reason=unstable_if action=reinterpret pc=0x00007fa8798208a0 method=com.android.dx.dex.code.RopTranslator.outputBlock(Lcom/android/dx/rop/code/BasicBlock;I)V @ 140
Event: 20,112 Thread 0x00007fa8881b0800 Uncommon trap: reason=unstable_if action=reinterpret pc=0x00007fa879587d24 method=com.android.dx.ssa.SCCP.replaceBranches()V @ 14
Event: 20,469 Thread 0x00007fa8881b0800 Uncommon trap: reason=unstable_if action=reinterpret pc=0x00007fa87999569c method=java.util.HashMap.putVal(ILjava/lang/Object;Ljava/lang/Object;ZZ)Ljava/lang/Object; @ 109
Event: 20,536 Thread 0x00007fa88800a000 Uncommon trap: reason=unstable_if action=reinterpret pc=0x00007fa8799283d0 method=com.android.dx.util.BitIntSet.has(I)Z @ 8
Event: 22,298 Thread 0x00007fa8881b0800 Uncommon trap: reason=unstable_if action=reinterpret pc=0x00007fa8795376bc method=com.android.dx.cf.code.RopperMachine.run(Lcom/android/dx/cf/code/Frame;II)V @ 356
Event: 22,884 Thread 0x00007fa8881af000 Uncommon trap: reason=unstable_if action=reinterpret pc=0x00007fa8797c071c method=com.android.dx.cf.code.Ropper.processBlock(Lcom/android/dx/cf/code/ByteBlock;Lcom/android/dx/cf/code/Frame;[I)V @ 651
Event: 24,950 Thread 0x00007fa88800a000 Uncommon trap: reason=unstable_if action=reinterpret pc=0x00007fa879512694 method=com.android.dx.rop.code.RegisterSpec.equals(ILcom/android/dx/rop/type/TypeBearer;Lcom/android/dx/rop/code/LocalItem;)Z @ 31
Event: 25,617 Thread 0x00007fa8881af000 Uncommon trap: reason=unstable_if action=reinterpret pc=0x00007fa879314f1c method=com.android.dx.util.LabeledList.set(ILcom/android/dx/util/LabeledItem;)V @ 16
Event: 25,706 Thread 0x00007fa8881aa000 Uncommon trap: reason=unstable_if action=reinterpret pc=0x00007fa879519a9c method=com.android.dx.ssa.SsaBasicBlock.scheduleMovesFromPhis()V @ 63

Internal exceptions (10 events):
Event: 0,026 Thread 0x00007fa88800a000 Exception <a 'java/lang/NoSuchMethodError': Method sun.misc.Unsafe.defineClass(Ljava/lang/String;[BII)Ljava/lang/Class; name or signature does not match> (0x00000000d5592848) thrown at [/HUDSON/workspace/8-2-build-linux-amd64/jdk8u66/4988/hotspot/src/shar
Event: 0,026 Thread 0x00007fa88800a000 Exception <a 'java/lang/NoSuchMethodError': Method sun.misc.Unsafe.prefetchRead(Ljava/lang/Object;J)V name or signature does not match> (0x00000000d5592b30) thrown at [/HUDSON/workspace/8-2-build-linux-amd64/jdk8u66/4988/hotspot/src/share/vm/prims/jni.cpp
Event: 1,677 Thread 0x00007fa8881aa000 Implicit null exception at 0x00007fa8794bb3a8 to 0x00007fa8794bf71d
Event: 2,349 Thread 0x00007fa8881ad800 Exception <a 'java/lang/ArrayIndexOutOfBoundsException': 18> (0x00000000d74c87a8) thrown at [/HUDSON/workspace/8-2-build-linux-amd64/jdk8u66/4988/hotspot/src/share/vm/interpreter/interpreterRuntime.cpp, line 366]
Event: 2,349 Thread 0x00007fa8881ad800 Exception <a 'java/lang/ArrayIndexOutOfBoundsException': 145> (0x00000000d74ca328) thrown at [/HUDSON/workspace/8-2-build-linux-amd64/jdk8u66/4988/hotspot/src/share/vm/interpreter/interpreterRuntime.cpp, line 366]
Event: 2,350 Thread 0x00007fa8881ad800 Exception <a 'java/lang/ArrayIndexOutOfBoundsException': 40> (0x00000000d74cb610) thrown at [/HUDSON/workspace/8-2-build-linux-amd64/jdk8u66/4988/hotspot/src/share/vm/interpreter/interpreterRuntime.cpp, line 366]
Event: 4,753 Thread 0x00007fa8881aa000 Implicit null exception at 0x00007fa8797b1168 to 0x00007fa8797b2f11
Event: 8,384 Thread 0x00007fa8881aa000 Implicit null exception at 0x00007fa879a1f60c to 0x00007fa879a23169
Event: 9,017 Thread 0x00007fa8881af000 Implicit null exception at 0x00007fa8797dafd3 to 0x00007fa8797dd239
Event: 24,950 Thread 0x00007fa88800a000 Implicit null exception at 0x00007fa879512317 to 0x00007fa879512649

Events (10 events):
Event: 25,706 Thread 0x00007fa8881aa000 DEOPT UNPACKING pc=0x00007fa879005229 sp=0x00007fa8637eb028 mode 2
Event: 25,713 Thread 0x00007fa8881af000 DEOPT PACKING pc=0x00007fa8793be4ac sp=0x00007fa8634e7ec0
Event: 25,714 Thread 0x00007fa8881af000 DEOPT UNPACKING pc=0x00007fa879047633 sp=0x00007fa8634e7bc0 mode 0
Event: 25,771 Thread 0x00007fa8881ad800 DEOPT PACKING pc=0x00007fa87954faf2 sp=0x00007fa8635e8f40
Event: 25,771 Thread 0x00007fa8881ad800 DEOPT UNPACKING pc=0x00007fa879047633 sp=0x00007fa8635e8cc0 mode 0
Event: 25,791 Thread 0x00007fa8881aa000 DEOPT PACKING pc=0x00007fa87955f616 sp=0x00007fa8637eae90
Event: 25,791 Thread 0x00007fa8881aa000 DEOPT UNPACKING pc=0x00007fa879047633 sp=0x00007fa8637eacf0 mode 0
Event: 25,800 Thread 0x00007fa8881af000 DEOPT PACKING pc=0x00007fa8793be4ac sp=0x00007fa8634e7ec0
Event: 25,800 Thread 0x00007fa8881af000 DEOPT UNPACKING pc=0x00007fa879047633 sp=0x00007fa8634e7bc0 mode 0
Event: 25,810 Executing VM operation: ParallelGCFailedAllocation


Dynamic libraries:
00400000-00401000 r-xp 00000000 08:01 4591374                            /usr/lib/jvm/java-8-oracle/bin/java
00600000-00601000 rw-p 00000000 08:01 4591374                            /usr/lib/jvm/java-8-oracle/bin/java
01215000-01236000 rw-p 00000000 00:00 0                                  [heap]
80000000-a2400000 rw-p 00000000 00:00 0 
b2b00000-d5580000 ---p 00000000 00:00 0 
d5580000-100000000 rw-p 00000000 00:00 0 
100000000-1000c0000 rw-p 00000000 00:00 0 
1000c0000-140000000 ---p 00000000 00:00 0 
7fa824000000-7fa82402b000 rw-p 00000000 00:00 0 
7fa82402b000-7fa828000000 ---p 00000000 00:00 0 
7fa82c000000-7fa82c045000 rw-p 00000000 00:00 0 
7fa82c045000-7fa830000000 ---p 00000000 00:00 0 
7fa830000000-7fa830023000 rw-p 00000000 00:00 0 
7fa830023000-7fa834000000 ---p 00000000 00:00 0 
7fa834000000-7fa834040000 rw-p 00000000 00:00 0 
7fa834040000-7fa838000000 ---p 00000000 00:00 0 
7fa838000000-7fa838021000 rw-p 00000000 00:00 0 
7fa838021000-7fa83c000000 ---p 00000000 00:00 0 
7fa83c000000-7fa83c021000 rw-p 00000000 00:00 0 
7fa83c021000-7fa840000000 ---p 00000000 00:00 0 
7fa840000000-7fa840021000 rw-p 00000000 00:00 0 
7fa840021000-7fa844000000 ---p 00000000 00:00 0 
7fa844000000-7fa845860000 rw-p 00000000 00:00 0 
7fa845860000-7fa848000000 ---p 00000000 00:00 0 
7fa848000000-7fa848b0a000 rw-p 00000000 00:00 0 
7fa848b0a000-7fa84c000000 ---p 00000000 00:00 0 
7fa84c000000-7fa84c021000 rw-p 00000000 00:00 0 
7fa84c021000-7fa850000000 ---p 00000000 00:00 0 
7fa850000000-7fa8514a3000 rw-p 00000000 00:00 0 
7fa8514a3000-7fa854000000 ---p 00000000 00:00 0 
7fa854000000-7fa854021000 rw-p 00000000 00:00 0 
7fa854021000-7fa858000000 ---p 00000000 00:00 0 
7fa858000000-7fa858021000 rw-p 00000000 00:00 0 
7fa858021000-7fa85c000000 ---p 00000000 00:00 0 
7fa85c000000-7fa85c021000 rw-p 00000000 00:00 0 
7fa85c021000-7fa860000000 ---p 00000000 00:00 0 
7fa8632e8000-7fa8632eb000 ---p 00000000 00:00 0 
7fa8632eb000-7fa8633e9000 rw-p 00000000 00:00 0                          [stack:26259]
7fa8633e9000-7fa8633ec000 ---p 00000000 00:00 0 
7fa8633ec000-7fa8634ea000 rw-p 00000000 00:00 0                          [stack:26258]
7fa8634ea000-7fa8634ed000 ---p 00000000 00:00 0 
7fa8634ed000-7fa8635eb000 rw-p 00000000 00:00 0                          [stack:26257]
7fa8635eb000-7fa8635ee000 ---p 00000000 00:00 0 
7fa8635ee000-7fa8636ec000 rw-p 00000000 00:00 0                          [stack:26256]
7fa8636ec000-7fa8636ef000 ---p 00000000 00:00 0 
7fa8636ef000-7fa8637ed000 rw-p 00000000 00:00 0                          [stack:26255]
7fa8637ed000-7fa864000000 r--p 00000000 08:01 1579663                    /usr/lib/locale/locale-archive
7fa864000000-7fa864021000 rw-p 00000000 00:00 0 
7fa864021000-7fa868000000 ---p 00000000 00:00 0 
7fa868000000-7fa86828f000 rw-p 00000000 00:00 0 
7fa86828f000-7fa86c000000 ---p 00000000 00:00 0 
7fa86c000000-7fa86c021000 rw-p 00000000 00:00 0 
7fa86c021000-7fa870000000 ---p 00000000 00:00 0 
7fa870000000-7fa874000000 rw-p 00000000 00:00 0 
7fa874000000-7fa874021000 rw-p 00000000 00:00 0 
7fa874021000-7fa878000000 ---p 00000000 00:00 0 
7fa878025000-7fa8780f1000 r--s 00ac4000 08:01 8263679                    /home/tomasz/AndroidStudioProjects/ITAssistant/app/build/intermediates/transforms/jarMerging/debug/jars/1/1f/combined.jar
7fa8780f1000-7fa8780f2000 ---p 00000000 00:00 0 
7fa8780f2000-7fa8781f2000 rw-p 00000000 00:00 0                          [stack:26254]
7fa8781f2000-7fa8781f5000 ---p 00000000 00:00 0 
7fa8781f5000-7fa8782f3000 rw-p 00000000 00:00 0                          [stack:26253]
7fa8782f3000-7fa8782f6000 ---p 00000000 00:00 0 
7fa8782f6000-7fa8783f4000 rw-p 00000000 00:00 0                          [stack:26252]
7fa8783f4000-7fa8783f7000 ---p 00000000 00:00 0 
7fa8783f7000-7fa8784f5000 rw-p 00000000 00:00 0                          [stack:26251]
7fa8784f5000-7fa8784f8000 ---p 00000000 00:00 0 
7fa8784f8000-7fa8785f6000 rw-p 00000000 00:00 0                          [stack:26250]
7fa8785f6000-7fa8785f9000 ---p 00000000 00:00 0 
7fa8785f9000-7fa8786f7000 rw-p 00000000 00:00 0                          [stack:26249]
7fa8786f7000-7fa8786fa000 ---p 00000000 00:00 0 
7fa8786fa000-7fa8787f8000 rw-p 00000000 00:00 0                          [stack:26248]
7fa8787f8000-7fa8787fb000 ---p 00000000 00:00 0 
7fa8787fb000-7fa8788f9000 rw-p 00000000 00:00 0                          [stack:26247]
7fa8788f9000-7fa8788fa000 ---p 00000000 00:00 0 
7fa8788fa000-7fa879000000 rw-p 00000000 00:00 0                          [stack:26246]
7fa879000000-7fa879be0000 rwxp 00000000 00:00 0 
7fa879be0000-7fa888000000 ---p 00000000 00:00 0 
7fa888000000-7fa8883e4000 rw-p 00000000 00:00 0 
7fa8883e4000-7fa88c000000 ---p 00000000 00:00 0 
7fa88c055000-7fa88c07a000 r--p 00000000 08:01 2361987                    /usr/share/locale-langpack/pl/LC_MESSAGES/libc.mo
7fa88c07a000-7fa88ca56000 rw-p 00000000 00:00 0 
7fa88ca56000-7fa88cc2f000 r--s 03d20000 08:01 4069182                    /usr/lib/jvm/java-8-oracle/jre/lib/rt.jar
7fa88cc2f000-7fa88d365000 rw-p 00000000 00:00 0 
7fa88d365000-7fa88d4a5000 ---p 00000000 00:00 0 
7fa88d4a5000-7fa88d8a5000 rw-p 00000000 00:00 0 
7fa88d8a5000-7fa88d8a6000 ---p 00000000 00:00 0 
7fa88d8a6000-7fa88d9a6000 rw-p 00000000 00:00 0                          [stack:26245]
7fa88d9a6000-7fa88d9a7000 ---p 00000000 00:00 0 
7fa88d9a7000-7fa88daa7000 rw-p 00000000 00:00 0                          [stack:26244]
7fa88daa7000-7fa88daa8000 ---p 00000000 00:00 0 
7fa88daa8000-7fa88dba8000 rw-p 00000000 00:00 0                          [stack:26243]
7fa88dba8000-7fa88dba9000 ---p 00000000 00:00 0 
7fa88dba9000-7fa88ddbb000 rw-p 00000000 00:00 0                          [stack:26242]
7fa88ddbb000-7fa88df54000 ---p 00000000 00:00 0 
7fa88df54000-7fa88e066000 rw-p 00000000 00:00 0 
7fa88e066000-7fa88e1fe000 ---p 00000000 00:00 0 
7fa88e1fe000-7fa88e354000 rw-p 00000000 00:00 0 
7fa88e354000-7fa88e385000 rw-p 00000000 00:00 0 
7fa88e385000-7fa88e715000 ---p 00000000 00:00 0 
7fa88e715000-7fa88e72f000 r-xp 00000000 08:01 4069168                    /usr/lib/jvm/java-8-oracle/jre/lib/amd64/libzip.so
7fa88e72f000-7fa88e92f000 ---p 0001a000 08:01 4069168                    /usr/lib/jvm/java-8-oracle/jre/lib/amd64/libzip.so
7fa88e92f000-7fa88e930000 rw-p 0001a000 08:01 4069168                    /usr/lib/jvm/java-8-oracle/jre/lib/amd64/libzip.so
7fa88e930000-7fa88e93b000 r-xp 00000000 08:01 5771445                    /lib/x86_64-linux-gnu/libnss_files-2.19.so
7fa88e93b000-7fa88eb3a000 ---p 0000b000 08:01 5771445                    /lib/x86_64-linux-gnu/libnss_files-2.19.so
7fa88eb3a000-7fa88eb3b000 r--p 0000a000 08:01 5771445                    /lib/x86_64-linux-gnu/libnss_files-2.19.so
7fa88eb3b000-7fa88eb3c000 rw-p 0000b000 08:01 5771445                    /lib/x86_64-linux-gnu/libnss_files-2.19.so
7fa88eb3c000-7fa88eb47000 r-xp 00000000 08:01 5771455                    /lib/x86_64-linux-gnu/libnss_nis-2.19.so
7fa88eb47000-7fa88ed46000 ---p 0000b000 08:01 5771455                    /lib/x86_64-linux-gnu/libnss_nis-2.19.so
7fa88ed46000-7fa88ed47000 r--p 0000a000 08:01 5771455                    /lib/x86_64-linux-gnu/libnss_nis-2.19.so
7fa88ed47000-7fa88ed48000 rw-p 0000b000 08:01 5771455                    /lib/x86_64-linux-gnu/libnss_nis-2.19.so
7fa88ed48000-7fa88ed5f000 r-xp 00000000 08:01 5771439                    /lib/x86_64-linux-gnu/libnsl-2.19.so
7fa88ed5f000-7fa88ef5e000 ---p 00017000 08:01 5771439                    /lib/x86_64-linux-gnu/libnsl-2.19.so
7fa88ef5e000-7fa88ef5f000 r--p 00016000 08:01 5771439                    /lib/x86_64-linux-gnu/libnsl-2.19.so
7fa88ef5f000-7fa88ef60000 rw-p 00017000 08:01 5771439                    /lib/x86_64-linux-gnu/libnsl-2.19.so
7fa88ef60000-7fa88ef62000 rw-p 00000000 00:00 0 
7fa88ef62000-7fa88ef6b000 r-xp 00000000 08:01 5771441                    /lib/x86_64-linux-gnu/libnss_compat-2.19.so
7fa88ef6b000-7fa88f16a000 ---p 00009000 08:01 5771441                    /lib/x86_64-linux-gnu/libnss_compat-2.19.so
7fa88f16a000-7fa88f16b000 r--p 00008000 08:01 5771441                    /lib/x86_64-linux-gnu/libnss_compat-2.19.so
7fa88f16b000-7fa88f16c000 rw-p 00009000 08:01 5771441                    /lib/x86_64-linux-gnu/libnss_compat-2.19.so
7fa88f16c000-7fa88f196000 r-xp 00000000 08:01 4069157                    /usr/lib/jvm/java-8-oracle/jre/lib/amd64/libjava.so
7fa88f196000-7fa88f396000 ---p 0002a000 08:01 4069157                    /usr/lib/jvm/java-8-oracle/jre/lib/amd64/libjava.so
7fa88f396000-7fa88f398000 rw-p 0002a000 08:01 4069157                    /usr/lib/jvm/java-8-oracle/jre/lib/amd64/libjava.so
7fa88f398000-7fa88f3a5000 r-xp 00000000 08:01 4069118                    /usr/lib/jvm/java-8-oracle/jre/lib/amd64/libverify.so
7fa88f3a5000-7fa88f5a5000 ---p 0000d000 08:01 4069118                    /usr/lib/jvm/java-8-oracle/jre/lib/amd64/libverify.so
7fa88f5a5000-7fa88f5a7000 rw-p 0000d000 08:01 4069118                    /usr/lib/jvm/java-8-oracle/jre/lib/amd64/libverify.so
7fa88f5a7000-7fa88f5ae000 r-xp 00000000 08:01 5771498                    /lib/x86_64-linux-gnu/librt-2.19.so
7fa88f5ae000-7fa88f7ad000 ---p 00007000 08:01 5771498                    /lib/x86_64-linux-gnu/librt-2.19.so
7fa88f7ad000-7fa88f7ae000 r--p 00006000 08:01 5771498                    /lib/x86_64-linux-gnu/librt-2.19.so
7fa88f7ae000-7fa88f7af000 rw-p 00007000 08:01 5771498                    /lib/x86_64-linux-gnu/librt-2.19.so
7fa88f7af000-7fa88f8b4000 r-xp 00000000 08:01 5771420                    /lib/x86_64-linux-gnu/libm-2.19.so
7fa88f8b4000-7fa88fab3000 ---p 00105000 08:01 5771420                    /lib/x86_64-linux-gnu/libm-2.19.so
7fa88fab3000-7fa88fab4000 r--p 00104000 08:01 5771420                    /lib/x86_64-linux-gnu/libm-2.19.so
7fa88fab4000-7fa88fab5000 rw-p 00105000 08:01 5771420                    /lib/x86_64-linux-gnu/libm-2.19.so
7fa88fab5000-7fa890773000 r-xp 00000000 08:01 4069167                    /usr/lib/jvm/java-8-oracle/jre/lib/amd64/server/libjvm.so
7fa890773000-7fa890972000 ---p 00cbe000 08:01 4069167                    /usr/lib/jvm/java-8-oracle/jre/lib/amd64/server/libjvm.so
7fa890972000-7fa890a4b000 rw-p 00cbd000 08:01 4069167                    /usr/lib/jvm/java-8-oracle/jre/lib/amd64/server/libjvm.so
7fa890a4b000-7fa890a8f000 rw-p 00000000 00:00 0 
7fa890a8f000-7fa890c4a000 r-xp 00000000 08:01 5771370                    /lib/x86_64-linux-gnu/libc-2.19.so
7fa890c4a000-7fa890e49000 ---p 001bb000 08:01 5771370                    /lib/x86_64-linux-gnu/libc-2.19.so
7fa890e49000-7fa890e4d000 r--p 001ba000 08:01 5771370                    /lib/x86_64-linux-gnu/libc-2.19.so
7fa890e4d000-7fa890e4f000 rw-p 001be000 08:01 5771370                    /lib/x86_64-linux-gnu/libc-2.19.so
7fa890e4f000-7fa890e54000 rw-p 00000000 00:00 0 
7fa890e54000-7fa890e57000 r-xp 00000000 08:01 5771387                    /lib/x86_64-linux-gnu/libdl-2.19.so
7fa890e57000-7fa891056000 ---p 00003000 08:01 5771387                    /lib/x86_64-linux-gnu/libdl-2.19.so
7fa891056000-7fa891057000 r--p 00002000 08:01 5771387                    /lib/x86_64-linux-gnu/libdl-2.19.so
7fa891057000-7fa891058000 rw-p 00003000 08:01 5771387                    /lib/x86_64-linux-gnu/libdl-2.19.so
7fa891058000-7fa89106d000 r-xp 00000000 08:01 4727160                    /usr/lib/jvm/java-8-oracle/lib/amd64/jli/libjli.so
7fa89106d000-7fa89126d000 ---p 00015000 08:01 4727160                    /usr/lib/jvm/java-8-oracle/lib/amd64/jli/libjli.so
7fa89126d000-7fa89126e000 rw-p 00015000 08:01 4727160                    /usr/lib/jvm/java-8-oracle/lib/amd64/jli/libjli.so
7fa89126e000-7fa891287000 r-xp 00000000 08:01 5771490                    /lib/x86_64-linux-gnu/libpthread-2.19.so
7fa891287000-7fa891486000 ---p 00019000 08:01 5771490                    /lib/x86_64-linux-gnu/libpthread-2.19.so
7fa891486000-7fa891487000 r--p 00018000 08:01 5771490                    /lib/x86_64-linux-gnu/libpthread-2.19.so
7fa891487000-7fa891488000 rw-p 00019000 08:01 5771490                    /lib/x86_64-linux-gnu/libpthread-2.19.so
7fa891488000-7fa89148c000 rw-p 00000000 00:00 0 
7fa89148c000-7fa8914af000 r-xp 00000000 08:01 5771346                    /lib/x86_64-linux-gnu/ld-2.19.so
7fa8914b5000-7fa8914bc000 r--s 00000000 08:01 1967077                    /usr/lib/x86_64-linux-gnu/gconv/gconv-modules.cache
7fa8914bc000-7fa891588000 rw-p 00000000 00:00 0 
7fa891588000-7fa89158b000 ---p 00000000 00:00 0 
7fa89158b000-7fa89168d000 rw-p 00000000 00:00 0                          [stack:26240]
7fa891692000-7fa891693000 rw-p 00000000 00:00 0 
7fa891693000-7fa8916a2000 r--s 000df000 08:01 10635452                   /home/tomasz/Android/Sdk/build-tools/23.0.2/lib/dx.jar
7fa8916a2000-7fa8916aa000 rw-s 00000000 08:01 6949199                    /tmp/hsperfdata_tomasz/26236
7fa8916aa000-7fa8916ab000 rw-p 00000000 00:00 0 
7fa8916ab000-7fa8916ac000 ---p 00000000 00:00 0 
7fa8916ac000-7fa8916ae000 rw-p 00000000 00:00 0 
7fa8916ae000-7fa8916af000 r--p 00022000 08:01 5771346                    /lib/x86_64-linux-gnu/ld-2.19.so
7fa8916af000-7fa8916b0000 rw-p 00023000 08:01 5771346                    /lib/x86_64-linux-gnu/ld-2.19.so
7fa8916b0000-7fa8916b1000 rw-p 00000000 00:00 0 
7ffc62e39000-7ffc62e5a000 rw-p 00000000 00:00 0                          [stack]
7ffc62f87000-7ffc62f89000 r--p 00000000 00:00 0                          [vvar]
7ffc62f89000-7ffc62f8b000 r-xp 00000000 00:00 0                          [vdso]
ffffffffff600000-ffffffffff601000 r-xp 00000000 00:00 0                  [vsyscall]

VM Arguments:
jvm_args: -Djava.awt.headless=true -Xmx2g -Dfile.encoding=UTF-8 -Duser.country=PL -Duser.language=pl -Duser.variant 
java_command: com.android.dx.command.Main --dex --num-threads=4 --multi-dex --main-dex-list /home/tomasz/AndroidStudioProjects/ITAssistant/app/build/intermediates/multi-dex/debug/maindexlist.txt --output /home/tomasz/AndroidStudioProjects/ITAssistant/app/build/intermediates/transforms/dex/debug/folders/1000/1f/main /home/tomasz/AndroidStudioProjects/ITAssistant/app/build/intermediates/transforms/jarMerging/debug/jars/1/1f/combined.jar
java_class_path (initial): /home/tomasz/Android/Sdk/build-tools/23.0.2/lib/dx.jar
Launcher Type: SUN_STANDARD

Environment Variables:
PATH=/usr/local/sbin:/usr/local/bin:/usr/sbin:/usr/bin:/sbin:/bin:/usr/games:/usr/local/games
LD_LIBRARY_PATH=.:
SHELL=/bin/bash
DISPLAY=:0

Signal Handlers:
SIGSEGV: [libjvm.so+0xaba2a0], sa_mask[0]=11111111011111111101111111111110, sa_flags=SA_RESTART|SA_SIGINFO
SIGBUS: [libjvm.so+0xaba2a0], sa_mask[0]=11111111011111111101111111111110, sa_flags=SA_RESTART|SA_SIGINFO
SIGFPE: [libjvm.so+0x917710], sa_mask[0]=11111111011111111101111111111110, sa_flags=SA_RESTART|SA_SIGINFO
SIGPIPE: [libjvm.so+0x917710], sa_mask[0]=11111111011111111101111111111110, sa_flags=SA_RESTART|SA_SIGINFO
SIGXFSZ: [libjvm.so+0x917710], sa_mask[0]=11111111011111111101111111111110, sa_flags=SA_RESTART|SA_SIGINFO
SIGILL: [libjvm.so+0x917710], sa_mask[0]=11111111011111111101111111111110, sa_flags=SA_RESTART|SA_SIGINFO
SIGUSR1: SIG_DFL, sa_mask[0]=00000000000000000000000000000000, sa_flags=none
SIGUSR2: [libjvm.so+0x918d40], sa_mask[0]=00100000000000000000000000000000, sa_flags=SA_RESTART|SA_SIGINFO
SIGHUP: [libjvm.so+0x91a140], sa_mask[0]=11111111011111111101111111111110, sa_flags=SA_RESTART|SA_SIGINFO
SIGINT: [libjvm.so+0x91a140], sa_mask[0]=11111111011111111101111111111110, sa_flags=SA_RESTART|SA_SIGINFO
SIGTERM: [libjvm.so+0x91a140], sa_mask[0]=11111111011111111101111111111110, sa_flags=SA_RESTART|SA_SIGINFO
SIGQUIT: [libjvm.so+0x91a140], sa_mask[0]=11111111011111111101111111111110, sa_flags=SA_RESTART|SA_SIGINFO


---------------  S Y S T E M  ---------------

OS:DISTRIB_ID=Ubuntu
DISTRIB_RELEASE=14.04
DISTRIB_CODENAME=trusty
DISTRIB_DESCRIPTION="Ubuntu 14.04.3 LTS"

uname:Linux 3.19.0-42-generic #48~14.04.1-Ubuntu SMP Fri Dec 18 10:24:49 UTC 2015 x86_64
libc:glibc 2.19 NPTL 2.19 
rlimit: STACK 8192k, CORE 0k, NPROC 23202, NOFILE 4096, AS infinity
load average:4,77 3,69 2,28

/proc/meminfo:
MemTotal:        5961332 kB
MemFree:          113808 kB
MemAvailable:     126524 kB
Buffers:            4480 kB
Cached:           535468 kB
SwapCached:            0 kB
Active:          5151024 kB
Inactive:         455360 kB
Active(anon):    5080304 kB
Inactive(anon):   387656 kB
Active(file):      70720 kB
Inactive(file):    67704 kB
Unevictable:        6244 kB
Mlocked:            6244 kB
SwapTotal:             0 kB
SwapFree:              0 kB
Dirty:              3196 kB
Writeback:             0 kB
AnonPages:       5072728 kB
Mapped:           176412 kB
Shmem:            401272 kB
Slab:              98912 kB
SReclaimable:      55932 kB
SUnreclaim:        42980 kB
KernelStack:       12368 kB
PageTables:        56340 kB
NFS_Unstable:          0 kB
Bounce:                0 kB
WritebackTmp:          0 kB
CommitLimit:     2980664 kB
Committed_AS:   10596028 kB
VmallocTotal:   34359738367 kB
VmallocUsed:      558064 kB
VmallocChunk:   34359165916 kB
HardwareCorrupted:     0 kB
AnonHugePages:   1673216 kB
CmaTotal:              0 kB
CmaFree:               0 kB
HugePages_Total:       0
HugePages_Free:        0
HugePages_Rsvd:        0
HugePages_Surp:        0
Hugepagesize:       2048 kB
DirectMap4k:      215296 kB
DirectMap2M:     5924864 kB


CPU:total 4 (2 cores per cpu, 2 threads per core) family 6 model 42 stepping 7, cmov, cx8, fxsr, mmx, sse, sse2, sse3, ssse3, sse4.1, sse4.2, popcnt, avx, aes, clmul, ht, tsc, tscinvbit

/proc/cpuinfo:
processor	: 0
vendor_id	: GenuineIntel
cpu family	: 6
model		: 42
model name	: Intel(R) Core(TM) i5-2450M CPU @ 2.50GHz
stepping	: 7
microcode	: 0x25
cpu MHz		: 2949.804
cache size	: 3072 KB
physical id	: 0
siblings	: 4
core id		: 0
cpu cores	: 2
apicid		: 0
initial apicid	: 0
fpu		: yes
fpu_exception	: yes
cpuid level	: 13
wp		: yes
flags		: fpu vme de pse tsc msr pae mce cx8 apic sep mtrr pge mca cmov pat pse36 clflush dts acpi mmx fxsr sse sse2 ss ht tm pbe syscall nx rdtscp lm constant_tsc arch_perfmon pebs bts rep_good nopl xtopology nonstop_tsc aperfmperf eagerfpu pni pclmulqdq dtes64 monitor ds_cpl vmx est tm2 ssse3 cx16 xtpr pdcm pcid sse4_1 sse4_2 x2apic popcnt tsc_deadline_timer aes xsave avx lahf_lm ida arat epb pln pts dtherm tpr_shadow vnmi flexpriority ept vpid xsaveopt
bugs		:
bogomips	: 4988.20
clflush size	: 64
cache_alignment	: 64
address sizes	: 36 bits physical, 48 bits virtual
power management:

processor	: 1
vendor_id	: GenuineIntel
cpu family	: 6
model		: 42
model name	: Intel(R) Core(TM) i5-2450M CPU @ 2.50GHz
stepping	: 7
microcode	: 0x25
cpu MHz		: 3001.660
cache size	: 3072 KB
physical id	: 0
siblings	: 4
core id		: 0
cpu cores	: 2
apicid		: 1
initial apicid	: 1
fpu		: yes
fpu_exception	: yes
cpuid level	: 13
wp		: yes
flags		: fpu vme de pse tsc msr pae mce cx8 apic sep mtrr pge mca cmov pat pse36 clflush dts acpi mmx fxsr sse sse2 ss ht tm pbe syscall nx rdtscp lm constant_tsc arch_perfmon pebs bts rep_good nopl xtopology nonstop_tsc aperfmperf eagerfpu pni pclmulqdq dtes64 monitor ds_cpl vmx est tm2 ssse3 cx16 xtpr pdcm pcid sse4_1 sse4_2 x2apic popcnt tsc_deadline_timer aes xsave avx lahf_lm ida arat epb pln pts dtherm tpr_shadow vnmi flexpriority ept vpid xsaveopt
bugs		:
bogomips	: 4988.20
clflush size	: 64
cache_alignment	: 64
address sizes	: 36 bits physical, 48 bits virtual
power management:

processor	: 2
vendor_id	: GenuineIntel
cpu family	: 6
model		: 42
model name	: Intel(R) Core(TM) i5-2450M CPU @ 2.50GHz
stepping	: 7
microcode	: 0x25
cpu MHz		: 2969.921
cache size	: 3072 KB
physical id	: 0
siblings	: 4
core id		: 1
cpu cores	: 2
apicid		: 2
initial apicid	: 2
fpu		: yes
fpu_exception	: yes
cpuid level	: 13
wp		: yes
flags		: fpu vme de pse tsc msr pae mce cx8 apic sep mtrr pge mca cmov pat pse36 clflush dts acpi mmx fxsr sse sse2 ss ht tm pbe syscall nx rdtscp lm constant_tsc arch_perfmon pebs bts rep_good nopl xtopology nonstop_tsc aperfmperf eagerfpu pni pclmulqdq dtes64 monitor ds_cpl vmx est tm2 ssse3 cx16 xtpr pdcm pcid sse4_1 sse4_2 x2apic popcnt tsc_deadline_timer aes xsave avx lahf_lm ida arat epb pln pts dtherm tpr_shadow vnmi flexpriority ept vpid xsaveopt
bugs		:
bogomips	: 4988.20
clflush size	: 64
cache_alignment	: 64
address sizes	: 36 bits physical, 48 bits virtual
power management:

processor	: 3
vendor_id	: GenuineIntel
cpu family	: 6
model		: 42
model name	: Intel(R) Core(TM) i5-2450M CPU @ 2.50GHz
stepping	: 7
microcode	: 0x25
cpu MHz		: 3042.187
cache size	: 3072 KB
physical id	: 0
siblings	: 4
core id		: 1
cpu cores	: 2
apicid		: 3
initial apicid	: 3
fpu		: yes
fpu_exception	: yes
cpuid level	: 13
wp		: yes
flags		: fpu vme de pse tsc msr pae mce cx8 apic sep mtrr pge mca cmov pat pse36 clflush dts acpi mmx fxsr sse sse2 ss ht tm pbe syscall nx rdtscp lm constant_tsc arch_perfmon pebs bts rep_good nopl xtopology nonstop_tsc aperfmperf eagerfpu pni pclmulqdq dtes64 monitor ds_cpl vmx est tm2 ssse3 cx16 xtpr pdcm pcid sse4_1 sse4_2 x2apic popcnt tsc_deadline_timer aes xsave avx lahf_lm ida arat epb pln pts dtherm tpr_shadow vnmi flexpriority ept vpid xsaveopt
bugs		:
bogomips	: 4988.20
clflush size	: 64
cache_alignment	: 64
address sizes	: 36 bits physical, 48 bits virtual
power management:



Memory: 4k page, physical 5961332k(114400k free), swap 0k(0k free)

vm_info: Java HotSpot(TM) 64-Bit Server VM (25.66-b17) for linux-amd64 JRE (1.8.0_66-b17), built on Oct  6 2015 17:28:34 by "java_re" with gcc 4.3.0 20080428 (Red Hat 4.3.0-8)

time: Fri Jan  1 22:30:05 2016
elapsed time: 29 seconds (0d 0h 0m 29s)

