#
# There is insufficient memory for the Java Runtime Environment to continue.
# Native memory allocation (mmap) failed to map 167247872 bytes for committing reserved memory.
# Possible reasons:
#   The system is out of physical RAM or swap space
#   In 32 bit mode, the process size limit was hit
# Possible solutions:
#   Reduce memory load on the system
#   Increase physical memory or swap space
#   Check if swap backing store is full
#   Use 64 bit Java on a 64 bit OS
#   Decrease Java heap size (-Xmx/-Xms)
#   Decrease number of Java threads
#   Decrease Java thread stack sizes (-Xss)
#   Set larger code cache with -XX:ReservedCodeCacheSize=
# This output file may be truncated or incomplete.
#
#  Out of Memory Error (os_linux.cpp:2627), pid=31198, tid=139778507478784
#
# JRE version: Java(TM) SE Runtime Environment (8.0_60-b27) (build 1.8.0_60-b27)
# Java VM: Java HotSpot(TM) 64-Bit Server VM (25.60-b23 mixed mode linux-amd64 compressed oops)
# Failed to write core dump. Core dumps have been disabled. To enable core dumping, try "ulimit -c unlimited" before starting Java again
#

---------------  T H R E A D  ---------------

Current thread (0x00007f20c8078000):  VMThread [stack: 0x00007f20b8391000,0x00007f20b8492000] [id=31208]

Stack: [0x00007f20b8391000,0x00007f20b8492000],  sp=0x00007f20b8490260,  free space=1020k
Native frames: (J=compiled Java code, j=interpreted, Vv=VM code, C=native code)
V  [libjvm.so+0xab97ea]  VMError::report_and_die()+0x2ba
V  [libjvm.so+0x4f9dab]  report_vm_out_of_memory(char const*, int, unsigned long, VMErrorType, char const*)+0x8b
V  [libjvm.so+0x91a7c3]  os::Linux::commit_memory_impl(char*, unsigned long, bool)+0x103
V  [libjvm.so+0x91ad19]  os::pd_commit_memory(char*, unsigned long, unsigned long, bool)+0x29
V  [libjvm.so+0x91502a]  os::commit_memory(char*, unsigned long, unsigned long, bool)+0x2a
V  [libjvm.so+0x9886d3]  PSVirtualSpace::expand_by(unsigned long)+0x53
V  [libjvm.so+0x978fc0]  PSOldGen::expand(unsigned long)+0x170
V  [libjvm.so+0x9791cb]  PSOldGen::resize(unsigned long)+0x1cb
V  [libjvm.so+0x980ea1]  PSParallelCompact::invoke_no_policy(bool)+0x991
V  [libjvm.so+0x9867fd]  PSScavenge::invoke()+0x1ad
V  [libjvm.so+0x93e430]  ParallelScavengeHeap::failed_mem_allocate(unsigned long)+0x70
V  [libjvm.so+0xabb207]  VM_ParallelGCFailedAllocation::doit()+0x97
V  [libjvm.so+0xac2c35]  VM_Operation::evaluate()+0x55
V  [libjvm.so+0xac100a]  VMThread::evaluate_operation(VM_Operation*)+0xba
V  [libjvm.so+0xac138e]  VMThread::loop()+0x1ce
V  [libjvm.so+0xac1800]  VMThread::run()+0x70
V  [libjvm.so+0x91cb88]  java_start(Thread*)+0x108

VM_Operation (0x00007f20b0fe2d30): ParallelGCFailedAllocation, mode: safepoint, requested by thread 0x00007f20c8196000


---------------  P R O C E S S  ---------------

Java Threads: ( => current thread )
  0x00007f20c8197800 JavaThread "pool-2-thread-4" [_thread_blocked, id=31221, stack(0x00007f20b0de3000,0x00007f20b0ee4000)]
  0x00007f20c8196000 JavaThread "pool-2-thread-3" [_thread_blocked, id=31220, stack(0x00007f20b0ee4000,0x00007f20b0fe5000)]
  0x00007f20c8194800 JavaThread "pool-2-thread-2" [_thread_blocked, id=31219, stack(0x00007f20b0fe5000,0x00007f20b10e6000)]
  0x00007f20c8190000 JavaThread "pool-3-thread-1" [_thread_blocked, id=31218, stack(0x00007f20b10e6000,0x00007f20b11e7000)]
  0x00007f20c818b800 JavaThread "pool-2-thread-1" [_thread_blocked, id=31217, stack(0x00007f20b11e7000,0x00007f20b12e8000)]
  0x00007f20c80ca800 JavaThread "Service Thread" daemon [_thread_blocked, id=31215, stack(0x00007f20b13e9000,0x00007f20b14ea000)]
  0x00007f20c80bd800 JavaThread "C1 CompilerThread2" daemon [_thread_blocked, id=31214, stack(0x00007f20b14ea000,0x00007f20b15eb000)]
  0x00007f20c80bb800 JavaThread "C2 CompilerThread1" daemon [_thread_blocked, id=31213, stack(0x00007f20b15eb000,0x00007f20b16ec000)]
  0x00007f20c80b8800 JavaThread "C2 CompilerThread0" daemon [_thread_blocked, id=31212, stack(0x00007f20b16ec000,0x00007f20b17ed000)]
  0x00007f20c80b7000 JavaThread "Signal Dispatcher" daemon [_thread_blocked, id=31211, stack(0x00007f20b808e000,0x00007f20b818f000)]
  0x00007f20c807f000 JavaThread "Finalizer" daemon [_thread_blocked, id=31210, stack(0x00007f20b818f000,0x00007f20b8290000)]
  0x00007f20c807d000 JavaThread "Reference Handler" daemon [_thread_blocked, id=31209, stack(0x00007f20b8290000,0x00007f20b8391000)]
  0x00007f20c800a000 JavaThread "main" [_thread_blocked, id=31203, stack(0x00007f20d0a39000,0x00007f20d0b3a000)]

Other Threads:
=>0x00007f20c8078000 VMThread [stack: 0x00007f20b8391000,0x00007f20b8492000] [id=31208]
  0x00007f20c80cd000 WatcherThread [stack: 0x00007f20b12e8000,0x00007f20b13e9000] [id=31216]

VM state:at safepoint (normal execution)

VM Mutex/Monitor currently owned by a thread:  ([mutex/lock_event])
[0x00007f20c8005e10] ExpandHeap_lock - owner thread: 0x00007f20c8078000
[0x00007f20c8006490] Threads_lock - owner thread: 0x00007f20c8078000
[0x00007f20c8006990] Heap_lock - owner thread: 0x00007f20c8196000

Heap:
 PSYoungGen      total 231936K, used 0K [0x00000000eab00000, 0x00000000fff00000, 0x0000000100000000)
  eden space 116736K, 0% used [0x00000000eab00000,0x00000000eab00000,0x00000000f1d00000)
  from space 115200K, 0% used [0x00000000f8e80000,0x00000000f8e80000,0x00000000fff00000)
  to   space 115712K, 0% used [0x00000000f1d00000,0x00000000f1d00000,0x00000000f8e00000)
 ParOldGen       total 512512K, used 483674K [0x00000000c0000000, 0x00000000df480000, 0x00000000eab00000)
  object space 512512K, 94% used [0x00000000c0000000,0x00000000dd856878,0x00000000df480000)
 Metaspace       used 6444K, capacity 7282K, committed 7552K, reserved 1056768K
  class space    used 606K, capacity 618K, committed 640K, reserved 1048576K

Card table byte_map: [0x00007f20cd600000,0x00007f20cd801000] byte_map_base: 0x00007f20cd000000

Marking Bits: (ParMarkBitMap*) 0x00007f20cff0fde0
 Begin Bits: [0x00007f20b2000000, 0x00007f20b3000000)
 End Bits:   [0x00007f20b3000000, 0x00007f20b4000000)

Polling page: 0x00007f20d0b57000

CodeCache: size=245760Kb used=11551Kb max_used=11620Kb free=234208Kb
 bounds [0x00007f20b9000000, 0x00007f20b9b70000, 0x00007f20c8000000]
 total_blobs=2736 nmethods=2467 adapters=182
 compilation: enabled

Compilation events (10 events):
Event: 21,596 Thread 0x00007f20c80b8800 nmethod 2672 0x00007f20b9b5ead0 code [0x00007f20b9b5eec0, 0x00007f20b9b62df0]
Event: 21,599 Thread 0x00007f20c80b8800 2734       4       com.android.dx.rop.code.LocalVariableExtractor::processBlock (327 bytes)
Event: 21,644 Thread 0x00007f20c80bd800 2739 %     3       com.android.dx.cf.code.ByteCatchList::toTargetList @ 70 (114 bytes)
Event: 21,693 Thread 0x00007f20c80bd800 nmethod 2739% 0x00007f20b9afb190 code [0x00007f20b9afb3c0, 0x00007f20b9afc288]
Event: 21,788 Thread 0x00007f20c80bd800 2742       3       com.android.dx.cf.code.ByteCatchList::toTargetList (114 bytes)
Event: 21,908 Thread 0x00007f20c80bd800 nmethod 2742 0x00007f20b9100c50 code [0x00007f20b9100e80, 0x00007f20b9101c08]
Event: 21,909 Thread 0x00007f20c80bd800 2743 %     3       com.android.dx.cf.code.ByteCatchList::toRopCatchList @ 24 (57 bytes)
Event: 21,911 Thread 0x00007f20c80bd800 nmethod 2743% 0x00007f20b91164d0 code [0x00007f20b9116720, 0x00007f20b9117848]
Event: 21,911 Thread 0x00007f20c80bd800 2744       3       com.android.dx.cf.code.ByteCatchList::toRopCatchList (57 bytes)
Event: 21,913 Thread 0x00007f20c80bd800 nmethod 2744 0x00007f20b913e150 code [0x00007f20b913e3a0, 0x00007f20b913f408]

GC Heap History (10 events):
Event: 19,027 GC heap after
Heap after GC invocations=24 (full 4):
 PSYoungGen      total 232960K, used 31187K [0x00000000eab00000, 0x0000000100000000, 0x0000000100000000)
  eden space 116736K, 0% used [0x00000000eab00000,0x00000000eab00000,0x00000000f1d00000)
  from space 116224K, 26% used [0x00000000f8e80000,0x00000000facf4d10,0x0000000100000000)
  to   space 116224K, 0% used [0x00000000f1d00000,0x00000000f1d00000,0x00000000f8e80000)
 ParOldGen       total 512512K, used 377799K [0x00000000c0000000, 0x00000000df480000, 0x00000000eab00000)
  object space 512512K, 73% used [0x00000000c0000000,0x00000000d70f1e00,0x00000000df480000)
 Metaspace       used 6443K, capacity 7282K, committed 7552K, reserved 1056768K
  class space    used 606K, capacity 618K, committed 640K, reserved 1048576K
}
Event: 19,683 GC heap before
{Heap before GC invocations=25 (full 4):
 PSYoungGen      total 232960K, used 147923K [0x00000000eab00000, 0x0000000100000000, 0x0000000100000000)
  eden space 116736K, 100% used [0x00000000eab00000,0x00000000f1d00000,0x00000000f1d00000)
  from space 116224K, 26% used [0x00000000f8e80000,0x00000000facf4d10,0x0000000100000000)
  to   space 116224K, 0% used [0x00000000f1d00000,0x00000000f1d00000,0x00000000f8e80000)
 ParOldGen       total 512512K, used 377799K [0x00000000c0000000, 0x00000000df480000, 0x00000000eab00000)
  object space 512512K, 73% used [0x00000000c0000000,0x00000000d70f1e00,0x00000000df480000)
 Metaspace       used 6444K, capacity 7282K, committed 7552K, reserved 1056768K
  class space    used 606K, capacity 618K, committed 640K, reserved 1048576K
Event: 19,893 GC heap after
Heap after GC invocations=25 (full 4):
 PSYoungGen      total 232960K, used 19392K [0x00000000eab00000, 0x0000000100000000, 0x0000000100000000)
  eden space 116736K, 0% used [0x00000000eab00000,0x00000000eab00000,0x00000000f1d00000)
  from space 116224K, 16% used [0x00000000f1d00000,0x00000000f2ff0000,0x00000000f8e80000)
  to   space 116224K, 0% used [0x00000000f8e80000,0x00000000f8e80000,0x0000000100000000)
 ParOldGen       total 512512K, used 408262K [0x00000000c0000000, 0x00000000df480000, 0x00000000eab00000)
  object space 512512K, 79% used [0x00000000c0000000,0x00000000d8eb1b48,0x00000000df480000)
 Metaspace       used 6444K, capacity 7282K, committed 7552K, reserved 1056768K
  class space    used 606K, capacity 618K, committed 640K, reserved 1048576K
}
Event: 20,498 GC heap before
{Heap before GC invocations=26 (full 4):
 PSYoungGen      total 232960K, used 136128K [0x00000000eab00000, 0x0000000100000000, 0x0000000100000000)
  eden space 116736K, 100% used [0x00000000eab00000,0x00000000f1d00000,0x00000000f1d00000)
  from space 116224K, 16% used [0x00000000f1d00000,0x00000000f2ff0000,0x00000000f8e80000)
  to   space 116224K, 0% used [0x00000000f8e80000,0x00000000f8e80000,0x0000000100000000)
 ParOldGen       total 512512K, used 408262K [0x00000000c0000000, 0x00000000df480000, 0x00000000eab00000)
  object space 512512K, 79% used [0x00000000c0000000,0x00000000d8eb1b48,0x00000000df480000)
 Metaspace       used 6444K, capacity 7282K, committed 7552K, reserved 1056768K
  class space    used 606K, capacity 618K, committed 640K, reserved 1048576K
Event: 20,632 GC heap after
Heap after GC invocations=26 (full 4):
 PSYoungGen      total 232960K, used 20088K [0x00000000eab00000, 0x0000000100000000, 0x0000000100000000)
  eden space 116736K, 0% used [0x00000000eab00000,0x00000000eab00000,0x00000000f1d00000)
  from space 116224K, 17% used [0x00000000f8e80000,0x00000000fa21e1a8,0x0000000100000000)
  to   space 116224K, 0% used [0x00000000f1d00000,0x00000000f1d00000,0x00000000f8e80000)
 ParOldGen       total 512512K, used 426776K [0x00000000c0000000, 0x00000000df480000, 0x00000000eab00000)
  object space 512512K, 83% used [0x00000000c0000000,0x00000000da0c62c8,0x00000000df480000)
 Metaspace       used 6444K, capacity 7282K, committed 7552K, reserved 1056768K
  class space    used 606K, capacity 618K, committed 640K, reserved 1048576K
}
Event: 21,334 GC heap before
{Heap before GC invocations=27 (full 4):
 PSYoungGen      total 232960K, used 136824K [0x00000000eab00000, 0x0000000100000000, 0x0000000100000000)
  eden space 116736K, 100% used [0x00000000eab00000,0x00000000f1d00000,0x00000000f1d00000)
  from space 116224K, 17% used [0x00000000f8e80000,0x00000000fa21e1a8,0x0000000100000000)
  to   space 116224K, 0% used [0x00000000f1d00000,0x00000000f1d00000,0x00000000f8e80000)
 ParOldGen       total 512512K, used 426776K [0x00000000c0000000, 0x00000000df480000, 0x00000000eab00000)
  object space 512512K, 83% used [0x00000000c0000000,0x00000000da0c62c8,0x00000000df480000)
 Metaspace       used 6444K, capacity 7282K, committed 7552K, reserved 1056768K
  class space    used 606K, capacity 618K, committed 640K, reserved 1048576K
Event: 21,506 GC heap after
Heap after GC invocations=27 (full 4):
 PSYoungGen      total 232960K, used 20450K [0x00000000eab00000, 0x0000000100000000, 0x0000000100000000)
  eden space 116736K, 0% used [0x00000000eab00000,0x00000000eab00000,0x00000000f1d00000)
  from space 116224K, 17% used [0x00000000f1d00000,0x00000000f30f8a30,0x00000000f8e80000)
  to   space 116224K, 0% used [0x00000000f8e80000,0x00000000f8e80000,0x0000000100000000)
 ParOldGen       total 512512K, used 445750K [0x00000000c0000000, 0x00000000df480000, 0x00000000eab00000)
  object space 512512K, 86% used [0x00000000c0000000,0x00000000db34da50,0x00000000df480000)
 Metaspace       used 6444K, capacity 7282K, committed 7552K, reserved 1056768K
  class space    used 606K, capacity 618K, committed 640K, reserved 1048576K
}
Event: 22,202 GC heap before
{Heap before GC invocations=28 (full 4):
 PSYoungGen      total 232960K, used 137186K [0x00000000eab00000, 0x0000000100000000, 0x0000000100000000)
  eden space 116736K, 100% used [0x00000000eab00000,0x00000000f1d00000,0x00000000f1d00000)
  from space 116224K, 17% used [0x00000000f1d00000,0x00000000f30f8a30,0x00000000f8e80000)
  to   space 116224K, 0% used [0x00000000f8e80000,0x00000000f8e80000,0x0000000100000000)
 ParOldGen       total 512512K, used 445750K [0x00000000c0000000, 0x00000000df480000, 0x00000000eab00000)
  object space 512512K, 86% used [0x00000000c0000000,0x00000000db34da50,0x00000000df480000)
 Metaspace       used 6444K, capacity 7282K, committed 7552K, reserved 1056768K
  class space    used 606K, capacity 618K, committed 640K, reserved 1048576K
Event: 22,409 GC heap after
Heap after GC invocations=28 (full 4):
 PSYoungGen      total 231936K, used 20086K [0x00000000eab00000, 0x00000000fff00000, 0x0000000100000000)
  eden space 116736K, 0% used [0x00000000eab00000,0x00000000eab00000,0x00000000f1d00000)
  from space 115200K, 17% used [0x00000000f8e80000,0x00000000fa21d868,0x00000000fff00000)
  to   space 115712K, 0% used [0x00000000f1d00000,0x00000000f1d00000,0x00000000f8e00000)
 ParOldGen       total 512512K, used 465170K [0x00000000c0000000, 0x00000000df480000, 0x00000000eab00000)
  object space 512512K, 90% used [0x00000000c0000000,0x00000000dc644938,0x00000000df480000)
 Metaspace       used 6444K, capacity 7282K, committed 7552K, reserved 1056768K
  class space    used 606K, capacity 618K, committed 640K, reserved 1048576K
}
Event: 22,423 GC heap before
{Heap before GC invocations=29 (full 5):
 PSYoungGen      total 231936K, used 20086K [0x00000000eab00000, 0x00000000fff00000, 0x0000000100000000)
  eden space 116736K, 0% used [0x00000000eab00000,0x00000000eab00000,0x00000000f1d00000)
  from space 115200K, 17% used [0x00000000f8e80000,0x00000000fa21d868,0x00000000fff00000)
  to   space 115712K, 0% used [0x00000000f1d00000,0x00000000f1d00000,0x00000000f8e00000)
 ParOldGen       total 512512K, used 465170K [0x00000000c0000000, 0x00000000df480000, 0x00000000eab00000)
  object space 512512K, 90% used [0x00000000c0000000,0x00000000dc644938,0x00000000df480000)
 Metaspace       used 6444K, capacity 7282K, committed 7552K, reserved 1056768K
  class space    used 606K, capacity 618K, committed 640K, reserved 1048576K

Deoptimization events (10 events):
Event: 12,029 Thread 0x00007f20c800a000 Uncommon trap: reason=class_check action=maybe_recompile pc=0x00007f20b9a07f28 method=com.android.dx.ssa.SCCP.replaceConstants()V @ 182
Event: 15,337 Thread 0x00007f20c800a000 Uncommon trap: reason=unstable_if action=reinterpret pc=0x00007f20b9a69ac8 method=com.android.dx.ssa.PhiTypeResolver.resolveResultType(Lcom/android/dx/ssa/PhiInsn;)Z @ 64
Event: 15,405 Thread 0x00007f20c800a000 Uncommon trap: reason=unstable_if action=reinterpret pc=0x00007f20b99efa2c method=com.android.dx.ssa.LocalVariableExtractor.doit()Lcom/android/dx/ssa/LocalVariableInfo; @ 7
Event: 15,405 Thread 0x00007f20c800a000 Uncommon trap: reason=unstable_if action=reinterpret pc=0x00007f20b9a64c08 method=java.util.ArrayList.<init>(I)V @ 5
Event: 15,406 Thread 0x00007f20c800a000 Uncommon trap: reason=unstable_if action=reinterpret pc=0x00007f20b9aa4b1c method=com.android.dx.rop.code.RegisterSpecSet.<init>(I)V @ 2
Event: 15,406 Thread 0x00007f20c800a000 Uncommon trap: reason=unstable_if action=reinterpret pc=0x00007f20b934b1f4 method=com.android.dx.rop.code.RegisterSpecSet.<init>(I)V @ 2
Event: 18,437 Thread 0x00007f20c818b800 Uncommon trap: reason=unstable_if action=reinterpret pc=0x00007f20b9ad647c method=com.android.dx.dex.code.OutputFinisher.hasLocalInfo(Lcom/android/dx/rop/code/RegisterSpec;)Z @ 1
Event: 18,477 Thread 0x00007f20c8196000 Uncommon trap: reason=unstable_if action=reinterpret pc=0x00007f20b9ada754 method=com.android.dx.util.BitIntSet.has(I)Z @ 8
Event: 20,107 Thread 0x00007f20c818b800 Uncommon trap: reason=unstable_if action=reinterpret pc=0x00007f20b9b0c66c method=com.android.dx.cf.code.ExecutionStack.<init>(I)V @ 2
Event: 20,107 Thread 0x00007f20c8197800 Uncommon trap: reason=unstable_if action=reinterpret pc=0x00007f20b9b0c66c method=com.android.dx.cf.code.ExecutionStack.<init>(I)V @ 2

Internal exceptions (10 events):
Event: 0,029 Thread 0x00007f20c800a000 Exception <a 'java/lang/NoSuchMethodError': Method sun.misc.Unsafe.prefetchRead(Ljava/lang/Object;J)V name or signature does not match> (0x00000000eab12e80) thrown at [/HUDSON/workspace/8-2-build-linux-amd64/jdk8u60/4407/hotspot/src/share/vm/prims/jni.cpp
Event: 0,570 Thread 0x00007f20c818b800 Implicit null exception at 0x00007f20b92c116c to 0x00007f20b92c3751
Event: 1,032 Thread 0x00007f20c8194800 Exception <a 'java/lang/ArrayIndexOutOfBoundsException': 18> (0x00000000ecb7fed0) thrown at [/HUDSON/workspace/8-2-build-linux-amd64/jdk8u60/4407/hotspot/src/share/vm/interpreter/interpreterRuntime.cpp, line 366]
Event: 1,032 Thread 0x00007f20c8194800 Exception <a 'java/lang/ArrayIndexOutOfBoundsException': 145> (0x00000000ecb81a50) thrown at [/HUDSON/workspace/8-2-build-linux-amd64/jdk8u60/4407/hotspot/src/share/vm/interpreter/interpreterRuntime.cpp, line 366]
Event: 1,033 Thread 0x00007f20c8194800 Exception <a 'java/lang/ArrayIndexOutOfBoundsException': 40> (0x00000000ecb82d38) thrown at [/HUDSON/workspace/8-2-build-linux-amd64/jdk8u60/4407/hotspot/src/share/vm/interpreter/interpreterRuntime.cpp, line 366]
Event: 2,006 Thread 0x00007f20c8196000 Implicit null exception at 0x00007f20b93f9d3b to 0x00007f20b93f9ec5
Event: 5,106 Thread 0x00007f20c8197800 Implicit null exception at 0x00007f20b975231e to 0x00007f20b97547a9
Event: 5,106 Thread 0x00007f20c8197800 Implicit null exception at 0x00007f20b9881533 to 0x00007f20b98817f1
Event: 15,337 Thread 0x00007f20c800a000 Implicit null exception at 0x00007f20b9a6682f to 0x00007f20b9a69a82
Event: 18,437 Thread 0x00007f20c818b800 Implicit null exception at 0x00007f20b9ad4fe9 to 0x00007f20b9ad645d

Events (10 events):
Event: 21,913 Thread 0x00007f20c8194800 DEOPT UNPACKING pc=0x00007f20b9047633 sp=0x00007f20b10e3b70 mode 0
Event: 21,939 Thread 0x00007f20c8194800 DEOPT PACKING pc=0x00007f20b938716c sp=0x00007f20b10e4190
Event: 21,939 Thread 0x00007f20c8194800 DEOPT UNPACKING pc=0x00007f20b9047633 sp=0x00007f20b10e3e90 mode 0
Event: 21,964 Thread 0x00007f20c818b800 DEOPT PACKING pc=0x00007f20b94dfe56 sp=0x00007f20b12e5da0
Event: 21,965 Thread 0x00007f20c818b800 DEOPT UNPACKING pc=0x00007f20b9047633 sp=0x00007f20b12e5c00 mode 0
Event: 22,035 Thread 0x00007f20c818b800 DEOPT PACKING pc=0x00007f20b94dfe56 sp=0x00007f20b12e5da0
Event: 22,036 Thread 0x00007f20c8196000 DEOPT PACKING pc=0x00007f20b938716c sp=0x00007f20b0fe2f10
Event: 22,043 Thread 0x00007f20c818b800 DEOPT UNPACKING pc=0x00007f20b9047633 sp=0x00007f20b12e5c00 mode 0
Event: 22,049 Thread 0x00007f20c8196000 DEOPT UNPACKING pc=0x00007f20b9047633 sp=0x00007f20b0fe2c10 mode 0
Event: 22,163 Executing VM operation: ParallelGCFailedAllocation


Dynamic libraries:
00400000-00401000 r-xp 00000000 08:01 2362311                            /usr/lib/jvm/java-8-oracle/bin/java
00600000-00601000 rw-p 00000000 08:01 2362311                            /usr/lib/jvm/java-8-oracle/bin/java
00e5e000-00e7f000 rw-p 00000000 00:00 0                                  [heap]
c0000000-df480000 rw-p 00000000 00:00 0 
e9400000-eab00000 ---p 00000000 00:00 0 
eab00000-fff00000 rw-p 00000000 00:00 0 
fff00000-100000000 ---p 00000000 00:00 0 
100000000-1000a0000 rw-p 00000000 00:00 0 
1000a0000-140000000 ---p 00000000 00:00 0 
7f206c000000-7f206c021000 rw-p 00000000 00:00 0 
7f206c021000-7f2070000000 ---p 00000000 00:00 0 
7f2070000000-7f2070029000 rw-p 00000000 00:00 0 
7f2070029000-7f2074000000 ---p 00000000 00:00 0 
7f2074000000-7f2074021000 rw-p 00000000 00:00 0 
7f2074021000-7f2078000000 ---p 00000000 00:00 0 
7f2078000000-7f2078025000 rw-p 00000000 00:00 0 
7f2078025000-7f207c000000 ---p 00000000 00:00 0 
7f207c000000-7f207c021000 rw-p 00000000 00:00 0 
7f207c021000-7f2080000000 ---p 00000000 00:00 0 
7f2080000000-7f2080060000 rw-p 00000000 00:00 0 
7f2080060000-7f2084000000 ---p 00000000 00:00 0 
7f2084000000-7f2084c78000 rw-p 00000000 00:00 0 
7f2084c78000-7f2088000000 ---p 00000000 00:00 0 
7f2088000000-7f2088021000 rw-p 00000000 00:00 0 
7f2088021000-7f208c000000 ---p 00000000 00:00 0 
7f208c000000-7f208dd51000 rw-p 00000000 00:00 0 
7f208dd51000-7f2090000000 ---p 00000000 00:00 0 
7f2090000000-7f20913ca000 rw-p 00000000 00:00 0 
7f20913ca000-7f2094000000 ---p 00000000 00:00 0 
7f2094000000-7f2094021000 rw-p 00000000 00:00 0 
7f2094021000-7f2098000000 ---p 00000000 00:00 0 
7f2098000000-7f2098021000 rw-p 00000000 00:00 0 
7f2098021000-7f209c000000 ---p 00000000 00:00 0 
7f209c000000-7f209c29f000 rw-p 00000000 00:00 0 
7f209c29f000-7f20a0000000 ---p 00000000 00:00 0 
7f20a0000000-7f20a0021000 rw-p 00000000 00:00 0 
7f20a0021000-7f20a4000000 ---p 00000000 00:00 0 
7f20a4000000-7f20a4021000 rw-p 00000000 00:00 0 
7f20a4021000-7f20a8000000 ---p 00000000 00:00 0 
7f20a8000000-7f20a8021000 rw-p 00000000 00:00 0 
7f20a8021000-7f20ac000000 ---p 00000000 00:00 0 
7f20ac000000-7f20ac021000 rw-p 00000000 00:00 0 
7f20ac021000-7f20b0000000 ---p 00000000 00:00 0 
7f20b0db7000-7f20b0dbe000 r--s 00000000 08:01 1967077                    /usr/lib/x86_64-linux-gnu/gconv/gconv-modules.cache
7f20b0dbe000-7f20b0de3000 r--p 00000000 08:01 2361987                    /usr/share/locale-langpack/pl/LC_MESSAGES/libc.mo
7f20b0de3000-7f20b0de6000 ---p 00000000 00:00 0 
7f20b0de6000-7f20b0ee4000 rw-p 00000000 00:00 0                          [stack:31221]
7f20b0ee4000-7f20b0ee7000 ---p 00000000 00:00 0 
7f20b0ee7000-7f20b0fe5000 rw-p 00000000 00:00 0                          [stack:31220]
7f20b0fe5000-7f20b0fe8000 ---p 00000000 00:00 0 
7f20b0fe8000-7f20b10e6000 rw-p 00000000 00:00 0                          [stack:31219]
7f20b10e6000-7f20b10e9000 ---p 00000000 00:00 0 
7f20b10e9000-7f20b11e7000 rw-p 00000000 00:00 0                          [stack:31218]
7f20b11e7000-7f20b11ea000 ---p 00000000 00:00 0 
7f20b11ea000-7f20b12e8000 rw-p 00000000 00:00 0                          [stack:31217]
7f20b12e8000-7f20b12e9000 ---p 00000000 00:00 0 
7f20b12e9000-7f20b13e9000 rw-p 00000000 00:00 0                          [stack:31216]
7f20b13e9000-7f20b13ec000 ---p 00000000 00:00 0 
7f20b13ec000-7f20b14ea000 rw-p 00000000 00:00 0                          [stack:31215]
7f20b14ea000-7f20b14ed000 ---p 00000000 00:00 0 
7f20b14ed000-7f20b15eb000 rw-p 00000000 00:00 0                          [stack:31214]
7f20b15eb000-7f20b15ee000 ---p 00000000 00:00 0 
7f20b15ee000-7f20b16ec000 rw-p 00000000 00:00 0                          [stack:31213]
7f20b16ec000-7f20b16ef000 ---p 00000000 00:00 0 
7f20b16ef000-7f20b17ed000 rw-p 00000000 00:00 0                          [stack:31212]
7f20b17ed000-7f20b2000000 r--p 00000000 08:01 1579663                    /usr/lib/locale/locale-archive
7f20b2000000-7f20b4000000 rw-p 00000000 00:00 0 
7f20b4000000-7f20b4021000 rw-p 00000000 00:00 0 
7f20b4021000-7f20b8000000 ---p 00000000 00:00 0 
7f20b8004000-7f20b808e000 r--s 006d9000 08:01 1837400                    /home/tomasz/AndroidStudioProjects/ITAssistant/app/build/intermediates/transforms/CLASSES/FULL_PROJECT/jarMerging/debug/classes.jar
7f20b808e000-7f20b8091000 ---p 00000000 00:00 0 
7f20b8091000-7f20b818f000 rw-p 00000000 00:00 0                          [stack:31211]
7f20b818f000-7f20b8192000 ---p 00000000 00:00 0 
7f20b8192000-7f20b8290000 rw-p 00000000 00:00 0                          [stack:31210]
7f20b8290000-7f20b8293000 ---p 00000000 00:00 0 
7f20b8293000-7f20b8391000 rw-p 00000000 00:00 0                          [stack:31209]
7f20b8391000-7f20b8392000 ---p 00000000 00:00 0 
7f20b8392000-7f20b9000000 rw-p 00000000 00:00 0                          [stack:31208]
7f20b9000000-7f20b9b70000 rwxp 00000000 00:00 0 
7f20b9b70000-7f20c8000000 ---p 00000000 00:00 0 
7f20c8000000-7f20c83ce000 rw-p 00000000 00:00 0 
7f20c83ce000-7f20cc000000 ---p 00000000 00:00 0 
7f20cc005000-7f20cc458000 rw-p 00000000 00:00 0 
7f20cc458000-7f20cc630000 r--s 03d17000 08:01 2107729                    /usr/lib/jvm/java-8-oracle/jre/lib/rt.jar
7f20cc630000-7f20ccd66000 rw-p 00000000 00:00 0 
7f20ccd66000-7f20ccea6000 ---p 00000000 00:00 0 
7f20ccea6000-7f20cd0a6000 rw-p 00000000 00:00 0 
7f20cd0a6000-7f20cd0a7000 ---p 00000000 00:00 0 
7f20cd0a7000-7f20cd1a7000 rw-p 00000000 00:00 0                          [stack:31207]
7f20cd1a7000-7f20cd1a8000 ---p 00000000 00:00 0 
7f20cd1a8000-7f20cd2a8000 rw-p 00000000 00:00 0                          [stack:31206]
7f20cd2a8000-7f20cd2a9000 ---p 00000000 00:00 0 
7f20cd2a9000-7f20cd3a9000 rw-p 00000000 00:00 0                          [stack:31205]
7f20cd3a9000-7f20cd3aa000 ---p 00000000 00:00 0 
7f20cd3aa000-7f20cd5a5000 rw-p 00000000 00:00 0                          [stack:31204]
7f20cd5a5000-7f20cd600000 ---p 00000000 00:00 0 
7f20cd600000-7f20cd6fb000 rw-p 00000000 00:00 0 
7f20cd6fb000-7f20cd755000 ---p 00000000 00:00 0 
7f20cd755000-7f20cd800000 rw-p 00000000 00:00 0 
7f20cd800000-7f20cd82f000 rw-p 00000000 00:00 0 
7f20cd82f000-7f20cdbc1000 ---p 00000000 00:00 0 
7f20cdbc1000-7f20cdbdb000 r-xp 00000000 08:01 2107706                    /usr/lib/jvm/java-8-oracle/jre/lib/amd64/libzip.so
7f20cdbdb000-7f20cdddb000 ---p 0001a000 08:01 2107706                    /usr/lib/jvm/java-8-oracle/jre/lib/amd64/libzip.so
7f20cdddb000-7f20cdddc000 rw-p 0001a000 08:01 2107706                    /usr/lib/jvm/java-8-oracle/jre/lib/amd64/libzip.so
7f20cdddc000-7f20cdde7000 r-xp 00000000 08:01 5771445                    /lib/x86_64-linux-gnu/libnss_files-2.19.so
7f20cdde7000-7f20cdfe6000 ---p 0000b000 08:01 5771445                    /lib/x86_64-linux-gnu/libnss_files-2.19.so
7f20cdfe6000-7f20cdfe7000 r--p 0000a000 08:01 5771445                    /lib/x86_64-linux-gnu/libnss_files-2.19.so
7f20cdfe7000-7f20cdfe8000 rw-p 0000b000 08:01 5771445                    /lib/x86_64-linux-gnu/libnss_files-2.19.so
7f20cdfe8000-7f20cdff3000 r-xp 00000000 08:01 5771455                    /lib/x86_64-linux-gnu/libnss_nis-2.19.so
7f20cdff3000-7f20ce1f2000 ---p 0000b000 08:01 5771455                    /lib/x86_64-linux-gnu/libnss_nis-2.19.so
7f20ce1f2000-7f20ce1f3000 r--p 0000a000 08:01 5771455                    /lib/x86_64-linux-gnu/libnss_nis-2.19.so
7f20ce1f3000-7f20ce1f4000 rw-p 0000b000 08:01 5771455                    /lib/x86_64-linux-gnu/libnss_nis-2.19.so
7f20ce1f4000-7f20ce20b000 r-xp 00000000 08:01 5771439                    /lib/x86_64-linux-gnu/libnsl-2.19.so
7f20ce20b000-7f20ce40a000 ---p 00017000 08:01 5771439                    /lib/x86_64-linux-gnu/libnsl-2.19.so
7f20ce40a000-7f20ce40b000 r--p 00016000 08:01 5771439                    /lib/x86_64-linux-gnu/libnsl-2.19.so
7f20ce40b000-7f20ce40c000 rw-p 00017000 08:01 5771439                    /lib/x86_64-linux-gnu/libnsl-2.19.so
7f20ce40c000-7f20ce40e000 rw-p 00000000 00:00 0 
7f20ce40e000-7f20ce417000 r-xp 00000000 08:01 5771441                    /lib/x86_64-linux-gnu/libnss_compat-2.19.so
7f20ce417000-7f20ce616000 ---p 00009000 08:01 5771441                    /lib/x86_64-linux-gnu/libnss_compat-2.19.so
7f20ce616000-7f20ce617000 r--p 00008000 08:01 5771441                    /lib/x86_64-linux-gnu/libnss_compat-2.19.so
7f20ce617000-7f20ce618000 rw-p 00009000 08:01 5771441                    /lib/x86_64-linux-gnu/libnss_compat-2.19.so
7f20ce618000-7f20ce642000 r-xp 00000000 08:01 2107695                    /usr/lib/jvm/java-8-oracle/jre/lib/amd64/libjava.so
7f20ce642000-7f20ce842000 ---p 0002a000 08:01 2107695                    /usr/lib/jvm/java-8-oracle/jre/lib/amd64/libjava.so
7f20ce842000-7f20ce844000 rw-p 0002a000 08:01 2107695                    /usr/lib/jvm/java-8-oracle/jre/lib/amd64/libjava.so
7f20ce844000-7f20ce851000 r-xp 00000000 08:01 2107656                    /usr/lib/jvm/java-8-oracle/jre/lib/amd64/libverify.so
7f20ce851000-7f20cea51000 ---p 0000d000 08:01 2107656                    /usr/lib/jvm/java-8-oracle/jre/lib/amd64/libverify.so
7f20cea51000-7f20cea53000 rw-p 0000d000 08:01 2107656                    /usr/lib/jvm/java-8-oracle/jre/lib/amd64/libverify.so
7f20cea53000-7f20cea5a000 r-xp 00000000 08:01 5771498                    /lib/x86_64-linux-gnu/librt-2.19.so
7f20cea5a000-7f20cec59000 ---p 00007000 08:01 5771498                    /lib/x86_64-linux-gnu/librt-2.19.so
7f20cec59000-7f20cec5a000 r--p 00006000 08:01 5771498                    /lib/x86_64-linux-gnu/librt-2.19.so
7f20cec5a000-7f20cec5b000 rw-p 00007000 08:01 5771498                    /lib/x86_64-linux-gnu/librt-2.19.so
7f20cec5b000-7f20ced60000 r-xp 00000000 08:01 5771420                    /lib/x86_64-linux-gnu/libm-2.19.so
7f20ced60000-7f20cef5f000 ---p 00105000 08:01 5771420                    /lib/x86_64-linux-gnu/libm-2.19.so
7f20cef5f000-7f20cef60000 r--p 00104000 08:01 5771420                    /lib/x86_64-linux-gnu/libm-2.19.so
7f20cef60000-7f20cef61000 rw-p 00105000 08:01 5771420                    /lib/x86_64-linux-gnu/libm-2.19.so
7f20cef61000-7f20cfc1f000 r-xp 00000000 08:01 2107705                    /usr/lib/jvm/java-8-oracle/jre/lib/amd64/server/libjvm.so
7f20cfc1f000-7f20cfe1e000 ---p 00cbe000 08:01 2107705                    /usr/lib/jvm/java-8-oracle/jre/lib/amd64/server/libjvm.so
7f20cfe1e000-7f20cfef6000 rw-p 00cbd000 08:01 2107705                    /usr/lib/jvm/java-8-oracle/jre/lib/amd64/server/libjvm.so
7f20cfef6000-7f20cff3b000 rw-p 00000000 00:00 0 
7f20cff3b000-7f20d00f6000 r-xp 00000000 08:01 5771370                    /lib/x86_64-linux-gnu/libc-2.19.so
7f20d00f6000-7f20d02f5000 ---p 001bb000 08:01 5771370                    /lib/x86_64-linux-gnu/libc-2.19.so
7f20d02f5000-7f20d02f9000 r--p 001ba000 08:01 5771370                    /lib/x86_64-linux-gnu/libc-2.19.so
7f20d02f9000-7f20d02fb000 rw-p 001be000 08:01 5771370                    /lib/x86_64-linux-gnu/libc-2.19.so
7f20d02fb000-7f20d0300000 rw-p 00000000 00:00 0 
7f20d0300000-7f20d0303000 r-xp 00000000 08:01 5771387                    /lib/x86_64-linux-gnu/libdl-2.19.so
7f20d0303000-7f20d0502000 ---p 00003000 08:01 5771387                    /lib/x86_64-linux-gnu/libdl-2.19.so
7f20d0502000-7f20d0503000 r--p 00002000 08:01 5771387                    /lib/x86_64-linux-gnu/libdl-2.19.so
7f20d0503000-7f20d0504000 rw-p 00003000 08:01 5771387                    /lib/x86_64-linux-gnu/libdl-2.19.so
7f20d0504000-7f20d0519000 r-xp 00000000 08:01 3039267                    /usr/lib/jvm/java-8-oracle/lib/amd64/jli/libjli.so
7f20d0519000-7f20d0719000 ---p 00015000 08:01 3039267                    /usr/lib/jvm/java-8-oracle/lib/amd64/jli/libjli.so
7f20d0719000-7f20d071a000 rw-p 00015000 08:01 3039267                    /usr/lib/jvm/java-8-oracle/lib/amd64/jli/libjli.so
7f20d071a000-7f20d0733000 r-xp 00000000 08:01 5771490                    /lib/x86_64-linux-gnu/libpthread-2.19.so
7f20d0733000-7f20d0932000 ---p 00019000 08:01 5771490                    /lib/x86_64-linux-gnu/libpthread-2.19.so
7f20d0932000-7f20d0933000 r--p 00018000 08:01 5771490                    /lib/x86_64-linux-gnu/libpthread-2.19.so
7f20d0933000-7f20d0934000 rw-p 00019000 08:01 5771490                    /lib/x86_64-linux-gnu/libpthread-2.19.so
7f20d0934000-7f20d0938000 rw-p 00000000 00:00 0 
7f20d0938000-7f20d095b000 r-xp 00000000 08:01 5771346                    /lib/x86_64-linux-gnu/ld-2.19.so
7f20d0960000-7f20d0a39000 rw-p 00000000 00:00 0 
7f20d0a39000-7f20d0a3c000 ---p 00000000 00:00 0 
7f20d0a3c000-7f20d0b3f000 rw-p 00000000 00:00 0                          [stack:31203]
7f20d0b3f000-7f20d0b4e000 r--s 000df000 08:01 656243                     /home/tomasz/Android/Sdk/build-tools/23.0.1/lib/dx.jar
7f20d0b4e000-7f20d0b56000 rw-s 00000000 08:01 6029755                    /tmp/hsperfdata_tomasz/31198
7f20d0b56000-7f20d0b57000 rw-p 00000000 00:00 0 
7f20d0b57000-7f20d0b58000 ---p 00000000 00:00 0 
7f20d0b58000-7f20d0b5a000 rw-p 00000000 00:00 0 
7f20d0b5a000-7f20d0b5b000 r--p 00022000 08:01 5771346                    /lib/x86_64-linux-gnu/ld-2.19.so
7f20d0b5b000-7f20d0b5c000 rw-p 00023000 08:01 5771346                    /lib/x86_64-linux-gnu/ld-2.19.so
7f20d0b5c000-7f20d0b5d000 rw-p 00000000 00:00 0 
7fffabc43000-7fffabc64000 rw-p 00000000 00:00 0                          [stack]
7fffabdcb000-7fffabdcd000 r--p 00000000 00:00 0                          [vvar]
7fffabdcd000-7fffabdcf000 r-xp 00000000 00:00 0                          [vdso]
ffffffffff600000-ffffffffff601000 r-xp 00000000 00:00 0                  [vsyscall]

VM Arguments:
jvm_args: -Xmx1024M -Dfile.encoding=UTF-8 -Duser.country=PL -Duser.language=pl -Duser.variant 
java_command: com.android.dx.command.Main --dex --num-threads=4 --multi-dex --main-dex-list /home/tomasz/AndroidStudioProjects/ITAssistant/app/build/intermediates/multi-dex/debug/maindexlist.txt --output /home/tomasz/AndroidStudioProjects/ITAssistant/app/build/intermediates/transforms/DEX/FULL_PROJECT/dex/debug /home/tomasz/AndroidStudioProjects/ITAssistant/app/build/intermediates/transforms/CLASSES/FULL_PROJECT/jarMerging/debug/classes.jar
java_class_path (initial): /home/tomasz/Android/Sdk/build-tools/23.0.1/lib/dx.jar
Launcher Type: SUN_STANDARD

Environment Variables:
PATH=/usr/local/sbin:/usr/local/bin:/usr/sbin:/usr/bin:/sbin:/bin:/usr/games:/usr/local/games
LD_LIBRARY_PATH=/opt/android-studio/bin:
SHELL=/bin/bash
DISPLAY=:0

Signal Handlers:
SIGSEGV: [libjvm.so+0xaba070], sa_mask[0]=11111111011111111101111111111110, sa_flags=SA_RESTART|SA_SIGINFO
SIGBUS: [libjvm.so+0xaba070], sa_mask[0]=11111111011111111101111111111110, sa_flags=SA_RESTART|SA_SIGINFO
SIGFPE: [libjvm.so+0x917630], sa_mask[0]=11111111011111111101111111111110, sa_flags=SA_RESTART|SA_SIGINFO
SIGPIPE: [libjvm.so+0x917630], sa_mask[0]=11111111011111111101111111111110, sa_flags=SA_RESTART|SA_SIGINFO
SIGXFSZ: [libjvm.so+0x917630], sa_mask[0]=11111111011111111101111111111110, sa_flags=SA_RESTART|SA_SIGINFO
SIGILL: [libjvm.so+0x917630], sa_mask[0]=11111111011111111101111111111110, sa_flags=SA_RESTART|SA_SIGINFO
SIGUSR1: SIG_DFL, sa_mask[0]=00000000000000000000000000000000, sa_flags=none
SIGUSR2: [libjvm.so+0x918c60], sa_mask[0]=00100000000000000000000000000000, sa_flags=SA_RESTART|SA_SIGINFO
SIGHUP: [libjvm.so+0x91a060], sa_mask[0]=11111111011111111101111111111110, sa_flags=SA_RESTART|SA_SIGINFO
SIGINT: [libjvm.so+0x91a060], sa_mask[0]=11111111011111111101111111111110, sa_flags=SA_RESTART|SA_SIGINFO
SIGTERM: [libjvm.so+0x91a060], sa_mask[0]=11111111011111111101111111111110, sa_flags=SA_RESTART|SA_SIGINFO
SIGQUIT: [libjvm.so+0x91a060], sa_mask[0]=11111111011111111101111111111110, sa_flags=SA_RESTART|SA_SIGINFO


---------------  S Y S T E M  ---------------

OS:DISTRIB_ID=Ubuntu
DISTRIB_RELEASE=14.04
DISTRIB_CODENAME=trusty
DISTRIB_DESCRIPTION="Ubuntu 14.04.3 LTS"

uname:Linux 3.19.0-25-generic #26~14.04.1-Ubuntu SMP Fri Jul 24 21:16:20 UTC 2015 x86_64
libc:glibc 2.19 NPTL 2.19 
rlimit: STACK 8192k, CORE 0k, NPROC 23202, NOFILE 4096, AS infinity
load average:15,94 4,74 2,13

/proc/meminfo:
MemTotal:        5961340 kB
MemFree:          106536 kB
MemAvailable:      51532 kB
Buffers:             416 kB
Cached:           578772 kB
SwapCached:            0 kB
Active:          5145836 kB
Inactive:         508936 kB
Active(anon):    5139928 kB
Inactive(anon):   502708 kB
Active(file):       5908 kB
Inactive(file):     6228 kB
Unevictable:        1636 kB
Mlocked:            1636 kB
SwapTotal:             0 kB
SwapFree:              0 kB
Dirty:                32 kB
Writeback:             0 kB
AnonPages:       5078144 kB
Mapped:           215380 kB
Shmem:            566128 kB
Slab:              88592 kB
SReclaimable:      46784 kB
SUnreclaim:        41808 kB
KernelStack:       11936 kB
PageTables:        52348 kB
NFS_Unstable:          0 kB
Bounce:                0 kB
WritebackTmp:          0 kB
CommitLimit:     2980668 kB
Committed_AS:   10820212 kB
VmallocTotal:   34359738367 kB
VmallocUsed:      551964 kB
VmallocChunk:   34359176188 kB
HardwareCorrupted:     0 kB
AnonHugePages:   2424832 kB
CmaTotal:              0 kB
CmaFree:               0 kB
HugePages_Total:       0
HugePages_Free:        0
HugePages_Rsvd:        0
HugePages_Surp:        0
Hugepagesize:       2048 kB
DirectMap4k:      198912 kB
DirectMap2M:     5941248 kB


CPU:total 4 (2 cores per cpu, 2 threads per core) family 6 model 42 stepping 7, cmov, cx8, fxsr, mmx, sse, sse2, sse3, ssse3, sse4.1, sse4.2, popcnt, avx, aes, clmul, ht, tsc, tscinvbit

/proc/cpuinfo:
processor	: 0
vendor_id	: GenuineIntel
cpu family	: 6
model		: 42
model name	: Intel(R) Core(TM) i5-2450M CPU @ 2.50GHz
stepping	: 7
microcode	: 0x25
cpu MHz		: 1601.855
cache size	: 3072 KB
physical id	: 0
siblings	: 4
core id		: 0
cpu cores	: 2
apicid		: 0
initial apicid	: 0
fpu		: yes
fpu_exception	: yes
cpuid level	: 13
wp		: yes
flags		: fpu vme de pse tsc msr pae mce cx8 apic sep mtrr pge mca cmov pat pse36 clflush dts acpi mmx fxsr sse sse2 ss ht tm pbe syscall nx rdtscp lm constant_tsc arch_perfmon pebs bts rep_good nopl xtopology nonstop_tsc aperfmperf eagerfpu pni pclmulqdq dtes64 monitor ds_cpl vmx est tm2 ssse3 cx16 xtpr pdcm pcid sse4_1 sse4_2 x2apic popcnt tsc_deadline_timer aes xsave avx lahf_lm ida arat epb pln pts dtherm tpr_shadow vnmi flexpriority ept vpid xsaveopt
bugs		:
bogomips	: 4989.01
clflush size	: 64
cache_alignment	: 64
address sizes	: 36 bits physical, 48 bits virtual
power management:

processor	: 1
vendor_id	: GenuineIntel
cpu family	: 6
model		: 42
model name	: Intel(R) Core(TM) i5-2450M CPU @ 2.50GHz
stepping	: 7
microcode	: 0x25
cpu MHz		: 1321.972
cache size	: 3072 KB
physical id	: 0
siblings	: 4
core id		: 0
cpu cores	: 2
apicid		: 1
initial apicid	: 1
fpu		: yes
fpu_exception	: yes
cpuid level	: 13
wp		: yes
flags		: fpu vme de pse tsc msr pae mce cx8 apic sep mtrr pge mca cmov pat pse36 clflush dts acpi mmx fxsr sse sse2 ss ht tm pbe syscall nx rdtscp lm constant_tsc arch_perfmon pebs bts rep_good nopl xtopology nonstop_tsc aperfmperf eagerfpu pni pclmulqdq dtes64 monitor ds_cpl vmx est tm2 ssse3 cx16 xtpr pdcm pcid sse4_1 sse4_2 x2apic popcnt tsc_deadline_timer aes xsave avx lahf_lm ida arat epb pln pts dtherm tpr_shadow vnmi flexpriority ept vpid xsaveopt
bugs		:
bogomips	: 4989.01
clflush size	: 64
cache_alignment	: 64
address sizes	: 36 bits physical, 48 bits virtual
power management:

processor	: 2
vendor_id	: GenuineIntel
cpu family	: 6
model		: 42
model name	: Intel(R) Core(TM) i5-2450M CPU @ 2.50GHz
stepping	: 7
microcode	: 0x25
cpu MHz		: 1905.664
cache size	: 3072 KB
physical id	: 0
siblings	: 4
core id		: 1
cpu cores	: 2
apicid		: 2
initial apicid	: 2
fpu		: yes
fpu_exception	: yes
cpuid level	: 13
wp		: yes
flags		: fpu vme de pse tsc msr pae mce cx8 apic sep mtrr pge mca cmov pat pse36 clflush dts acpi mmx fxsr sse sse2 ss ht tm pbe syscall nx rdtscp lm constant_tsc arch_perfmon pebs bts rep_good nopl xtopology nonstop_tsc aperfmperf eagerfpu pni pclmulqdq dtes64 monitor ds_cpl vmx est tm2 ssse3 cx16 xtpr pdcm pcid sse4_1 sse4_2 x2apic popcnt tsc_deadline_timer aes xsave avx lahf_lm ida arat epb pln pts dtherm tpr_shadow vnmi flexpriority ept vpid xsaveopt
bugs		:
bogomips	: 4989.01
clflush size	: 64
cache_alignment	: 64
address sizes	: 36 bits physical, 48 bits virtual
power management:

processor	: 3
vendor_id	: GenuineIntel
cpu family	: 6
model		: 42
model name	: Intel(R) Core(TM) i5-2450M CPU @ 2.50GHz
stepping	: 7
microcode	: 0x25
cpu MHz		: 1725.390
cache size	: 3072 KB
physical id	: 0
siblings	: 4
core id		: 1
cpu cores	: 2
apicid		: 3
initial apicid	: 3
fpu		: yes
fpu_exception	: yes
cpuid level	: 13
wp		: yes
flags		: fpu vme de pse tsc msr pae mce cx8 apic sep mtrr pge mca cmov pat pse36 clflush dts acpi mmx fxsr sse sse2 ss ht tm pbe syscall nx rdtscp lm constant_tsc arch_perfmon pebs bts rep_good nopl xtopology nonstop_tsc aperfmperf eagerfpu pni pclmulqdq dtes64 monitor ds_cpl vmx est tm2 ssse3 cx16 xtpr pdcm pcid sse4_1 sse4_2 x2apic popcnt tsc_deadline_timer aes xsave avx lahf_lm ida arat epb pln pts dtherm tpr_shadow vnmi flexpriority ept vpid xsaveopt
bugs		:
bogomips	: 4989.01
clflush size	: 64
cache_alignment	: 64
address sizes	: 36 bits physical, 48 bits virtual
power management:



Memory: 4k page, physical 5961340k(108364k free), swap 0k(0k free)

vm_info: Java HotSpot(TM) 64-Bit Server VM (25.60-b23) for linux-amd64 JRE (1.8.0_60-b27), built on Aug  4 2015 12:19:40 by "java_re" with gcc 4.3.0 20080428 (Red Hat 4.3.0-8)

time: Fri Oct 16 22:23:49 2015
elapsed time: 54 seconds (0d 0h 0m 54s)

