#
# There is insufficient memory for the Java Runtime Environment to continue.
# Native memory allocation (mmap) failed to map 273678336 bytes for committing reserved memory.
# Possible reasons:
#   The system is out of physical RAM or swap space
#   In 32 bit mode, the process size limit was hit
# Possible solutions:
#   Reduce memory load on the system
#   Increase physical memory or swap space
#   Check if swap backing store is full
#   Use 64 bit Java on a 64 bit OS
#   Decrease Java heap size (-Xmx/-Xms)
#   Decrease number of Java threads
#   Decrease Java thread stack sizes (-Xss)
#   Set larger code cache with -XX:ReservedCodeCacheSize=
# This output file may be truncated or incomplete.
#
#  Out of Memory Error (os_linux.cpp:2627), pid=12159, tid=139888459589376
#
# JRE version: Java(TM) SE Runtime Environment (8.0_66-b17) (build 1.8.0_66-b17)
# Java VM: Java HotSpot(TM) 64-Bit Server VM (25.66-b17 mixed mode linux-amd64 compressed oops)
# Failed to write core dump. Core dumps have been disabled. To enable core dumping, try "ulimit -c unlimited" before starting Java again
#

---------------  T H R E A D  ---------------

Current thread (0x00007f3a64078000):  VMThread [stack: 0x00007f3a51e12000,0x00007f3a51f13000] [id=12170]

Stack: [0x00007f3a51e12000,0x00007f3a51f13000],  sp=0x00007f3a51f111e0,  free space=1020k
Native frames: (J=compiled Java code, j=interpreted, Vv=VM code, C=native code)
V  [libjvm.so+0xab9a1a]  VMError::report_and_die()+0x2ba
V  [libjvm.so+0x4f9e0b]  report_vm_out_of_memory(char const*, int, unsigned long, VMErrorType, char const*)+0x8b
V  [libjvm.so+0x91a8a3]  os::Linux::commit_memory_impl(char*, unsigned long, bool)+0x103
V  [libjvm.so+0x91adf9]  os::pd_commit_memory(char*, unsigned long, unsigned long, bool)+0x29
V  [libjvm.so+0x91510a]  os::commit_memory(char*, unsigned long, unsigned long, bool)+0x2a
V  [libjvm.so+0x9887a3]  PSVirtualSpace::expand_by(unsigned long)+0x53
V  [libjvm.so+0x979090]  PSOldGen::expand(unsigned long)+0x170
V  [libjvm.so+0x97929b]  PSOldGen::resize(unsigned long)+0x1cb
V  [libjvm.so+0x980f71]  PSParallelCompact::invoke_no_policy(bool)+0x991
V  [libjvm.so+0x9868cd]  PSScavenge::invoke()+0x1ad
V  [libjvm.so+0x93e500]  ParallelScavengeHeap::failed_mem_allocate(unsigned long)+0x70
V  [libjvm.so+0xabb437]  VM_ParallelGCFailedAllocation::doit()+0x97
V  [libjvm.so+0xac2e65]  VM_Operation::evaluate()+0x55
V  [libjvm.so+0xac123a]  VMThread::evaluate_operation(VM_Operation*)+0xba
V  [libjvm.so+0xac15be]  VMThread::loop()+0x1ce
V  [libjvm.so+0xac1a30]  VMThread::run()+0x70
V  [libjvm.so+0x91cc68]  java_start(Thread*)+0x108

VM_Operation (0x00007f3a6ab34b00): ParallelGCFailedAllocation, mode: safepoint, requested by thread 0x00007f3a6400a000


---------------  P R O C E S S  ---------------

Java Threads: ( => current thread )
  0x00007f3a641ec000 JavaThread "pool-1-thread-1" [_thread_blocked, id=12268, stack(0x00007f3a5070f000,0x00007f3a50810000)]
  0x00007f3a6418d000 JavaThread "pool-2-thread-4" [_thread_blocked, id=12183, stack(0x00007f3a50810000,0x00007f3a50911000)]
  0x00007f3a6418b800 JavaThread "pool-2-thread-3" [_thread_blocked, id=12182, stack(0x00007f3a50911000,0x00007f3a50a12000)]
  0x00007f3a6418a000 JavaThread "pool-2-thread-2" [_thread_blocked, id=12181, stack(0x00007f3a50a12000,0x00007f3a50b13000)]
  0x00007f3a64189000 JavaThread "pool-3-thread-1" [_thread_blocked, id=12180, stack(0x00007f3a50b13000,0x00007f3a50c14000)]
  0x00007f3a64186800 JavaThread "pool-2-thread-1" [_thread_blocked, id=12179, stack(0x00007f3a50c14000,0x00007f3a50d15000)]
  0x00007f3a640c0800 JavaThread "Service Thread" daemon [_thread_blocked, id=12177, stack(0x00007f3a50ef8000,0x00007f3a50ff9000)]
  0x00007f3a640bb000 JavaThread "C1 CompilerThread2" daemon [_thread_blocked, id=12176, stack(0x00007f3a50ff9000,0x00007f3a510fa000)]
  0x00007f3a640b9800 JavaThread "C2 CompilerThread1" daemon [_thread_blocked, id=12175, stack(0x00007f3a510fa000,0x00007f3a511fb000)]
  0x00007f3a640b6800 JavaThread "C2 CompilerThread0" daemon [_thread_in_native, id=12174, stack(0x00007f3a511fb000,0x00007f3a512fc000)]
  0x00007f3a640b5000 JavaThread "Signal Dispatcher" daemon [_thread_blocked, id=12173, stack(0x00007f3a512fc000,0x00007f3a513fd000)]
  0x00007f3a6407f000 JavaThread "Finalizer" daemon [_thread_blocked, id=12172, stack(0x00007f3a51c10000,0x00007f3a51d11000)]
  0x00007f3a6407d000 JavaThread "Reference Handler" daemon [_thread_blocked, id=12171, stack(0x00007f3a51d11000,0x00007f3a51e12000)]
  0x00007f3a6400a000 JavaThread "main" [_thread_blocked, id=12165, stack(0x00007f3a6aa37000,0x00007f3a6ab38000)]

Other Threads:
=>0x00007f3a64078000 VMThread [stack: 0x00007f3a51e12000,0x00007f3a51f13000] [id=12170]
  0x00007f3a640c3000 WatcherThread [stack: 0x00007f3a50df7000,0x00007f3a50ef8000] [id=12178]

VM state:at safepoint (normal execution)

VM Mutex/Monitor currently owned by a thread:  ([mutex/lock_event])
[0x00007f3a64005ef0] ExpandHeap_lock - owner thread: 0x00007f3a64078000
[0x00007f3a64006570] Threads_lock - owner thread: 0x00007f3a64078000
[0x00007f3a64006a70] Heap_lock - owner thread: 0x00007f3a6400a000

Heap:
 PSYoungGen      total 465920K, used 0K [0x00000000d5580000, 0x0000000100000000, 0x0000000100000000)
  eden space 232960K, 0% used [0x00000000d5580000,0x00000000d5580000,0x00000000e3900000)
  from space 232960K, 0% used [0x00000000f1c80000,0x00000000f1c80000,0x0000000100000000)
  to   space 232960K, 0% used [0x00000000e3900000,0x00000000e3900000,0x00000000f1c80000)
 ParOldGen       total 860672K, used 811096K [0x0000000080000000, 0x00000000b4880000, 0x00000000d5580000)
  object space 860672K, 94% used [0x0000000080000000,0x00000000b18161c8,0x00000000b4880000)
 Metaspace       used 6704K, capacity 7384K, committed 7680K, reserved 1056768K
  class space    used 622K, capacity 656K, committed 768K, reserved 1048576K

Card table byte_map: [0x00007f3a5420c000,0x00007f3a5460d000] byte_map_base: 0x00007f3a53e0c000

Marking Bits: (ParMarkBitMap*) 0x00007f3a69f11020
 Begin Bits: [0x00007f3a48000000, 0x00007f3a4a000000)
 End Bits:   [0x00007f3a4a000000, 0x00007f3a4c000000)

Polling page: 0x00007f3a6ab58000

CodeCache: size=245760Kb used=12679Kb max_used=12679Kb free=233080Kb
 bounds [0x00007f3a549cd000, 0x00007f3a5568d000, 0x00007f3a639cd000]
 total_blobs=2779 nmethods=2510 adapters=182
 compilation: enabled

Compilation events (10 events):
Event: 47,242 Thread 0x00007f3a640bb000 3146       2       java.lang.Class::getName (21 bytes)
Event: 47,242 Thread 0x00007f3a640bb000 nmethod 3146 0x00007f3a54e8db50 code [0x00007f3a54e8dcc0, 0x00007f3a54e8de68]
Event: 47,242 Thread 0x00007f3a640bb000 3147       2       java.util.HashMap$TreeNode::split (218 bytes)
Event: 47,243 Thread 0x00007f3a640bb000 nmethod 3147 0x00007f3a54dfc410 code [0x00007f3a54dfc600, 0x00007f3a54dfcd18]
Event: 47,243 Thread 0x00007f3a640bb000 3148       2       java.util.HashMap::replacementNode (21 bytes)
Event: 47,244 Thread 0x00007f3a640bb000 nmethod 3148 0x00007f3a54bb5e50 code [0x00007f3a54bb5fc0, 0x00007f3a54bb61b0]
Event: 47,380 Thread 0x00007f3a640bb000 3149 %     3       com.android.dx.dex.code.StdCatchBuilder::getCatchTypes @ 62 (97 bytes)
Event: 47,383 Thread 0x00007f3a640bb000 nmethod 3149% 0x00007f3a54df1050 code [0x00007f3a54df1320, 0x00007f3a54df2a38]
Event: 47,383 Thread 0x00007f3a640bb000 3150       3       com.android.dx.dex.code.StdCatchBuilder::getCatchTypes (97 bytes)
Event: 47,385 Thread 0x00007f3a640bb000 nmethod 3150 0x00007f3a54e21f10 code [0x00007f3a54e221e0, 0x00007f3a54e23798]

GC Heap History (10 events):
Event: 43,344 GC heap after
Heap after GC invocations=27 (full 5):
 PSYoungGen      total 450560K, used 87601K [0x00000000d5580000, 0x00000000fe900000, 0x0000000100000000)
  eden space 249344K, 0% used [0x00000000d5580000,0x00000000d5580000,0x00000000e4900000)
  from space 201216K, 43% used [0x00000000f2480000,0x00000000f7a0c770,0x00000000fe900000)
  to   space 212992K, 0% used [0x00000000e4900000,0x00000000e4900000,0x00000000f1900000)
 ParOldGen       total 860672K, used 740310K [0x0000000080000000, 0x00000000b4880000, 0x00000000d5580000)
  object space 860672K, 86% used [0x0000000080000000,0x00000000ad2f5b08,0x00000000b4880000)
 Metaspace       used 6596K, capacity 7320K, committed 7680K, reserved 1056768K
  class space    used 617K, capacity 656K, committed 768K, reserved 1048576K
}
Event: 44,227 GC heap before
{Heap before GC invocations=28 (full 5):
 PSYoungGen      total 450560K, used 336945K [0x00000000d5580000, 0x00000000fe900000, 0x0000000100000000)
  eden space 249344K, 100% used [0x00000000d5580000,0x00000000e4900000,0x00000000e4900000)
  from space 201216K, 43% used [0x00000000f2480000,0x00000000f7a0c770,0x00000000fe900000)
  to   space 212992K, 0% used [0x00000000e4900000,0x00000000e4900000,0x00000000f1900000)
 ParOldGen       total 860672K, used 740310K [0x0000000080000000, 0x00000000b4880000, 0x00000000d5580000)
  object space 860672K, 86% used [0x0000000080000000,0x00000000ad2f5b08,0x00000000b4880000)
 Metaspace       used 6596K, capacity 7320K, committed 7680K, reserved 1056768K
  class space    used 617K, capacity 656K, committed 768K, reserved 1048576K
Event: 44,444 GC heap after
Heap after GC invocations=28 (full 5):
 PSYoungGen      total 462336K, used 128234K [0x00000000d5580000, 0x0000000100000000, 0x0000000100000000)
  eden space 249344K, 0% used [0x00000000d5580000,0x00000000d5580000,0x00000000e4900000)
  from space 212992K, 60% used [0x00000000e4900000,0x00000000ec63a9c0,0x00000000f1900000)
  to   space 214016K, 0% used [0x00000000f2f00000,0x00000000f2f00000,0x0000000100000000)
 ParOldGen       total 860672K, used 740310K [0x0000000080000000, 0x00000000b4880000, 0x00000000d5580000)
  object space 860672K, 86% used [0x0000000080000000,0x00000000ad2f5b08,0x00000000b4880000)
 Metaspace       used 6596K, capacity 7320K, committed 7680K, reserved 1056768K
  class space    used 617K, capacity 656K, committed 768K, reserved 1048576K
}
Event: 45,263 GC heap before
{Heap before GC invocations=29 (full 5):
 PSYoungGen      total 462336K, used 377578K [0x00000000d5580000, 0x0000000100000000, 0x0000000100000000)
  eden space 249344K, 100% used [0x00000000d5580000,0x00000000e4900000,0x00000000e4900000)
  from space 212992K, 60% used [0x00000000e4900000,0x00000000ec63a9c0,0x00000000f1900000)
  to   space 214016K, 0% used [0x00000000f2f00000,0x00000000f2f00000,0x0000000100000000)
 ParOldGen       total 860672K, used 740310K [0x0000000080000000, 0x00000000b4880000, 0x00000000d5580000)
  object space 860672K, 86% used [0x0000000080000000,0x00000000ad2f5b08,0x00000000b4880000)
 Metaspace       used 6596K, capacity 7320K, committed 7680K, reserved 1056768K
  class space    used 617K, capacity 656K, committed 768K, reserved 1048576K
Event: 45,486 GC heap after
Heap after GC invocations=29 (full 5):
 PSYoungGen      total 455168K, used 169129K [0x00000000d5580000, 0x0000000100000000, 0x0000000100000000)
  eden space 241152K, 0% used [0x00000000d5580000,0x00000000d5580000,0x00000000e4100000)
  from space 214016K, 79% used [0x00000000f2f00000,0x00000000fd42a6d8,0x0000000100000000)
  to   space 228864K, 0% used [0x00000000e4100000,0x00000000e4100000,0x00000000f2080000)
 ParOldGen       total 860672K, used 740318K [0x0000000080000000, 0x00000000b4880000, 0x00000000d5580000)
  object space 860672K, 86% used [0x0000000080000000,0x00000000ad2f7b08,0x00000000b4880000)
 Metaspace       used 6596K, capacity 7320K, committed 7680K, reserved 1056768K
  class space    used 617K, capacity 656K, committed 768K, reserved 1048576K
}
Event: 46,382 GC heap before
{Heap before GC invocations=30 (full 5):
 PSYoungGen      total 455168K, used 410281K [0x00000000d5580000, 0x0000000100000000, 0x0000000100000000)
  eden space 241152K, 100% used [0x00000000d5580000,0x00000000e4100000,0x00000000e4100000)
  from space 214016K, 79% used [0x00000000f2f00000,0x00000000fd42a6d8,0x0000000100000000)
  to   space 228864K, 0% used [0x00000000e4100000,0x00000000e4100000,0x00000000f2080000)
 ParOldGen       total 860672K, used 740318K [0x0000000080000000, 0x00000000b4880000, 0x00000000d5580000)
  object space 860672K, 86% used [0x0000000080000000,0x00000000ad2f7b08,0x00000000b4880000)
 Metaspace       used 6702K, capacity 7384K, committed 7680K, reserved 1056768K
  class space    used 622K, capacity 656K, committed 768K, reserved 1048576K
Event: 46,704 GC heap after
Heap after GC invocations=30 (full 5):
 PSYoungGen      total 445440K, used 204186K [0x00000000d5580000, 0x0000000100000000, 0x0000000100000000)
  eden space 241152K, 0% used [0x00000000d5580000,0x00000000d5580000,0x00000000e4100000)
  from space 204288K, 99% used [0x00000000e4100000,0x00000000f0866b60,0x00000000f0880000)
  to   space 232960K, 0% used [0x00000000f1c80000,0x00000000f1c80000,0x0000000100000000)
 ParOldGen       total 860672K, used 740326K [0x0000000080000000, 0x00000000b4880000, 0x00000000d5580000)
  object space 860672K, 86% used [0x0000000080000000,0x00000000ad2f9b08,0x00000000b4880000)
 Metaspace       used 6702K, capacity 7384K, committed 7680K, reserved 1056768K
  class space    used 622K, capacity 656K, committed 768K, reserved 1048576K
}
Event: 47,500 GC heap before
{Heap before GC invocations=31 (full 5):
 PSYoungGen      total 445440K, used 445338K [0x00000000d5580000, 0x0000000100000000, 0x0000000100000000)
  eden space 241152K, 100% used [0x00000000d5580000,0x00000000e4100000,0x00000000e4100000)
  from space 204288K, 99% used [0x00000000e4100000,0x00000000f0866b60,0x00000000f0880000)
  to   space 232960K, 0% used [0x00000000f1c80000,0x00000000f1c80000,0x0000000100000000)
 ParOldGen       total 860672K, used 740326K [0x0000000080000000, 0x00000000b4880000, 0x00000000d5580000)
  object space 860672K, 86% used [0x0000000080000000,0x00000000ad2f9b08,0x00000000b4880000)
 Metaspace       used 6704K, capacity 7384K, committed 7680K, reserved 1056768K
  class space    used 622K, capacity 656K, committed 768K, reserved 1048576K
Event: 47,895 GC heap after
Heap after GC invocations=31 (full 5):
 PSYoungGen      total 465920K, used 203606K [0x00000000d5580000, 0x0000000100000000, 0x0000000100000000)
  eden space 232960K, 0% used [0x00000000d5580000,0x00000000d5580000,0x00000000e3900000)
  from space 232960K, 87% used [0x00000000f1c80000,0x00000000fe355bd8,0x0000000100000000)
  to   space 232960K, 0% used [0x00000000e3900000,0x00000000e3900000,0x00000000f1c80000)
 ParOldGen       total 860672K, used 782023K [0x0000000080000000, 0x00000000b4880000, 0x00000000d5580000)
  object space 860672K, 90% used [0x0000000080000000,0x00000000afbb1c28,0x00000000b4880000)
 Metaspace       used 6704K, capacity 7384K, committed 7680K, reserved 1056768K
  class space    used 622K, capacity 656K, committed 768K, reserved 1048576K
}
Event: 47,895 GC heap before
{Heap before GC invocations=32 (full 6):
 PSYoungGen      total 465920K, used 203606K [0x00000000d5580000, 0x0000000100000000, 0x0000000100000000)
  eden space 232960K, 0% used [0x00000000d5580000,0x00000000d5580000,0x00000000e3900000)
  from space 232960K, 87% used [0x00000000f1c80000,0x00000000fe355bd8,0x0000000100000000)
  to   space 232960K, 0% used [0x00000000e3900000,0x00000000e3900000,0x00000000f1c80000)
 ParOldGen       total 860672K, used 782023K [0x0000000080000000, 0x00000000b4880000, 0x00000000d5580000)
  object space 860672K, 90% used [0x0000000080000000,0x00000000afbb1c28,0x00000000b4880000)
 Metaspace       used 6704K, capacity 7384K, committed 7680K, reserved 1056768K
  class space    used 622K, capacity 656K, committed 768K, reserved 1048576K

Deoptimization events (10 events):
Event: 45,576 Thread 0x00007f3a6418d000 Uncommon trap: reason=bimorphic action=maybe_recompile pc=0x00007f3a5558c608 method=com.android.dx.cf.code.BytecodeArray.parseInstruction(ILcom/android/dx/cf/code/BytecodeArray$Visitor;)I @ 1099
Event: 45,576 Thread 0x00007f3a6418d000 Uncommon trap: reason=bimorphic action=maybe_recompile pc=0x00007f3a5558c8d0 method=com.android.dx.cf.code.BytecodeArray.parseInstruction(ILcom/android/dx/cf/code/BytecodeArray$Visitor;)I @ 1327
Event: 45,576 Thread 0x00007f3a6418d000 Uncommon trap: reason=bimorphic action=maybe_recompile pc=0x00007f3a5558c8d0 method=com.android.dx.cf.code.BytecodeArray.parseInstruction(ILcom/android/dx/cf/code/BytecodeArray$Visitor;)I @ 1327
Event: 45,899 Thread 0x00007f3a641ec000 Uncommon trap: reason=class_check action=maybe_recompile pc=0x00007f3a54c6bd7c method=java.util.Arrays.hashCode([Ljava/lang/Object;)I @ 43
Event: 45,899 Thread 0x00007f3a641ec000 Uncommon trap: reason=class_check action=maybe_recompile pc=0x00007f3a54c6bd7c method=java.util.Arrays.hashCode([Ljava/lang/Object;)I @ 43
Event: 45,899 Thread 0x00007f3a641ec000 Uncommon trap: reason=class_check action=maybe_recompile pc=0x00007f3a54c6bd7c method=java.util.Arrays.hashCode([Ljava/lang/Object;)I @ 43
Event: 45,899 Thread 0x00007f3a641ec000 Uncommon trap: reason=class_check action=maybe_recompile pc=0x00007f3a54c6bd7c method=java.util.Arrays.hashCode([Ljava/lang/Object;)I @ 43
Event: 45,899 Thread 0x00007f3a641ec000 Uncommon trap: reason=class_check action=maybe_recompile pc=0x00007f3a554974f4 method=java.util.Arrays.hashCode([Ljava/lang/Object;)I @ 43
Event: 47,017 Thread 0x00007f3a6418a000 Uncommon trap: reason=unstable_if action=reinterpret pc=0x00007f3a54f9c858 method=com.android.dx.rop.code.RegisterSpec.equals(ILcom/android/dx/rop/type/TypeBearer;Lcom/android/dx/rop/code/LocalItem;)Z @ 31
Event: 47,017 Thread 0x00007f3a6418a000 Uncommon trap: reason=unstable_if action=reinterpret pc=0x00007f3a54e90d60 method=com.android.dx.rop.code.RegisterSpec.equals(ILcom/android/dx/rop/type/TypeBearer;Lcom/android/dx/rop/code/LocalItem;)Z @ 31

Internal exceptions (10 events):
Event: 1,628 Thread 0x00007f3a64186800 Implicit null exception at 0x00007f3a54e53e04 to 0x00007f3a54e589c1
Event: 2,057 Thread 0x00007f3a64186800 Implicit null exception at 0x00007f3a54f4926b to 0x00007f3a54f49b11
Event: 2,302 Thread 0x00007f3a6418d000 Exception <a 'java/lang/ArrayIndexOutOfBoundsException': 18> (0x00000000d88e67f8) thrown at [/HUDSON/workspace/8-2-build-linux-amd64/jdk8u66/4988/hotspot/src/share/vm/interpreter/interpreterRuntime.cpp, line 366]
Event: 2,302 Thread 0x00007f3a6418d000 Exception <a 'java/lang/ArrayIndexOutOfBoundsException': 145> (0x00000000d88e8378) thrown at [/HUDSON/workspace/8-2-build-linux-amd64/jdk8u66/4988/hotspot/src/share/vm/interpreter/interpreterRuntime.cpp, line 366]
Event: 2,303 Thread 0x00007f3a6418d000 Exception <a 'java/lang/ArrayIndexOutOfBoundsException': 40> (0x00000000d88e9660) thrown at [/HUDSON/workspace/8-2-build-linux-amd64/jdk8u66/4988/hotspot/src/share/vm/interpreter/interpreterRuntime.cpp, line 366]
Event: 6,238 Thread 0x00007f3a6418a000 Implicit null exception at 0x00007f3a5519a135 to 0x00007f3a5519a41d
Event: 11,683 Thread 0x00007f3a6418b800 Implicit null exception at 0x00007f3a55315a7e to 0x00007f3a5531b301
Event: 12,375 Thread 0x00007f3a6418a000 Implicit null exception at 0x00007f3a55360fa6 to 0x00007f3a55364eed
Event: 47,017 Thread 0x00007f3a6418a000 Implicit null exception at 0x00007f3a54f9c493 to 0x00007f3a54f9c82d
Event: 47,017 Thread 0x00007f3a6418a000 Implicit null exception at 0x00007f3a54e909e3 to 0x00007f3a54e90d15

Events (10 events):
Event: 47,478 Thread 0x00007f3a6418a000 DEOPT UNPACKING pc=0x00007f3a54a14633 sp=0x00007f3a50b10bb8 mode 0
Event: 47,479 Thread 0x00007f3a6418a000 DEOPT PACKING pc=0x00007f3a54d56172 sp=0x00007f3a50b10e30
Event: 47,479 Thread 0x00007f3a6418a000 DEOPT UNPACKING pc=0x00007f3a54a14633 sp=0x00007f3a50b10bb8 mode 0
Event: 47,494 Thread 0x00007f3a6418a000 DEOPT PACKING pc=0x00007f3a54d56172 sp=0x00007f3a50b10e30
Event: 47,494 Thread 0x00007f3a6418a000 DEOPT UNPACKING pc=0x00007f3a54a14633 sp=0x00007f3a50b10bb8 mode 0
Event: 47,495 Thread 0x00007f3a6418a000 DEOPT PACKING pc=0x00007f3a54d56172 sp=0x00007f3a50b10e30
Event: 47,495 Thread 0x00007f3a6418a000 DEOPT UNPACKING pc=0x00007f3a54a14633 sp=0x00007f3a50b10bb8 mode 0
Event: 47,496 Thread 0x00007f3a6418a000 DEOPT PACKING pc=0x00007f3a54d56172 sp=0x00007f3a50b10e30
Event: 47,496 Thread 0x00007f3a6418a000 DEOPT UNPACKING pc=0x00007f3a54a14633 sp=0x00007f3a50b10bb8 mode 0
Event: 47,498 Executing VM operation: ParallelGCFailedAllocation


Dynamic libraries:
00400000-00401000 r-xp 00000000 08:01 4591374                            /usr/lib/jvm/java-8-oracle/bin/java
00600000-00601000 rw-p 00000000 08:01 4591374                            /usr/lib/jvm/java-8-oracle/bin/java
02037000-02058000 rw-p 00000000 00:00 0                                  [heap]
80000000-b4880000 rw-p 00000000 00:00 0 
c4d80000-d5580000 ---p 00000000 00:00 0 
d5580000-100000000 rw-p 00000000 00:00 0 
100000000-1000c0000 rw-p 00000000 00:00 0 
1000c0000-140000000 ---p 00000000 00:00 0 
7f39fc000000-7f39fc04e000 rw-p 00000000 00:00 0 
7f39fc04e000-7f3a00000000 ---p 00000000 00:00 0 
7f3a00000000-7f3a00021000 rw-p 00000000 00:00 0 
7f3a00021000-7f3a04000000 ---p 00000000 00:00 0 
7f3a04000000-7f3a0403c000 rw-p 00000000 00:00 0 
7f3a0403c000-7f3a08000000 ---p 00000000 00:00 0 
7f3a08000000-7f3a08051000 rw-p 00000000 00:00 0 
7f3a08051000-7f3a0c000000 ---p 00000000 00:00 0 
7f3a0c000000-7f3a0c031000 rw-p 00000000 00:00 0 
7f3a0c031000-7f3a10000000 ---p 00000000 00:00 0 
7f3a10000000-7f3a10021000 rw-p 00000000 00:00 0 
7f3a10021000-7f3a14000000 ---p 00000000 00:00 0 
7f3a14000000-7f3a14021000 rw-p 00000000 00:00 0 
7f3a14021000-7f3a18000000 ---p 00000000 00:00 0 
7f3a18000000-7f3a18021000 rw-p 00000000 00:00 0 
7f3a18021000-7f3a1c000000 ---p 00000000 00:00 0 
7f3a1c000000-7f3a1dc70000 rw-p 00000000 00:00 0 
7f3a1dc70000-7f3a20000000 ---p 00000000 00:00 0 
7f3a20000000-7f3a20d5c000 rw-p 00000000 00:00 0 
7f3a20d5c000-7f3a24000000 ---p 00000000 00:00 0 
7f3a24000000-7f3a24021000 rw-p 00000000 00:00 0 
7f3a24021000-7f3a28000000 ---p 00000000 00:00 0 
7f3a28000000-7f3a29ccb000 rw-p 00000000 00:00 0 
7f3a29ccb000-7f3a2c000000 ---p 00000000 00:00 0 
7f3a2c000000-7f3a2c021000 rw-p 00000000 00:00 0 
7f3a2c021000-7f3a30000000 ---p 00000000 00:00 0 
7f3a30000000-7f3a30021000 rw-p 00000000 00:00 0 
7f3a30021000-7f3a34000000 ---p 00000000 00:00 0 
7f3a34000000-7f3a34021000 rw-p 00000000 00:00 0 
7f3a34021000-7f3a38000000 ---p 00000000 00:00 0 
7f3a38000000-7f3a38297000 rw-p 00000000 00:00 0 
7f3a38297000-7f3a3c000000 ---p 00000000 00:00 0 
7f3a3c000000-7f3a3c021000 rw-p 00000000 00:00 0 
7f3a3c021000-7f3a40000000 ---p 00000000 00:00 0 
7f3a44000000-7f3a44021000 rw-p 00000000 00:00 0 
7f3a44021000-7f3a48000000 ---p 00000000 00:00 0 
7f3a48000000-7f3a4c000000 rw-p 00000000 00:00 0 
7f3a4c000000-7f3a4c021000 rw-p 00000000 00:00 0 
7f3a4c021000-7f3a50000000 ---p 00000000 00:00 0 
7f3a506ea000-7f3a5070f000 r--p 00000000 08:01 2361987                    /usr/share/locale-langpack/pl/LC_MESSAGES/libc.mo
7f3a5070f000-7f3a50712000 ---p 00000000 00:00 0 
7f3a50712000-7f3a50810000 rw-p 00000000 00:00 0                          [stack:12268]
7f3a50810000-7f3a50813000 ---p 00000000 00:00 0 
7f3a50813000-7f3a50911000 rw-p 00000000 00:00 0                          [stack:12183]
7f3a50911000-7f3a50914000 ---p 00000000 00:00 0 
7f3a50914000-7f3a50a12000 rw-p 00000000 00:00 0                          [stack:12182]
7f3a50a12000-7f3a50a15000 ---p 00000000 00:00 0 
7f3a50a15000-7f3a50b13000 rw-p 00000000 00:00 0                          [stack:12181]
7f3a50b13000-7f3a50b16000 ---p 00000000 00:00 0 
7f3a50b16000-7f3a50c14000 rw-p 00000000 00:00 0                          [stack:12180]
7f3a50c14000-7f3a50c17000 ---p 00000000 00:00 0 
7f3a50c17000-7f3a50d15000 rw-p 00000000 00:00 0                          [stack:12179]
7f3a50d15000-7f3a50df7000 r--s 00baf000 08:01 7078062                    /home/tomasz/AndroidStudioProjects/ITAssistant/app/build/intermediates/transforms/jarMerging/debug/jars/1/1f/combined.jar
7f3a50df7000-7f3a50df8000 ---p 00000000 00:00 0 
7f3a50df8000-7f3a50ef8000 rw-p 00000000 00:00 0                          [stack:12178]
7f3a50ef8000-7f3a50efb000 ---p 00000000 00:00 0 
7f3a50efb000-7f3a50ff9000 rw-p 00000000 00:00 0                          [stack:12177]
7f3a50ff9000-7f3a50ffc000 ---p 00000000 00:00 0 
7f3a50ffc000-7f3a510fa000 rw-p 00000000 00:00 0                          [stack:12176]
7f3a510fa000-7f3a510fd000 ---p 00000000 00:00 0 
7f3a510fd000-7f3a511fb000 rw-p 00000000 00:00 0                          [stack:12175]
7f3a511fb000-7f3a511fe000 ---p 00000000 00:00 0 
7f3a511fe000-7f3a512fc000 rw-p 00000000 00:00 0                          [stack:12174]
7f3a512fc000-7f3a512ff000 ---p 00000000 00:00 0 
7f3a512ff000-7f3a513fd000 rw-p 00000000 00:00 0                          [stack:12173]
7f3a513fd000-7f3a51c10000 r--p 00000000 08:01 1579663                    /usr/lib/locale/locale-archive
7f3a51c10000-7f3a51c13000 ---p 00000000 00:00 0 
7f3a51c13000-7f3a51d11000 rw-p 00000000 00:00 0                          [stack:12172]
7f3a51d11000-7f3a51d14000 ---p 00000000 00:00 0 
7f3a51d14000-7f3a51e12000 rw-p 00000000 00:00 0                          [stack:12171]
7f3a51e12000-7f3a51e13000 ---p 00000000 00:00 0 
7f3a51e13000-7f3a52e85000 rw-p 00000000 00:00 0                          [stack:12170]
7f3a52e85000-7f3a5305e000 r--s 03d20000 08:01 4069182                    /usr/lib/jvm/java-8-oracle/jre/lib/rt.jar
7f3a5305e000-7f3a5371e000 rw-p 00000000 00:00 0 
7f3a5371e000-7f3a5385e000 ---p 00000000 00:00 0 
7f3a5385e000-7f3a53c5e000 rw-p 00000000 00:00 0 
7f3a53c5e000-7f3a53c5f000 ---p 00000000 00:00 0 
7f3a53c5f000-7f3a53d5f000 rw-p 00000000 00:00 0                          [stack:12169]
7f3a53d5f000-7f3a53d60000 ---p 00000000 00:00 0 
7f3a53d60000-7f3a53e60000 rw-p 00000000 00:00 0                          [stack:12168]
7f3a53e60000-7f3a53e61000 ---p 00000000 00:00 0 
7f3a53e61000-7f3a54106000 rw-p 00000000 00:00 0                          [stack:12167]
7f3a54106000-7f3a5420c000 ---p 00000000 00:00 0 
7f3a5420c000-7f3a543b1000 rw-p 00000000 00:00 0 
7f3a543b1000-7f3a544b6000 ---p 00000000 00:00 0 
7f3a544b6000-7f3a5460c000 rw-p 00000000 00:00 0 
7f3a5460c000-7f3a54640000 rw-p 00000000 00:00 0 
7f3a54640000-7f3a549cd000 ---p 00000000 00:00 0 
7f3a549cd000-7f3a5568d000 rwxp 00000000 00:00 0 
7f3a5568d000-7f3a639cd000 ---p 00000000 00:00 0 
7f3a639cd000-7f3a639e7000 r-xp 00000000 08:01 4069168                    /usr/lib/jvm/java-8-oracle/jre/lib/amd64/libzip.so
7f3a639e7000-7f3a63be7000 ---p 0001a000 08:01 4069168                    /usr/lib/jvm/java-8-oracle/jre/lib/amd64/libzip.so
7f3a63be7000-7f3a63be8000 rw-p 0001a000 08:01 4069168                    /usr/lib/jvm/java-8-oracle/jre/lib/amd64/libzip.so
7f3a63be8000-7f3a63bf3000 r-xp 00000000 08:01 5771445                    /lib/x86_64-linux-gnu/libnss_files-2.19.so
7f3a63bf3000-7f3a63df2000 ---p 0000b000 08:01 5771445                    /lib/x86_64-linux-gnu/libnss_files-2.19.so
7f3a63df2000-7f3a63df3000 r--p 0000a000 08:01 5771445                    /lib/x86_64-linux-gnu/libnss_files-2.19.so
7f3a63df3000-7f3a63df4000 rw-p 0000b000 08:01 5771445                    /lib/x86_64-linux-gnu/libnss_files-2.19.so
7f3a63df4000-7f3a63dff000 r-xp 00000000 08:01 5771455                    /lib/x86_64-linux-gnu/libnss_nis-2.19.so
7f3a63dff000-7f3a63ffe000 ---p 0000b000 08:01 5771455                    /lib/x86_64-linux-gnu/libnss_nis-2.19.so
7f3a63ffe000-7f3a63fff000 r--p 0000a000 08:01 5771455                    /lib/x86_64-linux-gnu/libnss_nis-2.19.so
7f3a63fff000-7f3a64000000 rw-p 0000b000 08:01 5771455                    /lib/x86_64-linux-gnu/libnss_nis-2.19.so
7f3a64000000-7f3a643ac000 rw-p 00000000 00:00 0 
7f3a643ac000-7f3a68000000 ---p 00000000 00:00 0 
7f3a6800e000-7f3a680f4000 rw-p 00000000 00:00 0 
7f3a680f4000-7f3a680f5000 ---p 00000000 00:00 0 
7f3a680f5000-7f3a681f5000 rw-p 00000000 00:00 0                          [stack:12166]
7f3a681f5000-7f3a6820c000 r-xp 00000000 08:01 5771439                    /lib/x86_64-linux-gnu/libnsl-2.19.so
7f3a6820c000-7f3a6840b000 ---p 00017000 08:01 5771439                    /lib/x86_64-linux-gnu/libnsl-2.19.so
7f3a6840b000-7f3a6840c000 r--p 00016000 08:01 5771439                    /lib/x86_64-linux-gnu/libnsl-2.19.so
7f3a6840c000-7f3a6840d000 rw-p 00017000 08:01 5771439                    /lib/x86_64-linux-gnu/libnsl-2.19.so
7f3a6840d000-7f3a6840f000 rw-p 00000000 00:00 0 
7f3a6840f000-7f3a68418000 r-xp 00000000 08:01 5771441                    /lib/x86_64-linux-gnu/libnss_compat-2.19.so
7f3a68418000-7f3a68617000 ---p 00009000 08:01 5771441                    /lib/x86_64-linux-gnu/libnss_compat-2.19.so
7f3a68617000-7f3a68618000 r--p 00008000 08:01 5771441                    /lib/x86_64-linux-gnu/libnss_compat-2.19.so
7f3a68618000-7f3a68619000 rw-p 00009000 08:01 5771441                    /lib/x86_64-linux-gnu/libnss_compat-2.19.so
7f3a68619000-7f3a68643000 r-xp 00000000 08:01 4069157                    /usr/lib/jvm/java-8-oracle/jre/lib/amd64/libjava.so
7f3a68643000-7f3a68843000 ---p 0002a000 08:01 4069157                    /usr/lib/jvm/java-8-oracle/jre/lib/amd64/libjava.so
7f3a68843000-7f3a68845000 rw-p 0002a000 08:01 4069157                    /usr/lib/jvm/java-8-oracle/jre/lib/amd64/libjava.so
7f3a68845000-7f3a68852000 r-xp 00000000 08:01 4069118                    /usr/lib/jvm/java-8-oracle/jre/lib/amd64/libverify.so
7f3a68852000-7f3a68a52000 ---p 0000d000 08:01 4069118                    /usr/lib/jvm/java-8-oracle/jre/lib/amd64/libverify.so
7f3a68a52000-7f3a68a54000 rw-p 0000d000 08:01 4069118                    /usr/lib/jvm/java-8-oracle/jre/lib/amd64/libverify.so
7f3a68a54000-7f3a68a5b000 r-xp 00000000 08:01 5771498                    /lib/x86_64-linux-gnu/librt-2.19.so
7f3a68a5b000-7f3a68c5a000 ---p 00007000 08:01 5771498                    /lib/x86_64-linux-gnu/librt-2.19.so
7f3a68c5a000-7f3a68c5b000 r--p 00006000 08:01 5771498                    /lib/x86_64-linux-gnu/librt-2.19.so
7f3a68c5b000-7f3a68c5c000 rw-p 00007000 08:01 5771498                    /lib/x86_64-linux-gnu/librt-2.19.so
7f3a68c5c000-7f3a68d61000 r-xp 00000000 08:01 5771420                    /lib/x86_64-linux-gnu/libm-2.19.so
7f3a68d61000-7f3a68f60000 ---p 00105000 08:01 5771420                    /lib/x86_64-linux-gnu/libm-2.19.so
7f3a68f60000-7f3a68f61000 r--p 00104000 08:01 5771420                    /lib/x86_64-linux-gnu/libm-2.19.so
7f3a68f61000-7f3a68f62000 rw-p 00105000 08:01 5771420                    /lib/x86_64-linux-gnu/libm-2.19.so
7f3a68f62000-7f3a69c20000 r-xp 00000000 08:01 4069167                    /usr/lib/jvm/java-8-oracle/jre/lib/amd64/server/libjvm.so
7f3a69c20000-7f3a69e1f000 ---p 00cbe000 08:01 4069167                    /usr/lib/jvm/java-8-oracle/jre/lib/amd64/server/libjvm.so
7f3a69e1f000-7f3a69ef8000 rw-p 00cbd000 08:01 4069167                    /usr/lib/jvm/java-8-oracle/jre/lib/amd64/server/libjvm.so
7f3a69ef8000-7f3a69f3c000 rw-p 00000000 00:00 0 
7f3a69f3c000-7f3a6a0f7000 r-xp 00000000 08:01 5771370                    /lib/x86_64-linux-gnu/libc-2.19.so
7f3a6a0f7000-7f3a6a2f6000 ---p 001bb000 08:01 5771370                    /lib/x86_64-linux-gnu/libc-2.19.so
7f3a6a2f6000-7f3a6a2fa000 r--p 001ba000 08:01 5771370                    /lib/x86_64-linux-gnu/libc-2.19.so
7f3a6a2fa000-7f3a6a2fc000 rw-p 001be000 08:01 5771370                    /lib/x86_64-linux-gnu/libc-2.19.so
7f3a6a2fc000-7f3a6a301000 rw-p 00000000 00:00 0 
7f3a6a301000-7f3a6a304000 r-xp 00000000 08:01 5771387                    /lib/x86_64-linux-gnu/libdl-2.19.so
7f3a6a304000-7f3a6a503000 ---p 00003000 08:01 5771387                    /lib/x86_64-linux-gnu/libdl-2.19.so
7f3a6a503000-7f3a6a504000 r--p 00002000 08:01 5771387                    /lib/x86_64-linux-gnu/libdl-2.19.so
7f3a6a504000-7f3a6a505000 rw-p 00003000 08:01 5771387                    /lib/x86_64-linux-gnu/libdl-2.19.so
7f3a6a505000-7f3a6a51a000 r-xp 00000000 08:01 4727160                    /usr/lib/jvm/java-8-oracle/lib/amd64/jli/libjli.so
7f3a6a51a000-7f3a6a71a000 ---p 00015000 08:01 4727160                    /usr/lib/jvm/java-8-oracle/lib/amd64/jli/libjli.so
7f3a6a71a000-7f3a6a71b000 rw-p 00015000 08:01 4727160                    /usr/lib/jvm/java-8-oracle/lib/amd64/jli/libjli.so
7f3a6a71b000-7f3a6a734000 r-xp 00000000 08:01 5771490                    /lib/x86_64-linux-gnu/libpthread-2.19.so
7f3a6a734000-7f3a6a933000 ---p 00019000 08:01 5771490                    /lib/x86_64-linux-gnu/libpthread-2.19.so
7f3a6a933000-7f3a6a934000 r--p 00018000 08:01 5771490                    /lib/x86_64-linux-gnu/libpthread-2.19.so
7f3a6a934000-7f3a6a935000 rw-p 00019000 08:01 5771490                    /lib/x86_64-linux-gnu/libpthread-2.19.so
7f3a6a935000-7f3a6a939000 rw-p 00000000 00:00 0 
7f3a6a939000-7f3a6a95c000 r-xp 00000000 08:01 5771346                    /lib/x86_64-linux-gnu/ld-2.19.so
7f3a6a964000-7f3a6a96b000 r--s 00000000 08:01 1967077                    /usr/lib/x86_64-linux-gnu/gconv/gconv-modules.cache
7f3a6a96b000-7f3a6aa37000 rw-p 00000000 00:00 0 
7f3a6aa37000-7f3a6aa3a000 ---p 00000000 00:00 0 
7f3a6aa3a000-7f3a6ab3c000 rw-p 00000000 00:00 0                          [stack:12165]
7f3a6ab3f000-7f3a6ab40000 rw-p 00000000 00:00 0 
7f3a6ab40000-7f3a6ab4f000 r--s 000df000 08:01 10635452                   /home/tomasz/Android/Sdk/build-tools/23.0.2/lib/dx.jar
7f3a6ab4f000-7f3a6ab57000 rw-s 00000000 08:01 6821091                    /tmp/hsperfdata_tomasz/12159
7f3a6ab57000-7f3a6ab58000 rw-p 00000000 00:00 0 
7f3a6ab58000-7f3a6ab59000 ---p 00000000 00:00 0 
7f3a6ab59000-7f3a6ab5b000 rw-p 00000000 00:00 0 
7f3a6ab5b000-7f3a6ab5c000 r--p 00022000 08:01 5771346                    /lib/x86_64-linux-gnu/ld-2.19.so
7f3a6ab5c000-7f3a6ab5d000 rw-p 00023000 08:01 5771346                    /lib/x86_64-linux-gnu/ld-2.19.so
7f3a6ab5d000-7f3a6ab5e000 rw-p 00000000 00:00 0 
7ffc3816f000-7ffc38190000 rw-p 00000000 00:00 0                          [stack]
7ffc381b7000-7ffc381b9000 r--p 00000000 00:00 0                          [vvar]
7ffc381b9000-7ffc381bb000 r-xp 00000000 00:00 0                          [vdso]
ffffffffff600000-ffffffffff601000 r-xp 00000000 00:00 0                  [vsyscall]

VM Arguments:
jvm_args: -Djava.awt.headless=true -Xmx2g -Dfile.encoding=UTF-8 -Duser.country=PL -Duser.language=pl -Duser.variant 
java_command: com.android.dx.command.Main --dex --num-threads=4 --multi-dex --main-dex-list /home/tomasz/AndroidStudioProjects/ITAssistant/app/build/intermediates/multi-dex/debug/maindexlist.txt --output /home/tomasz/AndroidStudioProjects/ITAssistant/app/build/intermediates/transforms/dex/debug/folders/1000/1f/main /home/tomasz/AndroidStudioProjects/ITAssistant/app/build/intermediates/transforms/jarMerging/debug/jars/1/1f/combined.jar
java_class_path (initial): /home/tomasz/Android/Sdk/build-tools/23.0.2/lib/dx.jar
Launcher Type: SUN_STANDARD

Environment Variables:
PATH=/usr/local/sbin:/usr/local/bin:/usr/sbin:/usr/bin:/sbin:/bin:/usr/games:/usr/local/games
LD_LIBRARY_PATH=.:
SHELL=/bin/bash
DISPLAY=:0

Signal Handlers:
SIGSEGV: [libjvm.so+0xaba2a0], sa_mask[0]=11111111011111111101111111111110, sa_flags=SA_RESTART|SA_SIGINFO
SIGBUS: [libjvm.so+0xaba2a0], sa_mask[0]=11111111011111111101111111111110, sa_flags=SA_RESTART|SA_SIGINFO
SIGFPE: [libjvm.so+0x917710], sa_mask[0]=11111111011111111101111111111110, sa_flags=SA_RESTART|SA_SIGINFO
SIGPIPE: [libjvm.so+0x917710], sa_mask[0]=11111111011111111101111111111110, sa_flags=SA_RESTART|SA_SIGINFO
SIGXFSZ: [libjvm.so+0x917710], sa_mask[0]=11111111011111111101111111111110, sa_flags=SA_RESTART|SA_SIGINFO
SIGILL: [libjvm.so+0x917710], sa_mask[0]=11111111011111111101111111111110, sa_flags=SA_RESTART|SA_SIGINFO
SIGUSR1: SIG_DFL, sa_mask[0]=00000000000000000000000000000000, sa_flags=none
SIGUSR2: [libjvm.so+0x918d40], sa_mask[0]=00100000000000000000000000000000, sa_flags=SA_RESTART|SA_SIGINFO
SIGHUP: [libjvm.so+0x91a140], sa_mask[0]=11111111011111111101111111111110, sa_flags=SA_RESTART|SA_SIGINFO
SIGINT: [libjvm.so+0x91a140], sa_mask[0]=11111111011111111101111111111110, sa_flags=SA_RESTART|SA_SIGINFO
SIGTERM: [libjvm.so+0x91a140], sa_mask[0]=11111111011111111101111111111110, sa_flags=SA_RESTART|SA_SIGINFO
SIGQUIT: [libjvm.so+0x91a140], sa_mask[0]=11111111011111111101111111111110, sa_flags=SA_RESTART|SA_SIGINFO


---------------  S Y S T E M  ---------------

OS:DISTRIB_ID=Ubuntu
DISTRIB_RELEASE=14.04
DISTRIB_CODENAME=trusty
DISTRIB_DESCRIPTION="Ubuntu 14.04.3 LTS"

uname:Linux 3.19.0-33-generic #38~14.04.1-Ubuntu SMP Fri Nov 6 18:17:28 UTC 2015 x86_64
libc:glibc 2.19 NPTL 2.19 
rlimit: STACK 8192k, CORE 0k, NPROC 23202, NOFILE 4096, AS infinity
load average:5,00 2,83 2,02

/proc/meminfo:
MemTotal:        5961336 kB
MemFree:          114252 kB
MemAvailable:     108212 kB
Buffers:            2104 kB
Cached:           463584 kB
SwapCached:            0 kB
Active:          5255652 kB
Inactive:         390428 kB
Active(anon):    5197492 kB
Inactive(anon):   347144 kB
Active(file):      58160 kB
Inactive(file):    43284 kB
Unevictable:         332 kB
Mlocked:             332 kB
SwapTotal:             0 kB
SwapFree:              0 kB
Dirty:              8456 kB
Writeback:             0 kB
AnonPages:       5180860 kB
Mapped:           169736 kB
Shmem:            363988 kB
Slab:              92036 kB
SReclaimable:      55396 kB
SUnreclaim:        36640 kB
KernelStack:       11008 kB
PageTables:        48972 kB
NFS_Unstable:          0 kB
Bounce:                0 kB
WritebackTmp:          0 kB
CommitLimit:     2980668 kB
Committed_AS:    9775052 kB
VmallocTotal:   34359738367 kB
VmallocUsed:      551948 kB
VmallocChunk:   34359166428 kB
HardwareCorrupted:     0 kB
AnonHugePages:   2867200 kB
CmaTotal:              0 kB
CmaFree:               0 kB
HugePages_Total:       0
HugePages_Free:        0
HugePages_Rsvd:        0
HugePages_Surp:        0
Hugepagesize:       2048 kB
DirectMap4k:      172288 kB
DirectMap2M:     5967872 kB


CPU:total 4 (2 cores per cpu, 2 threads per core) family 6 model 42 stepping 7, cmov, cx8, fxsr, mmx, sse, sse2, sse3, ssse3, sse4.1, sse4.2, popcnt, avx, aes, clmul, ht, tsc, tscinvbit

/proc/cpuinfo:
processor	: 0
vendor_id	: GenuineIntel
cpu family	: 6
model		: 42
model name	: Intel(R) Core(TM) i5-2450M CPU @ 2.50GHz
stepping	: 7
microcode	: 0x25
cpu MHz		: 2899.902
cache size	: 3072 KB
physical id	: 0
siblings	: 4
core id		: 0
cpu cores	: 2
apicid		: 0
initial apicid	: 0
fpu		: yes
fpu_exception	: yes
cpuid level	: 13
wp		: yes
flags		: fpu vme de pse tsc msr pae mce cx8 apic sep mtrr pge mca cmov pat pse36 clflush dts acpi mmx fxsr sse sse2 ss ht tm pbe syscall nx rdtscp lm constant_tsc arch_perfmon pebs bts rep_good nopl xtopology nonstop_tsc aperfmperf eagerfpu pni pclmulqdq dtes64 monitor ds_cpl vmx est tm2 ssse3 cx16 xtpr pdcm pcid sse4_1 sse4_2 x2apic popcnt tsc_deadline_timer aes xsave avx lahf_lm ida arat epb pln pts dtherm tpr_shadow vnmi flexpriority ept vpid xsaveopt
bugs		:
bogomips	: 4988.68
clflush size	: 64
cache_alignment	: 64
address sizes	: 36 bits physical, 48 bits virtual
power management:

processor	: 1
vendor_id	: GenuineIntel
cpu family	: 6
model		: 42
model name	: Intel(R) Core(TM) i5-2450M CPU @ 2.50GHz
stepping	: 7
microcode	: 0x25
cpu MHz		: 2900.000
cache size	: 3072 KB
physical id	: 0
siblings	: 4
core id		: 0
cpu cores	: 2
apicid		: 1
initial apicid	: 1
fpu		: yes
fpu_exception	: yes
cpuid level	: 13
wp		: yes
flags		: fpu vme de pse tsc msr pae mce cx8 apic sep mtrr pge mca cmov pat pse36 clflush dts acpi mmx fxsr sse sse2 ss ht tm pbe syscall nx rdtscp lm constant_tsc arch_perfmon pebs bts rep_good nopl xtopology nonstop_tsc aperfmperf eagerfpu pni pclmulqdq dtes64 monitor ds_cpl vmx est tm2 ssse3 cx16 xtpr pdcm pcid sse4_1 sse4_2 x2apic popcnt tsc_deadline_timer aes xsave avx lahf_lm ida arat epb pln pts dtherm tpr_shadow vnmi flexpriority ept vpid xsaveopt
bugs		:
bogomips	: 4988.68
clflush size	: 64
cache_alignment	: 64
address sizes	: 36 bits physical, 48 bits virtual
power management:

processor	: 2
vendor_id	: GenuineIntel
cpu family	: 6
model		: 42
model name	: Intel(R) Core(TM) i5-2450M CPU @ 2.50GHz
stepping	: 7
microcode	: 0x25
cpu MHz		: 2900.000
cache size	: 3072 KB
physical id	: 0
siblings	: 4
core id		: 1
cpu cores	: 2
apicid		: 2
initial apicid	: 2
fpu		: yes
fpu_exception	: yes
cpuid level	: 13
wp		: yes
flags		: fpu vme de pse tsc msr pae mce cx8 apic sep mtrr pge mca cmov pat pse36 clflush dts acpi mmx fxsr sse sse2 ss ht tm pbe syscall nx rdtscp lm constant_tsc arch_perfmon pebs bts rep_good nopl xtopology nonstop_tsc aperfmperf eagerfpu pni pclmulqdq dtes64 monitor ds_cpl vmx est tm2 ssse3 cx16 xtpr pdcm pcid sse4_1 sse4_2 x2apic popcnt tsc_deadline_timer aes xsave avx lahf_lm ida arat epb pln pts dtherm tpr_shadow vnmi flexpriority ept vpid xsaveopt
bugs		:
bogomips	: 4988.68
clflush size	: 64
cache_alignment	: 64
address sizes	: 36 bits physical, 48 bits virtual
power management:

processor	: 3
vendor_id	: GenuineIntel
cpu family	: 6
model		: 42
model name	: Intel(R) Core(TM) i5-2450M CPU @ 2.50GHz
stepping	: 7
microcode	: 0x25
cpu MHz		: 2900.000
cache size	: 3072 KB
physical id	: 0
siblings	: 4
core id		: 1
cpu cores	: 2
apicid		: 3
initial apicid	: 3
fpu		: yes
fpu_exception	: yes
cpuid level	: 13
wp		: yes
flags		: fpu vme de pse tsc msr pae mce cx8 apic sep mtrr pge mca cmov pat pse36 clflush dts acpi mmx fxsr sse sse2 ss ht tm pbe syscall nx rdtscp lm constant_tsc arch_perfmon pebs bts rep_good nopl xtopology nonstop_tsc aperfmperf eagerfpu pni pclmulqdq dtes64 monitor ds_cpl vmx est tm2 ssse3 cx16 xtpr pdcm pcid sse4_1 sse4_2 x2apic popcnt tsc_deadline_timer aes xsave avx lahf_lm ida arat epb pln pts dtherm tpr_shadow vnmi flexpriority ept vpid xsaveopt
bugs		:
bogomips	: 4988.68
clflush size	: 64
cache_alignment	: 64
address sizes	: 36 bits physical, 48 bits virtual
power management:



Memory: 4k page, physical 5961336k(114252k free), swap 0k(0k free)

vm_info: Java HotSpot(TM) 64-Bit Server VM (25.66-b17) for linux-amd64 JRE (1.8.0_66-b17), built on Oct  6 2015 17:28:34 by "java_re" with gcc 4.3.0 20080428 (Red Hat 4.3.0-8)

time: Wed Nov 25 22:21:03 2015
elapsed time: 50 seconds (0d 0h 0m 50s)

