#
# There is insufficient memory for the Java Runtime Environment to continue.
# Native memory allocation (mmap) failed to map 163577856 bytes for committing reserved memory.
# Possible reasons:
#   The system is out of physical RAM or swap space
#   In 32 bit mode, the process size limit was hit
# Possible solutions:
#   Reduce memory load on the system
#   Increase physical memory or swap space
#   Check if swap backing store is full
#   Use 64 bit Java on a 64 bit OS
#   Decrease Java heap size (-Xmx/-Xms)
#   Decrease number of Java threads
#   Decrease Java thread stack sizes (-Xss)
#   Set larger code cache with -XX:ReservedCodeCacheSize=
# This output file may be truncated or incomplete.
#
#  Out of Memory Error (os_linux.cpp:2627), pid=12168, tid=140073379034880
#
# JRE version: Java(TM) SE Runtime Environment (8.0_66-b17) (build 1.8.0_66-b17)
# Java VM: Java HotSpot(TM) 64-Bit Server VM (25.66-b17 mixed mode linux-amd64 compressed oops)
# Failed to write core dump. Core dumps have been disabled. To enable core dumping, try "ulimit -c unlimited" before starting Java again
#

---------------  T H R E A D  ---------------

Current thread (0x00007f6580078000):  VMThread [stack: 0x00007f655feff000,0x00007f6560000000] [id=12177]

Stack: [0x00007f655feff000,0x00007f6560000000],  sp=0x00007f655fffe0e0,  free space=1020k
Native frames: (J=compiled Java code, j=interpreted, Vv=VM code, C=native code)
V  [libjvm.so+0xab9a1a]  VMError::report_and_die()+0x2ba
V  [libjvm.so+0x4f9e0b]  report_vm_out_of_memory(char const*, int, unsigned long, VMErrorType, char const*)+0x8b
V  [libjvm.so+0x91a8a3]  os::Linux::commit_memory_impl(char*, unsigned long, bool)+0x103
V  [libjvm.so+0x91adf9]  os::pd_commit_memory(char*, unsigned long, unsigned long, bool)+0x29
V  [libjvm.so+0x91510a]  os::commit_memory(char*, unsigned long, unsigned long, bool)+0x2a
V  [libjvm.so+0x9887a3]  PSVirtualSpace::expand_by(unsigned long)+0x53
V  [libjvm.so+0x989ba8]  PSYoungGen::resize_generation(unsigned long, unsigned long)+0xf8
V  [libjvm.so+0x988d02]  PSYoungGen::resize(unsigned long, unsigned long)+0x22
V  [libjvm.so+0x985fdb]  PSScavenge::invoke_no_policy()+0xf3b
V  [libjvm.so+0x986761]  PSScavenge::invoke()+0x41
V  [libjvm.so+0x93e500]  ParallelScavengeHeap::failed_mem_allocate(unsigned long)+0x70
V  [libjvm.so+0xabb437]  VM_ParallelGCFailedAllocation::doit()+0x97
V  [libjvm.so+0xac2e65]  VM_Operation::evaluate()+0x55
V  [libjvm.so+0xac123a]  VMThread::evaluate_operation(VM_Operation*)+0xba
V  [libjvm.so+0xac15be]  VMThread::loop()+0x1ce
V  [libjvm.so+0xac1a30]  VMThread::run()+0x70
V  [libjvm.so+0x91cc68]  java_start(Thread*)+0x108

VM_Operation (0x00007f655ebdef30): ParallelGCFailedAllocation, mode: safepoint, requested by thread 0x00007f6580151000


---------------  P R O C E S S  ---------------

Java Threads: ( => current thread )
  0x00007f6580152800 JavaThread "pool-2-thread-4" [_thread_blocked, id=12209, stack(0x00007f655e9df000,0x00007f655eae0000)]
  0x00007f6580151000 JavaThread "pool-2-thread-3" [_thread_blocked, id=12208, stack(0x00007f655eae0000,0x00007f655ebe1000)]
  0x00007f658014f800 JavaThread "pool-2-thread-2" [_thread_blocked, id=12207, stack(0x00007f655ebe1000,0x00007f655ece2000)]
  0x00007f6580144800 JavaThread "pool-3-thread-1" [_thread_blocked, id=12206, stack(0x00007f655ece2000,0x00007f655ede3000)]
  0x00007f6580142000 JavaThread "pool-2-thread-1" [_thread_blocked, id=12205, stack(0x00007f655ede3000,0x00007f655eee4000)]
  0x00007f65800ca800 JavaThread "Service Thread" daemon [_thread_blocked, id=12184, stack(0x00007f655efe5000,0x00007f655f0e6000)]
  0x00007f65800bd800 JavaThread "C1 CompilerThread2" daemon [_thread_blocked, id=12183, stack(0x00007f655f0e6000,0x00007f655f1e7000)]
  0x00007f65800bb800 JavaThread "C2 CompilerThread1" daemon [_thread_blocked, id=12182, stack(0x00007f655f1e7000,0x00007f655f2e8000)]
  0x00007f65800b8800 JavaThread "C2 CompilerThread0" daemon [_thread_blocked, id=12181, stack(0x00007f655f2e8000,0x00007f655f3e9000)]
  0x00007f65800b7000 JavaThread "Signal Dispatcher" daemon [_thread_blocked, id=12180, stack(0x00007f655f3e9000,0x00007f655f4ea000)]
  0x00007f658007f000 JavaThread "Finalizer" daemon [_thread_blocked, id=12179, stack(0x00007f655fcfd000,0x00007f655fdfe000)]
  0x00007f658007d000 JavaThread "Reference Handler" daemon [_thread_blocked, id=12178, stack(0x00007f655fdfe000,0x00007f655feff000)]
  0x00007f658000a000 JavaThread "main" [_thread_blocked, id=12170, stack(0x00007f6588b4d000,0x00007f6588c4e000)]

Other Threads:
=>0x00007f6580078000 VMThread [stack: 0x00007f655feff000,0x00007f6560000000] [id=12177]
  0x00007f65800cd800 WatcherThread [stack: 0x00007f655eee4000,0x00007f655efe5000] [id=12185]

VM state:at safepoint (normal execution)

VM Mutex/Monitor currently owned by a thread:  ([mutex/lock_event])
[0x00007f65800064d0] Threads_lock - owner thread: 0x00007f6580078000
[0x00007f65800069d0] Heap_lock - owner thread: 0x00007f6580151000

Heap:
 PSYoungGen      total 99840K, used 3553K [0x00000000d5580000, 0x00000000dba80000, 0x0000000100000000)
  eden space 96256K, 0% used [0x00000000d5580000,0x00000000d5580000,0x00000000db380000)
  from space 3584K, 99% used [0x00000000db380000,0x00000000db6f8460,0x00000000db700000)
  to   space 3584K, 0% used [0x00000000db700000,0x00000000db700000,0x00000000dba80000)
 ParOldGen       total 62976K, used 59570K [0x0000000080000000, 0x0000000083d80000, 0x00000000d5580000)
  object space 62976K, 94% used [0x0000000080000000,0x0000000083a2c990,0x0000000083d80000)
 Metaspace       used 5770K, capacity 6960K, committed 7040K, reserved 1056768K
  class space    used 575K, capacity 616K, committed 640K, reserved 1048576K

Card table byte_map: [0x00007f6585519000,0x00007f658591a000] byte_map_base: 0x00007f6585119000

Marking Bits: (ParMarkBitMap*) 0x00007f6588029020
 Begin Bits: [0x00007f656d000000, 0x00007f656f000000)
 End Bits:   [0x00007f656f000000, 0x00007f6571000000)

Polling page: 0x00007f6588c70000

CodeCache: size=245760Kb used=5418Kb max_used=5418Kb free=240341Kb
 bounds [0x00007f6571000000, 0x00007f6571550000, 0x00007f6580000000]
 total_blobs=1568 nmethods=1306 adapters=175
 compilation: enabled

Compilation events (10 events):
Event: 10,728 Thread 0x00007f65800bd800 nmethod 1711 0x00007f6571547d90 code [0x00007f6571548140, 0x00007f657154a598]
Event: 10,729 Thread 0x00007f65800bd800 1716 %     3       com.android.dx.rop.code.BasicBlockList::getInstructionCount @ 9 (48 bytes)
Event: 10,736 Thread 0x00007f65800bd800 nmethod 1716% 0x00007f6571546410 code [0x00007f65715465c0, 0x00007f6571546cb0]
Event: 10,736 Thread 0x00007f65800bd800 1713 %     3       com.android.dx.ssa.back.SsaToRop::removePhiFunctions @ 13 (83 bytes)
Event: 10,739 Thread 0x00007f65800bd800 nmethod 1713% 0x00007f6571544250 code [0x00007f6571544520, 0x00007f6571545988]
Event: 10,739 Thread 0x00007f65800bd800 1710       3       com.android.dx.rop.code.InsnList::contentEquals (54 bytes)
Event: 10,755 Thread 0x00007f65800bd800 nmethod 1710 0x00007f657154b7d0 code [0x00007f657154b9c0, 0x00007f657154c448]
Event: 10,755 Thread 0x00007f65800bd800 1718       2       com.android.dx.dex.code.RopTranslator::pickOrder (400 bytes)
Event: 10,762 Thread 0x00007f65800bd800 nmethod 1718 0x00007f657154c790 code [0x00007f657154c9e0, 0x00007f657154d538]
Event: 10,762 Thread 0x00007f65800bd800 1717       2       com.android.dx.ssa.SsaMethod::makeExitBlock (134 bytes)

GC Heap History (9 events):
Event: 3,734 GC heap before
{Heap before GC invocations=1 (full 0):
 PSYoungGen      total 27648K, used 24064K [0x00000000d5580000, 0x00000000d7400000, 0x0000000100000000)
  eden space 24064K, 100% used [0x00000000d5580000,0x00000000d6d00000,0x00000000d6d00000)
  from space 3584K, 0% used [0x00000000d7080000,0x00000000d7080000,0x00000000d7400000)
  to   space 3584K, 0% used [0x00000000d6d00000,0x00000000d6d00000,0x00000000d7080000)
 ParOldGen       total 62976K, used 0K [0x0000000080000000, 0x0000000083d80000, 0x00000000d5580000)
  object space 62976K, 0% used [0x0000000080000000,0x0000000080000000,0x0000000083d80000)
 Metaspace       used 5439K, capacity 6704K, committed 6784K, reserved 1056768K
  class space    used 563K, capacity 616K, committed 640K, reserved 1048576K
Event: 3,820 GC heap after
Heap after GC invocations=1 (full 0):
 PSYoungGen      total 27648K, used 3571K [0x00000000d5580000, 0x00000000d8b80000, 0x0000000100000000)
  eden space 24064K, 0% used [0x00000000d5580000,0x00000000d5580000,0x00000000d6d00000)
  from space 3584K, 99% used [0x00000000d6d00000,0x00000000d707cf68,0x00000000d7080000)
  to   space 3584K, 0% used [0x00000000d8800000,0x00000000d8800000,0x00000000d8b80000)
 ParOldGen       total 62976K, used 2013K [0x0000000080000000, 0x0000000083d80000, 0x00000000d5580000)
  object space 62976K, 3% used [0x0000000080000000,0x00000000801f7670,0x0000000083d80000)
 Metaspace       used 5439K, capacity 6704K, committed 6784K, reserved 1056768K
  class space    used 563K, capacity 616K, committed 640K, reserved 1048576K
}
Event: 5,177 GC heap before
{Heap before GC invocations=2 (full 0):
 PSYoungGen      total 27648K, used 27635K [0x00000000d5580000, 0x00000000d8b80000, 0x0000000100000000)
  eden space 24064K, 100% used [0x00000000d5580000,0x00000000d6d00000,0x00000000d6d00000)
  from space 3584K, 99% used [0x00000000d6d00000,0x00000000d707cf68,0x00000000d7080000)
  to   space 3584K, 0% used [0x00000000d8800000,0x00000000d8800000,0x00000000d8b80000)
 ParOldGen       total 62976K, used 2013K [0x0000000080000000, 0x0000000083d80000, 0x00000000d5580000)
  object space 62976K, 3% used [0x0000000080000000,0x00000000801f7670,0x0000000083d80000)
 Metaspace       used 5519K, capacity 6768K, committed 7040K, reserved 1056768K
  class space    used 564K, capacity 616K, committed 640K, reserved 1048576K
Event: 5,237 GC heap after
Heap after GC invocations=2 (full 0):
 PSYoungGen      total 51712K, used 3552K [0x00000000d5580000, 0x00000000d8b80000, 0x0000000100000000)
  eden space 48128K, 0% used [0x00000000d5580000,0x00000000d5580000,0x00000000d8480000)
  from space 3584K, 99% used [0x00000000d8800000,0x00000000d8b78050,0x00000000d8b80000)
  to   space 3584K, 0% used [0x00000000d8480000,0x00000000d8480000,0x00000000d8800000)
 ParOldGen       total 62976K, used 5608K [0x0000000080000000, 0x0000000083d80000, 0x00000000d5580000)
  object space 62976K, 8% used [0x0000000080000000,0x000000008057a098,0x0000000083d80000)
 Metaspace       used 5519K, capacity 6768K, committed 7040K, reserved 1056768K
  class space    used 564K, capacity 616K, committed 640K, reserved 1048576K
}
Event: 7,112 GC heap before
{Heap before GC invocations=3 (full 0):
 PSYoungGen      total 51712K, used 51680K [0x00000000d5580000, 0x00000000d8b80000, 0x0000000100000000)
  eden space 48128K, 100% used [0x00000000d5580000,0x00000000d8480000,0x00000000d8480000)
  from space 3584K, 99% used [0x00000000d8800000,0x00000000d8b78050,0x00000000d8b80000)
  to   space 3584K, 0% used [0x00000000d8480000,0x00000000d8480000,0x00000000d8800000)
 ParOldGen       total 62976K, used 5608K [0x0000000080000000, 0x0000000083d80000, 0x00000000d5580000)
  object space 62976K, 8% used [0x0000000080000000,0x000000008057a098,0x0000000083d80000)
 Metaspace       used 5568K, capacity 6832K, committed 7040K, reserved 1056768K
  class space    used 564K, capacity 616K, committed 640K, reserved 1048576K
Event: 7,258 GC heap after
Heap after GC invocations=3 (full 0):
 PSYoungGen      total 51712K, used 3562K [0x00000000d5580000, 0x00000000dba80000, 0x0000000100000000)
  eden space 48128K, 0% used [0x00000000d5580000,0x00000000d5580000,0x00000000d8480000)
  from space 3584K, 99% used [0x00000000d8480000,0x00000000d87faa50,0x00000000d8800000)
  to   space 3584K, 0% used [0x00000000db700000,0x00000000db700000,0x00000000dba80000)
 ParOldGen       total 62976K, used 12660K [0x0000000080000000, 0x0000000083d80000, 0x00000000d5580000)
  object space 62976K, 20% used [0x0000000080000000,0x0000000080c5d310,0x0000000083d80000)
 Metaspace       used 5568K, capacity 6832K, committed 7040K, reserved 1056768K
  class space    used 564K, capacity 616K, committed 640K, reserved 1048576K
}
Event: 8,791 GC heap before
{Heap before GC invocations=4 (full 0):
 PSYoungGen      total 51712K, used 51690K [0x00000000d5580000, 0x00000000dba80000, 0x0000000100000000)
  eden space 48128K, 100% used [0x00000000d5580000,0x00000000d8480000,0x00000000d8480000)
  from space 3584K, 99% used [0x00000000d8480000,0x00000000d87faa50,0x00000000d8800000)
  to   space 3584K, 0% used [0x00000000db700000,0x00000000db700000,0x00000000dba80000)
 ParOldGen       total 62976K, used 12660K [0x0000000080000000, 0x0000000083d80000, 0x00000000d5580000)
  object space 62976K, 20% used [0x0000000080000000,0x0000000080c5d310,0x0000000083d80000)
 Metaspace       used 5694K, capacity 6896K, committed 7040K, reserved 1056768K
  class space    used 574K, capacity 616K, committed 640K, reserved 1048576K
Event: 9,058 GC heap after
Heap after GC invocations=4 (full 0):
 PSYoungGen      total 99840K, used 3570K [0x00000000d5580000, 0x00000000dba80000, 0x0000000100000000)
  eden space 96256K, 0% used [0x00000000d5580000,0x00000000d5580000,0x00000000db380000)
  from space 3584K, 99% used [0x00000000db700000,0x00000000dba7cbf0,0x00000000dba80000)
  to   space 3584K, 0% used [0x00000000db380000,0x00000000db380000,0x00000000db700000)
 ParOldGen       total 62976K, used 23339K [0x0000000080000000, 0x0000000083d80000, 0x00000000d5580000)
  object space 62976K, 37% used [0x0000000080000000,0x00000000816cac08,0x0000000083d80000)
 Metaspace       used 5694K, capacity 6896K, committed 7040K, reserved 1056768K
  class space    used 574K, capacity 616K, committed 640K, reserved 1048576K
}
Event: 10,783 GC heap before
{Heap before GC invocations=5 (full 0):
 PSYoungGen      total 99840K, used 99826K [0x00000000d5580000, 0x00000000dba80000, 0x0000000100000000)
  eden space 96256K, 100% used [0x00000000d5580000,0x00000000db380000,0x00000000db380000)
  from space 3584K, 99% used [0x00000000db700000,0x00000000dba7cbf0,0x00000000dba80000)
  to   space 3584K, 0% used [0x00000000db380000,0x00000000db380000,0x00000000db700000)
 ParOldGen       total 62976K, used 23339K [0x0000000080000000, 0x0000000083d80000, 0x00000000d5580000)
  object space 62976K, 37% used [0x0000000080000000,0x00000000816cac08,0x0000000083d80000)
 Metaspace       used 5770K, capacity 6960K, committed 7040K, reserved 1056768K
  class space    used 575K, capacity 616K, committed 640K, reserved 1048576K

Deoptimization events (10 events):
Event: 7,555 Thread 0x00007f658014f800 Uncommon trap: reason=unloaded action=reinterpret pc=0x00007f6571279bac method=com.android.dx.ssa.SsaRenamer$BlockRenamer.visitMoveInsn(Lcom/android/dx/ssa/NormalSsaInsn;)V @ 208
Event: 7,557 Thread 0x00007f658014f800 Uncommon trap: reason=class_check action=maybe_recompile pc=0x00007f65712bbdb0 method=com.android.dx.rop.type.Type.equals(Ljava/lang/Object;)Z @ 8
Event: 7,557 Thread 0x00007f658014f800 Uncommon trap: reason=class_check action=maybe_recompile pc=0x00007f65712bbdb0 method=com.android.dx.rop.type.Type.equals(Ljava/lang/Object;)Z @ 8
Event: 7,561 Thread 0x00007f658014f800 Uncommon trap: reason=class_check action=maybe_recompile pc=0x00007f65712bbdb0 method=com.android.dx.rop.type.Type.equals(Ljava/lang/Object;)Z @ 8
Event: 7,561 Thread 0x00007f658014f800 Uncommon trap: reason=class_check action=maybe_recompile pc=0x00007f65712bbdb0 method=com.android.dx.rop.type.Type.equals(Ljava/lang/Object;)Z @ 8
Event: 7,583 Thread 0x00007f6580151000 Uncommon trap: reason=unstable_if action=reinterpret pc=0x00007f657131f614 method=com.android.dx.util.IntList.binarysearch(I)I @ 26
Event: 7,611 Thread 0x00007f6580151000 Uncommon trap: reason=unstable_if action=reinterpret pc=0x00007f65713a383c method=com.android.dx.util.LabeledList.set(ILcom/android/dx/util/LabeledItem;)V @ 16
Event: 7,664 Thread 0x00007f658000a000 Uncommon trap: reason=unstable_if action=reinterpret pc=0x00007f6571184948 method=java.lang.String.<init>([CII)V @ 18
Event: 8,121 Thread 0x00007f658000a000 Uncommon trap: reason=unstable_if action=reinterpret pc=0x00007f65711cde88 method=java.lang.String.<init>([CII)V @ 18
Event: 9,551 Thread 0x00007f658000a000 Uncommon trap: reason=unstable_if action=reinterpret pc=0x00007f6571454040 method=com.android.dx.rop.code.RegisterSpec.equals(ILcom/android/dx/rop/type/TypeBearer;Lcom/android/dx/rop/code/LocalItem;)Z @ 16

Internal exceptions (2 events):
Event: 0,261 Thread 0x00007f658000a000 Exception <a 'java/lang/NoSuchMethodError': Method sun.misc.Unsafe.defineClass(Ljava/lang/String;[BII)Ljava/lang/Class; name or signature does not match> (0x00000000d5592b98) thrown at [/HUDSON/workspace/8-2-build-linux-amd64/jdk8u66/4988/hotspot/src/shar
Event: 0,261 Thread 0x00007f658000a000 Exception <a 'java/lang/NoSuchMethodError': Method sun.misc.Unsafe.prefetchRead(Ljava/lang/Object;J)V name or signature does not match> (0x00000000d5592e80) thrown at [/HUDSON/workspace/8-2-build-linux-amd64/jdk8u66/4988/hotspot/src/share/vm/prims/jni.cpp

Events (10 events):
Event: 10,431 Thread 0x00007f6580152800 DEOPT UNPACKING pc=0x00007f6571047633 sp=0x00007f655eaddaf0 mode 0
Event: 10,503 Thread 0x00007f6580142000 DEOPT PACKING pc=0x00007f6571420d6b sp=0x00007f655eee1f30
Event: 10,503 Thread 0x00007f6580142000 DEOPT UNPACKING pc=0x00007f6571047633 sp=0x00007f655eee1ce0 mode 0
Event: 10,677 Thread 0x00007f6580152800 DEOPT PACKING pc=0x00007f6571468fc0 sp=0x00007f655eade120
Event: 10,677 Thread 0x00007f6580152800 DEOPT UNPACKING pc=0x00007f6571047633 sp=0x00007f655eaddea8 mode 0
Event: 10,687 Thread 0x00007f6580142000 DEOPT PACKING pc=0x00007f6571468fc0 sp=0x00007f655eee1f20
Event: 10,687 Thread 0x00007f6580142000 DEOPT UNPACKING pc=0x00007f6571047633 sp=0x00007f655eee1ca8 mode 0
Event: 10,689 Thread 0x00007f6580142000 DEOPT PACKING pc=0x00007f65713376f1 sp=0x00007f655eee1e10
Event: 10,689 Thread 0x00007f6580142000 DEOPT UNPACKING pc=0x00007f6571047633 sp=0x00007f655eee1b70 mode 0
Event: 10,768 Executing VM operation: ParallelGCFailedAllocation


Dynamic libraries:
00400000-00401000 r-xp 00000000 08:01 4591374                            /usr/lib/jvm/java-8-oracle/bin/java
00600000-00601000 rw-p 00000000 08:01 4591374                            /usr/lib/jvm/java-8-oracle/bin/java
01d70000-01d91000 rw-p 00000000 00:00 0                                  [heap]
80000000-83d80000 rw-p 00000000 00:00 0 
83d80000-d5580000 ---p 00000000 00:00 0 
d5580000-dba80000 rw-p 00000000 00:00 0 
e5680000-100000000 ---p 00000000 00:00 0 
100000000-1000a0000 rw-p 00000000 00:00 0 
1000a0000-140000000 ---p 00000000 00:00 0 
7f651c000000-7f651c027000 rw-p 00000000 00:00 0 
7f651c027000-7f6520000000 ---p 00000000 00:00 0 
7f6524000000-7f6524038000 rw-p 00000000 00:00 0 
7f6524038000-7f6528000000 ---p 00000000 00:00 0 
7f6528000000-7f6528037000 rw-p 00000000 00:00 0 
7f6528037000-7f652c000000 ---p 00000000 00:00 0 
7f652c000000-7f652c035000 rw-p 00000000 00:00 0 
7f652c035000-7f6530000000 ---p 00000000 00:00 0 
7f6530000000-7f6530021000 rw-p 00000000 00:00 0 
7f6530021000-7f6534000000 ---p 00000000 00:00 0 
7f6534000000-7f6534021000 rw-p 00000000 00:00 0 
7f6534021000-7f6538000000 ---p 00000000 00:00 0 
7f6538000000-7f6538021000 rw-p 00000000 00:00 0 
7f6538021000-7f653c000000 ---p 00000000 00:00 0 
7f653c000000-7f653c853000 rw-p 00000000 00:00 0 
7f653c853000-7f6540000000 ---p 00000000 00:00 0 
7f6540000000-7f6540808000 rw-p 00000000 00:00 0 
7f6540808000-7f6544000000 ---p 00000000 00:00 0 
7f6544000000-7f6544021000 rw-p 00000000 00:00 0 
7f6544021000-7f6548000000 ---p 00000000 00:00 0 
7f6548000000-7f6548a72000 rw-p 00000000 00:00 0 
7f6548a72000-7f654c000000 ---p 00000000 00:00 0 
7f654c000000-7f654c021000 rw-p 00000000 00:00 0 
7f654c021000-7f6550000000 ---p 00000000 00:00 0 
7f6550000000-7f6550021000 rw-p 00000000 00:00 0 
7f6550021000-7f6554000000 ---p 00000000 00:00 0 
7f6554000000-7f655428e000 rw-p 00000000 00:00 0 
7f655428e000-7f6558000000 ---p 00000000 00:00 0 
7f6558000000-7f6558021000 rw-p 00000000 00:00 0 
7f6558021000-7f655c000000 ---p 00000000 00:00 0 
7f655e9ba000-7f655e9df000 r--p 00000000 08:01 2361987                    /usr/share/locale-langpack/pl/LC_MESSAGES/libc.mo
7f655e9df000-7f655e9e2000 ---p 00000000 00:00 0 
7f655e9e2000-7f655eae0000 rw-p 00000000 00:00 0                          [stack:12209]
7f655eae0000-7f655eae3000 ---p 00000000 00:00 0 
7f655eae3000-7f655ebe1000 rw-p 00000000 00:00 0                          [stack:12208]
7f655ebe1000-7f655ebe4000 ---p 00000000 00:00 0 
7f655ebe4000-7f655ece2000 rw-p 00000000 00:00 0                          [stack:12207]
7f655ece2000-7f655ece5000 ---p 00000000 00:00 0 
7f655ece5000-7f655ede3000 rw-p 00000000 00:00 0                          [stack:12206]
7f655ede3000-7f655ede6000 ---p 00000000 00:00 0 
7f655ede6000-7f655eee4000 rw-p 00000000 00:00 0                          [stack:12205]
7f655eee4000-7f655eee5000 ---p 00000000 00:00 0 
7f655eee5000-7f655efe5000 rw-p 00000000 00:00 0                          [stack:12185]
7f655efe5000-7f655efe8000 ---p 00000000 00:00 0 
7f655efe8000-7f655f0e6000 rw-p 00000000 00:00 0                          [stack:12184]
7f655f0e6000-7f655f0e9000 ---p 00000000 00:00 0 
7f655f0e9000-7f655f1e7000 rw-p 00000000 00:00 0                          [stack:12183]
7f655f1e7000-7f655f1ea000 ---p 00000000 00:00 0 
7f655f1ea000-7f655f2e8000 rw-p 00000000 00:00 0                          [stack:12182]
7f655f2e8000-7f655f2eb000 ---p 00000000 00:00 0 
7f655f2eb000-7f655f3e9000 rw-p 00000000 00:00 0                          [stack:12181]
7f655f3e9000-7f655f3ec000 ---p 00000000 00:00 0 
7f655f3ec000-7f655f4ea000 rw-p 00000000 00:00 0                          [stack:12180]
7f655f4ea000-7f655fcfd000 r--p 00000000 08:01 1579663                    /usr/lib/locale/locale-archive
7f655fcfd000-7f655fd00000 ---p 00000000 00:00 0 
7f655fd00000-7f655fdfe000 rw-p 00000000 00:00 0                          [stack:12179]
7f655fdfe000-7f655fe01000 ---p 00000000 00:00 0 
7f655fe01000-7f655feff000 rw-p 00000000 00:00 0                          [stack:12178]
7f655feff000-7f655ff00000 ---p 00000000 00:00 0 
7f655ff00000-7f6560000000 rw-p 00000000 00:00 0                          [stack:12177]
7f6560000000-7f6560021000 rw-p 00000000 00:00 0 
7f6560021000-7f6564000000 ---p 00000000 00:00 0 
7f6564000000-7f6564021000 rw-p 00000000 00:00 0 
7f6564021000-7f6568000000 ---p 00000000 00:00 0 
7f6568000000-7f6568021000 rw-p 00000000 00:00 0 
7f6568021000-7f656c000000 ---p 00000000 00:00 0 
7f656c01e000-7f6571000000 rw-p 00000000 00:00 0 
7f6571000000-7f6571550000 rwxp 00000000 00:00 0 
7f6571550000-7f6580000000 ---p 00000000 00:00 0 
7f6580000000-7f6580396000 rw-p 00000000 00:00 0 
7f6580396000-7f6584000000 ---p 00000000 00:00 0 
7f658401b000-7f65841f4000 r--s 03d20000 08:01 4069182                    /usr/lib/jvm/java-8-oracle/jre/lib/rt.jar
7f65841f4000-7f65848aa000 rw-p 00000000 00:00 0 
7f65848aa000-7f6584a6a000 ---p 00000000 00:00 0 
7f6584a6a000-7f6584e6a000 rw-p 00000000 00:00 0 
7f6584e6a000-7f6584e6b000 ---p 00000000 00:00 0 
7f6584e6b000-7f6584f6b000 rw-p 00000000 00:00 0                          [stack:12176]
7f6584f6b000-7f6584f6c000 ---p 00000000 00:00 0 
7f6584f6c000-7f658506c000 rw-p 00000000 00:00 0                          [stack:12175]
7f658506c000-7f658506d000 ---p 00000000 00:00 0 
7f658506d000-7f658516d000 rw-p 00000000 00:00 0                          [stack:12174]
7f658516d000-7f658516e000 ---p 00000000 00:00 0 
7f658516e000-7f658528d000 rw-p 00000000 00:00 0                          [stack:12173]
7f658528d000-7f6585519000 ---p 00000000 00:00 0 
7f6585519000-7f6585538000 rw-p 00000000 00:00 0 
7f6585538000-7f65857c3000 ---p 00000000 00:00 0 
7f65857c3000-7f65857f7000 rw-p 00000000 00:00 0 
7f65857f7000-7f6585919000 ---p 00000000 00:00 0 
7f6585919000-7f6585930000 rw-p 00000000 00:00 0 
7f6585930000-7f6585cda000 ---p 00000000 00:00 0 
7f6585cda000-7f6585cf4000 r-xp 00000000 08:01 4069168                    /usr/lib/jvm/java-8-oracle/jre/lib/amd64/libzip.so
7f6585cf4000-7f6585ef4000 ---p 0001a000 08:01 4069168                    /usr/lib/jvm/java-8-oracle/jre/lib/amd64/libzip.so
7f6585ef4000-7f6585ef5000 rw-p 0001a000 08:01 4069168                    /usr/lib/jvm/java-8-oracle/jre/lib/amd64/libzip.so
7f6585ef5000-7f6585f00000 r-xp 00000000 08:01 5771445                    /lib/x86_64-linux-gnu/libnss_files-2.19.so
7f6585f00000-7f65860ff000 ---p 0000b000 08:01 5771445                    /lib/x86_64-linux-gnu/libnss_files-2.19.so
7f65860ff000-7f6586100000 r--p 0000a000 08:01 5771445                    /lib/x86_64-linux-gnu/libnss_files-2.19.so
7f6586100000-7f6586101000 rw-p 0000b000 08:01 5771445                    /lib/x86_64-linux-gnu/libnss_files-2.19.so
7f6586101000-7f658610c000 r-xp 00000000 08:01 5771455                    /lib/x86_64-linux-gnu/libnss_nis-2.19.so
7f658610c000-7f658630b000 ---p 0000b000 08:01 5771455                    /lib/x86_64-linux-gnu/libnss_nis-2.19.so
7f658630b000-7f658630c000 r--p 0000a000 08:01 5771455                    /lib/x86_64-linux-gnu/libnss_nis-2.19.so
7f658630c000-7f658630d000 rw-p 0000b000 08:01 5771455                    /lib/x86_64-linux-gnu/libnss_nis-2.19.so
7f658630d000-7f6586324000 r-xp 00000000 08:01 5771439                    /lib/x86_64-linux-gnu/libnsl-2.19.so
7f6586324000-7f6586523000 ---p 00017000 08:01 5771439                    /lib/x86_64-linux-gnu/libnsl-2.19.so
7f6586523000-7f6586524000 r--p 00016000 08:01 5771439                    /lib/x86_64-linux-gnu/libnsl-2.19.so
7f6586524000-7f6586525000 rw-p 00017000 08:01 5771439                    /lib/x86_64-linux-gnu/libnsl-2.19.so
7f6586525000-7f6586527000 rw-p 00000000 00:00 0 
7f6586527000-7f6586530000 r-xp 00000000 08:01 5771441                    /lib/x86_64-linux-gnu/libnss_compat-2.19.so
7f6586530000-7f658672f000 ---p 00009000 08:01 5771441                    /lib/x86_64-linux-gnu/libnss_compat-2.19.so
7f658672f000-7f6586730000 r--p 00008000 08:01 5771441                    /lib/x86_64-linux-gnu/libnss_compat-2.19.so
7f6586730000-7f6586731000 rw-p 00009000 08:01 5771441                    /lib/x86_64-linux-gnu/libnss_compat-2.19.so
7f6586731000-7f658675b000 r-xp 00000000 08:01 4069157                    /usr/lib/jvm/java-8-oracle/jre/lib/amd64/libjava.so
7f658675b000-7f658695b000 ---p 0002a000 08:01 4069157                    /usr/lib/jvm/java-8-oracle/jre/lib/amd64/libjava.so
7f658695b000-7f658695d000 rw-p 0002a000 08:01 4069157                    /usr/lib/jvm/java-8-oracle/jre/lib/amd64/libjava.so
7f658695d000-7f658696a000 r-xp 00000000 08:01 4069118                    /usr/lib/jvm/java-8-oracle/jre/lib/amd64/libverify.so
7f658696a000-7f6586b6a000 ---p 0000d000 08:01 4069118                    /usr/lib/jvm/java-8-oracle/jre/lib/amd64/libverify.so
7f6586b6a000-7f6586b6c000 rw-p 0000d000 08:01 4069118                    /usr/lib/jvm/java-8-oracle/jre/lib/amd64/libverify.so
7f6586b6c000-7f6586b73000 r-xp 00000000 08:01 5771498                    /lib/x86_64-linux-gnu/librt-2.19.so
7f6586b73000-7f6586d72000 ---p 00007000 08:01 5771498                    /lib/x86_64-linux-gnu/librt-2.19.so
7f6586d72000-7f6586d73000 r--p 00006000 08:01 5771498                    /lib/x86_64-linux-gnu/librt-2.19.so
7f6586d73000-7f6586d74000 rw-p 00007000 08:01 5771498                    /lib/x86_64-linux-gnu/librt-2.19.so
7f6586d74000-7f6586e79000 r-xp 00000000 08:01 5771420                    /lib/x86_64-linux-gnu/libm-2.19.so
7f6586e79000-7f6587078000 ---p 00105000 08:01 5771420                    /lib/x86_64-linux-gnu/libm-2.19.so
7f6587078000-7f6587079000 r--p 00104000 08:01 5771420                    /lib/x86_64-linux-gnu/libm-2.19.so
7f6587079000-7f658707a000 rw-p 00105000 08:01 5771420                    /lib/x86_64-linux-gnu/libm-2.19.so
7f658707a000-7f6587d38000 r-xp 00000000 08:01 4069167                    /usr/lib/jvm/java-8-oracle/jre/lib/amd64/server/libjvm.so
7f6587d38000-7f6587f37000 ---p 00cbe000 08:01 4069167                    /usr/lib/jvm/java-8-oracle/jre/lib/amd64/server/libjvm.so
7f6587f37000-7f6588010000 rw-p 00cbd000 08:01 4069167                    /usr/lib/jvm/java-8-oracle/jre/lib/amd64/server/libjvm.so
7f6588010000-7f6588054000 rw-p 00000000 00:00 0 
7f6588054000-7f658820f000 r-xp 00000000 08:01 5771370                    /lib/x86_64-linux-gnu/libc-2.19.so
7f658820f000-7f658840e000 ---p 001bb000 08:01 5771370                    /lib/x86_64-linux-gnu/libc-2.19.so
7f658840e000-7f6588412000 r--p 001ba000 08:01 5771370                    /lib/x86_64-linux-gnu/libc-2.19.so
7f6588412000-7f6588414000 rw-p 001be000 08:01 5771370                    /lib/x86_64-linux-gnu/libc-2.19.so
7f6588414000-7f6588419000 rw-p 00000000 00:00 0 
7f6588419000-7f658841c000 r-xp 00000000 08:01 5771387                    /lib/x86_64-linux-gnu/libdl-2.19.so
7f658841c000-7f658861b000 ---p 00003000 08:01 5771387                    /lib/x86_64-linux-gnu/libdl-2.19.so
7f658861b000-7f658861c000 r--p 00002000 08:01 5771387                    /lib/x86_64-linux-gnu/libdl-2.19.so
7f658861c000-7f658861d000 rw-p 00003000 08:01 5771387                    /lib/x86_64-linux-gnu/libdl-2.19.so
7f658861d000-7f6588632000 r-xp 00000000 08:01 4727160                    /usr/lib/jvm/java-8-oracle/lib/amd64/jli/libjli.so
7f6588632000-7f6588832000 ---p 00015000 08:01 4727160                    /usr/lib/jvm/java-8-oracle/lib/amd64/jli/libjli.so
7f6588832000-7f6588833000 rw-p 00015000 08:01 4727160                    /usr/lib/jvm/java-8-oracle/lib/amd64/jli/libjli.so
7f6588833000-7f658884c000 r-xp 00000000 08:01 5771490                    /lib/x86_64-linux-gnu/libpthread-2.19.so
7f658884c000-7f6588a4b000 ---p 00019000 08:01 5771490                    /lib/x86_64-linux-gnu/libpthread-2.19.so
7f6588a4b000-7f6588a4c000 r--p 00018000 08:01 5771490                    /lib/x86_64-linux-gnu/libpthread-2.19.so
7f6588a4c000-7f6588a4d000 rw-p 00019000 08:01 5771490                    /lib/x86_64-linux-gnu/libpthread-2.19.so
7f6588a4d000-7f6588a51000 rw-p 00000000 00:00 0 
7f6588a51000-7f6588a74000 r-xp 00000000 08:01 5771346                    /lib/x86_64-linux-gnu/ld-2.19.so
7f6588a7a000-7f6588a81000 r--s 00000000 08:01 1967077                    /usr/lib/x86_64-linux-gnu/gconv/gconv-modules.cache
7f6588a81000-7f6588b4d000 rw-p 00000000 00:00 0 
7f6588b4d000-7f6588b50000 ---p 00000000 00:00 0 
7f6588b50000-7f6588c52000 rw-p 00000000 00:00 0                          [stack:12170]
7f6588c57000-7f6588c58000 rw-p 00000000 00:00 0 
7f6588c58000-7f6588c67000 r--s 000df000 08:01 10635452                   /home/tomasz/Android/Sdk/build-tools/23.0.2/lib/dx.jar
7f6588c67000-7f6588c6f000 rw-s 00000000 08:01 6035118                    /tmp/hsperfdata_tomasz/12168
7f6588c6f000-7f6588c70000 rw-p 00000000 00:00 0 
7f6588c70000-7f6588c71000 ---p 00000000 00:00 0 
7f6588c71000-7f6588c73000 rw-p 00000000 00:00 0 
7f6588c73000-7f6588c74000 r--p 00022000 08:01 5771346                    /lib/x86_64-linux-gnu/ld-2.19.so
7f6588c74000-7f6588c75000 rw-p 00023000 08:01 5771346                    /lib/x86_64-linux-gnu/ld-2.19.so
7f6588c75000-7f6588c76000 rw-p 00000000 00:00 0 
7ffdacbe6000-7ffdacc07000 rw-p 00000000 00:00 0                          [stack]
7ffdacdc1000-7ffdacdc3000 r--p 00000000 00:00 0                          [vvar]
7ffdacdc3000-7ffdacdc5000 r-xp 00000000 00:00 0                          [vdso]
ffffffffff600000-ffffffffff601000 r-xp 00000000 00:00 0                  [vsyscall]

VM Arguments:
jvm_args: -Djava.awt.headless=true -Xmx2g -Dfile.encoding=UTF-8 -Duser.country=PL -Duser.language=pl -Duser.variant 
java_command: com.android.dx.command.Main --dex --num-threads=4 --multi-dex --output /home/tomasz/AndroidStudioProjects/ITAssistant/app/build/intermediates/transforms/dex/dev/debug/folders/1000/1/main_24e468b2bb6fc9f24df5f870b415f4c660faaa45 /home/tomasz/AndroidStudioProjects/ITAssistant/app/build/intermediates/transforms/instantRun/dev/debug/folders/1/1/main
java_class_path (initial): /home/tomasz/Android/Sdk/build-tools/23.0.2/lib/dx.jar
Launcher Type: SUN_STANDARD

Environment Variables:
PATH=/usr/local/sbin:/usr/local/bin:/usr/sbin:/usr/bin:/sbin:/bin:/usr/games:/usr/local/games
LD_LIBRARY_PATH=.:
SHELL=/bin/bash
DISPLAY=:0

Signal Handlers:
SIGSEGV: [libjvm.so+0xaba2a0], sa_mask[0]=11111111011111111101111111111110, sa_flags=SA_RESTART|SA_SIGINFO
SIGBUS: [libjvm.so+0xaba2a0], sa_mask[0]=11111111011111111101111111111110, sa_flags=SA_RESTART|SA_SIGINFO
SIGFPE: [libjvm.so+0x917710], sa_mask[0]=11111111011111111101111111111110, sa_flags=SA_RESTART|SA_SIGINFO
SIGPIPE: [libjvm.so+0x917710], sa_mask[0]=11111111011111111101111111111110, sa_flags=SA_RESTART|SA_SIGINFO
SIGXFSZ: [libjvm.so+0x917710], sa_mask[0]=11111111011111111101111111111110, sa_flags=SA_RESTART|SA_SIGINFO
SIGILL: [libjvm.so+0x917710], sa_mask[0]=11111111011111111101111111111110, sa_flags=SA_RESTART|SA_SIGINFO
SIGUSR1: SIG_DFL, sa_mask[0]=00000000000000000000000000000000, sa_flags=none
SIGUSR2: [libjvm.so+0x918d40], sa_mask[0]=00100000000000000000000000000000, sa_flags=SA_RESTART|SA_SIGINFO
SIGHUP: [libjvm.so+0x91a140], sa_mask[0]=11111111011111111101111111111110, sa_flags=SA_RESTART|SA_SIGINFO
SIGINT: [libjvm.so+0x91a140], sa_mask[0]=11111111011111111101111111111110, sa_flags=SA_RESTART|SA_SIGINFO
SIGTERM: [libjvm.so+0x91a140], sa_mask[0]=11111111011111111101111111111110, sa_flags=SA_RESTART|SA_SIGINFO
SIGQUIT: [libjvm.so+0x91a140], sa_mask[0]=11111111011111111101111111111110, sa_flags=SA_RESTART|SA_SIGINFO


---------------  S Y S T E M  ---------------

OS:DISTRIB_ID=Ubuntu
DISTRIB_RELEASE=14.04
DISTRIB_CODENAME=trusty
DISTRIB_DESCRIPTION="Ubuntu 14.04.3 LTS"

uname:Linux 3.19.0-33-generic #38~14.04.1-Ubuntu SMP Fri Nov 6 18:17:28 UTC 2015 x86_64
libc:glibc 2.19 NPTL 2.19 
rlimit: STACK 8192k, CORE 0k, NPROC 23202, NOFILE 4096, AS infinity
load average:14,88 7,28 3,83

/proc/meminfo:
MemTotal:        5961336 kB
MemFree:          147024 kB
MemAvailable:     128292 kB
Buffers:            3940 kB
Cached:           435468 kB
SwapCached:            0 kB
Active:          5225824 kB
Inactive:         383360 kB
Active(anon):    5186756 kB
Inactive(anon):   345028 kB
Active(file):      39068 kB
Inactive(file):    38332 kB
Unevictable:         868 kB
Mlocked:             868 kB
SwapTotal:             0 kB
SwapFree:              0 kB
Dirty:             38364 kB
Writeback:             0 kB
AnonPages:       5170724 kB
Mapped:            99264 kB
Shmem:            362088 kB
Slab:              93448 kB
SReclaimable:      54064 kB
SUnreclaim:        39384 kB
KernelStack:       12448 kB
PageTables:        52924 kB
NFS_Unstable:          0 kB
Bounce:                0 kB
WritebackTmp:          0 kB
CommitLimit:     2980668 kB
Committed_AS:   10775328 kB
VmallocTotal:   34359738367 kB
VmallocUsed:      551980 kB
VmallocChunk:   34359168476 kB
HardwareCorrupted:     0 kB
AnonHugePages:   2359296 kB
CmaTotal:              0 kB
CmaFree:               0 kB
HugePages_Total:       0
HugePages_Free:        0
HugePages_Rsvd:        0
HugePages_Surp:        0
Hugepagesize:       2048 kB
DirectMap4k:      258304 kB
DirectMap2M:     5881856 kB


CPU:total 4 (2 cores per cpu, 2 threads per core) family 6 model 42 stepping 7, cmov, cx8, fxsr, mmx, sse, sse2, sse3, ssse3, sse4.1, sse4.2, popcnt, avx, aes, clmul, ht, tsc, tscinvbit

/proc/cpuinfo:
processor	: 0
vendor_id	: GenuineIntel
cpu family	: 6
model		: 42
model name	: Intel(R) Core(TM) i5-2450M CPU @ 2.50GHz
stepping	: 7
microcode	: 0x25
cpu MHz		: 1800.000
cache size	: 3072 KB
physical id	: 0
siblings	: 4
core id		: 0
cpu cores	: 2
apicid		: 0
initial apicid	: 0
fpu		: yes
fpu_exception	: yes
cpuid level	: 13
wp		: yes
flags		: fpu vme de pse tsc msr pae mce cx8 apic sep mtrr pge mca cmov pat pse36 clflush dts acpi mmx fxsr sse sse2 ss ht tm pbe syscall nx rdtscp lm constant_tsc arch_perfmon pebs bts rep_good nopl xtopology nonstop_tsc aperfmperf eagerfpu pni pclmulqdq dtes64 monitor ds_cpl vmx est tm2 ssse3 cx16 xtpr pdcm pcid sse4_1 sse4_2 x2apic popcnt tsc_deadline_timer aes xsave avx lahf_lm ida arat epb pln pts dtherm tpr_shadow vnmi flexpriority ept vpid xsaveopt
bugs		:
bogomips	: 4988.85
clflush size	: 64
cache_alignment	: 64
address sizes	: 36 bits physical, 48 bits virtual
power management:

processor	: 1
vendor_id	: GenuineIntel
cpu family	: 6
model		: 42
model name	: Intel(R) Core(TM) i5-2450M CPU @ 2.50GHz
stepping	: 7
microcode	: 0x25
cpu MHz		: 1800.000
cache size	: 3072 KB
physical id	: 0
siblings	: 4
core id		: 0
cpu cores	: 2
apicid		: 1
initial apicid	: 1
fpu		: yes
fpu_exception	: yes
cpuid level	: 13
wp		: yes
flags		: fpu vme de pse tsc msr pae mce cx8 apic sep mtrr pge mca cmov pat pse36 clflush dts acpi mmx fxsr sse sse2 ss ht tm pbe syscall nx rdtscp lm constant_tsc arch_perfmon pebs bts rep_good nopl xtopology nonstop_tsc aperfmperf eagerfpu pni pclmulqdq dtes64 monitor ds_cpl vmx est tm2 ssse3 cx16 xtpr pdcm pcid sse4_1 sse4_2 x2apic popcnt tsc_deadline_timer aes xsave avx lahf_lm ida arat epb pln pts dtherm tpr_shadow vnmi flexpriority ept vpid xsaveopt
bugs		:
bogomips	: 4988.85
clflush size	: 64
cache_alignment	: 64
address sizes	: 36 bits physical, 48 bits virtual
power management:

processor	: 2
vendor_id	: GenuineIntel
cpu family	: 6
model		: 42
model name	: Intel(R) Core(TM) i5-2450M CPU @ 2.50GHz
stepping	: 7
microcode	: 0x25
cpu MHz		: 1800.000
cache size	: 3072 KB
physical id	: 0
siblings	: 4
core id		: 1
cpu cores	: 2
apicid		: 2
initial apicid	: 2
fpu		: yes
fpu_exception	: yes
cpuid level	: 13
wp		: yes
flags		: fpu vme de pse tsc msr pae mce cx8 apic sep mtrr pge mca cmov pat pse36 clflush dts acpi mmx fxsr sse sse2 ss ht tm pbe syscall nx rdtscp lm constant_tsc arch_perfmon pebs bts rep_good nopl xtopology nonstop_tsc aperfmperf eagerfpu pni pclmulqdq dtes64 monitor ds_cpl vmx est tm2 ssse3 cx16 xtpr pdcm pcid sse4_1 sse4_2 x2apic popcnt tsc_deadline_timer aes xsave avx lahf_lm ida arat epb pln pts dtherm tpr_shadow vnmi flexpriority ept vpid xsaveopt
bugs		:
bogomips	: 4988.85
clflush size	: 64
cache_alignment	: 64
address sizes	: 36 bits physical, 48 bits virtual
power management:

processor	: 3
vendor_id	: GenuineIntel
cpu family	: 6
model		: 42
model name	: Intel(R) Core(TM) i5-2450M CPU @ 2.50GHz
stepping	: 7
microcode	: 0x25
cpu MHz		: 1799.902
cache size	: 3072 KB
physical id	: 0
siblings	: 4
core id		: 1
cpu cores	: 2
apicid		: 3
initial apicid	: 3
fpu		: yes
fpu_exception	: yes
cpuid level	: 13
wp		: yes
flags		: fpu vme de pse tsc msr pae mce cx8 apic sep mtrr pge mca cmov pat pse36 clflush dts acpi mmx fxsr sse sse2 ss ht tm pbe syscall nx rdtscp lm constant_tsc arch_perfmon pebs bts rep_good nopl xtopology nonstop_tsc aperfmperf eagerfpu pni pclmulqdq dtes64 monitor ds_cpl vmx est tm2 ssse3 cx16 xtpr pdcm pcid sse4_1 sse4_2 x2apic popcnt tsc_deadline_timer aes xsave avx lahf_lm ida arat epb pln pts dtherm tpr_shadow vnmi flexpriority ept vpid xsaveopt
bugs		:
bogomips	: 4988.85
clflush size	: 64
cache_alignment	: 64
address sizes	: 36 bits physical, 48 bits virtual
power management:



Memory: 4k page, physical 5961336k(147024k free), swap 0k(0k free)

vm_info: Java HotSpot(TM) 64-Bit Server VM (25.66-b17) for linux-amd64 JRE (1.8.0_66-b17), built on Oct  6 2015 17:28:34 by "java_re" with gcc 4.3.0 20080428 (Red Hat 4.3.0-8)

time: Tue Dec  1 01:19:18 2015
elapsed time: 11 seconds (0d 0h 0m 11s)

