#
# There is insufficient memory for the Java Runtime Environment to continue.
# Native memory allocation (mmap) failed to map 260046848 bytes for committing reserved memory.
# Possible reasons:
#   The system is out of physical RAM or swap space
#   In 32 bit mode, the process size limit was hit
# Possible solutions:
#   Reduce memory load on the system
#   Increase physical memory or swap space
#   Check if swap backing store is full
#   Use 64 bit Java on a 64 bit OS
#   Decrease Java heap size (-Xmx/-Xms)
#   Decrease number of Java threads
#   Decrease Java thread stack sizes (-Xss)
#   Set larger code cache with -XX:ReservedCodeCacheSize=
# This output file may be truncated or incomplete.
#
#  Out of Memory Error (os_linux.cpp:2627), pid=30018, tid=140015506880256
#
# JRE version: Java(TM) SE Runtime Environment (8.0_66-b17) (build 1.8.0_66-b17)
# Java VM: Java HotSpot(TM) 64-Bit Server VM (25.66-b17 mixed mode linux-amd64 compressed oops)
# Failed to write core dump. Core dumps have been disabled. To enable core dumping, try "ulimit -c unlimited" before starting Java again
#

---------------  T H R E A D  ---------------

Current thread (0x00007f5800078000):  VMThread [stack: 0x00007f57e67cf000,0x00007f57e68d0000] [id=30027]

Stack: [0x00007f57e67cf000,0x00007f57e68d0000],  sp=0x00007f57e68ce060,  free space=1020k
Native frames: (J=compiled Java code, j=interpreted, Vv=VM code, C=native code)
V  [libjvm.so+0xab9a1a]  VMError::report_and_die()+0x2ba
V  [libjvm.so+0x4f9e0b]  report_vm_out_of_memory(char const*, int, unsigned long, VMErrorType, char const*)+0x8b
V  [libjvm.so+0x91a8a3]  os::Linux::commit_memory_impl(char*, unsigned long, bool)+0x103
V  [libjvm.so+0x91adf9]  os::pd_commit_memory(char*, unsigned long, unsigned long, bool)+0x29
V  [libjvm.so+0x91510a]  os::commit_memory(char*, unsigned long, unsigned long, bool)+0x2a
V  [libjvm.so+0x9887a3]  PSVirtualSpace::expand_by(unsigned long)+0x53
V  [libjvm.so+0x979090]  PSOldGen::expand(unsigned long)+0x170
V  [libjvm.so+0x97929b]  PSOldGen::resize(unsigned long)+0x1cb
V  [libjvm.so+0x980f71]  PSParallelCompact::invoke_no_policy(bool)+0x991
V  [libjvm.so+0x9868cd]  PSScavenge::invoke()+0x1ad
V  [libjvm.so+0x93e500]  ParallelScavengeHeap::failed_mem_allocate(unsigned long)+0x70
V  [libjvm.so+0xabb437]  VM_ParallelGCFailedAllocation::doit()+0x97
V  [libjvm.so+0xac2e65]  VM_Operation::evaluate()+0x55
V  [libjvm.so+0xac123a]  VMThread::evaluate_operation(VM_Operation*)+0xba
V  [libjvm.so+0xac15be]  VMThread::loop()+0x1ce
V  [libjvm.so+0xac1a30]  VMThread::run()+0x70
V  [libjvm.so+0x91cc68]  java_start(Thread*)+0x108

VM_Operation (0x00007f57e52e1d90): ParallelGCFailedAllocation, mode: safepoint, requested by thread 0x00007f5800398800


---------------  P R O C E S S  ---------------

Java Threads: ( => current thread )
  0x00007f5800398800 JavaThread "pool-2-thread-4" [_thread_blocked, id=30040, stack(0x00007f57e51e3000,0x00007f57e52e4000)]
  0x00007f5800397000 JavaThread "pool-2-thread-3" [_thread_blocked, id=30039, stack(0x00007f57e52e4000,0x00007f57e53e5000)]
  0x00007f5800395000 JavaThread "pool-2-thread-2" [_thread_blocked, id=30038, stack(0x00007f57e53e5000,0x00007f57e54e6000)]
  0x00007f5800394000 JavaThread "pool-3-thread-1" [_thread_blocked, id=30037, stack(0x00007f57e54e6000,0x00007f57e55e7000)]
  0x00007f5800391800 JavaThread "pool-2-thread-1" [_thread_blocked, id=30036, stack(0x00007f57e55e7000,0x00007f57e56e8000)]
  0x00007f58000c8800 JavaThread "Service Thread" daemon [_thread_blocked, id=30034, stack(0x00007f57e58b5000,0x00007f57e59b6000)]
  0x00007f58000bb000 JavaThread "C1 CompilerThread2" daemon [_thread_blocked, id=30033, stack(0x00007f57e59b6000,0x00007f57e5ab7000)]
  0x00007f58000b9800 JavaThread "C2 CompilerThread1" daemon [_thread_blocked, id=30032, stack(0x00007f57e5ab7000,0x00007f57e5bb8000)]
  0x00007f58000b6800 JavaThread "C2 CompilerThread0" daemon [_thread_blocked, id=30031, stack(0x00007f57e5bb8000,0x00007f57e5cb9000)]
  0x00007f58000b5000 JavaThread "Signal Dispatcher" daemon [_thread_blocked, id=30030, stack(0x00007f57e5cb9000,0x00007f57e5dba000)]
  0x00007f580007f000 JavaThread "Finalizer" daemon [_thread_blocked, id=30029, stack(0x00007f57e65cd000,0x00007f57e66ce000)]
  0x00007f580007d000 JavaThread "Reference Handler" daemon [_thread_blocked, id=30028, stack(0x00007f57e66ce000,0x00007f57e67cf000)]
  0x00007f580000a000 JavaThread "main" [_thread_blocked, id=30022, stack(0x00007f58073fe000,0x00007f58074ff000)]

Other Threads:
=>0x00007f5800078000 VMThread [stack: 0x00007f57e67cf000,0x00007f57e68d0000] [id=30027]
  0x00007f58000cb000 WatcherThread [stack: 0x00007f57e57b4000,0x00007f57e58b5000] [id=30035]

VM state:at safepoint (normal execution)

VM Mutex/Monitor currently owned by a thread:  ([mutex/lock_event])
[0x00007f5800005ef0] ExpandHeap_lock - owner thread: 0x00007f5800078000
[0x00007f5800006570] Threads_lock - owner thread: 0x00007f5800078000
[0x00007f5800006a70] Heap_lock - owner thread: 0x00007f5800398800

Heap:
 PSYoungGen      total 465920K, used 78048K [0x00000000d5580000, 0x0000000100000000, 0x0000000100000000)
  eden space 232960K, 0% used [0x00000000d5580000,0x00000000d5580000,0x00000000e3900000)
  from space 232960K, 33% used [0x00000000e3900000,0x00000000e8538140,0x00000000f1c80000)
  to   space 232960K, 0% used [0x00000000f1c80000,0x00000000f1c80000,0x0000000100000000)
 ParOldGen       total 552448K, used 552117K [0x0000000080000000, 0x00000000a1b80000, 0x00000000d5580000)
  object space 552448K, 99% used [0x0000000080000000,0x00000000a1b2d5d0,0x00000000a1b80000)
 Metaspace       used 6604K, capacity 7320K, committed 7680K, reserved 1056768K
  class space    used 616K, capacity 656K, committed 768K, reserved 1048576K

Card table byte_map: [0x00007f57f0bff000,0x00007f57f1000000] byte_map_base: 0x00007f57f07ff000

Marking Bits: (ParMarkBitMap*) 0x00007f58068da020
 Begin Bits: [0x00007f57ec651000, 0x00007f57ee651000)
 End Bits:   [0x00007f57ee651000, 0x00007f57f0651000)

Polling page: 0x00007f5807521000

CodeCache: size=245760Kb used=12002Kb max_used=12074Kb free=233757Kb
 bounds [0x00007f57f1000000, 0x00007f57f1c80000, 0x00007f5800000000]
 total_blobs=2557 nmethods=2288 adapters=182
 compilation: enabled

Compilation events (10 events):
Event: 21,947 Thread 0x00007f58000b9800 nmethod 2912 0x00007f57f1c5d950 code [0x00007f57f1c5f3c0, 0x00007f57f1c67998]
Event: 21,947 Thread 0x00007f58000b9800 2925   !   4       com.android.dx.cf.code.RopperMachine::run (1550 bytes)
Event: 21,964 Thread 0x00007f58000bb000 2927 %     3       com.android.dx.cf.code.ByteCatchList::toTargetList @ 70 (114 bytes)
Event: 21,965 Thread 0x00007f58000bb000 nmethod 2927% 0x00007f57f139be50 code [0x00007f57f139c080, 0x00007f57f139cf48]
Event: 21,970 Thread 0x00007f58000bb000 2928       3       com.android.dx.cf.code.ByteCatchList::toTargetList (114 bytes)
Event: 21,972 Thread 0x00007f58000bb000 nmethod 2928 0x00007f57f1616ad0 code [0x00007f57f1616d00, 0x00007f57f1617a88]
Event: 22,051 Thread 0x00007f58000bb000 2930 %     3       com.android.dx.rop.annotation.Annotations::addAll @ 31 (59 bytes)
Event: 22,052 Thread 0x00007f58000bb000 nmethod 2930% 0x00007f57f12be690 code [0x00007f57f12be8c0, 0x00007f57f12bf458]
Event: 22,082 Thread 0x00007f58000bb000 2931       3       com.android.dx.rop.annotation.Annotations::addAll (59 bytes)
Event: 22,084 Thread 0x00007f58000bb000 nmethod 2931 0x00007f57f16201d0 code [0x00007f57f1620400, 0x00007f57f1620f38]

GC Heap History (10 events):
Event: 18,085 GC heap after
Heap after GC invocations=19 (full 4):
 PSYoungGen      total 460800K, used 99042K [0x00000000d5580000, 0x0000000100000000, 0x0000000100000000)
  eden space 315904K, 0% used [0x00000000d5580000,0x00000000d5580000,0x00000000e8a00000)
  from space 144896K, 68% used [0x00000000e8a00000,0x00000000eeab88e0,0x00000000f1780000)
  to   space 207872K, 0% used [0x00000000f3500000,0x00000000f3500000,0x0000000100000000)
 ParOldGen       total 552448K, used 363826K [0x0000000080000000, 0x00000000a1b80000, 0x00000000d5580000)
  object space 552448K, 65% used [0x0000000080000000,0x000000009634ca10,0x00000000a1b80000)
 Metaspace       used 6600K, capacity 7320K, committed 7680K, reserved 1056768K
  class space    used 616K, capacity 656K, committed 768K, reserved 1048576K
}
Event: 19,011 GC heap before
{Heap before GC invocations=20 (full 4):
 PSYoungGen      total 460800K, used 414946K [0x00000000d5580000, 0x0000000100000000, 0x0000000100000000)
  eden space 315904K, 100% used [0x00000000d5580000,0x00000000e8a00000,0x00000000e8a00000)
  from space 144896K, 68% used [0x00000000e8a00000,0x00000000eeab88e0,0x00000000f1780000)
  to   space 207872K, 0% used [0x00000000f3500000,0x00000000f3500000,0x0000000100000000)
 ParOldGen       total 552448K, used 363828K [0x0000000080000000, 0x00000000a1b80000, 0x00000000d5580000)
  object space 552448K, 65% used [0x0000000080000000,0x000000009634d0e0,0x00000000a1b80000)
 Metaspace       used 6602K, capacity 7320K, committed 7680K, reserved 1056768K
  class space    used 616K, capacity 656K, committed 768K, reserved 1048576K
Event: 19,291 GC heap after
Heap after GC invocations=20 (full 4):
 PSYoungGen      total 462336K, used 148977K [0x00000000d5580000, 0x0000000100000000, 0x0000000100000000)
  eden space 254464K, 0% used [0x00000000d5580000,0x00000000d5580000,0x00000000e4e00000)
  from space 207872K, 71% used [0x00000000f3500000,0x00000000fc67c728,0x0000000100000000)
  to   space 222208K, 0% used [0x00000000e4e00000,0x00000000e4e00000,0x00000000f2700000)
 ParOldGen       total 552448K, used 363828K [0x0000000080000000, 0x00000000a1b80000, 0x00000000d5580000)
  object space 552448K, 65% used [0x0000000080000000,0x000000009634d0e0,0x00000000a1b80000)
 Metaspace       used 6602K, capacity 7320K, committed 7680K, reserved 1056768K
  class space    used 616K, capacity 656K, committed 768K, reserved 1048576K
}
Event: 20,156 GC heap before
{Heap before GC invocations=21 (full 4):
 PSYoungGen      total 462336K, used 403441K [0x00000000d5580000, 0x0000000100000000, 0x0000000100000000)
  eden space 254464K, 100% used [0x00000000d5580000,0x00000000e4e00000,0x00000000e4e00000)
  from space 207872K, 71% used [0x00000000f3500000,0x00000000fc67c728,0x0000000100000000)
  to   space 222208K, 0% used [0x00000000e4e00000,0x00000000e4e00000,0x00000000f2700000)
 ParOldGen       total 552448K, used 363828K [0x0000000080000000, 0x00000000a1b80000, 0x00000000d5580000)
  object space 552448K, 65% used [0x0000000080000000,0x000000009634d0e0,0x00000000a1b80000)
 Metaspace       used 6603K, capacity 7320K, committed 7680K, reserved 1056768K
  class space    used 616K, capacity 656K, committed 768K, reserved 1048576K
Event: 20,346 GC heap after
Heap after GC invocations=21 (full 4):
 PSYoungGen      total 443904K, used 189360K [0x00000000d5580000, 0x0000000100000000, 0x0000000100000000)
  eden space 254464K, 0% used [0x00000000d5580000,0x00000000d5580000,0x00000000e4e00000)
  from space 189440K, 99% used [0x00000000e4e00000,0x00000000f06ec258,0x00000000f0700000)
  to   space 232960K, 0% used [0x00000000f1c80000,0x00000000f1c80000,0x0000000100000000)
 ParOldGen       total 552448K, used 363828K [0x0000000080000000, 0x00000000a1b80000, 0x00000000d5580000)
  object space 552448K, 65% used [0x0000000080000000,0x000000009634d0e0,0x00000000a1b80000)
 Metaspace       used 6603K, capacity 7320K, committed 7680K, reserved 1056768K
  class space    used 616K, capacity 656K, committed 768K, reserved 1048576K
}
Event: 21,170 GC heap before
{Heap before GC invocations=22 (full 4):
 PSYoungGen      total 443904K, used 443824K [0x00000000d5580000, 0x0000000100000000, 0x0000000100000000)
  eden space 254464K, 100% used [0x00000000d5580000,0x00000000e4e00000,0x00000000e4e00000)
  from space 189440K, 99% used [0x00000000e4e00000,0x00000000f06ec258,0x00000000f0700000)
  to   space 232960K, 0% used [0x00000000f1c80000,0x00000000f1c80000,0x0000000100000000)
 ParOldGen       total 552448K, used 363828K [0x0000000080000000, 0x00000000a1b80000, 0x00000000d5580000)
  object space 552448K, 65% used [0x0000000080000000,0x000000009634d0e0,0x00000000a1b80000)
 Metaspace       used 6604K, capacity 7320K, committed 7680K, reserved 1056768K
  class space    used 616K, capacity 656K, committed 768K, reserved 1048576K
Event: 21,475 GC heap after
Heap after GC invocations=22 (full 4):
 PSYoungGen      total 465920K, used 174990K [0x00000000d5580000, 0x0000000100000000, 0x0000000100000000)
  eden space 232960K, 0% used [0x00000000d5580000,0x00000000d5580000,0x00000000e3900000)
  from space 232960K, 75% used [0x00000000f1c80000,0x00000000fc763ab0,0x0000000100000000)
  to   space 232960K, 0% used [0x00000000e3900000,0x00000000e3900000,0x00000000f1c80000)
 ParOldGen       total 552448K, used 419885K [0x0000000080000000, 0x00000000a1b80000, 0x00000000d5580000)
  object space 552448K, 76% used [0x0000000080000000,0x0000000099a0b470,0x00000000a1b80000)
 Metaspace       used 6604K, capacity 7320K, committed 7680K, reserved 1056768K
  class space    used 616K, capacity 656K, committed 768K, reserved 1048576K
}
Event: 22,134 GC heap before
{Heap before GC invocations=23 (full 4):
 PSYoungGen      total 465920K, used 407950K [0x00000000d5580000, 0x0000000100000000, 0x0000000100000000)
  eden space 232960K, 100% used [0x00000000d5580000,0x00000000e3900000,0x00000000e3900000)
  from space 232960K, 75% used [0x00000000f1c80000,0x00000000fc763ab0,0x0000000100000000)
  to   space 232960K, 0% used [0x00000000e3900000,0x00000000e3900000,0x00000000f1c80000)
 ParOldGen       total 552448K, used 419885K [0x0000000080000000, 0x00000000a1b80000, 0x00000000d5580000)
  object space 552448K, 76% used [0x0000000080000000,0x0000000099a0b470,0x00000000a1b80000)
 Metaspace       used 6604K, capacity 7320K, committed 7680K, reserved 1056768K
  class space    used 616K, capacity 656K, committed 768K, reserved 1048576K
Event: 22,490 GC heap after
Heap after GC invocations=23 (full 4):
 PSYoungGen      total 465920K, used 121562K [0x00000000d5580000, 0x0000000100000000, 0x0000000100000000)
  eden space 232960K, 0% used [0x00000000d5580000,0x00000000d5580000,0x00000000e3900000)
  from space 232960K, 52% used [0x00000000e3900000,0x00000000eafb6920,0x00000000f1c80000)
  to   space 232960K, 0% used [0x00000000f1c80000,0x00000000f1c80000,0x0000000100000000)
 ParOldGen       total 552448K, used 511514K [0x0000000080000000, 0x00000000a1b80000, 0x00000000d5580000)
  object space 552448K, 92% used [0x0000000080000000,0x000000009f386950,0x00000000a1b80000)
 Metaspace       used 6604K, capacity 7320K, committed 7680K, reserved 1056768K
  class space    used 616K, capacity 656K, committed 768K, reserved 1048576K
}
Event: 22,492 GC heap before
{Heap before GC invocations=24 (full 5):
 PSYoungGen      total 465920K, used 121562K [0x00000000d5580000, 0x0000000100000000, 0x0000000100000000)
  eden space 232960K, 0% used [0x00000000d5580000,0x00000000d5580000,0x00000000e3900000)
  from space 232960K, 52% used [0x00000000e3900000,0x00000000eafb6920,0x00000000f1c80000)
  to   space 232960K, 0% used [0x00000000f1c80000,0x00000000f1c80000,0x0000000100000000)
 ParOldGen       total 552448K, used 511514K [0x0000000080000000, 0x00000000a1b80000, 0x00000000d5580000)
  object space 552448K, 92% used [0x0000000080000000,0x000000009f386950,0x00000000a1b80000)
 Metaspace       used 6604K, capacity 7320K, committed 7680K, reserved 1056768K
  class space    used 616K, capacity 656K, committed 768K, reserved 1048576K

Deoptimization events (10 events):
Event: 19,373 Thread 0x00007f580000a000 Uncommon trap: reason=speculate_class_check action=maybe_recompile pc=0x00007f57f118cff0 method=com.android.dx.rop.cst.TypedConstant.getBasicType()I @ 1
Event: 19,434 Thread 0x00007f5800398800 Uncommon trap: reason=unstable_if action=reinterpret pc=0x00007f57f1b29508 method=com.android.dx.cf.code.Ropper.processBlock(Lcom/android/dx/cf/code/ByteBlock;Lcom/android/dx/cf/code/Frame;[I)V @ 651
Event: 19,551 Thread 0x00007f5800397000 Uncommon trap: reason=class_check action=maybe_recompile pc=0x00007f57f139fe3c method=com.android.dx.ssa.back.FirstFitLocalCombiningAllocator.findNextUnreservedRopReg(IILcom/android/dx/ssa/back/FirstFitLocalCombiningAllocator$Alignment;)I @ 60
Event: 19,611 Thread 0x00007f5800397000 Uncommon trap: reason=unstable_if action=reinterpret pc=0x00007f57f139fc08 method=com.android.dx.util.BitIntSet.has(I)Z @ 8
Event: 19,846 Thread 0x00007f580000a000 Uncommon trap: reason=unstable_if action=reinterpret pc=0x00007f57f18ccc94 method=com.android.dx.cf.code.RopperMachine.run(Lcom/android/dx/cf/code/Frame;II)V @ 356
Event: 20,446 Thread 0x00007f5800398800 Uncommon trap: reason=unstable_if action=reinterpret pc=0x00007f57f13cf944 method=com.android.dx.util.BitIntSet.has(I)Z @ 8
Event: 21,169 Thread 0x00007f5800395000 Uncommon trap: reason=bimorphic action=maybe_recompile pc=0x00007f57f1c4e050 method=com.android.dx.cf.code.BytecodeArray.parseInstruction(ILcom/android/dx/cf/code/BytecodeArray$Visitor;)I @ 1099
Event: 21,169 Thread 0x00007f5800395000 Uncommon trap: reason=bimorphic action=maybe_recompile pc=0x00007f57f1c4e300 method=com.android.dx.cf.code.BytecodeArray.parseInstruction(ILcom/android/dx/cf/code/BytecodeArray$Visitor;)I @ 1327
Event: 21,169 Thread 0x00007f5800395000 Uncommon trap: reason=bimorphic action=maybe_recompile pc=0x00007f57f1c4e300 method=com.android.dx.cf.code.BytecodeArray.parseInstruction(ILcom/android/dx/cf/code/BytecodeArray$Visitor;)I @ 1327
Event: 21,169 Thread 0x00007f5800395000 Uncommon trap: reason=bimorphic action=maybe_recompile pc=0x00007f57f1c4e300 method=com.android.dx.cf.code.BytecodeArray.parseInstruction(ILcom/android/dx/cf/code/BytecodeArray$Visitor;)I @ 1327

Internal exceptions (10 events):
Event: 0,023 Thread 0x00007f580000a000 Exception <a 'java/lang/NoSuchMethodError': Method sun.misc.Unsafe.prefetchRead(Ljava/lang/Object;J)V name or signature does not match> (0x00000000d5592ce0) thrown at [/HUDSON/workspace/8-2-build-linux-amd64/jdk8u66/4988/hotspot/src/share/vm/prims/jni.cpp
Event: 0,938 Thread 0x00007f5800398800 Implicit null exception at 0x00007f57f1348a84 to 0x00007f57f134b1c9
Event: 1,091 Thread 0x00007f5800398800 Implicit null exception at 0x00007f57f139c9ac to 0x00007f57f139f1d1
Event: 1,328 Thread 0x00007f5800398800 Exception <a 'java/lang/ArrayIndexOutOfBoundsException': 18> (0x00000000d95c2a70) thrown at [/HUDSON/workspace/8-2-build-linux-amd64/jdk8u66/4988/hotspot/src/share/vm/interpreter/interpreterRuntime.cpp, line 366]
Event: 1,328 Thread 0x00007f5800398800 Exception <a 'java/lang/ArrayIndexOutOfBoundsException': 145> (0x00000000d95c45f0) thrown at [/HUDSON/workspace/8-2-build-linux-amd64/jdk8u66/4988/hotspot/src/share/vm/interpreter/interpreterRuntime.cpp, line 366]
Event: 1,329 Thread 0x00007f5800398800 Exception <a 'java/lang/ArrayIndexOutOfBoundsException': 40> (0x00000000d95c58d8) thrown at [/HUDSON/workspace/8-2-build-linux-amd64/jdk8u66/4988/hotspot/src/share/vm/interpreter/interpreterRuntime.cpp, line 366]
Event: 4,574 Thread 0x00007f5800395000 Implicit null exception at 0x00007f57f187081e to 0x00007f57f18766c5
Event: 4,578 Thread 0x00007f5800395000 Implicit null exception at 0x00007f57f15dc6f3 to 0x00007f57f15dc881
Event: 4,583 Thread 0x00007f5800395000 Implicit null exception at 0x00007f57f15bd835 to 0x00007f57f15bd93d
Event: 9,131 Thread 0x00007f5800398800 Implicit null exception at 0x00007f57f1a730d1 to 0x00007f57f1a78aa1

Events (10 events):
Event: 21,169 Thread 0x00007f5800395000 DEOPT PACKING pc=0x00007f57f1c4e300 sp=0x00007f57e54e3b40
Event: 21,169 Thread 0x00007f5800395000 DEOPT UNPACKING pc=0x00007f57f1005229 sp=0x00007f57e54e3b00 mode 2
Event: 21,169 Thread 0x00007f5800395000 Uncommon trap: trap_request=0xffffffc6 fr.pc=0x00007f57f1c4e300
Event: 21,169 Thread 0x00007f5800395000 DEOPT PACKING pc=0x00007f57f1c4e300 sp=0x00007f57e54e3b40
Event: 21,169 Thread 0x00007f5800395000 DEOPT UNPACKING pc=0x00007f57f1005229 sp=0x00007f57e54e3b00 mode 2
Event: 21,170 Executing VM operation: ParallelGCFailedAllocation
Event: 21,475 Executing VM operation: ParallelGCFailedAllocation done
Event: 21,603 Thread 0x00007f5800395000 DEOPT PACKING pc=0x00007f57f1498f2d sp=0x00007f57e54e3e50
Event: 21,603 Thread 0x00007f5800395000 DEOPT UNPACKING pc=0x00007f57f1047633 sp=0x00007f57e54e3c00 mode 0
Event: 22,134 Executing VM operation: ParallelGCFailedAllocation


Dynamic libraries:
00400000-00401000 r-xp 00000000 08:01 4591374                            /usr/lib/jvm/java-8-oracle/bin/java
00600000-00601000 rw-p 00000000 08:01 4591374                            /usr/lib/jvm/java-8-oracle/bin/java
01865000-01886000 rw-p 00000000 00:00 0                                  [heap]
80000000-a1b80000 rw-p 00000000 00:00 0 
b1380000-d5580000 ---p 00000000 00:00 0 
d5580000-100000000 rw-p 00000000 00:00 0 
100000000-1000c0000 rw-p 00000000 00:00 0 
1000c0000-140000000 ---p 00000000 00:00 0 
7f5798000000-7f579805f000 rw-p 00000000 00:00 0 
7f579805f000-7f579c000000 ---p 00000000 00:00 0 
7f57a0000000-7f57a0024000 rw-p 00000000 00:00 0 
7f57a0024000-7f57a4000000 ---p 00000000 00:00 0 
7f57a4000000-7f57a4027000 rw-p 00000000 00:00 0 
7f57a4027000-7f57a8000000 ---p 00000000 00:00 0 
7f57a8000000-7f57a802d000 rw-p 00000000 00:00 0 
7f57a802d000-7f57ac000000 ---p 00000000 00:00 0 
7f57ac000000-7f57ac021000 rw-p 00000000 00:00 0 
7f57ac021000-7f57b0000000 ---p 00000000 00:00 0 
7f57b0000000-7f57b0021000 rw-p 00000000 00:00 0 
7f57b0021000-7f57b4000000 ---p 00000000 00:00 0 
7f57b4000000-7f57b4021000 rw-p 00000000 00:00 0 
7f57b4021000-7f57b8000000 ---p 00000000 00:00 0 
7f57b8000000-7f57b9e9c000 rw-p 00000000 00:00 0 
7f57b9e9c000-7f57bc000000 ---p 00000000 00:00 0 
7f57bc000000-7f57bcb55000 rw-p 00000000 00:00 0 
7f57bcb55000-7f57c0000000 ---p 00000000 00:00 0 
7f57c0000000-7f57c0021000 rw-p 00000000 00:00 0 
7f57c0021000-7f57c4000000 ---p 00000000 00:00 0 
7f57c4000000-7f57c57e9000 rw-p 00000000 00:00 0 
7f57c57e9000-7f57c8000000 ---p 00000000 00:00 0 
7f57c8000000-7f57c8021000 rw-p 00000000 00:00 0 
7f57c8021000-7f57cc000000 ---p 00000000 00:00 0 
7f57cc000000-7f57cc021000 rw-p 00000000 00:00 0 
7f57cc021000-7f57d0000000 ---p 00000000 00:00 0 
7f57d0000000-7f57d0021000 rw-p 00000000 00:00 0 
7f57d0021000-7f57d4000000 ---p 00000000 00:00 0 
7f57d4000000-7f57d4290000 rw-p 00000000 00:00 0 
7f57d4290000-7f57d8000000 ---p 00000000 00:00 0 
7f57d8000000-7f57d8021000 rw-p 00000000 00:00 0 
7f57d8021000-7f57dc000000 ---p 00000000 00:00 0 
7f57e0000000-7f57e0021000 rw-p 00000000 00:00 0 
7f57e0021000-7f57e4000000 ---p 00000000 00:00 0 
7f57e51be000-7f57e51e3000 r--p 00000000 08:01 2361987                    /usr/share/locale-langpack/pl/LC_MESSAGES/libc.mo
7f57e51e3000-7f57e51e6000 ---p 00000000 00:00 0 
7f57e51e6000-7f57e52e4000 rw-p 00000000 00:00 0                          [stack:30040]
7f57e52e4000-7f57e52e7000 ---p 00000000 00:00 0 
7f57e52e7000-7f57e53e5000 rw-p 00000000 00:00 0                          [stack:30039]
7f57e53e5000-7f57e53e8000 ---p 00000000 00:00 0 
7f57e53e8000-7f57e54e6000 rw-p 00000000 00:00 0                          [stack:30038]
7f57e54e6000-7f57e54e9000 ---p 00000000 00:00 0 
7f57e54e9000-7f57e55e7000 rw-p 00000000 00:00 0                          [stack:30037]
7f57e55e7000-7f57e55ea000 ---p 00000000 00:00 0 
7f57e55ea000-7f57e56e8000 rw-p 00000000 00:00 0                          [stack:30036]
7f57e56e8000-7f57e57b4000 r--s 00ac4000 08:01 8263661                    /home/tomasz/AndroidStudioProjects/ITAssistant/app/build/intermediates/transforms/jarMerging/debug/jars/1/1f/combined.jar
7f57e57b4000-7f57e57b5000 ---p 00000000 00:00 0 
7f57e57b5000-7f57e58b5000 rw-p 00000000 00:00 0                          [stack:30035]
7f57e58b5000-7f57e58b8000 ---p 00000000 00:00 0 
7f57e58b8000-7f57e59b6000 rw-p 00000000 00:00 0                          [stack:30034]
7f57e59b6000-7f57e59b9000 ---p 00000000 00:00 0 
7f57e59b9000-7f57e5ab7000 rw-p 00000000 00:00 0                          [stack:30033]
7f57e5ab7000-7f57e5aba000 ---p 00000000 00:00 0 
7f57e5aba000-7f57e5bb8000 rw-p 00000000 00:00 0                          [stack:30032]
7f57e5bb8000-7f57e5bbb000 ---p 00000000 00:00 0 
7f57e5bbb000-7f57e5cb9000 rw-p 00000000 00:00 0                          [stack:30031]
7f57e5cb9000-7f57e5cbc000 ---p 00000000 00:00 0 
7f57e5cbc000-7f57e5dba000 rw-p 00000000 00:00 0                          [stack:30030]
7f57e5dba000-7f57e65cd000 r--p 00000000 08:01 1579663                    /usr/lib/locale/locale-archive
7f57e65cd000-7f57e65d0000 ---p 00000000 00:00 0 
7f57e65d0000-7f57e66ce000 rw-p 00000000 00:00 0                          [stack:30029]
7f57e66ce000-7f57e66d1000 ---p 00000000 00:00 0 
7f57e66d1000-7f57e67cf000 rw-p 00000000 00:00 0                          [stack:30028]
7f57e67cf000-7f57e67d0000 ---p 00000000 00:00 0 
7f57e67d0000-7f57e7ec0000 rw-p 00000000 00:00 0                          [stack:30027]
7f57e7ec0000-7f57e8000000 ---p 00000000 00:00 0 
7f57e8000000-7f57e8021000 rw-p 00000000 00:00 0 
7f57e8021000-7f57ec000000 ---p 00000000 00:00 0 
7f57ec015000-7f57ec078000 rw-p 00000000 00:00 0 
7f57ec078000-7f57ec251000 r--s 03d20000 08:01 4069182                    /usr/lib/jvm/java-8-oracle/jre/lib/rt.jar
7f57ec251000-7f57f0651000 rw-p 00000000 00:00 0 
7f57f0651000-7f57f0652000 ---p 00000000 00:00 0 
7f57f0652000-7f57f0752000 rw-p 00000000 00:00 0                          [stack:30026]
7f57f0752000-7f57f0753000 ---p 00000000 00:00 0 
7f57f0753000-7f57f0853000 rw-p 00000000 00:00 0                          [stack:30025]
7f57f0853000-7f57f0854000 ---p 00000000 00:00 0 
7f57f0854000-7f57f0a62000 rw-p 00000000 00:00 0                          [stack:30024]
7f57f0a62000-7f57f0bff000 ---p 00000000 00:00 0 
7f57f0bff000-7f57f0d0d000 rw-p 00000000 00:00 0 
7f57f0d0d000-7f57f0ea9000 ---p 00000000 00:00 0 
7f57f0ea9000-7f57f0fff000 rw-p 00000000 00:00 0 
7f57f0fff000-7f57f1000000 rw-p 00000000 00:00 0 
7f57f1000000-7f57f1c80000 rwxp 00000000 00:00 0 
7f57f1c80000-7f5800000000 ---p 00000000 00:00 0 
7f5800000000-7f5800438000 rw-p 00000000 00:00 0 
7f5800438000-7f5804000000 ---p 00000000 00:00 0 
7f5804005000-7f58040ca000 rw-p 00000000 00:00 0 
7f58040ca000-7f58040cb000 ---p 00000000 00:00 0 
7f58040cb000-7f58041fd000 rw-p 00000000 00:00 0                          [stack:30023]
7f58041fd000-7f580458b000 ---p 00000000 00:00 0 
7f580458b000-7f58045a5000 r-xp 00000000 08:01 4069168                    /usr/lib/jvm/java-8-oracle/jre/lib/amd64/libzip.so
7f58045a5000-7f58047a5000 ---p 0001a000 08:01 4069168                    /usr/lib/jvm/java-8-oracle/jre/lib/amd64/libzip.so
7f58047a5000-7f58047a6000 rw-p 0001a000 08:01 4069168                    /usr/lib/jvm/java-8-oracle/jre/lib/amd64/libzip.so
7f58047a6000-7f58047b1000 r-xp 00000000 08:01 5771445                    /lib/x86_64-linux-gnu/libnss_files-2.19.so
7f58047b1000-7f58049b0000 ---p 0000b000 08:01 5771445                    /lib/x86_64-linux-gnu/libnss_files-2.19.so
7f58049b0000-7f58049b1000 r--p 0000a000 08:01 5771445                    /lib/x86_64-linux-gnu/libnss_files-2.19.so
7f58049b1000-7f58049b2000 rw-p 0000b000 08:01 5771445                    /lib/x86_64-linux-gnu/libnss_files-2.19.so
7f58049b2000-7f58049bd000 r-xp 00000000 08:01 5771455                    /lib/x86_64-linux-gnu/libnss_nis-2.19.so
7f58049bd000-7f5804bbc000 ---p 0000b000 08:01 5771455                    /lib/x86_64-linux-gnu/libnss_nis-2.19.so
7f5804bbc000-7f5804bbd000 r--p 0000a000 08:01 5771455                    /lib/x86_64-linux-gnu/libnss_nis-2.19.so
7f5804bbd000-7f5804bbe000 rw-p 0000b000 08:01 5771455                    /lib/x86_64-linux-gnu/libnss_nis-2.19.so
7f5804bbe000-7f5804bd5000 r-xp 00000000 08:01 5771439                    /lib/x86_64-linux-gnu/libnsl-2.19.so
7f5804bd5000-7f5804dd4000 ---p 00017000 08:01 5771439                    /lib/x86_64-linux-gnu/libnsl-2.19.so
7f5804dd4000-7f5804dd5000 r--p 00016000 08:01 5771439                    /lib/x86_64-linux-gnu/libnsl-2.19.so
7f5804dd5000-7f5804dd6000 rw-p 00017000 08:01 5771439                    /lib/x86_64-linux-gnu/libnsl-2.19.so
7f5804dd6000-7f5804dd8000 rw-p 00000000 00:00 0 
7f5804dd8000-7f5804de1000 r-xp 00000000 08:01 5771441                    /lib/x86_64-linux-gnu/libnss_compat-2.19.so
7f5804de1000-7f5804fe0000 ---p 00009000 08:01 5771441                    /lib/x86_64-linux-gnu/libnss_compat-2.19.so
7f5804fe0000-7f5804fe1000 r--p 00008000 08:01 5771441                    /lib/x86_64-linux-gnu/libnss_compat-2.19.so
7f5804fe1000-7f5804fe2000 rw-p 00009000 08:01 5771441                    /lib/x86_64-linux-gnu/libnss_compat-2.19.so
7f5804fe2000-7f580500c000 r-xp 00000000 08:01 4069157                    /usr/lib/jvm/java-8-oracle/jre/lib/amd64/libjava.so
7f580500c000-7f580520c000 ---p 0002a000 08:01 4069157                    /usr/lib/jvm/java-8-oracle/jre/lib/amd64/libjava.so
7f580520c000-7f580520e000 rw-p 0002a000 08:01 4069157                    /usr/lib/jvm/java-8-oracle/jre/lib/amd64/libjava.so
7f580520e000-7f580521b000 r-xp 00000000 08:01 4069118                    /usr/lib/jvm/java-8-oracle/jre/lib/amd64/libverify.so
7f580521b000-7f580541b000 ---p 0000d000 08:01 4069118                    /usr/lib/jvm/java-8-oracle/jre/lib/amd64/libverify.so
7f580541b000-7f580541d000 rw-p 0000d000 08:01 4069118                    /usr/lib/jvm/java-8-oracle/jre/lib/amd64/libverify.so
7f580541d000-7f5805424000 r-xp 00000000 08:01 5771498                    /lib/x86_64-linux-gnu/librt-2.19.so
7f5805424000-7f5805623000 ---p 00007000 08:01 5771498                    /lib/x86_64-linux-gnu/librt-2.19.so
7f5805623000-7f5805624000 r--p 00006000 08:01 5771498                    /lib/x86_64-linux-gnu/librt-2.19.so
7f5805624000-7f5805625000 rw-p 00007000 08:01 5771498                    /lib/x86_64-linux-gnu/librt-2.19.so
7f5805625000-7f580572a000 r-xp 00000000 08:01 5771420                    /lib/x86_64-linux-gnu/libm-2.19.so
7f580572a000-7f5805929000 ---p 00105000 08:01 5771420                    /lib/x86_64-linux-gnu/libm-2.19.so
7f5805929000-7f580592a000 r--p 00104000 08:01 5771420                    /lib/x86_64-linux-gnu/libm-2.19.so
7f580592a000-7f580592b000 rw-p 00105000 08:01 5771420                    /lib/x86_64-linux-gnu/libm-2.19.so
7f580592b000-7f58065e9000 r-xp 00000000 08:01 4069167                    /usr/lib/jvm/java-8-oracle/jre/lib/amd64/server/libjvm.so
7f58065e9000-7f58067e8000 ---p 00cbe000 08:01 4069167                    /usr/lib/jvm/java-8-oracle/jre/lib/amd64/server/libjvm.so
7f58067e8000-7f58068c1000 rw-p 00cbd000 08:01 4069167                    /usr/lib/jvm/java-8-oracle/jre/lib/amd64/server/libjvm.so
7f58068c1000-7f5806905000 rw-p 00000000 00:00 0 
7f5806905000-7f5806ac0000 r-xp 00000000 08:01 5771370                    /lib/x86_64-linux-gnu/libc-2.19.so
7f5806ac0000-7f5806cbf000 ---p 001bb000 08:01 5771370                    /lib/x86_64-linux-gnu/libc-2.19.so
7f5806cbf000-7f5806cc3000 r--p 001ba000 08:01 5771370                    /lib/x86_64-linux-gnu/libc-2.19.so
7f5806cc3000-7f5806cc5000 rw-p 001be000 08:01 5771370                    /lib/x86_64-linux-gnu/libc-2.19.so
7f5806cc5000-7f5806cca000 rw-p 00000000 00:00 0 
7f5806cca000-7f5806ccd000 r-xp 00000000 08:01 5771387                    /lib/x86_64-linux-gnu/libdl-2.19.so
7f5806ccd000-7f5806ecc000 ---p 00003000 08:01 5771387                    /lib/x86_64-linux-gnu/libdl-2.19.so
7f5806ecc000-7f5806ecd000 r--p 00002000 08:01 5771387                    /lib/x86_64-linux-gnu/libdl-2.19.so
7f5806ecd000-7f5806ece000 rw-p 00003000 08:01 5771387                    /lib/x86_64-linux-gnu/libdl-2.19.so
7f5806ece000-7f5806ee3000 r-xp 00000000 08:01 4727160                    /usr/lib/jvm/java-8-oracle/lib/amd64/jli/libjli.so
7f5806ee3000-7f58070e3000 ---p 00015000 08:01 4727160                    /usr/lib/jvm/java-8-oracle/lib/amd64/jli/libjli.so
7f58070e3000-7f58070e4000 rw-p 00015000 08:01 4727160                    /usr/lib/jvm/java-8-oracle/lib/amd64/jli/libjli.so
7f58070e4000-7f58070fd000 r-xp 00000000 08:01 5771490                    /lib/x86_64-linux-gnu/libpthread-2.19.so
7f58070fd000-7f58072fc000 ---p 00019000 08:01 5771490                    /lib/x86_64-linux-gnu/libpthread-2.19.so
7f58072fc000-7f58072fd000 r--p 00018000 08:01 5771490                    /lib/x86_64-linux-gnu/libpthread-2.19.so
7f58072fd000-7f58072fe000 rw-p 00019000 08:01 5771490                    /lib/x86_64-linux-gnu/libpthread-2.19.so
7f58072fe000-7f5807302000 rw-p 00000000 00:00 0 
7f5807302000-7f5807325000 r-xp 00000000 08:01 5771346                    /lib/x86_64-linux-gnu/ld-2.19.so
7f580732b000-7f5807332000 r--s 00000000 08:01 1967077                    /usr/lib/x86_64-linux-gnu/gconv/gconv-modules.cache
7f5807332000-7f58073fe000 rw-p 00000000 00:00 0 
7f58073fe000-7f5807401000 ---p 00000000 00:00 0 
7f5807401000-7f5807503000 rw-p 00000000 00:00 0                          [stack:30022]
7f5807508000-7f5807509000 rw-p 00000000 00:00 0 
7f5807509000-7f5807518000 r--s 000df000 08:01 10635452                   /home/tomasz/Android/Sdk/build-tools/23.0.2/lib/dx.jar
7f5807518000-7f5807520000 rw-s 00000000 08:01 6949192                    /tmp/hsperfdata_tomasz/30018
7f5807520000-7f5807521000 rw-p 00000000 00:00 0 
7f5807521000-7f5807522000 ---p 00000000 00:00 0 
7f5807522000-7f5807524000 rw-p 00000000 00:00 0 
7f5807524000-7f5807525000 r--p 00022000 08:01 5771346                    /lib/x86_64-linux-gnu/ld-2.19.so
7f5807525000-7f5807526000 rw-p 00023000 08:01 5771346                    /lib/x86_64-linux-gnu/ld-2.19.so
7f5807526000-7f5807527000 rw-p 00000000 00:00 0 
7fff26439000-7fff2645a000 rw-p 00000000 00:00 0                          [stack]
7fff264e7000-7fff264e9000 r--p 00000000 00:00 0                          [vvar]
7fff264e9000-7fff264eb000 r-xp 00000000 00:00 0                          [vdso]
ffffffffff600000-ffffffffff601000 r-xp 00000000 00:00 0                  [vsyscall]

VM Arguments:
jvm_args: -Djava.awt.headless=true -Xmx2g -Dfile.encoding=UTF-8 -Duser.country=PL -Duser.language=pl -Duser.variant 
java_command: com.android.dx.command.Main --dex --num-threads=4 --multi-dex --main-dex-list /home/tomasz/AndroidStudioProjects/ITAssistant/app/build/intermediates/multi-dex/debug/maindexlist.txt --output /home/tomasz/AndroidStudioProjects/ITAssistant/app/build/intermediates/transforms/dex/debug/folders/1000/1f/main /home/tomasz/AndroidStudioProjects/ITAssistant/app/build/intermediates/transforms/jarMerging/debug/jars/1/1f/combined.jar
java_class_path (initial): /home/tomasz/Android/Sdk/build-tools/23.0.2/lib/dx.jar
Launcher Type: SUN_STANDARD

Environment Variables:
PATH=/usr/local/sbin:/usr/local/bin:/usr/sbin:/usr/bin:/sbin:/bin:/usr/games:/usr/local/games
LD_LIBRARY_PATH=.:
SHELL=/bin/bash
DISPLAY=:0

Signal Handlers:
SIGSEGV: [libjvm.so+0xaba2a0], sa_mask[0]=11111111011111111101111111111110, sa_flags=SA_RESTART|SA_SIGINFO
SIGBUS: [libjvm.so+0xaba2a0], sa_mask[0]=11111111011111111101111111111110, sa_flags=SA_RESTART|SA_SIGINFO
SIGFPE: [libjvm.so+0x917710], sa_mask[0]=11111111011111111101111111111110, sa_flags=SA_RESTART|SA_SIGINFO
SIGPIPE: [libjvm.so+0x917710], sa_mask[0]=11111111011111111101111111111110, sa_flags=SA_RESTART|SA_SIGINFO
SIGXFSZ: [libjvm.so+0x917710], sa_mask[0]=11111111011111111101111111111110, sa_flags=SA_RESTART|SA_SIGINFO
SIGILL: [libjvm.so+0x917710], sa_mask[0]=11111111011111111101111111111110, sa_flags=SA_RESTART|SA_SIGINFO
SIGUSR1: SIG_DFL, sa_mask[0]=00000000000000000000000000000000, sa_flags=none
SIGUSR2: [libjvm.so+0x918d40], sa_mask[0]=00100000000000000000000000000000, sa_flags=SA_RESTART|SA_SIGINFO
SIGHUP: [libjvm.so+0x91a140], sa_mask[0]=11111111011111111101111111111110, sa_flags=SA_RESTART|SA_SIGINFO
SIGINT: [libjvm.so+0x91a140], sa_mask[0]=11111111011111111101111111111110, sa_flags=SA_RESTART|SA_SIGINFO
SIGTERM: [libjvm.so+0x91a140], sa_mask[0]=11111111011111111101111111111110, sa_flags=SA_RESTART|SA_SIGINFO
SIGQUIT: [libjvm.so+0x91a140], sa_mask[0]=11111111011111111101111111111110, sa_flags=SA_RESTART|SA_SIGINFO


---------------  S Y S T E M  ---------------

OS:DISTRIB_ID=Ubuntu
DISTRIB_RELEASE=14.04
DISTRIB_CODENAME=trusty
DISTRIB_DESCRIPTION="Ubuntu 14.04.3 LTS"

uname:Linux 3.19.0-42-generic #48~14.04.1-Ubuntu SMP Fri Dec 18 10:24:49 UTC 2015 x86_64
libc:glibc 2.19 NPTL 2.19 
rlimit: STACK 8192k, CORE 0k, NPROC 23202, NOFILE 4096, AS infinity
load average:28,49 9,60 3,95

/proc/meminfo:
MemTotal:        5961332 kB
MemFree:           99852 kB
MemAvailable:      42364 kB
Buffers:             308 kB
Cached:           393712 kB
SwapCached:            0 kB
Active:          5243384 kB
Inactive:         383508 kB
Active(anon):    5242468 kB
Inactive(anon):   382692 kB
Active(file):        916 kB
Inactive(file):      816 kB
Unevictable:        6244 kB
Mlocked:            6244 kB
SwapTotal:             0 kB
SwapFree:              0 kB
Dirty:                 0 kB
Writeback:             0 kB
AnonPages:       5239752 kB
Mapped:            67244 kB
Shmem:            391652 kB
Slab:              95792 kB
SReclaimable:      52216 kB
SUnreclaim:        43576 kB
KernelStack:       11360 kB
PageTables:        52972 kB
NFS_Unstable:          0 kB
Bounce:                0 kB
WritebackTmp:          0 kB
CommitLimit:     2980664 kB
Committed_AS:    9945100 kB
VmallocTotal:   34359738367 kB
VmallocUsed:      558004 kB
VmallocChunk:   34359165916 kB
HardwareCorrupted:     0 kB
AnonHugePages:   2494464 kB
CmaTotal:              0 kB
CmaFree:               0 kB
HugePages_Total:       0
HugePages_Free:        0
HugePages_Rsvd:        0
HugePages_Surp:        0
Hugepagesize:       2048 kB
DirectMap4k:      215296 kB
DirectMap2M:     5924864 kB


CPU:total 4 (2 cores per cpu, 2 threads per core) family 6 model 42 stepping 7, cmov, cx8, fxsr, mmx, sse, sse2, sse3, ssse3, sse4.1, sse4.2, popcnt, avx, aes, clmul, ht, tsc, tscinvbit

/proc/cpuinfo:
processor	: 0
vendor_id	: GenuineIntel
cpu family	: 6
model		: 42
model name	: Intel(R) Core(TM) i5-2450M CPU @ 2.50GHz
stepping	: 7
microcode	: 0x25
cpu MHz		: 2899.902
cache size	: 3072 KB
physical id	: 0
siblings	: 4
core id		: 0
cpu cores	: 2
apicid		: 0
initial apicid	: 0
fpu		: yes
fpu_exception	: yes
cpuid level	: 13
wp		: yes
flags		: fpu vme de pse tsc msr pae mce cx8 apic sep mtrr pge mca cmov pat pse36 clflush dts acpi mmx fxsr sse sse2 ss ht tm pbe syscall nx rdtscp lm constant_tsc arch_perfmon pebs bts rep_good nopl xtopology nonstop_tsc aperfmperf eagerfpu pni pclmulqdq dtes64 monitor ds_cpl vmx est tm2 ssse3 cx16 xtpr pdcm pcid sse4_1 sse4_2 x2apic popcnt tsc_deadline_timer aes xsave avx lahf_lm ida arat epb pln pts dtherm tpr_shadow vnmi flexpriority ept vpid xsaveopt
bugs		:
bogomips	: 4988.20
clflush size	: 64
cache_alignment	: 64
address sizes	: 36 bits physical, 48 bits virtual
power management:

processor	: 1
vendor_id	: GenuineIntel
cpu family	: 6
model		: 42
model name	: Intel(R) Core(TM) i5-2450M CPU @ 2.50GHz
stepping	: 7
microcode	: 0x25
cpu MHz		: 2899.902
cache size	: 3072 KB
physical id	: 0
siblings	: 4
core id		: 0
cpu cores	: 2
apicid		: 1
initial apicid	: 1
fpu		: yes
fpu_exception	: yes
cpuid level	: 13
wp		: yes
flags		: fpu vme de pse tsc msr pae mce cx8 apic sep mtrr pge mca cmov pat pse36 clflush dts acpi mmx fxsr sse sse2 ss ht tm pbe syscall nx rdtscp lm constant_tsc arch_perfmon pebs bts rep_good nopl xtopology nonstop_tsc aperfmperf eagerfpu pni pclmulqdq dtes64 monitor ds_cpl vmx est tm2 ssse3 cx16 xtpr pdcm pcid sse4_1 sse4_2 x2apic popcnt tsc_deadline_timer aes xsave avx lahf_lm ida arat epb pln pts dtherm tpr_shadow vnmi flexpriority ept vpid xsaveopt
bugs		:
bogomips	: 4988.20
clflush size	: 64
cache_alignment	: 64
address sizes	: 36 bits physical, 48 bits virtual
power management:

processor	: 2
vendor_id	: GenuineIntel
cpu family	: 6
model		: 42
model name	: Intel(R) Core(TM) i5-2450M CPU @ 2.50GHz
stepping	: 7
microcode	: 0x25
cpu MHz		: 2615.722
cache size	: 3072 KB
physical id	: 0
siblings	: 4
core id		: 1
cpu cores	: 2
apicid		: 2
initial apicid	: 2
fpu		: yes
fpu_exception	: yes
cpuid level	: 13
wp		: yes
flags		: fpu vme de pse tsc msr pae mce cx8 apic sep mtrr pge mca cmov pat pse36 clflush dts acpi mmx fxsr sse sse2 ss ht tm pbe syscall nx rdtscp lm constant_tsc arch_perfmon pebs bts rep_good nopl xtopology nonstop_tsc aperfmperf eagerfpu pni pclmulqdq dtes64 monitor ds_cpl vmx est tm2 ssse3 cx16 xtpr pdcm pcid sse4_1 sse4_2 x2apic popcnt tsc_deadline_timer aes xsave avx lahf_lm ida arat epb pln pts dtherm tpr_shadow vnmi flexpriority ept vpid xsaveopt
bugs		:
bogomips	: 4988.20
clflush size	: 64
cache_alignment	: 64
address sizes	: 36 bits physical, 48 bits virtual
power management:

processor	: 3
vendor_id	: GenuineIntel
cpu family	: 6
model		: 42
model name	: Intel(R) Core(TM) i5-2450M CPU @ 2.50GHz
stepping	: 7
microcode	: 0x25
cpu MHz		: 2900.292
cache size	: 3072 KB
physical id	: 0
siblings	: 4
core id		: 1
cpu cores	: 2
apicid		: 3
initial apicid	: 3
fpu		: yes
fpu_exception	: yes
cpuid level	: 13
wp		: yes
flags		: fpu vme de pse tsc msr pae mce cx8 apic sep mtrr pge mca cmov pat pse36 clflush dts acpi mmx fxsr sse sse2 ss ht tm pbe syscall nx rdtscp lm constant_tsc arch_perfmon pebs bts rep_good nopl xtopology nonstop_tsc aperfmperf eagerfpu pni pclmulqdq dtes64 monitor ds_cpl vmx est tm2 ssse3 cx16 xtpr pdcm pcid sse4_1 sse4_2 x2apic popcnt tsc_deadline_timer aes xsave avx lahf_lm ida arat epb pln pts dtherm tpr_shadow vnmi flexpriority ept vpid xsaveopt
bugs		:
bogomips	: 4988.20
clflush size	: 64
cache_alignment	: 64
address sizes	: 36 bits physical, 48 bits virtual
power management:



Memory: 4k page, physical 5961332k(100000k free), swap 0k(0k free)

vm_info: Java HotSpot(TM) 64-Bit Server VM (25.66-b17) for linux-amd64 JRE (1.8.0_66-b17), built on Oct  6 2015 17:28:34 by "java_re" with gcc 4.3.0 20080428 (Red Hat 4.3.0-8)

time: Sat Jan  2 00:01:04 2016
elapsed time: 100 seconds (0d 0h 1m 40s)

