#
# There is insufficient memory for the Java Runtime Environment to continue.
# Native memory allocation (mmap) failed to map 312999936 bytes for committing reserved memory.
# Possible reasons:
#   The system is out of physical RAM or swap space
#   In 32 bit mode, the process size limit was hit
# Possible solutions:
#   Reduce memory load on the system
#   Increase physical memory or swap space
#   Check if swap backing store is full
#   Use 64 bit Java on a 64 bit OS
#   Decrease Java heap size (-Xmx/-Xms)
#   Decrease number of Java threads
#   Decrease Java thread stack sizes (-Xss)
#   Set larger code cache with -XX:ReservedCodeCacheSize=
# This output file may be truncated or incomplete.
#
#  Out of Memory Error (os_linux.cpp:2627), pid=9135, tid=139983172089600
#
# JRE version: Java(TM) SE Runtime Environment (8.0_66-b17) (build 1.8.0_66-b17)
# Java VM: Java HotSpot(TM) 64-Bit Server VM (25.66-b17 mixed mode linux-amd64 compressed oops)
# Failed to write core dump. Core dumps have been disabled. To enable core dumping, try "ulimit -c unlimited" before starting Java again
#

---------------  T H R E A D  ---------------

Current thread (0x00007f507c078000):  VMThread [stack: 0x00007f505f2f3000,0x00007f505f3f4000] [id=9144]

Stack: [0x00007f505f2f3000,0x00007f505f3f4000],  sp=0x00007f505f3f21e0,  free space=1020k
Native frames: (J=compiled Java code, j=interpreted, Vv=VM code, C=native code)
V  [libjvm.so+0xab9a1a]  VMError::report_and_die()+0x2ba
V  [libjvm.so+0x4f9e0b]  report_vm_out_of_memory(char const*, int, unsigned long, VMErrorType, char const*)+0x8b
V  [libjvm.so+0x91a8a3]  os::Linux::commit_memory_impl(char*, unsigned long, bool)+0x103
V  [libjvm.so+0x91adf9]  os::pd_commit_memory(char*, unsigned long, unsigned long, bool)+0x29
V  [libjvm.so+0x91510a]  os::commit_memory(char*, unsigned long, unsigned long, bool)+0x2a
V  [libjvm.so+0x9887a3]  PSVirtualSpace::expand_by(unsigned long)+0x53
V  [libjvm.so+0x979090]  PSOldGen::expand(unsigned long)+0x170
V  [libjvm.so+0x97929b]  PSOldGen::resize(unsigned long)+0x1cb
V  [libjvm.so+0x980f71]  PSParallelCompact::invoke_no_policy(bool)+0x991
V  [libjvm.so+0x9868cd]  PSScavenge::invoke()+0x1ad
V  [libjvm.so+0x93e500]  ParallelScavengeHeap::failed_mem_allocate(unsigned long)+0x70
V  [libjvm.so+0xabb437]  VM_ParallelGCFailedAllocation::doit()+0x97
V  [libjvm.so+0xac2e65]  VM_Operation::evaluate()+0x55
V  [libjvm.so+0xac123a]  VMThread::evaluate_operation(VM_Operation*)+0xba
V  [libjvm.so+0xac15be]  VMThread::loop()+0x1ce
V  [libjvm.so+0xac1a30]  VMThread::run()+0x70
V  [libjvm.so+0x91cc68]  java_start(Thread*)+0x108

VM_Operation (0x00007f505dff0fd0): ParallelGCFailedAllocation, mode: safepoint, requested by thread 0x00007f507c1a4000


---------------  P R O C E S S  ---------------

Java Threads: ( => current thread )
  0x00007f507c1d5000 JavaThread "pool-1-thread-1" [_thread_blocked, id=9163, stack(0x00007f505dbef000,0x00007f505dcf0000)]
  0x00007f507c1a7800 JavaThread "pool-2-thread-4" [_thread_blocked, id=9157, stack(0x00007f505dcf0000,0x00007f505ddf1000)]
  0x00007f507c1a5800 JavaThread "pool-2-thread-3" [_thread_blocked, id=9156, stack(0x00007f505ddf1000,0x00007f505def2000)]
  0x00007f507c1a4000 JavaThread "pool-2-thread-2" [_thread_blocked, id=9155, stack(0x00007f505def2000,0x00007f505dff3000)]
  0x00007f507c1a2000 JavaThread "pool-3-thread-1" [_thread_blocked, id=9154, stack(0x00007f505dff3000,0x00007f505e0f4000)]
  0x00007f507c1a0800 JavaThread "pool-2-thread-1" [_thread_blocked, id=9153, stack(0x00007f505e0f4000,0x00007f505e1f5000)]
  0x00007f507c0ca800 JavaThread "Service Thread" daemon [_thread_blocked, id=9151, stack(0x00007f505e3d9000,0x00007f505e4da000)]
  0x00007f507c0bd800 JavaThread "C1 CompilerThread2" daemon [_thread_blocked, id=9150, stack(0x00007f505e4da000,0x00007f505e5db000)]
  0x00007f507c0bb800 JavaThread "C2 CompilerThread1" daemon [_thread_blocked, id=9149, stack(0x00007f505e5db000,0x00007f505e6dc000)]
  0x00007f507c0b8800 JavaThread "C2 CompilerThread0" daemon [_thread_in_native, id=9148, stack(0x00007f505e6dc000,0x00007f505e7dd000)]
  0x00007f507c0b7800 JavaThread "Signal Dispatcher" daemon [_thread_blocked, id=9147, stack(0x00007f505e7dd000,0x00007f505e8de000)]
  0x00007f507c07f000 JavaThread "Finalizer" daemon [_thread_blocked, id=9146, stack(0x00007f505f0f1000,0x00007f505f1f2000)]
  0x00007f507c07d000 JavaThread "Reference Handler" daemon [_thread_blocked, id=9145, stack(0x00007f505f1f2000,0x00007f505f2f3000)]
  0x00007f507c00a000 JavaThread "main" [_thread_blocked, id=9138, stack(0x00007f5083f61000,0x00007f5084062000)]

Other Threads:
=>0x00007f507c078000 VMThread [stack: 0x00007f505f2f3000,0x00007f505f3f4000] [id=9144]
  0x00007f507c0cd800 WatcherThread [stack: 0x00007f505e2d8000,0x00007f505e3d9000] [id=9152]

VM state:at safepoint (normal execution)

VM Mutex/Monitor currently owned by a thread:  ([mutex/lock_event])
[0x00007f507c005ef0] ExpandHeap_lock - owner thread: 0x00007f507c078000
[0x00007f507c006570] Threads_lock - owner thread: 0x00007f507c078000
[0x00007f507c006a70] Heap_lock - owner thread: 0x00007f507c1a4000

Heap:
 PSYoungGen      total 465920K, used 67708K [0x00000000d5580000, 0x0000000100000000, 0x0000000100000000)
  eden space 232960K, 0% used [0x00000000d5580000,0x00000000d5580000,0x00000000e3900000)
  from space 232960K, 29% used [0x00000000e3900000,0x00000000e7b1f320,0x00000000f1c80000)
  to   space 232960K, 0% used [0x00000000f1c80000,0x00000000f1c80000,0x0000000100000000)
 ParOldGen       total 825856K, used 825363K [0x0000000080000000, 0x00000000b2680000, 0x00000000d5580000)
  object space 825856K, 99% used [0x0000000080000000,0x00000000b2604d68,0x00000000b2680000)
 Metaspace       used 6728K, capacity 7384K, committed 7680K, reserved 1056768K
  class space    used 623K, capacity 656K, committed 768K, reserved 1048576K

Card table byte_map: [0x00007f508092b000,0x00007f5080d2c000] byte_map_base: 0x00007f508052b000

Marking Bits: (ParMarkBitMap*) 0x00007f508343b020
 Begin Bits: [0x00007f5064000000, 0x00007f5066000000)
 End Bits:   [0x00007f5066000000, 0x00007f5068000000)

Polling page: 0x00007f5084082000

CodeCache: size=245760Kb used=12952Kb max_used=12965Kb free=232807Kb
 bounds [0x00007f506d000000, 0x00007f506dcc0000, 0x00007f507c000000]
 total_blobs=2819 nmethods=2550 adapters=182
 compilation: enabled

Compilation events (10 events):
Event: 36,681 Thread 0x00007f507c0bd800 nmethod 3227 0x00007f506d974350 code [0x00007f506d974500, 0x00007f506d9748b8]
Event: 36,690 Thread 0x00007f507c0bd800 3228 %     3       com.android.dx.rop.type.StdTypeList::hashContents @ 11 (40 bytes)
Event: 36,691 Thread 0x00007f507c0bd800 nmethod 3228% 0x00007f506dcb1d50 code [0x00007f506dcb1f00, 0x00007f506dcb2488]
Event: 36,691 Thread 0x00007f507c0bd800 3229       3       com.android.dx.rop.type.StdTypeList::hashContents (40 bytes)
Event: 36,691 Thread 0x00007f507c0bd800 nmethod 3229 0x00007f506dcb26d0 code [0x00007f506dcb2880, 0x00007f506dcb2da8]
Event: 36,706 Thread 0x00007f507c0bb800 nmethod 1166% 0x00007f506dcb2fd0 code [0x00007f506dcb3200, 0x00007f506dcb40d8]
Event: 36,706 Thread 0x00007f507c0bb800 3222       4       com.android.dx.ssa.SsaMethod::getExitBlock (26 bytes)
Event: 36,708 Thread 0x00007f507c0bb800 nmethod 3222 0x00007f506d46d350 code [0x00007f506d46d4a0, 0x00007f506d46d5b8]
Event: 36,708 Thread 0x00007f507c0bb800 1909       4       com.android.dx.ssa.PhiInsn::predBlocksForReg (73 bytes)
Event: 36,708 Thread 0x00007f507c0bd800 3230       2       com.android.dx.dex.file.TypeListItem::addContents (47 bytes)

GC Heap History (10 events):
Event: 33,452 GC heap after
Heap after GC invocations=30 (full 5):
 PSYoungGen      total 457728K, used 170826K [0x00000000d5580000, 0x0000000100000000, 0x0000000100000000)
  eden space 245248K, 0% used [0x00000000d5580000,0x00000000d5580000,0x00000000e4500000)
  from space 212480K, 80% used [0x00000000e4500000,0x00000000eebd28f8,0x00000000f1480000)
  to   space 227840K, 0% used [0x00000000f2180000,0x00000000f2180000,0x0000000100000000)
 ParOldGen       total 825856K, used 598089K [0x0000000080000000, 0x00000000b2680000, 0x00000000d5580000)
  object space 825856K, 72% used [0x0000000080000000,0x00000000a4812598,0x00000000b2680000)
 Metaspace       used 6668K, capacity 7384K, committed 7680K, reserved 1056768K
  class space    used 620K, capacity 656K, committed 768K, reserved 1048576K
}
Event: 34,128 GC heap before
{Heap before GC invocations=31 (full 5):
 PSYoungGen      total 457728K, used 416074K [0x00000000d5580000, 0x0000000100000000, 0x0000000100000000)
  eden space 245248K, 100% used [0x00000000d5580000,0x00000000e4500000,0x00000000e4500000)
  from space 212480K, 80% used [0x00000000e4500000,0x00000000eebd28f8,0x00000000f1480000)
  to   space 227840K, 0% used [0x00000000f2180000,0x00000000f2180000,0x0000000100000000)
 ParOldGen       total 825856K, used 598089K [0x0000000080000000, 0x00000000b2680000, 0x00000000d5580000)
  object space 825856K, 72% used [0x0000000080000000,0x00000000a4812598,0x00000000b2680000)
 Metaspace       used 6702K, capacity 7384K, committed 7680K, reserved 1056768K
  class space    used 622K, capacity 656K, committed 768K, reserved 1048576K
Event: 34,426 GC heap after
Heap after GC invocations=31 (full 5):
 PSYoungGen      total 460800K, used 209509K [0x00000000d5580000, 0x0000000100000000, 0x0000000100000000)
  eden space 232960K, 0% used [0x00000000d5580000,0x00000000d5580000,0x00000000e3900000)
  from space 227840K, 91% used [0x00000000f2180000,0x00000000fee195c0,0x0000000100000000)
  to   space 232960K, 0% used [0x00000000e3900000,0x00000000e3900000,0x00000000f1c80000)
 ParOldGen       total 825856K, used 598089K [0x0000000080000000, 0x00000000b2680000, 0x00000000d5580000)
  object space 825856K, 72% used [0x0000000080000000,0x00000000a4812598,0x00000000b2680000)
 Metaspace       used 6702K, capacity 7384K, committed 7680K, reserved 1056768K
  class space    used 622K, capacity 656K, committed 768K, reserved 1048576K
}
Event: 34,914 GC heap before
{Heap before GC invocations=32 (full 5):
 PSYoungGen      total 460800K, used 442469K [0x00000000d5580000, 0x0000000100000000, 0x0000000100000000)
  eden space 232960K, 100% used [0x00000000d5580000,0x00000000e3900000,0x00000000e3900000)
  from space 227840K, 91% used [0x00000000f2180000,0x00000000fee195c0,0x0000000100000000)
  to   space 232960K, 0% used [0x00000000e3900000,0x00000000e3900000,0x00000000f1c80000)
 ParOldGen       total 825856K, used 598089K [0x0000000080000000, 0x00000000b2680000, 0x00000000d5580000)
  object space 825856K, 72% used [0x0000000080000000,0x00000000a4812598,0x00000000b2680000)
 Metaspace       used 6702K, capacity 7384K, committed 7680K, reserved 1056768K
  class space    used 622K, capacity 656K, committed 768K, reserved 1048576K
Event: 35,207 GC heap after
Heap after GC invocations=32 (full 5):
 PSYoungGen      total 465920K, used 189212K [0x00000000d5580000, 0x0000000100000000, 0x0000000100000000)
  eden space 232960K, 0% used [0x00000000d5580000,0x00000000d5580000,0x00000000e3900000)
  from space 232960K, 81% used [0x00000000e3900000,0x00000000ef1c73d0,0x00000000f1c80000)
  to   space 232960K, 0% used [0x00000000f1c80000,0x00000000f1c80000,0x0000000100000000)
 ParOldGen       total 825856K, used 652395K [0x0000000080000000, 0x00000000b2680000, 0x00000000d5580000)
  object space 825856K, 78% used [0x0000000080000000,0x00000000a7d1ac70,0x00000000b2680000)
 Metaspace       used 6702K, capacity 7384K, committed 7680K, reserved 1056768K
  class space    used 622K, capacity 656K, committed 768K, reserved 1048576K
}
Event: 35,762 GC heap before
{Heap before GC invocations=33 (full 5):
 PSYoungGen      total 465920K, used 422172K [0x00000000d5580000, 0x0000000100000000, 0x0000000100000000)
  eden space 232960K, 100% used [0x00000000d5580000,0x00000000e3900000,0x00000000e3900000)
  from space 232960K, 81% used [0x00000000e3900000,0x00000000ef1c73d0,0x00000000f1c80000)
  to   space 232960K, 0% used [0x00000000f1c80000,0x00000000f1c80000,0x0000000100000000)
 ParOldGen       total 825856K, used 652395K [0x0000000080000000, 0x00000000b2680000, 0x00000000d5580000)
  object space 825856K, 78% used [0x0000000080000000,0x00000000a7d1ac70,0x00000000b2680000)
 Metaspace       used 6702K, capacity 7384K, committed 7680K, reserved 1056768K
  class space    used 622K, capacity 656K, committed 768K, reserved 1048576K
Event: 36,096 GC heap after
Heap after GC invocations=33 (full 5):
 PSYoungGen      total 465920K, used 146947K [0x00000000d5580000, 0x0000000100000000, 0x0000000100000000)
  eden space 232960K, 0% used [0x00000000d5580000,0x00000000d5580000,0x00000000e3900000)
  from space 232960K, 63% used [0x00000000f1c80000,0x00000000fac00f88,0x0000000100000000)
  to   space 232960K, 0% used [0x00000000e3900000,0x00000000e3900000,0x00000000f1c80000)
 ParOldGen       total 825856K, used 725539K [0x0000000080000000, 0x00000000b2680000, 0x00000000d5580000)
  object space 825856K, 87% used [0x0000000080000000,0x00000000ac488ea8,0x00000000b2680000)
 Metaspace       used 6702K, capacity 7384K, committed 7680K, reserved 1056768K
  class space    used 622K, capacity 656K, committed 768K, reserved 1048576K
}
Event: 36,709 GC heap before
{Heap before GC invocations=34 (full 5):
 PSYoungGen      total 465920K, used 379907K [0x00000000d5580000, 0x0000000100000000, 0x0000000100000000)
  eden space 232960K, 100% used [0x00000000d5580000,0x00000000e3900000,0x00000000e3900000)
  from space 232960K, 63% used [0x00000000f1c80000,0x00000000fac00f88,0x0000000100000000)
  to   space 232960K, 0% used [0x00000000e3900000,0x00000000e3900000,0x00000000f1c80000)
 ParOldGen       total 825856K, used 725539K [0x0000000080000000, 0x00000000b2680000, 0x00000000d5580000)
  object space 825856K, 87% used [0x0000000080000000,0x00000000ac488ea8,0x00000000b2680000)
 Metaspace       used 6728K, capacity 7384K, committed 7680K, reserved 1056768K
  class space    used 623K, capacity 656K, committed 768K, reserved 1048576K
Event: 37,036 GC heap after
Heap after GC invocations=34 (full 5):
 PSYoungGen      total 465920K, used 105014K [0x00000000d5580000, 0x0000000100000000, 0x0000000100000000)
  eden space 232960K, 0% used [0x00000000d5580000,0x00000000d5580000,0x00000000e3900000)
  from space 232960K, 45% used [0x00000000e3900000,0x00000000e9f8db28,0x00000000f1c80000)
  to   space 232960K, 0% used [0x00000000f1c80000,0x00000000f1c80000,0x0000000100000000)
 ParOldGen       total 825856K, used 806731K [0x0000000080000000, 0x00000000b2680000, 0x00000000d5580000)
  object space 825856K, 97% used [0x0000000080000000,0x00000000b13d2da8,0x00000000b2680000)
 Metaspace       used 6728K, capacity 7384K, committed 7680K, reserved 1056768K
  class space    used 623K, capacity 656K, committed 768K, reserved 1048576K
}
Event: 37,036 GC heap before
{Heap before GC invocations=35 (full 6):
 PSYoungGen      total 465920K, used 105014K [0x00000000d5580000, 0x0000000100000000, 0x0000000100000000)
  eden space 232960K, 0% used [0x00000000d5580000,0x00000000d5580000,0x00000000e3900000)
  from space 232960K, 45% used [0x00000000e3900000,0x00000000e9f8db28,0x00000000f1c80000)
  to   space 232960K, 0% used [0x00000000f1c80000,0x00000000f1c80000,0x0000000100000000)
 ParOldGen       total 825856K, used 806731K [0x0000000080000000, 0x00000000b2680000, 0x00000000d5580000)
  object space 825856K, 97% used [0x0000000080000000,0x00000000b13d2da8,0x00000000b2680000)
 Metaspace       used 6728K, capacity 7384K, committed 7680K, reserved 1056768K
  class space    used 623K, capacity 656K, committed 768K, reserved 1048576K

Deoptimization events (10 events):
Event: 35,588 Thread 0x00007f507c00a000 Uncommon trap: reason=unstable_if action=reinterpret pc=0x00007f506d7e9ad8 method=com.android.dx.dex.code.OutputFinisher.hasLocalInfo(Lcom/android/dx/rop/code/RegisterSpec;)Z @ 1
Event: 35,589 Thread 0x00007f507c00a000 Uncommon trap: reason=unstable_if action=reinterpret pc=0x00007f506d6677fc method=com.android.dx.dex.code.OutputFinisher.hasLocalInfo(Lcom/android/dx/rop/code/RegisterSpec;)Z @ 1
Event: 35,741 Thread 0x00007f507c1a0800 Uncommon trap: reason=unstable_if action=reinterpret pc=0x00007f506d510e84 method=java.util.HashMap$TreeNode.find(ILjava/lang/Object;Ljava/lang/Class;)Ljava/util/HashMap$TreeNode; @ 102
Event: 36,398 Thread 0x00007f507c1a5800 Uncommon trap: reason=unstable_if action=reinterpret pc=0x00007f506dbb6e8c method=java.util.ArrayList.<init>(I)V @ 5
Event: 36,398 Thread 0x00007f507c1a5800 Uncommon trap: reason=unstable_if action=reinterpret pc=0x00007f506d27885c method=java.util.ArrayList.<init>(I)V @ 5
Event: 36,535 Thread 0x00007f507c1a0800 Uncommon trap: reason=unstable_if action=reinterpret pc=0x00007f506d1459a0 method=com.android.dx.ssa.SsaMethod.makeExitBlock()V @ 103
Event: 36,535 Thread 0x00007f507c1a0800 Uncommon trap: reason=unstable_if action=reinterpret pc=0x00007f506dc577c8 method=com.android.dx.ssa.SsaMethod.getExitBlock()Lcom/android/dx/ssa/SsaBasicBlock; @ 4
Event: 36,535 Thread 0x00007f507c1a0800 Uncommon trap: reason=unstable_if action=reinterpret pc=0x00007f506d2d72d8 method=com.android.dx.ssa.SsaMethod.getExitBlock()Lcom/android/dx/ssa/SsaBasicBlock; @ 4
Event: 36,535 Thread 0x00007f507c1a0800 Uncommon trap: reason=unstable_if action=reinterpret pc=0x00007f506d75086c method=com.android.dx.ssa.SsaMethod.getExitBlock()Lcom/android/dx/ssa/SsaBasicBlock; @ 4
Event: 36,535 Thread 0x00007f507c1a0800 Uncommon trap: reason=unstable_if action=reinterpret pc=0x00007f506d29c798 method=com.android.dx.ssa.SsaMethod.getExitBlock()Lcom/android/dx/ssa/SsaBasicBlock; @ 4

Internal exceptions (10 events):
Event: 2,118 Thread 0x00007f507c1a4000 Exception <a 'java/lang/ArrayIndexOutOfBoundsException': 145> (0x00000000d84258f0) thrown at [/HUDSON/workspace/8-2-build-linux-amd64/jdk8u66/4988/hotspot/src/share/vm/interpreter/interpreterRuntime.cpp, line 366]
Event: 2,119 Thread 0x00007f507c1a4000 Exception <a 'java/lang/ArrayIndexOutOfBoundsException': 40> (0x00000000d8426bd8) thrown at [/HUDSON/workspace/8-2-build-linux-amd64/jdk8u66/4988/hotspot/src/share/vm/interpreter/interpreterRuntime.cpp, line 366]
Event: 5,653 Thread 0x00007f507c1a7800 Implicit null exception at 0x00007f506d655077 to 0x00007f506d6551ed
Event: 9,773 Thread 0x00007f507c1a4000 Implicit null exception at 0x00007f506d42f44c to 0x00007f506d4327e1
Event: 9,774 Thread 0x00007f507c1a4000 Implicit null exception at 0x00007f506d46e807 to 0x00007f506d473349
Event: 31,527 Thread 0x00007f507c1a7800 Implicit null exception at 0x00007f506d63fd68 to 0x00007f506d63ff4b
Event: 33,904 Thread 0x00007f507c1a4000 Implicit null exception at 0x00007f506d573493 to 0x00007f506d57382d
Event: 33,904 Thread 0x00007f507c1a4000 Implicit null exception at 0x00007f506d498c57 to 0x00007f506d498f89
Event: 35,588 Thread 0x00007f507c00a000 Implicit null exception at 0x00007f506d7e86e8 to 0x00007f506d7e9ab9
Event: 35,588 Thread 0x00007f507c00a000 Implicit null exception at 0x00007f506d6676d0 to 0x00007f506d6677e9

Events (10 events):
Event: 36,697 Thread 0x00007f507c00a000 DEOPT UNPACKING pc=0x00007f506d047633 sp=0x00007f508405f360 mode 0
Event: 36,701 Thread 0x00007f507c1a7800 DEOPT PACKING pc=0x00007f506d7882bd sp=0x00007f505ddeec70
Event: 36,701 Thread 0x00007f507c1a7800 DEOPT UNPACKING pc=0x00007f506d047633 sp=0x00007f505ddeea70 mode 0
Event: 36,702 Thread 0x00007f507c1a7800 DEOPT PACKING pc=0x00007f506da0ff37 sp=0x00007f505ddeec90
Event: 36,702 Thread 0x00007f507c1a7800 DEOPT UNPACKING pc=0x00007f506d047633 sp=0x00007f505ddeea60 mode 0
Event: 36,705 Thread 0x00007f507c1a7800 DEOPT PACKING pc=0x00007f506d5aad7c sp=0x00007f505ddeee60
Event: 36,705 Thread 0x00007f507c1a7800 DEOPT UNPACKING pc=0x00007f506d047633 sp=0x00007f505ddeec10 mode 0
Event: 36,708 Thread 0x00007f507c1a5800 DEOPT PACKING pc=0x00007f506d7884a7 sp=0x00007f505deefb90
Event: 36,708 Thread 0x00007f507c1a5800 DEOPT UNPACKING pc=0x00007f506d047633 sp=0x00007f505deef990 mode 0
Event: 36,709 Executing VM operation: ParallelGCFailedAllocation


Dynamic libraries:
00400000-00401000 r-xp 00000000 08:01 4591374                            /usr/lib/jvm/java-8-oracle/bin/java
00600000-00601000 rw-p 00000000 08:01 4591374                            /usr/lib/jvm/java-8-oracle/bin/java
01e7f000-01ea0000 rw-p 00000000 00:00 0                                  [heap]
80000000-b2680000 rw-p 00000000 00:00 0 
c5100000-d5580000 ---p 00000000 00:00 0 
d5580000-100000000 rw-p 00000000 00:00 0 
100000000-1000c0000 rw-p 00000000 00:00 0 
1000c0000-140000000 ---p 00000000 00:00 0 
7f5018000000-7f501804b000 rw-p 00000000 00:00 0 
7f501804b000-7f501c000000 ---p 00000000 00:00 0 
7f501c000000-7f501c021000 rw-p 00000000 00:00 0 
7f501c021000-7f5020000000 ---p 00000000 00:00 0 
7f5020000000-7f5020051000 rw-p 00000000 00:00 0 
7f5020051000-7f5024000000 ---p 00000000 00:00 0 
7f5024000000-7f5024055000 rw-p 00000000 00:00 0 
7f5024055000-7f5028000000 ---p 00000000 00:00 0 
7f5028000000-7f5028025000 rw-p 00000000 00:00 0 
7f5028025000-7f502c000000 ---p 00000000 00:00 0 
7f502c000000-7f502c021000 rw-p 00000000 00:00 0 
7f502c021000-7f5030000000 ---p 00000000 00:00 0 
7f5030000000-7f5030021000 rw-p 00000000 00:00 0 
7f5030021000-7f5034000000 ---p 00000000 00:00 0 
7f5034000000-7f5034021000 rw-p 00000000 00:00 0 
7f5034021000-7f5038000000 ---p 00000000 00:00 0 
7f5038000000-7f5039e45000 rw-p 00000000 00:00 0 
7f5039e45000-7f503c000000 ---p 00000000 00:00 0 
7f503c000000-7f503c983000 rw-p 00000000 00:00 0 
7f503c983000-7f5040000000 ---p 00000000 00:00 0 
7f5040000000-7f5040021000 rw-p 00000000 00:00 0 
7f5040021000-7f5044000000 ---p 00000000 00:00 0 
7f5044000000-7f5045875000 rw-p 00000000 00:00 0 
7f5045875000-7f5048000000 ---p 00000000 00:00 0 
7f5048000000-7f5048021000 rw-p 00000000 00:00 0 
7f5048021000-7f504c000000 ---p 00000000 00:00 0 
7f504c000000-7f504c021000 rw-p 00000000 00:00 0 
7f504c021000-7f5050000000 ---p 00000000 00:00 0 
7f5050000000-7f5050021000 rw-p 00000000 00:00 0 
7f5050021000-7f5054000000 ---p 00000000 00:00 0 
7f5054000000-7f505428f000 rw-p 00000000 00:00 0 
7f505428f000-7f5058000000 ---p 00000000 00:00 0 
7f5058000000-7f5058021000 rw-p 00000000 00:00 0 
7f5058021000-7f505c000000 ---p 00000000 00:00 0 
7f505dbef000-7f505dbf2000 ---p 00000000 00:00 0 
7f505dbf2000-7f505dcf0000 rw-p 00000000 00:00 0                          [stack:9163]
7f505dcf0000-7f505dcf3000 ---p 00000000 00:00 0 
7f505dcf3000-7f505ddf1000 rw-p 00000000 00:00 0                          [stack:9157]
7f505ddf1000-7f505ddf4000 ---p 00000000 00:00 0 
7f505ddf4000-7f505def2000 rw-p 00000000 00:00 0                          [stack:9156]
7f505def2000-7f505def5000 ---p 00000000 00:00 0 
7f505def5000-7f505dff3000 rw-p 00000000 00:00 0                          [stack:9155]
7f505dff3000-7f505dff6000 ---p 00000000 00:00 0 
7f505dff6000-7f505e0f4000 rw-p 00000000 00:00 0                          [stack:9154]
7f505e0f4000-7f505e0f7000 ---p 00000000 00:00 0 
7f505e0f7000-7f505e1f5000 rw-p 00000000 00:00 0                          [stack:9153]
7f505e1f5000-7f505e2d8000 r--s 00bb0000 08:01 7346384                    /home/tomasz/AndroidStudioProjects/ITAssistant/app/build/intermediates/transforms/jarMerging/debug/jars/1/1f/combined.jar
7f505e2d8000-7f505e2d9000 ---p 00000000 00:00 0 
7f505e2d9000-7f505e3d9000 rw-p 00000000 00:00 0                          [stack:9152]
7f505e3d9000-7f505e3dc000 ---p 00000000 00:00 0 
7f505e3dc000-7f505e4da000 rw-p 00000000 00:00 0                          [stack:9151]
7f505e4da000-7f505e4dd000 ---p 00000000 00:00 0 
7f505e4dd000-7f505e5db000 rw-p 00000000 00:00 0                          [stack:9150]
7f505e5db000-7f505e5de000 ---p 00000000 00:00 0 
7f505e5de000-7f505e6dc000 rw-p 00000000 00:00 0                          [stack:9149]
7f505e6dc000-7f505e6df000 ---p 00000000 00:00 0 
7f505e6df000-7f505e7dd000 rw-p 00000000 00:00 0                          [stack:9148]
7f505e7dd000-7f505e7e0000 ---p 00000000 00:00 0 
7f505e7e0000-7f505e8de000 rw-p 00000000 00:00 0                          [stack:9147]
7f505e8de000-7f505f0f1000 r--p 00000000 08:01 1579663                    /usr/lib/locale/locale-archive
7f505f0f1000-7f505f0f4000 ---p 00000000 00:00 0 
7f505f0f4000-7f505f1f2000 rw-p 00000000 00:00 0                          [stack:9146]
7f505f1f2000-7f505f1f5000 ---p 00000000 00:00 0 
7f505f1f5000-7f505f2f3000 rw-p 00000000 00:00 0                          [stack:9145]
7f505f2f3000-7f505f2f4000 ---p 00000000 00:00 0 
7f505f2f4000-7f5060000000 rw-p 00000000 00:00 0                          [stack:9144]
7f5060000000-7f5060021000 rw-p 00000000 00:00 0 
7f5060021000-7f5064000000 ---p 00000000 00:00 0 
7f5064000000-7f5068000000 rw-p 00000000 00:00 0 
7f5068000000-7f5068021000 rw-p 00000000 00:00 0 
7f5068021000-7f506c000000 ---p 00000000 00:00 0 
7f506c026000-7f506c04b000 r--p 00000000 08:01 2361987                    /usr/share/locale-langpack/pl/LC_MESSAGES/libc.mo
7f506c04b000-7f506cac0000 rw-p 00000000 00:00 0 
7f506cac0000-7f506cc00000 ---p 00000000 00:00 0 
7f506cc00000-7f506d000000 rw-p 00000000 00:00 0 
7f506d000000-7f506dcc0000 rwxp 00000000 00:00 0 
7f506dcc0000-7f507c000000 ---p 00000000 00:00 0 
7f507c000000-7f507c3d6000 rw-p 00000000 00:00 0 
7f507c3d6000-7f5080000000 ---p 00000000 00:00 0 
7f508000c000-7f508002d000 rw-p 00000000 00:00 0 
7f508002d000-7f5080206000 r--s 03d20000 08:01 4069182                    /usr/lib/jvm/java-8-oracle/jre/lib/rt.jar
7f5080206000-7f508027c000 rw-p 00000000 00:00 0 
7f508027c000-7f508027d000 ---p 00000000 00:00 0 
7f508027d000-7f508037d000 rw-p 00000000 00:00 0                          [stack:9143]
7f508037d000-7f508037e000 ---p 00000000 00:00 0 
7f508037e000-7f508047e000 rw-p 00000000 00:00 0                          [stack:9142]
7f508047e000-7f508047f000 ---p 00000000 00:00 0 
7f508047f000-7f508057f000 rw-p 00000000 00:00 0                          [stack:9141]
7f508057f000-7f5080580000 ---p 00000000 00:00 0 
7f5080580000-7f5080814000 rw-p 00000000 00:00 0                          [stack:9140]
7f5080814000-7f508092b000 ---p 00000000 00:00 0 
7f508092b000-7f5080abf000 rw-p 00000000 00:00 0 
7f5080abf000-7f5080bd5000 ---p 00000000 00:00 0 
7f5080bd5000-7f5080d2b000 rw-p 00000000 00:00 0 
7f5080d2b000-7f5080d5f000 rw-p 00000000 00:00 0 
7f5080d5f000-7f50810ec000 ---p 00000000 00:00 0 
7f50810ec000-7f5081106000 r-xp 00000000 08:01 4069168                    /usr/lib/jvm/java-8-oracle/jre/lib/amd64/libzip.so
7f5081106000-7f5081306000 ---p 0001a000 08:01 4069168                    /usr/lib/jvm/java-8-oracle/jre/lib/amd64/libzip.so
7f5081306000-7f5081307000 rw-p 0001a000 08:01 4069168                    /usr/lib/jvm/java-8-oracle/jre/lib/amd64/libzip.so
7f5081307000-7f5081312000 r-xp 00000000 08:01 5771445                    /lib/x86_64-linux-gnu/libnss_files-2.19.so
7f5081312000-7f5081511000 ---p 0000b000 08:01 5771445                    /lib/x86_64-linux-gnu/libnss_files-2.19.so
7f5081511000-7f5081512000 r--p 0000a000 08:01 5771445                    /lib/x86_64-linux-gnu/libnss_files-2.19.so
7f5081512000-7f5081513000 rw-p 0000b000 08:01 5771445                    /lib/x86_64-linux-gnu/libnss_files-2.19.so
7f5081513000-7f508151e000 r-xp 00000000 08:01 5771455                    /lib/x86_64-linux-gnu/libnss_nis-2.19.so
7f508151e000-7f508171d000 ---p 0000b000 08:01 5771455                    /lib/x86_64-linux-gnu/libnss_nis-2.19.so
7f508171d000-7f508171e000 r--p 0000a000 08:01 5771455                    /lib/x86_64-linux-gnu/libnss_nis-2.19.so
7f508171e000-7f508171f000 rw-p 0000b000 08:01 5771455                    /lib/x86_64-linux-gnu/libnss_nis-2.19.so
7f508171f000-7f5081736000 r-xp 00000000 08:01 5771439                    /lib/x86_64-linux-gnu/libnsl-2.19.so
7f5081736000-7f5081935000 ---p 00017000 08:01 5771439                    /lib/x86_64-linux-gnu/libnsl-2.19.so
7f5081935000-7f5081936000 r--p 00016000 08:01 5771439                    /lib/x86_64-linux-gnu/libnsl-2.19.so
7f5081936000-7f5081937000 rw-p 00017000 08:01 5771439                    /lib/x86_64-linux-gnu/libnsl-2.19.so
7f5081937000-7f5081939000 rw-p 00000000 00:00 0 
7f5081939000-7f5081942000 r-xp 00000000 08:01 5771441                    /lib/x86_64-linux-gnu/libnss_compat-2.19.so
7f5081942000-7f5081b41000 ---p 00009000 08:01 5771441                    /lib/x86_64-linux-gnu/libnss_compat-2.19.so
7f5081b41000-7f5081b42000 r--p 00008000 08:01 5771441                    /lib/x86_64-linux-gnu/libnss_compat-2.19.so
7f5081b42000-7f5081b43000 rw-p 00009000 08:01 5771441                    /lib/x86_64-linux-gnu/libnss_compat-2.19.so
7f5081b43000-7f5081b6d000 r-xp 00000000 08:01 4069157                    /usr/lib/jvm/java-8-oracle/jre/lib/amd64/libjava.so
7f5081b6d000-7f5081d6d000 ---p 0002a000 08:01 4069157                    /usr/lib/jvm/java-8-oracle/jre/lib/amd64/libjava.so
7f5081d6d000-7f5081d6f000 rw-p 0002a000 08:01 4069157                    /usr/lib/jvm/java-8-oracle/jre/lib/amd64/libjava.so
7f5081d6f000-7f5081d7c000 r-xp 00000000 08:01 4069118                    /usr/lib/jvm/java-8-oracle/jre/lib/amd64/libverify.so
7f5081d7c000-7f5081f7c000 ---p 0000d000 08:01 4069118                    /usr/lib/jvm/java-8-oracle/jre/lib/amd64/libverify.so
7f5081f7c000-7f5081f7e000 rw-p 0000d000 08:01 4069118                    /usr/lib/jvm/java-8-oracle/jre/lib/amd64/libverify.so
7f5081f7e000-7f5081f85000 r-xp 00000000 08:01 5771498                    /lib/x86_64-linux-gnu/librt-2.19.so
7f5081f85000-7f5082184000 ---p 00007000 08:01 5771498                    /lib/x86_64-linux-gnu/librt-2.19.so
7f5082184000-7f5082185000 r--p 00006000 08:01 5771498                    /lib/x86_64-linux-gnu/librt-2.19.so
7f5082185000-7f5082186000 rw-p 00007000 08:01 5771498                    /lib/x86_64-linux-gnu/librt-2.19.so
7f5082186000-7f508228b000 r-xp 00000000 08:01 5771420                    /lib/x86_64-linux-gnu/libm-2.19.so
7f508228b000-7f508248a000 ---p 00105000 08:01 5771420                    /lib/x86_64-linux-gnu/libm-2.19.so
7f508248a000-7f508248b000 r--p 00104000 08:01 5771420                    /lib/x86_64-linux-gnu/libm-2.19.so
7f508248b000-7f508248c000 rw-p 00105000 08:01 5771420                    /lib/x86_64-linux-gnu/libm-2.19.so
7f508248c000-7f508314a000 r-xp 00000000 08:01 4069167                    /usr/lib/jvm/java-8-oracle/jre/lib/amd64/server/libjvm.so
7f508314a000-7f5083349000 ---p 00cbe000 08:01 4069167                    /usr/lib/jvm/java-8-oracle/jre/lib/amd64/server/libjvm.so
7f5083349000-7f5083422000 rw-p 00cbd000 08:01 4069167                    /usr/lib/jvm/java-8-oracle/jre/lib/amd64/server/libjvm.so
7f5083422000-7f5083466000 rw-p 00000000 00:00 0 
7f5083466000-7f5083621000 r-xp 00000000 08:01 5771370                    /lib/x86_64-linux-gnu/libc-2.19.so
7f5083621000-7f5083820000 ---p 001bb000 08:01 5771370                    /lib/x86_64-linux-gnu/libc-2.19.so
7f5083820000-7f5083824000 r--p 001ba000 08:01 5771370                    /lib/x86_64-linux-gnu/libc-2.19.so
7f5083824000-7f5083826000 rw-p 001be000 08:01 5771370                    /lib/x86_64-linux-gnu/libc-2.19.so
7f5083826000-7f508382b000 rw-p 00000000 00:00 0 
7f508382b000-7f508382e000 r-xp 00000000 08:01 5771387                    /lib/x86_64-linux-gnu/libdl-2.19.so
7f508382e000-7f5083a2d000 ---p 00003000 08:01 5771387                    /lib/x86_64-linux-gnu/libdl-2.19.so
7f5083a2d000-7f5083a2e000 r--p 00002000 08:01 5771387                    /lib/x86_64-linux-gnu/libdl-2.19.so
7f5083a2e000-7f5083a2f000 rw-p 00003000 08:01 5771387                    /lib/x86_64-linux-gnu/libdl-2.19.so
7f5083a2f000-7f5083a44000 r-xp 00000000 08:01 4727160                    /usr/lib/jvm/java-8-oracle/lib/amd64/jli/libjli.so
7f5083a44000-7f5083c44000 ---p 00015000 08:01 4727160                    /usr/lib/jvm/java-8-oracle/lib/amd64/jli/libjli.so
7f5083c44000-7f5083c45000 rw-p 00015000 08:01 4727160                    /usr/lib/jvm/java-8-oracle/lib/amd64/jli/libjli.so
7f5083c45000-7f5083c5e000 r-xp 00000000 08:01 5771490                    /lib/x86_64-linux-gnu/libpthread-2.19.so
7f5083c5e000-7f5083e5d000 ---p 00019000 08:01 5771490                    /lib/x86_64-linux-gnu/libpthread-2.19.so
7f5083e5d000-7f5083e5e000 r--p 00018000 08:01 5771490                    /lib/x86_64-linux-gnu/libpthread-2.19.so
7f5083e5e000-7f5083e5f000 rw-p 00019000 08:01 5771490                    /lib/x86_64-linux-gnu/libpthread-2.19.so
7f5083e5f000-7f5083e63000 rw-p 00000000 00:00 0 
7f5083e63000-7f5083e86000 r-xp 00000000 08:01 5771346                    /lib/x86_64-linux-gnu/ld-2.19.so
7f5083e8e000-7f5083e95000 r--s 00000000 08:01 1967077                    /usr/lib/x86_64-linux-gnu/gconv/gconv-modules.cache
7f5083e95000-7f5083f61000 rw-p 00000000 00:00 0 
7f5083f61000-7f5083f64000 ---p 00000000 00:00 0 
7f5083f64000-7f5084066000 rw-p 00000000 00:00 0                          [stack:9138]
7f5084069000-7f508406a000 rw-p 00000000 00:00 0 
7f508406a000-7f5084079000 r--s 000df000 08:01 10635452                   /home/tomasz/Android/Sdk/build-tools/23.0.2/lib/dx.jar
7f5084079000-7f5084081000 rw-s 00000000 08:01 6035566                    /tmp/hsperfdata_tomasz/9135
7f5084081000-7f5084082000 rw-p 00000000 00:00 0 
7f5084082000-7f5084083000 ---p 00000000 00:00 0 
7f5084083000-7f5084085000 rw-p 00000000 00:00 0 
7f5084085000-7f5084086000 r--p 00022000 08:01 5771346                    /lib/x86_64-linux-gnu/ld-2.19.so
7f5084086000-7f5084087000 rw-p 00023000 08:01 5771346                    /lib/x86_64-linux-gnu/ld-2.19.so
7f5084087000-7f5084088000 rw-p 00000000 00:00 0 
7ffe7dc99000-7ffe7dcba000 rw-p 00000000 00:00 0                          [stack]
7ffe7ddba000-7ffe7ddbc000 r--p 00000000 00:00 0                          [vvar]
7ffe7ddbc000-7ffe7ddbe000 r-xp 00000000 00:00 0                          [vdso]
ffffffffff600000-ffffffffff601000 r-xp 00000000 00:00 0                  [vsyscall]

VM Arguments:
jvm_args: -Djava.awt.headless=true -Xmx2g -Dfile.encoding=UTF-8 -Duser.country=PL -Duser.language=pl -Duser.variant 
java_command: com.android.dx.command.Main --dex --num-threads=4 --multi-dex --main-dex-list /home/tomasz/AndroidStudioProjects/ITAssistant/app/build/intermediates/multi-dex/debug/maindexlist.txt --output /home/tomasz/AndroidStudioProjects/ITAssistant/app/build/intermediates/transforms/dex/debug/folders/1000/1f/main /home/tomasz/AndroidStudioProjects/ITAssistant/app/build/intermediates/transforms/jarMerging/debug/jars/1/1f/combined.jar
java_class_path (initial): /home/tomasz/Android/Sdk/build-tools/23.0.2/lib/dx.jar
Launcher Type: SUN_STANDARD

Environment Variables:
PATH=/usr/local/sbin:/usr/local/bin:/usr/sbin:/usr/bin:/sbin:/bin:/usr/games:/usr/local/games
LD_LIBRARY_PATH=.:
SHELL=/bin/bash
DISPLAY=:0

Signal Handlers:
SIGSEGV: [libjvm.so+0xaba2a0], sa_mask[0]=11111111011111111101111111111110, sa_flags=SA_RESTART|SA_SIGINFO
SIGBUS: [libjvm.so+0xaba2a0], sa_mask[0]=11111111011111111101111111111110, sa_flags=SA_RESTART|SA_SIGINFO
SIGFPE: [libjvm.so+0x917710], sa_mask[0]=11111111011111111101111111111110, sa_flags=SA_RESTART|SA_SIGINFO
SIGPIPE: [libjvm.so+0x917710], sa_mask[0]=11111111011111111101111111111110, sa_flags=SA_RESTART|SA_SIGINFO
SIGXFSZ: [libjvm.so+0x917710], sa_mask[0]=11111111011111111101111111111110, sa_flags=SA_RESTART|SA_SIGINFO
SIGILL: [libjvm.so+0x917710], sa_mask[0]=11111111011111111101111111111110, sa_flags=SA_RESTART|SA_SIGINFO
SIGUSR1: SIG_DFL, sa_mask[0]=00000000000000000000000000000000, sa_flags=none
SIGUSR2: [libjvm.so+0x918d40], sa_mask[0]=00100000000000000000000000000000, sa_flags=SA_RESTART|SA_SIGINFO
SIGHUP: [libjvm.so+0x91a140], sa_mask[0]=11111111011111111101111111111110, sa_flags=SA_RESTART|SA_SIGINFO
SIGINT: [libjvm.so+0x91a140], sa_mask[0]=11111111011111111101111111111110, sa_flags=SA_RESTART|SA_SIGINFO
SIGTERM: [libjvm.so+0x91a140], sa_mask[0]=11111111011111111101111111111110, sa_flags=SA_RESTART|SA_SIGINFO
SIGQUIT: [libjvm.so+0x91a140], sa_mask[0]=11111111011111111101111111111110, sa_flags=SA_RESTART|SA_SIGINFO


---------------  S Y S T E M  ---------------

OS:DISTRIB_ID=Ubuntu
DISTRIB_RELEASE=14.04
DISTRIB_CODENAME=trusty
DISTRIB_DESCRIPTION="Ubuntu 14.04.3 LTS"

uname:Linux 3.19.0-33-generic #38~14.04.1-Ubuntu SMP Fri Nov 6 18:17:28 UTC 2015 x86_64
libc:glibc 2.19 NPTL 2.19 
rlimit: STACK 8192k, CORE 0k, NPROC 23202, NOFILE 4096, AS infinity
load average:3,62 1,63 1,40

/proc/meminfo:
MemTotal:        5961336 kB
MemFree:          129536 kB
MemAvailable:     184864 kB
Buffers:            9644 kB
Cached:           537368 kB
SwapCached:            0 kB
Active:          5219536 kB
Inactive:         423164 kB
Active(anon):    5116456 kB
Inactive(anon):   325128 kB
Active(file):     103080 kB
Inactive(file):    98036 kB
Unevictable:         880 kB
Mlocked:             880 kB
SwapTotal:             0 kB
SwapFree:              0 kB
Dirty:                76 kB
Writeback:             0 kB
AnonPages:       5096828 kB
Mapped:           258264 kB
Shmem:            345684 kB
Slab:              82576 kB
SReclaimable:      46280 kB
SUnreclaim:        36296 kB
KernelStack:       10880 kB
PageTables:        49044 kB
NFS_Unstable:          0 kB
Bounce:                0 kB
WritebackTmp:          0 kB
CommitLimit:     2980668 kB
Committed_AS:    9839488 kB
VmallocTotal:   34359738367 kB
VmallocUsed:      551972 kB
VmallocChunk:   34359168476 kB
HardwareCorrupted:     0 kB
AnonHugePages:   2949120 kB
CmaTotal:              0 kB
CmaFree:               0 kB
HugePages_Total:       0
HugePages_Free:        0
HugePages_Rsvd:        0
HugePages_Surp:        0
Hugepagesize:       2048 kB
DirectMap4k:      145664 kB
DirectMap2M:     5994496 kB


CPU:total 4 (2 cores per cpu, 2 threads per core) family 6 model 42 stepping 7, cmov, cx8, fxsr, mmx, sse, sse2, sse3, ssse3, sse4.1, sse4.2, popcnt, avx, aes, clmul, ht, tsc, tscinvbit

/proc/cpuinfo:
processor	: 0
vendor_id	: GenuineIntel
cpu family	: 6
model		: 42
model name	: Intel(R) Core(TM) i5-2450M CPU @ 2.50GHz
stepping	: 7
microcode	: 0x25
cpu MHz		: 2900.000
cache size	: 3072 KB
physical id	: 0
siblings	: 4
core id		: 0
cpu cores	: 2
apicid		: 0
initial apicid	: 0
fpu		: yes
fpu_exception	: yes
cpuid level	: 13
wp		: yes
flags		: fpu vme de pse tsc msr pae mce cx8 apic sep mtrr pge mca cmov pat pse36 clflush dts acpi mmx fxsr sse sse2 ss ht tm pbe syscall nx rdtscp lm constant_tsc arch_perfmon pebs bts rep_good nopl xtopology nonstop_tsc aperfmperf eagerfpu pni pclmulqdq dtes64 monitor ds_cpl vmx est tm2 ssse3 cx16 xtpr pdcm pcid sse4_1 sse4_2 x2apic popcnt tsc_deadline_timer aes xsave avx lahf_lm ida arat epb pln pts dtherm tpr_shadow vnmi flexpriority ept vpid xsaveopt
bugs		:
bogomips	: 4988.85
clflush size	: 64
cache_alignment	: 64
address sizes	: 36 bits physical, 48 bits virtual
power management:

processor	: 1
vendor_id	: GenuineIntel
cpu family	: 6
model		: 42
model name	: Intel(R) Core(TM) i5-2450M CPU @ 2.50GHz
stepping	: 7
microcode	: 0x25
cpu MHz		: 2899.902
cache size	: 3072 KB
physical id	: 0
siblings	: 4
core id		: 0
cpu cores	: 2
apicid		: 1
initial apicid	: 1
fpu		: yes
fpu_exception	: yes
cpuid level	: 13
wp		: yes
flags		: fpu vme de pse tsc msr pae mce cx8 apic sep mtrr pge mca cmov pat pse36 clflush dts acpi mmx fxsr sse sse2 ss ht tm pbe syscall nx rdtscp lm constant_tsc arch_perfmon pebs bts rep_good nopl xtopology nonstop_tsc aperfmperf eagerfpu pni pclmulqdq dtes64 monitor ds_cpl vmx est tm2 ssse3 cx16 xtpr pdcm pcid sse4_1 sse4_2 x2apic popcnt tsc_deadline_timer aes xsave avx lahf_lm ida arat epb pln pts dtherm tpr_shadow vnmi flexpriority ept vpid xsaveopt
bugs		:
bogomips	: 4988.85
clflush size	: 64
cache_alignment	: 64
address sizes	: 36 bits physical, 48 bits virtual
power management:

processor	: 2
vendor_id	: GenuineIntel
cpu family	: 6
model		: 42
model name	: Intel(R) Core(TM) i5-2450M CPU @ 2.50GHz
stepping	: 7
microcode	: 0x25
cpu MHz		: 2912.500
cache size	: 3072 KB
physical id	: 0
siblings	: 4
core id		: 1
cpu cores	: 2
apicid		: 2
initial apicid	: 2
fpu		: yes
fpu_exception	: yes
cpuid level	: 13
wp		: yes
flags		: fpu vme de pse tsc msr pae mce cx8 apic sep mtrr pge mca cmov pat pse36 clflush dts acpi mmx fxsr sse sse2 ss ht tm pbe syscall nx rdtscp lm constant_tsc arch_perfmon pebs bts rep_good nopl xtopology nonstop_tsc aperfmperf eagerfpu pni pclmulqdq dtes64 monitor ds_cpl vmx est tm2 ssse3 cx16 xtpr pdcm pcid sse4_1 sse4_2 x2apic popcnt tsc_deadline_timer aes xsave avx lahf_lm ida arat epb pln pts dtherm tpr_shadow vnmi flexpriority ept vpid xsaveopt
bugs		:
bogomips	: 4988.85
clflush size	: 64
cache_alignment	: 64
address sizes	: 36 bits physical, 48 bits virtual
power management:

processor	: 3
vendor_id	: GenuineIntel
cpu family	: 6
model		: 42
model name	: Intel(R) Core(TM) i5-2450M CPU @ 2.50GHz
stepping	: 7
microcode	: 0x25
cpu MHz		: 3000.585
cache size	: 3072 KB
physical id	: 0
siblings	: 4
core id		: 1
cpu cores	: 2
apicid		: 3
initial apicid	: 3
fpu		: yes
fpu_exception	: yes
cpuid level	: 13
wp		: yes
flags		: fpu vme de pse tsc msr pae mce cx8 apic sep mtrr pge mca cmov pat pse36 clflush dts acpi mmx fxsr sse sse2 ss ht tm pbe syscall nx rdtscp lm constant_tsc arch_perfmon pebs bts rep_good nopl xtopology nonstop_tsc aperfmperf eagerfpu pni pclmulqdq dtes64 monitor ds_cpl vmx est tm2 ssse3 cx16 xtpr pdcm pcid sse4_1 sse4_2 x2apic popcnt tsc_deadline_timer aes xsave avx lahf_lm ida arat epb pln pts dtherm tpr_shadow vnmi flexpriority ept vpid xsaveopt
bugs		:
bogomips	: 4988.85
clflush size	: 64
cache_alignment	: 64
address sizes	: 36 bits physical, 48 bits virtual
power management:



Memory: 4k page, physical 5961336k(129536k free), swap 0k(0k free)

vm_info: Java HotSpot(TM) 64-Bit Server VM (25.66-b17) for linux-amd64 JRE (1.8.0_66-b17), built on Oct  6 2015 17:28:34 by "java_re" with gcc 4.3.0 20080428 (Red Hat 4.3.0-8)

time: Thu Nov 26 21:27:53 2015
elapsed time: 42 seconds (0d 0h 0m 42s)

