#
# There is insufficient memory for the Java Runtime Environment to continue.
# Native memory allocation (mmap) failed to map 212336640 bytes for committing reserved memory.
# Possible reasons:
#   The system is out of physical RAM or swap space
#   In 32 bit mode, the process size limit was hit
# Possible solutions:
#   Reduce memory load on the system
#   Increase physical memory or swap space
#   Check if swap backing store is full
#   Use 64 bit Java on a 64 bit OS
#   Decrease Java heap size (-Xmx/-Xms)
#   Decrease number of Java threads
#   Decrease Java thread stack sizes (-Xss)
#   Set larger code cache with -XX:ReservedCodeCacheSize=
# This output file may be truncated or incomplete.
#
#  Out of Memory Error (os_linux.cpp:2627), pid=6997, tid=140226249869056
#
# JRE version: Java(TM) SE Runtime Environment (8.0_66-b17) (build 1.8.0_66-b17)
# Java VM: Java HotSpot(TM) 64-Bit Server VM (25.66-b17 mixed mode linux-amd64 compressed oops)
# Failed to write core dump. Core dumps have been disabled. To enable core dumping, try "ulimit -c unlimited" before starting Java again
#

---------------  T H R E A D  ---------------

Current thread (0x00007f891c078000):  VMThread [stack: 0x00007f88f7bfc000,0x00007f88f7cfd000] [id=7007]

Stack: [0x00007f88f7bfc000,0x00007f88f7cfd000],  sp=0x00007f88f7cfb2e0,  free space=1020k
Native frames: (J=compiled Java code, j=interpreted, Vv=VM code, C=native code)
V  [libjvm.so+0xab9a1a]  VMError::report_and_die()+0x2ba
V  [libjvm.so+0x4f9e0b]  report_vm_out_of_memory(char const*, int, unsigned long, VMErrorType, char const*)+0x8b
V  [libjvm.so+0x91a8a3]  os::Linux::commit_memory_impl(char*, unsigned long, bool)+0x103
V  [libjvm.so+0x91adf9]  os::pd_commit_memory(char*, unsigned long, unsigned long, bool)+0x29
V  [libjvm.so+0x91510a]  os::commit_memory(char*, unsigned long, unsigned long, bool)+0x2a
V  [libjvm.so+0x9887a3]  PSVirtualSpace::expand_by(unsigned long)+0x53
V  [libjvm.so+0x979090]  PSOldGen::expand(unsigned long)+0x170
V  [libjvm.so+0x97929b]  PSOldGen::resize(unsigned long)+0x1cb
V  [libjvm.so+0x980f71]  PSParallelCompact::invoke_no_policy(bool)+0x991
V  [libjvm.so+0x9868cd]  PSScavenge::invoke()+0x1ad
V  [libjvm.so+0x93e500]  ParallelScavengeHeap::failed_mem_allocate(unsigned long)+0x70
V  [libjvm.so+0xabb437]  VM_ParallelGCFailedAllocation::doit()+0x97
V  [libjvm.so+0xac2e65]  VM_Operation::evaluate()+0x55
V  [libjvm.so+0xac123a]  VMThread::evaluate_operation(VM_Operation*)+0xba
V  [libjvm.so+0xac15be]  VMThread::loop()+0x1ce
V  [libjvm.so+0xac1a30]  VMThread::run()+0x70
V  [libjvm.so+0x91cc68]  java_start(Thread*)+0x108

VM_Operation (0x00007f88f69dce30): ParallelGCFailedAllocation, mode: safepoint, requested by thread 0x00007f891c1a8000


---------------  P R O C E S S  ---------------

Java Threads: ( => current thread )
  0x00007f891c1ab800 JavaThread "pool-2-thread-4" [_thread_blocked, id=7020, stack(0x00007f88f66dc000,0x00007f88f67dd000)]
  0x00007f891c1a9800 JavaThread "pool-2-thread-3" [_thread_blocked, id=7019, stack(0x00007f88f67dd000,0x00007f88f68de000)]
  0x00007f891c1a8000 JavaThread "pool-2-thread-2" [_thread_blocked, id=7018, stack(0x00007f88f68de000,0x00007f88f69df000)]
  0x00007f891c1a7000 JavaThread "pool-3-thread-1" [_thread_blocked, id=7017, stack(0x00007f88f69df000,0x00007f88f6ae0000)]
  0x00007f891c1a4800 JavaThread "pool-2-thread-1" [_thread_blocked, id=7016, stack(0x00007f88f6ae0000,0x00007f88f6be1000)]
  0x00007f891c0ca800 JavaThread "Service Thread" daemon [_thread_blocked, id=7014, stack(0x00007f88f6ce2000,0x00007f88f6de3000)]
  0x00007f891c0bd800 JavaThread "C1 CompilerThread2" daemon [_thread_blocked, id=7013, stack(0x00007f88f6de3000,0x00007f88f6ee4000)]
  0x00007f891c0bb800 JavaThread "C2 CompilerThread1" daemon [_thread_in_native, id=7012, stack(0x00007f88f6ee4000,0x00007f88f6fe5000)]
  0x00007f891c0b8800 JavaThread "C2 CompilerThread0" daemon [_thread_blocked, id=7011, stack(0x00007f88f6fe5000,0x00007f88f70e6000)]
  0x00007f891c0b7800 JavaThread "Signal Dispatcher" daemon [_thread_blocked, id=7010, stack(0x00007f88f70e6000,0x00007f88f71e7000)]
  0x00007f891c07f000 JavaThread "Finalizer" daemon [_thread_blocked, id=7009, stack(0x00007f88f79fa000,0x00007f88f7afb000)]
  0x00007f891c07d000 JavaThread "Reference Handler" daemon [_thread_blocked, id=7008, stack(0x00007f88f7afb000,0x00007f88f7bfc000)]
  0x00007f891c00a000 JavaThread "main" [_thread_blocked, id=7002, stack(0x00007f8924904000,0x00007f8924a05000)]

Other Threads:
=>0x00007f891c078000 VMThread [stack: 0x00007f88f7bfc000,0x00007f88f7cfd000] [id=7007]
  0x00007f891c0cd800 WatcherThread [stack: 0x00007f88f6be1000,0x00007f88f6ce2000] [id=7015]

VM state:at safepoint (normal execution)

VM Mutex/Monitor currently owned by a thread:  ([mutex/lock_event])
[0x00007f891c005ef0] ExpandHeap_lock - owner thread: 0x00007f891c078000
[0x00007f891c006570] Threads_lock - owner thread: 0x00007f891c078000
[0x00007f891c006a70] Heap_lock - owner thread: 0x00007f891c1a8000

Heap:
 PSYoungGen      total 437760K, used 53949K [0x00000000d5580000, 0x0000000100000000, 0x0000000100000000)
  eden space 320000K, 0% used [0x00000000d5580000,0x00000000d5580000,0x00000000e8e00000)
  from space 117760K, 45% used [0x00000000f8d00000,0x00000000fc1af4a0,0x0000000100000000)
  to   space 189440K, 0% used [0x00000000e8e00000,0x00000000e8e00000,0x00000000f4700000)
 ParOldGen       total 379392K, used 379008K [0x0000000080000000, 0x0000000097280000, 0x00000000d5580000)
  object space 379392K, 99% used [0x0000000080000000,0x00000000972203a8,0x0000000097280000)
 Metaspace       used 6600K, capacity 7320K, committed 7680K, reserved 1056768K
  class space    used 617K, capacity 656K, committed 768K, reserved 1048576K

Card table byte_map: [0x00007f89212d0000,0x00007f89216d1000] byte_map_base: 0x00007f8920ed0000

Marking Bits: (ParMarkBitMap*) 0x00007f8923de0020
 Begin Bits: [0x00007f8904000000, 0x00007f8906000000)
 End Bits:   [0x00007f8906000000, 0x00007f8908000000)

Polling page: 0x00007f8924a27000

CodeCache: size=245760Kb used=9813Kb max_used=12253Kb free=235946Kb
 bounds [0x00007f890d000000, 0x00007f890dc30000, 0x00007f891c000000]
 total_blobs=2426 nmethods=2157 adapters=182
 compilation: enabled

Compilation events (10 events):
Event: 13,873 Thread 0x00007f891c0bd800 2821   !   2       java.util.EnumSet::clone (18 bytes)
Event: 13,873 Thread 0x00007f891c0bd800 nmethod 2821 0x00007f890d311d50 code [0x00007f890d311ee0, 0x00007f890d312158]
Event: 14,019 Thread 0x00007f891c0b8800 nmethod 2661 0x00007f890dc0f090 code [0x00007f890dc0f740, 0x00007f890dc17730]
Event: 14,019 Thread 0x00007f891c0b8800 2822   !   4       com.android.dx.cf.code.RopperMachine::run (1550 bytes)
Event: 14,029 Thread 0x00007f891c0bd800 2823 %     3       com.android.dx.ssa.back.FirstFitLocalCombiningAllocator$Multiset::getAndRemoveHighestCount @ 9 (63 bytes)
Event: 14,030 Thread 0x00007f891c0bd800 nmethod 2823% 0x00007f890d13c950 code [0x00007f890d13cae0, 0x00007f890d13ce10]
Event: 14,030 Thread 0x00007f891c0bd800 2825       3       com.android.dx.ssa.back.FirstFitLocalCombiningAllocator$Multiset::getAndRemoveHighestCount (63 bytes)
Event: 14,030 Thread 0x00007f891c0bd800 nmethod 2825 0x00007f890d1cdd50 code [0x00007f890d1cdee0, 0x00007f890d1ce1b0]
Event: 14,119 Thread 0x00007f891c0bd800 2827       2       java.util.HashMap$TreeNode::rotateLeft (91 bytes)
Event: 14,119 Thread 0x00007f891c0bd800 nmethod 2827 0x00007f890d1ba010 code [0x00007f890d1ba180, 0x00007f890d1ba3d0]

GC Heap History (10 events):
Event: 8,963 GC heap after
Heap after GC invocations=13 (full 2):
 PSYoungGen      total 521728K, used 71542K [0x00000000d5580000, 0x0000000100000000, 0x0000000100000000)
  eden space 424960K, 0% used [0x00000000d5580000,0x00000000d5580000,0x00000000ef480000)
  from space 96768K, 73% used [0x00000000ef480000,0x00000000f3a5dac8,0x00000000f5300000)
  to   space 104960K, 0% used [0x00000000f9980000,0x00000000f9980000,0x0000000100000000)
 ParOldGen       total 225792K, used 213330K [0x0000000080000000, 0x000000008dc80000, 0x00000000d5580000)
  object space 225792K, 94% used [0x0000000080000000,0x000000008d054a28,0x000000008dc80000)
 Metaspace       used 6573K, capacity 7320K, committed 7680K, reserved 1056768K
  class space    used 616K, capacity 656K, committed 768K, reserved 1048576K
}
Event: 8,963 GC heap before
{Heap before GC invocations=14 (full 3):
 PSYoungGen      total 521728K, used 71542K [0x00000000d5580000, 0x0000000100000000, 0x0000000100000000)
  eden space 424960K, 0% used [0x00000000d5580000,0x00000000d5580000,0x00000000ef480000)
  from space 96768K, 73% used [0x00000000ef480000,0x00000000f3a5dac8,0x00000000f5300000)
  to   space 104960K, 0% used [0x00000000f9980000,0x00000000f9980000,0x0000000100000000)
 ParOldGen       total 225792K, used 213330K [0x0000000080000000, 0x000000008dc80000, 0x00000000d5580000)
  object space 225792K, 94% used [0x0000000080000000,0x000000008d054a28,0x000000008dc80000)
 Metaspace       used 6573K, capacity 7320K, committed 7680K, reserved 1056768K
  class space    used 616K, capacity 656K, committed 768K, reserved 1048576K
Event: 10,032 GC heap after
Heap after GC invocations=14 (full 3):
 PSYoungGen      total 521728K, used 25789K [0x00000000d5580000, 0x0000000100000000, 0x0000000100000000)
  eden space 424960K, 0% used [0x00000000d5580000,0x00000000d5580000,0x00000000ef480000)
  from space 96768K, 26% used [0x00000000ef480000,0x00000000f0daf668,0x00000000f5300000)
  to   space 104960K, 0% used [0x00000000f9980000,0x00000000f9980000,0x0000000100000000)
 ParOldGen       total 379392K, used 225771K [0x0000000080000000, 0x0000000097280000, 0x00000000d5580000)
  object space 379392K, 59% used [0x0000000080000000,0x000000008dc7afc8,0x0000000097280000)
 Metaspace       used 6573K, capacity 7320K, committed 7680K, reserved 1056768K
  class space    used 616K, capacity 656K, committed 768K, reserved 1048576K
}
Event: 11,468 GC heap before
{Heap before GC invocations=15 (full 3):
 PSYoungGen      total 521728K, used 450749K [0x00000000d5580000, 0x0000000100000000, 0x0000000100000000)
  eden space 424960K, 100% used [0x00000000d5580000,0x00000000ef480000,0x00000000ef480000)
  from space 96768K, 26% used [0x00000000ef480000,0x00000000f0daf668,0x00000000f5300000)
  to   space 104960K, 0% used [0x00000000f9980000,0x00000000f9980000,0x0000000100000000)
 ParOldGen       total 379392K, used 225771K [0x0000000080000000, 0x0000000097280000, 0x00000000d5580000)
  object space 379392K, 59% used [0x0000000080000000,0x000000008dc7afc8,0x0000000097280000)
 Metaspace       used 6579K, capacity 7320K, committed 7680K, reserved 1056768K
  class space    used 616K, capacity 656K, committed 768K, reserved 1048576K
Event: 11,658 GC heap after
Heap after GC invocations=15 (full 3):
 PSYoungGen      total 568320K, used 90432K [0x00000000d5580000, 0x0000000100000000, 0x0000000100000000)
  eden space 463360K, 0% used [0x00000000d5580000,0x00000000d5580000,0x00000000f1a00000)
  from space 104960K, 86% used [0x00000000f9980000,0x00000000ff1d0228,0x0000000100000000)
  to   space 117760K, 0% used [0x00000000f1a00000,0x00000000f1a00000,0x00000000f8d00000)
 ParOldGen       total 379392K, used 225771K [0x0000000080000000, 0x0000000097280000, 0x00000000d5580000)
  object space 379392K, 59% used [0x0000000080000000,0x000000008dc7afc8,0x0000000097280000)
 Metaspace       used 6579K, capacity 7320K, committed 7680K, reserved 1056768K
  class space    used 616K, capacity 656K, committed 768K, reserved 1048576K
}
Event: 12,768 GC heap before
{Heap before GC invocations=16 (full 3):
 PSYoungGen      total 568320K, used 553792K [0x00000000d5580000, 0x0000000100000000, 0x0000000100000000)
  eden space 463360K, 100% used [0x00000000d5580000,0x00000000f1a00000,0x00000000f1a00000)
  from space 104960K, 86% used [0x00000000f9980000,0x00000000ff1d0228,0x0000000100000000)
  to   space 117760K, 0% used [0x00000000f1a00000,0x00000000f1a00000,0x00000000f8d00000)
 ParOldGen       total 379392K, used 225771K [0x0000000080000000, 0x0000000097280000, 0x00000000d5580000)
  object space 379392K, 59% used [0x0000000080000000,0x000000008dc7afc8,0x0000000097280000)
 Metaspace       used 6595K, capacity 7320K, committed 7680K, reserved 1056768K
  class space    used 617K, capacity 656K, committed 768K, reserved 1048576K
Event: 12,944 GC heap after
Heap after GC invocations=16 (full 3):
 PSYoungGen      total 581120K, used 117729K [0x00000000d5580000, 0x0000000100000000, 0x0000000100000000)
  eden space 463360K, 0% used [0x00000000d5580000,0x00000000d5580000,0x00000000f1a00000)
  from space 117760K, 99% used [0x00000000f1a00000,0x00000000f8cf8708,0x00000000f8d00000)
  to   space 117760K, 0% used [0x00000000f8d00000,0x00000000f8d00000,0x0000000100000000)
 ParOldGen       total 379392K, used 252661K [0x0000000080000000, 0x0000000097280000, 0x00000000d5580000)
  object space 379392K, 66% used [0x0000000080000000,0x000000008f6bd5b8,0x0000000097280000)
 Metaspace       used 6595K, capacity 7320K, committed 7680K, reserved 1056768K
  class space    used 617K, capacity 656K, committed 768K, reserved 1048576K
}
Event: 14,186 GC heap before
{Heap before GC invocations=17 (full 3):
 PSYoungGen      total 581120K, used 581089K [0x00000000d5580000, 0x0000000100000000, 0x0000000100000000)
  eden space 463360K, 100% used [0x00000000d5580000,0x00000000f1a00000,0x00000000f1a00000)
  from space 117760K, 99% used [0x00000000f1a00000,0x00000000f8cf8708,0x00000000f8d00000)
  to   space 117760K, 0% used [0x00000000f8d00000,0x00000000f8d00000,0x0000000100000000)
 ParOldGen       total 379392K, used 252661K [0x0000000080000000, 0x0000000097280000, 0x00000000d5580000)
  object space 379392K, 66% used [0x0000000080000000,0x000000008f6bd5b8,0x0000000097280000)
 Metaspace       used 6600K, capacity 7320K, committed 7680K, reserved 1056768K
  class space    used 617K, capacity 656K, committed 768K, reserved 1048576K
Event: 14,481 GC heap after
Heap after GC invocations=17 (full 3):
 PSYoungGen      total 437760K, used 117740K [0x00000000d5580000, 0x0000000100000000, 0x0000000100000000)
  eden space 320000K, 0% used [0x00000000d5580000,0x00000000d5580000,0x00000000e8e00000)
  from space 117760K, 99% used [0x00000000f8d00000,0x00000000ffffb260,0x0000000100000000)
  to   space 189440K, 0% used [0x00000000e8e00000,0x00000000e8e00000,0x00000000f4700000)
 ParOldGen       total 379392K, used 324599K [0x0000000080000000, 0x0000000097280000, 0x00000000d5580000)
  object space 379392K, 85% used [0x0000000080000000,0x0000000093cfdc30,0x0000000097280000)
 Metaspace       used 6600K, capacity 7320K, committed 7680K, reserved 1056768K
  class space    used 617K, capacity 656K, committed 768K, reserved 1048576K
}
Event: 14,481 GC heap before
{Heap before GC invocations=18 (full 4):
 PSYoungGen      total 437760K, used 117740K [0x00000000d5580000, 0x0000000100000000, 0x0000000100000000)
  eden space 320000K, 0% used [0x00000000d5580000,0x00000000d5580000,0x00000000e8e00000)
  from space 117760K, 99% used [0x00000000f8d00000,0x00000000ffffb260,0x0000000100000000)
  to   space 189440K, 0% used [0x00000000e8e00000,0x00000000e8e00000,0x00000000f4700000)
 ParOldGen       total 379392K, used 324599K [0x0000000080000000, 0x0000000097280000, 0x00000000d5580000)
  object space 379392K, 85% used [0x0000000080000000,0x0000000093cfdc30,0x0000000097280000)
 Metaspace       used 6600K, capacity 7320K, committed 7680K, reserved 1056768K
  class space    used 617K, capacity 656K, committed 768K, reserved 1048576K

Deoptimization events (10 events):
Event: 11,245 Thread 0x00007f891c1ab800 Uncommon trap: reason=unstable_if action=reinterpret pc=0x00007f890db6037c method=com.android.dx.dex.code.RopTranslator.outputBlock(Lcom/android/dx/rop/code/BasicBlock;I)V @ 140
Event: 11,447 Thread 0x00007f891c1ab800 Uncommon trap: reason=unstable_if action=reinterpret pc=0x00007f890daba80c method=com.android.dx.util.BitIntSet.has(I)Z @ 8
Event: 11,722 Thread 0x00007f891c00a000 Uncommon trap: reason=unstable_if action=reinterpret pc=0x00007f890d1b2d04 method=java.util.zip.ZipCoder.decoder()Ljava/nio/charset/CharsetDecoder; @ 4
Event: 11,722 Thread 0x00007f891c00a000 Uncommon trap: reason=unstable_if action=reinterpret pc=0x00007f890d15ae38 method=java.util.zip.ZipEntry.setExtra0([BZ)V @ 1
Event: 12,298 Thread 0x00007f891c1a4800 Uncommon trap: reason=unstable_if action=reinterpret pc=0x00007f890db8b064 method=com.android.dx.rop.code.DexTranslationAdvice.hasConstantOperation(Lcom/android/dx/rop/code/Rop;Lcom/android/dx/rop/code/RegisterSpec;Lcom/android/dx/rop/code/RegisterSpec;)Z
Event: 12,554 Thread 0x00007f891c1a9800 Uncommon trap: reason=unstable_if action=reinterpret pc=0x00007f890daea62c method=java.util.ArrayList.<init>(I)V @ 5
Event: 12,640 Thread 0x00007f891c1ab800 Uncommon trap: reason=unstable_if action=reinterpret pc=0x00007f890dbadf38 method=com.android.dx.ssa.SsaMethod.blockIndexToRopLabel(I)I @ 1
Event: 13,586 Thread 0x00007f891c1a9800 Uncommon trap: reason=class_check action=maybe_recompile pc=0x00007f890db2dde0 method=com.android.dx.ssa.SCCP.replaceConstants()V @ 182
Event: 13,593 Thread 0x00007f891c1ab800 Uncommon trap: reason=unstable_if action=reinterpret pc=0x00007f890dbf65c8 method=com.android.dx.rop.code.BasicBlockList.preferredSuccessorOf(Lcom/android/dx/rop/code/BasicBlock;)Lcom/android/dx/rop/code/BasicBlock; @ 58
Event: 13,595 Thread 0x00007f891c1a9800 Uncommon trap: reason=class_check action=maybe_recompile pc=0x00007f890db2dde0 method=com.android.dx.ssa.SCCP.replaceConstants()V @ 182

Internal exceptions (10 events):
Event: 0,024 Thread 0x00007f891c00a000 Exception <a 'java/lang/NoSuchMethodError': Method sun.misc.Unsafe.defineClass(Ljava/lang/String;[BII)Ljava/lang/Class; name or signature does not match> (0x00000000d5592b98) thrown at [/HUDSON/workspace/8-2-build-linux-amd64/jdk8u66/4988/hotspot/src/shar
Event: 0,024 Thread 0x00007f891c00a000 Exception <a 'java/lang/NoSuchMethodError': Method sun.misc.Unsafe.prefetchRead(Ljava/lang/Object;J)V name or signature does not match> (0x00000000d5592e80) thrown at [/HUDSON/workspace/8-2-build-linux-amd64/jdk8u66/4988/hotspot/src/share/vm/prims/jni.cpp
Event: 0,867 Thread 0x00007f891c1a9800 Implicit null exception at 0x00007f890d334089 to 0x00007f890d336771
Event: 1,240 Thread 0x00007f891c1ab800 Exception <a 'java/lang/ArrayIndexOutOfBoundsException': 18> (0x00000000d8e95a30) thrown at [/HUDSON/workspace/8-2-build-linux-amd64/jdk8u66/4988/hotspot/src/share/vm/interpreter/interpreterRuntime.cpp, line 366]
Event: 1,241 Thread 0x00007f891c1ab800 Exception <a 'java/lang/ArrayIndexOutOfBoundsException': 145> (0x00000000d8e975b0) thrown at [/HUDSON/workspace/8-2-build-linux-amd64/jdk8u66/4988/hotspot/src/share/vm/interpreter/interpreterRuntime.cpp, line 366]
Event: 1,242 Thread 0x00007f891c1ab800 Exception <a 'java/lang/ArrayIndexOutOfBoundsException': 40> (0x00000000d8e98898) thrown at [/HUDSON/workspace/8-2-build-linux-amd64/jdk8u66/4988/hotspot/src/share/vm/interpreter/interpreterRuntime.cpp, line 366]
Event: 1,628 Thread 0x00007f891c1a4800 Implicit null exception at 0x00007f890d46f365 to 0x00007f890d473ed9
Event: 4,635 Thread 0x00007f891c1a4800 Implicit null exception at 0x00007f890d8bf206 to 0x00007f890d8c1801
Event: 8,452 Thread 0x00007f891c1a8000 Implicit null exception at 0x00007f890d61ba24 to 0x00007f890d620779
Event: 11,156 Thread 0x00007f891c1a9800 Implicit null exception at 0x00007f890daf81df to 0x00007f890dafa7b5

Events (10 events):
Event: 13,595 Thread 0x00007f891c1a9800 Uncommon trap: trap_request=0xffffffde fr.pc=0x00007f890db2dde0
Event: 13,595 Thread 0x00007f891c1a9800 DEOPT PACKING pc=0x00007f890db2dde0 sp=0x00007f88f68dbd10
Event: 13,595 Thread 0x00007f891c1a9800 DEOPT UNPACKING pc=0x00007f890d005229 sp=0x00007f88f68dbcc8 mode 2
Event: 13,811 Thread 0x00007f891c1ab800 DEOPT PACKING pc=0x00007f890d5bdca0 sp=0x00007f88f67daec0
Event: 13,811 Thread 0x00007f891c1ab800 DEOPT UNPACKING pc=0x00007f890d047633 sp=0x00007f88f67dac40 mode 0
Event: 13,993 Thread 0x00007f891c1a4800 DEOPT PACKING pc=0x00007f890d5bdca0 sp=0x00007f88f6bdf0c0
Event: 13,993 Thread 0x00007f891c1a4800 DEOPT UNPACKING pc=0x00007f890d047633 sp=0x00007f88f6bdee40 mode 0
Event: 14,030 Thread 0x00007f891c00a000 DEOPT PACKING pc=0x00007f890d72f822 sp=0x00007f8924a02640
Event: 14,030 Thread 0x00007f891c00a000 DEOPT UNPACKING pc=0x00007f890d047633 sp=0x00007f8924a02368 mode 0
Event: 14,186 Executing VM operation: ParallelGCFailedAllocation


Dynamic libraries:
00400000-00401000 r-xp 00000000 08:01 4591374                            /usr/lib/jvm/java-8-oracle/bin/java
00600000-00601000 rw-p 00000000 08:01 4591374                            /usr/lib/jvm/java-8-oracle/bin/java
01b8e000-01baf000 rw-p 00000000 00:00 0                                  [heap]
80000000-97280000 rw-p 00000000 00:00 0 
a3d00000-d5580000 ---p 00000000 00:00 0 
d5580000-100000000 rw-p 00000000 00:00 0 
100000000-1000c0000 rw-p 00000000 00:00 0 
1000c0000-140000000 ---p 00000000 00:00 0 
7f88b8000000-7f88b8048000 rw-p 00000000 00:00 0 
7f88b8048000-7f88bc000000 ---p 00000000 00:00 0 
7f88c0000000-7f88c002e000 rw-p 00000000 00:00 0 
7f88c002e000-7f88c4000000 ---p 00000000 00:00 0 
7f88c4000000-7f88c4022000 rw-p 00000000 00:00 0 
7f88c4022000-7f88c8000000 ---p 00000000 00:00 0 
7f88c8000000-7f88c8053000 rw-p 00000000 00:00 0 
7f88c8053000-7f88cc000000 ---p 00000000 00:00 0 
7f88cc000000-7f88cc021000 rw-p 00000000 00:00 0 
7f88cc021000-7f88d0000000 ---p 00000000 00:00 0 
7f88d0000000-7f88d0021000 rw-p 00000000 00:00 0 
7f88d0021000-7f88d4000000 ---p 00000000 00:00 0 
7f88d4000000-7f88d4021000 rw-p 00000000 00:00 0 
7f88d4021000-7f88d8000000 ---p 00000000 00:00 0 
7f88d8000000-7f88d904e000 rw-p 00000000 00:00 0 
7f88d904e000-7f88dc000000 ---p 00000000 00:00 0 
7f88dc000000-7f88dcc90000 rw-p 00000000 00:00 0 
7f88dcc90000-7f88e0000000 ---p 00000000 00:00 0 
7f88e0000000-7f88e0021000 rw-p 00000000 00:00 0 
7f88e0021000-7f88e4000000 ---p 00000000 00:00 0 
7f88e4000000-7f88e556c000 rw-p 00000000 00:00 0 
7f88e556c000-7f88e8000000 ---p 00000000 00:00 0 
7f88e8000000-7f88e8021000 rw-p 00000000 00:00 0 
7f88e8021000-7f88ec000000 ---p 00000000 00:00 0 
7f88ec000000-7f88ec021000 rw-p 00000000 00:00 0 
7f88ec021000-7f88f0000000 ---p 00000000 00:00 0 
7f88f0000000-7f88f02a8000 rw-p 00000000 00:00 0 
7f88f02a8000-7f88f4000000 ---p 00000000 00:00 0 
7f88f66dc000-7f88f66df000 ---p 00000000 00:00 0 
7f88f66df000-7f88f67dd000 rw-p 00000000 00:00 0                          [stack:7020]
7f88f67dd000-7f88f67e0000 ---p 00000000 00:00 0 
7f88f67e0000-7f88f68de000 rw-p 00000000 00:00 0                          [stack:7019]
7f88f68de000-7f88f68e1000 ---p 00000000 00:00 0 
7f88f68e1000-7f88f69df000 rw-p 00000000 00:00 0                          [stack:7018]
7f88f69df000-7f88f69e2000 ---p 00000000 00:00 0 
7f88f69e2000-7f88f6ae0000 rw-p 00000000 00:00 0                          [stack:7017]
7f88f6ae0000-7f88f6ae3000 ---p 00000000 00:00 0 
7f88f6ae3000-7f88f6be1000 rw-p 00000000 00:00 0                          [stack:7016]
7f88f6be1000-7f88f6be2000 ---p 00000000 00:00 0 
7f88f6be2000-7f88f6ce2000 rw-p 00000000 00:00 0                          [stack:7015]
7f88f6ce2000-7f88f6ce5000 ---p 00000000 00:00 0 
7f88f6ce5000-7f88f6de3000 rw-p 00000000 00:00 0                          [stack:7014]
7f88f6de3000-7f88f6de6000 ---p 00000000 00:00 0 
7f88f6de6000-7f88f6ee4000 rw-p 00000000 00:00 0                          [stack:7013]
7f88f6ee4000-7f88f6ee7000 ---p 00000000 00:00 0 
7f88f6ee7000-7f88f6fe5000 rw-p 00000000 00:00 0                          [stack:7012]
7f88f6fe5000-7f88f6fe8000 ---p 00000000 00:00 0 
7f88f6fe8000-7f88f70e6000 rw-p 00000000 00:00 0                          [stack:7011]
7f88f70e6000-7f88f70e9000 ---p 00000000 00:00 0 
7f88f70e9000-7f88f71e7000 rw-p 00000000 00:00 0                          [stack:7010]
7f88f71e7000-7f88f79fa000 r--p 00000000 08:01 1579663                    /usr/lib/locale/locale-archive
7f88f79fa000-7f88f79fd000 ---p 00000000 00:00 0 
7f88f79fd000-7f88f7afb000 rw-p 00000000 00:00 0                          [stack:7009]
7f88f7afb000-7f88f7afe000 ---p 00000000 00:00 0 
7f88f7afe000-7f88f7bfc000 rw-p 00000000 00:00 0                          [stack:7008]
7f88f7bfc000-7f88f7bfd000 ---p 00000000 00:00 0 
7f88f7bfd000-7f88f8000000 rw-p 00000000 00:00 0                          [stack:7007]
7f88f8000000-7f88f8021000 rw-p 00000000 00:00 0 
7f88f8021000-7f88fc000000 ---p 00000000 00:00 0 
7f88fc000000-7f88fc021000 rw-p 00000000 00:00 0 
7f88fc021000-7f8900000000 ---p 00000000 00:00 0 
7f8900000000-7f8900021000 rw-p 00000000 00:00 0 
7f8900021000-7f8904000000 ---p 00000000 00:00 0 
7f8904000000-7f8908000000 rw-p 00000000 00:00 0 
7f8908000000-7f8908021000 rw-p 00000000 00:00 0 
7f8908021000-7f890c000000 ---p 00000000 00:00 0 
7f890c003000-7f890c028000 r--p 00000000 08:01 2361987                    /usr/share/locale-langpack/pl/LC_MESSAGES/libc.mo
7f890c028000-7f890c0f3000 r--s 00abf000 08:01 8002969                    /home/tomasz/AndroidStudioProjects/ITAssistant/app/build/intermediates/transforms/jarMerging/debug/jars/1/1f/combined.jar
7f890c0f3000-7f890cdb1000 rw-p 00000000 00:00 0 
7f890cdb1000-7f890cf8a000 r--s 03d20000 08:01 4069182                    /usr/lib/jvm/java-8-oracle/jre/lib/rt.jar
7f890cf8a000-7f890d000000 rw-p 00000000 00:00 0 
7f890d000000-7f890dc30000 rwxp 00000000 00:00 0 
7f890dc30000-7f891c000000 ---p 00000000 00:00 0 
7f891c000000-7f891c3de000 rw-p 00000000 00:00 0 
7f891c3de000-7f8920000000 ---p 00000000 00:00 0 
7f8920000000-7f89206e1000 rw-p 00000000 00:00 0 
7f89206e1000-7f8920821000 ---p 00000000 00:00 0 
7f8920821000-7f8920c21000 rw-p 00000000 00:00 0 
7f8920c21000-7f8920c22000 ---p 00000000 00:00 0 
7f8920c22000-7f8920d22000 rw-p 00000000 00:00 0                          [stack:7006]
7f8920d22000-7f8920d23000 ---p 00000000 00:00 0 
7f8920d23000-7f8920e23000 rw-p 00000000 00:00 0                          [stack:7005]
7f8920e23000-7f8920e24000 ---p 00000000 00:00 0 
7f8920e24000-7f8920f24000 rw-p 00000000 00:00 0                          [stack:7004]
7f8920f24000-7f8920f25000 ---p 00000000 00:00 0 
7f8920f25000-7f89210df000 rw-p 00000000 00:00 0                          [stack:7003]
7f89210df000-7f89212d0000 ---p 00000000 00:00 0 
7f89212d0000-7f892138a000 rw-p 00000000 00:00 0 
7f892138a000-7f892157a000 ---p 00000000 00:00 0 
7f892157a000-7f89216d0000 rw-p 00000000 00:00 0 
7f89216d0000-7f8921702000 rw-p 00000000 00:00 0 
7f8921702000-7f8921a91000 ---p 00000000 00:00 0 
7f8921a91000-7f8921aab000 r-xp 00000000 08:01 4069168                    /usr/lib/jvm/java-8-oracle/jre/lib/amd64/libzip.so
7f8921aab000-7f8921cab000 ---p 0001a000 08:01 4069168                    /usr/lib/jvm/java-8-oracle/jre/lib/amd64/libzip.so
7f8921cab000-7f8921cac000 rw-p 0001a000 08:01 4069168                    /usr/lib/jvm/java-8-oracle/jre/lib/amd64/libzip.so
7f8921cac000-7f8921cb7000 r-xp 00000000 08:01 5771445                    /lib/x86_64-linux-gnu/libnss_files-2.19.so
7f8921cb7000-7f8921eb6000 ---p 0000b000 08:01 5771445                    /lib/x86_64-linux-gnu/libnss_files-2.19.so
7f8921eb6000-7f8921eb7000 r--p 0000a000 08:01 5771445                    /lib/x86_64-linux-gnu/libnss_files-2.19.so
7f8921eb7000-7f8921eb8000 rw-p 0000b000 08:01 5771445                    /lib/x86_64-linux-gnu/libnss_files-2.19.so
7f8921eb8000-7f8921ec3000 r-xp 00000000 08:01 5771455                    /lib/x86_64-linux-gnu/libnss_nis-2.19.so
7f8921ec3000-7f89220c2000 ---p 0000b000 08:01 5771455                    /lib/x86_64-linux-gnu/libnss_nis-2.19.so
7f89220c2000-7f89220c3000 r--p 0000a000 08:01 5771455                    /lib/x86_64-linux-gnu/libnss_nis-2.19.so
7f89220c3000-7f89220c4000 rw-p 0000b000 08:01 5771455                    /lib/x86_64-linux-gnu/libnss_nis-2.19.so
7f89220c4000-7f89220db000 r-xp 00000000 08:01 5771439                    /lib/x86_64-linux-gnu/libnsl-2.19.so
7f89220db000-7f89222da000 ---p 00017000 08:01 5771439                    /lib/x86_64-linux-gnu/libnsl-2.19.so
7f89222da000-7f89222db000 r--p 00016000 08:01 5771439                    /lib/x86_64-linux-gnu/libnsl-2.19.so
7f89222db000-7f89222dc000 rw-p 00017000 08:01 5771439                    /lib/x86_64-linux-gnu/libnsl-2.19.so
7f89222dc000-7f89222de000 rw-p 00000000 00:00 0 
7f89222de000-7f89222e7000 r-xp 00000000 08:01 5771441                    /lib/x86_64-linux-gnu/libnss_compat-2.19.so
7f89222e7000-7f89224e6000 ---p 00009000 08:01 5771441                    /lib/x86_64-linux-gnu/libnss_compat-2.19.so
7f89224e6000-7f89224e7000 r--p 00008000 08:01 5771441                    /lib/x86_64-linux-gnu/libnss_compat-2.19.so
7f89224e7000-7f89224e8000 rw-p 00009000 08:01 5771441                    /lib/x86_64-linux-gnu/libnss_compat-2.19.so
7f89224e8000-7f8922512000 r-xp 00000000 08:01 4069157                    /usr/lib/jvm/java-8-oracle/jre/lib/amd64/libjava.so
7f8922512000-7f8922712000 ---p 0002a000 08:01 4069157                    /usr/lib/jvm/java-8-oracle/jre/lib/amd64/libjava.so
7f8922712000-7f8922714000 rw-p 0002a000 08:01 4069157                    /usr/lib/jvm/java-8-oracle/jre/lib/amd64/libjava.so
7f8922714000-7f8922721000 r-xp 00000000 08:01 4069118                    /usr/lib/jvm/java-8-oracle/jre/lib/amd64/libverify.so
7f8922721000-7f8922921000 ---p 0000d000 08:01 4069118                    /usr/lib/jvm/java-8-oracle/jre/lib/amd64/libverify.so
7f8922921000-7f8922923000 rw-p 0000d000 08:01 4069118                    /usr/lib/jvm/java-8-oracle/jre/lib/amd64/libverify.so
7f8922923000-7f892292a000 r-xp 00000000 08:01 5771498                    /lib/x86_64-linux-gnu/librt-2.19.so
7f892292a000-7f8922b29000 ---p 00007000 08:01 5771498                    /lib/x86_64-linux-gnu/librt-2.19.so
7f8922b29000-7f8922b2a000 r--p 00006000 08:01 5771498                    /lib/x86_64-linux-gnu/librt-2.19.so
7f8922b2a000-7f8922b2b000 rw-p 00007000 08:01 5771498                    /lib/x86_64-linux-gnu/librt-2.19.so
7f8922b2b000-7f8922c30000 r-xp 00000000 08:01 5771420                    /lib/x86_64-linux-gnu/libm-2.19.so
7f8922c30000-7f8922e2f000 ---p 00105000 08:01 5771420                    /lib/x86_64-linux-gnu/libm-2.19.so
7f8922e2f000-7f8922e30000 r--p 00104000 08:01 5771420                    /lib/x86_64-linux-gnu/libm-2.19.so
7f8922e30000-7f8922e31000 rw-p 00105000 08:01 5771420                    /lib/x86_64-linux-gnu/libm-2.19.so
7f8922e31000-7f8923aef000 r-xp 00000000 08:01 4069167                    /usr/lib/jvm/java-8-oracle/jre/lib/amd64/server/libjvm.so
7f8923aef000-7f8923cee000 ---p 00cbe000 08:01 4069167                    /usr/lib/jvm/java-8-oracle/jre/lib/amd64/server/libjvm.so
7f8923cee000-7f8923dc7000 rw-p 00cbd000 08:01 4069167                    /usr/lib/jvm/java-8-oracle/jre/lib/amd64/server/libjvm.so
7f8923dc7000-7f8923e0b000 rw-p 00000000 00:00 0 
7f8923e0b000-7f8923fc6000 r-xp 00000000 08:01 5771370                    /lib/x86_64-linux-gnu/libc-2.19.so
7f8923fc6000-7f89241c5000 ---p 001bb000 08:01 5771370                    /lib/x86_64-linux-gnu/libc-2.19.so
7f89241c5000-7f89241c9000 r--p 001ba000 08:01 5771370                    /lib/x86_64-linux-gnu/libc-2.19.so
7f89241c9000-7f89241cb000 rw-p 001be000 08:01 5771370                    /lib/x86_64-linux-gnu/libc-2.19.so
7f89241cb000-7f89241d0000 rw-p 00000000 00:00 0 
7f89241d0000-7f89241d3000 r-xp 00000000 08:01 5771387                    /lib/x86_64-linux-gnu/libdl-2.19.so
7f89241d3000-7f89243d2000 ---p 00003000 08:01 5771387                    /lib/x86_64-linux-gnu/libdl-2.19.so
7f89243d2000-7f89243d3000 r--p 00002000 08:01 5771387                    /lib/x86_64-linux-gnu/libdl-2.19.so
7f89243d3000-7f89243d4000 rw-p 00003000 08:01 5771387                    /lib/x86_64-linux-gnu/libdl-2.19.so
7f89243d4000-7f89243e9000 r-xp 00000000 08:01 4727160                    /usr/lib/jvm/java-8-oracle/lib/amd64/jli/libjli.so
7f89243e9000-7f89245e9000 ---p 00015000 08:01 4727160                    /usr/lib/jvm/java-8-oracle/lib/amd64/jli/libjli.so
7f89245e9000-7f89245ea000 rw-p 00015000 08:01 4727160                    /usr/lib/jvm/java-8-oracle/lib/amd64/jli/libjli.so
7f89245ea000-7f8924603000 r-xp 00000000 08:01 5771490                    /lib/x86_64-linux-gnu/libpthread-2.19.so
7f8924603000-7f8924802000 ---p 00019000 08:01 5771490                    /lib/x86_64-linux-gnu/libpthread-2.19.so
7f8924802000-7f8924803000 r--p 00018000 08:01 5771490                    /lib/x86_64-linux-gnu/libpthread-2.19.so
7f8924803000-7f8924804000 rw-p 00019000 08:01 5771490                    /lib/x86_64-linux-gnu/libpthread-2.19.so
7f8924804000-7f8924808000 rw-p 00000000 00:00 0 
7f8924808000-7f892482b000 r-xp 00000000 08:01 5771346                    /lib/x86_64-linux-gnu/ld-2.19.so
7f8924831000-7f8924838000 r--s 00000000 08:01 1967077                    /usr/lib/x86_64-linux-gnu/gconv/gconv-modules.cache
7f8924838000-7f8924904000 rw-p 00000000 00:00 0 
7f8924904000-7f8924907000 ---p 00000000 00:00 0 
7f8924907000-7f8924a09000 rw-p 00000000 00:00 0                          [stack:7002]
7f8924a0e000-7f8924a0f000 rw-p 00000000 00:00 0 
7f8924a0f000-7f8924a1e000 r--s 000df000 08:01 10635452                   /home/tomasz/Android/Sdk/build-tools/23.0.2/lib/dx.jar
7f8924a1e000-7f8924a26000 rw-s 00000000 08:01 6949363                    /tmp/hsperfdata_tomasz/6997
7f8924a26000-7f8924a27000 rw-p 00000000 00:00 0 
7f8924a27000-7f8924a28000 ---p 00000000 00:00 0 
7f8924a28000-7f8924a2a000 rw-p 00000000 00:00 0 
7f8924a2a000-7f8924a2b000 r--p 00022000 08:01 5771346                    /lib/x86_64-linux-gnu/ld-2.19.so
7f8924a2b000-7f8924a2c000 rw-p 00023000 08:01 5771346                    /lib/x86_64-linux-gnu/ld-2.19.so
7f8924a2c000-7f8924a2d000 rw-p 00000000 00:00 0 
7fffda186000-7fffda1a7000 rw-p 00000000 00:00 0                          [stack]
7fffda1cc000-7fffda1ce000 r--p 00000000 00:00 0                          [vvar]
7fffda1ce000-7fffda1d0000 r-xp 00000000 00:00 0                          [vdso]
ffffffffff600000-ffffffffff601000 r-xp 00000000 00:00 0                  [vsyscall]

VM Arguments:
jvm_args: -Djava.awt.headless=true -Xmx2g -Dfile.encoding=UTF-8 -Duser.country=PL -Duser.language=pl -Duser.variant 
java_command: com.android.dx.command.Main --dex --num-threads=4 --multi-dex --main-dex-list /home/tomasz/AndroidStudioProjects/ITAssistant/app/build/intermediates/multi-dex/debug/maindexlist.txt --output /home/tomasz/AndroidStudioProjects/ITAssistant/app/build/intermediates/transforms/dex/debug/folders/1000/1f/main /home/tomasz/AndroidStudioProjects/ITAssistant/app/build/intermediates/transforms/jarMerging/debug/jars/1/1f/combined.jar
java_class_path (initial): /home/tomasz/Android/Sdk/build-tools/23.0.2/lib/dx.jar
Launcher Type: SUN_STANDARD

Environment Variables:
PATH=/usr/local/sbin:/usr/local/bin:/usr/sbin:/usr/bin:/sbin:/bin:/usr/games:/usr/local/games
LD_LIBRARY_PATH=.:
SHELL=/bin/bash
DISPLAY=:0

Signal Handlers:
SIGSEGV: [libjvm.so+0xaba2a0], sa_mask[0]=11111111011111111101111111111110, sa_flags=SA_RESTART|SA_SIGINFO
SIGBUS: [libjvm.so+0xaba2a0], sa_mask[0]=11111111011111111101111111111110, sa_flags=SA_RESTART|SA_SIGINFO
SIGFPE: [libjvm.so+0x917710], sa_mask[0]=11111111011111111101111111111110, sa_flags=SA_RESTART|SA_SIGINFO
SIGPIPE: [libjvm.so+0x917710], sa_mask[0]=11111111011111111101111111111110, sa_flags=SA_RESTART|SA_SIGINFO
SIGXFSZ: [libjvm.so+0x917710], sa_mask[0]=11111111011111111101111111111110, sa_flags=SA_RESTART|SA_SIGINFO
SIGILL: [libjvm.so+0x917710], sa_mask[0]=11111111011111111101111111111110, sa_flags=SA_RESTART|SA_SIGINFO
SIGUSR1: SIG_DFL, sa_mask[0]=00000000000000000000000000000000, sa_flags=none
SIGUSR2: [libjvm.so+0x918d40], sa_mask[0]=00100000000000000000000000000000, sa_flags=SA_RESTART|SA_SIGINFO
SIGHUP: [libjvm.so+0x91a140], sa_mask[0]=11111111011111111101111111111110, sa_flags=SA_RESTART|SA_SIGINFO
SIGINT: [libjvm.so+0x91a140], sa_mask[0]=11111111011111111101111111111110, sa_flags=SA_RESTART|SA_SIGINFO
SIGTERM: [libjvm.so+0x91a140], sa_mask[0]=11111111011111111101111111111110, sa_flags=SA_RESTART|SA_SIGINFO
SIGQUIT: [libjvm.so+0x91a140], sa_mask[0]=11111111011111111101111111111110, sa_flags=SA_RESTART|SA_SIGINFO


---------------  S Y S T E M  ---------------

OS:DISTRIB_ID=Ubuntu
DISTRIB_RELEASE=14.04
DISTRIB_CODENAME=trusty
DISTRIB_DESCRIPTION="Ubuntu 14.04.3 LTS"

uname:Linux 3.19.0-41-generic #46~14.04.2-Ubuntu SMP Tue Dec 8 17:46:10 UTC 2015 x86_64
libc:glibc 2.19 NPTL 2.19 
rlimit: STACK 8192k, CORE 0k, NPROC 23202, NOFILE 4096, AS infinity
load average:2,31 1,95 2,08

/proc/meminfo:
MemTotal:        5961332 kB
MemFree:          120816 kB
MemAvailable:      92492 kB
Buffers:             824 kB
Cached:           368240 kB
SwapCached:            0 kB
Active:          5335504 kB
Inactive:         322020 kB
Active(anon):    5300100 kB
Inactive(anon):   286240 kB
Active(file):      35404 kB
Inactive(file):    35780 kB
Unevictable:         744 kB
Mlocked:             744 kB
SwapTotal:             0 kB
SwapFree:              0 kB
Dirty:               108 kB
Writeback:             0 kB
AnonPages:       5289928 kB
Mapped:           118412 kB
Shmem:            297332 kB
Slab:              76752 kB
SReclaimable:      41096 kB
SUnreclaim:        35656 kB
KernelStack:       10704 kB
PageTables:        50528 kB
NFS_Unstable:          0 kB
Bounce:                0 kB
WritebackTmp:          0 kB
CommitLimit:     2980664 kB
Committed_AS:    9683736 kB
VmallocTotal:   34359738367 kB
VmallocUsed:      551936 kB
VmallocChunk:   34359168988 kB
HardwareCorrupted:     0 kB
AnonHugePages:   2942976 kB
CmaTotal:              0 kB
CmaFree:               0 kB
HugePages_Total:       0
HugePages_Free:        0
HugePages_Rsvd:        0
HugePages_Surp:        0
Hugepagesize:       2048 kB
DirectMap4k:      160000 kB
DirectMap2M:     5980160 kB


CPU:total 4 (2 cores per cpu, 2 threads per core) family 6 model 42 stepping 7, cmov, cx8, fxsr, mmx, sse, sse2, sse3, ssse3, sse4.1, sse4.2, popcnt, avx, aes, clmul, ht, tsc, tscinvbit

/proc/cpuinfo:
processor	: 0
vendor_id	: GenuineIntel
cpu family	: 6
model		: 42
model name	: Intel(R) Core(TM) i5-2450M CPU @ 2.50GHz
stepping	: 7
microcode	: 0x25
cpu MHz		: 2958.886
cache size	: 3072 KB
physical id	: 0
siblings	: 4
core id		: 0
cpu cores	: 2
apicid		: 0
initial apicid	: 0
fpu		: yes
fpu_exception	: yes
cpuid level	: 13
wp		: yes
flags		: fpu vme de pse tsc msr pae mce cx8 apic sep mtrr pge mca cmov pat pse36 clflush dts acpi mmx fxsr sse sse2 ss ht tm pbe syscall nx rdtscp lm constant_tsc arch_perfmon pebs bts rep_good nopl xtopology nonstop_tsc aperfmperf eagerfpu pni pclmulqdq dtes64 monitor ds_cpl vmx est tm2 ssse3 cx16 xtpr pdcm pcid sse4_1 sse4_2 x2apic popcnt tsc_deadline_timer aes xsave avx lahf_lm ida arat epb pln pts dtherm tpr_shadow vnmi flexpriority ept vpid xsaveopt
bugs		:
bogomips	: 4988.82
clflush size	: 64
cache_alignment	: 64
address sizes	: 36 bits physical, 48 bits virtual
power management:

processor	: 1
vendor_id	: GenuineIntel
cpu family	: 6
model		: 42
model name	: Intel(R) Core(TM) i5-2450M CPU @ 2.50GHz
stepping	: 7
microcode	: 0x25
cpu MHz		: 2982.128
cache size	: 3072 KB
physical id	: 0
siblings	: 4
core id		: 0
cpu cores	: 2
apicid		: 1
initial apicid	: 1
fpu		: yes
fpu_exception	: yes
cpuid level	: 13
wp		: yes
flags		: fpu vme de pse tsc msr pae mce cx8 apic sep mtrr pge mca cmov pat pse36 clflush dts acpi mmx fxsr sse sse2 ss ht tm pbe syscall nx rdtscp lm constant_tsc arch_perfmon pebs bts rep_good nopl xtopology nonstop_tsc aperfmperf eagerfpu pni pclmulqdq dtes64 monitor ds_cpl vmx est tm2 ssse3 cx16 xtpr pdcm pcid sse4_1 sse4_2 x2apic popcnt tsc_deadline_timer aes xsave avx lahf_lm ida arat epb pln pts dtherm tpr_shadow vnmi flexpriority ept vpid xsaveopt
bugs		:
bogomips	: 4988.82
clflush size	: 64
cache_alignment	: 64
address sizes	: 36 bits physical, 48 bits virtual
power management:

processor	: 2
vendor_id	: GenuineIntel
cpu family	: 6
model		: 42
model name	: Intel(R) Core(TM) i5-2450M CPU @ 2.50GHz
stepping	: 7
microcode	: 0x25
cpu MHz		: 2900.000
cache size	: 3072 KB
physical id	: 0
siblings	: 4
core id		: 1
cpu cores	: 2
apicid		: 2
initial apicid	: 2
fpu		: yes
fpu_exception	: yes
cpuid level	: 13
wp		: yes
flags		: fpu vme de pse tsc msr pae mce cx8 apic sep mtrr pge mca cmov pat pse36 clflush dts acpi mmx fxsr sse sse2 ss ht tm pbe syscall nx rdtscp lm constant_tsc arch_perfmon pebs bts rep_good nopl xtopology nonstop_tsc aperfmperf eagerfpu pni pclmulqdq dtes64 monitor ds_cpl vmx est tm2 ssse3 cx16 xtpr pdcm pcid sse4_1 sse4_2 x2apic popcnt tsc_deadline_timer aes xsave avx lahf_lm ida arat epb pln pts dtherm tpr_shadow vnmi flexpriority ept vpid xsaveopt
bugs		:
bogomips	: 4988.82
clflush size	: 64
cache_alignment	: 64
address sizes	: 36 bits physical, 48 bits virtual
power management:

processor	: 3
vendor_id	: GenuineIntel
cpu family	: 6
model		: 42
model name	: Intel(R) Core(TM) i5-2450M CPU @ 2.50GHz
stepping	: 7
microcode	: 0x25
cpu MHz		: 2899.902
cache size	: 3072 KB
physical id	: 0
siblings	: 4
core id		: 1
cpu cores	: 2
apicid		: 3
initial apicid	: 3
fpu		: yes
fpu_exception	: yes
cpuid level	: 13
wp		: yes
flags		: fpu vme de pse tsc msr pae mce cx8 apic sep mtrr pge mca cmov pat pse36 clflush dts acpi mmx fxsr sse sse2 ss ht tm pbe syscall nx rdtscp lm constant_tsc arch_perfmon pebs bts rep_good nopl xtopology nonstop_tsc aperfmperf eagerfpu pni pclmulqdq dtes64 monitor ds_cpl vmx est tm2 ssse3 cx16 xtpr pdcm pcid sse4_1 sse4_2 x2apic popcnt tsc_deadline_timer aes xsave avx lahf_lm ida arat epb pln pts dtherm tpr_shadow vnmi flexpriority ept vpid xsaveopt
bugs		:
bogomips	: 4988.82
clflush size	: 64
cache_alignment	: 64
address sizes	: 36 bits physical, 48 bits virtual
power management:



Memory: 4k page, physical 5961332k(120816k free), swap 0k(0k free)

vm_info: Java HotSpot(TM) 64-Bit Server VM (25.66-b17) for linux-amd64 JRE (1.8.0_66-b17), built on Oct  6 2015 17:28:34 by "java_re" with gcc 4.3.0 20080428 (Red Hat 4.3.0-8)

time: Sun Dec 20 19:21:36 2015
elapsed time: 18 seconds (0d 0h 0m 18s)

