#
# There is insufficient memory for the Java Runtime Environment to continue.
# Native memory allocation (mmap) failed to map 191889408 bytes for committing reserved memory.
# Possible reasons:
#   The system is out of physical RAM or swap space
#   In 32 bit mode, the process size limit was hit
# Possible solutions:
#   Reduce memory load on the system
#   Increase physical memory or swap space
#   Check if swap backing store is full
#   Use 64 bit Java on a 64 bit OS
#   Decrease Java heap size (-Xmx/-Xms)
#   Decrease number of Java threads
#   Decrease Java thread stack sizes (-Xss)
#   Set larger code cache with -XX:ReservedCodeCacheSize=
# This output file may be truncated or incomplete.
#
#  Out of Memory Error (os_linux.cpp:2627), pid=3248, tid=140185928955648
#
# JRE version: Java(TM) SE Runtime Environment (8.0_66-b17) (build 1.8.0_66-b17)
# Java VM: Java HotSpot(TM) 64-Bit Server VM (25.66-b17 mixed mode linux-amd64 compressed oops)
# Failed to write core dump. Core dumps have been disabled. To enable core dumping, try "ulimit -c unlimited" before starting Java again
#

---------------  T H R E A D  ---------------

Current thread (0x00007f7fa4078000):  VMThread [stack: 0x00007f7f946f7000,0x00007f7f947f8000] [id=3257]

Stack: [0x00007f7f946f7000,0x00007f7f947f8000],  sp=0x00007f7f947f6160,  free space=1020k
Native frames: (J=compiled Java code, j=interpreted, Vv=VM code, C=native code)
V  [libjvm.so+0xab9a1a]  VMError::report_and_die()+0x2ba
V  [libjvm.so+0x4f9e0b]  report_vm_out_of_memory(char const*, int, unsigned long, VMErrorType, char const*)+0x8b
V  [libjvm.so+0x91a8a3]  os::Linux::commit_memory_impl(char*, unsigned long, bool)+0x103
V  [libjvm.so+0x91adf9]  os::pd_commit_memory(char*, unsigned long, unsigned long, bool)+0x29
V  [libjvm.so+0x91510a]  os::commit_memory(char*, unsigned long, unsigned long, bool)+0x2a
V  [libjvm.so+0x9887a3]  PSVirtualSpace::expand_by(unsigned long)+0x53
V  [libjvm.so+0x979090]  PSOldGen::expand(unsigned long)+0x170
V  [libjvm.so+0x97929b]  PSOldGen::resize(unsigned long)+0x1cb
V  [libjvm.so+0x980f71]  PSParallelCompact::invoke_no_policy(bool)+0x991
V  [libjvm.so+0x9868cd]  PSScavenge::invoke()+0x1ad
V  [libjvm.so+0x93e500]  ParallelScavengeHeap::failed_mem_allocate(unsigned long)+0x70
V  [libjvm.so+0xabb437]  VM_ParallelGCFailedAllocation::doit()+0x97
V  [libjvm.so+0xac2e65]  VM_Operation::evaluate()+0x55
V  [libjvm.so+0xac123a]  VMThread::evaluate_operation(VM_Operation*)+0xba
V  [libjvm.so+0xac15be]  VMThread::loop()+0x1ce
V  [libjvm.so+0xac1a30]  VMThread::run()+0x70
V  [libjvm.so+0x91cc68]  java_start(Thread*)+0x108

VM_Operation (0x00007f7f732e5db0): ParallelGCFailedAllocation, mode: safepoint, requested by thread 0x00007f7fa41ae000


---------------  P R O C E S S  ---------------

Java Threads: ( => current thread )
  0x00007f7fa41b0000 JavaThread "pool-2-thread-4" [_thread_blocked, id=3270, stack(0x00007f7f730e6000,0x00007f7f731e7000)]
  0x00007f7fa41ae000 JavaThread "pool-2-thread-3" [_thread_blocked, id=3269, stack(0x00007f7f731e7000,0x00007f7f732e8000)]
  0x00007f7fa41ac000 JavaThread "pool-2-thread-2" [_thread_blocked, id=3268, stack(0x00007f7f732e8000,0x00007f7f733e9000)]
  0x00007f7fa41ab000 JavaThread "pool-3-thread-1" [_thread_blocked, id=3267, stack(0x00007f7f733e9000,0x00007f7f734ea000)]
  0x00007f7fa41a8800 JavaThread "pool-2-thread-1" [_thread_blocked, id=3266, stack(0x00007f7f734ea000,0x00007f7f735eb000)]
  0x00007f7fa40da800 JavaThread "Service Thread" daemon [_thread_blocked, id=3264, stack(0x00007f7f736ec000,0x00007f7f737ed000)]
  0x00007f7fa40bd800 JavaThread "C1 CompilerThread2" daemon [_thread_blocked, id=3263, stack(0x00007f7f940f1000,0x00007f7f941f2000)]
  0x00007f7fa40bb800 JavaThread "C2 CompilerThread1" daemon [_thread_blocked, id=3262, stack(0x00007f7f941f2000,0x00007f7f942f3000)]
  0x00007f7fa40b8800 JavaThread "C2 CompilerThread0" daemon [_thread_blocked, id=3261, stack(0x00007f7f942f3000,0x00007f7f943f4000)]
  0x00007f7fa40b7800 JavaThread "Signal Dispatcher" daemon [_thread_blocked, id=3260, stack(0x00007f7f943f4000,0x00007f7f944f5000)]
  0x00007f7fa407f000 JavaThread "Finalizer" daemon [_thread_blocked, id=3259, stack(0x00007f7f944f5000,0x00007f7f945f6000)]
  0x00007f7fa407d000 JavaThread "Reference Handler" daemon [_thread_blocked, id=3258, stack(0x00007f7f945f6000,0x00007f7f946f7000)]
  0x00007f7fa400a000 JavaThread "main" [_thread_blocked, id=3252, stack(0x00007f7fad358000,0x00007f7fad459000)]

Other Threads:
=>0x00007f7fa4078000 VMThread [stack: 0x00007f7f946f7000,0x00007f7f947f8000] [id=3257]
  0x00007f7fa40dd800 WatcherThread [stack: 0x00007f7f735eb000,0x00007f7f736ec000] [id=3265]

VM state:at safepoint (normal execution)

VM Mutex/Monitor currently owned by a thread:  ([mutex/lock_event])
[0x00007f7fa4005ef0] ExpandHeap_lock - owner thread: 0x00007f7fa4078000
[0x00007f7fa4006570] Threads_lock - owner thread: 0x00007f7fa4078000
[0x00007f7fa4006a70] Heap_lock - owner thread: 0x00007f7fa41ae000

Heap:
 PSYoungGen      total 547328K, used 45733K [0x00000000d5580000, 0x0000000100000000, 0x0000000100000000)
  eden space 471552K, 0% used [0x00000000d5580000,0x00000000d5580000,0x00000000f2200000)
  from space 75776K, 60% used [0x00000000f2200000,0x00000000f4ea94d8,0x00000000f6c00000)
  to   space 117760K, 0% used [0x00000000f8d00000,0x00000000f8d00000,0x0000000100000000)
 ParOldGen       total 393728K, used 393226K [0x0000000080000000, 0x0000000098080000, 0x00000000d5580000)
  object space 393728K, 99% used [0x0000000080000000,0x0000000098002a98,0x0000000098080000)
 Metaspace       used 6601K, capacity 7320K, committed 7680K, reserved 1056768K
  class space    used 616K, capacity 656K, committed 768K, reserved 1048576K

Card table byte_map: [0x00007f7fa9d22000,0x00007f7faa123000] byte_map_base: 0x00007f7fa9922000

Marking Bits: (ParMarkBitMap*) 0x00007f7fac832020
 Begin Bits: [0x00007f7f84000000, 0x00007f7f86000000)
 End Bits:   [0x00007f7f86000000, 0x00007f7f88000000)

Polling page: 0x00007f7fad479000

CodeCache: size=245760Kb used=10506Kb max_used=11808Kb free=235253Kb
 bounds [0x00007f7f95000000, 0x00007f7f95bb0000, 0x00007f7fa4000000]
 total_blobs=2423 nmethods=2154 adapters=182
 compilation: enabled

Compilation events (10 events):
Event: 18,756 Thread 0x00007f7fa40b8800 nmethod 2815 0x00007f7f95b80ed0 code [0x00007f7f95b81220, 0x00007f7f95b83cb0]
Event: 18,756 Thread 0x00007f7fa40b8800 2265   !   4       com.android.dx.rop.type.Type::intern (319 bytes)
Event: 18,911 Thread 0x00007f7fa40bd800 2860 %     3       com.android.dx.rop.type.Prototype::compareTo @ 53 (120 bytes)
Event: 18,912 Thread 0x00007f7fa40bd800 nmethod 2860% 0x00007f7f953c2f90 code [0x00007f7f953c31c0, 0x00007f7f953c4118]
Event: 18,913 Thread 0x00007f7fa40bd800 2861       3       com.android.dx.rop.type.Prototype::compareTo (120 bytes)
Event: 18,914 Thread 0x00007f7fa40bd800 nmethod 2861 0x00007f7f952b1490 code [0x00007f7f952b16c0, 0x00007f7f952b2558]
Event: 18,934 Thread 0x00007f7fa40b8800 nmethod 2265 0x00007f7f955d78d0 code [0x00007f7f955d7d40, 0x00007f7f955dbad8]
Event: 18,934 Thread 0x00007f7fa40b8800 2748       4       com.android.dx.cf.code.ByteCatchList::listFor (120 bytes)
Event: 18,950 Thread 0x00007f7fa40b8800 nmethod 2748 0x00007f7f951b4d10 code [0x00007f7f951b4ea0, 0x00007f7f951b55d8]
Event: 18,950 Thread 0x00007f7fa40b8800 2271       4       com.android.dx.ssa.DeadCodeRemover::isCircularNoSideEffect (140 bytes)

GC Heap History (10 events):
Event: 11,688 GC heap after
Heap after GC invocations=14 (full 2):
 PSYoungGen      total 588800K, used 65930K [0x00000000d5580000, 0x0000000100000000, 0x0000000100000000)
  eden space 488960K, 0% used [0x00000000d5580000,0x00000000d5580000,0x00000000f3300000)
  from space 99840K, 66% used [0x00000000f9e80000,0x00000000fdee2a60,0x0000000100000000)
  to   space 104960K, 0% used [0x00000000f3300000,0x00000000f3300000,0x00000000f9980000)
 ParOldGen       total 236032K, used 186291K [0x0000000080000000, 0x000000008e680000, 0x00000000d5580000)
  object space 236032K, 78% used [0x0000000080000000,0x000000008b5ecf58,0x000000008e680000)
 Metaspace       used 6576K, capacity 7320K, committed 7680K, reserved 1056768K
  class space    used 615K, capacity 656K, committed 768K, reserved 1048576K
}
Event: 13,795 GC heap before
{Heap before GC invocations=15 (full 2):
 PSYoungGen      total 588800K, used 554890K [0x00000000d5580000, 0x0000000100000000, 0x0000000100000000)
  eden space 488960K, 100% used [0x00000000d5580000,0x00000000f3300000,0x00000000f3300000)
  from space 99840K, 66% used [0x00000000f9e80000,0x00000000fdee2a60,0x0000000100000000)
  to   space 104960K, 0% used [0x00000000f3300000,0x00000000f3300000,0x00000000f9980000)
 ParOldGen       total 236032K, used 186291K [0x0000000080000000, 0x000000008e680000, 0x00000000d5580000)
  object space 236032K, 78% used [0x0000000080000000,0x000000008b5ecf58,0x000000008e680000)
 Metaspace       used 6577K, capacity 7320K, committed 7680K, reserved 1056768K
  class space    used 615K, capacity 656K, committed 768K, reserved 1048576K
Event: 14,014 GC heap after
Heap after GC invocations=15 (full 2):
 PSYoungGen      total 569856K, used 80407K [0x00000000d5580000, 0x0000000100000000, 0x0000000100000000)
  eden space 488960K, 0% used [0x00000000d5580000,0x00000000d5580000,0x00000000f3300000)
  from space 80896K, 99% used [0x00000000f3300000,0x00000000f8185f48,0x00000000f8200000)
  to   space 114176K, 0% used [0x00000000f9080000,0x00000000f9080000,0x0000000100000000)
 ParOldGen       total 251392K, used 250986K [0x0000000080000000, 0x000000008f580000, 0x00000000d5580000)
  object space 251392K, 99% used [0x0000000080000000,0x000000008f51ab28,0x000000008f580000)
 Metaspace       used 6577K, capacity 7320K, committed 7680K, reserved 1056768K
  class space    used 615K, capacity 656K, committed 768K, reserved 1048576K
}
Event: 14,014 GC heap before
{Heap before GC invocations=16 (full 3):
 PSYoungGen      total 569856K, used 80407K [0x00000000d5580000, 0x0000000100000000, 0x0000000100000000)
  eden space 488960K, 0% used [0x00000000d5580000,0x00000000d5580000,0x00000000f3300000)
  from space 80896K, 99% used [0x00000000f3300000,0x00000000f8185f48,0x00000000f8200000)
  to   space 114176K, 0% used [0x00000000f9080000,0x00000000f9080000,0x0000000100000000)
 ParOldGen       total 251392K, used 250986K [0x0000000080000000, 0x000000008f580000, 0x00000000d5580000)
  object space 251392K, 99% used [0x0000000080000000,0x000000008f51ab28,0x000000008f580000)
 Metaspace       used 6577K, capacity 7320K, committed 7680K, reserved 1056768K
  class space    used 615K, capacity 656K, committed 768K, reserved 1048576K
Event: 15,791 GC heap after
Heap after GC invocations=16 (full 3):
 PSYoungGen      total 569856K, used 62252K [0x00000000d5580000, 0x0000000100000000, 0x0000000100000000)
  eden space 488960K, 0% used [0x00000000d5580000,0x00000000d5580000,0x00000000f3300000)
  from space 80896K, 76% used [0x00000000f3300000,0x00000000f6fcb140,0x00000000f8200000)
  to   space 114176K, 0% used [0x00000000f9080000,0x00000000f9080000,0x0000000100000000)
 ParOldGen       total 393728K, used 251377K [0x0000000080000000, 0x0000000098080000, 0x00000000d5580000)
  object space 393728K, 63% used [0x0000000080000000,0x000000008f57c4e8,0x0000000098080000)
 Metaspace       used 6577K, capacity 7320K, committed 7680K, reserved 1056768K
  class space    used 615K, capacity 656K, committed 768K, reserved 1048576K
}
Event: 17,107 GC heap before
{Heap before GC invocations=17 (full 3):
 PSYoungGen      total 569856K, used 551212K [0x00000000d5580000, 0x0000000100000000, 0x0000000100000000)
  eden space 488960K, 100% used [0x00000000d5580000,0x00000000f3300000,0x00000000f3300000)
  from space 80896K, 76% used [0x00000000f3300000,0x00000000f6fcb140,0x00000000f8200000)
  to   space 114176K, 0% used [0x00000000f9080000,0x00000000f9080000,0x0000000100000000)
 ParOldGen       total 393728K, used 251377K [0x0000000080000000, 0x0000000098080000, 0x00000000d5580000)
  object space 393728K, 63% used [0x0000000080000000,0x000000008f57c4e8,0x0000000098080000)
 Metaspace       used 6596K, capacity 7320K, committed 7680K, reserved 1056768K
  class space    used 616K, capacity 656K, committed 768K, reserved 1048576K
Event: 17,352 GC heap after
Heap after GC invocations=17 (full 3):
 PSYoungGen      total 585728K, used 58729K [0x00000000d5580000, 0x0000000100000000, 0x0000000100000000)
  eden space 471552K, 0% used [0x00000000d5580000,0x00000000d5580000,0x00000000f2200000)
  from space 114176K, 51% used [0x00000000f9080000,0x00000000fc9da600,0x0000000100000000)
  to   space 113152K, 0% used [0x00000000f2200000,0x00000000f2200000,0x00000000f9080000)
 ParOldGen       total 393728K, used 312489K [0x0000000080000000, 0x0000000098080000, 0x00000000d5580000)
  object space 393728K, 79% used [0x0000000080000000,0x000000009312a6a8,0x0000000098080000)
 Metaspace       used 6596K, capacity 7320K, committed 7680K, reserved 1056768K
  class space    used 616K, capacity 656K, committed 768K, reserved 1048576K
}
Event: 19,101 GC heap before
{Heap before GC invocations=18 (full 3):
 PSYoungGen      total 585728K, used 530281K [0x00000000d5580000, 0x0000000100000000, 0x0000000100000000)
  eden space 471552K, 100% used [0x00000000d5580000,0x00000000f2200000,0x00000000f2200000)
  from space 114176K, 51% used [0x00000000f9080000,0x00000000fc9da600,0x0000000100000000)
  to   space 113152K, 0% used [0x00000000f2200000,0x00000000f2200000,0x00000000f9080000)
 ParOldGen       total 393728K, used 312489K [0x0000000080000000, 0x0000000098080000, 0x00000000d5580000)
  object space 393728K, 79% used [0x0000000080000000,0x000000009312a6a8,0x0000000098080000)
 Metaspace       used 6601K, capacity 7320K, committed 7680K, reserved 1056768K
  class space    used 616K, capacity 656K, committed 768K, reserved 1048576K
Event: 19,299 GC heap after
Heap after GC invocations=18 (full 3):
 PSYoungGen      total 547328K, used 75770K [0x00000000d5580000, 0x0000000100000000, 0x0000000100000000)
  eden space 471552K, 0% used [0x00000000d5580000,0x00000000d5580000,0x00000000f2200000)
  from space 75776K, 99% used [0x00000000f2200000,0x00000000f6bfe8c8,0x00000000f6c00000)
  to   space 117760K, 0% used [0x00000000f8d00000,0x00000000f8d00000,0x0000000100000000)
 ParOldGen       total 393728K, used 368978K [0x0000000080000000, 0x0000000098080000, 0x00000000d5580000)
  object space 393728K, 93% used [0x0000000080000000,0x0000000096854a58,0x0000000098080000)
 Metaspace       used 6601K, capacity 7320K, committed 7680K, reserved 1056768K
  class space    used 616K, capacity 656K, committed 768K, reserved 1048576K
}
Event: 19,299 GC heap before
{Heap before GC invocations=19 (full 4):
 PSYoungGen      total 547328K, used 75770K [0x00000000d5580000, 0x0000000100000000, 0x0000000100000000)
  eden space 471552K, 0% used [0x00000000d5580000,0x00000000d5580000,0x00000000f2200000)
  from space 75776K, 99% used [0x00000000f2200000,0x00000000f6bfe8c8,0x00000000f6c00000)
  to   space 117760K, 0% used [0x00000000f8d00000,0x00000000f8d00000,0x0000000100000000)
 ParOldGen       total 393728K, used 368978K [0x0000000080000000, 0x0000000098080000, 0x00000000d5580000)
  object space 393728K, 93% used [0x0000000080000000,0x0000000096854a58,0x0000000098080000)
 Metaspace       used 6601K, capacity 7320K, committed 7680K, reserved 1056768K
  class space    used 616K, capacity 656K, committed 768K, reserved 1048576K

Deoptimization events (10 events):
Event: 15,881 Thread 0x00007f7fa400a000 Uncommon trap: reason=unstable_if action=reinterpret pc=0x00007f7f958778dc method=com.android.dx.ssa.DeadCodeRemover.pruneDeadInstructions()V @ 49
Event: 15,921 Thread 0x00007f7fa41b0000 Uncommon trap: reason=class_check action=maybe_recompile pc=0x00007f7f95af11e0 method=com.android.dx.ssa.back.FirstFitLocalCombiningAllocator.findNextUnreservedRopReg(IILcom/android/dx/ssa/back/FirstFitLocalCombiningAllocator$Alignment;)I @ 60
Event: 16,115 Thread 0x00007f7fa41a8800 Uncommon trap: reason=unstable_if action=reinterpret pc=0x00007f7f95a1b564 method=com.android.dx.rop.cst.CstNat.equals(Ljava/lang/Object;)Z @ 25
Event: 16,182 Thread 0x00007f7fa41ac000 Uncommon trap: reason=unstable_if action=reinterpret pc=0x00007f7f9548f274 method=com.android.dx.ssa.SsaMethod.blockIndexToRopLabel(I)I @ 1
Event: 16,610 Thread 0x00007f7fa41ae000 Uncommon trap: reason=unstable_if action=reinterpret pc=0x00007f7f95af0914 method=com.android.dx.util.BitIntSet.has(I)Z @ 8
Event: 16,795 Thread 0x00007f7fa400a000 Uncommon trap: reason=unstable_if action=reinterpret pc=0x00007f7f95175a84 method=java.util.zip.ZipCoder.decoder()Ljava/nio/charset/CharsetDecoder; @ 4
Event: 16,795 Thread 0x00007f7fa400a000 Uncommon trap: reason=unstable_if action=reinterpret pc=0x00007f7f9515b4b8 method=java.util.zip.ZipEntry.setExtra0([BZ)V @ 1
Event: 18,017 Thread 0x00007f7fa41ac000 Uncommon trap: reason=unstable_if action=reinterpret pc=0x00007f7f951603e0 method=java.util.ArrayList.<init>(I)V @ 5
Event: 18,036 Thread 0x00007f7fa41a8800 Uncommon trap: reason=unstable_if action=reinterpret pc=0x00007f7f9519d30c method=java.util.ArrayList.<init>(I)V @ 5
Event: 18,111 Thread 0x00007f7fa41ae000 Uncommon trap: reason=unstable_if action=reinterpret pc=0x00007f7f953f11fc method=com.android.dx.dex.code.RopTranslator.outputBlock(Lcom/android/dx/rop/code/BasicBlock;I)V @ 140

Internal exceptions (10 events):
Event: 0,028 Thread 0x00007f7fa400a000 Exception <a 'java/lang/NoSuchMethodError': Method sun.misc.Unsafe.prefetchRead(Ljava/lang/Object;J)V name or signature does not match> (0x00000000d5592e80) thrown at [/HUDSON/workspace/8-2-build-linux-amd64/jdk8u66/4988/hotspot/src/share/vm/prims/jni.cpp
Event: 1,382 Thread 0x00007f7fa400a000 Implicit null exception at 0x00007f7f9535abac to 0x00007f7f9535d3d1
Event: 2,739 Thread 0x00007f7fa41ac000 Implicit null exception at 0x00007f7f9557dfab to 0x00007f7f9557e851
Event: 2,990 Thread 0x00007f7fa41a8800 Exception <a 'java/lang/ArrayIndexOutOfBoundsException': 18> (0x00000000d8465de8) thrown at [/HUDSON/workspace/8-2-build-linux-amd64/jdk8u66/4988/hotspot/src/share/vm/interpreter/interpreterRuntime.cpp, line 366]
Event: 2,991 Thread 0x00007f7fa41a8800 Exception <a 'java/lang/ArrayIndexOutOfBoundsException': 145> (0x00000000d8467968) thrown at [/HUDSON/workspace/8-2-build-linux-amd64/jdk8u66/4988/hotspot/src/share/vm/interpreter/interpreterRuntime.cpp, line 366]
Event: 2,992 Thread 0x00007f7fa41a8800 Exception <a 'java/lang/ArrayIndexOutOfBoundsException': 40> (0x00000000d8577ff0) thrown at [/HUDSON/workspace/8-2-build-linux-amd64/jdk8u66/4988/hotspot/src/share/vm/interpreter/interpreterRuntime.cpp, line 366]
Event: 7,257 Thread 0x00007f7fa41b0000 Implicit null exception at 0x00007f7f95946bf3 to 0x00007f7f9594c529
Event: 7,257 Thread 0x00007f7fa41b0000 Implicit null exception at 0x00007f7f953c6633 to 0x00007f7f953c67c1
Event: 7,258 Thread 0x00007f7fa41b0000 Implicit null exception at 0x00007f7f958d0e2c to 0x00007f7f958d6e45
Event: 12,532 Thread 0x00007f7fa41ae000 Implicit null exception at 0x00007f7f95975188 to 0x00007f7f95979461

Events (10 events):
Event: 18,840 Thread 0x00007f7fa41ae000 DEOPT UNPACKING pc=0x00007f7f95047633 sp=0x00007f7f732e5c40 mode 0
Event: 18,902 Thread 0x00007f7fa400a000 DEOPT PACKING pc=0x00007f7f955a16da sp=0x00007f7fad4565a0
Event: 18,902 Thread 0x00007f7fa400a000 DEOPT UNPACKING pc=0x00007f7f95047633 sp=0x00007f7fad456400 mode 0
Event: 18,936 Thread 0x00007f7fa41a8800 DEOPT PACKING pc=0x00007f7f955a16da sp=0x00007f7f735e8c10
Event: 18,936 Thread 0x00007f7fa41a8800 DEOPT UNPACKING pc=0x00007f7f95047633 sp=0x00007f7f735e8a70 mode 0
Event: 19,054 Thread 0x00007f7fa41b0000 DEOPT PACKING pc=0x00007f7f955c9989 sp=0x00007f7f731e5040
Event: 19,054 Thread 0x00007f7fa41b0000 DEOPT UNPACKING pc=0x00007f7f95047633 sp=0x00007f7f731e4dc0 mode 0
Event: 19,096 Thread 0x00007f7fa41ae000 DEOPT PACKING pc=0x00007f7f955c9989 sp=0x00007f7f732e60c0
Event: 19,096 Thread 0x00007f7fa41ae000 DEOPT UNPACKING pc=0x00007f7f95047633 sp=0x00007f7f732e5e40 mode 0
Event: 19,101 Executing VM operation: ParallelGCFailedAllocation


Dynamic libraries:
00400000-00401000 r-xp 00000000 08:01 4591374                            /usr/lib/jvm/java-8-oracle/bin/java
00600000-00601000 rw-p 00000000 08:01 4591374                            /usr/lib/jvm/java-8-oracle/bin/java
008f5000-00916000 rw-p 00000000 00:00 0                                  [heap]
80000000-98080000 rw-p 00000000 00:00 0 
a3780000-d5580000 ---p 00000000 00:00 0 
d5580000-100000000 rw-p 00000000 00:00 0 
100000000-1000c0000 rw-p 00000000 00:00 0 
1000c0000-140000000 ---p 00000000 00:00 0 
7f7f44000000-7f7f44024000 rw-p 00000000 00:00 0 
7f7f44024000-7f7f48000000 ---p 00000000 00:00 0 
7f7f48000000-7f7f48028000 rw-p 00000000 00:00 0 
7f7f48028000-7f7f4c000000 ---p 00000000 00:00 0 
7f7f4c000000-7f7f4c021000 rw-p 00000000 00:00 0 
7f7f4c021000-7f7f50000000 ---p 00000000 00:00 0 
7f7f50000000-7f7f50022000 rw-p 00000000 00:00 0 
7f7f50022000-7f7f54000000 ---p 00000000 00:00 0 
7f7f54000000-7f7f54021000 rw-p 00000000 00:00 0 
7f7f54021000-7f7f58000000 ---p 00000000 00:00 0 
7f7f58000000-7f7f58024000 rw-p 00000000 00:00 0 
7f7f58024000-7f7f5c000000 ---p 00000000 00:00 0 
7f7f5c000000-7f7f5cb73000 rw-p 00000000 00:00 0 
7f7f5cb73000-7f7f60000000 ---p 00000000 00:00 0 
7f7f60000000-7f7f60021000 rw-p 00000000 00:00 0 
7f7f60021000-7f7f64000000 ---p 00000000 00:00 0 
7f7f64000000-7f7f65a1a000 rw-p 00000000 00:00 0 
7f7f65a1a000-7f7f68000000 ---p 00000000 00:00 0 
7f7f68000000-7f7f6997d000 rw-p 00000000 00:00 0 
7f7f6997d000-7f7f6c000000 ---p 00000000 00:00 0 
7f7f6c000000-7f7f6c021000 rw-p 00000000 00:00 0 
7f7f6c021000-7f7f70000000 ---p 00000000 00:00 0 
7f7f730e6000-7f7f730e9000 ---p 00000000 00:00 0 
7f7f730e9000-7f7f731e7000 rw-p 00000000 00:00 0                          [stack:3270]
7f7f731e7000-7f7f731ea000 ---p 00000000 00:00 0 
7f7f731ea000-7f7f732e8000 rw-p 00000000 00:00 0                          [stack:3269]
7f7f732e8000-7f7f732eb000 ---p 00000000 00:00 0 
7f7f732eb000-7f7f733e9000 rw-p 00000000 00:00 0                          [stack:3268]
7f7f733e9000-7f7f733ec000 ---p 00000000 00:00 0 
7f7f733ec000-7f7f734ea000 rw-p 00000000 00:00 0                          [stack:3267]
7f7f734ea000-7f7f734ed000 ---p 00000000 00:00 0 
7f7f734ed000-7f7f735eb000 rw-p 00000000 00:00 0                          [stack:3266]
7f7f735eb000-7f7f735ec000 ---p 00000000 00:00 0 
7f7f735ec000-7f7f736ec000 rw-p 00000000 00:00 0                          [stack:3265]
7f7f736ec000-7f7f736ef000 ---p 00000000 00:00 0 
7f7f736ef000-7f7f737ed000 rw-p 00000000 00:00 0                          [stack:3264]
7f7f737ed000-7f7f74000000 r--p 00000000 08:01 1579663                    /usr/lib/locale/locale-archive
7f7f74000000-7f7f74021000 rw-p 00000000 00:00 0 
7f7f74021000-7f7f78000000 ---p 00000000 00:00 0 
7f7f78000000-7f7f78021000 rw-p 00000000 00:00 0 
7f7f78021000-7f7f7c000000 ---p 00000000 00:00 0 
7f7f7c000000-7f7f7c28f000 rw-p 00000000 00:00 0 
7f7f7c28f000-7f7f80000000 ---p 00000000 00:00 0 
7f7f80000000-7f7f80021000 rw-p 00000000 00:00 0 
7f7f80021000-7f7f84000000 ---p 00000000 00:00 0 
7f7f84000000-7f7f88000000 rw-p 00000000 00:00 0 
7f7f88000000-7f7f88021000 rw-p 00000000 00:00 0 
7f7f88021000-7f7f8c000000 ---p 00000000 00:00 0 
7f7f8c000000-7f7f8c021000 rw-p 00000000 00:00 0 
7f7f8c021000-7f7f90000000 ---p 00000000 00:00 0 
7f7f90000000-7f7f90029000 rw-p 00000000 00:00 0 
7f7f90029000-7f7f94000000 ---p 00000000 00:00 0 
7f7f9400e000-7f7f940f1000 r--s 00bb3000 08:01 7343014                    /home/tomasz/AndroidStudioProjects/ITAssistant/app/build/intermediates/transforms/jarMerging/debug/jars/1/1f/combined.jar
7f7f940f1000-7f7f940f4000 ---p 00000000 00:00 0 
7f7f940f4000-7f7f941f2000 rw-p 00000000 00:00 0                          [stack:3263]
7f7f941f2000-7f7f941f5000 ---p 00000000 00:00 0 
7f7f941f5000-7f7f942f3000 rw-p 00000000 00:00 0                          [stack:3262]
7f7f942f3000-7f7f942f6000 ---p 00000000 00:00 0 
7f7f942f6000-7f7f943f4000 rw-p 00000000 00:00 0                          [stack:3261]
7f7f943f4000-7f7f943f7000 ---p 00000000 00:00 0 
7f7f943f7000-7f7f944f5000 rw-p 00000000 00:00 0                          [stack:3260]
7f7f944f5000-7f7f944f8000 ---p 00000000 00:00 0 
7f7f944f8000-7f7f945f6000 rw-p 00000000 00:00 0                          [stack:3259]
7f7f945f6000-7f7f945f9000 ---p 00000000 00:00 0 
7f7f945f9000-7f7f946f7000 rw-p 00000000 00:00 0                          [stack:3258]
7f7f946f7000-7f7f946f8000 ---p 00000000 00:00 0 
7f7f946f8000-7f7f95000000 rw-p 00000000 00:00 0                          [stack:3257]
7f7f95000000-7f7f95bb0000 rwxp 00000000 00:00 0 
7f7f95bb0000-7f7fa4000000 ---p 00000000 00:00 0 
7f7fa4000000-7f7fa43dc000 rw-p 00000000 00:00 0 
7f7fa43dc000-7f7fa8000000 ---p 00000000 00:00 0 
7f7fa8025000-7f7fa804a000 r--p 00000000 08:01 2361987                    /usr/share/locale-langpack/pl/LC_MESSAGES/libc.mo
7f7fa804a000-7f7fa8824000 rw-p 00000000 00:00 0 
7f7fa8824000-7f7fa89fd000 r--s 03d20000 08:01 4069182                    /usr/lib/jvm/java-8-oracle/jre/lib/rt.jar
7f7fa89fd000-7f7fa9133000 rw-p 00000000 00:00 0 
7f7fa9133000-7f7fa9273000 ---p 00000000 00:00 0 
7f7fa9273000-7f7fa9673000 rw-p 00000000 00:00 0 
7f7fa9673000-7f7fa9674000 ---p 00000000 00:00 0 
7f7fa9674000-7f7fa9774000 rw-p 00000000 00:00 0                          [stack:3256]
7f7fa9774000-7f7fa9775000 ---p 00000000 00:00 0 
7f7fa9775000-7f7fa9875000 rw-p 00000000 00:00 0                          [stack:3255]
7f7fa9875000-7f7fa9876000 ---p 00000000 00:00 0 
7f7fa9876000-7f7fa9976000 rw-p 00000000 00:00 0                          [stack:3254]
7f7fa9976000-7f7fa9977000 ---p 00000000 00:00 0 
7f7fa9977000-7f7fa9b38000 rw-p 00000000 00:00 0                          [stack:3253]
7f7fa9b38000-7f7fa9d22000 ---p 00000000 00:00 0 
7f7fa9d22000-7f7fa9de3000 rw-p 00000000 00:00 0 
7f7fa9de3000-7f7fa9fcc000 ---p 00000000 00:00 0 
7f7fa9fcc000-7f7faa122000 rw-p 00000000 00:00 0 
7f7faa122000-7f7faa152000 rw-p 00000000 00:00 0 
7f7faa152000-7f7faa4e3000 ---p 00000000 00:00 0 
7f7faa4e3000-7f7faa4fd000 r-xp 00000000 08:01 4069168                    /usr/lib/jvm/java-8-oracle/jre/lib/amd64/libzip.so
7f7faa4fd000-7f7faa6fd000 ---p 0001a000 08:01 4069168                    /usr/lib/jvm/java-8-oracle/jre/lib/amd64/libzip.so
7f7faa6fd000-7f7faa6fe000 rw-p 0001a000 08:01 4069168                    /usr/lib/jvm/java-8-oracle/jre/lib/amd64/libzip.so
7f7faa6fe000-7f7faa709000 r-xp 00000000 08:01 5771445                    /lib/x86_64-linux-gnu/libnss_files-2.19.so
7f7faa709000-7f7faa908000 ---p 0000b000 08:01 5771445                    /lib/x86_64-linux-gnu/libnss_files-2.19.so
7f7faa908000-7f7faa909000 r--p 0000a000 08:01 5771445                    /lib/x86_64-linux-gnu/libnss_files-2.19.so
7f7faa909000-7f7faa90a000 rw-p 0000b000 08:01 5771445                    /lib/x86_64-linux-gnu/libnss_files-2.19.so
7f7faa90a000-7f7faa915000 r-xp 00000000 08:01 5771455                    /lib/x86_64-linux-gnu/libnss_nis-2.19.so
7f7faa915000-7f7faab14000 ---p 0000b000 08:01 5771455                    /lib/x86_64-linux-gnu/libnss_nis-2.19.so
7f7faab14000-7f7faab15000 r--p 0000a000 08:01 5771455                    /lib/x86_64-linux-gnu/libnss_nis-2.19.so
7f7faab15000-7f7faab16000 rw-p 0000b000 08:01 5771455                    /lib/x86_64-linux-gnu/libnss_nis-2.19.so
7f7faab16000-7f7faab2d000 r-xp 00000000 08:01 5771439                    /lib/x86_64-linux-gnu/libnsl-2.19.so
7f7faab2d000-7f7faad2c000 ---p 00017000 08:01 5771439                    /lib/x86_64-linux-gnu/libnsl-2.19.so
7f7faad2c000-7f7faad2d000 r--p 00016000 08:01 5771439                    /lib/x86_64-linux-gnu/libnsl-2.19.so
7f7faad2d000-7f7faad2e000 rw-p 00017000 08:01 5771439                    /lib/x86_64-linux-gnu/libnsl-2.19.so
7f7faad2e000-7f7faad30000 rw-p 00000000 00:00 0 
7f7faad30000-7f7faad39000 r-xp 00000000 08:01 5771441                    /lib/x86_64-linux-gnu/libnss_compat-2.19.so
7f7faad39000-7f7faaf38000 ---p 00009000 08:01 5771441                    /lib/x86_64-linux-gnu/libnss_compat-2.19.so
7f7faaf38000-7f7faaf39000 r--p 00008000 08:01 5771441                    /lib/x86_64-linux-gnu/libnss_compat-2.19.so
7f7faaf39000-7f7faaf3a000 rw-p 00009000 08:01 5771441                    /lib/x86_64-linux-gnu/libnss_compat-2.19.so
7f7faaf3a000-7f7faaf64000 r-xp 00000000 08:01 4069157                    /usr/lib/jvm/java-8-oracle/jre/lib/amd64/libjava.so
7f7faaf64000-7f7fab164000 ---p 0002a000 08:01 4069157                    /usr/lib/jvm/java-8-oracle/jre/lib/amd64/libjava.so
7f7fab164000-7f7fab166000 rw-p 0002a000 08:01 4069157                    /usr/lib/jvm/java-8-oracle/jre/lib/amd64/libjava.so
7f7fab166000-7f7fab173000 r-xp 00000000 08:01 4069118                    /usr/lib/jvm/java-8-oracle/jre/lib/amd64/libverify.so
7f7fab173000-7f7fab373000 ---p 0000d000 08:01 4069118                    /usr/lib/jvm/java-8-oracle/jre/lib/amd64/libverify.so
7f7fab373000-7f7fab375000 rw-p 0000d000 08:01 4069118                    /usr/lib/jvm/java-8-oracle/jre/lib/amd64/libverify.so
7f7fab375000-7f7fab37c000 r-xp 00000000 08:01 5771498                    /lib/x86_64-linux-gnu/librt-2.19.so
7f7fab37c000-7f7fab57b000 ---p 00007000 08:01 5771498                    /lib/x86_64-linux-gnu/librt-2.19.so
7f7fab57b000-7f7fab57c000 r--p 00006000 08:01 5771498                    /lib/x86_64-linux-gnu/librt-2.19.so
7f7fab57c000-7f7fab57d000 rw-p 00007000 08:01 5771498                    /lib/x86_64-linux-gnu/librt-2.19.so
7f7fab57d000-7f7fab682000 r-xp 00000000 08:01 5771420                    /lib/x86_64-linux-gnu/libm-2.19.so
7f7fab682000-7f7fab881000 ---p 00105000 08:01 5771420                    /lib/x86_64-linux-gnu/libm-2.19.so
7f7fab881000-7f7fab882000 r--p 00104000 08:01 5771420                    /lib/x86_64-linux-gnu/libm-2.19.so
7f7fab882000-7f7fab883000 rw-p 00105000 08:01 5771420                    /lib/x86_64-linux-gnu/libm-2.19.so
7f7fab883000-7f7fac541000 r-xp 00000000 08:01 4069167                    /usr/lib/jvm/java-8-oracle/jre/lib/amd64/server/libjvm.so
7f7fac541000-7f7fac740000 ---p 00cbe000 08:01 4069167                    /usr/lib/jvm/java-8-oracle/jre/lib/amd64/server/libjvm.so
7f7fac740000-7f7fac819000 rw-p 00cbd000 08:01 4069167                    /usr/lib/jvm/java-8-oracle/jre/lib/amd64/server/libjvm.so
7f7fac819000-7f7fac85d000 rw-p 00000000 00:00 0 
7f7fac85d000-7f7faca18000 r-xp 00000000 08:01 5771370                    /lib/x86_64-linux-gnu/libc-2.19.so
7f7faca18000-7f7facc17000 ---p 001bb000 08:01 5771370                    /lib/x86_64-linux-gnu/libc-2.19.so
7f7facc17000-7f7facc1b000 r--p 001ba000 08:01 5771370                    /lib/x86_64-linux-gnu/libc-2.19.so
7f7facc1b000-7f7facc1d000 rw-p 001be000 08:01 5771370                    /lib/x86_64-linux-gnu/libc-2.19.so
7f7facc1d000-7f7facc22000 rw-p 00000000 00:00 0 
7f7facc22000-7f7facc25000 r-xp 00000000 08:01 5771387                    /lib/x86_64-linux-gnu/libdl-2.19.so
7f7facc25000-7f7face24000 ---p 00003000 08:01 5771387                    /lib/x86_64-linux-gnu/libdl-2.19.so
7f7face24000-7f7face25000 r--p 00002000 08:01 5771387                    /lib/x86_64-linux-gnu/libdl-2.19.so
7f7face25000-7f7face26000 rw-p 00003000 08:01 5771387                    /lib/x86_64-linux-gnu/libdl-2.19.so
7f7face26000-7f7face3b000 r-xp 00000000 08:01 4727160                    /usr/lib/jvm/java-8-oracle/lib/amd64/jli/libjli.so
7f7face3b000-7f7fad03b000 ---p 00015000 08:01 4727160                    /usr/lib/jvm/java-8-oracle/lib/amd64/jli/libjli.so
7f7fad03b000-7f7fad03c000 rw-p 00015000 08:01 4727160                    /usr/lib/jvm/java-8-oracle/lib/amd64/jli/libjli.so
7f7fad03c000-7f7fad055000 r-xp 00000000 08:01 5771490                    /lib/x86_64-linux-gnu/libpthread-2.19.so
7f7fad055000-7f7fad254000 ---p 00019000 08:01 5771490                    /lib/x86_64-linux-gnu/libpthread-2.19.so
7f7fad254000-7f7fad255000 r--p 00018000 08:01 5771490                    /lib/x86_64-linux-gnu/libpthread-2.19.so
7f7fad255000-7f7fad256000 rw-p 00019000 08:01 5771490                    /lib/x86_64-linux-gnu/libpthread-2.19.so
7f7fad256000-7f7fad25a000 rw-p 00000000 00:00 0 
7f7fad25a000-7f7fad27d000 r-xp 00000000 08:01 5771346                    /lib/x86_64-linux-gnu/ld-2.19.so
7f7fad285000-7f7fad28c000 r--s 00000000 08:01 1967077                    /usr/lib/x86_64-linux-gnu/gconv/gconv-modules.cache
7f7fad28c000-7f7fad358000 rw-p 00000000 00:00 0 
7f7fad358000-7f7fad35b000 ---p 00000000 00:00 0 
7f7fad35b000-7f7fad45d000 rw-p 00000000 00:00 0                          [stack:3252]
7f7fad460000-7f7fad461000 rw-p 00000000 00:00 0 
7f7fad461000-7f7fad470000 r--s 000df000 08:01 10635452                   /home/tomasz/Android/Sdk/build-tools/23.0.2/lib/dx.jar
7f7fad470000-7f7fad478000 rw-s 00000000 08:01 6034934                    /tmp/hsperfdata_tomasz/3248
7f7fad478000-7f7fad479000 rw-p 00000000 00:00 0 
7f7fad479000-7f7fad47a000 ---p 00000000 00:00 0 
7f7fad47a000-7f7fad47c000 rw-p 00000000 00:00 0 
7f7fad47c000-7f7fad47d000 r--p 00022000 08:01 5771346                    /lib/x86_64-linux-gnu/ld-2.19.so
7f7fad47d000-7f7fad47e000 rw-p 00023000 08:01 5771346                    /lib/x86_64-linux-gnu/ld-2.19.so
7f7fad47e000-7f7fad47f000 rw-p 00000000 00:00 0 
7ffeb6f70000-7ffeb6f91000 rw-p 00000000 00:00 0                          [stack]
7ffeb6fed000-7ffeb6fef000 r--p 00000000 00:00 0                          [vvar]
7ffeb6fef000-7ffeb6ff1000 r-xp 00000000 00:00 0                          [vdso]
ffffffffff600000-ffffffffff601000 r-xp 00000000 00:00 0                  [vsyscall]

VM Arguments:
jvm_args: -Djava.awt.headless=true -Xmx2g -Dfile.encoding=UTF-8 -Duser.country=PL -Duser.language=pl -Duser.variant 
java_command: com.android.dx.command.Main --dex --num-threads=4 --multi-dex --main-dex-list /home/tomasz/AndroidStudioProjects/ITAssistant/app/build/intermediates/multi-dex/debug/maindexlist.txt --output /home/tomasz/AndroidStudioProjects/ITAssistant/app/build/intermediates/transforms/dex/debug/folders/1000/1f/main /home/tomasz/AndroidStudioProjects/ITAssistant/app/build/intermediates/transforms/jarMerging/debug/jars/1/1f/combined.jar
java_class_path (initial): /home/tomasz/Android/Sdk/build-tools/23.0.2/lib/dx.jar
Launcher Type: SUN_STANDARD

Environment Variables:
PATH=/usr/local/sbin:/usr/local/bin:/usr/sbin:/usr/bin:/sbin:/bin:/usr/games:/usr/local/games
LD_LIBRARY_PATH=.:
SHELL=/bin/bash
DISPLAY=:0

Signal Handlers:
SIGSEGV: [libjvm.so+0xaba2a0], sa_mask[0]=11111111011111111101111111111110, sa_flags=SA_RESTART|SA_SIGINFO
SIGBUS: [libjvm.so+0xaba2a0], sa_mask[0]=11111111011111111101111111111110, sa_flags=SA_RESTART|SA_SIGINFO
SIGFPE: [libjvm.so+0x917710], sa_mask[0]=11111111011111111101111111111110, sa_flags=SA_RESTART|SA_SIGINFO
SIGPIPE: [libjvm.so+0x917710], sa_mask[0]=11111111011111111101111111111110, sa_flags=SA_RESTART|SA_SIGINFO
SIGXFSZ: [libjvm.so+0x917710], sa_mask[0]=11111111011111111101111111111110, sa_flags=SA_RESTART|SA_SIGINFO
SIGILL: [libjvm.so+0x917710], sa_mask[0]=11111111011111111101111111111110, sa_flags=SA_RESTART|SA_SIGINFO
SIGUSR1: SIG_DFL, sa_mask[0]=00000000000000000000000000000000, sa_flags=none
SIGUSR2: [libjvm.so+0x918d40], sa_mask[0]=00100000000000000000000000000000, sa_flags=SA_RESTART|SA_SIGINFO
SIGHUP: [libjvm.so+0x91a140], sa_mask[0]=11111111011111111101111111111110, sa_flags=SA_RESTART|SA_SIGINFO
SIGINT: [libjvm.so+0x91a140], sa_mask[0]=11111111011111111101111111111110, sa_flags=SA_RESTART|SA_SIGINFO
SIGTERM: [libjvm.so+0x91a140], sa_mask[0]=11111111011111111101111111111110, sa_flags=SA_RESTART|SA_SIGINFO
SIGQUIT: [libjvm.so+0x91a140], sa_mask[0]=11111111011111111101111111111110, sa_flags=SA_RESTART|SA_SIGINFO


---------------  S Y S T E M  ---------------

OS:DISTRIB_ID=Ubuntu
DISTRIB_RELEASE=14.04
DISTRIB_CODENAME=trusty
DISTRIB_DESCRIPTION="Ubuntu 14.04.3 LTS"

uname:Linux 3.19.0-33-generic #38~14.04.1-Ubuntu SMP Fri Nov 6 18:17:28 UTC 2015 x86_64
libc:glibc 2.19 NPTL 2.19 
rlimit: STACK 8192k, CORE 0k, NPROC 23202, NOFILE 4096, AS infinity
load average:2,98 2,00 1,13

/proc/meminfo:
MemTotal:        5961336 kB
MemFree:          133140 kB
MemAvailable:      87604 kB
Buffers:            1220 kB
Cached:           316464 kB
SwapCached:            0 kB
Active:          5344696 kB
Inactive:         298012 kB
Active(anon):    5332992 kB
Inactive(anon):   287264 kB
Active(file):      11704 kB
Inactive(file):    10748 kB
Unevictable:         836 kB
Mlocked:             836 kB
SwapTotal:             0 kB
SwapFree:              0 kB
Dirty:               248 kB
Writeback:             0 kB
AnonPages:       5326184 kB
Mapped:            48044 kB
Shmem:            295148 kB
Slab:              93392 kB
SReclaimable:      55396 kB
SUnreclaim:        37996 kB
KernelStack:        9344 kB
PageTables:        40840 kB
NFS_Unstable:          0 kB
Bounce:                0 kB
WritebackTmp:          0 kB
CommitLimit:     2980668 kB
Committed_AS:    8526504 kB
VmallocTotal:   34359738367 kB
VmallocUsed:      551828 kB
VmallocChunk:   34359168476 kB
HardwareCorrupted:     0 kB
AnonHugePages:    944128 kB
CmaTotal:              0 kB
CmaFree:               0 kB
HugePages_Total:       0
HugePages_Free:        0
HugePages_Rsvd:        0
HugePages_Surp:        0
Hugepagesize:       2048 kB
DirectMap4k:      248064 kB
DirectMap2M:     5892096 kB


CPU:total 4 (2 cores per cpu, 2 threads per core) family 6 model 42 stepping 7, cmov, cx8, fxsr, mmx, sse, sse2, sse3, ssse3, sse4.1, sse4.2, popcnt, avx, aes, clmul, ht, tsc, tscinvbit

/proc/cpuinfo:
processor	: 0
vendor_id	: GenuineIntel
cpu family	: 6
model		: 42
model name	: Intel(R) Core(TM) i5-2450M CPU @ 2.50GHz
stepping	: 7
microcode	: 0x25
cpu MHz		: 2180.175
cache size	: 3072 KB
physical id	: 0
siblings	: 4
core id		: 0
cpu cores	: 2
apicid		: 0
initial apicid	: 0
fpu		: yes
fpu_exception	: yes
cpuid level	: 13
wp		: yes
flags		: fpu vme de pse tsc msr pae mce cx8 apic sep mtrr pge mca cmov pat pse36 clflush dts acpi mmx fxsr sse sse2 ss ht tm pbe syscall nx rdtscp lm constant_tsc arch_perfmon pebs bts rep_good nopl xtopology nonstop_tsc aperfmperf eagerfpu pni pclmulqdq dtes64 monitor ds_cpl vmx est tm2 ssse3 cx16 xtpr pdcm pcid sse4_1 sse4_2 x2apic popcnt tsc_deadline_timer aes xsave avx lahf_lm ida arat epb pln pts dtherm tpr_shadow vnmi flexpriority ept vpid xsaveopt
bugs		:
bogomips	: 4988.85
clflush size	: 64
cache_alignment	: 64
address sizes	: 36 bits physical, 48 bits virtual
power management:

processor	: 1
vendor_id	: GenuineIntel
cpu family	: 6
model		: 42
model name	: Intel(R) Core(TM) i5-2450M CPU @ 2.50GHz
stepping	: 7
microcode	: 0x25
cpu MHz		: 2499.902
cache size	: 3072 KB
physical id	: 0
siblings	: 4
core id		: 0
cpu cores	: 2
apicid		: 1
initial apicid	: 1
fpu		: yes
fpu_exception	: yes
cpuid level	: 13
wp		: yes
flags		: fpu vme de pse tsc msr pae mce cx8 apic sep mtrr pge mca cmov pat pse36 clflush dts acpi mmx fxsr sse sse2 ss ht tm pbe syscall nx rdtscp lm constant_tsc arch_perfmon pebs bts rep_good nopl xtopology nonstop_tsc aperfmperf eagerfpu pni pclmulqdq dtes64 monitor ds_cpl vmx est tm2 ssse3 cx16 xtpr pdcm pcid sse4_1 sse4_2 x2apic popcnt tsc_deadline_timer aes xsave avx lahf_lm ida arat epb pln pts dtherm tpr_shadow vnmi flexpriority ept vpid xsaveopt
bugs		:
bogomips	: 4988.85
clflush size	: 64
cache_alignment	: 64
address sizes	: 36 bits physical, 48 bits virtual
power management:

processor	: 2
vendor_id	: GenuineIntel
cpu family	: 6
model		: 42
model name	: Intel(R) Core(TM) i5-2450M CPU @ 2.50GHz
stepping	: 7
microcode	: 0x25
cpu MHz		: 2500.000
cache size	: 3072 KB
physical id	: 0
siblings	: 4
core id		: 1
cpu cores	: 2
apicid		: 2
initial apicid	: 2
fpu		: yes
fpu_exception	: yes
cpuid level	: 13
wp		: yes
flags		: fpu vme de pse tsc msr pae mce cx8 apic sep mtrr pge mca cmov pat pse36 clflush dts acpi mmx fxsr sse sse2 ss ht tm pbe syscall nx rdtscp lm constant_tsc arch_perfmon pebs bts rep_good nopl xtopology nonstop_tsc aperfmperf eagerfpu pni pclmulqdq dtes64 monitor ds_cpl vmx est tm2 ssse3 cx16 xtpr pdcm pcid sse4_1 sse4_2 x2apic popcnt tsc_deadline_timer aes xsave avx lahf_lm ida arat epb pln pts dtherm tpr_shadow vnmi flexpriority ept vpid xsaveopt
bugs		:
bogomips	: 4988.85
clflush size	: 64
cache_alignment	: 64
address sizes	: 36 bits physical, 48 bits virtual
power management:

processor	: 3
vendor_id	: GenuineIntel
cpu family	: 6
model		: 42
model name	: Intel(R) Core(TM) i5-2450M CPU @ 2.50GHz
stepping	: 7
microcode	: 0x25
cpu MHz		: 2500.000
cache size	: 3072 KB
physical id	: 0
siblings	: 4
core id		: 1
cpu cores	: 2
apicid		: 3
initial apicid	: 3
fpu		: yes
fpu_exception	: yes
cpuid level	: 13
wp		: yes
flags		: fpu vme de pse tsc msr pae mce cx8 apic sep mtrr pge mca cmov pat pse36 clflush dts acpi mmx fxsr sse sse2 ss ht tm pbe syscall nx rdtscp lm constant_tsc arch_perfmon pebs bts rep_good nopl xtopology nonstop_tsc aperfmperf eagerfpu pni pclmulqdq dtes64 monitor ds_cpl vmx est tm2 ssse3 cx16 xtpr pdcm pcid sse4_1 sse4_2 x2apic popcnt tsc_deadline_timer aes xsave avx lahf_lm ida arat epb pln pts dtherm tpr_shadow vnmi flexpriority ept vpid xsaveopt
bugs		:
bogomips	: 4988.85
clflush size	: 64
cache_alignment	: 64
address sizes	: 36 bits physical, 48 bits virtual
power management:



Memory: 4k page, physical 5961336k(133288k free), swap 0k(0k free)

vm_info: Java HotSpot(TM) 64-Bit Server VM (25.66-b17) for linux-amd64 JRE (1.8.0_66-b17), built on Oct  6 2015 17:28:34 by "java_re" with gcc 4.3.0 20080428 (Red Hat 4.3.0-8)

time: Mon Nov 30 22:51:01 2015
elapsed time: 21 seconds (0d 0h 0m 21s)

