#
# There is insufficient memory for the Java Runtime Environment to continue.
# Native memory allocation (mmap) failed to map 117440512 bytes for committing reserved memory.
# Possible reasons:
#   The system is out of physical RAM or swap space
#   In 32 bit mode, the process size limit was hit
# Possible solutions:
#   Reduce memory load on the system
#   Increase physical memory or swap space
#   Check if swap backing store is full
#   Use 64 bit Java on a 64 bit OS
#   Decrease Java heap size (-Xmx/-Xms)
#   Decrease number of Java threads
#   Decrease Java thread stack sizes (-Xss)
#   Set larger code cache with -XX:ReservedCodeCacheSize=
# This output file may be truncated or incomplete.
#
#  Out of Memory Error (os_linux.cpp:2627), pid=19207, tid=139858423027456
#
# JRE version: Java(TM) SE Runtime Environment (8.0_60-b27) (build 1.8.0_60-b27)
# Java VM: Java HotSpot(TM) 64-Bit Server VM (25.60-b23 mixed mode linux-amd64 compressed oops)
# Failed to write core dump. Core dumps have been disabled. To enable core dumping, try "ulimit -c unlimited" before starting Java again
#

---------------  T H R E A D  ---------------

Current thread (0x00007f336c078000):  VMThread [stack: 0x00007f33538f9000,0x00007f33539fa000] [id=19217]

Stack: [0x00007f33538f9000,0x00007f33539fa000],  sp=0x00007f33539f8160,  free space=1020k
Native frames: (J=compiled Java code, j=interpreted, Vv=VM code, C=native code)
V  [libjvm.so+0xab97ea]  VMError::report_and_die()+0x2ba
V  [libjvm.so+0x4f9dab]  report_vm_out_of_memory(char const*, int, unsigned long, VMErrorType, char const*)+0x8b
V  [libjvm.so+0x91a7c3]  os::Linux::commit_memory_impl(char*, unsigned long, bool)+0x103
V  [libjvm.so+0x91ad19]  os::pd_commit_memory(char*, unsigned long, unsigned long, bool)+0x29
V  [libjvm.so+0x91502a]  os::commit_memory(char*, unsigned long, unsigned long, bool)+0x2a
V  [libjvm.so+0x9886d3]  PSVirtualSpace::expand_by(unsigned long)+0x53
V  [libjvm.so+0x989ad8]  PSYoungGen::resize_generation(unsigned long, unsigned long)+0xf8
V  [libjvm.so+0x988c32]  PSYoungGen::resize(unsigned long, unsigned long)+0x22
V  [libjvm.so+0x985f0b]  PSScavenge::invoke_no_policy()+0xf3b
V  [libjvm.so+0x986691]  PSScavenge::invoke()+0x41
V  [libjvm.so+0x93e430]  ParallelScavengeHeap::failed_mem_allocate(unsigned long)+0x70
V  [libjvm.so+0xabb207]  VM_ParallelGCFailedAllocation::doit()+0x97
V  [libjvm.so+0xac2c35]  VM_Operation::evaluate()+0x55
V  [libjvm.so+0xac100a]  VMThread::evaluate_operation(VM_Operation*)+0xba
V  [libjvm.so+0xac138e]  VMThread::loop()+0x1ce
V  [libjvm.so+0xac1800]  VMThread::run()+0x70
V  [libjvm.so+0x91cb88]  java_start(Thread*)+0x108

VM_Operation (0x00007f335244cc80): ParallelGCFailedAllocation, mode: safepoint, requested by thread 0x00007f336c17e000


---------------  P R O C E S S  ---------------

Java Threads: ( => current thread )
  0x00007f336c17e000 JavaThread "pool-2-thread-4" [_thread_blocked, id=19230, stack(0x00007f335234e000,0x00007f335244f000)]
  0x00007f336c17c800 JavaThread "pool-2-thread-3" [_thread_blocked, id=19229, stack(0x00007f335244f000,0x00007f3352550000)]
  0x00007f336c17b000 JavaThread "pool-2-thread-2" [_thread_blocked, id=19228, stack(0x00007f3352550000,0x00007f3352651000)]
  0x00007f336c179800 JavaThread "pool-3-thread-1" [_thread_blocked, id=19227, stack(0x00007f3352651000,0x00007f3352752000)]
  0x00007f336c177000 JavaThread "pool-2-thread-1" [_thread_blocked, id=19226, stack(0x00007f3352752000,0x00007f3352853000)]
  0x00007f336c0c2800 JavaThread "Service Thread" daemon [_thread_blocked, id=19224, stack(0x00007f33529df000,0x00007f3352ae0000)]
  0x00007f336c0bd800 JavaThread "C1 CompilerThread2" daemon [_thread_blocked, id=19223, stack(0x00007f3352ae0000,0x00007f3352be1000)]
  0x00007f336c0bb800 JavaThread "C2 CompilerThread1" daemon [_thread_blocked, id=19222, stack(0x00007f3352be1000,0x00007f3352ce2000)]
  0x00007f336c0b8800 JavaThread "C2 CompilerThread0" daemon [_thread_in_native, id=19221, stack(0x00007f3352ce2000,0x00007f3352de3000)]
  0x00007f336c0b7000 JavaThread "Signal Dispatcher" daemon [_thread_blocked, id=19220, stack(0x00007f3352de3000,0x00007f3352ee4000)]
  0x00007f336c07f000 JavaThread "Finalizer" daemon [_thread_blocked, id=19219, stack(0x00007f33536f7000,0x00007f33537f8000)]
  0x00007f336c07d000 JavaThread "Reference Handler" daemon [_thread_blocked, id=19218, stack(0x00007f33537f8000,0x00007f33538f9000)]
  0x00007f336c00a000 JavaThread "main" [_thread_blocked, id=19212, stack(0x00007f3371ff5000,0x00007f33720f6000)]

Other Threads:
=>0x00007f336c078000 VMThread [stack: 0x00007f33538f9000,0x00007f33539fa000] [id=19217]
  0x00007f336c0c5800 WatcherThread [stack: 0x00007f33528de000,0x00007f33529df000] [id=19225]

VM state:at safepoint (normal execution)

VM Mutex/Monitor currently owned by a thread:  ([mutex/lock_event])
[0x00007f336c006490] Threads_lock - owner thread: 0x00007f336c078000
[0x00007f336c006990] Heap_lock - owner thread: 0x00007f336c17e000

Heap:
 PSYoungGen      total 210944K, used 20990K [0x00000000eab00000, 0x00000000f9000000, 0x0000000100000000)
  eden space 189952K, 0% used [0x00000000eab00000,0x00000000eab00000,0x00000000f6480000)
  from space 20992K, 99% used [0x00000000f6480000,0x00000000f78ffab8,0x00000000f7900000)
  to   space 18432K, 0% used [0x00000000f7900000,0x00000000f7900000,0x00000000f8b00000)
 ParOldGen       total 62976K, used 59754K [0x00000000c0000000, 0x00000000c3d80000, 0x00000000eab00000)
  object space 62976K, 94% used [0x00000000c0000000,0x00000000c3a5ab78,0x00000000c3d80000)
 Metaspace       used 6314K, capacity 7218K, committed 7296K, reserved 1056768K
  class space    used 605K, capacity 618K, committed 640K, reserved 1048576K

Card table byte_map: [0x00007f335bbad000,0x00007f335bdae000] byte_map_base: 0x00007f335b5ad000

Marking Bits: (ParMarkBitMap*) 0x00007f33714cbde0
 Begin Bits: [0x00007f3359653000, 0x00007f335a653000)
 End Bits:   [0x00007f335a653000, 0x00007f335b653000)

Polling page: 0x00007f3372113000

CodeCache: size=245760Kb used=7281Kb max_used=7281Kb free=238478Kb
 bounds [0x00007f335c16e000, 0x00007f335c89e000, 0x00007f336b16e000]
 total_blobs=2234 nmethods=1965 adapters=182
 compilation: enabled

Compilation events (10 events):
Event: 49,227 Thread 0x00007f336c0bd800 2210 %     3       com.android.dx.rop.cst.CstString::stringToUtf8Bytes @ 16 (175 bytes)
Event: 49,229 Thread 0x00007f336c0bd800 nmethod 2210% 0x00007f335c87de90 code [0x00007f335c87e060, 0x00007f335c87e978]
Event: 49,235 Thread 0x00007f336c0bd800 2211       2       com.android.dx.cf.attrib.AttSignature::<init> (26 bytes)
Event: 49,235 Thread 0x00007f336c0bd800 nmethod 2211 0x00007f335c87eed0 code [0x00007f335c87f040, 0x00007f335c87f288]
Event: 49,246 Thread 0x00007f336c0bd800 2212       2       com.android.dx.cf.direct.AnnotationParser::parseValue (805 bytes)
Event: 49,256 Thread 0x00007f336c0bd800 nmethod 2212 0x00007f335c87f350 code [0x00007f335c87fca0, 0x00007f335c883a28]
Event: 49,261 Thread 0x00007f336c0bd800 2213       3       com.android.dx.cf.cst.ConstantPoolParser::parse (365 bytes)
Event: 49,265 Thread 0x00007f336c0bd800 nmethod 2213 0x00007f335c8884d0 code [0x00007f335c888a40, 0x00007f335c88bf08]
Event: 49,298 Thread 0x00007f336c0bd800 2214       2       java.util.concurrent.ArrayBlockingQueue::enqueue (53 bytes)
Event: 49,299 Thread 0x00007f336c0bd800 nmethod 2214 0x00007f335c88e150 code [0x00007f335c88e2e0, 0x00007f335c88e628]

GC Heap History (10 events):
Event: 2,069 GC heap after
Heap after GC invocations=2 (full 0):
 PSYoungGen      total 51712K, used 3574K [0x00000000eab00000, 0x00000000ee100000, 0x0000000100000000)
  eden space 48128K, 0% used [0x00000000eab00000,0x00000000eab00000,0x00000000eda00000)
  from space 3584K, 99% used [0x00000000edd80000,0x00000000ee0fd968,0x00000000ee100000)
  to   space 3584K, 0% used [0x00000000eda00000,0x00000000eda00000,0x00000000edd80000)
 ParOldGen       total 62976K, used 7021K [0x00000000c0000000, 0x00000000c3d80000, 0x00000000eab00000)
  object space 62976K, 11% used [0x00000000c0000000,0x00000000c06db618,0x00000000c3d80000)
 Metaspace       used 5811K, capacity 6896K, committed 7040K, reserved 1056768K
  class space    used 584K, capacity 616K, committed 640K, reserved 1048576K
}
Event: 2,955 GC heap before
{Heap before GC invocations=3 (full 0):
 PSYoungGen      total 51712K, used 51702K [0x00000000eab00000, 0x00000000ee100000, 0x0000000100000000)
  eden space 48128K, 100% used [0x00000000eab00000,0x00000000eda00000,0x00000000eda00000)
  from space 3584K, 99% used [0x00000000edd80000,0x00000000ee0fd968,0x00000000ee100000)
  to   space 3584K, 0% used [0x00000000eda00000,0x00000000eda00000,0x00000000edd80000)
 ParOldGen       total 62976K, used 7021K [0x00000000c0000000, 0x00000000c3d80000, 0x00000000eab00000)
  object space 62976K, 11% used [0x00000000c0000000,0x00000000c06db618,0x00000000c3d80000)
 Metaspace       used 5931K, capacity 7024K, committed 7296K, reserved 1056768K
  class space    used 584K, capacity 616K, committed 640K, reserved 1048576K
Event: 3,034 GC heap after
Heap after GC invocations=3 (full 0):
 PSYoungGen      total 51712K, used 3558K [0x00000000eab00000, 0x00000000f1000000, 0x0000000100000000)
  eden space 48128K, 0% used [0x00000000eab00000,0x00000000eab00000,0x00000000eda00000)
  from space 3584K, 99% used [0x00000000eda00000,0x00000000edd79b98,0x00000000edd80000)
  to   space 3584K, 0% used [0x00000000f0c80000,0x00000000f0c80000,0x00000000f1000000)
 ParOldGen       total 62976K, used 14305K [0x00000000c0000000, 0x00000000c3d80000, 0x00000000eab00000)
  object space 62976K, 22% used [0x00000000c0000000,0x00000000c0df8498,0x00000000c3d80000)
 Metaspace       used 5931K, capacity 7024K, committed 7296K, reserved 1056768K
  class space    used 584K, capacity 616K, committed 640K, reserved 1048576K
}
Event: 3,882 GC heap before
{Heap before GC invocations=4 (full 0):
 PSYoungGen      total 51712K, used 51686K [0x00000000eab00000, 0x00000000f1000000, 0x0000000100000000)
  eden space 48128K, 100% used [0x00000000eab00000,0x00000000eda00000,0x00000000eda00000)
  from space 3584K, 99% used [0x00000000eda00000,0x00000000edd79b98,0x00000000edd80000)
  to   space 3584K, 0% used [0x00000000f0c80000,0x00000000f0c80000,0x00000000f1000000)
 ParOldGen       total 62976K, used 14305K [0x00000000c0000000, 0x00000000c3d80000, 0x00000000eab00000)
  object space 62976K, 22% used [0x00000000c0000000,0x00000000c0df8498,0x00000000c3d80000)
 Metaspace       used 5991K, capacity 7088K, committed 7296K, reserved 1056768K
  class space    used 586K, capacity 616K, committed 640K, reserved 1048576K
Event: 3,985 GC heap after
Heap after GC invocations=4 (full 0):
 PSYoungGen      total 99840K, used 3560K [0x00000000eab00000, 0x00000000f1000000, 0x0000000100000000)
  eden space 96256K, 0% used [0x00000000eab00000,0x00000000eab00000,0x00000000f0900000)
  from space 3584K, 99% used [0x00000000f0c80000,0x00000000f0ffa2b8,0x00000000f1000000)
  to   space 3584K, 0% used [0x00000000f0900000,0x00000000f0900000,0x00000000f0c80000)
 ParOldGen       total 62976K, used 22634K [0x00000000c0000000, 0x00000000c3d80000, 0x00000000eab00000)
  object space 62976K, 35% used [0x00000000c0000000,0x00000000c161a980,0x00000000c3d80000)
 Metaspace       used 5991K, capacity 7088K, committed 7296K, reserved 1056768K
  class space    used 586K, capacity 616K, committed 640K, reserved 1048576K
}
Event: 43,554 GC heap before
{Heap before GC invocations=5 (full 0):
 PSYoungGen      total 99840K, used 99816K [0x00000000eab00000, 0x00000000f1000000, 0x0000000100000000)
  eden space 96256K, 100% used [0x00000000eab00000,0x00000000f0900000,0x00000000f0900000)
  from space 3584K, 99% used [0x00000000f0c80000,0x00000000f0ffa2b8,0x00000000f1000000)
  to   space 3584K, 0% used [0x00000000f0900000,0x00000000f0900000,0x00000000f0c80000)
 ParOldGen       total 62976K, used 22634K [0x00000000c0000000, 0x00000000c3d80000, 0x00000000eab00000)
  object space 62976K, 35% used [0x00000000c0000000,0x00000000c161a980,0x00000000c3d80000)
 Metaspace       used 6141K, capacity 7090K, committed 7296K, reserved 1056768K
  class space    used 605K, capacity 618K, committed 640K, reserved 1048576K
Event: 45,317 GC heap after
Heap after GC invocations=5 (full 0):
 PSYoungGen      total 99840K, used 3571K [0x00000000eab00000, 0x00000000f8b00000, 0x0000000100000000)
  eden space 96256K, 0% used [0x00000000eab00000,0x00000000eab00000,0x00000000f0900000)
  from space 3584K, 99% used [0x00000000f0900000,0x00000000f0c7cd30,0x00000000f0c80000)
  to   space 18432K, 0% used [0x00000000f7900000,0x00000000f7900000,0x00000000f8b00000)
 ParOldGen       total 62976K, used 36442K [0x00000000c0000000, 0x00000000c3d80000, 0x00000000eab00000)
  object space 62976K, 57% used [0x00000000c0000000,0x00000000c2396bb8,0x00000000c3d80000)
 Metaspace       used 6141K, capacity 7090K, committed 7296K, reserved 1056768K
  class space    used 605K, capacity 618K, committed 640K, reserved 1048576K
}
Event: 46,276 GC heap before
{Heap before GC invocations=6 (full 0):
 PSYoungGen      total 99840K, used 99827K [0x00000000eab00000, 0x00000000f8b00000, 0x0000000100000000)
  eden space 96256K, 100% used [0x00000000eab00000,0x00000000f0900000,0x00000000f0900000)
  from space 3584K, 99% used [0x00000000f0900000,0x00000000f0c7cd30,0x00000000f0c80000)
  to   space 18432K, 0% used [0x00000000f7900000,0x00000000f7900000,0x00000000f8b00000)
 ParOldGen       total 62976K, used 36442K [0x00000000c0000000, 0x00000000c3d80000, 0x00000000eab00000)
  object space 62976K, 57% used [0x00000000c0000000,0x00000000c2396bb8,0x00000000c3d80000)
 Metaspace       used 6201K, capacity 7154K, committed 7296K, reserved 1056768K
  class space    used 605K, capacity 618K, committed 640K, reserved 1048576K
Event: 46,470 GC heap after
Heap after GC invocations=6 (full 0):
 PSYoungGen      total 208384K, used 17819K [0x00000000eab00000, 0x00000000f9000000, 0x0000000100000000)
  eden space 189952K, 0% used [0x00000000eab00000,0x00000000eab00000,0x00000000f6480000)
  from space 18432K, 96% used [0x00000000f7900000,0x00000000f8a66ec8,0x00000000f8b00000)
  to   space 20992K, 0% used [0x00000000f6480000,0x00000000f6480000,0x00000000f7900000)
 ParOldGen       total 62976K, used 36442K [0x00000000c0000000, 0x00000000c3d80000, 0x00000000eab00000)
  object space 62976K, 57% used [0x00000000c0000000,0x00000000c2396bb8,0x00000000c3d80000)
 Metaspace       used 6201K, capacity 7154K, committed 7296K, reserved 1056768K
  class space    used 605K, capacity 618K, committed 640K, reserved 1048576K
}
Event: 49,415 GC heap before
{Heap before GC invocations=7 (full 0):
 PSYoungGen      total 208384K, used 207771K [0x00000000eab00000, 0x00000000f9000000, 0x0000000100000000)
  eden space 189952K, 100% used [0x00000000eab00000,0x00000000f6480000,0x00000000f6480000)
  from space 18432K, 96% used [0x00000000f7900000,0x00000000f8a66ec8,0x00000000f8b00000)
  to   space 20992K, 0% used [0x00000000f6480000,0x00000000f6480000,0x00000000f7900000)
 ParOldGen       total 62976K, used 36442K [0x00000000c0000000, 0x00000000c3d80000, 0x00000000eab00000)
  object space 62976K, 57% used [0x00000000c0000000,0x00000000c2396bb8,0x00000000c3d80000)
 Metaspace       used 6314K, capacity 7218K, committed 7296K, reserved 1056768K
  class space    used 605K, capacity 618K, committed 640K, reserved 1048576K

Deoptimization events (10 events):
Event: 47,333 Thread 0x00007f336c177000 Uncommon trap: reason=bimorphic action=maybe_recompile pc=0x00007f335c7ffe64 method=com.android.dx.cf.code.BytecodeArray.parseInstruction(ILcom/android/dx/cf/code/BytecodeArray$Visitor;)I @ 1501
Event: 47,334 Thread 0x00007f336c177000 Uncommon trap: reason=bimorphic action=maybe_recompile pc=0x00007f335c7ffe64 method=com.android.dx.cf.code.BytecodeArray.parseInstruction(ILcom/android/dx/cf/code/BytecodeArray$Visitor;)I @ 1501
Event: 48,271 Thread 0x00007f336c17b000 Uncommon trap: reason=bimorphic action=maybe_recompile pc=0x00007f335c803a70 method=com.android.dx.cf.code.BytecodeArray.parseInstruction(ILcom/android/dx/cf/code/BytecodeArray$Visitor;)I @ 2484
Event: 48,271 Thread 0x00007f336c17b000 Uncommon trap: reason=bimorphic action=maybe_recompile pc=0x00007f335c803a70 method=com.android.dx.cf.code.BytecodeArray.parseInstruction(ILcom/android/dx/cf/code/BytecodeArray$Visitor;)I @ 2484
Event: 48,399 Thread 0x00007f336c177000 Uncommon trap: reason=unstable_if action=reinterpret pc=0x00007f335c462c7c method=com.android.dx.ssa.SsaMethod.updateOneDefinition(Lcom/android/dx/ssa/SsaInsn;Lcom/android/dx/rop/code/RegisterSpec;)V @ 4
Event: 48,465 Thread 0x00007f336c17b000 Uncommon trap: reason=unstable_if action=reinterpret pc=0x00007f335c4525a0 method=com.android.dx.dex.code.OutputFinisher.hasLocalInfo(Lcom/android/dx/dex/code/DalvInsn;)Z @ 24
Event: 48,834 Thread 0x00007f336c17b000 Uncommon trap: reason=class_check action=maybe_recompile pc=0x00007f335c825464 method=com.android.dx.rop.code.RegisterSpec.withSimpleType()Lcom/android/dx/rop/code/RegisterSpec; @ 21
Event: 48,834 Thread 0x00007f336c17b000 Uncommon trap: reason=class_check action=maybe_recompile pc=0x00007f335c825464 method=com.android.dx.rop.code.RegisterSpec.withSimpleType()Lcom/android/dx/rop/code/RegisterSpec; @ 21
Event: 48,834 Thread 0x00007f336c17b000 Uncommon trap: reason=class_check action=maybe_recompile pc=0x00007f335c825464 method=com.android.dx.rop.code.RegisterSpec.withSimpleType()Lcom/android/dx/rop/code/RegisterSpec; @ 21
Event: 48,834 Thread 0x00007f336c17b000 Uncommon trap: reason=class_check action=maybe_recompile pc=0x00007f335c825464 method=com.android.dx.rop.code.RegisterSpec.withSimpleType()Lcom/android/dx/rop/code/RegisterSpec; @ 21

Internal exceptions (5 events):
Event: 0,136 Thread 0x00007f336c00a000 Exception <a 'java/lang/NoSuchMethodError': Method sun.misc.Unsafe.defineClass(Ljava/lang/String;[BII)Ljava/lang/Class; name or signature does not match> (0x00000000eab12b98) thrown at [/HUDSON/workspace/8-2-build-linux-amd64/jdk8u60/4407/hotspot/src/shar
Event: 0,136 Thread 0x00007f336c00a000 Exception <a 'java/lang/NoSuchMethodError': Method sun.misc.Unsafe.prefetchRead(Ljava/lang/Object;J)V name or signature does not match> (0x00000000eab12e80) thrown at [/HUDSON/workspace/8-2-build-linux-amd64/jdk8u60/4407/hotspot/src/share/vm/prims/jni.cpp
Event: 4,344 Thread 0x00007f336c17c800 Exception <a 'java/lang/ArrayIndexOutOfBoundsException': 18> (0x00000000ec6d6490) thrown at [/HUDSON/workspace/8-2-build-linux-amd64/jdk8u60/4407/hotspot/src/share/vm/interpreter/interpreterRuntime.cpp, line 366]
Event: 4,346 Thread 0x00007f336c17c800 Exception <a 'java/lang/ArrayIndexOutOfBoundsException': 145> (0x00000000ec6d8010) thrown at [/HUDSON/workspace/8-2-build-linux-amd64/jdk8u60/4407/hotspot/src/share/vm/interpreter/interpreterRuntime.cpp, line 366]
Event: 4,368 Thread 0x00007f336c17c800 Exception <a 'java/lang/ArrayIndexOutOfBoundsException'> (0x00000000ec6d92f8) thrown at [/HUDSON/workspace/8-2-build-linux-amd64/jdk8u60/4407/hotspot/src/share/vm/runtime/sharedRuntime.cpp, line 605]

Events (10 events):
Event: 48,834 Thread 0x00007f336c17b000 DEOPT UNPACKING pc=0x00007f335c173229 sp=0x00007f335264ef88 mode 2
Event: 48,888 Thread 0x00007f336c17e000 DEOPT PACKING pc=0x00007f335c53222c sp=0x00007f335244cd20
Event: 48,888 Thread 0x00007f336c17e000 DEOPT UNPACKING pc=0x00007f335c1b5633 sp=0x00007f335244ca20 mode 0
Event: 48,888 Thread 0x00007f336c17e000 DEOPT PACKING pc=0x00007f335c602e21 sp=0x00007f335244cc30
Event: 48,888 Thread 0x00007f336c17e000 DEOPT UNPACKING pc=0x00007f335c1b5633 sp=0x00007f335244c9a0 mode 0
Event: 49,267 Thread 0x00007f336c00a000 DEOPT PACKING pc=0x00007f335c74c6c2 sp=0x00007f33720f3e20
Event: 49,268 Thread 0x00007f336c00a000 DEOPT UNPACKING pc=0x00007f335c1b5633 sp=0x00007f33720f3c50 mode 0
Event: 49,280 Thread 0x00007f336c17b000 DEOPT PACKING pc=0x00007f335c53222c sp=0x00007f335264f170
Event: 49,280 Thread 0x00007f336c17b000 DEOPT UNPACKING pc=0x00007f335c1b5633 sp=0x00007f335264ee70 mode 0
Event: 49,382 Executing VM operation: ParallelGCFailedAllocation


Dynamic libraries:
00400000-00401000 r-xp 00000000 08:01 2362311                            /usr/lib/jvm/java-8-oracle/bin/java
00600000-00601000 rw-p 00000000 08:01 2362311                            /usr/lib/jvm/java-8-oracle/bin/java
0113c000-0115d000 rw-p 00000000 00:00 0                                  [heap]
c0000000-c3d80000 rw-p 00000000 00:00 0 
c3d80000-eab00000 ---p 00000000 00:00 0 
eab00000-f9000000 rw-p 00000000 00:00 0 
100000000-1000a0000 rw-p 00000000 00:00 0 
1000a0000-140000000 ---p 00000000 00:00 0 
7f330c000000-7f330c041000 rw-p 00000000 00:00 0 
7f330c041000-7f3310000000 ---p 00000000 00:00 0 
7f3310000000-7f3310021000 rw-p 00000000 00:00 0 
7f3310021000-7f3314000000 ---p 00000000 00:00 0 
7f3314000000-7f3314021000 rw-p 00000000 00:00 0 
7f3314021000-7f3318000000 ---p 00000000 00:00 0 
7f3318000000-7f3318036000 rw-p 00000000 00:00 0 
7f3318036000-7f331c000000 ---p 00000000 00:00 0 
7f331c000000-7f331c021000 rw-p 00000000 00:00 0 
7f331c021000-7f3320000000 ---p 00000000 00:00 0 
7f3320000000-7f3320037000 rw-p 00000000 00:00 0 
7f3320037000-7f3324000000 ---p 00000000 00:00 0 
7f3324000000-7f3324c28000 rw-p 00000000 00:00 0 
7f3324c28000-7f3328000000 ---p 00000000 00:00 0 
7f3328000000-7f3328021000 rw-p 00000000 00:00 0 
7f3328021000-7f332c000000 ---p 00000000 00:00 0 
7f332c000000-7f332d1b5000 rw-p 00000000 00:00 0 
7f332d1b5000-7f3330000000 ---p 00000000 00:00 0 
7f3330000000-7f3331539000 rw-p 00000000 00:00 0 
7f3331539000-7f3334000000 ---p 00000000 00:00 0 
7f3334000000-7f3334021000 rw-p 00000000 00:00 0 
7f3334021000-7f3338000000 ---p 00000000 00:00 0 
7f3338000000-7f3338021000 rw-p 00000000 00:00 0 
7f3338021000-7f333c000000 ---p 00000000 00:00 0 
7f333c000000-7f333c29e000 rw-p 00000000 00:00 0 
7f333c29e000-7f3340000000 ---p 00000000 00:00 0 
7f3340000000-7f3340021000 rw-p 00000000 00:00 0 
7f3340021000-7f3344000000 ---p 00000000 00:00 0 
7f3344000000-7f3344021000 rw-p 00000000 00:00 0 
7f3344021000-7f3348000000 ---p 00000000 00:00 0 
7f3348000000-7f3348021000 rw-p 00000000 00:00 0 
7f3348021000-7f334c000000 ---p 00000000 00:00 0 
7f334c000000-7f334c021000 rw-p 00000000 00:00 0 
7f334c021000-7f3350000000 ---p 00000000 00:00 0 
7f335234e000-7f3352351000 ---p 00000000 00:00 0 
7f3352351000-7f335244f000 rw-p 00000000 00:00 0                          [stack:19230]
7f335244f000-7f3352452000 ---p 00000000 00:00 0 
7f3352452000-7f3352550000 rw-p 00000000 00:00 0                          [stack:19229]
7f3352550000-7f3352553000 ---p 00000000 00:00 0 
7f3352553000-7f3352651000 rw-p 00000000 00:00 0                          [stack:19228]
7f3352651000-7f3352654000 ---p 00000000 00:00 0 
7f3352654000-7f3352752000 rw-p 00000000 00:00 0                          [stack:19227]
7f3352752000-7f3352755000 ---p 00000000 00:00 0 
7f3352755000-7f3352853000 rw-p 00000000 00:00 0                          [stack:19226]
7f3352853000-7f33528de000 r--s 006da000 08:01 1835236                    /home/tomasz/AndroidStudioProjects/ITAssistant/app/build/intermediates/transforms/CLASSES/FULL_PROJECT/jarMerging/debug/classes.jar
7f33528de000-7f33528df000 ---p 00000000 00:00 0 
7f33528df000-7f33529df000 rw-p 00000000 00:00 0                          [stack:19225]
7f33529df000-7f33529e2000 ---p 00000000 00:00 0 
7f33529e2000-7f3352ae0000 rw-p 00000000 00:00 0                          [stack:19224]
7f3352ae0000-7f3352ae3000 ---p 00000000 00:00 0 
7f3352ae3000-7f3352be1000 rw-p 00000000 00:00 0                          [stack:19223]
7f3352be1000-7f3352be4000 ---p 00000000 00:00 0 
7f3352be4000-7f3352ce2000 rw-p 00000000 00:00 0                          [stack:19222]
7f3352ce2000-7f3352ce5000 ---p 00000000 00:00 0 
7f3352ce5000-7f3352de3000 rw-p 00000000 00:00 0                          [stack:19221]
7f3352de3000-7f3352de6000 ---p 00000000 00:00 0 
7f3352de6000-7f3352ee4000 rw-p 00000000 00:00 0                          [stack:19220]
7f3352ee4000-7f33536f7000 r--p 00000000 08:01 1579663                    /usr/lib/locale/locale-archive
7f33536f7000-7f33536fa000 ---p 00000000 00:00 0 
7f33536fa000-7f33537f8000 rw-p 00000000 00:00 0                          [stack:19219]
7f33537f8000-7f33537fb000 ---p 00000000 00:00 0 
7f33537fb000-7f33538f9000 rw-p 00000000 00:00 0                          [stack:19218]
7f33538f9000-7f33538fa000 ---p 00000000 00:00 0 
7f33538fa000-7f3354000000 rw-p 00000000 00:00 0                          [stack:19217]
7f3354000000-7f3354021000 rw-p 00000000 00:00 0 
7f3354021000-7f3358000000 ---p 00000000 00:00 0 
7f3358025000-7f335804a000 r--p 00000000 08:01 2361987                    /usr/share/locale-langpack/pl/LC_MESSAGES/libc.mo
7f335804a000-7f3358a05000 rw-p 00000000 00:00 0 
7f3358a05000-7f3358bdd000 r--s 03d17000 08:01 2107729                    /usr/lib/jvm/java-8-oracle/jre/lib/rt.jar
7f3358bdd000-7f33592d3000 rw-p 00000000 00:00 0 
7f33592d3000-7f3359453000 ---p 00000000 00:00 0 
7f3359453000-7f335b653000 rw-p 00000000 00:00 0 
7f335b653000-7f335b654000 ---p 00000000 00:00 0 
7f335b654000-7f335b754000 rw-p 00000000 00:00 0                          [stack:19216]
7f335b754000-7f335b755000 ---p 00000000 00:00 0 
7f335b755000-7f335b855000 rw-p 00000000 00:00 0                          [stack:19215]
7f335b855000-7f335b856000 ---p 00000000 00:00 0 
7f335b856000-7f335b956000 rw-p 00000000 00:00 0                          [stack:19214]
7f335b956000-7f335b957000 ---p 00000000 00:00 0 
7f335b957000-7f335ba76000 rw-p 00000000 00:00 0                          [stack:19213]
7f335ba76000-7f335bbad000 ---p 00000000 00:00 0 
7f335bbad000-7f335bbcc000 rw-p 00000000 00:00 0 
7f335bbcc000-7f335bd02000 ---p 00000000 00:00 0 
7f335bd02000-7f335bd75000 rw-p 00000000 00:00 0 
7f335bd75000-7f335bdad000 ---p 00000000 00:00 0 
7f335bdad000-7f335bdcb000 rw-p 00000000 00:00 0 
7f335bdcb000-7f335c16e000 ---p 00000000 00:00 0 
7f335c16e000-7f335c89e000 rwxp 00000000 00:00 0 
7f335c89e000-7f336b16e000 ---p 00000000 00:00 0 
7f336b16e000-7f336b188000 r-xp 00000000 08:01 2107706                    /usr/lib/jvm/java-8-oracle/jre/lib/amd64/libzip.so
7f336b188000-7f336b388000 ---p 0001a000 08:01 2107706                    /usr/lib/jvm/java-8-oracle/jre/lib/amd64/libzip.so
7f336b388000-7f336b389000 rw-p 0001a000 08:01 2107706                    /usr/lib/jvm/java-8-oracle/jre/lib/amd64/libzip.so
7f336b389000-7f336b394000 r-xp 00000000 08:01 5771445                    /lib/x86_64-linux-gnu/libnss_files-2.19.so
7f336b394000-7f336b593000 ---p 0000b000 08:01 5771445                    /lib/x86_64-linux-gnu/libnss_files-2.19.so
7f336b593000-7f336b594000 r--p 0000a000 08:01 5771445                    /lib/x86_64-linux-gnu/libnss_files-2.19.so
7f336b594000-7f336b595000 rw-p 0000b000 08:01 5771445                    /lib/x86_64-linux-gnu/libnss_files-2.19.so
7f336b595000-7f336b5a0000 r-xp 00000000 08:01 5771455                    /lib/x86_64-linux-gnu/libnss_nis-2.19.so
7f336b5a0000-7f336b79f000 ---p 0000b000 08:01 5771455                    /lib/x86_64-linux-gnu/libnss_nis-2.19.so
7f336b79f000-7f336b7a0000 r--p 0000a000 08:01 5771455                    /lib/x86_64-linux-gnu/libnss_nis-2.19.so
7f336b7a0000-7f336b7a1000 rw-p 0000b000 08:01 5771455                    /lib/x86_64-linux-gnu/libnss_nis-2.19.so
7f336b7a1000-7f336b7b8000 r-xp 00000000 08:01 5771439                    /lib/x86_64-linux-gnu/libnsl-2.19.so
7f336b7b8000-7f336b9b7000 ---p 00017000 08:01 5771439                    /lib/x86_64-linux-gnu/libnsl-2.19.so
7f336b9b7000-7f336b9b8000 r--p 00016000 08:01 5771439                    /lib/x86_64-linux-gnu/libnsl-2.19.so
7f336b9b8000-7f336b9b9000 rw-p 00017000 08:01 5771439                    /lib/x86_64-linux-gnu/libnsl-2.19.so
7f336b9b9000-7f336b9bb000 rw-p 00000000 00:00 0 
7f336b9bb000-7f336b9c4000 r-xp 00000000 08:01 5771441                    /lib/x86_64-linux-gnu/libnss_compat-2.19.so
7f336b9c4000-7f336bbc3000 ---p 00009000 08:01 5771441                    /lib/x86_64-linux-gnu/libnss_compat-2.19.so
7f336bbc3000-7f336bbc4000 r--p 00008000 08:01 5771441                    /lib/x86_64-linux-gnu/libnss_compat-2.19.so
7f336bbc4000-7f336bbc5000 rw-p 00009000 08:01 5771441                    /lib/x86_64-linux-gnu/libnss_compat-2.19.so
7f336bbc5000-7f336bbef000 r-xp 00000000 08:01 2107695                    /usr/lib/jvm/java-8-oracle/jre/lib/amd64/libjava.so
7f336bbef000-7f336bdef000 ---p 0002a000 08:01 2107695                    /usr/lib/jvm/java-8-oracle/jre/lib/amd64/libjava.so
7f336bdef000-7f336bdf1000 rw-p 0002a000 08:01 2107695                    /usr/lib/jvm/java-8-oracle/jre/lib/amd64/libjava.so
7f336bdf1000-7f336bdfe000 r-xp 00000000 08:01 2107656                    /usr/lib/jvm/java-8-oracle/jre/lib/amd64/libverify.so
7f336bdfe000-7f336bffe000 ---p 0000d000 08:01 2107656                    /usr/lib/jvm/java-8-oracle/jre/lib/amd64/libverify.so
7f336bffe000-7f336c000000 rw-p 0000d000 08:01 2107656                    /usr/lib/jvm/java-8-oracle/jre/lib/amd64/libverify.so
7f336c000000-7f336c3a6000 rw-p 00000000 00:00 0 
7f336c3a6000-7f3370000000 ---p 00000000 00:00 0 
7f3370008000-7f337000f000 r--s 00000000 08:01 1967077                    /usr/lib/x86_64-linux-gnu/gconv/gconv-modules.cache
7f337000f000-7f3370016000 r-xp 00000000 08:01 5771498                    /lib/x86_64-linux-gnu/librt-2.19.so
7f3370016000-7f3370215000 ---p 00007000 08:01 5771498                    /lib/x86_64-linux-gnu/librt-2.19.so
7f3370215000-7f3370216000 r--p 00006000 08:01 5771498                    /lib/x86_64-linux-gnu/librt-2.19.so
7f3370216000-7f3370217000 rw-p 00007000 08:01 5771498                    /lib/x86_64-linux-gnu/librt-2.19.so
7f3370217000-7f337031c000 r-xp 00000000 08:01 5771420                    /lib/x86_64-linux-gnu/libm-2.19.so
7f337031c000-7f337051b000 ---p 00105000 08:01 5771420                    /lib/x86_64-linux-gnu/libm-2.19.so
7f337051b000-7f337051c000 r--p 00104000 08:01 5771420                    /lib/x86_64-linux-gnu/libm-2.19.so
7f337051c000-7f337051d000 rw-p 00105000 08:01 5771420                    /lib/x86_64-linux-gnu/libm-2.19.so
7f337051d000-7f33711db000 r-xp 00000000 08:01 2107705                    /usr/lib/jvm/java-8-oracle/jre/lib/amd64/server/libjvm.so
7f33711db000-7f33713da000 ---p 00cbe000 08:01 2107705                    /usr/lib/jvm/java-8-oracle/jre/lib/amd64/server/libjvm.so
7f33713da000-7f33714b2000 rw-p 00cbd000 08:01 2107705                    /usr/lib/jvm/java-8-oracle/jre/lib/amd64/server/libjvm.so
7f33714b2000-7f33714f7000 rw-p 00000000 00:00 0 
7f33714f7000-7f33716b2000 r-xp 00000000 08:01 5771370                    /lib/x86_64-linux-gnu/libc-2.19.so
7f33716b2000-7f33718b1000 ---p 001bb000 08:01 5771370                    /lib/x86_64-linux-gnu/libc-2.19.so
7f33718b1000-7f33718b5000 r--p 001ba000 08:01 5771370                    /lib/x86_64-linux-gnu/libc-2.19.so
7f33718b5000-7f33718b7000 rw-p 001be000 08:01 5771370                    /lib/x86_64-linux-gnu/libc-2.19.so
7f33718b7000-7f33718bc000 rw-p 00000000 00:00 0 
7f33718bc000-7f33718bf000 r-xp 00000000 08:01 5771387                    /lib/x86_64-linux-gnu/libdl-2.19.so
7f33718bf000-7f3371abe000 ---p 00003000 08:01 5771387                    /lib/x86_64-linux-gnu/libdl-2.19.so
7f3371abe000-7f3371abf000 r--p 00002000 08:01 5771387                    /lib/x86_64-linux-gnu/libdl-2.19.so
7f3371abf000-7f3371ac0000 rw-p 00003000 08:01 5771387                    /lib/x86_64-linux-gnu/libdl-2.19.so
7f3371ac0000-7f3371ad5000 r-xp 00000000 08:01 3039267                    /usr/lib/jvm/java-8-oracle/lib/amd64/jli/libjli.so
7f3371ad5000-7f3371cd5000 ---p 00015000 08:01 3039267                    /usr/lib/jvm/java-8-oracle/lib/amd64/jli/libjli.so
7f3371cd5000-7f3371cd6000 rw-p 00015000 08:01 3039267                    /usr/lib/jvm/java-8-oracle/lib/amd64/jli/libjli.so
7f3371cd6000-7f3371cef000 r-xp 00000000 08:01 5771490                    /lib/x86_64-linux-gnu/libpthread-2.19.so
7f3371cef000-7f3371eee000 ---p 00019000 08:01 5771490                    /lib/x86_64-linux-gnu/libpthread-2.19.so
7f3371eee000-7f3371eef000 r--p 00018000 08:01 5771490                    /lib/x86_64-linux-gnu/libpthread-2.19.so
7f3371eef000-7f3371ef0000 rw-p 00019000 08:01 5771490                    /lib/x86_64-linux-gnu/libpthread-2.19.so
7f3371ef0000-7f3371ef4000 rw-p 00000000 00:00 0 
7f3371ef4000-7f3371f17000 r-xp 00000000 08:01 5771346                    /lib/x86_64-linux-gnu/ld-2.19.so
7f3371f1c000-7f3371ff5000 rw-p 00000000 00:00 0 
7f3371ff5000-7f3371ff8000 ---p 00000000 00:00 0 
7f3371ff8000-7f33720fb000 rw-p 00000000 00:00 0                          [stack:19212]
7f33720fb000-7f337210a000 r--s 000df000 08:01 656243                     /home/tomasz/Android/Sdk/build-tools/23.0.1/lib/dx.jar
7f337210a000-7f3372112000 rw-s 00000000 08:01 6032405                    /tmp/hsperfdata_tomasz/19207
7f3372112000-7f3372113000 rw-p 00000000 00:00 0 
7f3372113000-7f3372114000 ---p 00000000 00:00 0 
7f3372114000-7f3372116000 rw-p 00000000 00:00 0 
7f3372116000-7f3372117000 r--p 00022000 08:01 5771346                    /lib/x86_64-linux-gnu/ld-2.19.so
7f3372117000-7f3372118000 rw-p 00023000 08:01 5771346                    /lib/x86_64-linux-gnu/ld-2.19.so
7f3372118000-7f3372119000 rw-p 00000000 00:00 0 
7fff2ce1e000-7fff2ce3f000 rw-p 00000000 00:00 0                          [stack]
7fff2ce65000-7fff2ce67000 r--p 00000000 00:00 0                          [vvar]
7fff2ce67000-7fff2ce69000 r-xp 00000000 00:00 0                          [vdso]
ffffffffff600000-ffffffffff601000 r-xp 00000000 00:00 0                  [vsyscall]

VM Arguments:
jvm_args: -Xmx1024M -Dfile.encoding=UTF-8 -Duser.country=PL -Duser.language=pl -Duser.variant 
java_command: com.android.dx.command.Main --dex --num-threads=4 --multi-dex --main-dex-list /home/tomasz/AndroidStudioProjects/ITAssistant/app/build/intermediates/multi-dex/debug/maindexlist.txt --output /home/tomasz/AndroidStudioProjects/ITAssistant/app/build/intermediates/transforms/DEX/FULL_PROJECT/dex/debug /home/tomasz/AndroidStudioProjects/ITAssistant/app/build/intermediates/transforms/CLASSES/FULL_PROJECT/jarMerging/debug/classes.jar
java_class_path (initial): /home/tomasz/Android/Sdk/build-tools/23.0.1/lib/dx.jar
Launcher Type: SUN_STANDARD

Environment Variables:
PATH=/usr/local/sbin:/usr/local/bin:/usr/sbin:/usr/bin:/sbin:/bin:/usr/games:/usr/local/games
LD_LIBRARY_PATH=/opt/android-studio/bin:
SHELL=/bin/bash
DISPLAY=:0

Signal Handlers:
SIGSEGV: [libjvm.so+0xaba070], sa_mask[0]=11111111011111111101111111111110, sa_flags=SA_RESTART|SA_SIGINFO
SIGBUS: [libjvm.so+0xaba070], sa_mask[0]=11111111011111111101111111111110, sa_flags=SA_RESTART|SA_SIGINFO
SIGFPE: [libjvm.so+0x917630], sa_mask[0]=11111111011111111101111111111110, sa_flags=SA_RESTART|SA_SIGINFO
SIGPIPE: [libjvm.so+0x917630], sa_mask[0]=11111111011111111101111111111110, sa_flags=SA_RESTART|SA_SIGINFO
SIGXFSZ: [libjvm.so+0x917630], sa_mask[0]=11111111011111111101111111111110, sa_flags=SA_RESTART|SA_SIGINFO
SIGILL: [libjvm.so+0x917630], sa_mask[0]=11111111011111111101111111111110, sa_flags=SA_RESTART|SA_SIGINFO
SIGUSR1: SIG_DFL, sa_mask[0]=00000000000000000000000000000000, sa_flags=none
SIGUSR2: [libjvm.so+0x918c60], sa_mask[0]=00100000000000000000000000000000, sa_flags=SA_RESTART|SA_SIGINFO
SIGHUP: [libjvm.so+0x91a060], sa_mask[0]=11111111011111111101111111111110, sa_flags=SA_RESTART|SA_SIGINFO
SIGINT: [libjvm.so+0x91a060], sa_mask[0]=11111111011111111101111111111110, sa_flags=SA_RESTART|SA_SIGINFO
SIGTERM: [libjvm.so+0x91a060], sa_mask[0]=11111111011111111101111111111110, sa_flags=SA_RESTART|SA_SIGINFO
SIGQUIT: [libjvm.so+0x91a060], sa_mask[0]=11111111011111111101111111111110, sa_flags=SA_RESTART|SA_SIGINFO


---------------  S Y S T E M  ---------------

OS:DISTRIB_ID=Ubuntu
DISTRIB_RELEASE=14.04
DISTRIB_CODENAME=trusty
DISTRIB_DESCRIPTION="Ubuntu 14.04.3 LTS"

uname:Linux 3.19.0-30-generic #34~14.04.1-Ubuntu SMP Fri Oct 2 22:09:39 UTC 2015 x86_64
libc:glibc 2.19 NPTL 2.19 
rlimit: STACK 8192k, CORE 0k, NPROC 23202, NOFILE 4096, AS infinity
load average:24,33 7,52 2,95

/proc/meminfo:
MemTotal:        5961336 kB
MemFree:          135648 kB
MemAvailable:      76288 kB
Buffers:             284 kB
Cached:           506432 kB
SwapCached:            0 kB
Active:          5124216 kB
Inactive:         485364 kB
Active(anon):    5122168 kB
Inactive(anon):   480328 kB
Active(file):       2048 kB
Inactive(file):     5036 kB
Unevictable:         880 kB
Mlocked:             880 kB
SwapTotal:             0 kB
SwapFree:              0 kB
Dirty:               864 kB
Writeback:             4 kB
AnonPages:       5104504 kB
Mapped:           279624 kB
Shmem:            499020 kB
Slab:              84068 kB
SReclaimable:      43120 kB
SUnreclaim:        40948 kB
KernelStack:       14048 kB
PageTables:        66012 kB
NFS_Unstable:          0 kB
Bounce:                0 kB
WritebackTmp:          0 kB
CommitLimit:     2980668 kB
Committed_AS:   12467900 kB
VmallocTotal:   34359738367 kB
VmallocUsed:      552160 kB
VmallocChunk:   34359161820 kB
HardwareCorrupted:     0 kB
AnonHugePages:   1378304 kB
CmaTotal:              0 kB
CmaFree:               0 kB
HugePages_Total:       0
HugePages_Free:        0
HugePages_Rsvd:        0
HugePages_Surp:        0
Hugepagesize:       2048 kB
DirectMap4k:      203008 kB
DirectMap2M:     5937152 kB


CPU:total 4 (2 cores per cpu, 2 threads per core) family 6 model 42 stepping 7, cmov, cx8, fxsr, mmx, sse, sse2, sse3, ssse3, sse4.1, sse4.2, popcnt, avx, aes, clmul, ht, tsc, tscinvbit

/proc/cpuinfo:
processor	: 0
vendor_id	: GenuineIntel
cpu family	: 6
model		: 42
model name	: Intel(R) Core(TM) i5-2450M CPU @ 2.50GHz
stepping	: 7
microcode	: 0x25
cpu MHz		: 2900.000
cache size	: 3072 KB
physical id	: 0
siblings	: 4
core id		: 0
cpu cores	: 2
apicid		: 0
initial apicid	: 0
fpu		: yes
fpu_exception	: yes
cpuid level	: 13
wp		: yes
flags		: fpu vme de pse tsc msr pae mce cx8 apic sep mtrr pge mca cmov pat pse36 clflush dts acpi mmx fxsr sse sse2 ss ht tm pbe syscall nx rdtscp lm constant_tsc arch_perfmon pebs bts rep_good nopl xtopology nonstop_tsc aperfmperf eagerfpu pni pclmulqdq dtes64 monitor ds_cpl vmx est tm2 ssse3 cx16 xtpr pdcm pcid sse4_1 sse4_2 x2apic popcnt tsc_deadline_timer aes xsave avx lahf_lm ida arat epb pln pts dtherm tpr_shadow vnmi flexpriority ept vpid xsaveopt
bugs		:
bogomips	: 4988.81
clflush size	: 64
cache_alignment	: 64
address sizes	: 36 bits physical, 48 bits virtual
power management:

processor	: 1
vendor_id	: GenuineIntel
cpu family	: 6
model		: 42
model name	: Intel(R) Core(TM) i5-2450M CPU @ 2.50GHz
stepping	: 7
microcode	: 0x25
cpu MHz		: 2899.902
cache size	: 3072 KB
physical id	: 0
siblings	: 4
core id		: 0
cpu cores	: 2
apicid		: 1
initial apicid	: 1
fpu		: yes
fpu_exception	: yes
cpuid level	: 13
wp		: yes
flags		: fpu vme de pse tsc msr pae mce cx8 apic sep mtrr pge mca cmov pat pse36 clflush dts acpi mmx fxsr sse sse2 ss ht tm pbe syscall nx rdtscp lm constant_tsc arch_perfmon pebs bts rep_good nopl xtopology nonstop_tsc aperfmperf eagerfpu pni pclmulqdq dtes64 monitor ds_cpl vmx est tm2 ssse3 cx16 xtpr pdcm pcid sse4_1 sse4_2 x2apic popcnt tsc_deadline_timer aes xsave avx lahf_lm ida arat epb pln pts dtherm tpr_shadow vnmi flexpriority ept vpid xsaveopt
bugs		:
bogomips	: 4988.81
clflush size	: 64
cache_alignment	: 64
address sizes	: 36 bits physical, 48 bits virtual
power management:

processor	: 2
vendor_id	: GenuineIntel
cpu family	: 6
model		: 42
model name	: Intel(R) Core(TM) i5-2450M CPU @ 2.50GHz
stepping	: 7
microcode	: 0x25
cpu MHz		: 2900.000
cache size	: 3072 KB
physical id	: 0
siblings	: 4
core id		: 1
cpu cores	: 2
apicid		: 2
initial apicid	: 2
fpu		: yes
fpu_exception	: yes
cpuid level	: 13
wp		: yes
flags		: fpu vme de pse tsc msr pae mce cx8 apic sep mtrr pge mca cmov pat pse36 clflush dts acpi mmx fxsr sse sse2 ss ht tm pbe syscall nx rdtscp lm constant_tsc arch_perfmon pebs bts rep_good nopl xtopology nonstop_tsc aperfmperf eagerfpu pni pclmulqdq dtes64 monitor ds_cpl vmx est tm2 ssse3 cx16 xtpr pdcm pcid sse4_1 sse4_2 x2apic popcnt tsc_deadline_timer aes xsave avx lahf_lm ida arat epb pln pts dtherm tpr_shadow vnmi flexpriority ept vpid xsaveopt
bugs		:
bogomips	: 4988.81
clflush size	: 64
cache_alignment	: 64
address sizes	: 36 bits physical, 48 bits virtual
power management:

processor	: 3
vendor_id	: GenuineIntel
cpu family	: 6
model		: 42
model name	: Intel(R) Core(TM) i5-2450M CPU @ 2.50GHz
stepping	: 7
microcode	: 0x25
cpu MHz		: 2899.902
cache size	: 3072 KB
physical id	: 0
siblings	: 4
core id		: 1
cpu cores	: 2
apicid		: 3
initial apicid	: 3
fpu		: yes
fpu_exception	: yes
cpuid level	: 13
wp		: yes
flags		: fpu vme de pse tsc msr pae mce cx8 apic sep mtrr pge mca cmov pat pse36 clflush dts acpi mmx fxsr sse sse2 ss ht tm pbe syscall nx rdtscp lm constant_tsc arch_perfmon pebs bts rep_good nopl xtopology nonstop_tsc aperfmperf eagerfpu pni pclmulqdq dtes64 monitor ds_cpl vmx est tm2 ssse3 cx16 xtpr pdcm pcid sse4_1 sse4_2 x2apic popcnt tsc_deadline_timer aes xsave avx lahf_lm ida arat epb pln pts dtherm tpr_shadow vnmi flexpriority ept vpid xsaveopt
bugs		:
bogomips	: 4988.81
clflush size	: 64
cache_alignment	: 64
address sizes	: 36 bits physical, 48 bits virtual
power management:



Memory: 4k page, physical 5961336k(124580k free), swap 0k(0k free)

vm_info: Java HotSpot(TM) 64-Bit Server VM (25.60-b23) for linux-amd64 JRE (1.8.0_60-b27), built on Aug  4 2015 12:19:40 by "java_re" with gcc 4.3.0 20080428 (Red Hat 4.3.0-8)

time: Tue Oct 20 23:41:45 2015
elapsed time: 50 seconds (0d 0h 0m 50s)

