#
# There is insufficient memory for the Java Runtime Environment to continue.
# Native memory allocation (mmap) failed to map 246939648 bytes for committing reserved memory.
# Possible reasons:
#   The system is out of physical RAM or swap space
#   In 32 bit mode, the process size limit was hit
# Possible solutions:
#   Reduce memory load on the system
#   Increase physical memory or swap space
#   Check if swap backing store is full
#   Use 64 bit Java on a 64 bit OS
#   Decrease Java heap size (-Xmx/-Xms)
#   Decrease number of Java threads
#   Decrease Java thread stack sizes (-Xss)
#   Set larger code cache with -XX:ReservedCodeCacheSize=
# This output file may be truncated or incomplete.
#
#  Out of Memory Error (os_linux.cpp:2627), pid=18809, tid=140553149712128
#
# JRE version: Java(TM) SE Runtime Environment (8.0_66-b17) (build 1.8.0_66-b17)
# Java VM: Java HotSpot(TM) 64-Bit Server VM (25.66-b17 mixed mode linux-amd64 compressed oops)
# Failed to write core dump. Core dumps have been disabled. To enable core dumping, try "ulimit -c unlimited" before starting Java again
#

---------------  T H R E A D  ---------------

Current thread (0x00007fd528078000):  VMThread [stack: 0x00007fd5147f8000,0x00007fd5148f9000] [id=18819]

Stack: [0x00007fd5147f8000,0x00007fd5148f9000],  sp=0x00007fd5148f70e0,  free space=1020k
Native frames: (J=compiled Java code, j=interpreted, Vv=VM code, C=native code)
V  [libjvm.so+0xab9a1a]  VMError::report_and_die()+0x2ba
V  [libjvm.so+0x4f9e0b]  report_vm_out_of_memory(char const*, int, unsigned long, VMErrorType, char const*)+0x8b
V  [libjvm.so+0x91a8a3]  os::Linux::commit_memory_impl(char*, unsigned long, bool)+0x103
V  [libjvm.so+0x91adf9]  os::pd_commit_memory(char*, unsigned long, unsigned long, bool)+0x29
V  [libjvm.so+0x91510a]  os::commit_memory(char*, unsigned long, unsigned long, bool)+0x2a
V  [libjvm.so+0x9887a3]  PSVirtualSpace::expand_by(unsigned long)+0x53
V  [libjvm.so+0x979090]  PSOldGen::expand(unsigned long)+0x170
V  [libjvm.so+0x97929b]  PSOldGen::resize(unsigned long)+0x1cb
V  [libjvm.so+0x980f71]  PSParallelCompact::invoke_no_policy(bool)+0x991
V  [libjvm.so+0x9868cd]  PSScavenge::invoke()+0x1ad
V  [libjvm.so+0x93e500]  ParallelScavengeHeap::failed_mem_allocate(unsigned long)+0x70
V  [libjvm.so+0xabb437]  VM_ParallelGCFailedAllocation::doit()+0x97
V  [libjvm.so+0xac2e65]  VM_Operation::evaluate()+0x55
V  [libjvm.so+0xac123a]  VMThread::evaluate_operation(VM_Operation*)+0xba
V  [libjvm.so+0xac15be]  VMThread::loop()+0x1ce
V  [libjvm.so+0xac1a30]  VMThread::run()+0x70
V  [libjvm.so+0x91cc68]  java_start(Thread*)+0x108

VM_Operation (0x00007fd4f76e9e50): ParallelGCFailedAllocation, mode: safepoint, requested by thread 0x00007fd5281a5800


---------------  P R O C E S S  ---------------

Java Threads: ( => current thread )
  0x00007fd5281b7000 JavaThread "pool-2-thread-4" [_thread_blocked, id=18832, stack(0x00007fd4f71e7000,0x00007fd4f72e8000)]
  0x00007fd5281b5800 JavaThread "pool-2-thread-3" [_thread_blocked, id=18831, stack(0x00007fd4f72e8000,0x00007fd4f73e9000)]
  0x00007fd5281b4000 JavaThread "pool-2-thread-2" [_thread_blocked, id=18830, stack(0x00007fd4f73e9000,0x00007fd4f74ea000)]
  0x00007fd5281a7800 JavaThread "pool-3-thread-1" [_thread_blocked, id=18829, stack(0x00007fd4f74ea000,0x00007fd4f75eb000)]
  0x00007fd5281a5800 JavaThread "pool-2-thread-1" [_thread_blocked, id=18828, stack(0x00007fd4f75eb000,0x00007fd4f76ec000)]
  0x00007fd5280c8800 JavaThread "Service Thread" daemon [_thread_blocked, id=18826, stack(0x00007fd5140f1000,0x00007fd5141f2000)]
  0x00007fd5280bb000 JavaThread "C1 CompilerThread2" daemon [_thread_blocked, id=18825, stack(0x00007fd5141f2000,0x00007fd5142f3000)]
  0x00007fd5280b9800 JavaThread "C2 CompilerThread1" daemon [_thread_blocked, id=18824, stack(0x00007fd5142f3000,0x00007fd5143f4000)]
  0x00007fd5280b6800 JavaThread "C2 CompilerThread0" daemon [_thread_blocked, id=18823, stack(0x00007fd5143f4000,0x00007fd5144f5000)]
  0x00007fd5280b5000 JavaThread "Signal Dispatcher" daemon [_thread_blocked, id=18822, stack(0x00007fd5144f5000,0x00007fd5145f6000)]
  0x00007fd52807f000 JavaThread "Finalizer" daemon [_thread_blocked, id=18821, stack(0x00007fd5145f6000,0x00007fd5146f7000)]
  0x00007fd52807d000 JavaThread "Reference Handler" daemon [_thread_blocked, id=18820, stack(0x00007fd5146f7000,0x00007fd5147f8000)]
  0x00007fd52800a000 JavaThread "main" [_thread_blocked, id=18810, stack(0x00007fd5314ca000,0x00007fd5315cb000)]

Other Threads:
=>0x00007fd528078000 VMThread [stack: 0x00007fd5147f8000,0x00007fd5148f9000] [id=18819]
  0x00007fd5280cb800 WatcherThread [stack: 0x00007fd4f76ec000,0x00007fd4f77ed000] [id=18827]

VM state:at safepoint (normal execution)

VM Mutex/Monitor currently owned by a thread:  ([mutex/lock_event])
[0x00007fd528005e10] ExpandHeap_lock - owner thread: 0x00007fd528078000
[0x00007fd528006490] Threads_lock - owner thread: 0x00007fd528078000
[0x00007fd528006990] Heap_lock - owner thread: 0x00007fd5281a5800

Heap:
 PSYoungGen      total 465920K, used 119043K [0x00000000d5580000, 0x0000000100000000, 0x0000000100000000)
  eden space 232960K, 0% used [0x00000000d5580000,0x00000000d5580000,0x00000000e3900000)
  from space 232960K, 51% used [0x00000000e3900000,0x00000000ead40fe0,0x00000000f1c80000)
  to   space 232960K, 0% used [0x00000000f1c80000,0x00000000f1c80000,0x0000000100000000)
 ParOldGen       total 518656K, used 518423K [0x0000000080000000, 0x000000009fa80000, 0x00000000d5580000)
  object space 518656K, 99% used [0x0000000080000000,0x000000009fa45cc8,0x000000009fa80000)
 Metaspace       used 6465K, capacity 7282K, committed 7552K, reserved 1056768K
  class space    used 606K, capacity 618K, committed 640K, reserved 1048576K

Card table byte_map: [0x00007fd52de91000,0x00007fd52e292000] byte_map_base: 0x00007fd52da91000

Marking Bits: (ParMarkBitMap*) 0x00007fd5309a1020
 Begin Bits: [0x00007fd515000000, 0x00007fd517000000)
 End Bits:   [0x00007fd517000000, 0x00007fd519000000)

Polling page: 0x00007fd5315e8000

CodeCache: size=245760Kb used=12605Kb max_used=12605Kb free=233154Kb
 bounds [0x00007fd519000000, 0x00007fd519c60000, 0x00007fd528000000]
 total_blobs=2832 nmethods=2563 adapters=182
 compilation: enabled

Compilation events (10 events):
Event: 24,084 Thread 0x00007fd5280b9800 nmethod 2575 0x00007fd519c3c090 code [0x00007fd519c3c200, 0x00007fd519c3c3d8]
Event: 24,084 Thread 0x00007fd5280b9800 2708       4       com.android.dx.dex.code.BlockAddresses::setupArrays (113 bytes)
Event: 24,093 Thread 0x00007fd5280b9800 nmethod 2708 0x00007fd519c3ad90 code [0x00007fd519c3af80, 0x00007fd519c3b778]
Event: 24,093 Thread 0x00007fd5280b9800 2429       4       com.android.dx.ssa.DeadCodeRemover::isCircularNoSideEffect (140 bytes)
Event: 24,102 Thread 0x00007fd5280bb000 2818       2       com.android.dx.rop.type.Type::isArray (19 bytes)
Event: 24,102 Thread 0x00007fd5280bb000 nmethod 2818 0x00007fd519c3a890 code [0x00007fd519c3aa00, 0x00007fd519c3ac08]
Event: 24,102 Thread 0x00007fd5280bb000 2819 %     3       java.util.DualPivotQuicksort::sort @ 39 (1195 bytes)
Event: 24,106 Thread 0x00007fd5280bb000 nmethod 2819% 0x00007fd519c564d0 code [0x00007fd519c568a0, 0x00007fd519c58a68]
Event: 24,107 Thread 0x00007fd5280bb000 2820       3       com.android.dx.cf.code.BaseMachine::popArgs (127 bytes)
Event: 24,108 Thread 0x00007fd5280bb000 nmethod 2820 0x00007fd519c5af10 code [0x00007fd519c5b220, 0x00007fd519c5cb48]

GC Heap History (10 events):
Event: 19,030 GC heap after
Heap after GC invocations=19 (full 4):
 PSYoungGen      total 542208K, used 115285K [0x00000000d5580000, 0x0000000100000000, 0x0000000100000000)
  eden space 385536K, 0% used [0x00000000d5580000,0x00000000d5580000,0x00000000ece00000)
  from space 156672K, 73% used [0x00000000ece00000,0x00000000f3e95590,0x00000000f6700000)
  to   space 156672K, 0% used [0x00000000f6700000,0x00000000f6700000,0x0000000100000000)
 ParOldGen       total 518656K, used 344313K [0x0000000080000000, 0x000000009fa80000, 0x00000000d5580000)
  object space 518656K, 66% used [0x0000000080000000,0x000000009503e650,0x000000009fa80000)
 Metaspace       used 6463K, capacity 7282K, committed 7552K, reserved 1056768K
  class space    used 606K, capacity 618K, committed 640K, reserved 1048576K
}
Event: 20,169 GC heap before
{Heap before GC invocations=20 (full 4):
 PSYoungGen      total 542208K, used 500821K [0x00000000d5580000, 0x0000000100000000, 0x0000000100000000)
  eden space 385536K, 100% used [0x00000000d5580000,0x00000000ece00000,0x00000000ece00000)
  from space 156672K, 73% used [0x00000000ece00000,0x00000000f3e95590,0x00000000f6700000)
  to   space 156672K, 0% used [0x00000000f6700000,0x00000000f6700000,0x0000000100000000)
 ParOldGen       total 518656K, used 344313K [0x0000000080000000, 0x000000009fa80000, 0x00000000d5580000)
  object space 518656K, 66% used [0x0000000080000000,0x000000009503e650,0x000000009fa80000)
 Metaspace       used 6463K, capacity 7282K, committed 7552K, reserved 1056768K
  class space    used 606K, capacity 618K, committed 640K, reserved 1048576K
Event: 20,567 GC heap after
Heap after GC invocations=20 (full 4):
 PSYoungGen      total 475648K, used 104658K [0x00000000d5580000, 0x0000000100000000, 0x0000000100000000)
  eden space 318976K, 0% used [0x00000000d5580000,0x00000000d5580000,0x00000000e8d00000)
  from space 156672K, 66% used [0x00000000f6700000,0x00000000fcd34b40,0x0000000100000000)
  to   space 189952K, 0% used [0x00000000e8d00000,0x00000000e8d00000,0x00000000f4680000)
 ParOldGen       total 518656K, used 411761K [0x0000000080000000, 0x000000009fa80000, 0x00000000d5580000)
  object space 518656K, 79% used [0x0000000080000000,0x000000009921c7a8,0x000000009fa80000)
 Metaspace       used 6463K, capacity 7282K, committed 7552K, reserved 1056768K
  class space    used 606K, capacity 618K, committed 640K, reserved 1048576K
}
Event: 21,663 GC heap before
{Heap before GC invocations=21 (full 4):
 PSYoungGen      total 475648K, used 423634K [0x00000000d5580000, 0x0000000100000000, 0x0000000100000000)
  eden space 318976K, 100% used [0x00000000d5580000,0x00000000e8d00000,0x00000000e8d00000)
  from space 156672K, 66% used [0x00000000f6700000,0x00000000fcd34b40,0x0000000100000000)
  to   space 189952K, 0% used [0x00000000e8d00000,0x00000000e8d00000,0x00000000f4680000)
 ParOldGen       total 518656K, used 411761K [0x0000000080000000, 0x000000009fa80000, 0x00000000d5580000)
  object space 518656K, 79% used [0x0000000080000000,0x000000009921c7a8,0x000000009fa80000)
 Metaspace       used 6464K, capacity 7282K, committed 7552K, reserved 1056768K
  class space    used 606K, capacity 618K, committed 640K, reserved 1048576K
Event: 21,866 GC heap after
Heap after GC invocations=21 (full 4):
 PSYoungGen      total 469504K, used 150368K [0x00000000d5580000, 0x0000000100000000, 0x0000000100000000)
  eden space 318976K, 0% used [0x00000000d5580000,0x00000000d5580000,0x00000000e8d00000)
  from space 150528K, 99% used [0x00000000e8d00000,0x00000000f1fd8278,0x00000000f2000000)
  to   space 206336K, 0% used [0x00000000f3680000,0x00000000f3680000,0x0000000100000000)
 ParOldGen       total 518656K, used 411761K [0x0000000080000000, 0x000000009fa80000, 0x00000000d5580000)
  object space 518656K, 79% used [0x0000000080000000,0x000000009921c7a8,0x000000009fa80000)
 Metaspace       used 6464K, capacity 7282K, committed 7552K, reserved 1056768K
  class space    used 606K, capacity 618K, committed 640K, reserved 1048576K
}
Event: 22,961 GC heap before
{Heap before GC invocations=22 (full 4):
 PSYoungGen      total 469504K, used 469344K [0x00000000d5580000, 0x0000000100000000, 0x0000000100000000)
  eden space 318976K, 100% used [0x00000000d5580000,0x00000000e8d00000,0x00000000e8d00000)
  from space 150528K, 99% used [0x00000000e8d00000,0x00000000f1fd8278,0x00000000f2000000)
  to   space 206336K, 0% used [0x00000000f3680000,0x00000000f3680000,0x0000000100000000)
 ParOldGen       total 518656K, used 411761K [0x0000000080000000, 0x000000009fa80000, 0x00000000d5580000)
  object space 518656K, 79% used [0x0000000080000000,0x000000009921c7a8,0x000000009fa80000)
 Metaspace       used 6465K, capacity 7282K, committed 7552K, reserved 1056768K
  class space    used 606K, capacity 618K, committed 640K, reserved 1048576K
Event: 23,264 GC heap after
Heap after GC invocations=22 (full 4):
 PSYoungGen      total 439296K, used 199593K [0x00000000d5580000, 0x0000000100000000, 0x0000000100000000)
  eden space 232960K, 0% used [0x00000000d5580000,0x00000000d5580000,0x00000000e3900000)
  from space 206336K, 96% used [0x00000000f3680000,0x00000000ff96a588,0x0000000100000000)
  to   space 232960K, 0% used [0x00000000e3900000,0x00000000e3900000,0x00000000f1c80000)
 ParOldGen       total 518656K, used 411761K [0x0000000080000000, 0x000000009fa80000, 0x00000000d5580000)
  object space 518656K, 79% used [0x0000000080000000,0x000000009921c7a8,0x000000009fa80000)
 Metaspace       used 6465K, capacity 7282K, committed 7552K, reserved 1056768K
  class space    used 606K, capacity 618K, committed 640K, reserved 1048576K
}
Event: 24,153 GC heap before
{Heap before GC invocations=23 (full 4):
 PSYoungGen      total 439296K, used 432553K [0x00000000d5580000, 0x0000000100000000, 0x0000000100000000)
  eden space 232960K, 100% used [0x00000000d5580000,0x00000000e3900000,0x00000000e3900000)
  from space 206336K, 96% used [0x00000000f3680000,0x00000000ff96a588,0x0000000100000000)
  to   space 232960K, 0% used [0x00000000e3900000,0x00000000e3900000,0x00000000f1c80000)
 ParOldGen       total 518656K, used 411761K [0x0000000080000000, 0x000000009fa80000, 0x00000000d5580000)
  object space 518656K, 79% used [0x0000000080000000,0x000000009921c7a8,0x000000009fa80000)
 Metaspace       used 6465K, capacity 7282K, committed 7552K, reserved 1056768K
  class space    used 606K, capacity 618K, committed 640K, reserved 1048576K
Event: 24,436 GC heap after
Heap after GC invocations=23 (full 4):
 PSYoungGen      total 465920K, used 128183K [0x00000000d5580000, 0x0000000100000000, 0x0000000100000000)
  eden space 232960K, 0% used [0x00000000d5580000,0x00000000d5580000,0x00000000e3900000)
  from space 232960K, 55% used [0x00000000e3900000,0x00000000eb62dcc0,0x00000000f1c80000)
  to   space 232960K, 0% used [0x00000000f1c80000,0x00000000f1c80000,0x0000000100000000)
 ParOldGen       total 518656K, used 514733K [0x0000000080000000, 0x000000009fa80000, 0x00000000d5580000)
  object space 518656K, 99% used [0x0000000080000000,0x000000009f6ab580,0x000000009fa80000)
 Metaspace       used 6465K, capacity 7282K, committed 7552K, reserved 1056768K
  class space    used 606K, capacity 618K, committed 640K, reserved 1048576K
}
Event: 24,438 GC heap before
{Heap before GC invocations=24 (full 5):
 PSYoungGen      total 465920K, used 128183K [0x00000000d5580000, 0x0000000100000000, 0x0000000100000000)
  eden space 232960K, 0% used [0x00000000d5580000,0x00000000d5580000,0x00000000e3900000)
  from space 232960K, 55% used [0x00000000e3900000,0x00000000eb62dcc0,0x00000000f1c80000)
  to   space 232960K, 0% used [0x00000000f1c80000,0x00000000f1c80000,0x0000000100000000)
 ParOldGen       total 518656K, used 514733K [0x0000000080000000, 0x000000009fa80000, 0x00000000d5580000)
  object space 518656K, 99% used [0x0000000080000000,0x000000009f6ab580,0x000000009fa80000)
 Metaspace       used 6465K, capacity 7282K, committed 7552K, reserved 1056768K
  class space    used 606K, capacity 618K, committed 640K, reserved 1048576K

Deoptimization events (10 events):
Event: 12,631 Thread 0x00007fd5281b4000 Uncommon trap: reason=unstable_if action=reinterpret pc=0x00007fd519b09c6c method=com.android.dx.ssa.SsaMethod.blockIndexToRopLabel(I)I @ 1
Event: 12,668 Thread 0x00007fd52800a000 Uncommon trap: reason=unstable_if action=reinterpret pc=0x00007fd5198ba0b0 method=java.util.HashMap.putVal(ILjava/lang/Object;Ljava/lang/Object;ZZ)Ljava/lang/Object; @ 109
Event: 13,585 Thread 0x00007fd5281b5800 Uncommon trap: reason=unstable_if action=reinterpret pc=0x00007fd519b3e35c method=com.android.dx.rop.type.Type.isReference()Z @ 6
Event: 15,284 Thread 0x00007fd5281a5800 Uncommon trap: reason=unstable_if action=reinterpret pc=0x00007fd5192fec98 method=com.android.dx.rop.code.RegisterSpec.equals(ILcom/android/dx/rop/type/TypeBearer;Lcom/android/dx/rop/code/LocalItem;)Z @ 31
Event: 15,864 Thread 0x00007fd5281b4000 Uncommon trap: reason=unstable_if action=reinterpret pc=0x00007fd519b50288 method=java.util.ArrayList.<init>(I)V @ 5
Event: 19,267 Thread 0x00007fd52800a000 Uncommon trap: reason=class_check action=maybe_recompile pc=0x00007fd519aa4758 method=com.android.dx.ssa.SCCP.simulateBranch(Lcom/android/dx/ssa/SsaInsn;)V @ 339
Event: 19,835 Thread 0x00007fd5281b7000 Uncommon trap: reason=unstable_if action=reinterpret pc=0x00007fd519ac7948 method=com.android.dx.ssa.SsaMethod.getExitBlock()Lcom/android/dx/ssa/SsaBasicBlock; @ 4
Event: 19,840 Thread 0x00007fd5281b7000 Uncommon trap: reason=unstable_if action=reinterpret pc=0x00007fd519295d98 method=com.android.dx.ssa.SsaMethod.getExitBlock()Lcom/android/dx/ssa/SsaBasicBlock; @ 4
Event: 20,759 Thread 0x00007fd5281b7000 Uncommon trap: reason=unstable_if action=reinterpret pc=0x00007fd519baf3a8 method=com.android.dx.util.BitIntSet.has(I)Z @ 8
Event: 24,102 Thread 0x00007fd5281a5800 Uncommon trap: reason=unstable_if action=reinterpret pc=0x00007fd519c3d2dc method=com.android.dx.cf.code.Merger.isPossiblyAssignableFrom(Lcom/android/dx/rop/type/TypeBearer;Lcom/android/dx/rop/type/TypeBearer;)Z @ 131

Internal exceptions (10 events):
Event: 0,038 Thread 0x00007fd52800a000 Exception <a 'java/lang/NoSuchMethodError': Method sun.misc.Unsafe.defineClass(Ljava/lang/String;[BII)Ljava/lang/Class; name or signature does not match> (0x00000000d55929f8) thrown at [/HUDSON/workspace/8-2-build-linux-amd64/jdk8u66/4988/hotspot/src/shar
Event: 0,038 Thread 0x00007fd52800a000 Exception <a 'java/lang/NoSuchMethodError': Method sun.misc.Unsafe.prefetchRead(Ljava/lang/Object;J)V name or signature does not match> (0x00000000d5592ce0) thrown at [/HUDSON/workspace/8-2-build-linux-amd64/jdk8u66/4988/hotspot/src/share/vm/prims/jni.cpp
Event: 0,948 Thread 0x00007fd5281b5800 Implicit null exception at 0x00007fd5192c1f33 to 0x00007fd5192c4465
Event: 1,522 Thread 0x00007fd5281a5800 Exception <a 'java/lang/ArrayIndexOutOfBoundsException': 18> (0x00000000d77b0330) thrown at [/HUDSON/workspace/8-2-build-linux-amd64/jdk8u66/4988/hotspot/src/share/vm/interpreter/interpreterRuntime.cpp, line 366]
Event: 1,522 Thread 0x00007fd5281a5800 Exception <a 'java/lang/ArrayIndexOutOfBoundsException': 145> (0x00000000d77b1eb0) thrown at [/HUDSON/workspace/8-2-build-linux-amd64/jdk8u66/4988/hotspot/src/share/vm/interpreter/interpreterRuntime.cpp, line 366]
Event: 1,523 Thread 0x00007fd5281a5800 Exception <a 'java/lang/ArrayIndexOutOfBoundsException': 40> (0x00000000d77b3198) thrown at [/HUDSON/workspace/8-2-build-linux-amd64/jdk8u66/4988/hotspot/src/share/vm/interpreter/interpreterRuntime.cpp, line 366]
Event: 3,072 Thread 0x00007fd5281b5800 Implicit null exception at 0x00007fd5193b902f to 0x00007fd5193bac61
Event: 7,421 Thread 0x00007fd5281a5800 Implicit null exception at 0x00007fd5199d13b8 to 0x00007fd5199d5961
Event: 7,421 Thread 0x00007fd5281a5800 Implicit null exception at 0x00007fd51933337b to 0x00007fd519333505
Event: 15,284 Thread 0x00007fd5281a5800 Implicit null exception at 0x00007fd5192fe80b to 0x00007fd5192fec6d

Events (10 events):
Event: 23,993 Thread 0x00007fd5281a5800 DEOPT PACKING pc=0x00007fd5193a1aac sp=0x00007fd4f76ea010
Event: 23,993 Thread 0x00007fd5281a5800 DEOPT UNPACKING pc=0x00007fd519047633 sp=0x00007fd4f76e9d10 mode 0
Event: 24,037 Thread 0x00007fd5281b7000 DEOPT PACKING pc=0x00007fd519563ad8 sp=0x00007fd4f72e6010
Event: 24,037 Thread 0x00007fd5281b7000 DEOPT UNPACKING pc=0x00007fd519047633 sp=0x00007fd4f72e5e60 mode 0
Event: 24,082 Thread 0x00007fd5281b7000 DEOPT PACKING pc=0x00007fd519563ad8 sp=0x00007fd4f72e5f60
Event: 24,082 Thread 0x00007fd5281b7000 DEOPT UNPACKING pc=0x00007fd519047633 sp=0x00007fd4f72e5db0 mode 0
Event: 24,102 Thread 0x00007fd5281a5800 Uncommon trap: trap_request=0xffffff65 fr.pc=0x00007fd519c3d2dc
Event: 24,102 Thread 0x00007fd5281a5800 DEOPT PACKING pc=0x00007fd519c3d2dc sp=0x00007fd4f76e97e0
Event: 24,102 Thread 0x00007fd5281a5800 DEOPT UNPACKING pc=0x00007fd519005229 sp=0x00007fd4f76e9738 mode 2
Event: 24,153 Executing VM operation: ParallelGCFailedAllocation


Dynamic libraries:
00400000-00401000 r-xp 00000000 08:01 4591374                            /usr/lib/jvm/java-8-oracle/bin/java
00600000-00601000 rw-p 00000000 08:01 4591374                            /usr/lib/jvm/java-8-oracle/bin/java
024f7000-02518000 rw-p 00000000 00:00 0                                  [heap]
80000000-9fa80000 rw-p 00000000 00:00 0 
ae600000-d5580000 ---p 00000000 00:00 0 
d5580000-100000000 rw-p 00000000 00:00 0 
100000000-1000a0000 rw-p 00000000 00:00 0 
1000a0000-140000000 ---p 00000000 00:00 0 
7fd4c8000000-7fd4c8039000 rw-p 00000000 00:00 0 
7fd4c8039000-7fd4cc000000 ---p 00000000 00:00 0 
7fd4cc000000-7fd4cc02a000 rw-p 00000000 00:00 0 
7fd4cc02a000-7fd4d0000000 ---p 00000000 00:00 0 
7fd4d0000000-7fd4d0021000 rw-p 00000000 00:00 0 
7fd4d0021000-7fd4d4000000 ---p 00000000 00:00 0 
7fd4d4000000-7fd4d4030000 rw-p 00000000 00:00 0 
7fd4d4030000-7fd4d8000000 ---p 00000000 00:00 0 
7fd4d8000000-7fd4d8021000 rw-p 00000000 00:00 0 
7fd4d8021000-7fd4dc000000 ---p 00000000 00:00 0 
7fd4dc000000-7fd4dc04b000 rw-p 00000000 00:00 0 
7fd4dc04b000-7fd4e0000000 ---p 00000000 00:00 0 
7fd4e0000000-7fd4e092b000 rw-p 00000000 00:00 0 
7fd4e092b000-7fd4e4000000 ---p 00000000 00:00 0 
7fd4e4000000-7fd4e4021000 rw-p 00000000 00:00 0 
7fd4e4021000-7fd4e8000000 ---p 00000000 00:00 0 
7fd4e8000000-7fd4e9739000 rw-p 00000000 00:00 0 
7fd4e9739000-7fd4ec000000 ---p 00000000 00:00 0 
7fd4ec000000-7fd4edcf7000 rw-p 00000000 00:00 0 
7fd4edcf7000-7fd4f0000000 ---p 00000000 00:00 0 
7fd4f0000000-7fd4f0021000 rw-p 00000000 00:00 0 
7fd4f0021000-7fd4f4000000 ---p 00000000 00:00 0 
7fd4f71e7000-7fd4f71ea000 ---p 00000000 00:00 0 
7fd4f71ea000-7fd4f72e8000 rw-p 00000000 00:00 0                          [stack:18832]
7fd4f72e8000-7fd4f72eb000 ---p 00000000 00:00 0 
7fd4f72eb000-7fd4f73e9000 rw-p 00000000 00:00 0                          [stack:18831]
7fd4f73e9000-7fd4f73ec000 ---p 00000000 00:00 0 
7fd4f73ec000-7fd4f74ea000 rw-p 00000000 00:00 0                          [stack:18830]
7fd4f74ea000-7fd4f74ed000 ---p 00000000 00:00 0 
7fd4f74ed000-7fd4f75eb000 rw-p 00000000 00:00 0                          [stack:18829]
7fd4f75eb000-7fd4f75ee000 ---p 00000000 00:00 0 
7fd4f75ee000-7fd4f76ec000 rw-p 00000000 00:00 0                          [stack:18828]
7fd4f76ec000-7fd4f76ed000 ---p 00000000 00:00 0 
7fd4f76ed000-7fd4f77ed000 rw-p 00000000 00:00 0                          [stack:18827]
7fd4f77ed000-7fd4f8000000 r--p 00000000 08:01 1579663                    /usr/lib/locale/locale-archive
7fd4f8000000-7fd4f8021000 rw-p 00000000 00:00 0 
7fd4f8021000-7fd4fc000000 ---p 00000000 00:00 0 
7fd4fc000000-7fd4fc021000 rw-p 00000000 00:00 0 
7fd4fc021000-7fd500000000 ---p 00000000 00:00 0 
7fd500000000-7fd500021000 rw-p 00000000 00:00 0 
7fd500021000-7fd504000000 ---p 00000000 00:00 0 
7fd504000000-7fd5042af000 rw-p 00000000 00:00 0 
7fd5042af000-7fd508000000 ---p 00000000 00:00 0 
7fd508000000-7fd508021000 rw-p 00000000 00:00 0 
7fd508021000-7fd50c000000 ---p 00000000 00:00 0 
7fd50c000000-7fd50c021000 rw-p 00000000 00:00 0 
7fd50c021000-7fd510000000 ---p 00000000 00:00 0 
7fd510000000-7fd510021000 rw-p 00000000 00:00 0 
7fd510021000-7fd514000000 ---p 00000000 00:00 0 
7fd514013000-7fd5140f1000 r--s 00ab5000 08:01 1835236                    /home/tomasz/AndroidStudioProjects/ITAssistant/app/build/intermediates/transforms/CLASSES/FULL_PROJECT/jarMerging/debug/classes.jar
7fd5140f1000-7fd5140f4000 ---p 00000000 00:00 0 
7fd5140f4000-7fd5141f2000 rw-p 00000000 00:00 0                          [stack:18826]
7fd5141f2000-7fd5141f5000 ---p 00000000 00:00 0 
7fd5141f5000-7fd5142f3000 rw-p 00000000 00:00 0                          [stack:18825]
7fd5142f3000-7fd5142f6000 ---p 00000000 00:00 0 
7fd5142f6000-7fd5143f4000 rw-p 00000000 00:00 0                          [stack:18824]
7fd5143f4000-7fd5143f7000 ---p 00000000 00:00 0 
7fd5143f7000-7fd5144f5000 rw-p 00000000 00:00 0                          [stack:18823]
7fd5144f5000-7fd5144f8000 ---p 00000000 00:00 0 
7fd5144f8000-7fd5145f6000 rw-p 00000000 00:00 0                          [stack:18822]
7fd5145f6000-7fd5145f9000 ---p 00000000 00:00 0 
7fd5145f9000-7fd5146f7000 rw-p 00000000 00:00 0                          [stack:18821]
7fd5146f7000-7fd5146fa000 ---p 00000000 00:00 0 
7fd5146fa000-7fd5147f8000 rw-p 00000000 00:00 0                          [stack:18820]
7fd5147f8000-7fd5147f9000 ---p 00000000 00:00 0 
7fd5147f9000-7fd519000000 rw-p 00000000 00:00 0                          [stack:18819]
7fd519000000-7fd519c60000 rwxp 00000000 00:00 0 
7fd519c60000-7fd528000000 ---p 00000000 00:00 0 
7fd528000000-7fd5283dc000 rw-p 00000000 00:00 0 
7fd5283dc000-7fd52c000000 ---p 00000000 00:00 0 
7fd52c093000-7fd52c0b8000 r--p 00000000 08:01 2361987                    /usr/share/locale-langpack/pl/LC_MESSAGES/libc.mo
7fd52c0b8000-7fd52c993000 rw-p 00000000 00:00 0 
7fd52c993000-7fd52cb6c000 r--s 03d20000 08:01 4069182                    /usr/lib/jvm/java-8-oracle/jre/lib/rt.jar
7fd52cb6c000-7fd52d2a2000 rw-p 00000000 00:00 0 
7fd52d2a2000-7fd52d3e2000 ---p 00000000 00:00 0 
7fd52d3e2000-7fd52d7e2000 rw-p 00000000 00:00 0 
7fd52d7e2000-7fd52d7e3000 ---p 00000000 00:00 0 
7fd52d7e3000-7fd52d8e3000 rw-p 00000000 00:00 0                          [stack:18818]
7fd52d8e3000-7fd52d8e4000 ---p 00000000 00:00 0 
7fd52d8e4000-7fd52d9e4000 rw-p 00000000 00:00 0                          [stack:18817]
7fd52d9e4000-7fd52d9e5000 ---p 00000000 00:00 0 
7fd52d9e5000-7fd52dae5000 rw-p 00000000 00:00 0                          [stack:18816]
7fd52dae5000-7fd52dae6000 ---p 00000000 00:00 0 
7fd52dae6000-7fd52dce4000 rw-p 00000000 00:00 0                          [stack:18815]
7fd52dce4000-7fd52de91000 ---p 00000000 00:00 0 
7fd52de91000-7fd52df8f000 rw-p 00000000 00:00 0 
7fd52df8f000-7fd52e13b000 ---p 00000000 00:00 0 
7fd52e13b000-7fd52e291000 rw-p 00000000 00:00 0 
7fd52e291000-7fd52e2c4000 rw-p 00000000 00:00 0 
7fd52e2c4000-7fd52e652000 ---p 00000000 00:00 0 
7fd52e652000-7fd52e66c000 r-xp 00000000 08:01 4069168                    /usr/lib/jvm/java-8-oracle/jre/lib/amd64/libzip.so
7fd52e66c000-7fd52e86c000 ---p 0001a000 08:01 4069168                    /usr/lib/jvm/java-8-oracle/jre/lib/amd64/libzip.so
7fd52e86c000-7fd52e86d000 rw-p 0001a000 08:01 4069168                    /usr/lib/jvm/java-8-oracle/jre/lib/amd64/libzip.so
7fd52e86d000-7fd52e878000 r-xp 00000000 08:01 5771445                    /lib/x86_64-linux-gnu/libnss_files-2.19.so
7fd52e878000-7fd52ea77000 ---p 0000b000 08:01 5771445                    /lib/x86_64-linux-gnu/libnss_files-2.19.so
7fd52ea77000-7fd52ea78000 r--p 0000a000 08:01 5771445                    /lib/x86_64-linux-gnu/libnss_files-2.19.so
7fd52ea78000-7fd52ea79000 rw-p 0000b000 08:01 5771445                    /lib/x86_64-linux-gnu/libnss_files-2.19.so
7fd52ea79000-7fd52ea84000 r-xp 00000000 08:01 5771455                    /lib/x86_64-linux-gnu/libnss_nis-2.19.so
7fd52ea84000-7fd52ec83000 ---p 0000b000 08:01 5771455                    /lib/x86_64-linux-gnu/libnss_nis-2.19.so
7fd52ec83000-7fd52ec84000 r--p 0000a000 08:01 5771455                    /lib/x86_64-linux-gnu/libnss_nis-2.19.so
7fd52ec84000-7fd52ec85000 rw-p 0000b000 08:01 5771455                    /lib/x86_64-linux-gnu/libnss_nis-2.19.so
7fd52ec85000-7fd52ec9c000 r-xp 00000000 08:01 5771439                    /lib/x86_64-linux-gnu/libnsl-2.19.so
7fd52ec9c000-7fd52ee9b000 ---p 00017000 08:01 5771439                    /lib/x86_64-linux-gnu/libnsl-2.19.so
7fd52ee9b000-7fd52ee9c000 r--p 00016000 08:01 5771439                    /lib/x86_64-linux-gnu/libnsl-2.19.so
7fd52ee9c000-7fd52ee9d000 rw-p 00017000 08:01 5771439                    /lib/x86_64-linux-gnu/libnsl-2.19.so
7fd52ee9d000-7fd52ee9f000 rw-p 00000000 00:00 0 
7fd52ee9f000-7fd52eea8000 r-xp 00000000 08:01 5771441                    /lib/x86_64-linux-gnu/libnss_compat-2.19.so
7fd52eea8000-7fd52f0a7000 ---p 00009000 08:01 5771441                    /lib/x86_64-linux-gnu/libnss_compat-2.19.so
7fd52f0a7000-7fd52f0a8000 r--p 00008000 08:01 5771441                    /lib/x86_64-linux-gnu/libnss_compat-2.19.so
7fd52f0a8000-7fd52f0a9000 rw-p 00009000 08:01 5771441                    /lib/x86_64-linux-gnu/libnss_compat-2.19.so
7fd52f0a9000-7fd52f0d3000 r-xp 00000000 08:01 4069157                    /usr/lib/jvm/java-8-oracle/jre/lib/amd64/libjava.so
7fd52f0d3000-7fd52f2d3000 ---p 0002a000 08:01 4069157                    /usr/lib/jvm/java-8-oracle/jre/lib/amd64/libjava.so
7fd52f2d3000-7fd52f2d5000 rw-p 0002a000 08:01 4069157                    /usr/lib/jvm/java-8-oracle/jre/lib/amd64/libjava.so
7fd52f2d5000-7fd52f2e2000 r-xp 00000000 08:01 4069118                    /usr/lib/jvm/java-8-oracle/jre/lib/amd64/libverify.so
7fd52f2e2000-7fd52f4e2000 ---p 0000d000 08:01 4069118                    /usr/lib/jvm/java-8-oracle/jre/lib/amd64/libverify.so
7fd52f4e2000-7fd52f4e4000 rw-p 0000d000 08:01 4069118                    /usr/lib/jvm/java-8-oracle/jre/lib/amd64/libverify.so
7fd52f4e4000-7fd52f4eb000 r-xp 00000000 08:01 5771498                    /lib/x86_64-linux-gnu/librt-2.19.so
7fd52f4eb000-7fd52f6ea000 ---p 00007000 08:01 5771498                    /lib/x86_64-linux-gnu/librt-2.19.so
7fd52f6ea000-7fd52f6eb000 r--p 00006000 08:01 5771498                    /lib/x86_64-linux-gnu/librt-2.19.so
7fd52f6eb000-7fd52f6ec000 rw-p 00007000 08:01 5771498                    /lib/x86_64-linux-gnu/librt-2.19.so
7fd52f6ec000-7fd52f7f1000 r-xp 00000000 08:01 5771420                    /lib/x86_64-linux-gnu/libm-2.19.so
7fd52f7f1000-7fd52f9f0000 ---p 00105000 08:01 5771420                    /lib/x86_64-linux-gnu/libm-2.19.so
7fd52f9f0000-7fd52f9f1000 r--p 00104000 08:01 5771420                    /lib/x86_64-linux-gnu/libm-2.19.so
7fd52f9f1000-7fd52f9f2000 rw-p 00105000 08:01 5771420                    /lib/x86_64-linux-gnu/libm-2.19.so
7fd52f9f2000-7fd5306b0000 r-xp 00000000 08:01 4069167                    /usr/lib/jvm/java-8-oracle/jre/lib/amd64/server/libjvm.so
7fd5306b0000-7fd5308af000 ---p 00cbe000 08:01 4069167                    /usr/lib/jvm/java-8-oracle/jre/lib/amd64/server/libjvm.so
7fd5308af000-7fd530988000 rw-p 00cbd000 08:01 4069167                    /usr/lib/jvm/java-8-oracle/jre/lib/amd64/server/libjvm.so
7fd530988000-7fd5309cc000 rw-p 00000000 00:00 0 
7fd5309cc000-7fd530b87000 r-xp 00000000 08:01 5771370                    /lib/x86_64-linux-gnu/libc-2.19.so
7fd530b87000-7fd530d86000 ---p 001bb000 08:01 5771370                    /lib/x86_64-linux-gnu/libc-2.19.so
7fd530d86000-7fd530d8a000 r--p 001ba000 08:01 5771370                    /lib/x86_64-linux-gnu/libc-2.19.so
7fd530d8a000-7fd530d8c000 rw-p 001be000 08:01 5771370                    /lib/x86_64-linux-gnu/libc-2.19.so
7fd530d8c000-7fd530d91000 rw-p 00000000 00:00 0 
7fd530d91000-7fd530d94000 r-xp 00000000 08:01 5771387                    /lib/x86_64-linux-gnu/libdl-2.19.so
7fd530d94000-7fd530f93000 ---p 00003000 08:01 5771387                    /lib/x86_64-linux-gnu/libdl-2.19.so
7fd530f93000-7fd530f94000 r--p 00002000 08:01 5771387                    /lib/x86_64-linux-gnu/libdl-2.19.so
7fd530f94000-7fd530f95000 rw-p 00003000 08:01 5771387                    /lib/x86_64-linux-gnu/libdl-2.19.so
7fd530f95000-7fd530faa000 r-xp 00000000 08:01 4727160                    /usr/lib/jvm/java-8-oracle/lib/amd64/jli/libjli.so
7fd530faa000-7fd5311aa000 ---p 00015000 08:01 4727160                    /usr/lib/jvm/java-8-oracle/lib/amd64/jli/libjli.so
7fd5311aa000-7fd5311ab000 rw-p 00015000 08:01 4727160                    /usr/lib/jvm/java-8-oracle/lib/amd64/jli/libjli.so
7fd5311ab000-7fd5311c4000 r-xp 00000000 08:01 5771490                    /lib/x86_64-linux-gnu/libpthread-2.19.so
7fd5311c4000-7fd5313c3000 ---p 00019000 08:01 5771490                    /lib/x86_64-linux-gnu/libpthread-2.19.so
7fd5313c3000-7fd5313c4000 r--p 00018000 08:01 5771490                    /lib/x86_64-linux-gnu/libpthread-2.19.so
7fd5313c4000-7fd5313c5000 rw-p 00019000 08:01 5771490                    /lib/x86_64-linux-gnu/libpthread-2.19.so
7fd5313c5000-7fd5313c9000 rw-p 00000000 00:00 0 
7fd5313c9000-7fd5313ec000 r-xp 00000000 08:01 5771346                    /lib/x86_64-linux-gnu/ld-2.19.so
7fd5313f7000-7fd5313fe000 r--s 00000000 08:01 1967077                    /usr/lib/x86_64-linux-gnu/gconv/gconv-modules.cache
7fd5313fe000-7fd5314ca000 rw-p 00000000 00:00 0 
7fd5314ca000-7fd5314cd000 ---p 00000000 00:00 0 
7fd5314cd000-7fd5315d0000 rw-p 00000000 00:00 0                          [stack:18810]
7fd5315d0000-7fd5315df000 r--s 000df000 08:01 656243                     /home/tomasz/Android/Sdk/build-tools/23.0.1/lib/dx.jar
7fd5315df000-7fd5315e7000 rw-s 00000000 08:01 6032739                    /tmp/hsperfdata_tomasz/18809
7fd5315e7000-7fd5315e8000 rw-p 00000000 00:00 0 
7fd5315e8000-7fd5315e9000 ---p 00000000 00:00 0 
7fd5315e9000-7fd5315eb000 rw-p 00000000 00:00 0 
7fd5315eb000-7fd5315ec000 r--p 00022000 08:01 5771346                    /lib/x86_64-linux-gnu/ld-2.19.so
7fd5315ec000-7fd5315ed000 rw-p 00023000 08:01 5771346                    /lib/x86_64-linux-gnu/ld-2.19.so
7fd5315ed000-7fd5315ee000 rw-p 00000000 00:00 0 
7ffca0935000-7ffca0956000 rw-p 00000000 00:00 0                          [stack]
7ffca0997000-7ffca0999000 r--p 00000000 00:00 0                          [vvar]
7ffca0999000-7ffca099b000 r-xp 00000000 00:00 0                          [vdso]
ffffffffff600000-ffffffffff601000 r-xp 00000000 00:00 0                  [vsyscall]

VM Arguments:
jvm_args: -Xmx2g -Dfile.encoding=UTF-8 -Duser.country=PL -Duser.language=pl -Duser.variant 
java_command: com.android.dx.command.Main --dex --num-threads=4 --multi-dex --main-dex-list /home/tomasz/AndroidStudioProjects/ITAssistant/app/build/intermediates/multi-dex/debug/maindexlist.txt --output /home/tomasz/AndroidStudioProjects/ITAssistant/app/build/intermediates/transforms/DEX/FULL_PROJECT/dex/debug /home/tomasz/AndroidStudioProjects/ITAssistant/app/build/intermediates/transforms/CLASSES/FULL_PROJECT/jarMerging/debug/classes.jar
java_class_path (initial): /home/tomasz/Android/Sdk/build-tools/23.0.1/lib/dx.jar
Launcher Type: SUN_STANDARD

Environment Variables:
PATH=/usr/local/sbin:/usr/local/bin:/usr/sbin:/usr/bin:/sbin:/bin:/usr/games:/usr/local/games
LD_LIBRARY_PATH=/opt/android-studio/bin:
SHELL=/bin/bash
DISPLAY=:0

Signal Handlers:
SIGSEGV: [libjvm.so+0xaba2a0], sa_mask[0]=11111111011111111101111111111110, sa_flags=SA_RESTART|SA_SIGINFO
SIGBUS: [libjvm.so+0xaba2a0], sa_mask[0]=11111111011111111101111111111110, sa_flags=SA_RESTART|SA_SIGINFO
SIGFPE: [libjvm.so+0x917710], sa_mask[0]=11111111011111111101111111111110, sa_flags=SA_RESTART|SA_SIGINFO
SIGPIPE: [libjvm.so+0x917710], sa_mask[0]=11111111011111111101111111111110, sa_flags=SA_RESTART|SA_SIGINFO
SIGXFSZ: [libjvm.so+0x917710], sa_mask[0]=11111111011111111101111111111110, sa_flags=SA_RESTART|SA_SIGINFO
SIGILL: [libjvm.so+0x917710], sa_mask[0]=11111111011111111101111111111110, sa_flags=SA_RESTART|SA_SIGINFO
SIGUSR1: SIG_DFL, sa_mask[0]=00000000000000000000000000000000, sa_flags=none
SIGUSR2: [libjvm.so+0x918d40], sa_mask[0]=00100000000000000000000000000000, sa_flags=SA_RESTART|SA_SIGINFO
SIGHUP: [libjvm.so+0x91a140], sa_mask[0]=11111111011111111101111111111110, sa_flags=SA_RESTART|SA_SIGINFO
SIGINT: [libjvm.so+0x91a140], sa_mask[0]=11111111011111111101111111111110, sa_flags=SA_RESTART|SA_SIGINFO
SIGTERM: [libjvm.so+0x91a140], sa_mask[0]=11111111011111111101111111111110, sa_flags=SA_RESTART|SA_SIGINFO
SIGQUIT: [libjvm.so+0x91a140], sa_mask[0]=11111111011111111101111111111110, sa_flags=SA_RESTART|SA_SIGINFO


---------------  S Y S T E M  ---------------

OS:DISTRIB_ID=Ubuntu
DISTRIB_RELEASE=14.04
DISTRIB_CODENAME=trusty
DISTRIB_DESCRIPTION="Ubuntu 14.04.3 LTS"

uname:Linux 3.19.0-30-generic #34~14.04.1-Ubuntu SMP Fri Oct 2 22:09:39 UTC 2015 x86_64
libc:glibc 2.19 NPTL 2.19 
rlimit: STACK 8192k, CORE 0k, NPROC 23202, NOFILE 4096, AS infinity
load average:3,46 4,69 3,09

/proc/meminfo:
MemTotal:        5961336 kB
MemFree:          114368 kB
MemAvailable:      98984 kB
Buffers:            2052 kB
Cached:           452500 kB
SwapCached:            0 kB
Active:          5263168 kB
Inactive:         372796 kB
Active(anon):    5221644 kB
Inactive(anon):   333356 kB
Active(file):      41524 kB
Inactive(file):    39440 kB
Unevictable:        1416 kB
Mlocked:            1416 kB
SwapTotal:             0 kB
SwapFree:              0 kB
Dirty:               224 kB
Writeback:             0 kB
AnonPages:       5183164 kB
Mapped:           167052 kB
Shmem:            373252 kB
Slab:              96208 kB
SReclaimable:      57192 kB
SUnreclaim:        39016 kB
KernelStack:       11024 kB
PageTables:        49436 kB
NFS_Unstable:          0 kB
Bounce:                0 kB
WritebackTmp:          0 kB
CommitLimit:     2980668 kB
Committed_AS:   10055360 kB
VmallocTotal:   34359738367 kB
VmallocUsed:      557864 kB
VmallocChunk:   34359167996 kB
HardwareCorrupted:     0 kB
AnonHugePages:   2572288 kB
CmaTotal:              0 kB
CmaFree:               0 kB
HugePages_Total:       0
HugePages_Free:        0
HugePages_Rsvd:        0
HugePages_Surp:        0
Hugepagesize:       2048 kB
DirectMap4k:      180480 kB
DirectMap2M:     5959680 kB


CPU:total 4 (2 cores per cpu, 2 threads per core) family 6 model 42 stepping 7, cmov, cx8, fxsr, mmx, sse, sse2, sse3, ssse3, sse4.1, sse4.2, popcnt, avx, aes, clmul, ht, tsc, tscinvbit

/proc/cpuinfo:
processor	: 0
vendor_id	: GenuineIntel
cpu family	: 6
model		: 42
model name	: Intel(R) Core(TM) i5-2450M CPU @ 2.50GHz
stepping	: 7
microcode	: 0x25
cpu MHz		: 1557.031
cache size	: 3072 KB
physical id	: 0
siblings	: 4
core id		: 0
cpu cores	: 2
apicid		: 0
initial apicid	: 0
fpu		: yes
fpu_exception	: yes
cpuid level	: 13
wp		: yes
flags		: fpu vme de pse tsc msr pae mce cx8 apic sep mtrr pge mca cmov pat pse36 clflush dts acpi mmx fxsr sse sse2 ss ht tm pbe syscall nx rdtscp lm constant_tsc arch_perfmon pebs bts rep_good nopl xtopology nonstop_tsc aperfmperf eagerfpu pni pclmulqdq dtes64 monitor ds_cpl vmx est tm2 ssse3 cx16 xtpr pdcm pcid sse4_1 sse4_2 x2apic popcnt tsc_deadline_timer aes xsave avx lahf_lm ida arat epb pln pts dtherm tpr_shadow vnmi flexpriority ept vpid xsaveopt
bugs		:
bogomips	: 4988.38
clflush size	: 64
cache_alignment	: 64
address sizes	: 36 bits physical, 48 bits virtual
power management:

processor	: 1
vendor_id	: GenuineIntel
cpu family	: 6
model		: 42
model name	: Intel(R) Core(TM) i5-2450M CPU @ 2.50GHz
stepping	: 7
microcode	: 0x25
cpu MHz		: 2899.902
cache size	: 3072 KB
physical id	: 0
siblings	: 4
core id		: 0
cpu cores	: 2
apicid		: 1
initial apicid	: 1
fpu		: yes
fpu_exception	: yes
cpuid level	: 13
wp		: yes
flags		: fpu vme de pse tsc msr pae mce cx8 apic sep mtrr pge mca cmov pat pse36 clflush dts acpi mmx fxsr sse sse2 ss ht tm pbe syscall nx rdtscp lm constant_tsc arch_perfmon pebs bts rep_good nopl xtopology nonstop_tsc aperfmperf eagerfpu pni pclmulqdq dtes64 monitor ds_cpl vmx est tm2 ssse3 cx16 xtpr pdcm pcid sse4_1 sse4_2 x2apic popcnt tsc_deadline_timer aes xsave avx lahf_lm ida arat epb pln pts dtherm tpr_shadow vnmi flexpriority ept vpid xsaveopt
bugs		:
bogomips	: 4988.38
clflush size	: 64
cache_alignment	: 64
address sizes	: 36 bits physical, 48 bits virtual
power management:

processor	: 2
vendor_id	: GenuineIntel
cpu family	: 6
model		: 42
model name	: Intel(R) Core(TM) i5-2450M CPU @ 2.50GHz
stepping	: 7
microcode	: 0x25
cpu MHz		: 2900.000
cache size	: 3072 KB
physical id	: 0
siblings	: 4
core id		: 1
cpu cores	: 2
apicid		: 2
initial apicid	: 2
fpu		: yes
fpu_exception	: yes
cpuid level	: 13
wp		: yes
flags		: fpu vme de pse tsc msr pae mce cx8 apic sep mtrr pge mca cmov pat pse36 clflush dts acpi mmx fxsr sse sse2 ss ht tm pbe syscall nx rdtscp lm constant_tsc arch_perfmon pebs bts rep_good nopl xtopology nonstop_tsc aperfmperf eagerfpu pni pclmulqdq dtes64 monitor ds_cpl vmx est tm2 ssse3 cx16 xtpr pdcm pcid sse4_1 sse4_2 x2apic popcnt tsc_deadline_timer aes xsave avx lahf_lm ida arat epb pln pts dtherm tpr_shadow vnmi flexpriority ept vpid xsaveopt
bugs		:
bogomips	: 4988.38
clflush size	: 64
cache_alignment	: 64
address sizes	: 36 bits physical, 48 bits virtual
power management:

processor	: 3
vendor_id	: GenuineIntel
cpu family	: 6
model		: 42
model name	: Intel(R) Core(TM) i5-2450M CPU @ 2.50GHz
stepping	: 7
microcode	: 0x25
cpu MHz		: 2900.000
cache size	: 3072 KB
physical id	: 0
siblings	: 4
core id		: 1
cpu cores	: 2
apicid		: 3
initial apicid	: 3
fpu		: yes
fpu_exception	: yes
cpuid level	: 13
wp		: yes
flags		: fpu vme de pse tsc msr pae mce cx8 apic sep mtrr pge mca cmov pat pse36 clflush dts acpi mmx fxsr sse sse2 ss ht tm pbe syscall nx rdtscp lm constant_tsc arch_perfmon pebs bts rep_good nopl xtopology nonstop_tsc aperfmperf eagerfpu pni pclmulqdq dtes64 monitor ds_cpl vmx est tm2 ssse3 cx16 xtpr pdcm pcid sse4_1 sse4_2 x2apic popcnt tsc_deadline_timer aes xsave avx lahf_lm ida arat epb pln pts dtherm tpr_shadow vnmi flexpriority ept vpid xsaveopt
bugs		:
bogomips	: 4988.38
clflush size	: 64
cache_alignment	: 64
address sizes	: 36 bits physical, 48 bits virtual
power management:



Memory: 4k page, physical 5961336k(114368k free), swap 0k(0k free)

vm_info: Java HotSpot(TM) 64-Bit Server VM (25.66-b17) for linux-amd64 JRE (1.8.0_66-b17), built on Oct  6 2015 17:28:34 by "java_re" with gcc 4.3.0 20080428 (Red Hat 4.3.0-8)

time: Thu Nov  5 22:14:30 2015
elapsed time: 27 seconds (0d 0h 0m 27s)

