#
# There is insufficient memory for the Java Runtime Environment to continue.
# Native memory allocation (mmap) failed to map 351272960 bytes for committing reserved memory.
# Possible reasons:
#   The system is out of physical RAM or swap space
#   In 32 bit mode, the process size limit was hit
# Possible solutions:
#   Reduce memory load on the system
#   Increase physical memory or swap space
#   Check if swap backing store is full
#   Use 64 bit Java on a 64 bit OS
#   Decrease Java heap size (-Xmx/-Xms)
#   Decrease number of Java threads
#   Decrease Java thread stack sizes (-Xss)
#   Set larger code cache with -XX:ReservedCodeCacheSize=
# This output file may be truncated or incomplete.
#
#  Out of Memory Error (os_linux.cpp:2627), pid=12011, tid=140434621839104
#
# JRE version: Java(TM) SE Runtime Environment (8.0_66-b17) (build 1.8.0_66-b17)
# Java VM: Java HotSpot(TM) 64-Bit Server VM (25.66-b17 mixed mode linux-amd64 compressed oops)
# Failed to write core dump. Core dumps have been disabled. To enable core dumping, try "ulimit -c unlimited" before starting Java again
#

---------------  T H R E A D  ---------------

Current thread (0x00007fb998078000):  VMThread [stack: 0x00007fb97bafb000,0x00007fb97bbfc000] [id=12021]

Stack: [0x00007fb97bafb000,0x00007fb97bbfc000],  sp=0x00007fb97bbf9fe0,  free space=1019k
Native frames: (J=compiled Java code, j=interpreted, Vv=VM code, C=native code)
V  [libjvm.so+0xab9a1a]  VMError::report_and_die()+0x2ba
V  [libjvm.so+0x4f9e0b]  report_vm_out_of_memory(char const*, int, unsigned long, VMErrorType, char const*)+0x8b
V  [libjvm.so+0x91a8a3]  os::Linux::commit_memory_impl(char*, unsigned long, bool)+0x103
V  [libjvm.so+0x91adf9]  os::pd_commit_memory(char*, unsigned long, unsigned long, bool)+0x29
V  [libjvm.so+0x91510a]  os::commit_memory(char*, unsigned long, unsigned long, bool)+0x2a
V  [libjvm.so+0x9887a3]  PSVirtualSpace::expand_by(unsigned long)+0x53
V  [libjvm.so+0x979090]  PSOldGen::expand(unsigned long)+0x170
V  [libjvm.so+0x97929b]  PSOldGen::resize(unsigned long)+0x1cb
V  [libjvm.so+0x980f71]  PSParallelCompact::invoke_no_policy(bool)+0x991
V  [libjvm.so+0x9868cd]  PSScavenge::invoke()+0x1ad
V  [libjvm.so+0x93e500]  ParallelScavengeHeap::failed_mem_allocate(unsigned long)+0x70
V  [libjvm.so+0xabb437]  VM_ParallelGCFailedAllocation::doit()+0x97
V  [libjvm.so+0xac2e65]  VM_Operation::evaluate()+0x55
V  [libjvm.so+0xac123a]  VMThread::evaluate_operation(VM_Operation*)+0xba
V  [libjvm.so+0xac15be]  VMThread::loop()+0x1ce
V  [libjvm.so+0xac1a30]  VMThread::run()+0x70
V  [libjvm.so+0x91cc68]  java_start(Thread*)+0x108

VM_Operation (0x00007fb97a7daea0): ParallelGCFailedAllocation, mode: safepoint, requested by thread 0x00007fb9981b5800


---------------  P R O C E S S  ---------------

Java Threads: ( => current thread )
  0x00007fb9981e7000 JavaThread "pool-1-thread-1" [_thread_blocked, id=12088, stack(0x00007fb97a4da000,0x00007fb97a5db000)]
  0x00007fb9981b7800 JavaThread "pool-2-thread-4" [_thread_blocked, id=12034, stack(0x00007fb97a5db000,0x00007fb97a6dc000)]
  0x00007fb9981b5800 JavaThread "pool-2-thread-3" [_thread_blocked, id=12033, stack(0x00007fb97a6dc000,0x00007fb97a7dd000)]
  0x00007fb9981b4000 JavaThread "pool-2-thread-2" [_thread_blocked, id=12032, stack(0x00007fb97a7dd000,0x00007fb97a8de000)]
  0x00007fb9981b3000 JavaThread "pool-3-thread-1" [_thread_blocked, id=12031, stack(0x00007fb97a8de000,0x00007fb97a9df000)]
  0x00007fb9981b0800 JavaThread "pool-2-thread-1" [_thread_blocked, id=12030, stack(0x00007fb97a9df000,0x00007fb97aae0000)]
  0x00007fb9980ca800 JavaThread "Service Thread" daemon [_thread_blocked, id=12028, stack(0x00007fb97abe1000,0x00007fb97ace2000)]
  0x00007fb9980bd800 JavaThread "C1 CompilerThread2" daemon [_thread_blocked, id=12027, stack(0x00007fb97ace2000,0x00007fb97ade3000)]
  0x00007fb9980bb800 JavaThread "C2 CompilerThread1" daemon [_thread_blocked, id=12026, stack(0x00007fb97ade3000,0x00007fb97aee4000)]
  0x00007fb9980b8800 JavaThread "C2 CompilerThread0" daemon [_thread_blocked, id=12025, stack(0x00007fb97aee4000,0x00007fb97afe5000)]
  0x00007fb9980b7800 JavaThread "Signal Dispatcher" daemon [_thread_blocked, id=12024, stack(0x00007fb97afe5000,0x00007fb97b0e6000)]
  0x00007fb99807f000 JavaThread "Finalizer" daemon [_thread_blocked, id=12023, stack(0x00007fb97b8f9000,0x00007fb97b9fa000)]
  0x00007fb99807d000 JavaThread "Reference Handler" daemon [_thread_blocked, id=12022, stack(0x00007fb97b9fa000,0x00007fb97bafb000)]
  0x00007fb99800a000 JavaThread "main" [_thread_blocked, id=12016, stack(0x00007fb9a0818000,0x00007fb9a0919000)]

Other Threads:
=>0x00007fb998078000 VMThread [stack: 0x00007fb97bafb000,0x00007fb97bbfc000] [id=12021]
  0x00007fb9980cd800 WatcherThread [stack: 0x00007fb97aae0000,0x00007fb97abe1000] [id=12029]

VM state:at safepoint (normal execution)

VM Mutex/Monitor currently owned by a thread:  ([mutex/lock_event])
[0x00007fb998005ef0] ExpandHeap_lock - owner thread: 0x00007fb998078000
[0x00007fb998006570] Threads_lock - owner thread: 0x00007fb998078000
[0x00007fb998006a70] Heap_lock - owner thread: 0x00007fb9981b5800

Heap:
 PSYoungGen      total 465920K, used 0K [0x00000000d5580000, 0x0000000100000000, 0x0000000100000000)
  eden space 232960K, 0% used [0x00000000d5580000,0x00000000d5580000,0x00000000e3900000)
  from space 232960K, 0% used [0x00000000f1c80000,0x00000000f1c80000,0x0000000100000000)
  to   space 232960K, 0% used [0x00000000e3900000,0x00000000e3900000,0x00000000f1c80000)
 ParOldGen       total 945664K, used 939659K [0x0000000080000000, 0x00000000b9b80000, 0x00000000d5580000)
  object space 945664K, 99% used [0x0000000080000000,0x00000000b95a2f18,0x00000000b9b80000)
 Metaspace       used 6865K, capacity 7544K, committed 7680K, reserved 1056768K
  class space    used 634K, capacity 688K, committed 768K, reserved 1048576K

Card table byte_map: [0x00007fb99d1e2000,0x00007fb99d5e3000] byte_map_base: 0x00007fb99cde2000

Marking Bits: (ParMarkBitMap*) 0x00007fb99fcf2020
 Begin Bits: [0x00007fb980000000, 0x00007fb982000000)
 End Bits:   [0x00007fb982000000, 0x00007fb984000000)

Polling page: 0x00007fb9a0939000

CodeCache: size=245760Kb used=14300Kb max_used=14317Kb free=231459Kb
 bounds [0x00007fb989000000, 0x00007fb989e10000, 0x00007fb998000000]
 total_blobs=3080 nmethods=2811 adapters=182
 compilation: enabled

Compilation events (10 events):
Event: 37,115 Thread 0x00007fb9980bd800 nmethod 3463 0x00007fb989dfc910 code [0x00007fb989dfcac0, 0x00007fb989dfcf48]
Event: 37,116 Thread 0x00007fb9980bd800 3464       2       com.android.dx.dex.code.OutputFinisher::assignIndices (46 bytes)
Event: 37,116 Thread 0x00007fb9980bd800 nmethod 3464 0x00007fb989dfd390 code [0x00007fb989dfd520, 0x00007fb989dfd878]
Event: 37,116 Thread 0x00007fb9980bd800 3465       2       com.android.dx.dex.code.OutputFinisher::makeOpcodesArray (45 bytes)
Event: 37,117 Thread 0x00007fb9980bb800 nmethod 3309 0x00007fb989dfda90 code [0x00007fb989dfdf00, 0x00007fb989e00f30]
Event: 37,117 Thread 0x00007fb9980bb800 3329       4       com.android.dx.ssa.SsaMethod::deleteInsns (239 bytes)
Event: 37,117 Thread 0x00007fb9980bd800 nmethod 3465 0x00007fb989dfbf50 code [0x00007fb989dfc0e0, 0x00007fb989dfc518]
Event: 37,117 Thread 0x00007fb9980bd800 3466       2       com.android.dx.dex.code.OutputFinisher::massageInstructions (89 bytes)
Event: 37,118 Thread 0x00007fb9980bd800 nmethod 3466 0x00007fb989dfb090 code [0x00007fb989dfb280, 0x00007fb989dfb818]
Event: 37,118 Thread 0x00007fb9980bd800 3467       2       com.android.dx.dex.file.FieldIdsSection::get (49 bytes)

GC Heap History (10 events):
Event: 33,965 GC heap after
Heap after GC invocations=32 (full 6):
 PSYoungGen      total 459264K, used 116336K [0x00000000d5580000, 0x00000000ff700000, 0x0000000100000000)
  eden space 245760K, 0% used [0x00000000d5580000,0x00000000d5580000,0x00000000e4580000)
  from space 213504K, 54% used [0x00000000f1700000,0x00000000f889c128,0x00000000fe780000)
  to   space 214528K, 0% used [0x00000000e4580000,0x00000000e4580000,0x00000000f1700000)
 ParOldGen       total 945664K, used 700740K [0x0000000080000000, 0x00000000b9b80000, 0x00000000d5580000)
  object space 945664K, 74% used [0x0000000080000000,0x00000000aac51208,0x00000000b9b80000)
 Metaspace       used 6693K, capacity 7384K, committed 7680K, reserved 1056768K
  class space    used 623K, capacity 656K, committed 768K, reserved 1048576K
}
Event: 34,582 GC heap before
{Heap before GC invocations=33 (full 6):
 PSYoungGen      total 459264K, used 362096K [0x00000000d5580000, 0x00000000ff700000, 0x0000000100000000)
  eden space 245760K, 100% used [0x00000000d5580000,0x00000000e4580000,0x00000000e4580000)
  from space 213504K, 54% used [0x00000000f1700000,0x00000000f889c128,0x00000000fe780000)
  to   space 214528K, 0% used [0x00000000e4580000,0x00000000e4580000,0x00000000f1700000)
 ParOldGen       total 945664K, used 700740K [0x0000000080000000, 0x00000000b9b80000, 0x00000000d5580000)
  object space 945664K, 74% used [0x0000000080000000,0x00000000aac51208,0x00000000b9b80000)
 Metaspace       used 6694K, capacity 7384K, committed 7680K, reserved 1056768K
  class space    used 623K, capacity 656K, committed 768K, reserved 1048576K
Event: 34,764 GC heap after
Heap after GC invocations=33 (full 6):
 PSYoungGen      total 460288K, used 154845K [0x00000000d5580000, 0x0000000100000000, 0x0000000100000000)
  eden space 245760K, 0% used [0x00000000d5580000,0x00000000d5580000,0x00000000e4580000)
  from space 214528K, 72% used [0x00000000e4580000,0x00000000edcb7590,0x00000000f1700000)
  to   space 228352K, 0% used [0x00000000f2100000,0x00000000f2100000,0x0000000100000000)
 ParOldGen       total 945664K, used 700740K [0x0000000080000000, 0x00000000b9b80000, 0x00000000d5580000)
  object space 945664K, 74% used [0x0000000080000000,0x00000000aac51208,0x00000000b9b80000)
 Metaspace       used 6694K, capacity 7384K, committed 7680K, reserved 1056768K
  class space    used 623K, capacity 656K, committed 768K, reserved 1048576K
}
Event: 35,306 GC heap before
{Heap before GC invocations=34 (full 6):
 PSYoungGen      total 460288K, used 400605K [0x00000000d5580000, 0x0000000100000000, 0x0000000100000000)
  eden space 245760K, 100% used [0x00000000d5580000,0x00000000e4580000,0x00000000e4580000)
  from space 214528K, 72% used [0x00000000e4580000,0x00000000edcb7590,0x00000000f1700000)
  to   space 228352K, 0% used [0x00000000f2100000,0x00000000f2100000,0x0000000100000000)
 ParOldGen       total 945664K, used 700740K [0x0000000080000000, 0x00000000b9b80000, 0x00000000d5580000)
  object space 945664K, 74% used [0x0000000080000000,0x00000000aac51208,0x00000000b9b80000)
 Metaspace       used 6697K, capacity 7384K, committed 7680K, reserved 1056768K
  class space    used 623K, capacity 656K, committed 768K, reserved 1048576K
Event: 35,559 GC heap after
Heap after GC invocations=34 (full 6):
 PSYoungGen      total 461312K, used 184638K [0x00000000d5580000, 0x0000000100000000, 0x0000000100000000)
  eden space 232960K, 0% used [0x00000000d5580000,0x00000000d5580000,0x00000000e3900000)
  from space 228352K, 80% used [0x00000000f2100000,0x00000000fd54f868,0x0000000100000000)
  to   space 232960K, 0% used [0x00000000e3900000,0x00000000e3900000,0x00000000f1c80000)
 ParOldGen       total 945664K, used 700740K [0x0000000080000000, 0x00000000b9b80000, 0x00000000d5580000)
  object space 945664K, 74% used [0x0000000080000000,0x00000000aac51208,0x00000000b9b80000)
 Metaspace       used 6697K, capacity 7384K, committed 7680K, reserved 1056768K
  class space    used 623K, capacity 656K, committed 768K, reserved 1048576K
}
Event: 36,169 GC heap before
{Heap before GC invocations=35 (full 6):
 PSYoungGen      total 461312K, used 417598K [0x00000000d5580000, 0x0000000100000000, 0x0000000100000000)
  eden space 232960K, 100% used [0x00000000d5580000,0x00000000e3900000,0x00000000e3900000)
  from space 228352K, 80% used [0x00000000f2100000,0x00000000fd54f868,0x0000000100000000)
  to   space 232960K, 0% used [0x00000000e3900000,0x00000000e3900000,0x00000000f1c80000)
 ParOldGen       total 945664K, used 700740K [0x0000000080000000, 0x00000000b9b80000, 0x00000000d5580000)
  object space 945664K, 74% used [0x0000000080000000,0x00000000aac51208,0x00000000b9b80000)
 Metaspace       used 6716K, capacity 7384K, committed 7680K, reserved 1056768K
  class space    used 624K, capacity 656K, committed 768K, reserved 1048576K
Event: 36,522 GC heap after
Heap after GC invocations=35 (full 6):
 PSYoungGen      total 465920K, used 142319K [0x00000000d5580000, 0x0000000100000000, 0x0000000100000000)
  eden space 232960K, 0% used [0x00000000d5580000,0x00000000d5580000,0x00000000e3900000)
  from space 232960K, 61% used [0x00000000e3900000,0x00000000ec3fbfe8,0x00000000f1c80000)
  to   space 232960K, 0% used [0x00000000f1c80000,0x00000000f1c80000,0x0000000100000000)
 ParOldGen       total 945664K, used 775570K [0x0000000080000000, 0x00000000b9b80000, 0x00000000d5580000)
  object space 945664K, 82% used [0x0000000080000000,0x00000000af564a80,0x00000000b9b80000)
 Metaspace       used 6716K, capacity 7384K, committed 7680K, reserved 1056768K
  class space    used 624K, capacity 656K, committed 768K, reserved 1048576K
}
Event: 37,121 GC heap before
{Heap before GC invocations=36 (full 6):
 PSYoungGen      total 465920K, used 375279K [0x00000000d5580000, 0x0000000100000000, 0x0000000100000000)
  eden space 232960K, 100% used [0x00000000d5580000,0x00000000e3900000,0x00000000e3900000)
  from space 232960K, 61% used [0x00000000e3900000,0x00000000ec3fbfe8,0x00000000f1c80000)
  to   space 232960K, 0% used [0x00000000f1c80000,0x00000000f1c80000,0x0000000100000000)
 ParOldGen       total 945664K, used 775570K [0x0000000080000000, 0x00000000b9b80000, 0x00000000d5580000)
  object space 945664K, 82% used [0x0000000080000000,0x00000000af564a80,0x00000000b9b80000)
 Metaspace       used 6865K, capacity 7544K, committed 7680K, reserved 1056768K
  class space    used 634K, capacity 688K, committed 768K, reserved 1048576K
Event: 37,395 GC heap after
Heap after GC invocations=36 (full 6):
 PSYoungGen      total 465920K, used 110049K [0x00000000d5580000, 0x0000000100000000, 0x0000000100000000)
  eden space 232960K, 0% used [0x00000000d5580000,0x00000000d5580000,0x00000000e3900000)
  from space 232960K, 47% used [0x00000000f1c80000,0x00000000f87f8680,0x0000000100000000)
  to   space 232960K, 0% used [0x00000000e3900000,0x00000000e3900000,0x00000000f1c80000)
 ParOldGen       total 945664K, used 849303K [0x0000000080000000, 0x00000000b9b80000, 0x00000000d5580000)
  object space 945664K, 89% used [0x0000000080000000,0x00000000b3d65e78,0x00000000b9b80000)
 Metaspace       used 6865K, capacity 7544K, committed 7680K, reserved 1056768K
  class space    used 634K, capacity 688K, committed 768K, reserved 1048576K
}
Event: 37,395 GC heap before
{Heap before GC invocations=37 (full 7):
 PSYoungGen      total 465920K, used 110049K [0x00000000d5580000, 0x0000000100000000, 0x0000000100000000)
  eden space 232960K, 0% used [0x00000000d5580000,0x00000000d5580000,0x00000000e3900000)
  from space 232960K, 47% used [0x00000000f1c80000,0x00000000f87f8680,0x0000000100000000)
  to   space 232960K, 0% used [0x00000000e3900000,0x00000000e3900000,0x00000000f1c80000)
 ParOldGen       total 945664K, used 849303K [0x0000000080000000, 0x00000000b9b80000, 0x00000000d5580000)
  object space 945664K, 89% used [0x0000000080000000,0x00000000b3d65e78,0x00000000b9b80000)
 Metaspace       used 6865K, capacity 7544K, committed 7680K, reserved 1056768K
  class space    used 634K, capacity 688K, committed 768K, reserved 1048576K

Deoptimization events (10 events):
Event: 35,300 Thread 0x00007fb9981b0800 Uncommon trap: reason=unstable_if action=reinterpret pc=0x00007fb9897e1628 method=java.util.ArrayList.<init>(I)V @ 5
Event: 35,699 Thread 0x00007fb99800a000 Uncommon trap: reason=unstable_if action=reinterpret pc=0x00007fb989b2448c method=com.android.dx.ssa.SsaMethod.makeExitBlock()V @ 103
Event: 35,699 Thread 0x00007fb99800a000 Uncommon trap: reason=unstable_if action=reinterpret pc=0x00007fb98947f5b4 method=com.android.dx.ssa.SsaMethod.getExitBlock()Lcom/android/dx/ssa/SsaBasicBlock; @ 4
Event: 35,699 Thread 0x00007fb99800a000 Uncommon trap: reason=unstable_if action=reinterpret pc=0x00007fb989bdf820 method=com.android.dx.ssa.SsaMethod.getExitBlock()Lcom/android/dx/ssa/SsaBasicBlock; @ 4
Event: 35,700 Thread 0x00007fb99800a000 Uncommon trap: reason=unstable_if action=reinterpret pc=0x00007fb989a7fe24 method=com.android.dx.ssa.SsaMethod.getExitBlock()Lcom/android/dx/ssa/SsaBasicBlock; @ 4
Event: 35,700 Thread 0x00007fb99800a000 Uncommon trap: reason=unstable_if action=reinterpret pc=0x00007fb989c80f68 method=com.android.dx.ssa.SsaMethod.getExitBlock()Lcom/android/dx/ssa/SsaBasicBlock; @ 4
Event: 35,700 Thread 0x00007fb99800a000 Uncommon trap: reason=unstable_if action=reinterpret pc=0x00007fb98930a698 method=com.android.dx.ssa.SsaMethod.getExitBlock()Lcom/android/dx/ssa/SsaBasicBlock; @ 4
Event: 35,795 Thread 0x00007fb9981b0800 Uncommon trap: reason=bimorphic action=maybe_recompile pc=0x00007fb989d318f0 method=com.android.dx.cf.code.BytecodeArray.parseInstruction(ILcom/android/dx/cf/code/BytecodeArray$Visitor;)I @ 1612
Event: 35,795 Thread 0x00007fb9981b0800 Uncommon trap: reason=bimorphic action=maybe_recompile pc=0x00007fb989d318f0 method=com.android.dx.cf.code.BytecodeArray.parseInstruction(ILcom/android/dx/cf/code/BytecodeArray$Visitor;)I @ 1612
Event: 36,634 Thread 0x00007fb9981b5800 Uncommon trap: reason=bimorphic action=maybe_recompile pc=0x00007fb989d7f1b4 method=com.android.dx.cf.code.BytecodeArray.parseInstruction(ILcom/android/dx/cf/code/BytecodeArray$Visitor;)I @ 1525

Internal exceptions (10 events):
Event: 2,383 Thread 0x00007fb9981b5800 Exception <a 'java/lang/ArrayIndexOutOfBoundsException': 18> (0x00000000d9c52878) thrown at [/HUDSON/workspace/8-2-build-linux-amd64/jdk8u66/4988/hotspot/src/share/vm/interpreter/interpreterRuntime.cpp, line 366]
Event: 2,383 Thread 0x00007fb9981b5800 Exception <a 'java/lang/ArrayIndexOutOfBoundsException': 145> (0x00000000d9c543f8) thrown at [/HUDSON/workspace/8-2-build-linux-amd64/jdk8u66/4988/hotspot/src/share/vm/interpreter/interpreterRuntime.cpp, line 366]
Event: 2,384 Thread 0x00007fb9981b5800 Exception <a 'java/lang/ArrayIndexOutOfBoundsException': 40> (0x00000000d9c556e0) thrown at [/HUDSON/workspace/8-2-build-linux-amd64/jdk8u66/4988/hotspot/src/share/vm/interpreter/interpreterRuntime.cpp, line 366]
Event: 10,137 Thread 0x00007fb9981b0800 Implicit null exception at 0x00007fb989a3765f to 0x00007fb989a3af45
Event: 10,866 Thread 0x00007fb9981b7800 Implicit null exception at 0x00007fb98987af0d to 0x00007fb9898800c5
Event: 31,161 Thread 0x00007fb9981b4000 Implicit null exception at 0x00007fb989c4a211 to 0x00007fb989c4a3f2
Event: 33,353 Thread 0x00007fb9981b0800 Implicit null exception at 0x00007fb9895c1cb0 to 0x00007fb9895c21d5
Event: 33,353 Thread 0x00007fb9981b0800 Implicit null exception at 0x00007fb9894ae31f to 0x00007fb9894ae79d
Event: 34,901 Thread 0x00007fb9981b5800 Implicit null exception at 0x00007fb989459817 to 0x00007fb98945afe5
Event: 34,901 Thread 0x00007fb9981b5800 Implicit null exception at 0x00007fb989166290 to 0x00007fb9891663a9

Events (10 events):
Event: 37,090 Thread 0x00007fb9981e7000 DEOPT UNPACKING pc=0x00007fb989047633 sp=0x00007fb97a5d8f50 mode 0
Event: 37,093 Thread 0x00007fb9981e7000 DEOPT PACKING pc=0x00007fb989ddc762 sp=0x00007fb97a5d9070
Event: 37,093 Thread 0x00007fb9981e7000 DEOPT UNPACKING pc=0x00007fb989047633 sp=0x00007fb97a5d8e10 mode 0
Event: 37,093 Thread 0x00007fb99800a000 DEOPT PACKING pc=0x00007fb989af1bfd sp=0x00007fb9a09165a0
Event: 37,094 Thread 0x00007fb99800a000 DEOPT UNPACKING pc=0x00007fb989047633 sp=0x00007fb9a09163a0 mode 0
Event: 37,104 Thread 0x00007fb9981b7800 DEOPT PACKING pc=0x00007fb989af1de7 sp=0x00007fb97a6d9f00
Event: 37,104 Thread 0x00007fb9981b7800 DEOPT UNPACKING pc=0x00007fb989047633 sp=0x00007fb97a6d9d00 mode 0
Event: 37,109 Thread 0x00007fb9981b4000 DEOPT PACKING pc=0x00007fb989af1de7 sp=0x00007fb97a8dbd00
Event: 37,109 Thread 0x00007fb9981b4000 DEOPT UNPACKING pc=0x00007fb989047633 sp=0x00007fb97a8dbb00 mode 0
Event: 37,118 Executing VM operation: ParallelGCFailedAllocation


Dynamic libraries:
00400000-00401000 r-xp 00000000 08:01 4591374                            /usr/lib/jvm/java-8-oracle/bin/java
00600000-00601000 rw-p 00000000 08:01 4591374                            /usr/lib/jvm/java-8-oracle/bin/java
01fc2000-01fe3000 rw-p 00000000 00:00 0                                  [heap]
80000000-b9b80000 rw-p 00000000 00:00 0 
cea80000-d5580000 ---p 00000000 00:00 0 
d5580000-100000000 rw-p 00000000 00:00 0 
100000000-1000c0000 rw-p 00000000 00:00 0 
1000c0000-140000000 ---p 00000000 00:00 0 
7fb934000000-7fb934041000 rw-p 00000000 00:00 0 
7fb934041000-7fb938000000 ---p 00000000 00:00 0 
7fb938000000-7fb938025000 rw-p 00000000 00:00 0 
7fb938025000-7fb93c000000 ---p 00000000 00:00 0 
7fb93c000000-7fb93c06e000 rw-p 00000000 00:00 0 
7fb93c06e000-7fb940000000 ---p 00000000 00:00 0 
7fb940000000-7fb94007b000 rw-p 00000000 00:00 0 
7fb94007b000-7fb944000000 ---p 00000000 00:00 0 
7fb944000000-7fb944034000 rw-p 00000000 00:00 0 
7fb944034000-7fb948000000 ---p 00000000 00:00 0 
7fb948000000-7fb948021000 rw-p 00000000 00:00 0 
7fb948021000-7fb94c000000 ---p 00000000 00:00 0 
7fb94c000000-7fb94c021000 rw-p 00000000 00:00 0 
7fb94c021000-7fb950000000 ---p 00000000 00:00 0 
7fb950000000-7fb950021000 rw-p 00000000 00:00 0 
7fb950021000-7fb954000000 ---p 00000000 00:00 0 
7fb954000000-7fb9557eb000 rw-p 00000000 00:00 0 
7fb9557eb000-7fb958000000 ---p 00000000 00:00 0 
7fb958000000-7fb958a24000 rw-p 00000000 00:00 0 
7fb958a24000-7fb95c000000 ---p 00000000 00:00 0 
7fb95c000000-7fb95c021000 rw-p 00000000 00:00 0 
7fb95c021000-7fb960000000 ---p 00000000 00:00 0 
7fb960000000-7fb96191f000 rw-p 00000000 00:00 0 
7fb96191f000-7fb964000000 ---p 00000000 00:00 0 
7fb964000000-7fb964021000 rw-p 00000000 00:00 0 
7fb964021000-7fb968000000 ---p 00000000 00:00 0 
7fb968000000-7fb968021000 rw-p 00000000 00:00 0 
7fb968021000-7fb96c000000 ---p 00000000 00:00 0 
7fb96c000000-7fb96c021000 rw-p 00000000 00:00 0 
7fb96c021000-7fb970000000 ---p 00000000 00:00 0 
7fb970000000-7fb970297000 rw-p 00000000 00:00 0 
7fb970297000-7fb974000000 ---p 00000000 00:00 0 
7fb974000000-7fb974021000 rw-p 00000000 00:00 0 
7fb974021000-7fb978000000 ---p 00000000 00:00 0 
7fb97a4b5000-7fb97a4da000 r--p 00000000 08:01 2361987                    /usr/share/locale-langpack/pl/LC_MESSAGES/libc.mo
7fb97a4da000-7fb97a4dd000 ---p 00000000 00:00 0 
7fb97a4dd000-7fb97a5db000 rw-p 00000000 00:00 0                          [stack:12088]
7fb97a5db000-7fb97a5de000 ---p 00000000 00:00 0 
7fb97a5de000-7fb97a6dc000 rw-p 00000000 00:00 0                          [stack:12034]
7fb97a6dc000-7fb97a6df000 ---p 00000000 00:00 0 
7fb97a6df000-7fb97a7dd000 rw-p 00000000 00:00 0                          [stack:12033]
7fb97a7dd000-7fb97a7e0000 ---p 00000000 00:00 0 
7fb97a7e0000-7fb97a8de000 rw-p 00000000 00:00 0                          [stack:12032]
7fb97a8de000-7fb97a8e1000 ---p 00000000 00:00 0 
7fb97a8e1000-7fb97a9df000 rw-p 00000000 00:00 0                          [stack:12031]
7fb97a9df000-7fb97a9e2000 ---p 00000000 00:00 0 
7fb97a9e2000-7fb97aae0000 rw-p 00000000 00:00 0                          [stack:12030]
7fb97aae0000-7fb97aae1000 ---p 00000000 00:00 0 
7fb97aae1000-7fb97abe1000 rw-p 00000000 00:00 0                          [stack:12029]
7fb97abe1000-7fb97abe4000 ---p 00000000 00:00 0 
7fb97abe4000-7fb97ace2000 rw-p 00000000 00:00 0                          [stack:12028]
7fb97ace2000-7fb97ace5000 ---p 00000000 00:00 0 
7fb97ace5000-7fb97ade3000 rw-p 00000000 00:00 0                          [stack:12027]
7fb97ade3000-7fb97ade6000 ---p 00000000 00:00 0 
7fb97ade6000-7fb97aee4000 rw-p 00000000 00:00 0                          [stack:12026]
7fb97aee4000-7fb97aee7000 ---p 00000000 00:00 0 
7fb97aee7000-7fb97afe5000 rw-p 00000000 00:00 0                          [stack:12025]
7fb97afe5000-7fb97afe8000 ---p 00000000 00:00 0 
7fb97afe8000-7fb97b0e6000 rw-p 00000000 00:00 0                          [stack:12024]
7fb97b0e6000-7fb97b8f9000 r--p 00000000 08:01 1579663                    /usr/lib/locale/locale-archive
7fb97b8f9000-7fb97b8fc000 ---p 00000000 00:00 0 
7fb97b8fc000-7fb97b9fa000 rw-p 00000000 00:00 0                          [stack:12023]
7fb97b9fa000-7fb97b9fd000 ---p 00000000 00:00 0 
7fb97b9fd000-7fb97bafb000 rw-p 00000000 00:00 0                          [stack:12022]
7fb97bafb000-7fb97bafc000 ---p 00000000 00:00 0 
7fb97bafc000-7fb97c000000 rw-p 00000000 00:00 0                          [stack:12021]
7fb97c000000-7fb97c021000 rw-p 00000000 00:00 0 
7fb97c021000-7fb980000000 ---p 00000000 00:00 0 
7fb980000000-7fb984000000 rw-p 00000000 00:00 0 
7fb984000000-7fb984021000 rw-p 00000000 00:00 0 
7fb984021000-7fb988000000 ---p 00000000 00:00 0 
7fb988017000-7fb9880f9000 r--s 00baf000 08:01 7078062                    /home/tomasz/AndroidStudioProjects/ITAssistant/app/build/intermediates/transforms/jarMerging/debug/jars/1/1f/combined.jar
7fb9880f9000-7fb988ec0000 rw-p 00000000 00:00 0 
7fb988ec0000-7fb989000000 ---p 00000000 00:00 0 
7fb989000000-7fb989e10000 rwxp 00000000 00:00 0 
7fb989e10000-7fb998000000 ---p 00000000 00:00 0 
7fb998000000-7fb9983ec000 rw-p 00000000 00:00 0 
7fb9983ec000-7fb99c000000 ---p 00000000 00:00 0 
7fb99c00d000-7fb99c4e4000 rw-p 00000000 00:00 0 
7fb99c4e4000-7fb99c6bd000 r--s 03d20000 08:01 4069182                    /usr/lib/jvm/java-8-oracle/jre/lib/rt.jar
7fb99c6bd000-7fb99cb33000 rw-p 00000000 00:00 0 
7fb99cb33000-7fb99cb34000 ---p 00000000 00:00 0 
7fb99cb34000-7fb99cc34000 rw-p 00000000 00:00 0                          [stack:12020]
7fb99cc34000-7fb99cc35000 ---p 00000000 00:00 0 
7fb99cc35000-7fb99cd35000 rw-p 00000000 00:00 0                          [stack:12019]
7fb99cd35000-7fb99cd36000 ---p 00000000 00:00 0 
7fb99cd36000-7fb99ce36000 rw-p 00000000 00:00 0                          [stack:12018]
7fb99ce36000-7fb99ce37000 ---p 00000000 00:00 0 
7fb99ce37000-7fb99d105000 rw-p 00000000 00:00 0                          [stack:12017]
7fb99d105000-7fb99d1e2000 ---p 00000000 00:00 0 
7fb99d1e2000-7fb99d3b0000 rw-p 00000000 00:00 0 
7fb99d3b0000-7fb99d48c000 ---p 00000000 00:00 0 
7fb99d48c000-7fb99d5e2000 rw-p 00000000 00:00 0 
7fb99d5e2000-7fb99d61c000 rw-p 00000000 00:00 0 
7fb99d61c000-7fb99d9a3000 ---p 00000000 00:00 0 
7fb99d9a3000-7fb99d9bd000 r-xp 00000000 08:01 4069168                    /usr/lib/jvm/java-8-oracle/jre/lib/amd64/libzip.so
7fb99d9bd000-7fb99dbbd000 ---p 0001a000 08:01 4069168                    /usr/lib/jvm/java-8-oracle/jre/lib/amd64/libzip.so
7fb99dbbd000-7fb99dbbe000 rw-p 0001a000 08:01 4069168                    /usr/lib/jvm/java-8-oracle/jre/lib/amd64/libzip.so
7fb99dbbe000-7fb99dbc9000 r-xp 00000000 08:01 5771445                    /lib/x86_64-linux-gnu/libnss_files-2.19.so
7fb99dbc9000-7fb99ddc8000 ---p 0000b000 08:01 5771445                    /lib/x86_64-linux-gnu/libnss_files-2.19.so
7fb99ddc8000-7fb99ddc9000 r--p 0000a000 08:01 5771445                    /lib/x86_64-linux-gnu/libnss_files-2.19.so
7fb99ddc9000-7fb99ddca000 rw-p 0000b000 08:01 5771445                    /lib/x86_64-linux-gnu/libnss_files-2.19.so
7fb99ddca000-7fb99ddd5000 r-xp 00000000 08:01 5771455                    /lib/x86_64-linux-gnu/libnss_nis-2.19.so
7fb99ddd5000-7fb99dfd4000 ---p 0000b000 08:01 5771455                    /lib/x86_64-linux-gnu/libnss_nis-2.19.so
7fb99dfd4000-7fb99dfd5000 r--p 0000a000 08:01 5771455                    /lib/x86_64-linux-gnu/libnss_nis-2.19.so
7fb99dfd5000-7fb99dfd6000 rw-p 0000b000 08:01 5771455                    /lib/x86_64-linux-gnu/libnss_nis-2.19.so
7fb99dfd6000-7fb99dfed000 r-xp 00000000 08:01 5771439                    /lib/x86_64-linux-gnu/libnsl-2.19.so
7fb99dfed000-7fb99e1ec000 ---p 00017000 08:01 5771439                    /lib/x86_64-linux-gnu/libnsl-2.19.so
7fb99e1ec000-7fb99e1ed000 r--p 00016000 08:01 5771439                    /lib/x86_64-linux-gnu/libnsl-2.19.so
7fb99e1ed000-7fb99e1ee000 rw-p 00017000 08:01 5771439                    /lib/x86_64-linux-gnu/libnsl-2.19.so
7fb99e1ee000-7fb99e1f0000 rw-p 00000000 00:00 0 
7fb99e1f0000-7fb99e1f9000 r-xp 00000000 08:01 5771441                    /lib/x86_64-linux-gnu/libnss_compat-2.19.so
7fb99e1f9000-7fb99e3f8000 ---p 00009000 08:01 5771441                    /lib/x86_64-linux-gnu/libnss_compat-2.19.so
7fb99e3f8000-7fb99e3f9000 r--p 00008000 08:01 5771441                    /lib/x86_64-linux-gnu/libnss_compat-2.19.so
7fb99e3f9000-7fb99e3fa000 rw-p 00009000 08:01 5771441                    /lib/x86_64-linux-gnu/libnss_compat-2.19.so
7fb99e3fa000-7fb99e424000 r-xp 00000000 08:01 4069157                    /usr/lib/jvm/java-8-oracle/jre/lib/amd64/libjava.so
7fb99e424000-7fb99e624000 ---p 0002a000 08:01 4069157                    /usr/lib/jvm/java-8-oracle/jre/lib/amd64/libjava.so
7fb99e624000-7fb99e626000 rw-p 0002a000 08:01 4069157                    /usr/lib/jvm/java-8-oracle/jre/lib/amd64/libjava.so
7fb99e626000-7fb99e633000 r-xp 00000000 08:01 4069118                    /usr/lib/jvm/java-8-oracle/jre/lib/amd64/libverify.so
7fb99e633000-7fb99e833000 ---p 0000d000 08:01 4069118                    /usr/lib/jvm/java-8-oracle/jre/lib/amd64/libverify.so
7fb99e833000-7fb99e835000 rw-p 0000d000 08:01 4069118                    /usr/lib/jvm/java-8-oracle/jre/lib/amd64/libverify.so
7fb99e835000-7fb99e83c000 r-xp 00000000 08:01 5771498                    /lib/x86_64-linux-gnu/librt-2.19.so
7fb99e83c000-7fb99ea3b000 ---p 00007000 08:01 5771498                    /lib/x86_64-linux-gnu/librt-2.19.so
7fb99ea3b000-7fb99ea3c000 r--p 00006000 08:01 5771498                    /lib/x86_64-linux-gnu/librt-2.19.so
7fb99ea3c000-7fb99ea3d000 rw-p 00007000 08:01 5771498                    /lib/x86_64-linux-gnu/librt-2.19.so
7fb99ea3d000-7fb99eb42000 r-xp 00000000 08:01 5771420                    /lib/x86_64-linux-gnu/libm-2.19.so
7fb99eb42000-7fb99ed41000 ---p 00105000 08:01 5771420                    /lib/x86_64-linux-gnu/libm-2.19.so
7fb99ed41000-7fb99ed42000 r--p 00104000 08:01 5771420                    /lib/x86_64-linux-gnu/libm-2.19.so
7fb99ed42000-7fb99ed43000 rw-p 00105000 08:01 5771420                    /lib/x86_64-linux-gnu/libm-2.19.so
7fb99ed43000-7fb99fa01000 r-xp 00000000 08:01 4069167                    /usr/lib/jvm/java-8-oracle/jre/lib/amd64/server/libjvm.so
7fb99fa01000-7fb99fc00000 ---p 00cbe000 08:01 4069167                    /usr/lib/jvm/java-8-oracle/jre/lib/amd64/server/libjvm.so
7fb99fc00000-7fb99fcd9000 rw-p 00cbd000 08:01 4069167                    /usr/lib/jvm/java-8-oracle/jre/lib/amd64/server/libjvm.so
7fb99fcd9000-7fb99fd1d000 rw-p 00000000 00:00 0 
7fb99fd1d000-7fb99fed8000 r-xp 00000000 08:01 5771370                    /lib/x86_64-linux-gnu/libc-2.19.so
7fb99fed8000-7fb9a00d7000 ---p 001bb000 08:01 5771370                    /lib/x86_64-linux-gnu/libc-2.19.so
7fb9a00d7000-7fb9a00db000 r--p 001ba000 08:01 5771370                    /lib/x86_64-linux-gnu/libc-2.19.so
7fb9a00db000-7fb9a00dd000 rw-p 001be000 08:01 5771370                    /lib/x86_64-linux-gnu/libc-2.19.so
7fb9a00dd000-7fb9a00e2000 rw-p 00000000 00:00 0 
7fb9a00e2000-7fb9a00e5000 r-xp 00000000 08:01 5771387                    /lib/x86_64-linux-gnu/libdl-2.19.so
7fb9a00e5000-7fb9a02e4000 ---p 00003000 08:01 5771387                    /lib/x86_64-linux-gnu/libdl-2.19.so
7fb9a02e4000-7fb9a02e5000 r--p 00002000 08:01 5771387                    /lib/x86_64-linux-gnu/libdl-2.19.so
7fb9a02e5000-7fb9a02e6000 rw-p 00003000 08:01 5771387                    /lib/x86_64-linux-gnu/libdl-2.19.so
7fb9a02e6000-7fb9a02fb000 r-xp 00000000 08:01 4727160                    /usr/lib/jvm/java-8-oracle/lib/amd64/jli/libjli.so
7fb9a02fb000-7fb9a04fb000 ---p 00015000 08:01 4727160                    /usr/lib/jvm/java-8-oracle/lib/amd64/jli/libjli.so
7fb9a04fb000-7fb9a04fc000 rw-p 00015000 08:01 4727160                    /usr/lib/jvm/java-8-oracle/lib/amd64/jli/libjli.so
7fb9a04fc000-7fb9a0515000 r-xp 00000000 08:01 5771490                    /lib/x86_64-linux-gnu/libpthread-2.19.so
7fb9a0515000-7fb9a0714000 ---p 00019000 08:01 5771490                    /lib/x86_64-linux-gnu/libpthread-2.19.so
7fb9a0714000-7fb9a0715000 r--p 00018000 08:01 5771490                    /lib/x86_64-linux-gnu/libpthread-2.19.so
7fb9a0715000-7fb9a0716000 rw-p 00019000 08:01 5771490                    /lib/x86_64-linux-gnu/libpthread-2.19.so
7fb9a0716000-7fb9a071a000 rw-p 00000000 00:00 0 
7fb9a071a000-7fb9a073d000 r-xp 00000000 08:01 5771346                    /lib/x86_64-linux-gnu/ld-2.19.so
7fb9a0745000-7fb9a074c000 r--s 00000000 08:01 1967077                    /usr/lib/x86_64-linux-gnu/gconv/gconv-modules.cache
7fb9a074c000-7fb9a0818000 rw-p 00000000 00:00 0 
7fb9a0818000-7fb9a081b000 ---p 00000000 00:00 0 
7fb9a081b000-7fb9a091d000 rw-p 00000000 00:00 0                          [stack:12016]
7fb9a0920000-7fb9a0921000 rw-p 00000000 00:00 0 
7fb9a0921000-7fb9a0930000 r--s 000df000 08:01 10635452                   /home/tomasz/Android/Sdk/build-tools/23.0.2/lib/dx.jar
7fb9a0930000-7fb9a0938000 rw-s 00000000 08:01 6821091                    /tmp/hsperfdata_tomasz/12011
7fb9a0938000-7fb9a0939000 rw-p 00000000 00:00 0 
7fb9a0939000-7fb9a093a000 ---p 00000000 00:00 0 
7fb9a093a000-7fb9a093c000 rw-p 00000000 00:00 0 
7fb9a093c000-7fb9a093d000 r--p 00022000 08:01 5771346                    /lib/x86_64-linux-gnu/ld-2.19.so
7fb9a093d000-7fb9a093e000 rw-p 00023000 08:01 5771346                    /lib/x86_64-linux-gnu/ld-2.19.so
7fb9a093e000-7fb9a093f000 rw-p 00000000 00:00 0 
7ffd885ca000-7ffd885eb000 rw-p 00000000 00:00 0                          [stack]
7ffd885f1000-7ffd885f3000 r--p 00000000 00:00 0                          [vvar]
7ffd885f3000-7ffd885f5000 r-xp 00000000 00:00 0                          [vdso]
ffffffffff600000-ffffffffff601000 r-xp 00000000 00:00 0                  [vsyscall]

VM Arguments:
jvm_args: -Djava.awt.headless=true -Xmx2g -Dfile.encoding=UTF-8 -Duser.country=PL -Duser.language=pl -Duser.variant 
java_command: com.android.dx.command.Main --dex --num-threads=4 --multi-dex --main-dex-list /home/tomasz/AndroidStudioProjects/ITAssistant/app/build/intermediates/multi-dex/debug/maindexlist.txt --output /home/tomasz/AndroidStudioProjects/ITAssistant/app/build/intermediates/transforms/dex/debug/folders/1000/1f/main /home/tomasz/AndroidStudioProjects/ITAssistant/app/build/intermediates/transforms/jarMerging/debug/jars/1/1f/combined.jar
java_class_path (initial): /home/tomasz/Android/Sdk/build-tools/23.0.2/lib/dx.jar
Launcher Type: SUN_STANDARD

Environment Variables:
PATH=/usr/local/sbin:/usr/local/bin:/usr/sbin:/usr/bin:/sbin:/bin:/usr/games:/usr/local/games
LD_LIBRARY_PATH=.:
SHELL=/bin/bash
DISPLAY=:0

Signal Handlers:
SIGSEGV: [libjvm.so+0xaba2a0], sa_mask[0]=11111111011111111101111111111110, sa_flags=SA_RESTART|SA_SIGINFO
SIGBUS: [libjvm.so+0xaba2a0], sa_mask[0]=11111111011111111101111111111110, sa_flags=SA_RESTART|SA_SIGINFO
SIGFPE: [libjvm.so+0x917710], sa_mask[0]=11111111011111111101111111111110, sa_flags=SA_RESTART|SA_SIGINFO
SIGPIPE: [libjvm.so+0x917710], sa_mask[0]=11111111011111111101111111111110, sa_flags=SA_RESTART|SA_SIGINFO
SIGXFSZ: [libjvm.so+0x917710], sa_mask[0]=11111111011111111101111111111110, sa_flags=SA_RESTART|SA_SIGINFO
SIGILL: [libjvm.so+0x917710], sa_mask[0]=11111111011111111101111111111110, sa_flags=SA_RESTART|SA_SIGINFO
SIGUSR1: SIG_DFL, sa_mask[0]=00000000000000000000000000000000, sa_flags=none
SIGUSR2: [libjvm.so+0x918d40], sa_mask[0]=00100000000000000000000000000000, sa_flags=SA_RESTART|SA_SIGINFO
SIGHUP: [libjvm.so+0x91a140], sa_mask[0]=11111111011111111101111111111110, sa_flags=SA_RESTART|SA_SIGINFO
SIGINT: [libjvm.so+0x91a140], sa_mask[0]=11111111011111111101111111111110, sa_flags=SA_RESTART|SA_SIGINFO
SIGTERM: [libjvm.so+0x91a140], sa_mask[0]=11111111011111111101111111111110, sa_flags=SA_RESTART|SA_SIGINFO
SIGQUIT: [libjvm.so+0x91a140], sa_mask[0]=11111111011111111101111111111110, sa_flags=SA_RESTART|SA_SIGINFO


---------------  S Y S T E M  ---------------

OS:DISTRIB_ID=Ubuntu
DISTRIB_RELEASE=14.04
DISTRIB_CODENAME=trusty
DISTRIB_DESCRIPTION="Ubuntu 14.04.3 LTS"

uname:Linux 3.19.0-33-generic #38~14.04.1-Ubuntu SMP Fri Nov 6 18:17:28 UTC 2015 x86_64
libc:glibc 2.19 NPTL 2.19 
rlimit: STACK 8192k, CORE 0k, NPROC 23202, NOFILE 4096, AS infinity
load average:5,06 2,41 1,83

/proc/meminfo:
MemTotal:        5961336 kB
MemFree:          137656 kB
MemAvailable:     111224 kB
Buffers:            1572 kB
Cached:           398720 kB
SwapCached:            0 kB
Active:          5274944 kB
Inactive:         346996 kB
Active(anon):    5242300 kB
Inactive(anon):   318400 kB
Active(file):      32644 kB
Inactive(file):    28596 kB
Unevictable:         332 kB
Mlocked:             332 kB
SwapTotal:             0 kB
SwapFree:              0 kB
Dirty:               380 kB
Writeback:             0 kB
AnonPages:       5222608 kB
Mapped:           120752 kB
Shmem:            338428 kB
Slab:              91388 kB
SReclaimable:      54824 kB
SUnreclaim:        36564 kB
KernelStack:       10992 kB
PageTables:        48800 kB
NFS_Unstable:          0 kB
Bounce:                0 kB
WritebackTmp:          0 kB
CommitLimit:     2980668 kB
Committed_AS:    9738956 kB
VmallocTotal:   34359738367 kB
VmallocUsed:      551936 kB
VmallocChunk:   34359166428 kB
HardwareCorrupted:     0 kB
AnonHugePages:   2410496 kB
CmaTotal:              0 kB
CmaFree:               0 kB
HugePages_Total:       0
HugePages_Free:        0
HugePages_Rsvd:        0
HugePages_Surp:        0
Hugepagesize:       2048 kB
DirectMap4k:      172288 kB
DirectMap2M:     5967872 kB


CPU:total 4 (2 cores per cpu, 2 threads per core) family 6 model 42 stepping 7, cmov, cx8, fxsr, mmx, sse, sse2, sse3, ssse3, sse4.1, sse4.2, popcnt, avx, aes, clmul, ht, tsc, tscinvbit

/proc/cpuinfo:
processor	: 0
vendor_id	: GenuineIntel
cpu family	: 6
model		: 42
model name	: Intel(R) Core(TM) i5-2450M CPU @ 2.50GHz
stepping	: 7
microcode	: 0x25
cpu MHz		: 2101.953
cache size	: 3072 KB
physical id	: 0
siblings	: 4
core id		: 0
cpu cores	: 2
apicid		: 0
initial apicid	: 0
fpu		: yes
fpu_exception	: yes
cpuid level	: 13
wp		: yes
flags		: fpu vme de pse tsc msr pae mce cx8 apic sep mtrr pge mca cmov pat pse36 clflush dts acpi mmx fxsr sse sse2 ss ht tm pbe syscall nx rdtscp lm constant_tsc arch_perfmon pebs bts rep_good nopl xtopology nonstop_tsc aperfmperf eagerfpu pni pclmulqdq dtes64 monitor ds_cpl vmx est tm2 ssse3 cx16 xtpr pdcm pcid sse4_1 sse4_2 x2apic popcnt tsc_deadline_timer aes xsave avx lahf_lm ida arat epb pln pts dtherm tpr_shadow vnmi flexpriority ept vpid xsaveopt
bugs		:
bogomips	: 4988.68
clflush size	: 64
cache_alignment	: 64
address sizes	: 36 bits physical, 48 bits virtual
power management:

processor	: 1
vendor_id	: GenuineIntel
cpu family	: 6
model		: 42
model name	: Intel(R) Core(TM) i5-2450M CPU @ 2.50GHz
stepping	: 7
microcode	: 0x25
cpu MHz		: 2989.941
cache size	: 3072 KB
physical id	: 0
siblings	: 4
core id		: 0
cpu cores	: 2
apicid		: 1
initial apicid	: 1
fpu		: yes
fpu_exception	: yes
cpuid level	: 13
wp		: yes
flags		: fpu vme de pse tsc msr pae mce cx8 apic sep mtrr pge mca cmov pat pse36 clflush dts acpi mmx fxsr sse sse2 ss ht tm pbe syscall nx rdtscp lm constant_tsc arch_perfmon pebs bts rep_good nopl xtopology nonstop_tsc aperfmperf eagerfpu pni pclmulqdq dtes64 monitor ds_cpl vmx est tm2 ssse3 cx16 xtpr pdcm pcid sse4_1 sse4_2 x2apic popcnt tsc_deadline_timer aes xsave avx lahf_lm ida arat epb pln pts dtherm tpr_shadow vnmi flexpriority ept vpid xsaveopt
bugs		:
bogomips	: 4988.68
clflush size	: 64
cache_alignment	: 64
address sizes	: 36 bits physical, 48 bits virtual
power management:

processor	: 2
vendor_id	: GenuineIntel
cpu family	: 6
model		: 42
model name	: Intel(R) Core(TM) i5-2450M CPU @ 2.50GHz
stepping	: 7
microcode	: 0x25
cpu MHz		: 2886.328
cache size	: 3072 KB
physical id	: 0
siblings	: 4
core id		: 1
cpu cores	: 2
apicid		: 2
initial apicid	: 2
fpu		: yes
fpu_exception	: yes
cpuid level	: 13
wp		: yes
flags		: fpu vme de pse tsc msr pae mce cx8 apic sep mtrr pge mca cmov pat pse36 clflush dts acpi mmx fxsr sse sse2 ss ht tm pbe syscall nx rdtscp lm constant_tsc arch_perfmon pebs bts rep_good nopl xtopology nonstop_tsc aperfmperf eagerfpu pni pclmulqdq dtes64 monitor ds_cpl vmx est tm2 ssse3 cx16 xtpr pdcm pcid sse4_1 sse4_2 x2apic popcnt tsc_deadline_timer aes xsave avx lahf_lm ida arat epb pln pts dtherm tpr_shadow vnmi flexpriority ept vpid xsaveopt
bugs		:
bogomips	: 4988.68
clflush size	: 64
cache_alignment	: 64
address sizes	: 36 bits physical, 48 bits virtual
power management:

processor	: 3
vendor_id	: GenuineIntel
cpu family	: 6
model		: 42
model name	: Intel(R) Core(TM) i5-2450M CPU @ 2.50GHz
stepping	: 7
microcode	: 0x25
cpu MHz		: 2116.601
cache size	: 3072 KB
physical id	: 0
siblings	: 4
core id		: 1
cpu cores	: 2
apicid		: 3
initial apicid	: 3
fpu		: yes
fpu_exception	: yes
cpuid level	: 13
wp		: yes
flags		: fpu vme de pse tsc msr pae mce cx8 apic sep mtrr pge mca cmov pat pse36 clflush dts acpi mmx fxsr sse sse2 ss ht tm pbe syscall nx rdtscp lm constant_tsc arch_perfmon pebs bts rep_good nopl xtopology nonstop_tsc aperfmperf eagerfpu pni pclmulqdq dtes64 monitor ds_cpl vmx est tm2 ssse3 cx16 xtpr pdcm pcid sse4_1 sse4_2 x2apic popcnt tsc_deadline_timer aes xsave avx lahf_lm ida arat epb pln pts dtherm tpr_shadow vnmi flexpriority ept vpid xsaveopt
bugs		:
bogomips	: 4988.68
clflush size	: 64
cache_alignment	: 64
address sizes	: 36 bits physical, 48 bits virtual
power management:



Memory: 4k page, physical 5961336k(137656k free), swap 0k(0k free)

vm_info: Java HotSpot(TM) 64-Bit Server VM (25.66-b17) for linux-amd64 JRE (1.8.0_66-b17), built on Oct  6 2015 17:28:34 by "java_re" with gcc 4.3.0 20080428 (Red Hat 4.3.0-8)

time: Wed Nov 25 22:19:12 2015
elapsed time: 43 seconds (0d 0h 0m 43s)

