#
# There is insufficient memory for the Java Runtime Environment to continue.
# Native memory allocation (mmap) failed to map 288882688 bytes for committing reserved memory.
# Possible reasons:
#   The system is out of physical RAM or swap space
#   In 32 bit mode, the process size limit was hit
# Possible solutions:
#   Reduce memory load on the system
#   Increase physical memory or swap space
#   Check if swap backing store is full
#   Use 64 bit Java on a 64 bit OS
#   Decrease Java heap size (-Xmx/-Xms)
#   Decrease number of Java threads
#   Decrease Java thread stack sizes (-Xss)
#   Set larger code cache with -XX:ReservedCodeCacheSize=
# This output file may be truncated or incomplete.
#
#  Out of Memory Error (os_linux.cpp:2627), pid=18610, tid=140591954867968
#
# JRE version: Java(TM) SE Runtime Environment (8.0_66-b17) (build 1.8.0_66-b17)
# Java VM: Java HotSpot(TM) 64-Bit Server VM (25.66-b17 mixed mode linux-amd64 compressed oops)
# Failed to write core dump. Core dumps have been disabled. To enable core dumping, try "ulimit -c unlimited" before starting Java again
#

---------------  T H R E A D  ---------------

Current thread (0x00007fde30078000):  VMThread [stack: 0x00007fde1d773000,0x00007fde1d874000] [id=18621]

Stack: [0x00007fde1d773000,0x00007fde1d874000],  sp=0x00007fde1d872060,  free space=1020k
Native frames: (J=compiled Java code, j=interpreted, Vv=VM code, C=native code)
V  [libjvm.so+0xab9a1a]  VMError::report_and_die()+0x2ba
V  [libjvm.so+0x4f9e0b]  report_vm_out_of_memory(char const*, int, unsigned long, VMErrorType, char const*)+0x8b
V  [libjvm.so+0x91a8a3]  os::Linux::commit_memory_impl(char*, unsigned long, bool)+0x103
V  [libjvm.so+0x91adf9]  os::pd_commit_memory(char*, unsigned long, unsigned long, bool)+0x29
V  [libjvm.so+0x91510a]  os::commit_memory(char*, unsigned long, unsigned long, bool)+0x2a
V  [libjvm.so+0x9887a3]  PSVirtualSpace::expand_by(unsigned long)+0x53
V  [libjvm.so+0x979090]  PSOldGen::expand(unsigned long)+0x170
V  [libjvm.so+0x97929b]  PSOldGen::resize(unsigned long)+0x1cb
V  [libjvm.so+0x980f71]  PSParallelCompact::invoke_no_policy(bool)+0x991
V  [libjvm.so+0x9868cd]  PSScavenge::invoke()+0x1ad
V  [libjvm.so+0x93e500]  ParallelScavengeHeap::failed_mem_allocate(unsigned long)+0x70
V  [libjvm.so+0xabb437]  VM_ParallelGCFailedAllocation::doit()+0x97
V  [libjvm.so+0xac2e65]  VM_Operation::evaluate()+0x55
V  [libjvm.so+0xac123a]  VMThread::evaluate_operation(VM_Operation*)+0xba
V  [libjvm.so+0xac15be]  VMThread::loop()+0x1ce
V  [libjvm.so+0xac1a30]  VMThread::run()+0x70
V  [libjvm.so+0x91cc68]  java_start(Thread*)+0x108

VM_Operation (0x00007fde1c374f00): ParallelGCFailedAllocation, mode: safepoint, requested by thread 0x00007fde301b7800


---------------  P R O C E S S  ---------------

Java Threads: ( => current thread )
  0x00007fde3018d000 JavaThread "pool-1-thread-1" [_thread_blocked, id=18714, stack(0x00007fde1c074000,0x00007fde1c175000)]
  0x00007fde301b9000 JavaThread "pool-2-thread-4" [_thread_blocked, id=18635, stack(0x00007fde1c175000,0x00007fde1c276000)]
  0x00007fde301b7800 JavaThread "pool-2-thread-3" [_thread_blocked, id=18634, stack(0x00007fde1c276000,0x00007fde1c377000)]
  0x00007fde301b6800 JavaThread "pool-2-thread-2" [_thread_blocked, id=18633, stack(0x00007fde1c377000,0x00007fde1c478000)]
  0x00007fde301a9800 JavaThread "pool-3-thread-1" [_thread_blocked, id=18632, stack(0x00007fde1c478000,0x00007fde1c579000)]
  0x00007fde301a7800 JavaThread "pool-2-thread-1" [_thread_blocked, id=18631, stack(0x00007fde1c579000,0x00007fde1c67a000)]
  0x00007fde300c2800 JavaThread "Service Thread" daemon [_thread_blocked, id=18628, stack(0x00007fde1c859000,0x00007fde1c95a000)]
  0x00007fde300bd800 JavaThread "C1 CompilerThread2" daemon [_thread_blocked, id=18627, stack(0x00007fde1c95a000,0x00007fde1ca5b000)]
  0x00007fde300bb800 JavaThread "C2 CompilerThread1" daemon [_thread_blocked, id=18626, stack(0x00007fde1ca5b000,0x00007fde1cb5c000)]
  0x00007fde300b8800 JavaThread "C2 CompilerThread0" daemon [_thread_blocked, id=18625, stack(0x00007fde1cb5c000,0x00007fde1cc5d000)]
  0x00007fde300b7000 JavaThread "Signal Dispatcher" daemon [_thread_blocked, id=18624, stack(0x00007fde1cc5d000,0x00007fde1cd5e000)]
  0x00007fde3007f000 JavaThread "Finalizer" daemon [_thread_blocked, id=18623, stack(0x00007fde1d571000,0x00007fde1d672000)]
  0x00007fde3007d000 JavaThread "Reference Handler" daemon [_thread_blocked, id=18622, stack(0x00007fde1d672000,0x00007fde1d773000)]
  0x00007fde3000a000 JavaThread "main" [_thread_blocked, id=18616, stack(0x00007fde3639a000,0x00007fde3649b000)]

Other Threads:
=>0x00007fde30078000 VMThread [stack: 0x00007fde1d773000,0x00007fde1d874000] [id=18621]
  0x00007fde300c5800 WatcherThread [stack: 0x00007fde1c758000,0x00007fde1c859000] [id=18629]

VM state:at safepoint (normal execution)

VM Mutex/Monitor currently owned by a thread:  ([mutex/lock_event])
[0x00007fde30005e10] ExpandHeap_lock - owner thread: 0x00007fde30078000
[0x00007fde30006490] Threads_lock - owner thread: 0x00007fde30078000
[0x00007fde30006990] Heap_lock - owner thread: 0x00007fde301b7800

Heap:
 PSYoungGen      total 376832K, used 58973K [0x00000000d5580000, 0x0000000100000000, 0x0000000100000000)
  eden space 232960K, 0% used [0x00000000d5580000,0x00000000d5580000,0x00000000e3900000)
  from space 143872K, 40% used [0x00000000f7380000,0x00000000fad177e8,0x0000000100000000)
  to   space 232960K, 0% used [0x00000000e3900000,0x00000000e3900000,0x00000000f1c80000)
 ParOldGen       total 712704K, used 712338K [0x0000000080000000, 0x00000000ab800000, 0x00000000d5580000)
  object space 712704K, 99% used [0x0000000080000000,0x00000000ab7a4ba8,0x00000000ab800000)
 Metaspace       used 6591K, capacity 7352K, committed 7552K, reserved 1056768K
  class space    used 615K, capacity 624K, committed 640K, reserved 1048576K

Card table byte_map: [0x00007fde1fbbc000,0x00007fde1ffbd000] byte_map_base: 0x00007fde1f7bc000

Marking Bits: (ParMarkBitMap*) 0x00007fde35871020
 Begin Bits: [0x00007fde14000000, 0x00007fde16000000)
 End Bits:   [0x00007fde16000000, 0x00007fde18000000)

Polling page: 0x00007fde364b8000

CodeCache: size=245760Kb used=12089Kb max_used=12146Kb free=233670Kb
 bounds [0x00007fde2037d000, 0x00007fde20f8d000, 0x00007fde2f37d000]
 total_blobs=2706 nmethods=2437 adapters=182
 compilation: enabled

Compilation events (10 events):
Event: 31,998 Thread 0x00007fde300bd800 3038       2       com.android.dx.util.ListIntSet$1::hasNext (23 bytes)
Event: 31,998 Thread 0x00007fde300bd800 nmethod 3038 0x00007fde206e6a10 code [0x00007fde206e6b80, 0x00007fde206e6cf0]
Event: 31,999 Thread 0x00007fde300bd800 3037       2       com.android.dx.util.ListIntSet$1::<init> (15 bytes)
Event: 31,999 Thread 0x00007fde300bd800 nmethod 3037 0x00007fde20769250 code [0x00007fde207693a0, 0x00007fde20769510]
Event: 32,017 Thread 0x00007fde300bb800 nmethod 3024 0x00007fde20c0fb90 code [0x00007fde20c0fec0, 0x00007fde20c11ae0]
Event: 32,017 Thread 0x00007fde300bb800 3035       4       com.android.dx.ssa.SsaConverter::placePhiFunctions (394 bytes)
Event: 32,036 Thread 0x00007fde300bd800 3039       3       com.android.dx.dex.code.OutputFinisher::addConstants (93 bytes)
Event: 32,037 Thread 0x00007fde300bd800 nmethod 3039 0x00007fde20906e50 code [0x00007fde209070a0, 0x00007fde20908238]
Event: 32,039 Thread 0x00007fde300bd800 3040       3       com.android.dx.dex.code.OutputFinisher::getAllConstants (47 bytes)
Event: 32,040 Thread 0x00007fde300bd800 nmethod 3040 0x00007fde20900cd0 code [0x00007fde20900f00, 0x00007fde20901848]

GC Heap History (10 events):
Event: 23,289 GC heap after
Heap after GC invocations=19 (full 4):
 PSYoungGen      total 552448K, used 61310K [0x00000000d5580000, 0x0000000100000000, 0x0000000100000000)
  eden space 406016K, 0% used [0x00000000d5580000,0x00000000d5580000,0x00000000ee200000)
  from space 146432K, 41% used [0x00000000ee200000,0x00000000f1ddf868,0x00000000f7100000)
  to   space 139776K, 0% used [0x00000000f7780000,0x00000000f7780000,0x0000000100000000)
 ParOldGen       total 495104K, used 464361K [0x0000000080000000, 0x000000009e380000, 0x00000000d5580000)
  object space 495104K, 93% used [0x0000000080000000,0x000000009c57a490,0x000000009e380000)
 Metaspace       used 6461K, capacity 7282K, committed 7552K, reserved 1056768K
  class space    used 606K, capacity 618K, committed 640K, reserved 1048576K
}
Event: 23,289 GC heap before
{Heap before GC invocations=20 (full 5):
 PSYoungGen      total 552448K, used 61310K [0x00000000d5580000, 0x0000000100000000, 0x0000000100000000)
  eden space 406016K, 0% used [0x00000000d5580000,0x00000000d5580000,0x00000000ee200000)
  from space 146432K, 41% used [0x00000000ee200000,0x00000000f1ddf868,0x00000000f7100000)
  to   space 139776K, 0% used [0x00000000f7780000,0x00000000f7780000,0x0000000100000000)
 ParOldGen       total 495104K, used 464361K [0x0000000080000000, 0x000000009e380000, 0x00000000d5580000)
  object space 495104K, 93% used [0x0000000080000000,0x000000009c57a490,0x000000009e380000)
 Metaspace       used 6461K, capacity 7282K, committed 7552K, reserved 1056768K
  class space    used 606K, capacity 618K, committed 640K, reserved 1048576K
Event: 27,365 GC heap after
Heap after GC invocations=20 (full 5):
 PSYoungGen      total 552448K, used 25246K [0x00000000d5580000, 0x0000000100000000, 0x0000000100000000)
  eden space 406016K, 0% used [0x00000000d5580000,0x00000000d5580000,0x00000000ee200000)
  from space 146432K, 17% used [0x00000000ee200000,0x00000000efaa7ba8,0x00000000f7100000)
  to   space 139776K, 0% used [0x00000000f7780000,0x00000000f7780000,0x0000000100000000)
 ParOldGen       total 712704K, used 495081K [0x0000000080000000, 0x00000000ab800000, 0x00000000d5580000)
  object space 712704K, 69% used [0x0000000080000000,0x000000009e37a628,0x00000000ab800000)
 Metaspace       used 6461K, capacity 7282K, committed 7552K, reserved 1056768K
  class space    used 606K, capacity 618K, committed 640K, reserved 1048576K
}
Event: 28,611 GC heap before
{Heap before GC invocations=21 (full 5):
 PSYoungGen      total 552448K, used 431262K [0x00000000d5580000, 0x0000000100000000, 0x0000000100000000)
  eden space 406016K, 100% used [0x00000000d5580000,0x00000000ee200000,0x00000000ee200000)
  from space 146432K, 17% used [0x00000000ee200000,0x00000000efaa7ba8,0x00000000f7100000)
  to   space 139776K, 0% used [0x00000000f7780000,0x00000000f7780000,0x0000000100000000)
 ParOldGen       total 712704K, used 495081K [0x0000000080000000, 0x00000000ab800000, 0x00000000d5580000)
  object space 712704K, 69% used [0x0000000080000000,0x000000009e37a628,0x00000000ab800000)
 Metaspace       used 6465K, capacity 7282K, committed 7552K, reserved 1056768K
  class space    used 606K, capacity 618K, committed 640K, reserved 1048576K
Event: 28,876 GC heap after
Heap after GC invocations=21 (full 5):
 PSYoungGen      total 550912K, used 89601K [0x00000000d5580000, 0x0000000100000000, 0x0000000100000000)
  eden space 411136K, 0% used [0x00000000d5580000,0x00000000d5580000,0x00000000ee700000)
  from space 139776K, 64% used [0x00000000f7780000,0x00000000fcf00560,0x0000000100000000)
  to   space 143872K, 0% used [0x00000000ee700000,0x00000000ee700000,0x00000000f7380000)
 ParOldGen       total 712704K, used 495081K [0x0000000080000000, 0x00000000ab800000, 0x00000000d5580000)
  object space 712704K, 69% used [0x0000000080000000,0x000000009e37a628,0x00000000ab800000)
 Metaspace       used 6465K, capacity 7282K, committed 7552K, reserved 1056768K
  class space    used 606K, capacity 618K, committed 640K, reserved 1048576K
}
Event: 30,358 GC heap before
{Heap before GC invocations=22 (full 5):
 PSYoungGen      total 550912K, used 500737K [0x00000000d5580000, 0x0000000100000000, 0x0000000100000000)
  eden space 411136K, 100% used [0x00000000d5580000,0x00000000ee700000,0x00000000ee700000)
  from space 139776K, 64% used [0x00000000f7780000,0x00000000fcf00560,0x0000000100000000)
  to   space 143872K, 0% used [0x00000000ee700000,0x00000000ee700000,0x00000000f7380000)
 ParOldGen       total 712704K, used 495081K [0x0000000080000000, 0x00000000ab800000, 0x00000000d5580000)
  object space 712704K, 69% used [0x0000000080000000,0x000000009e37a628,0x00000000ab800000)
 Metaspace       used 6496K, capacity 7286K, committed 7552K, reserved 1056768K
  class space    used 610K, capacity 622K, committed 640K, reserved 1048576K
Event: 30,583 GC heap after
Heap after GC invocations=22 (full 5):
 PSYoungGen      total 555008K, used 143854K [0x00000000d5580000, 0x0000000100000000, 0x0000000100000000)
  eden space 411136K, 0% used [0x00000000d5580000,0x00000000d5580000,0x00000000ee700000)
  from space 143872K, 99% used [0x00000000ee700000,0x00000000f737ba48,0x00000000f7380000)
  to   space 143872K, 0% used [0x00000000f7380000,0x00000000f7380000,0x0000000100000000)
 ParOldGen       total 712704K, used 503059K [0x0000000080000000, 0x00000000ab800000, 0x00000000d5580000)
  object space 712704K, 70% used [0x0000000080000000,0x000000009eb44eb0,0x00000000ab800000)
 Metaspace       used 6496K, capacity 7286K, committed 7552K, reserved 1056768K
  class space    used 610K, capacity 622K, committed 640K, reserved 1048576K
}
Event: 32,144 GC heap before
{Heap before GC invocations=23 (full 5):
 PSYoungGen      total 555008K, used 554990K [0x00000000d5580000, 0x0000000100000000, 0x0000000100000000)
  eden space 411136K, 100% used [0x00000000d5580000,0x00000000ee700000,0x00000000ee700000)
  from space 143872K, 99% used [0x00000000ee700000,0x00000000f737ba48,0x00000000f7380000)
  to   space 143872K, 0% used [0x00000000f7380000,0x00000000f7380000,0x0000000100000000)
 ParOldGen       total 712704K, used 503059K [0x0000000080000000, 0x00000000ab800000, 0x00000000d5580000)
  object space 712704K, 70% used [0x0000000080000000,0x000000009eb44eb0,0x00000000ab800000)
 Metaspace       used 6591K, capacity 7352K, committed 7552K, reserved 1056768K
  class space    used 615K, capacity 624K, committed 640K, reserved 1048576K
Event: 32,508 GC heap after
Heap after GC invocations=23 (full 5):
 PSYoungGen      total 376832K, used 143841K [0x00000000d5580000, 0x0000000100000000, 0x0000000100000000)
  eden space 232960K, 0% used [0x00000000d5580000,0x00000000d5580000,0x00000000e3900000)
  from space 143872K, 99% used [0x00000000f7380000,0x00000000ffff8668,0x0000000100000000)
  to   space 232960K, 0% used [0x00000000e3900000,0x00000000e3900000,0x00000000f1c80000)
 ParOldGen       total 712704K, used 645572K [0x0000000080000000, 0x00000000ab800000, 0x00000000d5580000)
  object space 712704K, 90% used [0x0000000080000000,0x00000000a7671318,0x00000000ab800000)
 Metaspace       used 6591K, capacity 7352K, committed 7552K, reserved 1056768K
  class space    used 615K, capacity 624K, committed 640K, reserved 1048576K
}
Event: 32,512 GC heap before
{Heap before GC invocations=24 (full 6):
 PSYoungGen      total 376832K, used 143841K [0x00000000d5580000, 0x0000000100000000, 0x0000000100000000)
  eden space 232960K, 0% used [0x00000000d5580000,0x00000000d5580000,0x00000000e3900000)
  from space 143872K, 99% used [0x00000000f7380000,0x00000000ffff8668,0x0000000100000000)
  to   space 232960K, 0% used [0x00000000e3900000,0x00000000e3900000,0x00000000f1c80000)
 ParOldGen       total 712704K, used 645572K [0x0000000080000000, 0x00000000ab800000, 0x00000000d5580000)
  object space 712704K, 90% used [0x0000000080000000,0x00000000a7671318,0x00000000ab800000)
 Metaspace       used 6591K, capacity 7352K, committed 7552K, reserved 1056768K
  class space    used 615K, capacity 624K, committed 640K, reserved 1048576K

Deoptimization events (10 events):
Event: 30,348 Thread 0x00007fde3018d000 Uncommon trap: reason=class_check action=maybe_recompile pc=0x00007fde207cf8bc method=java.util.Arrays.hashCode([Ljava/lang/Object;)I @ 43
Event: 30,348 Thread 0x00007fde3018d000 Uncommon trap: reason=class_check action=maybe_recompile pc=0x00007fde207cf8bc method=java.util.Arrays.hashCode([Ljava/lang/Object;)I @ 43
Event: 30,348 Thread 0x00007fde3018d000 Uncommon trap: reason=class_check action=maybe_recompile pc=0x00007fde207a49f4 method=java.util.Arrays.hashCode([Ljava/lang/Object;)I @ 43
Event: 30,802 Thread 0x00007fde301b7800 Uncommon trap: reason=unstable_if action=reinterpret pc=0x00007fde207d6ae4 method=com.android.dx.dex.code.OutputFinisher.hasLocalInfo(Lcom/android/dx/dex/code/DalvInsn;)Z @ 35
Event: 31,352 Thread 0x00007fde3018d000 Uncommon trap: reason=unstable_if action=reinterpret pc=0x00007fde20613c50 method=com.android.dx.dex.code.OutputFinisher.addConstants(Ljava/util/HashSet;Lcom/android/dx/rop/code/RegisterSpec;)V @ 57
Event: 31,956 Thread 0x00007fde301b9000 Uncommon trap: reason=predicate action=maybe_recompile pc=0x00007fde20b49250 method=com.android.dx.ssa.DomFront.run()[Lcom/android/dx/ssa/DomFront$DomInfo; @ 175
Event: 31,973 Thread 0x00007fde301b9000 Uncommon trap: reason=unstable_if action=reinterpret pc=0x00007fde2054f028 method=com.android.dx.ssa.SetFactory.makeDomFrontSet(I)Lcom/android/dx/util/IntSet; @ 4
Event: 31,996 Thread 0x00007fde301b9000 Uncommon trap: reason=class_check action=maybe_recompile pc=0x00007fde207b9118 method=com.android.dx.ssa.SsaConverter.placePhiFunctions(Lcom/android/dx/ssa/SsaMethod;Lcom/android/dx/ssa/LocalVariableInfo;I)V @ 257
Event: 32,030 Thread 0x00007fde3018d000 Uncommon trap: reason=unstable_if action=reinterpret pc=0x00007fde20f640f4 method=com.android.dx.dex.code.OutputFinisher.addConstants(Ljava/util/HashSet;Lcom/android/dx/rop/code/RegisterSpec;)V @ 32
Event: 32,030 Thread 0x00007fde3018d000 Uncommon trap: reason=unstable_if action=reinterpret pc=0x00007fde20c11104 method=com.android.dx.dex.code.OutputFinisher.addConstants(Ljava/util/HashSet;Lcom/android/dx/rop/code/RegisterSpec;)V @ 32

Internal exceptions (10 events):
Event: 1,280 Thread 0x00007fde301b6800 Implicit null exception at 0x00007fde20637b38 to 0x00007fde2063aab9
Event: 1,757 Thread 0x00007fde301a7800 Exception <a 'java/lang/ArrayIndexOutOfBoundsException': 18> (0x00000000d725d2f8) thrown at [/HUDSON/workspace/8-2-build-linux-amd64/jdk8u66/4988/hotspot/src/share/vm/interpreter/interpreterRuntime.cpp, line 366]
Event: 1,758 Thread 0x00007fde301a7800 Exception <a 'java/lang/ArrayIndexOutOfBoundsException': 145> (0x00000000d725ee78) thrown at [/HUDSON/workspace/8-2-build-linux-amd64/jdk8u66/4988/hotspot/src/share/vm/interpreter/interpreterRuntime.cpp, line 366]
Event: 1,759 Thread 0x00007fde301a7800 Exception <a 'java/lang/ArrayIndexOutOfBoundsException': 40> (0x00000000d7260160) thrown at [/HUDSON/workspace/8-2-build-linux-amd64/jdk8u66/4988/hotspot/src/share/vm/interpreter/interpreterRuntime.cpp, line 366]
Event: 3,565 Thread 0x00007fde3000a000 Implicit null exception at 0x00007fde207d25df to 0x00007fde207d4a6d
Event: 19,332 Thread 0x00007fde301b7800 Implicit null exception at 0x00007fde206cb130 to 0x00007fde206cb695
Event: 19,332 Thread 0x00007fde301b7800 Implicit null exception at 0x00007fde206a779f to 0x00007fde206a7c5d
Event: 29,403 Thread 0x00007fde301b9000 Implicit null exception at 0x00007fde20963d7e to 0x00007fde20963f70
Event: 29,899 Thread 0x00007fde301a7800 Implicit null exception at 0x00007fde20f2d260 to 0x00007fde20f3470d
Event: 30,802 Thread 0x00007fde301b7800 Implicit null exception at 0x00007fde207d5986 to 0x00007fde207d6ab5

Events (10 events):
Event: 32,030 Thread 0x00007fde3018d000 Uncommon trap: trap_request=0xffffff65 fr.pc=0x00007fde20f640f4
Event: 32,030 Thread 0x00007fde3018d000 DEOPT PACKING pc=0x00007fde20f640f4 sp=0x00007fde1c1733a0
Event: 32,030 Thread 0x00007fde3018d000 DEOPT UNPACKING pc=0x00007fde20382229 sp=0x00007fde1c1732a8 mode 2
Event: 32,030 Thread 0x00007fde3018d000 Uncommon trap: trap_request=0xffffff65 fr.pc=0x00007fde20c11104
Event: 32,030 Thread 0x00007fde3018d000 DEOPT PACKING pc=0x00007fde20c11104 sp=0x00007fde1c173330
Event: 32,030 Thread 0x00007fde3018d000 DEOPT UNPACKING pc=0x00007fde20382229 sp=0x00007fde1c173298 mode 2
Event: 32,038 Thread 0x00007fde300bd800 flushing nmethod 0x00007fde20939710
Event: 32,040 Thread 0x00007fde300bd800 flushing nmethod 0x00007fde209ca7d0
Event: 32,040 Thread 0x00007fde300bd800 flushing nmethod 0x00007fde20a01dd0
Event: 32,141 Executing VM operation: ParallelGCFailedAllocation


Dynamic libraries:
00400000-00401000 r-xp 00000000 08:01 4591374                            /usr/lib/jvm/java-8-oracle/bin/java
00600000-00601000 rw-p 00000000 08:01 4591374                            /usr/lib/jvm/java-8-oracle/bin/java
007e2000-00803000 rw-p 00000000 00:00 0                                  [heap]
80000000-ab800000 rw-p 00000000 00:00 0 
bcb80000-d5580000 ---p 00000000 00:00 0 
d5580000-100000000 rw-p 00000000 00:00 0 
100000000-1000a0000 rw-p 00000000 00:00 0 
1000a0000-140000000 ---p 00000000 00:00 0 
7fddc8000000-7fddc8053000 rw-p 00000000 00:00 0 
7fddc8053000-7fddcc000000 ---p 00000000 00:00 0 
7fddcc000000-7fddcc021000 rw-p 00000000 00:00 0 
7fddcc021000-7fddd0000000 ---p 00000000 00:00 0 
7fddd0000000-7fddd0047000 rw-p 00000000 00:00 0 
7fddd0047000-7fddd4000000 ---p 00000000 00:00 0 
7fddd4000000-7fddd4038000 rw-p 00000000 00:00 0 
7fddd4038000-7fddd8000000 ---p 00000000 00:00 0 
7fddd8000000-7fddd8061000 rw-p 00000000 00:00 0 
7fddd8061000-7fdddc000000 ---p 00000000 00:00 0 
7fdddc000000-7fdddc021000 rw-p 00000000 00:00 0 
7fdddc021000-7fdde0000000 ---p 00000000 00:00 0 
7fdde0000000-7fdde0021000 rw-p 00000000 00:00 0 
7fdde0021000-7fdde4000000 ---p 00000000 00:00 0 
7fdde4000000-7fdde4021000 rw-p 00000000 00:00 0 
7fdde4021000-7fdde8000000 ---p 00000000 00:00 0 
7fdde8000000-7fdde9b86000 rw-p 00000000 00:00 0 
7fdde9b86000-7fddec000000 ---p 00000000 00:00 0 
7fddec000000-7fddecbac000 rw-p 00000000 00:00 0 
7fddecbac000-7fddf0000000 ---p 00000000 00:00 0 
7fddf0000000-7fddf0021000 rw-p 00000000 00:00 0 
7fddf0021000-7fddf4000000 ---p 00000000 00:00 0 
7fddf4000000-7fddf5e44000 rw-p 00000000 00:00 0 
7fddf5e44000-7fddf8000000 ---p 00000000 00:00 0 
7fddf8000000-7fddf8021000 rw-p 00000000 00:00 0 
7fddf8021000-7fddfc000000 ---p 00000000 00:00 0 
7fddfc000000-7fddfc021000 rw-p 00000000 00:00 0 
7fddfc021000-7fde00000000 ---p 00000000 00:00 0 
7fde00000000-7fde00021000 rw-p 00000000 00:00 0 
7fde00021000-7fde04000000 ---p 00000000 00:00 0 
7fde04000000-7fde042a8000 rw-p 00000000 00:00 0 
7fde042a8000-7fde08000000 ---p 00000000 00:00 0 
7fde08000000-7fde08021000 rw-p 00000000 00:00 0 
7fde08021000-7fde0c000000 ---p 00000000 00:00 0 
7fde10000000-7fde10021000 rw-p 00000000 00:00 0 
7fde10021000-7fde14000000 ---p 00000000 00:00 0 
7fde14000000-7fde18000000 rw-p 00000000 00:00 0 
7fde18000000-7fde18021000 rw-p 00000000 00:00 0 
7fde18021000-7fde1c000000 ---p 00000000 00:00 0 
7fde1c04f000-7fde1c074000 r--p 00000000 08:01 2361987                    /usr/share/locale-langpack/pl/LC_MESSAGES/libc.mo
7fde1c074000-7fde1c077000 ---p 00000000 00:00 0 
7fde1c077000-7fde1c175000 rw-p 00000000 00:00 0                          [stack:18714]
7fde1c175000-7fde1c178000 ---p 00000000 00:00 0 
7fde1c178000-7fde1c276000 rw-p 00000000 00:00 0                          [stack:18635]
7fde1c276000-7fde1c279000 ---p 00000000 00:00 0 
7fde1c279000-7fde1c377000 rw-p 00000000 00:00 0                          [stack:18634]
7fde1c377000-7fde1c37a000 ---p 00000000 00:00 0 
7fde1c37a000-7fde1c478000 rw-p 00000000 00:00 0                          [stack:18633]
7fde1c478000-7fde1c47b000 ---p 00000000 00:00 0 
7fde1c47b000-7fde1c579000 rw-p 00000000 00:00 0                          [stack:18632]
7fde1c579000-7fde1c57c000 ---p 00000000 00:00 0 
7fde1c57c000-7fde1c67a000 rw-p 00000000 00:00 0                          [stack:18631]
7fde1c67a000-7fde1c758000 r--s 00ab5000 08:01 1835236                    /home/tomasz/AndroidStudioProjects/ITAssistant/app/build/intermediates/transforms/CLASSES/FULL_PROJECT/jarMerging/debug/classes.jar
7fde1c758000-7fde1c759000 ---p 00000000 00:00 0 
7fde1c759000-7fde1c859000 rw-p 00000000 00:00 0                          [stack:18629]
7fde1c859000-7fde1c85c000 ---p 00000000 00:00 0 
7fde1c85c000-7fde1c95a000 rw-p 00000000 00:00 0                          [stack:18628]
7fde1c95a000-7fde1c95d000 ---p 00000000 00:00 0 
7fde1c95d000-7fde1ca5b000 rw-p 00000000 00:00 0                          [stack:18627]
7fde1ca5b000-7fde1ca5e000 ---p 00000000 00:00 0 
7fde1ca5e000-7fde1cb5c000 rw-p 00000000 00:00 0                          [stack:18626]
7fde1cb5c000-7fde1cb5f000 ---p 00000000 00:00 0 
7fde1cb5f000-7fde1cc5d000 rw-p 00000000 00:00 0                          [stack:18625]
7fde1cc5d000-7fde1cc60000 ---p 00000000 00:00 0 
7fde1cc60000-7fde1cd5e000 rw-p 00000000 00:00 0                          [stack:18624]
7fde1cd5e000-7fde1d571000 r--p 00000000 08:01 1579663                    /usr/lib/locale/locale-archive
7fde1d571000-7fde1d574000 ---p 00000000 00:00 0 
7fde1d574000-7fde1d672000 rw-p 00000000 00:00 0                          [stack:18623]
7fde1d672000-7fde1d675000 ---p 00000000 00:00 0 
7fde1d675000-7fde1d773000 rw-p 00000000 00:00 0                          [stack:18622]
7fde1d773000-7fde1d774000 ---p 00000000 00:00 0 
7fde1d774000-7fde1e835000 rw-p 00000000 00:00 0                          [stack:18621]
7fde1e835000-7fde1ea0e000 r--s 03d20000 08:01 4069182                    /usr/lib/jvm/java-8-oracle/jre/lib/rt.jar
7fde1ea0e000-7fde1f0ce000 rw-p 00000000 00:00 0 
7fde1f0ce000-7fde1f20e000 ---p 00000000 00:00 0 
7fde1f20e000-7fde1f60e000 rw-p 00000000 00:00 0 
7fde1f60e000-7fde1f60f000 ---p 00000000 00:00 0 
7fde1f60f000-7fde1f70f000 rw-p 00000000 00:00 0                          [stack:18620]
7fde1f70f000-7fde1f710000 ---p 00000000 00:00 0 
7fde1f710000-7fde1f810000 rw-p 00000000 00:00 0                          [stack:18619]
7fde1f810000-7fde1f811000 ---p 00000000 00:00 0 
7fde1f811000-7fde1fa6d000 rw-p 00000000 00:00 0                          [stack:18618]
7fde1fa6d000-7fde1fbbc000 ---p 00000000 00:00 0 
7fde1fbbc000-7fde1fd18000 rw-p 00000000 00:00 0 
7fde1fd18000-7fde1fe66000 ---p 00000000 00:00 0 
7fde1fe66000-7fde1ffbc000 rw-p 00000000 00:00 0 
7fde1ffbc000-7fde1ffee000 rw-p 00000000 00:00 0 
7fde1ffee000-7fde2037d000 ---p 00000000 00:00 0 
7fde2037d000-7fde20f8d000 rwxp 00000000 00:00 0 
7fde20f8d000-7fde2f37d000 ---p 00000000 00:00 0 
7fde2f37d000-7fde2f397000 r-xp 00000000 08:01 4069168                    /usr/lib/jvm/java-8-oracle/jre/lib/amd64/libzip.so
7fde2f397000-7fde2f597000 ---p 0001a000 08:01 4069168                    /usr/lib/jvm/java-8-oracle/jre/lib/amd64/libzip.so
7fde2f597000-7fde2f598000 rw-p 0001a000 08:01 4069168                    /usr/lib/jvm/java-8-oracle/jre/lib/amd64/libzip.so
7fde2f598000-7fde2f5a3000 r-xp 00000000 08:01 5771445                    /lib/x86_64-linux-gnu/libnss_files-2.19.so
7fde2f5a3000-7fde2f7a2000 ---p 0000b000 08:01 5771445                    /lib/x86_64-linux-gnu/libnss_files-2.19.so
7fde2f7a2000-7fde2f7a3000 r--p 0000a000 08:01 5771445                    /lib/x86_64-linux-gnu/libnss_files-2.19.so
7fde2f7a3000-7fde2f7a4000 rw-p 0000b000 08:01 5771445                    /lib/x86_64-linux-gnu/libnss_files-2.19.so
7fde2f7a4000-7fde2f7af000 r-xp 00000000 08:01 5771455                    /lib/x86_64-linux-gnu/libnss_nis-2.19.so
7fde2f7af000-7fde2f9ae000 ---p 0000b000 08:01 5771455                    /lib/x86_64-linux-gnu/libnss_nis-2.19.so
7fde2f9ae000-7fde2f9af000 r--p 0000a000 08:01 5771455                    /lib/x86_64-linux-gnu/libnss_nis-2.19.so
7fde2f9af000-7fde2f9b0000 rw-p 0000b000 08:01 5771455                    /lib/x86_64-linux-gnu/libnss_nis-2.19.so
7fde2f9b0000-7fde2f9c7000 r-xp 00000000 08:01 5771439                    /lib/x86_64-linux-gnu/libnsl-2.19.so
7fde2f9c7000-7fde2fbc6000 ---p 00017000 08:01 5771439                    /lib/x86_64-linux-gnu/libnsl-2.19.so
7fde2fbc6000-7fde2fbc7000 r--p 00016000 08:01 5771439                    /lib/x86_64-linux-gnu/libnsl-2.19.so
7fde2fbc7000-7fde2fbc8000 rw-p 00017000 08:01 5771439                    /lib/x86_64-linux-gnu/libnsl-2.19.so
7fde2fbc8000-7fde2fbca000 rw-p 00000000 00:00 0 
7fde2fbca000-7fde2fbd3000 r-xp 00000000 08:01 5771441                    /lib/x86_64-linux-gnu/libnss_compat-2.19.so
7fde2fbd3000-7fde2fdd2000 ---p 00009000 08:01 5771441                    /lib/x86_64-linux-gnu/libnss_compat-2.19.so
7fde2fdd2000-7fde2fdd3000 r--p 00008000 08:01 5771441                    /lib/x86_64-linux-gnu/libnss_compat-2.19.so
7fde2fdd3000-7fde2fdd4000 rw-p 00009000 08:01 5771441                    /lib/x86_64-linux-gnu/libnss_compat-2.19.so
7fde2fdd4000-7fde2fdfe000 r-xp 00000000 08:01 4069157                    /usr/lib/jvm/java-8-oracle/jre/lib/amd64/libjava.so
7fde2fdfe000-7fde2fffe000 ---p 0002a000 08:01 4069157                    /usr/lib/jvm/java-8-oracle/jre/lib/amd64/libjava.so
7fde2fffe000-7fde30000000 rw-p 0002a000 08:01 4069157                    /usr/lib/jvm/java-8-oracle/jre/lib/amd64/libjava.so
7fde30000000-7fde303e4000 rw-p 00000000 00:00 0 
7fde303e4000-7fde34000000 ---p 00000000 00:00 0 
7fde3400d000-7fde340a4000 rw-p 00000000 00:00 0 
7fde340a4000-7fde340a5000 ---p 00000000 00:00 0 
7fde340a5000-7fde341a5000 rw-p 00000000 00:00 0                          [stack:18617]
7fde341a5000-7fde341b2000 r-xp 00000000 08:01 4069118                    /usr/lib/jvm/java-8-oracle/jre/lib/amd64/libverify.so
7fde341b2000-7fde343b2000 ---p 0000d000 08:01 4069118                    /usr/lib/jvm/java-8-oracle/jre/lib/amd64/libverify.so
7fde343b2000-7fde343b4000 rw-p 0000d000 08:01 4069118                    /usr/lib/jvm/java-8-oracle/jre/lib/amd64/libverify.so
7fde343b4000-7fde343bb000 r-xp 00000000 08:01 5771498                    /lib/x86_64-linux-gnu/librt-2.19.so
7fde343bb000-7fde345ba000 ---p 00007000 08:01 5771498                    /lib/x86_64-linux-gnu/librt-2.19.so
7fde345ba000-7fde345bb000 r--p 00006000 08:01 5771498                    /lib/x86_64-linux-gnu/librt-2.19.so
7fde345bb000-7fde345bc000 rw-p 00007000 08:01 5771498                    /lib/x86_64-linux-gnu/librt-2.19.so
7fde345bc000-7fde346c1000 r-xp 00000000 08:01 5771420                    /lib/x86_64-linux-gnu/libm-2.19.so
7fde346c1000-7fde348c0000 ---p 00105000 08:01 5771420                    /lib/x86_64-linux-gnu/libm-2.19.so
7fde348c0000-7fde348c1000 r--p 00104000 08:01 5771420                    /lib/x86_64-linux-gnu/libm-2.19.so
7fde348c1000-7fde348c2000 rw-p 00105000 08:01 5771420                    /lib/x86_64-linux-gnu/libm-2.19.so
7fde348c2000-7fde35580000 r-xp 00000000 08:01 4069167                    /usr/lib/jvm/java-8-oracle/jre/lib/amd64/server/libjvm.so
7fde35580000-7fde3577f000 ---p 00cbe000 08:01 4069167                    /usr/lib/jvm/java-8-oracle/jre/lib/amd64/server/libjvm.so
7fde3577f000-7fde35858000 rw-p 00cbd000 08:01 4069167                    /usr/lib/jvm/java-8-oracle/jre/lib/amd64/server/libjvm.so
7fde35858000-7fde3589c000 rw-p 00000000 00:00 0 
7fde3589c000-7fde35a57000 r-xp 00000000 08:01 5771370                    /lib/x86_64-linux-gnu/libc-2.19.so
7fde35a57000-7fde35c56000 ---p 001bb000 08:01 5771370                    /lib/x86_64-linux-gnu/libc-2.19.so
7fde35c56000-7fde35c5a000 r--p 001ba000 08:01 5771370                    /lib/x86_64-linux-gnu/libc-2.19.so
7fde35c5a000-7fde35c5c000 rw-p 001be000 08:01 5771370                    /lib/x86_64-linux-gnu/libc-2.19.so
7fde35c5c000-7fde35c61000 rw-p 00000000 00:00 0 
7fde35c61000-7fde35c64000 r-xp 00000000 08:01 5771387                    /lib/x86_64-linux-gnu/libdl-2.19.so
7fde35c64000-7fde35e63000 ---p 00003000 08:01 5771387                    /lib/x86_64-linux-gnu/libdl-2.19.so
7fde35e63000-7fde35e64000 r--p 00002000 08:01 5771387                    /lib/x86_64-linux-gnu/libdl-2.19.so
7fde35e64000-7fde35e65000 rw-p 00003000 08:01 5771387                    /lib/x86_64-linux-gnu/libdl-2.19.so
7fde35e65000-7fde35e7a000 r-xp 00000000 08:01 4727160                    /usr/lib/jvm/java-8-oracle/lib/amd64/jli/libjli.so
7fde35e7a000-7fde3607a000 ---p 00015000 08:01 4727160                    /usr/lib/jvm/java-8-oracle/lib/amd64/jli/libjli.so
7fde3607a000-7fde3607b000 rw-p 00015000 08:01 4727160                    /usr/lib/jvm/java-8-oracle/lib/amd64/jli/libjli.so
7fde3607b000-7fde36094000 r-xp 00000000 08:01 5771490                    /lib/x86_64-linux-gnu/libpthread-2.19.so
7fde36094000-7fde36293000 ---p 00019000 08:01 5771490                    /lib/x86_64-linux-gnu/libpthread-2.19.so
7fde36293000-7fde36294000 r--p 00018000 08:01 5771490                    /lib/x86_64-linux-gnu/libpthread-2.19.so
7fde36294000-7fde36295000 rw-p 00019000 08:01 5771490                    /lib/x86_64-linux-gnu/libpthread-2.19.so
7fde36295000-7fde36299000 rw-p 00000000 00:00 0 
7fde36299000-7fde362bc000 r-xp 00000000 08:01 5771346                    /lib/x86_64-linux-gnu/ld-2.19.so
7fde362c7000-7fde362ce000 r--s 00000000 08:01 1967077                    /usr/lib/x86_64-linux-gnu/gconv/gconv-modules.cache
7fde362ce000-7fde3639a000 rw-p 00000000 00:00 0 
7fde3639a000-7fde3639d000 ---p 00000000 00:00 0 
7fde3639d000-7fde364a0000 rw-p 00000000 00:00 0                          [stack:18616]
7fde364a0000-7fde364af000 r--s 000df000 08:01 656243                     /home/tomasz/Android/Sdk/build-tools/23.0.1/lib/dx.jar
7fde364af000-7fde364b7000 rw-s 00000000 08:01 6032732                    /tmp/hsperfdata_tomasz/18610
7fde364b7000-7fde364b8000 rw-p 00000000 00:00 0 
7fde364b8000-7fde364b9000 ---p 00000000 00:00 0 
7fde364b9000-7fde364bb000 rw-p 00000000 00:00 0 
7fde364bb000-7fde364bc000 r--p 00022000 08:01 5771346                    /lib/x86_64-linux-gnu/ld-2.19.so
7fde364bc000-7fde364bd000 rw-p 00023000 08:01 5771346                    /lib/x86_64-linux-gnu/ld-2.19.so
7fde364bd000-7fde364be000 rw-p 00000000 00:00 0 
7fffe9eeb000-7fffe9f0c000 rw-p 00000000 00:00 0                          [stack]
7fffe9fec000-7fffe9fee000 r--p 00000000 00:00 0                          [vvar]
7fffe9fee000-7fffe9ff0000 r-xp 00000000 00:00 0                          [vdso]
ffffffffff600000-ffffffffff601000 r-xp 00000000 00:00 0                  [vsyscall]

VM Arguments:
jvm_args: -Xmx2g -Dfile.encoding=UTF-8 -Duser.country=PL -Duser.language=pl -Duser.variant 
java_command: com.android.dx.command.Main --dex --num-threads=4 --multi-dex --main-dex-list /home/tomasz/AndroidStudioProjects/ITAssistant/app/build/intermediates/multi-dex/debug/maindexlist.txt --output /home/tomasz/AndroidStudioProjects/ITAssistant/app/build/intermediates/transforms/DEX/FULL_PROJECT/dex/debug /home/tomasz/AndroidStudioProjects/ITAssistant/app/build/intermediates/transforms/CLASSES/FULL_PROJECT/jarMerging/debug/classes.jar
java_class_path (initial): /home/tomasz/Android/Sdk/build-tools/23.0.1/lib/dx.jar
Launcher Type: SUN_STANDARD

Environment Variables:
PATH=/usr/local/sbin:/usr/local/bin:/usr/sbin:/usr/bin:/sbin:/bin:/usr/games:/usr/local/games
LD_LIBRARY_PATH=/opt/android-studio/bin:
SHELL=/bin/bash
DISPLAY=:0

Signal Handlers:
SIGSEGV: [libjvm.so+0xaba2a0], sa_mask[0]=11111111011111111101111111111110, sa_flags=SA_RESTART|SA_SIGINFO
SIGBUS: [libjvm.so+0xaba2a0], sa_mask[0]=11111111011111111101111111111110, sa_flags=SA_RESTART|SA_SIGINFO
SIGFPE: [libjvm.so+0x917710], sa_mask[0]=11111111011111111101111111111110, sa_flags=SA_RESTART|SA_SIGINFO
SIGPIPE: [libjvm.so+0x917710], sa_mask[0]=11111111011111111101111111111110, sa_flags=SA_RESTART|SA_SIGINFO
SIGXFSZ: [libjvm.so+0x917710], sa_mask[0]=11111111011111111101111111111110, sa_flags=SA_RESTART|SA_SIGINFO
SIGILL: [libjvm.so+0x917710], sa_mask[0]=11111111011111111101111111111110, sa_flags=SA_RESTART|SA_SIGINFO
SIGUSR1: SIG_DFL, sa_mask[0]=00000000000000000000000000000000, sa_flags=none
SIGUSR2: [libjvm.so+0x918d40], sa_mask[0]=00100000000000000000000000000000, sa_flags=SA_RESTART|SA_SIGINFO
SIGHUP: [libjvm.so+0x91a140], sa_mask[0]=11111111011111111101111111111110, sa_flags=SA_RESTART|SA_SIGINFO
SIGINT: [libjvm.so+0x91a140], sa_mask[0]=11111111011111111101111111111110, sa_flags=SA_RESTART|SA_SIGINFO
SIGTERM: [libjvm.so+0x91a140], sa_mask[0]=11111111011111111101111111111110, sa_flags=SA_RESTART|SA_SIGINFO
SIGQUIT: [libjvm.so+0x91a140], sa_mask[0]=11111111011111111101111111111110, sa_flags=SA_RESTART|SA_SIGINFO


---------------  S Y S T E M  ---------------

OS:DISTRIB_ID=Ubuntu
DISTRIB_RELEASE=14.04
DISTRIB_CODENAME=trusty
DISTRIB_DESCRIPTION="Ubuntu 14.04.3 LTS"

uname:Linux 3.19.0-30-generic #34~14.04.1-Ubuntu SMP Fri Oct 2 22:09:39 UTC 2015 x86_64
libc:glibc 2.19 NPTL 2.19 
rlimit: STACK 8192k, CORE 0k, NPROC 23202, NOFILE 4096, AS infinity
load average:23,47 7,49 3,48

/proc/meminfo:
MemTotal:        5961336 kB
MemFree:          172608 kB
MemAvailable:     189776 kB
Buffers:            3920 kB
Cached:           518672 kB
SwapCached:            0 kB
Active:          5111696 kB
Inactive:         465352 kB
Active(anon):    5094732 kB
Inactive(anon):   336452 kB
Active(file):      16964 kB
Inactive(file):   128900 kB
Unevictable:        1416 kB
Mlocked:            1416 kB
SwapTotal:             0 kB
SwapFree:              0 kB
Dirty:              3952 kB
Writeback:             0 kB
AnonPages:       5056344 kB
Mapped:           202340 kB
Shmem:            376388 kB
Slab:              96312 kB
SReclaimable:      57400 kB
SUnreclaim:        38912 kB
KernelStack:       11008 kB
PageTables:        49532 kB
NFS_Unstable:          0 kB
Bounce:                0 kB
WritebackTmp:          0 kB
CommitLimit:     2980668 kB
Committed_AS:   10099644 kB
VmallocTotal:   34359738367 kB
VmallocUsed:      557876 kB
VmallocChunk:   34359167996 kB
HardwareCorrupted:     0 kB
AnonHugePages:   2420736 kB
CmaTotal:              0 kB
CmaFree:               0 kB
HugePages_Total:       0
HugePages_Free:        0
HugePages_Rsvd:        0
HugePages_Surp:        0
Hugepagesize:       2048 kB
DirectMap4k:      180480 kB
DirectMap2M:     5959680 kB


CPU:total 4 (2 cores per cpu, 2 threads per core) family 6 model 42 stepping 7, cmov, cx8, fxsr, mmx, sse, sse2, sse3, ssse3, sse4.1, sse4.2, popcnt, avx, aes, clmul, ht, tsc, tscinvbit

/proc/cpuinfo:
processor	: 0
vendor_id	: GenuineIntel
cpu family	: 6
model		: 42
model name	: Intel(R) Core(TM) i5-2450M CPU @ 2.50GHz
stepping	: 7
microcode	: 0x25
cpu MHz		: 2985.351
cache size	: 3072 KB
physical id	: 0
siblings	: 4
core id		: 0
cpu cores	: 2
apicid		: 0
initial apicid	: 0
fpu		: yes
fpu_exception	: yes
cpuid level	: 13
wp		: yes
flags		: fpu vme de pse tsc msr pae mce cx8 apic sep mtrr pge mca cmov pat pse36 clflush dts acpi mmx fxsr sse sse2 ss ht tm pbe syscall nx rdtscp lm constant_tsc arch_perfmon pebs bts rep_good nopl xtopology nonstop_tsc aperfmperf eagerfpu pni pclmulqdq dtes64 monitor ds_cpl vmx est tm2 ssse3 cx16 xtpr pdcm pcid sse4_1 sse4_2 x2apic popcnt tsc_deadline_timer aes xsave avx lahf_lm ida arat epb pln pts dtherm tpr_shadow vnmi flexpriority ept vpid xsaveopt
bugs		:
bogomips	: 4988.38
clflush size	: 64
cache_alignment	: 64
address sizes	: 36 bits physical, 48 bits virtual
power management:

processor	: 1
vendor_id	: GenuineIntel
cpu family	: 6
model		: 42
model name	: Intel(R) Core(TM) i5-2450M CPU @ 2.50GHz
stepping	: 7
microcode	: 0x25
cpu MHz		: 2900.000
cache size	: 3072 KB
physical id	: 0
siblings	: 4
core id		: 0
cpu cores	: 2
apicid		: 1
initial apicid	: 1
fpu		: yes
fpu_exception	: yes
cpuid level	: 13
wp		: yes
flags		: fpu vme de pse tsc msr pae mce cx8 apic sep mtrr pge mca cmov pat pse36 clflush dts acpi mmx fxsr sse sse2 ss ht tm pbe syscall nx rdtscp lm constant_tsc arch_perfmon pebs bts rep_good nopl xtopology nonstop_tsc aperfmperf eagerfpu pni pclmulqdq dtes64 monitor ds_cpl vmx est tm2 ssse3 cx16 xtpr pdcm pcid sse4_1 sse4_2 x2apic popcnt tsc_deadline_timer aes xsave avx lahf_lm ida arat epb pln pts dtherm tpr_shadow vnmi flexpriority ept vpid xsaveopt
bugs		:
bogomips	: 4988.38
clflush size	: 64
cache_alignment	: 64
address sizes	: 36 bits physical, 48 bits virtual
power management:

processor	: 2
vendor_id	: GenuineIntel
cpu family	: 6
model		: 42
model name	: Intel(R) Core(TM) i5-2450M CPU @ 2.50GHz
stepping	: 7
microcode	: 0x25
cpu MHz		: 2900.000
cache size	: 3072 KB
physical id	: 0
siblings	: 4
core id		: 1
cpu cores	: 2
apicid		: 2
initial apicid	: 2
fpu		: yes
fpu_exception	: yes
cpuid level	: 13
wp		: yes
flags		: fpu vme de pse tsc msr pae mce cx8 apic sep mtrr pge mca cmov pat pse36 clflush dts acpi mmx fxsr sse sse2 ss ht tm pbe syscall nx rdtscp lm constant_tsc arch_perfmon pebs bts rep_good nopl xtopology nonstop_tsc aperfmperf eagerfpu pni pclmulqdq dtes64 monitor ds_cpl vmx est tm2 ssse3 cx16 xtpr pdcm pcid sse4_1 sse4_2 x2apic popcnt tsc_deadline_timer aes xsave avx lahf_lm ida arat epb pln pts dtherm tpr_shadow vnmi flexpriority ept vpid xsaveopt
bugs		:
bogomips	: 4988.38
clflush size	: 64
cache_alignment	: 64
address sizes	: 36 bits physical, 48 bits virtual
power management:

processor	: 3
vendor_id	: GenuineIntel
cpu family	: 6
model		: 42
model name	: Intel(R) Core(TM) i5-2450M CPU @ 2.50GHz
stepping	: 7
microcode	: 0x25
cpu MHz		: 2899.902
cache size	: 3072 KB
physical id	: 0
siblings	: 4
core id		: 1
cpu cores	: 2
apicid		: 3
initial apicid	: 3
fpu		: yes
fpu_exception	: yes
cpuid level	: 13
wp		: yes
flags		: fpu vme de pse tsc msr pae mce cx8 apic sep mtrr pge mca cmov pat pse36 clflush dts acpi mmx fxsr sse sse2 ss ht tm pbe syscall nx rdtscp lm constant_tsc arch_perfmon pebs bts rep_good nopl xtopology nonstop_tsc aperfmperf eagerfpu pni pclmulqdq dtes64 monitor ds_cpl vmx est tm2 ssse3 cx16 xtpr pdcm pcid sse4_1 sse4_2 x2apic popcnt tsc_deadline_timer aes xsave avx lahf_lm ida arat epb pln pts dtherm tpr_shadow vnmi flexpriority ept vpid xsaveopt
bugs		:
bogomips	: 4988.38
clflush size	: 64
cache_alignment	: 64
address sizes	: 36 bits physical, 48 bits virtual
power management:



Memory: 4k page, physical 5961336k(172608k free), swap 0k(0k free)

vm_info: Java HotSpot(TM) 64-Bit Server VM (25.66-b17) for linux-amd64 JRE (1.8.0_66-b17), built on Oct  6 2015 17:28:34 by "java_re" with gcc 4.3.0 20080428 (Red Hat 4.3.0-8)

time: Thu Nov  5 22:11:21 2015
elapsed time: 88 seconds (0d 0h 1m 28s)

