#
# There is insufficient memory for the Java Runtime Environment to continue.
# Native memory allocation (mmap) failed to map 320339968 bytes for committing reserved memory.
# Possible reasons:
#   The system is out of physical RAM or swap space
#   In 32 bit mode, the process size limit was hit
# Possible solutions:
#   Reduce memory load on the system
#   Increase physical memory or swap space
#   Check if swap backing store is full
#   Use 64 bit Java on a 64 bit OS
#   Decrease Java heap size (-Xmx/-Xms)
#   Decrease number of Java threads
#   Decrease Java thread stack sizes (-Xss)
#   Set larger code cache with -XX:ReservedCodeCacheSize=
# This output file may be truncated or incomplete.
#
#  Out of Memory Error (os_linux.cpp:2627), pid=8587, tid=139632726443776
#
# JRE version: Java(TM) SE Runtime Environment (8.0_66-b17) (build 1.8.0_66-b17)
# Java VM: Java HotSpot(TM) 64-Bit Server VM (25.66-b17 mixed mode linux-amd64 compressed oops)
# Failed to write core dump. Core dumps have been disabled. To enable core dumping, try "ulimit -c unlimited" before starting Java again
#

---------------  T H R E A D  ---------------

Current thread (0x00007efeec078000):  VMThread [stack: 0x00007efec6ff0000,0x00007efec70f1000] [id=8596]

Stack: [0x00007efec6ff0000,0x00007efec70f1000],  sp=0x00007efec70eefe0,  free space=1019k
Native frames: (J=compiled Java code, j=interpreted, Vv=VM code, C=native code)
V  [libjvm.so+0xab9a1a]  VMError::report_and_die()+0x2ba
V  [libjvm.so+0x4f9e0b]  report_vm_out_of_memory(char const*, int, unsigned long, VMErrorType, char const*)+0x8b
V  [libjvm.so+0x91a8a3]  os::Linux::commit_memory_impl(char*, unsigned long, bool)+0x103
V  [libjvm.so+0x91adf9]  os::pd_commit_memory(char*, unsigned long, unsigned long, bool)+0x29
V  [libjvm.so+0x91510a]  os::commit_memory(char*, unsigned long, unsigned long, bool)+0x2a
V  [libjvm.so+0x9887a3]  PSVirtualSpace::expand_by(unsigned long)+0x53
V  [libjvm.so+0x979090]  PSOldGen::expand(unsigned long)+0x170
V  [libjvm.so+0x97929b]  PSOldGen::resize(unsigned long)+0x1cb
V  [libjvm.so+0x980f71]  PSParallelCompact::invoke_no_policy(bool)+0x991
V  [libjvm.so+0x9868cd]  PSScavenge::invoke()+0x1ad
V  [libjvm.so+0x93e500]  ParallelScavengeHeap::failed_mem_allocate(unsigned long)+0x70
V  [libjvm.so+0xabb437]  VM_ParallelGCFailedAllocation::doit()+0x97
V  [libjvm.so+0xac2e65]  VM_Operation::evaluate()+0x55
V  [libjvm.so+0xac123a]  VMThread::evaluate_operation(VM_Operation*)+0xba
V  [libjvm.so+0xac15be]  VMThread::loop()+0x1ce
V  [libjvm.so+0xac1a30]  VMThread::run()+0x70
V  [libjvm.so+0x91cc68]  java_start(Thread*)+0x108

VM_Operation (0x00007efec5a01090): ParallelGCFailedAllocation, mode: safepoint, requested by thread 0x00007efeec148800


---------------  P R O C E S S  ---------------

Java Threads: ( => current thread )
  0x00007efeec148800 JavaThread "pool-1-thread-1" [_thread_blocked, id=8622, stack(0x00007efec5902000,0x00007efec5a03000)]
  0x00007efeec1f9000 JavaThread "pool-2-thread-4" [_thread_blocked, id=8609, stack(0x00007efec5a03000,0x00007efec5b04000)]
  0x00007efeec1f7000 JavaThread "pool-2-thread-3" [_thread_blocked, id=8608, stack(0x00007efec5b04000,0x00007efec5c05000)]
  0x00007efeec1f5800 JavaThread "pool-2-thread-2" [_thread_blocked, id=8607, stack(0x00007efec5c05000,0x00007efec5d06000)]
  0x00007efeec1f3800 JavaThread "pool-3-thread-1" [_thread_blocked, id=8606, stack(0x00007efec5d06000,0x00007efec5e07000)]
  0x00007efeec1f2000 JavaThread "pool-2-thread-1" [_thread_blocked, id=8605, stack(0x00007efec5e07000,0x00007efec5f08000)]
  0x00007efeec0c8800 JavaThread "Service Thread" daemon [_thread_blocked, id=8603, stack(0x00007efec60d6000,0x00007efec61d7000)]
  0x00007efeec0bb000 JavaThread "C1 CompilerThread2" daemon [_thread_blocked, id=8602, stack(0x00007efec61d7000,0x00007efec62d8000)]
  0x00007efeec0b9800 JavaThread "C2 CompilerThread1" daemon [_thread_blocked, id=8601, stack(0x00007efec62d8000,0x00007efec63d9000)]
  0x00007efeec0b6800 JavaThread "C2 CompilerThread0" daemon [_thread_blocked, id=8600, stack(0x00007efec63d9000,0x00007efec64da000)]
  0x00007efeec0b5000 JavaThread "Signal Dispatcher" daemon [_thread_blocked, id=8599, stack(0x00007efec64da000,0x00007efec65db000)]
  0x00007efeec07f000 JavaThread "Finalizer" daemon [_thread_blocked, id=8598, stack(0x00007efec6dee000,0x00007efec6eef000)]
  0x00007efeec07d000 JavaThread "Reference Handler" daemon [_thread_blocked, id=8597, stack(0x00007efec6eef000,0x00007efec6ff0000)]
  0x00007efeec00a000 JavaThread "main" [_thread_blocked, id=8591, stack(0x00007efef3c42000,0x00007efef3d43000)]

Other Threads:
=>0x00007efeec078000 VMThread [stack: 0x00007efec6ff0000,0x00007efec70f1000] [id=8596]
  0x00007efeec0cb000 WatcherThread [stack: 0x00007efec5fd5000,0x00007efec60d6000] [id=8604]

VM state:at safepoint (normal execution)

VM Mutex/Monitor currently owned by a thread:  ([mutex/lock_event])
[0x00007efeec005ef0] ExpandHeap_lock - owner thread: 0x00007efeec078000
[0x00007efeec006570] Threads_lock - owner thread: 0x00007efeec078000
[0x00007efeec006a70] Heap_lock - owner thread: 0x00007efeec148800

Heap:
 PSYoungGen      total 338944K, used 0K [0x00000000d5580000, 0x00000000fee00000, 0x0000000100000000)
  eden space 232960K, 0% used [0x00000000d5580000,0x00000000d5580000,0x00000000e3900000)
  from space 105984K, 0% used [0x00000000e3900000,0x00000000e3900000,0x00000000ea080000)
  to   space 223744K, 0% used [0x00000000f1380000,0x00000000f1380000,0x00000000fee00000)
 ParOldGen       total 850944K, used 847279K [0x0000000080000000, 0x00000000b3f00000, 0x00000000d5580000)
  object space 850944K, 99% used [0x0000000080000000,0x00000000b3b6bf00,0x00000000b3f00000)
 Metaspace       used 6730K, capacity 7384K, committed 7680K, reserved 1056768K
  class space    used 623K, capacity 656K, committed 768K, reserved 1048576K

Card table byte_map: [0x00007efef060e000,0x00007efef0a0f000] byte_map_base: 0x00007efef020e000

Marking Bits: (ParMarkBitMap*) 0x00007efef311e020
 Begin Bits: [0x00007efecc000000, 0x00007efece000000)
 End Bits:   [0x00007efece000000, 0x00007efed0000000)

Polling page: 0x00007efef3d65000

CodeCache: size=245760Kb used=12819Kb max_used=12874Kb free=232940Kb
 bounds [0x00007efedd000000, 0x00007efeddd20000, 0x00007efeec000000]
 total_blobs=2750 nmethods=2481 adapters=182
 compilation: enabled

Compilation events (10 events):
Event: 33,938 Thread 0x00007efeec0bb000 3187       2       com.android.dx.dex.file.ProtoIdItem::<init> (60 bytes)
Event: 33,939 Thread 0x00007efeec0bb000 nmethod 3187 0x00007efedd442750 code [0x00007efedd4428e0, 0x00007efedd442c68]
Event: 34,008 Thread 0x00007efeec0bb000 3190 %     3       com.android.dx.rop.type.Prototype::compareTo @ 53 (120 bytes)
Event: 34,010 Thread 0x00007efeec0bb000 nmethod 3190% 0x00007efedd766150 code [0x00007efedd766380, 0x00007efedd7672d8]
Event: 34,010 Thread 0x00007efeec0bb000 3191       3       com.android.dx.rop.type.Prototype::compareTo (120 bytes)
Event: 34,012 Thread 0x00007efeec0bb000 nmethod 3191 0x00007efedd64a750 code [0x00007efedd64a980, 0x00007efedd64b818]
Event: 34,139 Thread 0x00007efeec0b9800 nmethod 3148 0x00007efeddcfcd10 code [0x00007efeddcfd9a0, 0x00007efeddd088c0]
Event: 34,139 Thread 0x00007efeec0b9800 3165       4       java.util.Arrays::hashCode (56 bytes)
Event: 34,143 Thread 0x00007efeec0b9800 nmethod 3165 0x00007efedd765d90 code [0x00007efedd765ee0, 0x00007efedd766038]
Event: 34,143 Thread 0x00007efeec0b9800 3158       4       java.util.AbstractMap::hashCode (43 bytes)

GC Heap History (10 events):
Event: 30,251 GC heap after
Heap after GC invocations=26 (full 5):
 PSYoungGen      total 333312K, used 99977K [0x00000000d5580000, 0x00000000fea80000, 0x0000000100000000)
  eden space 232960K, 0% used [0x00000000d5580000,0x00000000d5580000,0x00000000e3900000)
  from space 100352K, 99% used [0x00000000e3900000,0x00000000e9aa27f8,0x00000000e9b00000)
  to   space 219648K, 0% used [0x00000000f1400000,0x00000000f1400000,0x00000000fea80000)
 ParOldGen       total 850944K, used 625259K [0x0000000080000000, 0x00000000b3f00000, 0x00000000d5580000)
  object space 850944K, 73% used [0x0000000080000000,0x00000000a629afd0,0x00000000b3f00000)
 Metaspace       used 6600K, capacity 7320K, committed 7680K, reserved 1056768K
  class space    used 617K, capacity 656K, committed 768K, reserved 1048576K
}
Event: 31,071 GC heap before
{Heap before GC invocations=27 (full 5):
 PSYoungGen      total 333312K, used 332937K [0x00000000d5580000, 0x00000000fea80000, 0x0000000100000000)
  eden space 232960K, 100% used [0x00000000d5580000,0x00000000e3900000,0x00000000e3900000)
  from space 100352K, 99% used [0x00000000e3900000,0x00000000e9aa27f8,0x00000000e9b00000)
  to   space 219648K, 0% used [0x00000000f1400000,0x00000000f1400000,0x00000000fea80000)
 ParOldGen       total 850944K, used 625259K [0x0000000080000000, 0x00000000b3f00000, 0x00000000d5580000)
  object space 850944K, 73% used [0x0000000080000000,0x00000000a629afd0,0x00000000b3f00000)
 Metaspace       used 6683K, capacity 7384K, committed 7680K, reserved 1056768K
  class space    used 620K, capacity 656K, committed 768K, reserved 1048576K
Event: 31,284 GC heap after
Heap after GC invocations=27 (full 5):
 PSYoungGen      total 454656K, used 135816K [0x00000000d5580000, 0x0000000100000000, 0x0000000100000000)
  eden space 235008K, 0% used [0x00000000d5580000,0x00000000d5580000,0x00000000e3b00000)
  from space 219648K, 61% used [0x00000000f1400000,0x00000000f98a23d8,0x00000000fea80000)
  to   space 222208K, 0% used [0x00000000e3b00000,0x00000000e3b00000,0x00000000f1400000)
 ParOldGen       total 850944K, used 625259K [0x0000000080000000, 0x00000000b3f00000, 0x00000000d5580000)
  object space 850944K, 73% used [0x0000000080000000,0x00000000a629afd0,0x00000000b3f00000)
 Metaspace       used 6683K, capacity 7384K, committed 7680K, reserved 1056768K
  class space    used 620K, capacity 656K, committed 768K, reserved 1048576K
}
Event: 32,011 GC heap before
{Heap before GC invocations=28 (full 5):
 PSYoungGen      total 454656K, used 370824K [0x00000000d5580000, 0x0000000100000000, 0x0000000100000000)
  eden space 235008K, 100% used [0x00000000d5580000,0x00000000e3b00000,0x00000000e3b00000)
  from space 219648K, 61% used [0x00000000f1400000,0x00000000f98a23d8,0x00000000fea80000)
  to   space 222208K, 0% used [0x00000000e3b00000,0x00000000e3b00000,0x00000000f1400000)
 ParOldGen       total 850944K, used 625259K [0x0000000080000000, 0x00000000b3f00000, 0x00000000d5580000)
  object space 850944K, 73% used [0x0000000080000000,0x00000000a629afd0,0x00000000b3f00000)
 Metaspace       used 6710K, capacity 7384K, committed 7680K, reserved 1056768K
  class space    used 622K, capacity 656K, committed 768K, reserved 1048576K
Event: 32,227 GC heap after
Heap after GC invocations=28 (full 5):
 PSYoungGen      total 457216K, used 170170K [0x00000000d5580000, 0x0000000100000000, 0x0000000100000000)
  eden space 235008K, 0% used [0x00000000d5580000,0x00000000d5580000,0x00000000e3b00000)
  from space 222208K, 76% used [0x00000000e3b00000,0x00000000ee12eb70,0x00000000f1400000)
  to   space 232960K, 0% used [0x00000000f1c80000,0x00000000f1c80000,0x0000000100000000)
 ParOldGen       total 850944K, used 625267K [0x0000000080000000, 0x00000000b3f00000, 0x00000000d5580000)
  object space 850944K, 73% used [0x0000000080000000,0x00000000a629cfd0,0x00000000b3f00000)
 Metaspace       used 6710K, capacity 7384K, committed 7680K, reserved 1056768K
  class space    used 622K, capacity 656K, committed 768K, reserved 1048576K
}
Event: 32,934 GC heap before
{Heap before GC invocations=29 (full 5):
 PSYoungGen      total 457216K, used 405178K [0x00000000d5580000, 0x0000000100000000, 0x0000000100000000)
  eden space 235008K, 100% used [0x00000000d5580000,0x00000000e3b00000,0x00000000e3b00000)
  from space 222208K, 76% used [0x00000000e3b00000,0x00000000ee12eb70,0x00000000f1400000)
  to   space 232960K, 0% used [0x00000000f1c80000,0x00000000f1c80000,0x0000000100000000)
 ParOldGen       total 850944K, used 625267K [0x0000000080000000, 0x00000000b3f00000, 0x00000000d5580000)
  object space 850944K, 73% used [0x0000000080000000,0x00000000a629cfd0,0x00000000b3f00000)
 Metaspace       used 6710K, capacity 7384K, committed 7680K, reserved 1056768K
  class space    used 622K, capacity 656K, committed 768K, reserved 1048576K
Event: 33,255 GC heap after
Heap after GC invocations=29 (full 5):
 PSYoungGen      total 465920K, used 140290K [0x00000000d5580000, 0x0000000100000000, 0x0000000100000000)
  eden space 232960K, 0% used [0x00000000d5580000,0x00000000d5580000,0x00000000e3900000)
  from space 232960K, 60% used [0x00000000f1c80000,0x00000000fa580a88,0x0000000100000000)
  to   space 232960K, 0% used [0x00000000e3900000,0x00000000e3900000,0x00000000f1c80000)
 ParOldGen       total 850944K, used 688807K [0x0000000080000000, 0x00000000b3f00000, 0x00000000d5580000)
  object space 850944K, 80% used [0x0000000080000000,0x00000000aa0a9f28,0x00000000b3f00000)
 Metaspace       used 6710K, capacity 7384K, committed 7680K, reserved 1056768K
  class space    used 622K, capacity 656K, committed 768K, reserved 1048576K
}
Event: 34,150 GC heap before
{Heap before GC invocations=30 (full 5):
 PSYoungGen      total 465920K, used 373250K [0x00000000d5580000, 0x0000000100000000, 0x0000000100000000)
  eden space 232960K, 100% used [0x00000000d5580000,0x00000000e3900000,0x00000000e3900000)
  from space 232960K, 60% used [0x00000000f1c80000,0x00000000fa580a88,0x0000000100000000)
  to   space 232960K, 0% used [0x00000000e3900000,0x00000000e3900000,0x00000000f1c80000)
 ParOldGen       total 850944K, used 688807K [0x0000000080000000, 0x00000000b3f00000, 0x00000000d5580000)
  object space 850944K, 80% used [0x0000000080000000,0x00000000aa0a9f28,0x00000000b3f00000)
 Metaspace       used 6730K, capacity 7384K, committed 7680K, reserved 1056768K
  class space    used 623K, capacity 656K, committed 768K, reserved 1048576K
Event: 34,460 GC heap after
Heap after GC invocations=30 (full 5):
 PSYoungGen      total 338944K, used 105505K [0x00000000d5580000, 0x00000000fee00000, 0x0000000100000000)
  eden space 232960K, 0% used [0x00000000d5580000,0x00000000d5580000,0x00000000e3900000)
  from space 105984K, 99% used [0x00000000e3900000,0x00000000ea0086e8,0x00000000ea080000)
  to   space 223744K, 0% used [0x00000000f1380000,0x00000000f1380000,0x00000000fee00000)
 ParOldGen       total 850944K, used 759241K [0x0000000080000000, 0x00000000b3f00000, 0x00000000d5580000)
  object space 850944K, 89% used [0x0000000080000000,0x00000000ae572760,0x00000000b3f00000)
 Metaspace       used 6730K, capacity 7384K, committed 7680K, reserved 1056768K
  class space    used 623K, capacity 656K, committed 768K, reserved 1048576K
}
Event: 34,460 GC heap before
{Heap before GC invocations=31 (full 6):
 PSYoungGen      total 338944K, used 105505K [0x00000000d5580000, 0x00000000fee00000, 0x0000000100000000)
  eden space 232960K, 0% used [0x00000000d5580000,0x00000000d5580000,0x00000000e3900000)
  from space 105984K, 99% used [0x00000000e3900000,0x00000000ea0086e8,0x00000000ea080000)
  to   space 223744K, 0% used [0x00000000f1380000,0x00000000f1380000,0x00000000fee00000)
 ParOldGen       total 850944K, used 759241K [0x0000000080000000, 0x00000000b3f00000, 0x00000000d5580000)
  object space 850944K, 89% used [0x0000000080000000,0x00000000ae572760,0x00000000b3f00000)
 Metaspace       used 6730K, capacity 7384K, committed 7680K, reserved 1056768K
  class space    used 623K, capacity 656K, committed 768K, reserved 1048576K

Deoptimization events (10 events):
Event: 30,663 Thread 0x00007efeec1f9000 Uncommon trap: reason=bimorphic action=maybe_recompile pc=0x00007efeddc28468 method=com.android.dx.cf.code.BytecodeArray.parseInstruction(ILcom/android/dx/cf/code/BytecodeArray$Visitor;)I @ 1612
Event: 30,720 Thread 0x00007efeec148800 Uncommon trap: reason=bimorphic action=maybe_recompile pc=0x00007efedd70e890 method=java.util.Arrays.hashCode([Ljava/lang/Object;)I @ 43
Event: 30,720 Thread 0x00007efeec148800 Uncommon trap: reason=bimorphic action=maybe_recompile pc=0x00007efedd70e890 method=java.util.Arrays.hashCode([Ljava/lang/Object;)I @ 43
Event: 30,720 Thread 0x00007efeec148800 Uncommon trap: reason=bimorphic action=maybe_recompile pc=0x00007efedd70e890 method=java.util.Arrays.hashCode([Ljava/lang/Object;)I @ 43
Event: 30,720 Thread 0x00007efeec148800 Uncommon trap: reason=bimorphic action=maybe_recompile pc=0x00007efedd70e890 method=java.util.Arrays.hashCode([Ljava/lang/Object;)I @ 43
Event: 31,494 Thread 0x00007efeec00a000 Uncommon trap: reason=bimorphic action=maybe_recompile pc=0x00007efeddcc822c method=com.android.dx.cf.code.BytecodeArray.parseInstruction(ILcom/android/dx/cf/code/BytecodeArray$Visitor;)I @ 1525
Event: 31,494 Thread 0x00007efeec00a000 Uncommon trap: reason=bimorphic action=maybe_recompile pc=0x00007efeddcc822c method=com.android.dx.cf.code.BytecodeArray.parseInstruction(ILcom/android/dx/cf/code/BytecodeArray$Visitor;)I @ 1525
Event: 33,279 Thread 0x00007efeec1f5800 Uncommon trap: reason=class_check action=maybe_recompile pc=0x00007efeddab1a48 method=com.android.dx.ssa.SCCP.simulateBranch(Lcom/android/dx/ssa/SsaInsn;)V @ 339
Event: 33,436 Thread 0x00007efeec148800 Uncommon trap: reason=unstable_if action=reinterpret pc=0x00007efeddaf3e90 method=com.android.dx.dex.file.DexFile.internIfAppropriate(Lcom/android/dx/rop/cst/Constant;)V @ 70
Event: 34,141 Thread 0x00007efeec1f7000 Uncommon trap: reason=null_check action=make_not_entrant pc=0x00007efeddd027b8 method=com.android.dx.dex.file.MethodIdsSection.intern(Lcom/android/dx/rop/cst/CstBaseMethodRef;)Lcom/android/dx/dex/file/MethodIdItem; @ 26

Internal exceptions (10 events):
Event: 0,032 Thread 0x00007efeec00a000 Exception <a 'java/lang/NoSuchMethodError': Method sun.misc.Unsafe.defineClass(Ljava/lang/String;[BII)Ljava/lang/Class; name or signature does not match> (0x00000000d5592a60) thrown at [/HUDSON/workspace/8-2-build-linux-amd64/jdk8u66/4988/hotspot/src/shar
Event: 0,032 Thread 0x00007efeec00a000 Exception <a 'java/lang/NoSuchMethodError': Method sun.misc.Unsafe.prefetchRead(Ljava/lang/Object;J)V name or signature does not match> (0x00000000d5592d48) thrown at [/HUDSON/workspace/8-2-build-linux-amd64/jdk8u66/4988/hotspot/src/share/vm/prims/jni.cpp
Event: 2,397 Thread 0x00007efeec1f7000 Exception <a 'java/lang/ArrayIndexOutOfBoundsException': 18> (0x00000000d723b680) thrown at [/HUDSON/workspace/8-2-build-linux-amd64/jdk8u66/4988/hotspot/src/share/vm/interpreter/interpreterRuntime.cpp, line 366]
Event: 2,398 Thread 0x00007efeec1f7000 Exception <a 'java/lang/ArrayIndexOutOfBoundsException': 145> (0x00000000d723d200) thrown at [/HUDSON/workspace/8-2-build-linux-amd64/jdk8u66/4988/hotspot/src/share/vm/interpreter/interpreterRuntime.cpp, line 366]
Event: 2,399 Thread 0x00007efeec1f7000 Exception <a 'java/lang/ArrayIndexOutOfBoundsException': 40> (0x00000000d723e4e8) thrown at [/HUDSON/workspace/8-2-build-linux-amd64/jdk8u66/4988/hotspot/src/share/vm/interpreter/interpreterRuntime.cpp, line 366]
Event: 5,074 Thread 0x00007efeec1f7000 Implicit null exception at 0x00007efedd7a2389 to 0x00007efedd7a3e8d
Event: 8,870 Thread 0x00007efeec1f5800 Implicit null exception at 0x00007efedd8b0a37 to 0x00007efedd8b3901
Event: 24,444 Thread 0x00007efeec1f2000 Implicit null exception at 0x00007efedd5380b0 to 0x00007efedd538615
Event: 24,448 Thread 0x00007efeec1f2000 Implicit null exception at 0x00007efedd3f7d1f to 0x00007efedd3f81dd
Event: 29,632 Thread 0x00007efeec00a000 Implicit null exception at 0x00007efedd3e965f to 0x00007efedd3ead89

Events (10 events):
Event: 33,930 loading class com/android/dx/dex/file/ProtoIdItem
Event: 33,930 loading class com/android/dx/dex/file/ProtoIdItem done
Event: 33,957 Thread 0x00007efeec1f5800 DEOPT PACKING pc=0x00007efedd378c88 sp=0x00007efec5d03da0
Event: 33,957 Thread 0x00007efeec1f5800 DEOPT UNPACKING pc=0x00007efedd047633 sp=0x00007efec5d03b88 mode 0
Event: 34,047 Thread 0x00007efeec1f9000 DEOPT PACKING pc=0x00007efedd85f44c sp=0x00007efec5b02440
Event: 34,047 Thread 0x00007efeec1f9000 DEOPT UNPACKING pc=0x00007efedd047633 sp=0x00007efec5b02240 mode 0
Event: 34,141 Thread 0x00007efeec1f7000 Uncommon trap: trap_request=0xfffffff4 fr.pc=0x00007efeddd027b8
Event: 34,141 Thread 0x00007efeec1f7000 DEOPT PACKING pc=0x00007efeddd027b8 sp=0x00007efec5c033d0
Event: 34,141 Thread 0x00007efeec1f7000 DEOPT UNPACKING pc=0x00007efedd005229 sp=0x00007efec5c033d0 mode 2
Event: 34,150 Executing VM operation: ParallelGCFailedAllocation


Dynamic libraries:
00400000-00401000 r-xp 00000000 08:01 4591374                            /usr/lib/jvm/java-8-oracle/bin/java
00600000-00601000 rw-p 00000000 08:01 4591374                            /usr/lib/jvm/java-8-oracle/bin/java
00a9e000-00abf000 rw-p 00000000 00:00 0                                  [heap]
80000000-b3f00000 rw-p 00000000 00:00 0 
c7080000-d5580000 ---p 00000000 00:00 0 
d5580000-fee00000 rw-p 00000000 00:00 0 
fee00000-100000000 ---p 00000000 00:00 0 
100000000-1000c0000 rw-p 00000000 00:00 0 
1000c0000-140000000 ---p 00000000 00:00 0 
7efe88000000-7efe88030000 rw-p 00000000 00:00 0 
7efe88030000-7efe8c000000 ---p 00000000 00:00 0 
7efe8c000000-7efe8c021000 rw-p 00000000 00:00 0 
7efe8c021000-7efe90000000 ---p 00000000 00:00 0 
7efe90000000-7efe90027000 rw-p 00000000 00:00 0 
7efe90027000-7efe94000000 ---p 00000000 00:00 0 
7efe94000000-7efe94023000 rw-p 00000000 00:00 0 
7efe94023000-7efe98000000 ---p 00000000 00:00 0 
7efe98000000-7efe9803b000 rw-p 00000000 00:00 0 
7efe9803b000-7efe9c000000 ---p 00000000 00:00 0 
7efe9c000000-7efe9c021000 rw-p 00000000 00:00 0 
7efe9c021000-7efea0000000 ---p 00000000 00:00 0 
7efea0000000-7efea0021000 rw-p 00000000 00:00 0 
7efea0021000-7efea4000000 ---p 00000000 00:00 0 
7efea4000000-7efea4021000 rw-p 00000000 00:00 0 
7efea4021000-7efea8000000 ---p 00000000 00:00 0 
7efea8000000-7efea9c75000 rw-p 00000000 00:00 0 
7efea9c75000-7efeac000000 ---p 00000000 00:00 0 
7efeac000000-7efeacbdf000 rw-p 00000000 00:00 0 
7efeacbdf000-7efeb0000000 ---p 00000000 00:00 0 
7efeb0000000-7efeb0021000 rw-p 00000000 00:00 0 
7efeb0021000-7efeb4000000 ---p 00000000 00:00 0 
7efeb4000000-7efeb5b4f000 rw-p 00000000 00:00 0 
7efeb5b4f000-7efeb8000000 ---p 00000000 00:00 0 
7efeb8000000-7efeb8021000 rw-p 00000000 00:00 0 
7efeb8021000-7efebc000000 ---p 00000000 00:00 0 
7efebc000000-7efebc021000 rw-p 00000000 00:00 0 
7efebc021000-7efec0000000 ---p 00000000 00:00 0 
7efec0000000-7efec02b7000 rw-p 00000000 00:00 0 
7efec02b7000-7efec4000000 ---p 00000000 00:00 0 
7efec5902000-7efec5905000 ---p 00000000 00:00 0 
7efec5905000-7efec5a03000 rw-p 00000000 00:00 0                          [stack:8622]
7efec5a03000-7efec5a06000 ---p 00000000 00:00 0 
7efec5a06000-7efec5b04000 rw-p 00000000 00:00 0                          [stack:8609]
7efec5b04000-7efec5b07000 ---p 00000000 00:00 0 
7efec5b07000-7efec5c05000 rw-p 00000000 00:00 0                          [stack:8608]
7efec5c05000-7efec5c08000 ---p 00000000 00:00 0 
7efec5c08000-7efec5d06000 rw-p 00000000 00:00 0                          [stack:8607]
7efec5d06000-7efec5d09000 ---p 00000000 00:00 0 
7efec5d09000-7efec5e07000 rw-p 00000000 00:00 0                          [stack:8606]
7efec5e07000-7efec5e0a000 ---p 00000000 00:00 0 
7efec5e0a000-7efec5f08000 rw-p 00000000 00:00 0                          [stack:8605]
7efec5f08000-7efec5fd5000 r--s 00ad0000 08:01 13108379                   /home/tomasz/AndroidStudioProjects/ITAssistant/app/build/intermediates/transforms/jarMerging/debug/jars/1/1f/combined.jar
7efec5fd5000-7efec5fd6000 ---p 00000000 00:00 0 
7efec5fd6000-7efec60d6000 rw-p 00000000 00:00 0                          [stack:8604]
7efec60d6000-7efec60d9000 ---p 00000000 00:00 0 
7efec60d9000-7efec61d7000 rw-p 00000000 00:00 0                          [stack:8603]
7efec61d7000-7efec61da000 ---p 00000000 00:00 0 
7efec61da000-7efec62d8000 rw-p 00000000 00:00 0                          [stack:8602]
7efec62d8000-7efec62db000 ---p 00000000 00:00 0 
7efec62db000-7efec63d9000 rw-p 00000000 00:00 0                          [stack:8601]
7efec63d9000-7efec63dc000 ---p 00000000 00:00 0 
7efec63dc000-7efec64da000 rw-p 00000000 00:00 0                          [stack:8600]
7efec64da000-7efec64dd000 ---p 00000000 00:00 0 
7efec64dd000-7efec65db000 rw-p 00000000 00:00 0                          [stack:8599]
7efec65db000-7efec6dee000 r--p 00000000 08:01 1579663                    /usr/lib/locale/locale-archive
7efec6dee000-7efec6df1000 ---p 00000000 00:00 0 
7efec6df1000-7efec6eef000 rw-p 00000000 00:00 0                          [stack:8598]
7efec6eef000-7efec6ef2000 ---p 00000000 00:00 0 
7efec6ef2000-7efec6ff0000 rw-p 00000000 00:00 0                          [stack:8597]
7efec6ff0000-7efec6ff1000 ---p 00000000 00:00 0 
7efec6ff1000-7efec8000000 rw-p 00000000 00:00 0                          [stack:8596]
7efec8000000-7efec8021000 rw-p 00000000 00:00 0 
7efec8021000-7efecc000000 ---p 00000000 00:00 0 
7efecc000000-7efed0000000 rw-p 00000000 00:00 0 
7efed0000000-7efed0021000 rw-p 00000000 00:00 0 
7efed0021000-7efed4000000 ---p 00000000 00:00 0 
7efed4000000-7efed4021000 rw-p 00000000 00:00 0 
7efed4021000-7efed8000000 ---p 00000000 00:00 0 
7efed8000000-7efed8021000 rw-p 00000000 00:00 0 
7efed8021000-7efedc000000 ---p 00000000 00:00 0 
7efedc007000-7efedc02c000 r--p 00000000 08:01 2361987                    /usr/share/locale-langpack/pl/LC_MESSAGES/libc.mo
7efedc02c000-7efedc0b0000 rw-p 00000000 00:00 0 
7efedc0b0000-7efedc289000 r--s 03d20000 08:01 4069182                    /usr/lib/jvm/java-8-oracle/jre/lib/rt.jar
7efedc289000-7efedc9bf000 rw-p 00000000 00:00 0 
7efedc9bf000-7efedcaff000 ---p 00000000 00:00 0 
7efedcaff000-7efedceff000 rw-p 00000000 00:00 0 
7efedceff000-7efedcf00000 ---p 00000000 00:00 0 
7efedcf00000-7efedd000000 rw-p 00000000 00:00 0                          [stack:8595]
7efedd000000-7efeddd20000 rwxp 00000000 00:00 0 
7efeddd20000-7efeec000000 ---p 00000000 00:00 0 
7efeec000000-7efeec493000 rw-p 00000000 00:00 0 
7efeec493000-7efef0000000 ---p 00000000 00:00 0 
7efef0011000-7efef0060000 rw-p 00000000 00:00 0 
7efef0060000-7efef0061000 ---p 00000000 00:00 0 
7efef0061000-7efef0161000 rw-p 00000000 00:00 0                          [stack:8594]
7efef0161000-7efef0162000 ---p 00000000 00:00 0 
7efef0162000-7efef0262000 rw-p 00000000 00:00 0                          [stack:8593]
7efef0262000-7efef0263000 ---p 00000000 00:00 0 
7efef0263000-7efef0503000 rw-p 00000000 00:00 0                          [stack:8592]
7efef0503000-7efef060e000 ---p 00000000 00:00 0 
7efef060e000-7efef07ae000 rw-p 00000000 00:00 0 
7efef07ae000-7efef08b8000 ---p 00000000 00:00 0 
7efef08b8000-7efef0a05000 rw-p 00000000 00:00 0 
7efef0a05000-7efef0a0e000 ---p 00000000 00:00 0 
7efef0a0e000-7efef0a44000 rw-p 00000000 00:00 0 
7efef0a44000-7efef0dcf000 ---p 00000000 00:00 0 
7efef0dcf000-7efef0de9000 r-xp 00000000 08:01 4069168                    /usr/lib/jvm/java-8-oracle/jre/lib/amd64/libzip.so
7efef0de9000-7efef0fe9000 ---p 0001a000 08:01 4069168                    /usr/lib/jvm/java-8-oracle/jre/lib/amd64/libzip.so
7efef0fe9000-7efef0fea000 rw-p 0001a000 08:01 4069168                    /usr/lib/jvm/java-8-oracle/jre/lib/amd64/libzip.so
7efef0fea000-7efef0ff5000 r-xp 00000000 08:01 5771445                    /lib/x86_64-linux-gnu/libnss_files-2.19.so
7efef0ff5000-7efef11f4000 ---p 0000b000 08:01 5771445                    /lib/x86_64-linux-gnu/libnss_files-2.19.so
7efef11f4000-7efef11f5000 r--p 0000a000 08:01 5771445                    /lib/x86_64-linux-gnu/libnss_files-2.19.so
7efef11f5000-7efef11f6000 rw-p 0000b000 08:01 5771445                    /lib/x86_64-linux-gnu/libnss_files-2.19.so
7efef11f6000-7efef1201000 r-xp 00000000 08:01 5771455                    /lib/x86_64-linux-gnu/libnss_nis-2.19.so
7efef1201000-7efef1400000 ---p 0000b000 08:01 5771455                    /lib/x86_64-linux-gnu/libnss_nis-2.19.so
7efef1400000-7efef1401000 r--p 0000a000 08:01 5771455                    /lib/x86_64-linux-gnu/libnss_nis-2.19.so
7efef1401000-7efef1402000 rw-p 0000b000 08:01 5771455                    /lib/x86_64-linux-gnu/libnss_nis-2.19.so
7efef1402000-7efef1419000 r-xp 00000000 08:01 5771439                    /lib/x86_64-linux-gnu/libnsl-2.19.so
7efef1419000-7efef1618000 ---p 00017000 08:01 5771439                    /lib/x86_64-linux-gnu/libnsl-2.19.so
7efef1618000-7efef1619000 r--p 00016000 08:01 5771439                    /lib/x86_64-linux-gnu/libnsl-2.19.so
7efef1619000-7efef161a000 rw-p 00017000 08:01 5771439                    /lib/x86_64-linux-gnu/libnsl-2.19.so
7efef161a000-7efef161c000 rw-p 00000000 00:00 0 
7efef161c000-7efef1625000 r-xp 00000000 08:01 5771441                    /lib/x86_64-linux-gnu/libnss_compat-2.19.so
7efef1625000-7efef1824000 ---p 00009000 08:01 5771441                    /lib/x86_64-linux-gnu/libnss_compat-2.19.so
7efef1824000-7efef1825000 r--p 00008000 08:01 5771441                    /lib/x86_64-linux-gnu/libnss_compat-2.19.so
7efef1825000-7efef1826000 rw-p 00009000 08:01 5771441                    /lib/x86_64-linux-gnu/libnss_compat-2.19.so
7efef1826000-7efef1850000 r-xp 00000000 08:01 4069157                    /usr/lib/jvm/java-8-oracle/jre/lib/amd64/libjava.so
7efef1850000-7efef1a50000 ---p 0002a000 08:01 4069157                    /usr/lib/jvm/java-8-oracle/jre/lib/amd64/libjava.so
7efef1a50000-7efef1a52000 rw-p 0002a000 08:01 4069157                    /usr/lib/jvm/java-8-oracle/jre/lib/amd64/libjava.so
7efef1a52000-7efef1a5f000 r-xp 00000000 08:01 4069118                    /usr/lib/jvm/java-8-oracle/jre/lib/amd64/libverify.so
7efef1a5f000-7efef1c5f000 ---p 0000d000 08:01 4069118                    /usr/lib/jvm/java-8-oracle/jre/lib/amd64/libverify.so
7efef1c5f000-7efef1c61000 rw-p 0000d000 08:01 4069118                    /usr/lib/jvm/java-8-oracle/jre/lib/amd64/libverify.so
7efef1c61000-7efef1c68000 r-xp 00000000 08:01 5771498                    /lib/x86_64-linux-gnu/librt-2.19.so
7efef1c68000-7efef1e67000 ---p 00007000 08:01 5771498                    /lib/x86_64-linux-gnu/librt-2.19.so
7efef1e67000-7efef1e68000 r--p 00006000 08:01 5771498                    /lib/x86_64-linux-gnu/librt-2.19.so
7efef1e68000-7efef1e69000 rw-p 00007000 08:01 5771498                    /lib/x86_64-linux-gnu/librt-2.19.so
7efef1e69000-7efef1f6e000 r-xp 00000000 08:01 5771420                    /lib/x86_64-linux-gnu/libm-2.19.so
7efef1f6e000-7efef216d000 ---p 00105000 08:01 5771420                    /lib/x86_64-linux-gnu/libm-2.19.so
7efef216d000-7efef216e000 r--p 00104000 08:01 5771420                    /lib/x86_64-linux-gnu/libm-2.19.so
7efef216e000-7efef216f000 rw-p 00105000 08:01 5771420                    /lib/x86_64-linux-gnu/libm-2.19.so
7efef216f000-7efef2e2d000 r-xp 00000000 08:01 4069167                    /usr/lib/jvm/java-8-oracle/jre/lib/amd64/server/libjvm.so
7efef2e2d000-7efef302c000 ---p 00cbe000 08:01 4069167                    /usr/lib/jvm/java-8-oracle/jre/lib/amd64/server/libjvm.so
7efef302c000-7efef3105000 rw-p 00cbd000 08:01 4069167                    /usr/lib/jvm/java-8-oracle/jre/lib/amd64/server/libjvm.so
7efef3105000-7efef3149000 rw-p 00000000 00:00 0 
7efef3149000-7efef3304000 r-xp 00000000 08:01 5771370                    /lib/x86_64-linux-gnu/libc-2.19.so
7efef3304000-7efef3503000 ---p 001bb000 08:01 5771370                    /lib/x86_64-linux-gnu/libc-2.19.so
7efef3503000-7efef3507000 r--p 001ba000 08:01 5771370                    /lib/x86_64-linux-gnu/libc-2.19.so
7efef3507000-7efef3509000 rw-p 001be000 08:01 5771370                    /lib/x86_64-linux-gnu/libc-2.19.so
7efef3509000-7efef350e000 rw-p 00000000 00:00 0 
7efef350e000-7efef3511000 r-xp 00000000 08:01 5771387                    /lib/x86_64-linux-gnu/libdl-2.19.so
7efef3511000-7efef3710000 ---p 00003000 08:01 5771387                    /lib/x86_64-linux-gnu/libdl-2.19.so
7efef3710000-7efef3711000 r--p 00002000 08:01 5771387                    /lib/x86_64-linux-gnu/libdl-2.19.so
7efef3711000-7efef3712000 rw-p 00003000 08:01 5771387                    /lib/x86_64-linux-gnu/libdl-2.19.so
7efef3712000-7efef3727000 r-xp 00000000 08:01 4727160                    /usr/lib/jvm/java-8-oracle/lib/amd64/jli/libjli.so
7efef3727000-7efef3927000 ---p 00015000 08:01 4727160                    /usr/lib/jvm/java-8-oracle/lib/amd64/jli/libjli.so
7efef3927000-7efef3928000 rw-p 00015000 08:01 4727160                    /usr/lib/jvm/java-8-oracle/lib/amd64/jli/libjli.so
7efef3928000-7efef3941000 r-xp 00000000 08:01 5771490                    /lib/x86_64-linux-gnu/libpthread-2.19.so
7efef3941000-7efef3b40000 ---p 00019000 08:01 5771490                    /lib/x86_64-linux-gnu/libpthread-2.19.so
7efef3b40000-7efef3b41000 r--p 00018000 08:01 5771490                    /lib/x86_64-linux-gnu/libpthread-2.19.so
7efef3b41000-7efef3b42000 rw-p 00019000 08:01 5771490                    /lib/x86_64-linux-gnu/libpthread-2.19.so
7efef3b42000-7efef3b46000 rw-p 00000000 00:00 0 
7efef3b46000-7efef3b69000 r-xp 00000000 08:01 5771346                    /lib/x86_64-linux-gnu/ld-2.19.so
7efef3b6f000-7efef3b76000 r--s 00000000 08:01 1967077                    /usr/lib/x86_64-linux-gnu/gconv/gconv-modules.cache
7efef3b76000-7efef3c42000 rw-p 00000000 00:00 0 
7efef3c42000-7efef3c45000 ---p 00000000 00:00 0 
7efef3c45000-7efef3d47000 rw-p 00000000 00:00 0                          [stack:8591]
7efef3d4c000-7efef3d4d000 rw-p 00000000 00:00 0 
7efef3d4d000-7efef3d5c000 r--s 000df000 08:01 10635452                   /home/tomasz/Android/Sdk/build-tools/23.0.2/lib/dx.jar
7efef3d5c000-7efef3d64000 rw-s 00000000 08:01 6951958                    /tmp/hsperfdata_tomasz/8587
7efef3d64000-7efef3d65000 rw-p 00000000 00:00 0 
7efef3d65000-7efef3d66000 ---p 00000000 00:00 0 
7efef3d66000-7efef3d68000 rw-p 00000000 00:00 0 
7efef3d68000-7efef3d69000 r--p 00022000 08:01 5771346                    /lib/x86_64-linux-gnu/ld-2.19.so
7efef3d69000-7efef3d6a000 rw-p 00023000 08:01 5771346                    /lib/x86_64-linux-gnu/ld-2.19.so
7efef3d6a000-7efef3d6b000 rw-p 00000000 00:00 0 
7ffd289b7000-7ffd289d8000 rw-p 00000000 00:00 0                          [stack]
7ffd289e7000-7ffd289e9000 r--p 00000000 00:00 0                          [vvar]
7ffd289e9000-7ffd289eb000 r-xp 00000000 00:00 0                          [vdso]
ffffffffff600000-ffffffffff601000 r-xp 00000000 00:00 0                  [vsyscall]

VM Arguments:
jvm_args: -Djava.awt.headless=true -Xmx2g -Dfile.encoding=UTF-8 -Duser.country=PL -Duser.language=pl -Duser.variant 
java_command: com.android.dx.command.Main --dex --num-threads=4 --multi-dex --main-dex-list /home/tomasz/AndroidStudioProjects/ITAssistant/app/build/intermediates/multi-dex/debug/maindexlist.txt --output /home/tomasz/AndroidStudioProjects/ITAssistant/app/build/intermediates/transforms/dex/debug/folders/1000/1f/main /home/tomasz/AndroidStudioProjects/ITAssistant/app/build/intermediates/transforms/jarMerging/debug/jars/1/1f/combined.jar
java_class_path (initial): /home/tomasz/Android/Sdk/build-tools/23.0.2/lib/dx.jar
Launcher Type: SUN_STANDARD

Environment Variables:
PATH=/usr/local/sbin:/usr/local/bin:/usr/sbin:/usr/bin:/sbin:/bin:/usr/games:/usr/local/games
LD_LIBRARY_PATH=.:
SHELL=/bin/bash
DISPLAY=:0

Signal Handlers:
SIGSEGV: [libjvm.so+0xaba2a0], sa_mask[0]=11111111011111111101111111111110, sa_flags=SA_RESTART|SA_SIGINFO
SIGBUS: [libjvm.so+0xaba2a0], sa_mask[0]=11111111011111111101111111111110, sa_flags=SA_RESTART|SA_SIGINFO
SIGFPE: [libjvm.so+0x917710], sa_mask[0]=11111111011111111101111111111110, sa_flags=SA_RESTART|SA_SIGINFO
SIGPIPE: [libjvm.so+0x917710], sa_mask[0]=11111111011111111101111111111110, sa_flags=SA_RESTART|SA_SIGINFO
SIGXFSZ: [libjvm.so+0x917710], sa_mask[0]=11111111011111111101111111111110, sa_flags=SA_RESTART|SA_SIGINFO
SIGILL: [libjvm.so+0x917710], sa_mask[0]=11111111011111111101111111111110, sa_flags=SA_RESTART|SA_SIGINFO
SIGUSR1: SIG_DFL, sa_mask[0]=00000000000000000000000000000000, sa_flags=none
SIGUSR2: [libjvm.so+0x918d40], sa_mask[0]=00100000000000000000000000000000, sa_flags=SA_RESTART|SA_SIGINFO
SIGHUP: [libjvm.so+0x91a140], sa_mask[0]=11111111011111111101111111111110, sa_flags=SA_RESTART|SA_SIGINFO
SIGINT: [libjvm.so+0x91a140], sa_mask[0]=11111111011111111101111111111110, sa_flags=SA_RESTART|SA_SIGINFO
SIGTERM: [libjvm.so+0x91a140], sa_mask[0]=11111111011111111101111111111110, sa_flags=SA_RESTART|SA_SIGINFO
SIGQUIT: [libjvm.so+0x91a140], sa_mask[0]=11111111011111111101111111111110, sa_flags=SA_RESTART|SA_SIGINFO


---------------  S Y S T E M  ---------------

OS:DISTRIB_ID=Ubuntu
DISTRIB_RELEASE=14.04
DISTRIB_CODENAME=trusty
DISTRIB_DESCRIPTION="Ubuntu 14.04.3 LTS"

uname:Linux 3.19.0-42-generic #48~14.04.1-Ubuntu SMP Fri Dec 18 10:24:49 UTC 2015 x86_64
libc:glibc 2.19 NPTL 2.19 
rlimit: STACK 8192k, CORE 0k, NPROC 23202, NOFILE 4096, AS infinity
load average:3,50 2,24 1,86

/proc/meminfo:
MemTotal:        5961332 kB
MemFree:          167992 kB
MemAvailable:     181476 kB
Buffers:           22596 kB
Cached:           477832 kB
SwapCached:            0 kB
Active:          5145568 kB
Inactive:         421324 kB
Active(anon):    5074988 kB
Inactive(anon):   351488 kB
Active(file):      70580 kB
Inactive(file):    69836 kB
Unevictable:       10796 kB
Mlocked:           10796 kB
SwapTotal:             0 kB
SwapFree:              0 kB
Dirty:               256 kB
Writeback:             0 kB
AnonPages:       5077676 kB
Mapped:           112184 kB
Shmem:            359660 kB
Slab:             100340 kB
SReclaimable:      55476 kB
SUnreclaim:        44864 kB
KernelStack:        9328 kB
PageTables:        42768 kB
NFS_Unstable:          0 kB
Bounce:                0 kB
WritebackTmp:          0 kB
CommitLimit:     2980664 kB
Committed_AS:    8243104 kB
VmallocTotal:   34359738367 kB
VmallocUsed:      557884 kB
VmallocChunk:   34359165916 kB
HardwareCorrupted:     0 kB
AnonHugePages:   2031616 kB
CmaTotal:              0 kB
CmaFree:               0 kB
HugePages_Total:       0
HugePages_Free:        0
HugePages_Rsvd:        0
HugePages_Surp:        0
Hugepagesize:       2048 kB
DirectMap4k:      268544 kB
DirectMap2M:     5871616 kB


CPU:total 4 (2 cores per cpu, 2 threads per core) family 6 model 42 stepping 7, cmov, cx8, fxsr, mmx, sse, sse2, sse3, ssse3, sse4.1, sse4.2, popcnt, avx, aes, clmul, ht, tsc, tscinvbit

/proc/cpuinfo:
processor	: 0
vendor_id	: GenuineIntel
cpu family	: 6
model		: 42
model name	: Intel(R) Core(TM) i5-2450M CPU @ 2.50GHz
stepping	: 7
microcode	: 0x25
cpu MHz		: 2500.000
cache size	: 3072 KB
physical id	: 0
siblings	: 4
core id		: 0
cpu cores	: 2
apicid		: 0
initial apicid	: 0
fpu		: yes
fpu_exception	: yes
cpuid level	: 13
wp		: yes
flags		: fpu vme de pse tsc msr pae mce cx8 apic sep mtrr pge mca cmov pat pse36 clflush dts acpi mmx fxsr sse sse2 ss ht tm pbe syscall nx rdtscp lm constant_tsc arch_perfmon pebs bts rep_good nopl xtopology nonstop_tsc aperfmperf eagerfpu pni pclmulqdq dtes64 monitor ds_cpl vmx est tm2 ssse3 cx16 xtpr pdcm pcid sse4_1 sse4_2 x2apic popcnt tsc_deadline_timer aes xsave avx lahf_lm ida arat epb pln pts dtherm tpr_shadow vnmi flexpriority ept vpid xsaveopt
bugs		:
bogomips	: 4988.20
clflush size	: 64
cache_alignment	: 64
address sizes	: 36 bits physical, 48 bits virtual
power management:

processor	: 1
vendor_id	: GenuineIntel
cpu family	: 6
model		: 42
model name	: Intel(R) Core(TM) i5-2450M CPU @ 2.50GHz
stepping	: 7
microcode	: 0x25
cpu MHz		: 2499.902
cache size	: 3072 KB
physical id	: 0
siblings	: 4
core id		: 0
cpu cores	: 2
apicid		: 1
initial apicid	: 1
fpu		: yes
fpu_exception	: yes
cpuid level	: 13
wp		: yes
flags		: fpu vme de pse tsc msr pae mce cx8 apic sep mtrr pge mca cmov pat pse36 clflush dts acpi mmx fxsr sse sse2 ss ht tm pbe syscall nx rdtscp lm constant_tsc arch_perfmon pebs bts rep_good nopl xtopology nonstop_tsc aperfmperf eagerfpu pni pclmulqdq dtes64 monitor ds_cpl vmx est tm2 ssse3 cx16 xtpr pdcm pcid sse4_1 sse4_2 x2apic popcnt tsc_deadline_timer aes xsave avx lahf_lm ida arat epb pln pts dtherm tpr_shadow vnmi flexpriority ept vpid xsaveopt
bugs		:
bogomips	: 4988.20
clflush size	: 64
cache_alignment	: 64
address sizes	: 36 bits physical, 48 bits virtual
power management:

processor	: 2
vendor_id	: GenuineIntel
cpu family	: 6
model		: 42
model name	: Intel(R) Core(TM) i5-2450M CPU @ 2.50GHz
stepping	: 7
microcode	: 0x25
cpu MHz		: 2031.640
cache size	: 3072 KB
physical id	: 0
siblings	: 4
core id		: 1
cpu cores	: 2
apicid		: 2
initial apicid	: 2
fpu		: yes
fpu_exception	: yes
cpuid level	: 13
wp		: yes
flags		: fpu vme de pse tsc msr pae mce cx8 apic sep mtrr pge mca cmov pat pse36 clflush dts acpi mmx fxsr sse sse2 ss ht tm pbe syscall nx rdtscp lm constant_tsc arch_perfmon pebs bts rep_good nopl xtopology nonstop_tsc aperfmperf eagerfpu pni pclmulqdq dtes64 monitor ds_cpl vmx est tm2 ssse3 cx16 xtpr pdcm pcid sse4_1 sse4_2 x2apic popcnt tsc_deadline_timer aes xsave avx lahf_lm ida arat epb pln pts dtherm tpr_shadow vnmi flexpriority ept vpid xsaveopt
bugs		:
bogomips	: 4988.20
clflush size	: 64
cache_alignment	: 64
address sizes	: 36 bits physical, 48 bits virtual
power management:

processor	: 3
vendor_id	: GenuineIntel
cpu family	: 6
model		: 42
model name	: Intel(R) Core(TM) i5-2450M CPU @ 2.50GHz
stepping	: 7
microcode	: 0x25
cpu MHz		: 2493.066
cache size	: 3072 KB
physical id	: 0
siblings	: 4
core id		: 1
cpu cores	: 2
apicid		: 3
initial apicid	: 3
fpu		: yes
fpu_exception	: yes
cpuid level	: 13
wp		: yes
flags		: fpu vme de pse tsc msr pae mce cx8 apic sep mtrr pge mca cmov pat pse36 clflush dts acpi mmx fxsr sse sse2 ss ht tm pbe syscall nx rdtscp lm constant_tsc arch_perfmon pebs bts rep_good nopl xtopology nonstop_tsc aperfmperf eagerfpu pni pclmulqdq dtes64 monitor ds_cpl vmx est tm2 ssse3 cx16 xtpr pdcm pcid sse4_1 sse4_2 x2apic popcnt tsc_deadline_timer aes xsave avx lahf_lm ida arat epb pln pts dtherm tpr_shadow vnmi flexpriority ept vpid xsaveopt
bugs		:
bogomips	: 4988.20
clflush size	: 64
cache_alignment	: 64
address sizes	: 36 bits physical, 48 bits virtual
power management:



Memory: 4k page, physical 5961332k(167992k free), swap 0k(0k free)

vm_info: Java HotSpot(TM) 64-Bit Server VM (25.66-b17) for linux-amd64 JRE (1.8.0_66-b17), built on Oct  6 2015 17:28:34 by "java_re" with gcc 4.3.0 20080428 (Red Hat 4.3.0-8)

time: Mon Jan  4 00:15:50 2016
elapsed time: 39 seconds (0d 0h 0m 39s)

