#
# There is insufficient memory for the Java Runtime Environment to continue.
# Native memory allocation (mmap) failed to map 171966464 bytes for committing reserved memory.
# Possible reasons:
#   The system is out of physical RAM or swap space
#   In 32 bit mode, the process size limit was hit
# Possible solutions:
#   Reduce memory load on the system
#   Increase physical memory or swap space
#   Check if swap backing store is full
#   Use 64 bit Java on a 64 bit OS
#   Decrease Java heap size (-Xmx/-Xms)
#   Decrease number of Java threads
#   Decrease Java thread stack sizes (-Xss)
#   Set larger code cache with -XX:ReservedCodeCacheSize=
# This output file may be truncated or incomplete.
#
#  Out of Memory Error (os_linux.cpp:2627), pid=6543, tid=140204938049280
#
# JRE version: Java(TM) SE Runtime Environment (8.0_66-b17) (build 1.8.0_66-b17)
# Java VM: Java HotSpot(TM) 64-Bit Server VM (25.66-b17 mixed mode linux-amd64 compressed oops)
# Failed to write core dump. Core dumps have been disabled. To enable core dumping, try "ulimit -c unlimited" before starting Java again
#

---------------  T H R E A D  ---------------

Current thread (0x00007f8414078000):  VMThread [stack: 0x00007f8401773000,0x00007f8401874000] [id=6553]

Stack: [0x00007f8401773000,0x00007f8401874000],  sp=0x00007f84018721e0,  free space=1020k
Native frames: (J=compiled Java code, j=interpreted, Vv=VM code, C=native code)
V  [libjvm.so+0xab9a1a]  VMError::report_and_die()+0x2ba
V  [libjvm.so+0x4f9e0b]  report_vm_out_of_memory(char const*, int, unsigned long, VMErrorType, char const*)+0x8b
V  [libjvm.so+0x91a8a3]  os::Linux::commit_memory_impl(char*, unsigned long, bool)+0x103
V  [libjvm.so+0x91adf9]  os::pd_commit_memory(char*, unsigned long, unsigned long, bool)+0x29
V  [libjvm.so+0x91510a]  os::commit_memory(char*, unsigned long, unsigned long, bool)+0x2a
V  [libjvm.so+0x9887a3]  PSVirtualSpace::expand_by(unsigned long)+0x53
V  [libjvm.so+0x979090]  PSOldGen::expand(unsigned long)+0x170
V  [libjvm.so+0x97929b]  PSOldGen::resize(unsigned long)+0x1cb
V  [libjvm.so+0x980f71]  PSParallelCompact::invoke_no_policy(bool)+0x991
V  [libjvm.so+0x9868cd]  PSScavenge::invoke()+0x1ad
V  [libjvm.so+0x93e500]  ParallelScavengeHeap::failed_mem_allocate(unsigned long)+0x70
V  [libjvm.so+0xabb437]  VM_ParallelGCFailedAllocation::doit()+0x97
V  [libjvm.so+0xac2e65]  VM_Operation::evaluate()+0x55
V  [libjvm.so+0xac123a]  VMThread::evaluate_operation(VM_Operation*)+0xba
V  [libjvm.so+0xac15be]  VMThread::loop()+0x1ce
V  [libjvm.so+0xac1a30]  VMThread::run()+0x70
V  [libjvm.so+0x91cc68]  java_start(Thread*)+0x108

VM_Operation (0x00007f8400673d20): ParallelGCFailedAllocation, mode: safepoint, requested by thread 0x00007f8414164000


---------------  P R O C E S S  ---------------

Java Threads: ( => current thread )
  0x00007f841418a800 JavaThread "pool-2-thread-4" [_thread_blocked, id=6566, stack(0x00007f8400171000,0x00007f8400272000)]
  0x00007f8414189000 JavaThread "pool-2-thread-3" [_thread_blocked, id=6565, stack(0x00007f8400272000,0x00007f8400373000)]
  0x00007f8414187000 JavaThread "pool-2-thread-2" [_thread_blocked, id=6564, stack(0x00007f8400373000,0x00007f8400474000)]
  0x00007f8414183000 JavaThread "pool-3-thread-1" [_thread_blocked, id=6563, stack(0x00007f8400474000,0x00007f8400575000)]
  0x00007f8414164000 JavaThread "pool-2-thread-1" [_thread_blocked, id=6562, stack(0x00007f8400575000,0x00007f8400676000)]
  0x00007f84140c2000 JavaThread "Service Thread" daemon [_thread_blocked, id=6560, stack(0x00007f8400859000,0x00007f840095a000)]
  0x00007f84140bd800 JavaThread "C1 CompilerThread2" daemon [_thread_blocked, id=6559, stack(0x00007f840095a000,0x00007f8400a5b000)]
  0x00007f84140bb800 JavaThread "C2 CompilerThread1" daemon [_thread_blocked, id=6558, stack(0x00007f8400a5b000,0x00007f8400b5c000)]
  0x00007f84140b8800 JavaThread "C2 CompilerThread0" daemon [_thread_blocked, id=6557, stack(0x00007f8400b5c000,0x00007f8400c5d000)]
  0x00007f84140b7000 JavaThread "Signal Dispatcher" daemon [_thread_blocked, id=6556, stack(0x00007f8400c5d000,0x00007f8400d5e000)]
  0x00007f841407f000 JavaThread "Finalizer" daemon [_thread_blocked, id=6555, stack(0x00007f8401571000,0x00007f8401672000)]
  0x00007f841407d000 JavaThread "Reference Handler" daemon [_thread_blocked, id=6554, stack(0x00007f8401672000,0x00007f8401773000)]
  0x00007f841400a000 JavaThread "main" [_thread_blocked, id=6544, stack(0x00007f841a394000,0x00007f841a495000)]

Other Threads:
=>0x00007f8414078000 VMThread [stack: 0x00007f8401773000,0x00007f8401874000] [id=6553]
  0x00007f84140c5000 WatcherThread [stack: 0x00007f8400758000,0x00007f8400859000] [id=6561]

VM state:at safepoint (normal execution)

VM Mutex/Monitor currently owned by a thread:  ([mutex/lock_event])
[0x00007f8414005ef0] ExpandHeap_lock - owner thread: 0x00007f8414078000
[0x00007f8414006570] Threads_lock - owner thread: 0x00007f8414078000
[0x00007f8414006a70] Heap_lock - owner thread: 0x00007f8414164000

Heap:
 PSYoungGen      total 539648K, used 109240K [0x00000000d5580000, 0x0000000100000000, 0x0000000100000000)
  eden space 380416K, 0% used [0x00000000d5580000,0x00000000d5580000,0x00000000ec900000)
  from space 159232K, 68% used [0x00000000ec900000,0x00000000f33ae020,0x00000000f6480000)
  to   space 159232K, 0% used [0x00000000f6480000,0x00000000f6480000,0x0000000100000000)
 ParOldGen       total 352768K, used 352427K [0x0000000080000000, 0x0000000095880000, 0x00000000d5580000)
  object space 352768K, 99% used [0x0000000080000000,0x000000009582af40,0x0000000095880000)
 Metaspace       used 6462K, capacity 7282K, committed 7552K, reserved 1056768K
  class space    used 606K, capacity 618K, committed 640K, reserved 1048576K

Card table byte_map: [0x00007f8403bbc000,0x00007f8403fbd000] byte_map_base: 0x00007f84037bc000

Marking Bits: (ParMarkBitMap*) 0x00007f841986e020
 Begin Bits: [0x00007f83f8000000, 0x00007f83fa000000)
 End Bits:   [0x00007f83fa000000, 0x00007f83fc000000)

Polling page: 0x00007f841a4b5000

CodeCache: size=245760Kb used=13093Kb max_used=13093Kb free=232666Kb
 bounds [0x00007f840437d000, 0x00007f840505d000, 0x00007f841337d000]
 total_blobs=2791 nmethods=2522 adapters=182
 compilation: enabled

Compilation events (10 events):
Event: 17,369 Thread 0x00007f84140bd800 2786       3       com.android.dx.cf.code.ByteCatchList::toTargetList (114 bytes)
Event: 17,371 Thread 0x00007f84140bd800 nmethod 2786 0x00007f8405039ed0 code [0x00007f840503a100, 0x00007f840503ae88]
Event: 17,422 Thread 0x00007f84140bd800 2787       2       java.util.HashMap$TreeNode::rotateRight (91 bytes)
Event: 17,422 Thread 0x00007f84140bd800 nmethod 2787 0x00007f8405049cd0 code [0x00007f8405049e40, 0x00007f840504a090]
Event: 17,483 Thread 0x00007f84140bd800 2789       2       java.util.HashMap$TreeNode::moveRootToFront (124 bytes)
Event: 17,484 Thread 0x00007f84140bd800 nmethod 2789 0x00007f840504a1d0 code [0x00007f840504a340, 0x00007f840504a670]
Event: 17,541 Thread 0x00007f84140bd800 2790 %     3       com.android.dx.util.Bits::bitCount @ 7 (29 bytes)
Event: 17,546 Thread 0x00007f84140bd800 nmethod 2790% 0x00007f840504a8d0 code [0x00007f840504aa60, 0x00007f840504ad28]
Event: 17,546 Thread 0x00007f84140bd800 2791       3       com.android.dx.ssa.NormalSsaInsn::changeOneSource (120 bytes)
Event: 17,548 Thread 0x00007f84140bd800 nmethod 2791 0x00007f840504aed0 code [0x00007f840504b160, 0x00007f840504c8b8]

GC Heap History (10 events):
Event: 10,598 GC heap after
Heap after GC invocations=14 (full 2):
 PSYoungGen      total 524288K, used 74032K [0x00000000d5580000, 0x00000000fd580000, 0x0000000100000000)
  eden space 417280K, 0% used [0x00000000d5580000,0x00000000d5580000,0x00000000eed00000)
  from space 107008K, 69% used [0x00000000f5b80000,0x00000000fa3cc048,0x00000000fc400000)
  to   space 113152K, 0% used [0x00000000eed00000,0x00000000eed00000,0x00000000f5b80000)
 ParOldGen       total 221184K, used 221128K [0x0000000080000000, 0x000000008d800000, 0x00000000d5580000)
  object space 221184K, 99% used [0x0000000080000000,0x000000008d7f2290,0x000000008d800000)
 Metaspace       used 6440K, capacity 7282K, committed 7552K, reserved 1056768K
  class space    used 605K, capacity 618K, committed 640K, reserved 1048576K
}
Event: 10,598 GC heap before
{Heap before GC invocations=15 (full 3):
 PSYoungGen      total 524288K, used 74032K [0x00000000d5580000, 0x00000000fd580000, 0x0000000100000000)
  eden space 417280K, 0% used [0x00000000d5580000,0x00000000d5580000,0x00000000eed00000)
  from space 107008K, 69% used [0x00000000f5b80000,0x00000000fa3cc048,0x00000000fc400000)
  to   space 113152K, 0% used [0x00000000eed00000,0x00000000eed00000,0x00000000f5b80000)
 ParOldGen       total 221184K, used 221128K [0x0000000080000000, 0x000000008d800000, 0x00000000d5580000)
  object space 221184K, 99% used [0x0000000080000000,0x000000008d7f2290,0x000000008d800000)
 Metaspace       used 6440K, capacity 7282K, committed 7552K, reserved 1056768K
  class space    used 605K, capacity 618K, committed 640K, reserved 1048576K
Event: 12,495 GC heap after
Heap after GC invocations=15 (full 3):
 PSYoungGen      total 524288K, used 67976K [0x00000000d5580000, 0x00000000fd580000, 0x0000000100000000)
  eden space 417280K, 0% used [0x00000000d5580000,0x00000000d5580000,0x00000000eed00000)
  from space 107008K, 63% used [0x00000000f5b80000,0x00000000f9de22c8,0x00000000fc400000)
  to   space 113152K, 0% used [0x00000000eed00000,0x00000000eed00000,0x00000000f5b80000)
 ParOldGen       total 352768K, used 221079K [0x0000000080000000, 0x0000000095880000, 0x00000000d5580000)
  object space 352768K, 62% used [0x0000000080000000,0x000000008d7e5f70,0x0000000095880000)
 Metaspace       used 6440K, capacity 7282K, committed 7552K, reserved 1056768K
  class space    used 605K, capacity 618K, committed 640K, reserved 1048576K
}
Event: 14,095 GC heap before
{Heap before GC invocations=16 (full 3):
 PSYoungGen      total 524288K, used 485256K [0x00000000d5580000, 0x00000000fd580000, 0x0000000100000000)
  eden space 417280K, 100% used [0x00000000d5580000,0x00000000eed00000,0x00000000eed00000)
  from space 107008K, 63% used [0x00000000f5b80000,0x00000000f9de22c8,0x00000000fc400000)
  to   space 113152K, 0% used [0x00000000eed00000,0x00000000eed00000,0x00000000f5b80000)
 ParOldGen       total 352768K, used 221079K [0x0000000080000000, 0x0000000095880000, 0x00000000d5580000)
  object space 352768K, 62% used [0x0000000080000000,0x000000008d7e5f70,0x0000000095880000)
 Metaspace       used 6449K, capacity 7282K, committed 7552K, reserved 1056768K
  class space    used 606K, capacity 618K, committed 640K, reserved 1048576K
Event: 14,412 GC heap after
Heap after GC invocations=16 (full 3):
 PSYoungGen      total 530432K, used 113142K [0x00000000d5580000, 0x0000000100000000, 0x0000000100000000)
  eden space 417280K, 0% used [0x00000000d5580000,0x00000000d5580000,0x00000000eed00000)
  from space 113152K, 99% used [0x00000000eed00000,0x00000000f5b7d990,0x00000000f5b80000)
  to   space 139776K, 0% used [0x00000000f7780000,0x00000000f7780000,0x0000000100000000)
 ParOldGen       total 352768K, used 243218K [0x0000000080000000, 0x0000000095880000, 0x00000000d5580000)
  object space 352768K, 68% used [0x0000000080000000,0x000000008ed848f8,0x0000000095880000)
 Metaspace       used 6449K, capacity 7282K, committed 7552K, reserved 1056768K
  class space    used 606K, capacity 618K, committed 640K, reserved 1048576K
}
Event: 15,828 GC heap before
{Heap before GC invocations=17 (full 3):
 PSYoungGen      total 530432K, used 530422K [0x00000000d5580000, 0x0000000100000000, 0x0000000100000000)
  eden space 417280K, 100% used [0x00000000d5580000,0x00000000eed00000,0x00000000eed00000)
  from space 113152K, 99% used [0x00000000eed00000,0x00000000f5b7d990,0x00000000f5b80000)
  to   space 139776K, 0% used [0x00000000f7780000,0x00000000f7780000,0x0000000100000000)
 ParOldGen       total 352768K, used 243218K [0x0000000080000000, 0x0000000095880000, 0x00000000d5580000)
  object space 352768K, 68% used [0x0000000080000000,0x000000008ed848f8,0x0000000095880000)
 Metaspace       used 6459K, capacity 7282K, committed 7552K, reserved 1056768K
  class space    used 606K, capacity 618K, committed 640K, reserved 1048576K
Event: 16,275 GC heap after
Heap after GC invocations=17 (full 3):
 PSYoungGen      total 520192K, used 128748K [0x00000000d5580000, 0x0000000100000000, 0x0000000100000000)
  eden space 380416K, 0% used [0x00000000d5580000,0x00000000d5580000,0x00000000ec900000)
  from space 139776K, 92% used [0x00000000f7780000,0x00000000ff53b0a8,0x0000000100000000)
  to   space 159232K, 0% used [0x00000000ec900000,0x00000000ec900000,0x00000000f6480000)
 ParOldGen       total 352768K, used 292856K [0x0000000080000000, 0x0000000095880000, 0x00000000d5580000)
  object space 352768K, 83% used [0x0000000080000000,0x0000000091dfe188,0x0000000095880000)
 Metaspace       used 6459K, capacity 7282K, committed 7552K, reserved 1056768K
  class space    used 606K, capacity 618K, committed 640K, reserved 1048576K
}
Event: 17,603 GC heap before
{Heap before GC invocations=18 (full 3):
 PSYoungGen      total 520192K, used 509164K [0x00000000d5580000, 0x0000000100000000, 0x0000000100000000)
  eden space 380416K, 100% used [0x00000000d5580000,0x00000000ec900000,0x00000000ec900000)
  from space 139776K, 92% used [0x00000000f7780000,0x00000000ff53b0a8,0x0000000100000000)
  to   space 159232K, 0% used [0x00000000ec900000,0x00000000ec900000,0x00000000f6480000)
 ParOldGen       total 352768K, used 292856K [0x0000000080000000, 0x0000000095880000, 0x00000000d5580000)
  object space 352768K, 83% used [0x0000000080000000,0x0000000091dfe188,0x0000000095880000)
 Metaspace       used 6462K, capacity 7282K, committed 7552K, reserved 1056768K
  class space    used 606K, capacity 618K, committed 640K, reserved 1048576K
Event: 17,911 GC heap after
Heap after GC invocations=18 (full 3):
 PSYoungGen      total 539648K, used 159207K [0x00000000d5580000, 0x0000000100000000, 0x0000000100000000)
  eden space 380416K, 0% used [0x00000000d5580000,0x00000000d5580000,0x00000000ec900000)
  from space 159232K, 99% used [0x00000000ec900000,0x00000000f6479d48,0x00000000f6480000)
  to   space 159232K, 0% used [0x00000000f6480000,0x00000000f6480000,0x0000000100000000)
 ParOldGen       total 352768K, used 311727K [0x0000000080000000, 0x0000000095880000, 0x00000000d5580000)
  object space 352768K, 88% used [0x0000000080000000,0x000000009306bcb8,0x0000000095880000)
 Metaspace       used 6462K, capacity 7282K, committed 7552K, reserved 1056768K
  class space    used 606K, capacity 618K, committed 640K, reserved 1048576K
}
Event: 17,913 GC heap before
{Heap before GC invocations=19 (full 4):
 PSYoungGen      total 539648K, used 159207K [0x00000000d5580000, 0x0000000100000000, 0x0000000100000000)
  eden space 380416K, 0% used [0x00000000d5580000,0x00000000d5580000,0x00000000ec900000)
  from space 159232K, 99% used [0x00000000ec900000,0x00000000f6479d48,0x00000000f6480000)
  to   space 159232K, 0% used [0x00000000f6480000,0x00000000f6480000,0x0000000100000000)
 ParOldGen       total 352768K, used 311727K [0x0000000080000000, 0x0000000095880000, 0x00000000d5580000)
  object space 352768K, 88% used [0x0000000080000000,0x000000009306bcb8,0x0000000095880000)
 Metaspace       used 6462K, capacity 7282K, committed 7552K, reserved 1056768K
  class space    used 606K, capacity 618K, committed 640K, reserved 1048576K

Deoptimization events (10 events):
Event: 14,811 Thread 0x00007f841418a800 Uncommon trap: reason=bimorphic action=maybe_recompile pc=0x00007f8404fa63f8 method=com.android.dx.cf.code.BytecodeArray.parseInstruction(ILcom/android/dx/cf/code/BytecodeArray$Visitor;)I @ 1099
Event: 14,811 Thread 0x00007f841418a800 Uncommon trap: reason=bimorphic action=maybe_recompile pc=0x00007f8404fa6690 method=com.android.dx.cf.code.BytecodeArray.parseInstruction(ILcom/android/dx/cf/code/BytecodeArray$Visitor;)I @ 1327
Event: 14,811 Thread 0x00007f841418a800 Uncommon trap: reason=bimorphic action=maybe_recompile pc=0x00007f8404fa6690 method=com.android.dx.cf.code.BytecodeArray.parseInstruction(ILcom/android/dx/cf/code/BytecodeArray$Visitor;)I @ 1327
Event: 16,584 Thread 0x00007f8414187000 Uncommon trap: reason=speculate_class_check action=maybe_recompile pc=0x00007f8404e4e118 method=com.android.dx.rop.cst.TypedConstant.getBasicType()I @ 1
Event: 16,596 Thread 0x00007f841400a000 Uncommon trap: reason=speculate_class_check action=maybe_recompile pc=0x00007f8404e4e118 method=com.android.dx.rop.cst.TypedConstant.getBasicType()I @ 1
Event: 16,616 Thread 0x00007f841418a800 Uncommon trap: reason=speculate_class_check action=maybe_recompile pc=0x00007f8404e4e118 method=com.android.dx.rop.cst.TypedConstant.getBasicType()I @ 1
Event: 16,678 Thread 0x00007f8414164000 Uncommon trap: reason=unstable_if action=reinterpret pc=0x00007f840501e3f0 method=com.android.dx.dex.code.RopTranslator.outputBlock(Lcom/android/dx/rop/code/BasicBlock;I)V @ 140
Event: 16,717 Thread 0x00007f8414189000 Uncommon trap: reason=bimorphic action=maybe_recompile pc=0x00007f84050088c4 method=com.android.dx.cf.code.BytecodeArray.parseInstruction(ILcom/android/dx/cf/code/BytecodeArray$Visitor;)I @ 1525
Event: 16,725 Thread 0x00007f8414189000 Uncommon trap: reason=bimorphic action=maybe_recompile pc=0x00007f84050088c4 method=com.android.dx.cf.code.BytecodeArray.parseInstruction(ILcom/android/dx/cf/code/BytecodeArray$Visitor;)I @ 1525
Event: 16,978 Thread 0x00007f841400a000 Uncommon trap: reason=unstable_if action=reinterpret pc=0x00007f8404ff0b4c method=java.util.ArrayList.<init>(I)V @ 5

Internal exceptions (9 events):
Event: 0,036 Thread 0x00007f841400a000 Exception <a 'java/lang/NoSuchMethodError': Method sun.misc.Unsafe.defineClass(Ljava/lang/String;[BII)Ljava/lang/Class; name or signature does not match> (0x00000000d5592a08) thrown at [/HUDSON/workspace/8-2-build-linux-amd64/jdk8u66/4988/hotspot/src/shar
Event: 0,036 Thread 0x00007f841400a000 Exception <a 'java/lang/NoSuchMethodError': Method sun.misc.Unsafe.prefetchRead(Ljava/lang/Object;J)V name or signature does not match> (0x00000000d5592cf0) thrown at [/HUDSON/workspace/8-2-build-linux-amd64/jdk8u66/4988/hotspot/src/share/vm/prims/jni.cpp
Event: 0,658 Thread 0x00007f8414189000 Exception <a 'java/lang/ArrayIndexOutOfBoundsException': 18> (0x00000000d5c9f280) thrown at [/HUDSON/workspace/8-2-build-linux-amd64/jdk8u66/4988/hotspot/src/share/vm/interpreter/interpreterRuntime.cpp, line 366]
Event: 0,658 Thread 0x00007f8414189000 Exception <a 'java/lang/ArrayIndexOutOfBoundsException': 145> (0x00000000d5ca0e00) thrown at [/HUDSON/workspace/8-2-build-linux-amd64/jdk8u66/4988/hotspot/src/share/vm/interpreter/interpreterRuntime.cpp, line 366]
Event: 0,659 Thread 0x00007f8414189000 Exception <a 'java/lang/ArrayIndexOutOfBoundsException': 40> (0x00000000d5ca20e8) thrown at [/HUDSON/workspace/8-2-build-linux-amd64/jdk8u66/4988/hotspot/src/share/vm/interpreter/interpreterRuntime.cpp, line 366]
Event: 0,841 Thread 0x00007f8414164000 Implicit null exception at 0x00007f8404681587 to 0x00007f8404683b31
Event: 0,841 Thread 0x00007f8414164000 Implicit null exception at 0x00007f84046a0a2c to 0x00007f84046a2e65
Event: 4,174 Thread 0x00007f8414187000 Implicit null exception at 0x00007f84047d1de1 to 0x00007f84047d55e1
Event: 4,176 Thread 0x00007f8414187000 Implicit null exception at 0x00007f8404858ff1 to 0x00007f840485ea59

Events (10 events):
Event: 17,478 Thread 0x00007f841418a800 DEOPT UNPACKING pc=0x00007f84043c4633 sp=0x00007f840026fab0 mode 0
Event: 17,509 Thread 0x00007f841418a800 DEOPT PACKING pc=0x00007f8404725aec sp=0x00007f840026fe10
Event: 17,509 Thread 0x00007f841418a800 DEOPT UNPACKING pc=0x00007f84043c4633 sp=0x00007f840026fb10 mode 0
Event: 17,560 Thread 0x00007f841400a000 DEOPT PACKING pc=0x00007f840488bc31 sp=0x00007f841a492720
Event: 17,560 Thread 0x00007f841400a000 DEOPT UNPACKING pc=0x00007f84043c4633 sp=0x00007f841a492570 mode 0
Event: 17,575 Thread 0x00007f841418a800 DEOPT PACKING pc=0x00007f840488bc31 sp=0x00007f840026fd10
Event: 17,575 Thread 0x00007f841418a800 DEOPT UNPACKING pc=0x00007f84043c4633 sp=0x00007f840026fb60 mode 0
Event: 17,584 Thread 0x00007f8414187000 DEOPT PACKING pc=0x00007f8404725aec sp=0x00007f84004720c0
Event: 17,584 Thread 0x00007f8414187000 DEOPT UNPACKING pc=0x00007f84043c4633 sp=0x00007f8400471dc0 mode 0
Event: 17,602 Executing VM operation: ParallelGCFailedAllocation


Dynamic libraries:
00400000-00401000 r-xp 00000000 08:01 4591374                            /usr/lib/jvm/java-8-oracle/bin/java
00600000-00601000 rw-p 00000000 08:01 4591374                            /usr/lib/jvm/java-8-oracle/bin/java
00dfa000-00e1b000 rw-p 00000000 00:00 0                                  [heap]
80000000-95880000 rw-p 00000000 00:00 0 
9fc80000-d5580000 ---p 00000000 00:00 0 
d5580000-100000000 rw-p 00000000 00:00 0 
100000000-1000a0000 rw-p 00000000 00:00 0 
1000a0000-140000000 ---p 00000000 00:00 0 
7f83b4000000-7f83b404c000 rw-p 00000000 00:00 0 
7f83b404c000-7f83b8000000 ---p 00000000 00:00 0 
7f83b8000000-7f83b8024000 rw-p 00000000 00:00 0 
7f83b8024000-7f83bc000000 ---p 00000000 00:00 0 
7f83bc000000-7f83bc28b000 rw-p 00000000 00:00 0 
7f83bc28b000-7f83c0000000 ---p 00000000 00:00 0 
7f83c0000000-7f83c0031000 rw-p 00000000 00:00 0 
7f83c0031000-7f83c4000000 ---p 00000000 00:00 0 
7f83c4000000-7f83c4021000 rw-p 00000000 00:00 0 
7f83c4021000-7f83c8000000 ---p 00000000 00:00 0 
7f83c8000000-7f83c8047000 rw-p 00000000 00:00 0 
7f83c8047000-7f83cc000000 ---p 00000000 00:00 0 
7f83cc000000-7f83cccdd000 rw-p 00000000 00:00 0 
7f83cccdd000-7f83d0000000 ---p 00000000 00:00 0 
7f83d0000000-7f83d0021000 rw-p 00000000 00:00 0 
7f83d0021000-7f83d4000000 ---p 00000000 00:00 0 
7f83d4000000-7f83d5c3b000 rw-p 00000000 00:00 0 
7f83d5c3b000-7f83d8000000 ---p 00000000 00:00 0 
7f83d8000000-7f83d9493000 rw-p 00000000 00:00 0 
7f83d9493000-7f83dc000000 ---p 00000000 00:00 0 
7f83dc000000-7f83dc021000 rw-p 00000000 00:00 0 
7f83dc021000-7f83e0000000 ---p 00000000 00:00 0 
7f83e0000000-7f83e0021000 rw-p 00000000 00:00 0 
7f83e0021000-7f83e4000000 ---p 00000000 00:00 0 
7f83e4000000-7f83e4298000 rw-p 00000000 00:00 0 
7f83e4298000-7f83e8000000 ---p 00000000 00:00 0 
7f83e8000000-7f83e8021000 rw-p 00000000 00:00 0 
7f83e8021000-7f83ec000000 ---p 00000000 00:00 0 
7f83ec000000-7f83ec021000 rw-p 00000000 00:00 0 
7f83ec021000-7f83f0000000 ---p 00000000 00:00 0 
7f83f0000000-7f83f0021000 rw-p 00000000 00:00 0 
7f83f0021000-7f83f4000000 ---p 00000000 00:00 0 
7f83f4000000-7f83f4021000 rw-p 00000000 00:00 0 
7f83f4021000-7f83f8000000 ---p 00000000 00:00 0 
7f83f8000000-7f83fc000000 rw-p 00000000 00:00 0 
7f83fc000000-7f83fc021000 rw-p 00000000 00:00 0 
7f83fc021000-7f8400000000 ---p 00000000 00:00 0 
7f840014c000-7f8400171000 r--p 00000000 08:01 2361987                    /usr/share/locale-langpack/pl/LC_MESSAGES/libc.mo
7f8400171000-7f8400174000 ---p 00000000 00:00 0 
7f8400174000-7f8400272000 rw-p 00000000 00:00 0                          [stack:6566]
7f8400272000-7f8400275000 ---p 00000000 00:00 0 
7f8400275000-7f8400373000 rw-p 00000000 00:00 0                          [stack:6565]
7f8400373000-7f8400376000 ---p 00000000 00:00 0 
7f8400376000-7f8400474000 rw-p 00000000 00:00 0                          [stack:6564]
7f8400474000-7f8400477000 ---p 00000000 00:00 0 
7f8400477000-7f8400575000 rw-p 00000000 00:00 0                          [stack:6563]
7f8400575000-7f8400578000 ---p 00000000 00:00 0 
7f8400578000-7f8400676000 rw-p 00000000 00:00 0                          [stack:6562]
7f8400676000-7f8400758000 r--s 00ae0000 08:01 9310590                    /home/tomasz/AndroidStudioProjects/ITAssistant/app/build/intermediates/transforms/jarMerging/debug/jars/1/1f/combined.jar
7f8400758000-7f8400759000 ---p 00000000 00:00 0 
7f8400759000-7f8400859000 rw-p 00000000 00:00 0                          [stack:6561]
7f8400859000-7f840085c000 ---p 00000000 00:00 0 
7f840085c000-7f840095a000 rw-p 00000000 00:00 0                          [stack:6560]
7f840095a000-7f840095d000 ---p 00000000 00:00 0 
7f840095d000-7f8400a5b000 rw-p 00000000 00:00 0                          [stack:6559]
7f8400a5b000-7f8400a5e000 ---p 00000000 00:00 0 
7f8400a5e000-7f8400b5c000 rw-p 00000000 00:00 0                          [stack:6558]
7f8400b5c000-7f8400b5f000 ---p 00000000 00:00 0 
7f8400b5f000-7f8400c5d000 rw-p 00000000 00:00 0                          [stack:6557]
7f8400c5d000-7f8400c60000 ---p 00000000 00:00 0 
7f8400c60000-7f8400d5e000 rw-p 00000000 00:00 0                          [stack:6556]
7f8400d5e000-7f8401571000 r--p 00000000 08:01 1579663                    /usr/lib/locale/locale-archive
7f8401571000-7f8401574000 ---p 00000000 00:00 0 
7f8401574000-7f8401672000 rw-p 00000000 00:00 0                          [stack:6555]
7f8401672000-7f8401675000 ---p 00000000 00:00 0 
7f8401675000-7f8401773000 rw-p 00000000 00:00 0                          [stack:6554]
7f8401773000-7f8401774000 ---p 00000000 00:00 0 
7f8401774000-7f8402835000 rw-p 00000000 00:00 0                          [stack:6553]
7f8402835000-7f8402a0e000 r--s 03d20000 08:01 4069182                    /usr/lib/jvm/java-8-oracle/jre/lib/rt.jar
7f8402a0e000-7f84030ce000 rw-p 00000000 00:00 0 
7f84030ce000-7f840320e000 ---p 00000000 00:00 0 
7f840320e000-7f840360e000 rw-p 00000000 00:00 0 
7f840360e000-7f840360f000 ---p 00000000 00:00 0 
7f840360f000-7f840370f000 rw-p 00000000 00:00 0                          [stack:6550]
7f840370f000-7f8403710000 ---p 00000000 00:00 0 
7f8403710000-7f8403810000 rw-p 00000000 00:00 0                          [stack:6549]
7f8403810000-7f8403811000 ---p 00000000 00:00 0 
7f8403811000-7f84039be000 rw-p 00000000 00:00 0                          [stack:6548]
7f84039be000-7f8403bbc000 ---p 00000000 00:00 0 
7f8403bbc000-7f8403c69000 rw-p 00000000 00:00 0 
7f8403c69000-7f8403e66000 ---p 00000000 00:00 0 
7f8403e66000-7f8403fbc000 rw-p 00000000 00:00 0 
7f8403fbc000-7f8403ff1000 rw-p 00000000 00:00 0 
7f8403ff1000-7f840437d000 ---p 00000000 00:00 0 
7f840437d000-7f840505d000 rwxp 00000000 00:00 0 
7f840505d000-7f841337d000 ---p 00000000 00:00 0 
7f841337d000-7f8413397000 r-xp 00000000 08:01 4069168                    /usr/lib/jvm/java-8-oracle/jre/lib/amd64/libzip.so
7f8413397000-7f8413597000 ---p 0001a000 08:01 4069168                    /usr/lib/jvm/java-8-oracle/jre/lib/amd64/libzip.so
7f8413597000-7f8413598000 rw-p 0001a000 08:01 4069168                    /usr/lib/jvm/java-8-oracle/jre/lib/amd64/libzip.so
7f8413598000-7f84135a3000 r-xp 00000000 08:01 5771445                    /lib/x86_64-linux-gnu/libnss_files-2.19.so
7f84135a3000-7f84137a2000 ---p 0000b000 08:01 5771445                    /lib/x86_64-linux-gnu/libnss_files-2.19.so
7f84137a2000-7f84137a3000 r--p 0000a000 08:01 5771445                    /lib/x86_64-linux-gnu/libnss_files-2.19.so
7f84137a3000-7f84137a4000 rw-p 0000b000 08:01 5771445                    /lib/x86_64-linux-gnu/libnss_files-2.19.so
7f84137a4000-7f84137af000 r-xp 00000000 08:01 5771455                    /lib/x86_64-linux-gnu/libnss_nis-2.19.so
7f84137af000-7f84139ae000 ---p 0000b000 08:01 5771455                    /lib/x86_64-linux-gnu/libnss_nis-2.19.so
7f84139ae000-7f84139af000 r--p 0000a000 08:01 5771455                    /lib/x86_64-linux-gnu/libnss_nis-2.19.so
7f84139af000-7f84139b0000 rw-p 0000b000 08:01 5771455                    /lib/x86_64-linux-gnu/libnss_nis-2.19.so
7f84139b0000-7f84139c7000 r-xp 00000000 08:01 5771439                    /lib/x86_64-linux-gnu/libnsl-2.19.so
7f84139c7000-7f8413bc6000 ---p 00017000 08:01 5771439                    /lib/x86_64-linux-gnu/libnsl-2.19.so
7f8413bc6000-7f8413bc7000 r--p 00016000 08:01 5771439                    /lib/x86_64-linux-gnu/libnsl-2.19.so
7f8413bc7000-7f8413bc8000 rw-p 00017000 08:01 5771439                    /lib/x86_64-linux-gnu/libnsl-2.19.so
7f8413bc8000-7f8413bca000 rw-p 00000000 00:00 0 
7f8413bca000-7f8413bd3000 r-xp 00000000 08:01 5771441                    /lib/x86_64-linux-gnu/libnss_compat-2.19.so
7f8413bd3000-7f8413dd2000 ---p 00009000 08:01 5771441                    /lib/x86_64-linux-gnu/libnss_compat-2.19.so
7f8413dd2000-7f8413dd3000 r--p 00008000 08:01 5771441                    /lib/x86_64-linux-gnu/libnss_compat-2.19.so
7f8413dd3000-7f8413dd4000 rw-p 00009000 08:01 5771441                    /lib/x86_64-linux-gnu/libnss_compat-2.19.so
7f8413dd4000-7f8413dfe000 r-xp 00000000 08:01 4069157                    /usr/lib/jvm/java-8-oracle/jre/lib/amd64/libjava.so
7f8413dfe000-7f8413ffe000 ---p 0002a000 08:01 4069157                    /usr/lib/jvm/java-8-oracle/jre/lib/amd64/libjava.so
7f8413ffe000-7f8414000000 rw-p 0002a000 08:01 4069157                    /usr/lib/jvm/java-8-oracle/jre/lib/amd64/libjava.so
7f8414000000-7f84143b3000 rw-p 00000000 00:00 0 
7f84143b3000-7f8418000000 ---p 00000000 00:00 0 
7f841800a000-7f84180a1000 rw-p 00000000 00:00 0 
7f84180a1000-7f84180a2000 ---p 00000000 00:00 0 
7f84180a2000-7f84181a2000 rw-p 00000000 00:00 0                          [stack:6547]
7f84181a2000-7f84181af000 r-xp 00000000 08:01 4069118                    /usr/lib/jvm/java-8-oracle/jre/lib/amd64/libverify.so
7f84181af000-7f84183af000 ---p 0000d000 08:01 4069118                    /usr/lib/jvm/java-8-oracle/jre/lib/amd64/libverify.so
7f84183af000-7f84183b1000 rw-p 0000d000 08:01 4069118                    /usr/lib/jvm/java-8-oracle/jre/lib/amd64/libverify.so
7f84183b1000-7f84183b8000 r-xp 00000000 08:01 5771498                    /lib/x86_64-linux-gnu/librt-2.19.so
7f84183b8000-7f84185b7000 ---p 00007000 08:01 5771498                    /lib/x86_64-linux-gnu/librt-2.19.so
7f84185b7000-7f84185b8000 r--p 00006000 08:01 5771498                    /lib/x86_64-linux-gnu/librt-2.19.so
7f84185b8000-7f84185b9000 rw-p 00007000 08:01 5771498                    /lib/x86_64-linux-gnu/librt-2.19.so
7f84185b9000-7f84186be000 r-xp 00000000 08:01 5771420                    /lib/x86_64-linux-gnu/libm-2.19.so
7f84186be000-7f84188bd000 ---p 00105000 08:01 5771420                    /lib/x86_64-linux-gnu/libm-2.19.so
7f84188bd000-7f84188be000 r--p 00104000 08:01 5771420                    /lib/x86_64-linux-gnu/libm-2.19.so
7f84188be000-7f84188bf000 rw-p 00105000 08:01 5771420                    /lib/x86_64-linux-gnu/libm-2.19.so
7f84188bf000-7f841957d000 r-xp 00000000 08:01 4069167                    /usr/lib/jvm/java-8-oracle/jre/lib/amd64/server/libjvm.so
7f841957d000-7f841977c000 ---p 00cbe000 08:01 4069167                    /usr/lib/jvm/java-8-oracle/jre/lib/amd64/server/libjvm.so
7f841977c000-7f8419855000 rw-p 00cbd000 08:01 4069167                    /usr/lib/jvm/java-8-oracle/jre/lib/amd64/server/libjvm.so
7f8419855000-7f8419899000 rw-p 00000000 00:00 0 
7f8419899000-7f8419a54000 r-xp 00000000 08:01 5771370                    /lib/x86_64-linux-gnu/libc-2.19.so
7f8419a54000-7f8419c53000 ---p 001bb000 08:01 5771370                    /lib/x86_64-linux-gnu/libc-2.19.so
7f8419c53000-7f8419c57000 r--p 001ba000 08:01 5771370                    /lib/x86_64-linux-gnu/libc-2.19.so
7f8419c57000-7f8419c59000 rw-p 001be000 08:01 5771370                    /lib/x86_64-linux-gnu/libc-2.19.so
7f8419c59000-7f8419c5e000 rw-p 00000000 00:00 0 
7f8419c5e000-7f8419c61000 r-xp 00000000 08:01 5771387                    /lib/x86_64-linux-gnu/libdl-2.19.so
7f8419c61000-7f8419e60000 ---p 00003000 08:01 5771387                    /lib/x86_64-linux-gnu/libdl-2.19.so
7f8419e60000-7f8419e61000 r--p 00002000 08:01 5771387                    /lib/x86_64-linux-gnu/libdl-2.19.so
7f8419e61000-7f8419e62000 rw-p 00003000 08:01 5771387                    /lib/x86_64-linux-gnu/libdl-2.19.so
7f8419e62000-7f8419e77000 r-xp 00000000 08:01 4727160                    /usr/lib/jvm/java-8-oracle/lib/amd64/jli/libjli.so
7f8419e77000-7f841a077000 ---p 00015000 08:01 4727160                    /usr/lib/jvm/java-8-oracle/lib/amd64/jli/libjli.so
7f841a077000-7f841a078000 rw-p 00015000 08:01 4727160                    /usr/lib/jvm/java-8-oracle/lib/amd64/jli/libjli.so
7f841a078000-7f841a091000 r-xp 00000000 08:01 5771490                    /lib/x86_64-linux-gnu/libpthread-2.19.so
7f841a091000-7f841a290000 ---p 00019000 08:01 5771490                    /lib/x86_64-linux-gnu/libpthread-2.19.so
7f841a290000-7f841a291000 r--p 00018000 08:01 5771490                    /lib/x86_64-linux-gnu/libpthread-2.19.so
7f841a291000-7f841a292000 rw-p 00019000 08:01 5771490                    /lib/x86_64-linux-gnu/libpthread-2.19.so
7f841a292000-7f841a296000 rw-p 00000000 00:00 0 
7f841a296000-7f841a2b9000 r-xp 00000000 08:01 5771346                    /lib/x86_64-linux-gnu/ld-2.19.so
7f841a2c1000-7f841a2c8000 r--s 00000000 08:01 1967077                    /usr/lib/x86_64-linux-gnu/gconv/gconv-modules.cache
7f841a2c8000-7f841a394000 rw-p 00000000 00:00 0 
7f841a394000-7f841a397000 ---p 00000000 00:00 0 
7f841a397000-7f841a499000 rw-p 00000000 00:00 0                          [stack:6544]
7f841a49c000-7f841a49d000 rw-p 00000000 00:00 0 
7f841a49d000-7f841a4ac000 r--s 000df000 08:01 656243                     /home/tomasz/Android/Sdk/build-tools/23.0.1/lib/dx.jar
7f841a4ac000-7f841a4b4000 rw-s 00000000 08:01 6034442                    /tmp/hsperfdata_tomasz/6543
7f841a4b4000-7f841a4b5000 rw-p 00000000 00:00 0 
7f841a4b5000-7f841a4b6000 ---p 00000000 00:00 0 
7f841a4b6000-7f841a4b8000 rw-p 00000000 00:00 0 
7f841a4b8000-7f841a4b9000 r--p 00022000 08:01 5771346                    /lib/x86_64-linux-gnu/ld-2.19.so
7f841a4b9000-7f841a4ba000 rw-p 00023000 08:01 5771346                    /lib/x86_64-linux-gnu/ld-2.19.so
7f841a4ba000-7f841a4bb000 rw-p 00000000 00:00 0 
7ffc4cebf000-7ffc4cee0000 rw-p 00000000 00:00 0                          [stack]
7ffc4cf71000-7ffc4cf73000 r--p 00000000 00:00 0                          [vvar]
7ffc4cf73000-7ffc4cf75000 r-xp 00000000 00:00 0                          [vdso]
ffffffffff600000-ffffffffff601000 r-xp 00000000 00:00 0                  [vsyscall]

VM Arguments:
jvm_args: -Djava.awt.headless=true -Xmx2g -Dfile.encoding=UTF-8 -Duser.country=PL -Duser.language=pl -Duser.variant 
java_command: com.android.dx.command.Main --dex --num-threads=4 --multi-dex --main-dex-list /home/tomasz/AndroidStudioProjects/ITAssistant/app/build/intermediates/multi-dex/debug/maindexlist.txt --output /home/tomasz/AndroidStudioProjects/ITAssistant/app/build/intermediates/transforms/dex/debug/folders/1000/1f/main /home/tomasz/AndroidStudioProjects/ITAssistant/app/build/intermediates/transforms/jarMerging/debug/jars/1/1f/combined.jar
java_class_path (initial): /home/tomasz/Android/Sdk/build-tools/23.0.1/lib/dx.jar
Launcher Type: SUN_STANDARD

Environment Variables:
PATH=/usr/local/sbin:/usr/local/bin:/usr/sbin:/usr/bin:/sbin:/bin:/usr/games:/usr/local/games
LD_LIBRARY_PATH=.:
SHELL=/bin/bash
DISPLAY=:0

Signal Handlers:
SIGSEGV: [libjvm.so+0xaba2a0], sa_mask[0]=11111111011111111101111111111110, sa_flags=SA_RESTART|SA_SIGINFO
SIGBUS: [libjvm.so+0xaba2a0], sa_mask[0]=11111111011111111101111111111110, sa_flags=SA_RESTART|SA_SIGINFO
SIGFPE: [libjvm.so+0x917710], sa_mask[0]=11111111011111111101111111111110, sa_flags=SA_RESTART|SA_SIGINFO
SIGPIPE: [libjvm.so+0x917710], sa_mask[0]=11111111011111111101111111111110, sa_flags=SA_RESTART|SA_SIGINFO
SIGXFSZ: [libjvm.so+0x917710], sa_mask[0]=11111111011111111101111111111110, sa_flags=SA_RESTART|SA_SIGINFO
SIGILL: [libjvm.so+0x917710], sa_mask[0]=11111111011111111101111111111110, sa_flags=SA_RESTART|SA_SIGINFO
SIGUSR1: SIG_DFL, sa_mask[0]=00000000000000000000000000000000, sa_flags=none
SIGUSR2: [libjvm.so+0x918d40], sa_mask[0]=00100000000000000000000000000000, sa_flags=SA_RESTART|SA_SIGINFO
SIGHUP: [libjvm.so+0x91a140], sa_mask[0]=11111111011111111101111111111110, sa_flags=SA_RESTART|SA_SIGINFO
SIGINT: [libjvm.so+0x91a140], sa_mask[0]=11111111011111111101111111111110, sa_flags=SA_RESTART|SA_SIGINFO
SIGTERM: [libjvm.so+0x91a140], sa_mask[0]=11111111011111111101111111111110, sa_flags=SA_RESTART|SA_SIGINFO
SIGQUIT: [libjvm.so+0x91a140], sa_mask[0]=11111111011111111101111111111110, sa_flags=SA_RESTART|SA_SIGINFO


---------------  S Y S T E M  ---------------

OS:DISTRIB_ID=Ubuntu
DISTRIB_RELEASE=14.04
DISTRIB_CODENAME=trusty
DISTRIB_DESCRIPTION="Ubuntu 14.04.3 LTS"

uname:Linux 3.19.0-33-generic #38~14.04.1-Ubuntu SMP Fri Nov 6 18:17:28 UTC 2015 x86_64
libc:glibc 2.19 NPTL 2.19 
rlimit: STACK 8192k, CORE 0k, NPROC 23202, NOFILE 4096, AS infinity
load average:8,13 2,91 1,50

/proc/meminfo:
MemTotal:        5961336 kB
MemFree:          101328 kB
MemAvailable:      51700 kB
Buffers:             200 kB
Cached:           437348 kB
SwapCached:            0 kB
Active:          5237144 kB
Inactive:         409996 kB
Active(anon):    5231160 kB
Inactive(anon):   403876 kB
Active(file):       5984 kB
Inactive(file):     6120 kB
Unevictable:         892 kB
Mlocked:             892 kB
SwapTotal:             0 kB
SwapFree:              0 kB
Dirty:                20 kB
Writeback:             0 kB
AnonPages:       5211108 kB
Mapped:           199288 kB
Shmem:            424820 kB
Slab:              94956 kB
SReclaimable:      57568 kB
SUnreclaim:        37388 kB
KernelStack:       11504 kB
PageTables:        51888 kB
NFS_Unstable:          0 kB
Bounce:                0 kB
WritebackTmp:          0 kB
CommitLimit:     2980668 kB
Committed_AS:   10797524 kB
VmallocTotal:   34359738367 kB
VmallocUsed:      557916 kB
VmallocChunk:   34359161308 kB
HardwareCorrupted:     0 kB
AnonHugePages:   1419264 kB
CmaTotal:              0 kB
CmaFree:               0 kB
HugePages_Total:       0
HugePages_Free:        0
HugePages_Rsvd:        0
HugePages_Surp:        0
Hugepagesize:       2048 kB
DirectMap4k:      168192 kB
DirectMap2M:     5971968 kB


CPU:total 4 (2 cores per cpu, 2 threads per core) family 6 model 42 stepping 7, cmov, cx8, fxsr, mmx, sse, sse2, sse3, ssse3, sse4.1, sse4.2, popcnt, avx, aes, clmul, ht, tsc, tscinvbit

/proc/cpuinfo:
processor	: 0
vendor_id	: GenuineIntel
cpu family	: 6
model		: 42
model name	: Intel(R) Core(TM) i5-2450M CPU @ 2.50GHz
stepping	: 7
microcode	: 0x25
cpu MHz		: 1319.824
cache size	: 3072 KB
physical id	: 0
siblings	: 4
core id		: 0
cpu cores	: 2
apicid		: 0
initial apicid	: 0
fpu		: yes
fpu_exception	: yes
cpuid level	: 13
wp		: yes
flags		: fpu vme de pse tsc msr pae mce cx8 apic sep mtrr pge mca cmov pat pse36 clflush dts acpi mmx fxsr sse sse2 ss ht tm pbe syscall nx rdtscp lm constant_tsc arch_perfmon pebs bts rep_good nopl xtopology nonstop_tsc aperfmperf eagerfpu pni pclmulqdq dtes64 monitor ds_cpl vmx est tm2 ssse3 cx16 xtpr pdcm pcid sse4_1 sse4_2 x2apic popcnt tsc_deadline_timer aes xsave avx lahf_lm ida arat epb pln pts dtherm tpr_shadow vnmi flexpriority ept vpid xsaveopt
bugs		:
bogomips	: 4988.64
clflush size	: 64
cache_alignment	: 64
address sizes	: 36 bits physical, 48 bits virtual
power management:

processor	: 1
vendor_id	: GenuineIntel
cpu family	: 6
model		: 42
model name	: Intel(R) Core(TM) i5-2450M CPU @ 2.50GHz
stepping	: 7
microcode	: 0x25
cpu MHz		: 1304.394
cache size	: 3072 KB
physical id	: 0
siblings	: 4
core id		: 0
cpu cores	: 2
apicid		: 1
initial apicid	: 1
fpu		: yes
fpu_exception	: yes
cpuid level	: 13
wp		: yes
flags		: fpu vme de pse tsc msr pae mce cx8 apic sep mtrr pge mca cmov pat pse36 clflush dts acpi mmx fxsr sse sse2 ss ht tm pbe syscall nx rdtscp lm constant_tsc arch_perfmon pebs bts rep_good nopl xtopology nonstop_tsc aperfmperf eagerfpu pni pclmulqdq dtes64 monitor ds_cpl vmx est tm2 ssse3 cx16 xtpr pdcm pcid sse4_1 sse4_2 x2apic popcnt tsc_deadline_timer aes xsave avx lahf_lm ida arat epb pln pts dtherm tpr_shadow vnmi flexpriority ept vpid xsaveopt
bugs		:
bogomips	: 4988.64
clflush size	: 64
cache_alignment	: 64
address sizes	: 36 bits physical, 48 bits virtual
power management:

processor	: 2
vendor_id	: GenuineIntel
cpu family	: 6
model		: 42
model name	: Intel(R) Core(TM) i5-2450M CPU @ 2.50GHz
stepping	: 7
microcode	: 0x25
cpu MHz		: 1315.234
cache size	: 3072 KB
physical id	: 0
siblings	: 4
core id		: 1
cpu cores	: 2
apicid		: 2
initial apicid	: 2
fpu		: yes
fpu_exception	: yes
cpuid level	: 13
wp		: yes
flags		: fpu vme de pse tsc msr pae mce cx8 apic sep mtrr pge mca cmov pat pse36 clflush dts acpi mmx fxsr sse sse2 ss ht tm pbe syscall nx rdtscp lm constant_tsc arch_perfmon pebs bts rep_good nopl xtopology nonstop_tsc aperfmperf eagerfpu pni pclmulqdq dtes64 monitor ds_cpl vmx est tm2 ssse3 cx16 xtpr pdcm pcid sse4_1 sse4_2 x2apic popcnt tsc_deadline_timer aes xsave avx lahf_lm ida arat epb pln pts dtherm tpr_shadow vnmi flexpriority ept vpid xsaveopt
bugs		:
bogomips	: 4988.64
clflush size	: 64
cache_alignment	: 64
address sizes	: 36 bits physical, 48 bits virtual
power management:

processor	: 3
vendor_id	: GenuineIntel
cpu family	: 6
model		: 42
model name	: Intel(R) Core(TM) i5-2450M CPU @ 2.50GHz
stepping	: 7
microcode	: 0x25
cpu MHz		: 1130.273
cache size	: 3072 KB
physical id	: 0
siblings	: 4
core id		: 1
cpu cores	: 2
apicid		: 3
initial apicid	: 3
fpu		: yes
fpu_exception	: yes
cpuid level	: 13
wp		: yes
flags		: fpu vme de pse tsc msr pae mce cx8 apic sep mtrr pge mca cmov pat pse36 clflush dts acpi mmx fxsr sse sse2 ss ht tm pbe syscall nx rdtscp lm constant_tsc arch_perfmon pebs bts rep_good nopl xtopology nonstop_tsc aperfmperf eagerfpu pni pclmulqdq dtes64 monitor ds_cpl vmx est tm2 ssse3 cx16 xtpr pdcm pcid sse4_1 sse4_2 x2apic popcnt tsc_deadline_timer aes xsave avx lahf_lm ida arat epb pln pts dtherm tpr_shadow vnmi flexpriority ept vpid xsaveopt
bugs		:
bogomips	: 4988.64
clflush size	: 64
cache_alignment	: 64
address sizes	: 36 bits physical, 48 bits virtual
power management:



Memory: 4k page, physical 5961336k(100820k free), swap 0k(0k free)

vm_info: Java HotSpot(TM) 64-Bit Server VM (25.66-b17) for linux-amd64 JRE (1.8.0_66-b17), built on Oct  6 2015 17:28:34 by "java_re" with gcc 4.3.0 20080428 (Red Hat 4.3.0-8)

time: Tue Nov 24 21:57:45 2015
elapsed time: 34 seconds (0d 0h 0m 34s)

