#
# There is insufficient memory for the Java Runtime Environment to continue.
# Native memory allocation (mmap) failed to map 249036800 bytes for committing reserved memory.
# Possible reasons:
#   The system is out of physical RAM or swap space
#   In 32 bit mode, the process size limit was hit
# Possible solutions:
#   Reduce memory load on the system
#   Increase physical memory or swap space
#   Check if swap backing store is full
#   Use 64 bit Java on a 64 bit OS
#   Decrease Java heap size (-Xmx/-Xms)
#   Decrease number of Java threads
#   Decrease Java thread stack sizes (-Xss)
#   Set larger code cache with -XX:ReservedCodeCacheSize=
# This output file may be truncated or incomplete.
#
#  Out of Memory Error (os_linux.cpp:2627), pid=25188, tid=139772592895744
#
# JRE version: Java(TM) SE Runtime Environment (8.0_66-b17) (build 1.8.0_66-b17)
# Java VM: Java HotSpot(TM) 64-Bit Server VM (25.66-b17 mixed mode linux-amd64 compressed oops)
# Failed to write core dump. Core dumps have been disabled. To enable core dumping, try "ulimit -c unlimited" before starting Java again
#

---------------  T H R E A D  ---------------

Current thread (0x00007f1f74078000):  VMThread [stack: 0x00007f1f57afb000,0x00007f1f57bfc000] [id=25198]

Stack: [0x00007f1f57afb000,0x00007f1f57bfc000],  sp=0x00007f1f57bfa360,  free space=1020k
Native frames: (J=compiled Java code, j=interpreted, Vv=VM code, C=native code)
V  [libjvm.so+0xab9a1a]  VMError::report_and_die()+0x2ba
V  [libjvm.so+0x4f9e0b]  report_vm_out_of_memory(char const*, int, unsigned long, VMErrorType, char const*)+0x8b
V  [libjvm.so+0x91a8a3]  os::Linux::commit_memory_impl(char*, unsigned long, bool)+0x103
V  [libjvm.so+0x91adf9]  os::pd_commit_memory(char*, unsigned long, unsigned long, bool)+0x29
V  [libjvm.so+0x91510a]  os::commit_memory(char*, unsigned long, unsigned long, bool)+0x2a
V  [libjvm.so+0x9887a3]  PSVirtualSpace::expand_by(unsigned long)+0x53
V  [libjvm.so+0x979090]  PSOldGen::expand(unsigned long)+0x170
V  [libjvm.so+0x97929b]  PSOldGen::resize(unsigned long)+0x1cb
V  [libjvm.so+0x980f71]  PSParallelCompact::invoke_no_policy(bool)+0x991
V  [libjvm.so+0x9868cd]  PSScavenge::invoke()+0x1ad
V  [libjvm.so+0x93e500]  ParallelScavengeHeap::failed_mem_allocate(unsigned long)+0x70
V  [libjvm.so+0xabb437]  VM_ParallelGCFailedAllocation::doit()+0x97
V  [libjvm.so+0xac2e65]  VM_Operation::evaluate()+0x55
V  [libjvm.so+0xac123a]  VMThread::evaluate_operation(VM_Operation*)+0xba
V  [libjvm.so+0xac15be]  VMThread::loop()+0x1ce
V  [libjvm.so+0xac1a30]  VMThread::run()+0x70
V  [libjvm.so+0x91cc68]  java_start(Thread*)+0x108

VM_Operation (0x00007f1f56a11bf0): ParallelGCFailedAllocation, mode: safepoint, requested by thread 0x00007f1f741ac000


---------------  P R O C E S S  ---------------

Java Threads: ( => current thread )
  0x00007f1f74155000 JavaThread "pool-1-thread-1" [_thread_blocked, id=25641, stack(0x00007f1f5640e000,0x00007f1f5650f000)]
  0x00007f1f741b3000 JavaThread "pool-2-thread-4" [_thread_blocked, id=25212, stack(0x00007f1f5650f000,0x00007f1f56610000)]
  0x00007f1f741b1800 JavaThread "pool-2-thread-3" [_thread_blocked, id=25211, stack(0x00007f1f56610000,0x00007f1f56711000)]
  0x00007f1f741af800 JavaThread "pool-2-thread-2" [_thread_blocked, id=25210, stack(0x00007f1f56711000,0x00007f1f56812000)]
  0x00007f1f741ae800 JavaThread "pool-3-thread-1" [_thread_blocked, id=25209, stack(0x00007f1f56812000,0x00007f1f56913000)]
  0x00007f1f741ac000 JavaThread "pool-2-thread-1" [_thread_blocked, id=25208, stack(0x00007f1f56913000,0x00007f1f56a14000)]
  0x00007f1f740c2800 JavaThread "Service Thread" daemon [_thread_blocked, id=25205, stack(0x00007f1f56be1000,0x00007f1f56ce2000)]
  0x00007f1f740bd800 JavaThread "C1 CompilerThread2" daemon [_thread_blocked, id=25204, stack(0x00007f1f56ce2000,0x00007f1f56de3000)]
  0x00007f1f740bb800 JavaThread "C2 CompilerThread1" daemon [_thread_blocked, id=25203, stack(0x00007f1f56de3000,0x00007f1f56ee4000)]
  0x00007f1f740b8800 JavaThread "C2 CompilerThread0" daemon [_thread_blocked, id=25202, stack(0x00007f1f56ee4000,0x00007f1f56fe5000)]
  0x00007f1f740b7800 JavaThread "Signal Dispatcher" daemon [_thread_blocked, id=25201, stack(0x00007f1f56fe5000,0x00007f1f570e6000)]
  0x00007f1f7407f000 JavaThread "Finalizer" daemon [_thread_blocked, id=25200, stack(0x00007f1f578f9000,0x00007f1f579fa000)]
  0x00007f1f7407d000 JavaThread "Reference Handler" daemon [_thread_blocked, id=25199, stack(0x00007f1f579fa000,0x00007f1f57afb000)]
  0x00007f1f7400a000 JavaThread "main" [_thread_blocked, id=25190, stack(0x00007f1f7c7b1000,0x00007f1f7c8b2000)]

Other Threads:
=>0x00007f1f74078000 VMThread [stack: 0x00007f1f57afb000,0x00007f1f57bfc000] [id=25198]
  0x00007f1f740c5800 WatcherThread [stack: 0x00007f1f56ae0000,0x00007f1f56be1000] [id=25206]

VM state:at safepoint (normal execution)

VM Mutex/Monitor currently owned by a thread:  ([mutex/lock_event])
[0x00007f1f74005ef0] ExpandHeap_lock - owner thread: 0x00007f1f74078000
[0x00007f1f74006570] Threads_lock - owner thread: 0x00007f1f74078000
[0x00007f1f74006a70] Heap_lock - owner thread: 0x00007f1f741ac000

Heap:
 PSYoungGen      total 465920K, used 0K [0x00000000d5580000, 0x0000000100000000, 0x0000000100000000)
  eden space 232960K, 0% used [0x00000000d5580000,0x00000000d5580000,0x00000000e3900000)
  from space 232960K, 0% used [0x00000000e3900000,0x00000000e3900000,0x00000000f1c80000)
  to   space 232960K, 0% used [0x00000000f1c80000,0x00000000f1c80000,0x0000000100000000)
 ParOldGen       total 837120K, used 786522K [0x0000000080000000, 0x00000000b3180000, 0x00000000d5580000)
  object space 837120K, 93% used [0x0000000080000000,0x00000000b0016840,0x00000000b3180000)
 Metaspace       used 6713K, capacity 7384K, committed 7680K, reserved 1056768K
  class space    used 622K, capacity 656K, committed 768K, reserved 1048576K

Card table byte_map: [0x00007f1f7917d000,0x00007f1f7957e000] byte_map_base: 0x00007f1f78d7d000

Marking Bits: (ParMarkBitMap*) 0x00007f1f7bc8d020
 Begin Bits: [0x00007f1f5c000000, 0x00007f1f5e000000)
 End Bits:   [0x00007f1f5e000000, 0x00007f1f60000000)

Polling page: 0x00007f1f7c8d4000

CodeCache: size=245760Kb used=12582Kb max_used=13798Kb free=233177Kb
 bounds [0x00007f1f65000000, 0x00007f1f65da0000, 0x00007f1f74000000]
 total_blobs=2698 nmethods=2429 adapters=182
 compilation: enabled

Compilation events (10 events):
Event: 48,212 Thread 0x00007f1f740bd800 3137       2       com.android.dx.dex.file.AnnotationSetRefItem::addContents (21 bytes)
Event: 48,212 Thread 0x00007f1f740bd800 nmethod 3137 0x00007f1f656a3dd0 code [0x00007f1f656a3f40, 0x00007f1f656a4128]
Event: 48,214 Thread 0x00007f1f740b8800 nmethod 3118 0x00007f1f653d8750 code [0x00007f1f653d8a60, 0x00007f1f653da5c0]
Event: 48,214 Thread 0x00007f1f740b8800 3122       4       com.android.dx.dex.file.CodeItem::addContents (174 bytes)
Event: 48,215 Thread 0x00007f1f740bd800 3138       2       com.android.dx.dex.file.UniformListItem::addContents (38 bytes)
Event: 48,215 Thread 0x00007f1f740bd800 nmethod 3138 0x00007f1f65245810 code [0x00007f1f652459c0, 0x00007f1f65245c58]
Event: 48,215 Thread 0x00007f1f740bd800 3139 %     3       com.android.dx.dex.file.MixedItemSection::prepare0 @ 23 (57 bytes)
Event: 48,216 Thread 0x00007f1f740bd800 nmethod 3139% 0x00007f1f652e2190 code [0x00007f1f652e2380, 0x00007f1f652e2c08]
Event: 48,218 Thread 0x00007f1f740bd800 3140       1       com.android.dx.dex.file.AnnotationItem::itemType (4 bytes)
Event: 48,218 Thread 0x00007f1f740bd800 nmethod 3140 0x00007f1f6534b450 code [0x00007f1f6534b5a0, 0x00007f1f6534b6b0]

GC Heap History (10 events):
Event: 44,338 GC heap after
Heap after GC invocations=24 (full 5):
 PSYoungGen      total 465920K, used 85675K [0x00000000d5580000, 0x0000000100000000, 0x0000000100000000)
  eden space 232960K, 0% used [0x00000000d5580000,0x00000000d5580000,0x00000000e3900000)
  from space 232960K, 36% used [0x00000000e3900000,0x00000000e8caad28,0x00000000f1c80000)
  to   space 232960K, 0% used [0x00000000f1c80000,0x00000000f1c80000,0x0000000100000000)
 ParOldGen       total 837120K, used 580843K [0x0000000080000000, 0x00000000b3180000, 0x00000000d5580000)
  object space 837120K, 69% used [0x0000000080000000,0x00000000a373ade0,0x00000000b3180000)
 Metaspace       used 6599K, capacity 7320K, committed 7680K, reserved 1056768K
  class space    used 617K, capacity 656K, committed 768K, reserved 1048576K
}
Event: 45,254 GC heap before
{Heap before GC invocations=25 (full 5):
 PSYoungGen      total 465920K, used 318635K [0x00000000d5580000, 0x0000000100000000, 0x0000000100000000)
  eden space 232960K, 100% used [0x00000000d5580000,0x00000000e3900000,0x00000000e3900000)
  from space 232960K, 36% used [0x00000000e3900000,0x00000000e8caad28,0x00000000f1c80000)
  to   space 232960K, 0% used [0x00000000f1c80000,0x00000000f1c80000,0x0000000100000000)
 ParOldGen       total 837120K, used 580843K [0x0000000080000000, 0x00000000b3180000, 0x00000000d5580000)
  object space 837120K, 69% used [0x0000000080000000,0x00000000a373ade0,0x00000000b3180000)
 Metaspace       used 6704K, capacity 7384K, committed 7680K, reserved 1056768K
  class space    used 622K, capacity 656K, committed 768K, reserved 1048576K
Event: 45,647 GC heap after
Heap after GC invocations=25 (full 5):
 PSYoungGen      total 465920K, used 70391K [0x00000000d5580000, 0x0000000100000000, 0x0000000100000000)
  eden space 232960K, 0% used [0x00000000d5580000,0x00000000d5580000,0x00000000e3900000)
  from space 232960K, 30% used [0x00000000f1c80000,0x00000000f613dd08,0x0000000100000000)
  to   space 232960K, 0% used [0x00000000e3900000,0x00000000e3900000,0x00000000f1c80000)
 ParOldGen       total 837120K, used 630336K [0x0000000080000000, 0x00000000b3180000, 0x00000000d5580000)
  object space 837120K, 75% used [0x0000000080000000,0x00000000a67902c0,0x00000000b3180000)
 Metaspace       used 6704K, capacity 7384K, committed 7680K, reserved 1056768K
  class space    used 622K, capacity 656K, committed 768K, reserved 1048576K
}
Event: 46,397 GC heap before
{Heap before GC invocations=26 (full 5):
 PSYoungGen      total 465920K, used 303351K [0x00000000d5580000, 0x0000000100000000, 0x0000000100000000)
  eden space 232960K, 100% used [0x00000000d5580000,0x00000000e3900000,0x00000000e3900000)
  from space 232960K, 30% used [0x00000000f1c80000,0x00000000f613dd08,0x0000000100000000)
  to   space 232960K, 0% used [0x00000000e3900000,0x00000000e3900000,0x00000000f1c80000)
 ParOldGen       total 837120K, used 630336K [0x0000000080000000, 0x00000000b3180000, 0x00000000d5580000)
  object space 837120K, 75% used [0x0000000080000000,0x00000000a67902c0,0x00000000b3180000)
 Metaspace       used 6707K, capacity 7384K, committed 7680K, reserved 1056768K
  class space    used 622K, capacity 656K, committed 768K, reserved 1048576K
Event: 46,584 GC heap after
Heap after GC invocations=26 (full 5):
 PSYoungGen      total 465920K, used 33948K [0x00000000d5580000, 0x0000000100000000, 0x0000000100000000)
  eden space 232960K, 0% used [0x00000000d5580000,0x00000000d5580000,0x00000000e3900000)
  from space 232960K, 14% used [0x00000000e3900000,0x00000000e5a27070,0x00000000f1c80000)
  to   space 232960K, 0% used [0x00000000f1c80000,0x00000000f1c80000,0x0000000100000000)
 ParOldGen       total 837120K, used 697266K [0x0000000080000000, 0x00000000b3180000, 0x00000000d5580000)
  object space 837120K, 83% used [0x0000000080000000,0x00000000aa8eca30,0x00000000b3180000)
 Metaspace       used 6707K, capacity 7384K, committed 7680K, reserved 1056768K
  class space    used 622K, capacity 656K, committed 768K, reserved 1048576K
}
Event: 47,380 GC heap before
{Heap before GC invocations=27 (full 5):
 PSYoungGen      total 465920K, used 266908K [0x00000000d5580000, 0x0000000100000000, 0x0000000100000000)
  eden space 232960K, 100% used [0x00000000d5580000,0x00000000e3900000,0x00000000e3900000)
  from space 232960K, 14% used [0x00000000e3900000,0x00000000e5a27070,0x00000000f1c80000)
  to   space 232960K, 0% used [0x00000000f1c80000,0x00000000f1c80000,0x0000000100000000)
 ParOldGen       total 837120K, used 697266K [0x0000000080000000, 0x00000000b3180000, 0x00000000d5580000)
  object space 837120K, 83% used [0x0000000080000000,0x00000000aa8eca30,0x00000000b3180000)
 Metaspace       used 6709K, capacity 7384K, committed 7680K, reserved 1056768K
  class space    used 622K, capacity 656K, committed 768K, reserved 1048576K
Event: 47,537 GC heap after
Heap after GC invocations=27 (full 5):
 PSYoungGen      total 465920K, used 34648K [0x00000000d5580000, 0x0000000100000000, 0x0000000100000000)
  eden space 232960K, 0% used [0x00000000d5580000,0x00000000d5580000,0x00000000e3900000)
  from space 232960K, 14% used [0x00000000f1c80000,0x00000000f3e56270,0x0000000100000000)
  to   space 232960K, 0% used [0x00000000e3900000,0x00000000e3900000,0x00000000f1c80000)
 ParOldGen       total 837120K, used 729887K [0x0000000080000000, 0x00000000b3180000, 0x00000000d5580000)
  object space 837120K, 87% used [0x0000000080000000,0x00000000ac8c7f08,0x00000000b3180000)
 Metaspace       used 6709K, capacity 7384K, committed 7680K, reserved 1056768K
  class space    used 622K, capacity 656K, committed 768K, reserved 1048576K
}
Event: 48,225 GC heap before
{Heap before GC invocations=28 (full 5):
 PSYoungGen      total 465920K, used 267608K [0x00000000d5580000, 0x0000000100000000, 0x0000000100000000)
  eden space 232960K, 100% used [0x00000000d5580000,0x00000000e3900000,0x00000000e3900000)
  from space 232960K, 14% used [0x00000000f1c80000,0x00000000f3e56270,0x0000000100000000)
  to   space 232960K, 0% used [0x00000000e3900000,0x00000000e3900000,0x00000000f1c80000)
 ParOldGen       total 837120K, used 729887K [0x0000000080000000, 0x00000000b3180000, 0x00000000d5580000)
  object space 837120K, 87% used [0x0000000080000000,0x00000000ac8c7f08,0x00000000b3180000)
 Metaspace       used 6713K, capacity 7384K, committed 7680K, reserved 1056768K
  class space    used 622K, capacity 656K, committed 768K, reserved 1048576K
Event: 48,345 GC heap after
Heap after GC invocations=28 (full 5):
 PSYoungGen      total 465920K, used 38046K [0x00000000d5580000, 0x0000000100000000, 0x0000000100000000)
  eden space 232960K, 0% used [0x00000000d5580000,0x00000000d5580000,0x00000000e3900000)
  from space 232960K, 16% used [0x00000000e3900000,0x00000000e5e27ba0,0x00000000f1c80000)
  to   space 232960K, 0% used [0x00000000f1c80000,0x00000000f1c80000,0x0000000100000000)
 ParOldGen       total 837120K, used 763064K [0x0000000080000000, 0x00000000b3180000, 0x00000000d5580000)
  object space 837120K, 91% used [0x0000000080000000,0x00000000ae92e088,0x00000000b3180000)
 Metaspace       used 6713K, capacity 7384K, committed 7680K, reserved 1056768K
  class space    used 622K, capacity 656K, committed 768K, reserved 1048576K
}
Event: 48,345 GC heap before
{Heap before GC invocations=29 (full 6):
 PSYoungGen      total 465920K, used 38046K [0x00000000d5580000, 0x0000000100000000, 0x0000000100000000)
  eden space 232960K, 0% used [0x00000000d5580000,0x00000000d5580000,0x00000000e3900000)
  from space 232960K, 16% used [0x00000000e3900000,0x00000000e5e27ba0,0x00000000f1c80000)
  to   space 232960K, 0% used [0x00000000f1c80000,0x00000000f1c80000,0x0000000100000000)
 ParOldGen       total 837120K, used 763064K [0x0000000080000000, 0x00000000b3180000, 0x00000000d5580000)
  object space 837120K, 91% used [0x0000000080000000,0x00000000ae92e088,0x00000000b3180000)
 Metaspace       used 6713K, capacity 7384K, committed 7680K, reserved 1056768K
  class space    used 622K, capacity 656K, committed 768K, reserved 1048576K

Deoptimization events (10 events):
Event: 46,680 Thread 0x00007f1f7400a000 Uncommon trap: reason=unstable_if action=reinterpret pc=0x00007f1f65cd8438 method=com.android.dx.ssa.SsaMethod.getExitBlock()Lcom/android/dx/ssa/SsaBasicBlock; @ 4
Event: 46,681 Thread 0x00007f1f7400a000 Uncommon trap: reason=unstable_if action=reinterpret pc=0x00007f1f65cecd20 method=com.android.dx.ssa.SsaMethod.getExitBlock()Lcom/android/dx/ssa/SsaBasicBlock; @ 4
Event: 46,681 Thread 0x00007f1f7400a000 Uncommon trap: reason=unstable_if action=reinterpret pc=0x00007f1f65d89c64 method=com.android.dx.ssa.SsaMethod.getExitBlock()Lcom/android/dx/ssa/SsaBasicBlock; @ 4
Event: 46,770 Thread 0x00007f1f7400a000 Uncommon trap: reason=bimorphic action=maybe_recompile pc=0x00007f1f652322cc method=com.android.dx.cf.code.BytecodeArray.parseInstruction(ILcom/android/dx/cf/code/BytecodeArray$Visitor;)I @ 1612
Event: 46,770 Thread 0x00007f1f7400a000 Uncommon trap: reason=bimorphic action=maybe_recompile pc=0x00007f1f652322cc method=com.android.dx.cf.code.BytecodeArray.parseInstruction(ILcom/android/dx/cf/code/BytecodeArray$Visitor;)I @ 1612
Event: 46,799 Thread 0x00007f1f74155000 Uncommon trap: reason=unstable_if action=reinterpret pc=0x00007f1f6571af18 method=com.android.dx.dex.code.OutputFinisher.addConstants(Ljava/util/HashSet;Lcom/android/dx/rop/code/RegisterSpec;)V @ 57
Event: 46,806 Thread 0x00007f1f741b1800 Uncommon trap: reason=bimorphic action=maybe_recompile pc=0x00007f1f65d196f8 method=com.android.dx.ssa.back.FirstFitLocalCombiningAllocator.findNextUnreservedRopReg(IILcom/android/dx/ssa/back/FirstFitLocalCombiningAllocator$Alignment;)I @ 60
Event: 47,649 Thread 0x00007f1f7400a000 Uncommon trap: reason=bimorphic action=maybe_recompile pc=0x00007f1f65951eb4 method=com.android.dx.cf.code.BytecodeArray.parseInstruction(ILcom/android/dx/cf/code/BytecodeArray$Visitor;)I @ 1525
Event: 47,860 Thread 0x00007f1f74155000 Uncommon trap: reason=unstable_if action=reinterpret pc=0x00007f1f6530c518 method=com.android.dx.dex.code.OutputFinisher.addConstants(Ljava/util/HashSet;Lcom/android/dx/rop/code/RegisterSpec;)V @ 32
Event: 48,127 Thread 0x00007f1f74155000 Uncommon trap: reason=null_check action=make_not_entrant pc=0x00007f1f6557f7a4 method=com.android.dx.dex.file.StringIdsSection.intern(Lcom/android/dx/dex/file/StringIdItem;)Lcom/android/dx/dex/file/StringIdItem; @ 31

Internal exceptions (10 events):
Event: 2,022 Thread 0x00007f1f741b1800 Implicit null exception at 0x00007f1f6552f7eb to 0x00007f1f6553008d
Event: 2,271 Thread 0x00007f1f7400a000 Exception <a 'java/lang/ArrayIndexOutOfBoundsException': 18> (0x00000000d6766ec0) thrown at [/HUDSON/workspace/8-2-build-linux-amd64/jdk8u66/4988/hotspot/src/share/vm/interpreter/interpreterRuntime.cpp, line 366]
Event: 2,272 Thread 0x00007f1f7400a000 Exception <a 'java/lang/ArrayIndexOutOfBoundsException': 145> (0x00000000d6768a40) thrown at [/HUDSON/workspace/8-2-build-linux-amd64/jdk8u66/4988/hotspot/src/share/vm/interpreter/interpreterRuntime.cpp, line 366]
Event: 2,273 Thread 0x00007f1f7400a000 Exception <a 'java/lang/ArrayIndexOutOfBoundsException': 40> (0x00000000d6769d28) thrown at [/HUDSON/workspace/8-2-build-linux-amd64/jdk8u66/4988/hotspot/src/share/vm/interpreter/interpreterRuntime.cpp, line 366]
Event: 5,727 Thread 0x00007f1f741ac000 Implicit null exception at 0x00007f1f65790db5 to 0x00007f1f6579109d
Event: 5,727 Thread 0x00007f1f741ac000 Implicit null exception at 0x00007f1f65443d78 to 0x00007f1f65443ff9
Event: 16,779 Thread 0x00007f1f741b1800 Implicit null exception at 0x00007f1f6585b16e to 0x00007f1f6585eb99
Event: 19,053 Thread 0x00007f1f741b1800 Implicit null exception at 0x00007f1f658c3090 to 0x00007f1f658c65c1
Event: 39,545 Thread 0x00007f1f7400a000 Implicit null exception at 0x00007f1f653cde63 to 0x00007f1f653ce1c9
Event: 45,648 Thread 0x00007f1f741af800 Implicit null exception at 0x00007f1f65873828 to 0x00007f1f65874c25

Events (10 events):
Event: 48,136 Thread 0x00007f1f74155000 DEOPT UNPACKING pc=0x00007f1f65047633 sp=0x00007f1f5650cdb8 mode 0
Event: 48,151 Thread 0x00007f1f74155000 DEOPT PACKING pc=0x00007f1f6530a6d8 sp=0x00007f1f5650cff0
Event: 48,151 Thread 0x00007f1f74155000 DEOPT UNPACKING pc=0x00007f1f65047633 sp=0x00007f1f5650cdb8 mode 0
Event: 48,162 Thread 0x00007f1f74155000 DEOPT PACKING pc=0x00007f1f6530a6d8 sp=0x00007f1f5650cff0
Event: 48,162 Thread 0x00007f1f74155000 DEOPT UNPACKING pc=0x00007f1f65047633 sp=0x00007f1f5650cdb8 mode 0
Event: 48,175 Thread 0x00007f1f74155000 DEOPT PACKING pc=0x00007f1f6530a6d8 sp=0x00007f1f5650cff0
Event: 48,175 Thread 0x00007f1f74155000 DEOPT UNPACKING pc=0x00007f1f65047633 sp=0x00007f1f5650cdb8 mode 0
Event: 48,202 Thread 0x00007f1f74155000 DEOPT PACKING pc=0x00007f1f6530a6d8 sp=0x00007f1f5650cff0
Event: 48,202 Thread 0x00007f1f74155000 DEOPT UNPACKING pc=0x00007f1f65047633 sp=0x00007f1f5650cdb8 mode 0
Event: 48,225 Executing VM operation: ParallelGCFailedAllocation


Dynamic libraries:
00400000-00401000 r-xp 00000000 08:01 4591374                            /usr/lib/jvm/java-8-oracle/bin/java
00600000-00601000 rw-p 00000000 08:01 4591374                            /usr/lib/jvm/java-8-oracle/bin/java
01af2000-01b13000 rw-p 00000000 00:00 0                                  [heap]
80000000-b3180000 rw-p 00000000 00:00 0 
c1f00000-d5580000 ---p 00000000 00:00 0 
d5580000-100000000 rw-p 00000000 00:00 0 
100000000-1000c0000 rw-p 00000000 00:00 0 
1000c0000-140000000 ---p 00000000 00:00 0 
7f1f10000000-7f1f10029000 rw-p 00000000 00:00 0 
7f1f10029000-7f1f14000000 ---p 00000000 00:00 0 
7f1f14000000-7f1f14021000 rw-p 00000000 00:00 0 
7f1f14021000-7f1f18000000 ---p 00000000 00:00 0 
7f1f18000000-7f1f18027000 rw-p 00000000 00:00 0 
7f1f18027000-7f1f1c000000 ---p 00000000 00:00 0 
7f1f1c000000-7f1f1c046000 rw-p 00000000 00:00 0 
7f1f1c046000-7f1f20000000 ---p 00000000 00:00 0 
7f1f20000000-7f1f20031000 rw-p 00000000 00:00 0 
7f1f20031000-7f1f24000000 ---p 00000000 00:00 0 
7f1f24000000-7f1f24021000 rw-p 00000000 00:00 0 
7f1f24021000-7f1f28000000 ---p 00000000 00:00 0 
7f1f28000000-7f1f28021000 rw-p 00000000 00:00 0 
7f1f28021000-7f1f2c000000 ---p 00000000 00:00 0 
7f1f2c000000-7f1f2c021000 rw-p 00000000 00:00 0 
7f1f2c021000-7f1f30000000 ---p 00000000 00:00 0 
7f1f30000000-7f1f3189b000 rw-p 00000000 00:00 0 
7f1f3189b000-7f1f34000000 ---p 00000000 00:00 0 
7f1f34000000-7f1f34854000 rw-p 00000000 00:00 0 
7f1f34854000-7f1f38000000 ---p 00000000 00:00 0 
7f1f38000000-7f1f38021000 rw-p 00000000 00:00 0 
7f1f38021000-7f1f3c000000 ---p 00000000 00:00 0 
7f1f3c000000-7f1f3dd91000 rw-p 00000000 00:00 0 
7f1f3dd91000-7f1f40000000 ---p 00000000 00:00 0 
7f1f40000000-7f1f40021000 rw-p 00000000 00:00 0 
7f1f40021000-7f1f44000000 ---p 00000000 00:00 0 
7f1f44000000-7f1f44021000 rw-p 00000000 00:00 0 
7f1f44021000-7f1f48000000 ---p 00000000 00:00 0 
7f1f48000000-7f1f48021000 rw-p 00000000 00:00 0 
7f1f48021000-7f1f4c000000 ---p 00000000 00:00 0 
7f1f4c000000-7f1f4c28f000 rw-p 00000000 00:00 0 
7f1f4c28f000-7f1f50000000 ---p 00000000 00:00 0 
7f1f50000000-7f1f50021000 rw-p 00000000 00:00 0 
7f1f50021000-7f1f54000000 ---p 00000000 00:00 0 
7f1f5640e000-7f1f56411000 ---p 00000000 00:00 0 
7f1f56411000-7f1f5650f000 rw-p 00000000 00:00 0                          [stack:25641]
7f1f5650f000-7f1f56512000 ---p 00000000 00:00 0 
7f1f56512000-7f1f56610000 rw-p 00000000 00:00 0                          [stack:25212]
7f1f56610000-7f1f56613000 ---p 00000000 00:00 0 
7f1f56613000-7f1f56711000 rw-p 00000000 00:00 0                          [stack:25211]
7f1f56711000-7f1f56714000 ---p 00000000 00:00 0 
7f1f56714000-7f1f56812000 rw-p 00000000 00:00 0                          [stack:25210]
7f1f56812000-7f1f56815000 ---p 00000000 00:00 0 
7f1f56815000-7f1f56913000 rw-p 00000000 00:00 0                          [stack:25209]
7f1f56913000-7f1f56916000 ---p 00000000 00:00 0 
7f1f56916000-7f1f56a14000 rw-p 00000000 00:00 0                          [stack:25208]
7f1f56a14000-7f1f56ae0000 r--s 00ac4000 08:01 7347507                    /home/tomasz/AndroidStudioProjects/ITAssistant/app/build/intermediates/transforms/jarMerging/debug/jars/1/1f/combined.jar
7f1f56ae0000-7f1f56ae1000 ---p 00000000 00:00 0 
7f1f56ae1000-7f1f56be1000 rw-p 00000000 00:00 0                          [stack:25206]
7f1f56be1000-7f1f56be4000 ---p 00000000 00:00 0 
7f1f56be4000-7f1f56ce2000 rw-p 00000000 00:00 0                          [stack:25205]
7f1f56ce2000-7f1f56ce5000 ---p 00000000 00:00 0 
7f1f56ce5000-7f1f56de3000 rw-p 00000000 00:00 0                          [stack:25204]
7f1f56de3000-7f1f56de6000 ---p 00000000 00:00 0 
7f1f56de6000-7f1f56ee4000 rw-p 00000000 00:00 0                          [stack:25203]
7f1f56ee4000-7f1f56ee7000 ---p 00000000 00:00 0 
7f1f56ee7000-7f1f56fe5000 rw-p 00000000 00:00 0                          [stack:25202]
7f1f56fe5000-7f1f56fe8000 ---p 00000000 00:00 0 
7f1f56fe8000-7f1f570e6000 rw-p 00000000 00:00 0                          [stack:25201]
7f1f570e6000-7f1f578f9000 r--p 00000000 08:01 1579663                    /usr/lib/locale/locale-archive
7f1f578f9000-7f1f578fc000 ---p 00000000 00:00 0 
7f1f578fc000-7f1f579fa000 rw-p 00000000 00:00 0                          [stack:25200]
7f1f579fa000-7f1f579fd000 ---p 00000000 00:00 0 
7f1f579fd000-7f1f57afb000 rw-p 00000000 00:00 0                          [stack:25199]
7f1f57afb000-7f1f57afc000 ---p 00000000 00:00 0 
7f1f57afc000-7f1f58000000 rw-p 00000000 00:00 0                          [stack:25198]
7f1f58000000-7f1f58021000 rw-p 00000000 00:00 0 
7f1f58021000-7f1f5c000000 ---p 00000000 00:00 0 
7f1f5c000000-7f1f60000000 rw-p 00000000 00:00 0 
7f1f60000000-7f1f60021000 rw-p 00000000 00:00 0 
7f1f60021000-7f1f64000000 ---p 00000000 00:00 0 
7f1f64071000-7f1f64096000 r--p 00000000 08:01 2361987                    /usr/share/locale-langpack/pl/LC_MESSAGES/libc.mo
7f1f64096000-7f1f64ec0000 rw-p 00000000 00:00 0 
7f1f64ec0000-7f1f65000000 ---p 00000000 00:00 0 
7f1f65000000-7f1f65da0000 rwxp 00000000 00:00 0 
7f1f65da0000-7f1f74000000 ---p 00000000 00:00 0 
7f1f74000000-7f1f743e6000 rw-p 00000000 00:00 0 
7f1f743e6000-7f1f78000000 ---p 00000000 00:00 0 
7f1f7800b000-7f1f7847f000 rw-p 00000000 00:00 0 
7f1f7847f000-7f1f78658000 r--s 03d20000 08:01 4069182                    /usr/lib/jvm/java-8-oracle/jre/lib/rt.jar
7f1f78658000-7f1f78ace000 rw-p 00000000 00:00 0 
7f1f78ace000-7f1f78acf000 ---p 00000000 00:00 0 
7f1f78acf000-7f1f78bcf000 rw-p 00000000 00:00 0                          [stack:25197]
7f1f78bcf000-7f1f78bd0000 ---p 00000000 00:00 0 
7f1f78bd0000-7f1f78cd0000 rw-p 00000000 00:00 0                          [stack:25196]
7f1f78cd0000-7f1f78cd1000 ---p 00000000 00:00 0 
7f1f78cd1000-7f1f78dd1000 rw-p 00000000 00:00 0                          [stack:25195]
7f1f78dd1000-7f1f78dd2000 ---p 00000000 00:00 0 
7f1f78dd2000-7f1f7906b000 rw-p 00000000 00:00 0                          [stack:25194]
7f1f7906b000-7f1f7917d000 ---p 00000000 00:00 0 
7f1f7917d000-7f1f79316000 rw-p 00000000 00:00 0 
7f1f79316000-7f1f79427000 ---p 00000000 00:00 0 
7f1f79427000-7f1f7957d000 rw-p 00000000 00:00 0 
7f1f7957d000-7f1f795b5000 rw-p 00000000 00:00 0 
7f1f795b5000-7f1f7993e000 ---p 00000000 00:00 0 
7f1f7993e000-7f1f79958000 r-xp 00000000 08:01 4069168                    /usr/lib/jvm/java-8-oracle/jre/lib/amd64/libzip.so
7f1f79958000-7f1f79b58000 ---p 0001a000 08:01 4069168                    /usr/lib/jvm/java-8-oracle/jre/lib/amd64/libzip.so
7f1f79b58000-7f1f79b59000 rw-p 0001a000 08:01 4069168                    /usr/lib/jvm/java-8-oracle/jre/lib/amd64/libzip.so
7f1f79b59000-7f1f79b64000 r-xp 00000000 08:01 5771445                    /lib/x86_64-linux-gnu/libnss_files-2.19.so
7f1f79b64000-7f1f79d63000 ---p 0000b000 08:01 5771445                    /lib/x86_64-linux-gnu/libnss_files-2.19.so
7f1f79d63000-7f1f79d64000 r--p 0000a000 08:01 5771445                    /lib/x86_64-linux-gnu/libnss_files-2.19.so
7f1f79d64000-7f1f79d65000 rw-p 0000b000 08:01 5771445                    /lib/x86_64-linux-gnu/libnss_files-2.19.so
7f1f79d65000-7f1f79d70000 r-xp 00000000 08:01 5771455                    /lib/x86_64-linux-gnu/libnss_nis-2.19.so
7f1f79d70000-7f1f79f6f000 ---p 0000b000 08:01 5771455                    /lib/x86_64-linux-gnu/libnss_nis-2.19.so
7f1f79f6f000-7f1f79f70000 r--p 0000a000 08:01 5771455                    /lib/x86_64-linux-gnu/libnss_nis-2.19.so
7f1f79f70000-7f1f79f71000 rw-p 0000b000 08:01 5771455                    /lib/x86_64-linux-gnu/libnss_nis-2.19.so
7f1f79f71000-7f1f79f88000 r-xp 00000000 08:01 5771439                    /lib/x86_64-linux-gnu/libnsl-2.19.so
7f1f79f88000-7f1f7a187000 ---p 00017000 08:01 5771439                    /lib/x86_64-linux-gnu/libnsl-2.19.so
7f1f7a187000-7f1f7a188000 r--p 00016000 08:01 5771439                    /lib/x86_64-linux-gnu/libnsl-2.19.so
7f1f7a188000-7f1f7a189000 rw-p 00017000 08:01 5771439                    /lib/x86_64-linux-gnu/libnsl-2.19.so
7f1f7a189000-7f1f7a18b000 rw-p 00000000 00:00 0 
7f1f7a18b000-7f1f7a194000 r-xp 00000000 08:01 5771441                    /lib/x86_64-linux-gnu/libnss_compat-2.19.so
7f1f7a194000-7f1f7a393000 ---p 00009000 08:01 5771441                    /lib/x86_64-linux-gnu/libnss_compat-2.19.so
7f1f7a393000-7f1f7a394000 r--p 00008000 08:01 5771441                    /lib/x86_64-linux-gnu/libnss_compat-2.19.so
7f1f7a394000-7f1f7a395000 rw-p 00009000 08:01 5771441                    /lib/x86_64-linux-gnu/libnss_compat-2.19.so
7f1f7a395000-7f1f7a3bf000 r-xp 00000000 08:01 4069157                    /usr/lib/jvm/java-8-oracle/jre/lib/amd64/libjava.so
7f1f7a3bf000-7f1f7a5bf000 ---p 0002a000 08:01 4069157                    /usr/lib/jvm/java-8-oracle/jre/lib/amd64/libjava.so
7f1f7a5bf000-7f1f7a5c1000 rw-p 0002a000 08:01 4069157                    /usr/lib/jvm/java-8-oracle/jre/lib/amd64/libjava.so
7f1f7a5c1000-7f1f7a5ce000 r-xp 00000000 08:01 4069118                    /usr/lib/jvm/java-8-oracle/jre/lib/amd64/libverify.so
7f1f7a5ce000-7f1f7a7ce000 ---p 0000d000 08:01 4069118                    /usr/lib/jvm/java-8-oracle/jre/lib/amd64/libverify.so
7f1f7a7ce000-7f1f7a7d0000 rw-p 0000d000 08:01 4069118                    /usr/lib/jvm/java-8-oracle/jre/lib/amd64/libverify.so
7f1f7a7d0000-7f1f7a7d7000 r-xp 00000000 08:01 5771498                    /lib/x86_64-linux-gnu/librt-2.19.so
7f1f7a7d7000-7f1f7a9d6000 ---p 00007000 08:01 5771498                    /lib/x86_64-linux-gnu/librt-2.19.so
7f1f7a9d6000-7f1f7a9d7000 r--p 00006000 08:01 5771498                    /lib/x86_64-linux-gnu/librt-2.19.so
7f1f7a9d7000-7f1f7a9d8000 rw-p 00007000 08:01 5771498                    /lib/x86_64-linux-gnu/librt-2.19.so
7f1f7a9d8000-7f1f7aadd000 r-xp 00000000 08:01 5771420                    /lib/x86_64-linux-gnu/libm-2.19.so
7f1f7aadd000-7f1f7acdc000 ---p 00105000 08:01 5771420                    /lib/x86_64-linux-gnu/libm-2.19.so
7f1f7acdc000-7f1f7acdd000 r--p 00104000 08:01 5771420                    /lib/x86_64-linux-gnu/libm-2.19.so
7f1f7acdd000-7f1f7acde000 rw-p 00105000 08:01 5771420                    /lib/x86_64-linux-gnu/libm-2.19.so
7f1f7acde000-7f1f7b99c000 r-xp 00000000 08:01 4069167                    /usr/lib/jvm/java-8-oracle/jre/lib/amd64/server/libjvm.so
7f1f7b99c000-7f1f7bb9b000 ---p 00cbe000 08:01 4069167                    /usr/lib/jvm/java-8-oracle/jre/lib/amd64/server/libjvm.so
7f1f7bb9b000-7f1f7bc74000 rw-p 00cbd000 08:01 4069167                    /usr/lib/jvm/java-8-oracle/jre/lib/amd64/server/libjvm.so
7f1f7bc74000-7f1f7bcb8000 rw-p 00000000 00:00 0 
7f1f7bcb8000-7f1f7be73000 r-xp 00000000 08:01 5771370                    /lib/x86_64-linux-gnu/libc-2.19.so
7f1f7be73000-7f1f7c072000 ---p 001bb000 08:01 5771370                    /lib/x86_64-linux-gnu/libc-2.19.so
7f1f7c072000-7f1f7c076000 r--p 001ba000 08:01 5771370                    /lib/x86_64-linux-gnu/libc-2.19.so
7f1f7c076000-7f1f7c078000 rw-p 001be000 08:01 5771370                    /lib/x86_64-linux-gnu/libc-2.19.so
7f1f7c078000-7f1f7c07d000 rw-p 00000000 00:00 0 
7f1f7c07d000-7f1f7c080000 r-xp 00000000 08:01 5771387                    /lib/x86_64-linux-gnu/libdl-2.19.so
7f1f7c080000-7f1f7c27f000 ---p 00003000 08:01 5771387                    /lib/x86_64-linux-gnu/libdl-2.19.so
7f1f7c27f000-7f1f7c280000 r--p 00002000 08:01 5771387                    /lib/x86_64-linux-gnu/libdl-2.19.so
7f1f7c280000-7f1f7c281000 rw-p 00003000 08:01 5771387                    /lib/x86_64-linux-gnu/libdl-2.19.so
7f1f7c281000-7f1f7c296000 r-xp 00000000 08:01 4727160                    /usr/lib/jvm/java-8-oracle/lib/amd64/jli/libjli.so
7f1f7c296000-7f1f7c496000 ---p 00015000 08:01 4727160                    /usr/lib/jvm/java-8-oracle/lib/amd64/jli/libjli.so
7f1f7c496000-7f1f7c497000 rw-p 00015000 08:01 4727160                    /usr/lib/jvm/java-8-oracle/lib/amd64/jli/libjli.so
7f1f7c497000-7f1f7c4b0000 r-xp 00000000 08:01 5771490                    /lib/x86_64-linux-gnu/libpthread-2.19.so
7f1f7c4b0000-7f1f7c6af000 ---p 00019000 08:01 5771490                    /lib/x86_64-linux-gnu/libpthread-2.19.so
7f1f7c6af000-7f1f7c6b0000 r--p 00018000 08:01 5771490                    /lib/x86_64-linux-gnu/libpthread-2.19.so
7f1f7c6b0000-7f1f7c6b1000 rw-p 00019000 08:01 5771490                    /lib/x86_64-linux-gnu/libpthread-2.19.so
7f1f7c6b1000-7f1f7c6b5000 rw-p 00000000 00:00 0 
7f1f7c6b5000-7f1f7c6d8000 r-xp 00000000 08:01 5771346                    /lib/x86_64-linux-gnu/ld-2.19.so
7f1f7c6de000-7f1f7c6e5000 r--s 00000000 08:01 1967077                    /usr/lib/x86_64-linux-gnu/gconv/gconv-modules.cache
7f1f7c6e5000-7f1f7c7b1000 rw-p 00000000 00:00 0 
7f1f7c7b1000-7f1f7c7b4000 ---p 00000000 00:00 0 
7f1f7c7b4000-7f1f7c8b6000 rw-p 00000000 00:00 0                          [stack:25190]
7f1f7c8bb000-7f1f7c8bc000 rw-p 00000000 00:00 0 
7f1f7c8bc000-7f1f7c8cb000 r--s 000df000 08:01 10635452                   /home/tomasz/Android/Sdk/build-tools/23.0.2/lib/dx.jar
7f1f7c8cb000-7f1f7c8d3000 rw-s 00000000 08:01 6951948                    /tmp/hsperfdata_tomasz/25188
7f1f7c8d3000-7f1f7c8d4000 rw-p 00000000 00:00 0 
7f1f7c8d4000-7f1f7c8d5000 ---p 00000000 00:00 0 
7f1f7c8d5000-7f1f7c8d7000 rw-p 00000000 00:00 0 
7f1f7c8d7000-7f1f7c8d8000 r--p 00022000 08:01 5771346                    /lib/x86_64-linux-gnu/ld-2.19.so
7f1f7c8d8000-7f1f7c8d9000 rw-p 00023000 08:01 5771346                    /lib/x86_64-linux-gnu/ld-2.19.so
7f1f7c8d9000-7f1f7c8da000 rw-p 00000000 00:00 0 
7ffd216bc000-7ffd216dd000 rw-p 00000000 00:00 0                          [stack]
7ffd21748000-7ffd2174a000 r--p 00000000 00:00 0                          [vvar]
7ffd2174a000-7ffd2174c000 r-xp 00000000 00:00 0                          [vdso]
ffffffffff600000-ffffffffff601000 r-xp 00000000 00:00 0                  [vsyscall]

VM Arguments:
jvm_args: -Djava.awt.headless=true -Xmx2g -Dfile.encoding=UTF-8 -Duser.country=PL -Duser.language=pl -Duser.variant 
java_command: com.android.dx.command.Main --dex --num-threads=4 --multi-dex --main-dex-list /home/tomasz/AndroidStudioProjects/ITAssistant/app/build/intermediates/multi-dex/debug/maindexlist.txt --output /home/tomasz/AndroidStudioProjects/ITAssistant/app/build/intermediates/transforms/dex/debug/folders/1000/1f/main /home/tomasz/AndroidStudioProjects/ITAssistant/app/build/intermediates/transforms/jarMerging/debug/jars/1/1f/combined.jar
java_class_path (initial): /home/tomasz/Android/Sdk/build-tools/23.0.2/lib/dx.jar
Launcher Type: SUN_STANDARD

Environment Variables:
PATH=/usr/local/sbin:/usr/local/bin:/usr/sbin:/usr/bin:/sbin:/bin:/usr/games:/usr/local/games
LD_LIBRARY_PATH=.:
SHELL=/bin/bash
DISPLAY=:0

Signal Handlers:
SIGSEGV: [libjvm.so+0xaba2a0], sa_mask[0]=11111111011111111101111111111110, sa_flags=SA_RESTART|SA_SIGINFO
SIGBUS: [libjvm.so+0xaba2a0], sa_mask[0]=11111111011111111101111111111110, sa_flags=SA_RESTART|SA_SIGINFO
SIGFPE: [libjvm.so+0x917710], sa_mask[0]=11111111011111111101111111111110, sa_flags=SA_RESTART|SA_SIGINFO
SIGPIPE: [libjvm.so+0x917710], sa_mask[0]=11111111011111111101111111111110, sa_flags=SA_RESTART|SA_SIGINFO
SIGXFSZ: [libjvm.so+0x917710], sa_mask[0]=11111111011111111101111111111110, sa_flags=SA_RESTART|SA_SIGINFO
SIGILL: [libjvm.so+0x917710], sa_mask[0]=11111111011111111101111111111110, sa_flags=SA_RESTART|SA_SIGINFO
SIGUSR1: SIG_DFL, sa_mask[0]=00000000000000000000000000000000, sa_flags=none
SIGUSR2: [libjvm.so+0x918d40], sa_mask[0]=00100000000000000000000000000000, sa_flags=SA_RESTART|SA_SIGINFO
SIGHUP: [libjvm.so+0x91a140], sa_mask[0]=11111111011111111101111111111110, sa_flags=SA_RESTART|SA_SIGINFO
SIGINT: [libjvm.so+0x91a140], sa_mask[0]=11111111011111111101111111111110, sa_flags=SA_RESTART|SA_SIGINFO
SIGTERM: [libjvm.so+0x91a140], sa_mask[0]=11111111011111111101111111111110, sa_flags=SA_RESTART|SA_SIGINFO
SIGQUIT: [libjvm.so+0x91a140], sa_mask[0]=11111111011111111101111111111110, sa_flags=SA_RESTART|SA_SIGINFO


---------------  S Y S T E M  ---------------

OS:DISTRIB_ID=Ubuntu
DISTRIB_RELEASE=14.04
DISTRIB_CODENAME=trusty
DISTRIB_DESCRIPTION="Ubuntu 14.04.3 LTS"

uname:Linux 3.19.0-42-generic #48~14.04.1-Ubuntu SMP Fri Dec 18 10:24:49 UTC 2015 x86_64
libc:glibc 2.19 NPTL 2.19 
rlimit: STACK 8192k, CORE 0k, NPROC 23202, NOFILE 4096, AS infinity
load average:5,83 3,04 1,70

/proc/meminfo:
MemTotal:        5961332 kB
MemFree:          183928 kB
MemAvailable:     186700 kB
Buffers:            3016 kB
Cached:           524960 kB
SwapCached:            0 kB
Active:          5078828 kB
Inactive:         458440 kB
Active(anon):    5023644 kB
Inactive(anon):   395476 kB
Active(file):      55184 kB
Inactive(file):    62964 kB
Unevictable:        6244 kB
Mlocked:            6244 kB
SwapTotal:             0 kB
SwapFree:              0 kB
Dirty:              1196 kB
Writeback:             0 kB
AnonPages:       5015640 kB
Mapped:           162408 kB
Shmem:            409728 kB
Slab:              98988 kB
SReclaimable:      56320 kB
SUnreclaim:        42668 kB
KernelStack:       11968 kB
PageTables:        54672 kB
NFS_Unstable:          0 kB
Bounce:                0 kB
WritebackTmp:          0 kB
CommitLimit:     2980664 kB
Committed_AS:   10304988 kB
VmallocTotal:   34359738367 kB
VmallocUsed:      558028 kB
VmallocChunk:   34359165916 kB
HardwareCorrupted:     0 kB
AnonHugePages:    968704 kB
CmaTotal:              0 kB
CmaFree:               0 kB
HugePages_Total:       0
HugePages_Free:        0
HugePages_Rsvd:        0
HugePages_Surp:        0
Hugepagesize:       2048 kB
DirectMap4k:      215296 kB
DirectMap2M:     5924864 kB


CPU:total 4 (2 cores per cpu, 2 threads per core) family 6 model 42 stepping 7, cmov, cx8, fxsr, mmx, sse, sse2, sse3, ssse3, sse4.1, sse4.2, popcnt, avx, aes, clmul, ht, tsc, tscinvbit

/proc/cpuinfo:
processor	: 0
vendor_id	: GenuineIntel
cpu family	: 6
model		: 42
model name	: Intel(R) Core(TM) i5-2450M CPU @ 2.50GHz
stepping	: 7
microcode	: 0x25
cpu MHz		: 2640.722
cache size	: 3072 KB
physical id	: 0
siblings	: 4
core id		: 0
cpu cores	: 2
apicid		: 0
initial apicid	: 0
fpu		: yes
fpu_exception	: yes
cpuid level	: 13
wp		: yes
flags		: fpu vme de pse tsc msr pae mce cx8 apic sep mtrr pge mca cmov pat pse36 clflush dts acpi mmx fxsr sse sse2 ss ht tm pbe syscall nx rdtscp lm constant_tsc arch_perfmon pebs bts rep_good nopl xtopology nonstop_tsc aperfmperf eagerfpu pni pclmulqdq dtes64 monitor ds_cpl vmx est tm2 ssse3 cx16 xtpr pdcm pcid sse4_1 sse4_2 x2apic popcnt tsc_deadline_timer aes xsave avx lahf_lm ida arat epb pln pts dtherm tpr_shadow vnmi flexpriority ept vpid xsaveopt
bugs		:
bogomips	: 4988.20
clflush size	: 64
cache_alignment	: 64
address sizes	: 36 bits physical, 48 bits virtual
power management:

processor	: 1
vendor_id	: GenuineIntel
cpu family	: 6
model		: 42
model name	: Intel(R) Core(TM) i5-2450M CPU @ 2.50GHz
stepping	: 7
microcode	: 0x25
cpu MHz		: 2994.433
cache size	: 3072 KB
physical id	: 0
siblings	: 4
core id		: 0
cpu cores	: 2
apicid		: 1
initial apicid	: 1
fpu		: yes
fpu_exception	: yes
cpuid level	: 13
wp		: yes
flags		: fpu vme de pse tsc msr pae mce cx8 apic sep mtrr pge mca cmov pat pse36 clflush dts acpi mmx fxsr sse sse2 ss ht tm pbe syscall nx rdtscp lm constant_tsc arch_perfmon pebs bts rep_good nopl xtopology nonstop_tsc aperfmperf eagerfpu pni pclmulqdq dtes64 monitor ds_cpl vmx est tm2 ssse3 cx16 xtpr pdcm pcid sse4_1 sse4_2 x2apic popcnt tsc_deadline_timer aes xsave avx lahf_lm ida arat epb pln pts dtherm tpr_shadow vnmi flexpriority ept vpid xsaveopt
bugs		:
bogomips	: 4988.20
clflush size	: 64
cache_alignment	: 64
address sizes	: 36 bits physical, 48 bits virtual
power management:

processor	: 2
vendor_id	: GenuineIntel
cpu family	: 6
model		: 42
model name	: Intel(R) Core(TM) i5-2450M CPU @ 2.50GHz
stepping	: 7
microcode	: 0x25
cpu MHz		: 2900.000
cache size	: 3072 KB
physical id	: 0
siblings	: 4
core id		: 1
cpu cores	: 2
apicid		: 2
initial apicid	: 2
fpu		: yes
fpu_exception	: yes
cpuid level	: 13
wp		: yes
flags		: fpu vme de pse tsc msr pae mce cx8 apic sep mtrr pge mca cmov pat pse36 clflush dts acpi mmx fxsr sse sse2 ss ht tm pbe syscall nx rdtscp lm constant_tsc arch_perfmon pebs bts rep_good nopl xtopology nonstop_tsc aperfmperf eagerfpu pni pclmulqdq dtes64 monitor ds_cpl vmx est tm2 ssse3 cx16 xtpr pdcm pcid sse4_1 sse4_2 x2apic popcnt tsc_deadline_timer aes xsave avx lahf_lm ida arat epb pln pts dtherm tpr_shadow vnmi flexpriority ept vpid xsaveopt
bugs		:
bogomips	: 4988.20
clflush size	: 64
cache_alignment	: 64
address sizes	: 36 bits physical, 48 bits virtual
power management:

processor	: 3
vendor_id	: GenuineIntel
cpu family	: 6
model		: 42
model name	: Intel(R) Core(TM) i5-2450M CPU @ 2.50GHz
stepping	: 7
microcode	: 0x25
cpu MHz		: 2500.781
cache size	: 3072 KB
physical id	: 0
siblings	: 4
core id		: 1
cpu cores	: 2
apicid		: 3
initial apicid	: 3
fpu		: yes
fpu_exception	: yes
cpuid level	: 13
wp		: yes
flags		: fpu vme de pse tsc msr pae mce cx8 apic sep mtrr pge mca cmov pat pse36 clflush dts acpi mmx fxsr sse sse2 ss ht tm pbe syscall nx rdtscp lm constant_tsc arch_perfmon pebs bts rep_good nopl xtopology nonstop_tsc aperfmperf eagerfpu pni pclmulqdq dtes64 monitor ds_cpl vmx est tm2 ssse3 cx16 xtpr pdcm pcid sse4_1 sse4_2 x2apic popcnt tsc_deadline_timer aes xsave avx lahf_lm ida arat epb pln pts dtherm tpr_shadow vnmi flexpriority ept vpid xsaveopt
bugs		:
bogomips	: 4988.20
clflush size	: 64
cache_alignment	: 64
address sizes	: 36 bits physical, 48 bits virtual
power management:



Memory: 4k page, physical 5961332k(183928k free), swap 0k(0k free)

vm_info: Java HotSpot(TM) 64-Bit Server VM (25.66-b17) for linux-amd64 JRE (1.8.0_66-b17), built on Oct  6 2015 17:28:34 by "java_re" with gcc 4.3.0 20080428 (Red Hat 4.3.0-8)

time: Fri Jan  1 22:25:47 2016
elapsed time: 53 seconds (0d 0h 0m 53s)

