#
# There is insufficient memory for the Java Runtime Environment to continue.
# Native memory allocation (mmap) failed to map 274202624 bytes for committing reserved memory.
# Possible reasons:
#   The system is out of physical RAM or swap space
#   In 32 bit mode, the process size limit was hit
# Possible solutions:
#   Reduce memory load on the system
#   Increase physical memory or swap space
#   Check if swap backing store is full
#   Use 64 bit Java on a 64 bit OS
#   Decrease Java heap size (-Xmx/-Xms)
#   Decrease number of Java threads
#   Decrease Java thread stack sizes (-Xss)
#   Set larger code cache with -XX:ReservedCodeCacheSize=
# This output file may be truncated or incomplete.
#
#  Out of Memory Error (os_linux.cpp:2627), pid=16409, tid=139973686793984
#
# JRE version: Java(TM) SE Runtime Environment (8.0_66-b17) (build 1.8.0_66-b17)
# Java VM: Java HotSpot(TM) 64-Bit Server VM (25.66-b17 mixed mode linux-amd64 compressed oops)
# Failed to write core dump. Core dumps have been disabled. To enable core dumping, try "ulimit -c unlimited" before starting Java again
#

---------------  T H R E A D  ---------------

Current thread (0x00007f4e3c078000):  VMThread [stack: 0x00007f4e29d11000,0x00007f4e29e12000] [id=16418]

Stack: [0x00007f4e29d11000,0x00007f4e29e12000],  sp=0x00007f4e29e100e0,  free space=1020k
Native frames: (J=compiled Java code, j=interpreted, Vv=VM code, C=native code)
V  [libjvm.so+0xab9a1a]  VMError::report_and_die()+0x2ba
V  [libjvm.so+0x4f9e0b]  report_vm_out_of_memory(char const*, int, unsigned long, VMErrorType, char const*)+0x8b
V  [libjvm.so+0x91a8a3]  os::Linux::commit_memory_impl(char*, unsigned long, bool)+0x103
V  [libjvm.so+0x91adf9]  os::pd_commit_memory(char*, unsigned long, unsigned long, bool)+0x29
V  [libjvm.so+0x91510a]  os::commit_memory(char*, unsigned long, unsigned long, bool)+0x2a
V  [libjvm.so+0x9887a3]  PSVirtualSpace::expand_by(unsigned long)+0x53
V  [libjvm.so+0x979090]  PSOldGen::expand(unsigned long)+0x170
V  [libjvm.so+0x97929b]  PSOldGen::resize(unsigned long)+0x1cb
V  [libjvm.so+0x980f71]  PSParallelCompact::invoke_no_policy(bool)+0x991
V  [libjvm.so+0x9868cd]  PSScavenge::invoke()+0x1ad
V  [libjvm.so+0x93e500]  ParallelScavengeHeap::failed_mem_allocate(unsigned long)+0x70
V  [libjvm.so+0xabb437]  VM_ParallelGCFailedAllocation::doit()+0x97
V  [libjvm.so+0xac2e65]  VM_Operation::evaluate()+0x55
V  [libjvm.so+0xac123a]  VMThread::evaluate_operation(VM_Operation*)+0xba
V  [libjvm.so+0xac15be]  VMThread::loop()+0x1ce
V  [libjvm.so+0xac1a30]  VMThread::run()+0x70
V  [libjvm.so+0x91cc68]  java_start(Thread*)+0x108

VM_Operation (0x00007f4e28925080): ParallelGCFailedAllocation, mode: safepoint, requested by thread 0x00007f4e3c21f000


---------------  P R O C E S S  ---------------

Java Threads: ( => current thread )
  0x00007f4e3c221000 JavaThread "pool-2-thread-4" [_thread_blocked, id=16431, stack(0x00007f4e28725000,0x00007f4e28826000)]
  0x00007f4e3c21f000 JavaThread "pool-2-thread-3" [_thread_blocked, id=16430, stack(0x00007f4e28826000,0x00007f4e28927000)]
  0x00007f4e3c21d800 JavaThread "pool-2-thread-2" [_thread_blocked, id=16429, stack(0x00007f4e28927000,0x00007f4e28a28000)]
  0x00007f4e3c21c000 JavaThread "pool-3-thread-1" [_thread_blocked, id=16428, stack(0x00007f4e28a28000,0x00007f4e28b29000)]
  0x00007f4e3c21a000 JavaThread "pool-2-thread-1" [_thread_blocked, id=16427, stack(0x00007f4e28b29000,0x00007f4e28c2a000)]
  0x00007f4e3c0c8800 JavaThread "Service Thread" daemon [_thread_blocked, id=16425, stack(0x00007f4e28df7000,0x00007f4e28ef8000)]
  0x00007f4e3c0bb000 JavaThread "C1 CompilerThread2" daemon [_thread_blocked, id=16424, stack(0x00007f4e28ef8000,0x00007f4e28ff9000)]
  0x00007f4e3c0b9800 JavaThread "C2 CompilerThread1" daemon [_thread_blocked, id=16423, stack(0x00007f4e28ff9000,0x00007f4e290fa000)]
  0x00007f4e3c0b6800 JavaThread "C2 CompilerThread0" daemon [_thread_blocked, id=16422, stack(0x00007f4e290fa000,0x00007f4e291fb000)]
  0x00007f4e3c0b5000 JavaThread "Signal Dispatcher" daemon [_thread_blocked, id=16421, stack(0x00007f4e291fb000,0x00007f4e292fc000)]
  0x00007f4e3c07f000 JavaThread "Finalizer" daemon [_thread_blocked, id=16420, stack(0x00007f4e29b0f000,0x00007f4e29c10000)]
  0x00007f4e3c07d000 JavaThread "Reference Handler" daemon [_thread_blocked, id=16419, stack(0x00007f4e29c10000,0x00007f4e29d11000)]
  0x00007f4e3c00a000 JavaThread "main" [_thread_blocked, id=16413, stack(0x00007f4e4293c000,0x00007f4e42a3d000)]

Other Threads:
=>0x00007f4e3c078000 VMThread [stack: 0x00007f4e29d11000,0x00007f4e29e12000] [id=16418]
  0x00007f4e3c0cb000 WatcherThread [stack: 0x00007f4e28cf6000,0x00007f4e28df7000] [id=16426]

VM state:at safepoint (normal execution)

VM Mutex/Monitor currently owned by a thread:  ([mutex/lock_event])
[0x00007f4e3c005ef0] ExpandHeap_lock - owner thread: 0x00007f4e3c078000
[0x00007f4e3c006570] Threads_lock - owner thread: 0x00007f4e3c078000
[0x00007f4e3c006a70] Heap_lock - owner thread: 0x00007f4e3c21f000

Heap:
 PSYoungGen      total 465920K, used 66069K [0x00000000d5580000, 0x0000000100000000, 0x0000000100000000)
  eden space 232960K, 0% used [0x00000000d5580000,0x00000000d5580000,0x00000000e3900000)
  from space 232960K, 28% used [0x00000000e3900000,0x00000000e7985548,0x00000000f1c80000)
  to   space 232960K, 0% used [0x00000000f1c80000,0x00000000f1c80000,0x0000000100000000)
 ParOldGen       total 601088K, used 600642K [0x0000000080000000, 0x00000000a4b00000, 0x00000000d5580000)
  object space 601088K, 99% used [0x0000000080000000,0x00000000a4a908b8,0x00000000a4b00000)
 Metaspace       used 6604K, capacity 7320K, committed 7680K, reserved 1056768K
  class space    used 616K, capacity 656K, committed 768K, reserved 1048576K

Card table byte_map: [0x00007f4e2c20c000,0x00007f4e2c60d000] byte_map_base: 0x00007f4e2be0c000

Marking Bits: (ParMarkBitMap*) 0x00007f4e41e18020
 Begin Bits: [0x00007f4e20000000, 0x00007f4e22000000)
 End Bits:   [0x00007f4e22000000, 0x00007f4e24000000)

Polling page: 0x00007f4e42a5f000

CodeCache: size=245760Kb used=12175Kb max_used=12198Kb free=233584Kb
 bounds [0x00007f4e2c9cd000, 0x00007f4e2d5cd000, 0x00007f4e3b9cd000]
 total_blobs=2838 nmethods=2569 adapters=182
 compilation: enabled

Compilation events (10 events):
Event: 39,610 Thread 0x00007f4e3c0b9800 nmethod 2625 0x00007f4e2d5a10d0 code [0x00007f4e2d5a2000, 0x00007f4e2d5a90a8]
Event: 39,610 Thread 0x00007f4e3c0b9800 2874       4       com.android.dx.ssa.back.FirstFitLocalCombiningAllocator::handleNormalUnassociated (99 bytes)
Event: 39,758 Thread 0x00007f4e3c0b9800 nmethod 2874 0x00007f4e2d5b0210 code [0x00007f4e2d5b0640, 0x00007f4e2d5b3650]
Event: 39,758 Thread 0x00007f4e3c0b9800 2709       4       com.android.dx.ssa.ConstCollector::getConstsSortedByCountUse (386 bytes)
Event: 39,875 Thread 0x00007f4e3c0b9800 nmethod 2709 0x00007f4e2d5b7d50 code [0x00007f4e2d5b8120, 0x00007f4e2d5ba510]
Event: 39,875 Thread 0x00007f4e3c0b9800 2867       4       com.android.dx.rop.code.DexTranslationAdvice::totalRopWidth (36 bytes)
Event: 39,879 Thread 0x00007f4e3c0b9800 nmethod 2867 0x00007f4e2d584d50 code [0x00007f4e2d584ec0, 0x00007f4e2d5850b8]
Event: 39,879 Thread 0x00007f4e3c0b9800 2637       4       com.android.dx.cf.code.Ropper::addExceptionSetupBlocks (203 bytes)
Event: 40,063 Thread 0x00007f4e3c0b9800 nmethod 2637 0x00007f4e2d5bd250 code [0x00007f4e2d5bd6a0, 0x00007f4e2d5c0530]
Event: 40,063 Thread 0x00007f4e3c0b9800 2866   !   4       com.android.dx.cf.code.Ropper::doit (126 bytes)

GC Heap History (10 events):
Event: 32,152 GC heap after
Heap after GC invocations=19 (full 4):
 PSYoungGen      total 523264K, used 51937K [0x00000000d5580000, 0x0000000100000000, 0x0000000100000000)
  eden space 347648K, 0% used [0x00000000d5580000,0x00000000d5580000,0x00000000ea900000)
  from space 175616K, 29% used [0x00000000ea900000,0x00000000edbb8550,0x00000000f5480000)
  to   space 165888K, 0% used [0x00000000f5e00000,0x00000000f5e00000,0x0000000100000000)
 ParOldGen       total 601088K, used 424572K [0x0000000080000000, 0x00000000a4b00000, 0x00000000d5580000)
  object space 601088K, 70% used [0x0000000080000000,0x0000000099e9f090,0x00000000a4b00000)
 Metaspace       used 6601K, capacity 7320K, committed 7680K, reserved 1056768K
  class space    used 616K, capacity 656K, committed 768K, reserved 1048576K
}
Event: 34,546 GC heap before
{Heap before GC invocations=20 (full 4):
 PSYoungGen      total 523264K, used 399585K [0x00000000d5580000, 0x0000000100000000, 0x0000000100000000)
  eden space 347648K, 100% used [0x00000000d5580000,0x00000000ea900000,0x00000000ea900000)
  from space 175616K, 29% used [0x00000000ea900000,0x00000000edbb8550,0x00000000f5480000)
  to   space 165888K, 0% used [0x00000000f5e00000,0x00000000f5e00000,0x0000000100000000)
 ParOldGen       total 601088K, used 424572K [0x0000000080000000, 0x00000000a4b00000, 0x00000000d5580000)
  object space 601088K, 70% used [0x0000000080000000,0x0000000099e9f090,0x00000000a4b00000)
 Metaspace       used 6603K, capacity 7320K, committed 7680K, reserved 1056768K
  class space    used 616K, capacity 656K, committed 768K, reserved 1048576K
Event: 34,683 GC heap after
Heap after GC invocations=20 (full 4):
 PSYoungGen      total 521728K, used 103746K [0x00000000d5580000, 0x0000000100000000, 0x0000000100000000)
  eden space 355840K, 0% used [0x00000000d5580000,0x00000000d5580000,0x00000000eb100000)
  from space 165888K, 62% used [0x00000000f5e00000,0x00000000fc350808,0x0000000100000000)
  to   space 171520K, 0% used [0x00000000eb100000,0x00000000eb100000,0x00000000f5880000)
 ParOldGen       total 601088K, used 424572K [0x0000000080000000, 0x00000000a4b00000, 0x00000000d5580000)
  object space 601088K, 70% used [0x0000000080000000,0x0000000099e9f090,0x00000000a4b00000)
 Metaspace       used 6603K, capacity 7320K, committed 7680K, reserved 1056768K
  class space    used 616K, capacity 656K, committed 768K, reserved 1048576K
}
Event: 36,214 GC heap before
{Heap before GC invocations=21 (full 4):
 PSYoungGen      total 521728K, used 459586K [0x00000000d5580000, 0x0000000100000000, 0x0000000100000000)
  eden space 355840K, 100% used [0x00000000d5580000,0x00000000eb100000,0x00000000eb100000)
  from space 165888K, 62% used [0x00000000f5e00000,0x00000000fc350808,0x0000000100000000)
  to   space 171520K, 0% used [0x00000000eb100000,0x00000000eb100000,0x00000000f5880000)
 ParOldGen       total 601088K, used 424572K [0x0000000080000000, 0x00000000a4b00000, 0x00000000d5580000)
  object space 601088K, 70% used [0x0000000080000000,0x0000000099e9f090,0x00000000a4b00000)
 Metaspace       used 6604K, capacity 7320K, committed 7680K, reserved 1056768K
  class space    used 616K, capacity 656K, committed 768K, reserved 1048576K
Event: 36,485 GC heap after
Heap after GC invocations=21 (full 4):
 PSYoungGen      total 515072K, used 158950K [0x00000000d5580000, 0x0000000100000000, 0x0000000100000000)
  eden space 355840K, 0% used [0x00000000d5580000,0x00000000d5580000,0x00000000eb100000)
  from space 159232K, 99% used [0x00000000eb100000,0x00000000f4c399d8,0x00000000f4c80000)
  to   space 183808K, 0% used [0x00000000f4c80000,0x00000000f4c80000,0x0000000100000000)
 ParOldGen       total 601088K, used 424572K [0x0000000080000000, 0x00000000a4b00000, 0x00000000d5580000)
  object space 601088K, 70% used [0x0000000080000000,0x0000000099e9f090,0x00000000a4b00000)
 Metaspace       used 6604K, capacity 7320K, committed 7680K, reserved 1056768K
  class space    used 616K, capacity 656K, committed 768K, reserved 1048576K
}
Event: 38,800 GC heap before
{Heap before GC invocations=22 (full 4):
 PSYoungGen      total 515072K, used 514790K [0x00000000d5580000, 0x0000000100000000, 0x0000000100000000)
  eden space 355840K, 100% used [0x00000000d5580000,0x00000000eb100000,0x00000000eb100000)
  from space 159232K, 99% used [0x00000000eb100000,0x00000000f4c399d8,0x00000000f4c80000)
  to   space 183808K, 0% used [0x00000000f4c80000,0x00000000f4c80000,0x0000000100000000)
 ParOldGen       total 601088K, used 424572K [0x0000000080000000, 0x00000000a4b00000, 0x00000000d5580000)
  object space 601088K, 70% used [0x0000000080000000,0x0000000099e9f090,0x00000000a4b00000)
 Metaspace       used 6604K, capacity 7320K, committed 7680K, reserved 1056768K
  class space    used 616K, capacity 656K, committed 768K, reserved 1048576K
Event: 39,161 GC heap after
Heap after GC invocations=22 (full 4):
 PSYoungGen      total 416768K, used 183796K [0x00000000d5580000, 0x0000000100000000, 0x0000000100000000)
  eden space 232960K, 0% used [0x00000000d5580000,0x00000000d5580000,0x00000000e3900000)
  from space 183808K, 99% used [0x00000000f4c80000,0x00000000ffffd030,0x0000000100000000)
  to   space 232960K, 0% used [0x00000000e3900000,0x00000000e3900000,0x00000000f1c80000)
 ParOldGen       total 601088K, used 454942K [0x0000000080000000, 0x00000000a4b00000, 0x00000000d5580000)
  object space 601088K, 75% used [0x0000000080000000,0x000000009bc47970,0x00000000a4b00000)
 Metaspace       used 6604K, capacity 7320K, committed 7680K, reserved 1056768K
  class space    used 616K, capacity 656K, committed 768K, reserved 1048576K
}
Event: 40,126 GC heap before
{Heap before GC invocations=23 (full 4):
 PSYoungGen      total 416768K, used 416756K [0x00000000d5580000, 0x0000000100000000, 0x0000000100000000)
  eden space 232960K, 100% used [0x00000000d5580000,0x00000000e3900000,0x00000000e3900000)
  from space 183808K, 99% used [0x00000000f4c80000,0x00000000ffffd030,0x0000000100000000)
  to   space 232960K, 0% used [0x00000000e3900000,0x00000000e3900000,0x00000000f1c80000)
 ParOldGen       total 601088K, used 454942K [0x0000000080000000, 0x00000000a4b00000, 0x00000000d5580000)
  object space 601088K, 75% used [0x0000000080000000,0x000000009bc47970,0x00000000a4b00000)
 Metaspace       used 6604K, capacity 7320K, committed 7680K, reserved 1056768K
  class space    used 616K, capacity 656K, committed 768K, reserved 1048576K
Event: 40,545 GC heap after
Heap after GC invocations=23 (full 4):
 PSYoungGen      total 465920K, used 134559K [0x00000000d5580000, 0x0000000100000000, 0x0000000100000000)
  eden space 232960K, 0% used [0x00000000d5580000,0x00000000d5580000,0x00000000e3900000)
  from space 232960K, 57% used [0x00000000e3900000,0x00000000ebc67d10,0x00000000f1c80000)
  to   space 232960K, 0% used [0x00000000f1c80000,0x00000000f1c80000,0x0000000100000000)
 ParOldGen       total 601088K, used 540376K [0x0000000080000000, 0x00000000a4b00000, 0x00000000d5580000)
  object space 601088K, 89% used [0x0000000080000000,0x00000000a0fb62a0,0x00000000a4b00000)
 Metaspace       used 6604K, capacity 7320K, committed 7680K, reserved 1056768K
  class space    used 616K, capacity 656K, committed 768K, reserved 1048576K
}
Event: 40,547 GC heap before
{Heap before GC invocations=24 (full 5):
 PSYoungGen      total 465920K, used 134559K [0x00000000d5580000, 0x0000000100000000, 0x0000000100000000)
  eden space 232960K, 0% used [0x00000000d5580000,0x00000000d5580000,0x00000000e3900000)
  from space 232960K, 57% used [0x00000000e3900000,0x00000000ebc67d10,0x00000000f1c80000)
  to   space 232960K, 0% used [0x00000000f1c80000,0x00000000f1c80000,0x0000000100000000)
 ParOldGen       total 601088K, used 540376K [0x0000000080000000, 0x00000000a4b00000, 0x00000000d5580000)
  object space 601088K, 89% used [0x0000000080000000,0x00000000a0fb62a0,0x00000000a4b00000)
 Metaspace       used 6604K, capacity 7320K, committed 7680K, reserved 1056768K
  class space    used 616K, capacity 656K, committed 768K, reserved 1048576K

Deoptimization events (10 events):
Event: 24,695 Thread 0x00007f4e3c221000 Uncommon trap: reason=class_check action=maybe_recompile pc=0x00007f4e2d46f9d0 method=com.android.dx.cf.code.Ropper.processBlock(Lcom/android/dx/cf/code/ByteBlock;Lcom/android/dx/cf/code/Frame;[I)V @ 711
Event: 26,538 Thread 0x00007f4e3c221000 Uncommon trap: reason=unstable_if action=reinterpret pc=0x00007f4e2d4c31e4 method=com.android.dx.dex.code.RopTranslator.outputBlock(Lcom/android/dx/rop/code/BasicBlock;I)V @ 140
Event: 33,914 Thread 0x00007f4e3c21f000 Uncommon trap: reason=unstable_if action=reinterpret pc=0x00007f4e2d525fbc method=com.android.dx.rop.type.Type.isReference()Z @ 6
Event: 34,693 Thread 0x00007f4e3c221000 Uncommon trap: reason=class_check action=maybe_recompile pc=0x00007f4e2d4f7c0c method=com.android.dx.ssa.back.FirstFitLocalCombiningAllocator.findNextUnreservedRopReg(IILcom/android/dx/ssa/back/FirstFitLocalCombiningAllocator$Alignment;)I @ 60
Event: 37,722 Thread 0x00007f4e3c21a000 Uncommon trap: reason=unstable_if action=reinterpret pc=0x00007f4e2d575e90 method=com.android.dx.rop.code.BasicBlockList.preferredSuccessorOf(Lcom/android/dx/rop/code/BasicBlock;)Lcom/android/dx/rop/code/BasicBlock; @ 58
Event: 37,985 Thread 0x00007f4e3c21a000 Uncommon trap: reason=class_check action=maybe_recompile pc=0x00007f4e2d4f7c0c method=com.android.dx.ssa.back.FirstFitLocalCombiningAllocator.findNextUnreservedRopReg(IILcom/android/dx/ssa/back/FirstFitLocalCombiningAllocator$Alignment;)I @ 60
Event: 38,026 Thread 0x00007f4e3c21f000 Uncommon trap: reason=class_check action=maybe_recompile pc=0x00007f4e2d4f7c0c method=com.android.dx.ssa.back.FirstFitLocalCombiningAllocator.findNextUnreservedRopReg(IILcom/android/dx/ssa/back/FirstFitLocalCombiningAllocator$Alignment;)I @ 60
Event: 39,281 Thread 0x00007f4e3c221000 Uncommon trap: reason=class_check action=maybe_recompile pc=0x00007f4e2d4f7c0c method=com.android.dx.ssa.back.FirstFitLocalCombiningAllocator.findNextUnreservedRopReg(IILcom/android/dx/ssa/back/FirstFitLocalCombiningAllocator$Alignment;)I @ 60
Event: 39,324 Thread 0x00007f4e3c21f000 Uncommon trap: reason=unstable_if action=reinterpret pc=0x00007f4e2ce526b0 method=com.android.dx.rop.code.RegisterSpec.equals(ILcom/android/dx/rop/type/TypeBearer;Lcom/android/dx/rop/code/LocalItem;)Z @ 31
Event: 39,325 Thread 0x00007f4e3c21f000 Uncommon trap: reason=unstable_if action=reinterpret pc=0x00007f4e2cd6f420 method=com.android.dx.rop.code.RegisterSpec.equals(ILcom/android/dx/rop/type/TypeBearer;Lcom/android/dx/rop/code/LocalItem;)Z @ 31

Internal exceptions (10 events):
Event: 1,327 Thread 0x00007f4e3c00a000 Implicit null exception at 0x00007f4e2cd447c9 to 0x00007f4e2cd46f89
Event: 1,693 Thread 0x00007f4e3c21d800 Implicit null exception at 0x00007f4e2cdffc64 to 0x00007f4e2ce02e05
Event: 2,427 Thread 0x00007f4e3c00a000 Exception <a 'java/lang/ArrayIndexOutOfBoundsException': 18> (0x00000000d62ae420) thrown at [/HUDSON/workspace/8-2-build-linux-amd64/jdk8u66/4988/hotspot/src/share/vm/interpreter/interpreterRuntime.cpp, line 366]
Event: 2,427 Thread 0x00007f4e3c00a000 Exception <a 'java/lang/ArrayIndexOutOfBoundsException': 145> (0x00000000d62affa0) thrown at [/HUDSON/workspace/8-2-build-linux-amd64/jdk8u66/4988/hotspot/src/share/vm/interpreter/interpreterRuntime.cpp, line 366]
Event: 2,430 Thread 0x00007f4e3c00a000 Exception <a 'java/lang/ArrayIndexOutOfBoundsException': 40> (0x00000000d62b1288) thrown at [/HUDSON/workspace/8-2-build-linux-amd64/jdk8u66/4988/hotspot/src/share/vm/interpreter/interpreterRuntime.cpp, line 366]
Event: 6,462 Thread 0x00007f4e3c00a000 Implicit null exception at 0x00007f4e2cf6ea37 to 0x00007f4e2cf6ebad
Event: 15,794 Thread 0x00007f4e3c221000 Implicit null exception at 0x00007f4e2cefb44d to 0x00007f4e2cefda8d
Event: 19,142 Thread 0x00007f4e3c00a000 Implicit null exception at 0x00007f4e2cebdfc5 to 0x00007f4e2cec1511
Event: 39,324 Thread 0x00007f4e3c21f000 Implicit null exception at 0x00007f4e2ce522d0 to 0x00007f4e2ce52675
Event: 39,325 Thread 0x00007f4e3c21f000 Implicit null exception at 0x00007f4e2cd6f0a3 to 0x00007f4e2cd6f3d5

Events (10 events):
Event: 40,024 Thread 0x00007f4e3c21d800 DEOPT UNPACKING pc=0x00007f4e2ca14633 sp=0x00007f4e28a25960 mode 0
Event: 40,083 Thread 0x00007f4e3c21d800 DEOPT PACKING pc=0x00007f4e2cdbd32c sp=0x00007f4e28a25dc0
Event: 40,083 Thread 0x00007f4e3c21d800 DEOPT UNPACKING pc=0x00007f4e2ca14633 sp=0x00007f4e28a25ac0 mode 0
Event: 40,091 Thread 0x00007f4e3c21d800 DEOPT PACKING pc=0x00007f4e2cf97532 sp=0x00007f4e28a25dc0
Event: 40,091 Thread 0x00007f4e3c21d800 DEOPT UNPACKING pc=0x00007f4e2ca14633 sp=0x00007f4e28a25b40 mode 0
Event: 40,100 Thread 0x00007f4e3c21f000 DEOPT PACKING pc=0x00007f4e2ced3a79 sp=0x00007f4e28925050
Event: 40,100 Thread 0x00007f4e3c21f000 DEOPT UNPACKING pc=0x00007f4e2ca14633 sp=0x00007f4e28924e00 mode 0
Event: 40,125 Thread 0x00007f4e3c21f000 DEOPT PACKING pc=0x00007f4e2cf97532 sp=0x00007f4e28925040
Event: 40,125 Thread 0x00007f4e3c21f000 DEOPT UNPACKING pc=0x00007f4e2ca14633 sp=0x00007f4e28924dc0 mode 0
Event: 40,126 Executing VM operation: ParallelGCFailedAllocation


Dynamic libraries:
00400000-00401000 r-xp 00000000 08:01 4591374                            /usr/lib/jvm/java-8-oracle/bin/java
00600000-00601000 rw-p 00000000 08:01 4591374                            /usr/lib/jvm/java-8-oracle/bin/java
02549000-0256a000 rw-p 00000000 00:00 0                                  [heap]
80000000-a4b00000 rw-p 00000000 00:00 0 
b5080000-d5580000 ---p 00000000 00:00 0 
d5580000-100000000 rw-p 00000000 00:00 0 
100000000-1000c0000 rw-p 00000000 00:00 0 
1000c0000-140000000 ---p 00000000 00:00 0 
7f4ddc000000-7f4ddc03d000 rw-p 00000000 00:00 0 
7f4ddc03d000-7f4de0000000 ---p 00000000 00:00 0 
7f4de0000000-7f4de0026000 rw-p 00000000 00:00 0 
7f4de0026000-7f4de4000000 ---p 00000000 00:00 0 
7f4de4000000-7f4de4021000 rw-p 00000000 00:00 0 
7f4de4021000-7f4de8000000 ---p 00000000 00:00 0 
7f4de8000000-7f4de802d000 rw-p 00000000 00:00 0 
7f4de802d000-7f4dec000000 ---p 00000000 00:00 0 
7f4dec000000-7f4dec021000 rw-p 00000000 00:00 0 
7f4dec021000-7f4df0000000 ---p 00000000 00:00 0 
7f4df0000000-7f4df0034000 rw-p 00000000 00:00 0 
7f4df0034000-7f4df4000000 ---p 00000000 00:00 0 
7f4df4000000-7f4df4aa3000 rw-p 00000000 00:00 0 
7f4df4aa3000-7f4df8000000 ---p 00000000 00:00 0 
7f4df8000000-7f4df8021000 rw-p 00000000 00:00 0 
7f4df8021000-7f4dfc000000 ---p 00000000 00:00 0 
7f4dfc000000-7f4dfd4b3000 rw-p 00000000 00:00 0 
7f4dfd4b3000-7f4e00000000 ---p 00000000 00:00 0 
7f4e00000000-7f4e02638000 rw-p 00000000 00:00 0 
7f4e02638000-7f4e04000000 ---p 00000000 00:00 0 
7f4e04000000-7f4e04021000 rw-p 00000000 00:00 0 
7f4e04021000-7f4e08000000 ---p 00000000 00:00 0 
7f4e08000000-7f4e08021000 rw-p 00000000 00:00 0 
7f4e08021000-7f4e0c000000 ---p 00000000 00:00 0 
7f4e0c000000-7f4e0c2d1000 rw-p 00000000 00:00 0 
7f4e0c2d1000-7f4e10000000 ---p 00000000 00:00 0 
7f4e10000000-7f4e10021000 rw-p 00000000 00:00 0 
7f4e10021000-7f4e14000000 ---p 00000000 00:00 0 
7f4e14000000-7f4e14021000 rw-p 00000000 00:00 0 
7f4e14021000-7f4e18000000 ---p 00000000 00:00 0 
7f4e18000000-7f4e18021000 rw-p 00000000 00:00 0 
7f4e18021000-7f4e1c000000 ---p 00000000 00:00 0 
7f4e1c000000-7f4e1c021000 rw-p 00000000 00:00 0 
7f4e1c021000-7f4e20000000 ---p 00000000 00:00 0 
7f4e20000000-7f4e24000000 rw-p 00000000 00:00 0 
7f4e24000000-7f4e24021000 rw-p 00000000 00:00 0 
7f4e24021000-7f4e28000000 ---p 00000000 00:00 0 
7f4e28700000-7f4e28725000 r--p 00000000 08:01 2361987                    /usr/share/locale-langpack/pl/LC_MESSAGES/libc.mo
7f4e28725000-7f4e28728000 ---p 00000000 00:00 0 
7f4e28728000-7f4e28826000 rw-p 00000000 00:00 0                          [stack:16431]
7f4e28826000-7f4e28829000 ---p 00000000 00:00 0 
7f4e28829000-7f4e28927000 rw-p 00000000 00:00 0                          [stack:16430]
7f4e28927000-7f4e2892a000 ---p 00000000 00:00 0 
7f4e2892a000-7f4e28a28000 rw-p 00000000 00:00 0                          [stack:16429]
7f4e28a28000-7f4e28a2b000 ---p 00000000 00:00 0 
7f4e28a2b000-7f4e28b29000 rw-p 00000000 00:00 0                          [stack:16428]
7f4e28b29000-7f4e28b2c000 ---p 00000000 00:00 0 
7f4e28b2c000-7f4e28c2a000 rw-p 00000000 00:00 0                          [stack:16427]
7f4e28c2a000-7f4e28cf6000 r--s 00aca000 08:01 7078339                    /home/tomasz/AndroidStudioProjects/ITAssistant/app/build/intermediates/transforms/jarMerging/debug/jars/1/1f/combined.jar
7f4e28cf6000-7f4e28cf7000 ---p 00000000 00:00 0 
7f4e28cf7000-7f4e28df7000 rw-p 00000000 00:00 0                          [stack:16426]
7f4e28df7000-7f4e28dfa000 ---p 00000000 00:00 0 
7f4e28dfa000-7f4e28ef8000 rw-p 00000000 00:00 0                          [stack:16425]
7f4e28ef8000-7f4e28efb000 ---p 00000000 00:00 0 
7f4e28efb000-7f4e28ff9000 rw-p 00000000 00:00 0                          [stack:16424]
7f4e28ff9000-7f4e28ffc000 ---p 00000000 00:00 0 
7f4e28ffc000-7f4e290fa000 rw-p 00000000 00:00 0                          [stack:16423]
7f4e290fa000-7f4e290fd000 ---p 00000000 00:00 0 
7f4e290fd000-7f4e291fb000 rw-p 00000000 00:00 0                          [stack:16422]
7f4e291fb000-7f4e291fe000 ---p 00000000 00:00 0 
7f4e291fe000-7f4e292fc000 rw-p 00000000 00:00 0                          [stack:16421]
7f4e292fc000-7f4e29b0f000 r--p 00000000 08:01 1579663                    /usr/lib/locale/locale-archive
7f4e29b0f000-7f4e29b12000 ---p 00000000 00:00 0 
7f4e29b12000-7f4e29c10000 rw-p 00000000 00:00 0                          [stack:16420]
7f4e29c10000-7f4e29c13000 ---p 00000000 00:00 0 
7f4e29c13000-7f4e29d11000 rw-p 00000000 00:00 0                          [stack:16419]
7f4e29d11000-7f4e29d12000 ---p 00000000 00:00 0 
7f4e29d12000-7f4e2ad84000 rw-p 00000000 00:00 0                          [stack:16418]
7f4e2ad84000-7f4e2af5d000 r--s 03d20000 08:01 4069182                    /usr/lib/jvm/java-8-oracle/jre/lib/rt.jar
7f4e2af5d000-7f4e2b61d000 rw-p 00000000 00:00 0 
7f4e2b61d000-7f4e2b75d000 ---p 00000000 00:00 0 
7f4e2b75d000-7f4e2bb5d000 rw-p 00000000 00:00 0 
7f4e2bb5d000-7f4e2bb5e000 ---p 00000000 00:00 0 
7f4e2bb5e000-7f4e2bc5e000 rw-p 00000000 00:00 0                          [stack:16417]
7f4e2bc5e000-7f4e2bc5f000 ---p 00000000 00:00 0 
7f4e2bc5f000-7f4e2bd5f000 rw-p 00000000 00:00 0                          [stack:16416]
7f4e2bd5f000-7f4e2bd60000 ---p 00000000 00:00 0 
7f4e2bd60000-7f4e2be60000 rw-p 00000000 00:00 0                          [stack:16415]
7f4e2be60000-7f4e2be61000 ---p 00000000 00:00 0 
7f4e2be61000-7f4e2c087000 rw-p 00000000 00:00 0                          [stack:16414]
7f4e2c087000-7f4e2c20c000 ---p 00000000 00:00 0 
7f4e2c20c000-7f4e2c332000 rw-p 00000000 00:00 0 
7f4e2c332000-7f4e2c4b6000 ---p 00000000 00:00 0 
7f4e2c4b6000-7f4e2c60c000 rw-p 00000000 00:00 0 
7f4e2c60c000-7f4e2c63d000 rw-p 00000000 00:00 0 
7f4e2c63d000-7f4e2c9cd000 ---p 00000000 00:00 0 
7f4e2c9cd000-7f4e2d5cd000 rwxp 00000000 00:00 0 
7f4e2d5cd000-7f4e3b9cd000 ---p 00000000 00:00 0 
7f4e3b9cd000-7f4e3b9e7000 r-xp 00000000 08:01 4069168                    /usr/lib/jvm/java-8-oracle/jre/lib/amd64/libzip.so
7f4e3b9e7000-7f4e3bbe7000 ---p 0001a000 08:01 4069168                    /usr/lib/jvm/java-8-oracle/jre/lib/amd64/libzip.so
7f4e3bbe7000-7f4e3bbe8000 rw-p 0001a000 08:01 4069168                    /usr/lib/jvm/java-8-oracle/jre/lib/amd64/libzip.so
7f4e3bbe8000-7f4e3bbf3000 r-xp 00000000 08:01 5771445                    /lib/x86_64-linux-gnu/libnss_files-2.19.so
7f4e3bbf3000-7f4e3bdf2000 ---p 0000b000 08:01 5771445                    /lib/x86_64-linux-gnu/libnss_files-2.19.so
7f4e3bdf2000-7f4e3bdf3000 r--p 0000a000 08:01 5771445                    /lib/x86_64-linux-gnu/libnss_files-2.19.so
7f4e3bdf3000-7f4e3bdf4000 rw-p 0000b000 08:01 5771445                    /lib/x86_64-linux-gnu/libnss_files-2.19.so
7f4e3bdf4000-7f4e3bdff000 r-xp 00000000 08:01 5771455                    /lib/x86_64-linux-gnu/libnss_nis-2.19.so
7f4e3bdff000-7f4e3bffe000 ---p 0000b000 08:01 5771455                    /lib/x86_64-linux-gnu/libnss_nis-2.19.so
7f4e3bffe000-7f4e3bfff000 r--p 0000a000 08:01 5771455                    /lib/x86_64-linux-gnu/libnss_nis-2.19.so
7f4e3bfff000-7f4e3c000000 rw-p 0000b000 08:01 5771455                    /lib/x86_64-linux-gnu/libnss_nis-2.19.so
7f4e3c000000-7f4e3c488000 rw-p 00000000 00:00 0 
7f4e3c488000-7f4e40000000 ---p 00000000 00:00 0 
7f4e40016000-7f4e400fc000 rw-p 00000000 00:00 0 
7f4e400fc000-7f4e40113000 r-xp 00000000 08:01 5771439                    /lib/x86_64-linux-gnu/libnsl-2.19.so
7f4e40113000-7f4e40312000 ---p 00017000 08:01 5771439                    /lib/x86_64-linux-gnu/libnsl-2.19.so
7f4e40312000-7f4e40313000 r--p 00016000 08:01 5771439                    /lib/x86_64-linux-gnu/libnsl-2.19.so
7f4e40313000-7f4e40314000 rw-p 00017000 08:01 5771439                    /lib/x86_64-linux-gnu/libnsl-2.19.so
7f4e40314000-7f4e40316000 rw-p 00000000 00:00 0 
7f4e40316000-7f4e4031f000 r-xp 00000000 08:01 5771441                    /lib/x86_64-linux-gnu/libnss_compat-2.19.so
7f4e4031f000-7f4e4051e000 ---p 00009000 08:01 5771441                    /lib/x86_64-linux-gnu/libnss_compat-2.19.so
7f4e4051e000-7f4e4051f000 r--p 00008000 08:01 5771441                    /lib/x86_64-linux-gnu/libnss_compat-2.19.so
7f4e4051f000-7f4e40520000 rw-p 00009000 08:01 5771441                    /lib/x86_64-linux-gnu/libnss_compat-2.19.so
7f4e40520000-7f4e4054a000 r-xp 00000000 08:01 4069157                    /usr/lib/jvm/java-8-oracle/jre/lib/amd64/libjava.so
7f4e4054a000-7f4e4074a000 ---p 0002a000 08:01 4069157                    /usr/lib/jvm/java-8-oracle/jre/lib/amd64/libjava.so
7f4e4074a000-7f4e4074c000 rw-p 0002a000 08:01 4069157                    /usr/lib/jvm/java-8-oracle/jre/lib/amd64/libjava.so
7f4e4074c000-7f4e40759000 r-xp 00000000 08:01 4069118                    /usr/lib/jvm/java-8-oracle/jre/lib/amd64/libverify.so
7f4e40759000-7f4e40959000 ---p 0000d000 08:01 4069118                    /usr/lib/jvm/java-8-oracle/jre/lib/amd64/libverify.so
7f4e40959000-7f4e4095b000 rw-p 0000d000 08:01 4069118                    /usr/lib/jvm/java-8-oracle/jre/lib/amd64/libverify.so
7f4e4095b000-7f4e40962000 r-xp 00000000 08:01 5771498                    /lib/x86_64-linux-gnu/librt-2.19.so
7f4e40962000-7f4e40b61000 ---p 00007000 08:01 5771498                    /lib/x86_64-linux-gnu/librt-2.19.so
7f4e40b61000-7f4e40b62000 r--p 00006000 08:01 5771498                    /lib/x86_64-linux-gnu/librt-2.19.so
7f4e40b62000-7f4e40b63000 rw-p 00007000 08:01 5771498                    /lib/x86_64-linux-gnu/librt-2.19.so
7f4e40b63000-7f4e40c68000 r-xp 00000000 08:01 5771420                    /lib/x86_64-linux-gnu/libm-2.19.so
7f4e40c68000-7f4e40e67000 ---p 00105000 08:01 5771420                    /lib/x86_64-linux-gnu/libm-2.19.so
7f4e40e67000-7f4e40e68000 r--p 00104000 08:01 5771420                    /lib/x86_64-linux-gnu/libm-2.19.so
7f4e40e68000-7f4e40e69000 rw-p 00105000 08:01 5771420                    /lib/x86_64-linux-gnu/libm-2.19.so
7f4e40e69000-7f4e41b27000 r-xp 00000000 08:01 4069167                    /usr/lib/jvm/java-8-oracle/jre/lib/amd64/server/libjvm.so
7f4e41b27000-7f4e41d26000 ---p 00cbe000 08:01 4069167                    /usr/lib/jvm/java-8-oracle/jre/lib/amd64/server/libjvm.so
7f4e41d26000-7f4e41dff000 rw-p 00cbd000 08:01 4069167                    /usr/lib/jvm/java-8-oracle/jre/lib/amd64/server/libjvm.so
7f4e41dff000-7f4e41e43000 rw-p 00000000 00:00 0 
7f4e41e43000-7f4e41ffe000 r-xp 00000000 08:01 5771370                    /lib/x86_64-linux-gnu/libc-2.19.so
7f4e41ffe000-7f4e421fd000 ---p 001bb000 08:01 5771370                    /lib/x86_64-linux-gnu/libc-2.19.so
7f4e421fd000-7f4e42201000 r--p 001ba000 08:01 5771370                    /lib/x86_64-linux-gnu/libc-2.19.so
7f4e42201000-7f4e42203000 rw-p 001be000 08:01 5771370                    /lib/x86_64-linux-gnu/libc-2.19.so
7f4e42203000-7f4e42208000 rw-p 00000000 00:00 0 
7f4e42208000-7f4e4220b000 r-xp 00000000 08:01 5771387                    /lib/x86_64-linux-gnu/libdl-2.19.so
7f4e4220b000-7f4e4240a000 ---p 00003000 08:01 5771387                    /lib/x86_64-linux-gnu/libdl-2.19.so
7f4e4240a000-7f4e4240b000 r--p 00002000 08:01 5771387                    /lib/x86_64-linux-gnu/libdl-2.19.so
7f4e4240b000-7f4e4240c000 rw-p 00003000 08:01 5771387                    /lib/x86_64-linux-gnu/libdl-2.19.so
7f4e4240c000-7f4e42421000 r-xp 00000000 08:01 4727160                    /usr/lib/jvm/java-8-oracle/lib/amd64/jli/libjli.so
7f4e42421000-7f4e42621000 ---p 00015000 08:01 4727160                    /usr/lib/jvm/java-8-oracle/lib/amd64/jli/libjli.so
7f4e42621000-7f4e42622000 rw-p 00015000 08:01 4727160                    /usr/lib/jvm/java-8-oracle/lib/amd64/jli/libjli.so
7f4e42622000-7f4e4263b000 r-xp 00000000 08:01 5771490                    /lib/x86_64-linux-gnu/libpthread-2.19.so
7f4e4263b000-7f4e4283a000 ---p 00019000 08:01 5771490                    /lib/x86_64-linux-gnu/libpthread-2.19.so
7f4e4283a000-7f4e4283b000 r--p 00018000 08:01 5771490                    /lib/x86_64-linux-gnu/libpthread-2.19.so
7f4e4283b000-7f4e4283c000 rw-p 00019000 08:01 5771490                    /lib/x86_64-linux-gnu/libpthread-2.19.so
7f4e4283c000-7f4e42840000 rw-p 00000000 00:00 0 
7f4e42840000-7f4e42863000 r-xp 00000000 08:01 5771346                    /lib/x86_64-linux-gnu/ld-2.19.so
7f4e42869000-7f4e42870000 r--s 00000000 08:01 1967077                    /usr/lib/x86_64-linux-gnu/gconv/gconv-modules.cache
7f4e42870000-7f4e4293c000 rw-p 00000000 00:00 0 
7f4e4293c000-7f4e4293f000 ---p 00000000 00:00 0 
7f4e4293f000-7f4e42a41000 rw-p 00000000 00:00 0                          [stack:16413]
7f4e42a46000-7f4e42a47000 rw-p 00000000 00:00 0 
7f4e42a47000-7f4e42a56000 r--s 000df000 08:01 10635452                   /home/tomasz/Android/Sdk/build-tools/23.0.2/lib/dx.jar
7f4e42a56000-7f4e42a5e000 rw-s 00000000 08:01 6949397                    /tmp/hsperfdata_tomasz/16409
7f4e42a5e000-7f4e42a5f000 rw-p 00000000 00:00 0 
7f4e42a5f000-7f4e42a60000 ---p 00000000 00:00 0 
7f4e42a60000-7f4e42a62000 rw-p 00000000 00:00 0 
7f4e42a62000-7f4e42a63000 r--p 00022000 08:01 5771346                    /lib/x86_64-linux-gnu/ld-2.19.so
7f4e42a63000-7f4e42a64000 rw-p 00023000 08:01 5771346                    /lib/x86_64-linux-gnu/ld-2.19.so
7f4e42a64000-7f4e42a65000 rw-p 00000000 00:00 0 
7ffc10864000-7ffc10885000 rw-p 00000000 00:00 0                          [stack]
7ffc1093f000-7ffc10941000 r--p 00000000 00:00 0                          [vvar]
7ffc10941000-7ffc10943000 r-xp 00000000 00:00 0                          [vdso]
ffffffffff600000-ffffffffff601000 r-xp 00000000 00:00 0                  [vsyscall]

VM Arguments:
jvm_args: -Djava.awt.headless=true -Xmx2g -Dfile.encoding=UTF-8 -Duser.country=PL -Duser.language=pl -Duser.variant 
java_command: com.android.dx.command.Main --dex --num-threads=4 --multi-dex --main-dex-list /home/tomasz/AndroidStudioProjects/ITAssistant/app/build/intermediates/multi-dex/debug/maindexlist.txt --output /home/tomasz/AndroidStudioProjects/ITAssistant/app/build/intermediates/transforms/dex/debug/folders/1000/1f/main /home/tomasz/AndroidStudioProjects/ITAssistant/app/build/intermediates/transforms/jarMerging/debug/jars/1/1f/combined.jar
java_class_path (initial): /home/tomasz/Android/Sdk/build-tools/23.0.2/lib/dx.jar
Launcher Type: SUN_STANDARD

Environment Variables:
PATH=/usr/local/sbin:/usr/local/bin:/usr/sbin:/usr/bin:/sbin:/bin:/usr/games:/usr/local/games
LD_LIBRARY_PATH=.:
SHELL=/bin/bash
DISPLAY=:0

Signal Handlers:
SIGSEGV: [libjvm.so+0xaba2a0], sa_mask[0]=11111111011111111101111111111110, sa_flags=SA_RESTART|SA_SIGINFO
SIGBUS: [libjvm.so+0xaba2a0], sa_mask[0]=11111111011111111101111111111110, sa_flags=SA_RESTART|SA_SIGINFO
SIGFPE: [libjvm.so+0x917710], sa_mask[0]=11111111011111111101111111111110, sa_flags=SA_RESTART|SA_SIGINFO
SIGPIPE: [libjvm.so+0x917710], sa_mask[0]=11111111011111111101111111111110, sa_flags=SA_RESTART|SA_SIGINFO
SIGXFSZ: [libjvm.so+0x917710], sa_mask[0]=11111111011111111101111111111110, sa_flags=SA_RESTART|SA_SIGINFO
SIGILL: [libjvm.so+0x917710], sa_mask[0]=11111111011111111101111111111110, sa_flags=SA_RESTART|SA_SIGINFO
SIGUSR1: SIG_DFL, sa_mask[0]=00000000000000000000000000000000, sa_flags=none
SIGUSR2: [libjvm.so+0x918d40], sa_mask[0]=00100000000000000000000000000000, sa_flags=SA_RESTART|SA_SIGINFO
SIGHUP: [libjvm.so+0x91a140], sa_mask[0]=11111111011111111101111111111110, sa_flags=SA_RESTART|SA_SIGINFO
SIGINT: [libjvm.so+0x91a140], sa_mask[0]=11111111011111111101111111111110, sa_flags=SA_RESTART|SA_SIGINFO
SIGTERM: [libjvm.so+0x91a140], sa_mask[0]=11111111011111111101111111111110, sa_flags=SA_RESTART|SA_SIGINFO
SIGQUIT: [libjvm.so+0x91a140], sa_mask[0]=11111111011111111101111111111110, sa_flags=SA_RESTART|SA_SIGINFO


---------------  S Y S T E M  ---------------

OS:DISTRIB_ID=Ubuntu
DISTRIB_RELEASE=14.04
DISTRIB_CODENAME=trusty
DISTRIB_DESCRIPTION="Ubuntu 14.04.3 LTS"

uname:Linux 3.19.0-42-generic #48~14.04.1-Ubuntu SMP Fri Dec 18 10:24:49 UTC 2015 x86_64
libc:glibc 2.19 NPTL 2.19 
rlimit: STACK 8192k, CORE 0k, NPROC 23202, NOFILE 4096, AS infinity
load average:5,09 2,67 2,04

/proc/meminfo:
MemTotal:        5961332 kB
MemFree:          127792 kB
MemAvailable:     142012 kB
Buffers:            3896 kB
Cached:           543492 kB
SwapCached:            0 kB
Active:          5091864 kB
Inactive:         521744 kB
Active(anon):    5084224 kB
Inactive(anon):   386292 kB
Active(file):       7640 kB
Inactive(file):   135452 kB
Unevictable:        2460 kB
Mlocked:            2460 kB
SwapTotal:             0 kB
SwapFree:              0 kB
Dirty:               728 kB
Writeback:             0 kB
AnonPages:       5069236 kB
Mapped:           188604 kB
Shmem:            403924 kB
Slab:              94608 kB
SReclaimable:      54272 kB
SUnreclaim:        40336 kB
KernelStack:       11680 kB
PageTables:        52680 kB
NFS_Unstable:          0 kB
Bounce:                0 kB
WritebackTmp:          0 kB
CommitLimit:     2980664 kB
Committed_AS:    9939120 kB
VmallocTotal:   34359738367 kB
VmallocUsed:      557984 kB
VmallocChunk:   34359165916 kB
HardwareCorrupted:     0 kB
AnonHugePages:   2951168 kB
CmaTotal:              0 kB
CmaFree:               0 kB
HugePages_Total:       0
HugePages_Free:        0
HugePages_Rsvd:        0
HugePages_Surp:        0
Hugepagesize:       2048 kB
DirectMap4k:      188672 kB
DirectMap2M:     5951488 kB


CPU:total 4 (2 cores per cpu, 2 threads per core) family 6 model 42 stepping 7, cmov, cx8, fxsr, mmx, sse, sse2, sse3, ssse3, sse4.1, sse4.2, popcnt, avx, aes, clmul, ht, tsc, tscinvbit

/proc/cpuinfo:
processor	: 0
vendor_id	: GenuineIntel
cpu family	: 6
model		: 42
model name	: Intel(R) Core(TM) i5-2450M CPU @ 2.50GHz
stepping	: 7
microcode	: 0x25
cpu MHz		: 2500.000
cache size	: 3072 KB
physical id	: 0
siblings	: 4
core id		: 0
cpu cores	: 2
apicid		: 0
initial apicid	: 0
fpu		: yes
fpu_exception	: yes
cpuid level	: 13
wp		: yes
flags		: fpu vme de pse tsc msr pae mce cx8 apic sep mtrr pge mca cmov pat pse36 clflush dts acpi mmx fxsr sse sse2 ss ht tm pbe syscall nx rdtscp lm constant_tsc arch_perfmon pebs bts rep_good nopl xtopology nonstop_tsc aperfmperf eagerfpu pni pclmulqdq dtes64 monitor ds_cpl vmx est tm2 ssse3 cx16 xtpr pdcm pcid sse4_1 sse4_2 x2apic popcnt tsc_deadline_timer aes xsave avx lahf_lm ida arat epb pln pts dtherm tpr_shadow vnmi flexpriority ept vpid xsaveopt
bugs		:
bogomips	: 4988.20
clflush size	: 64
cache_alignment	: 64
address sizes	: 36 bits physical, 48 bits virtual
power management:

processor	: 1
vendor_id	: GenuineIntel
cpu family	: 6
model		: 42
model name	: Intel(R) Core(TM) i5-2450M CPU @ 2.50GHz
stepping	: 7
microcode	: 0x25
cpu MHz		: 2500.000
cache size	: 3072 KB
physical id	: 0
siblings	: 4
core id		: 0
cpu cores	: 2
apicid		: 1
initial apicid	: 1
fpu		: yes
fpu_exception	: yes
cpuid level	: 13
wp		: yes
flags		: fpu vme de pse tsc msr pae mce cx8 apic sep mtrr pge mca cmov pat pse36 clflush dts acpi mmx fxsr sse sse2 ss ht tm pbe syscall nx rdtscp lm constant_tsc arch_perfmon pebs bts rep_good nopl xtopology nonstop_tsc aperfmperf eagerfpu pni pclmulqdq dtes64 monitor ds_cpl vmx est tm2 ssse3 cx16 xtpr pdcm pcid sse4_1 sse4_2 x2apic popcnt tsc_deadline_timer aes xsave avx lahf_lm ida arat epb pln pts dtherm tpr_shadow vnmi flexpriority ept vpid xsaveopt
bugs		:
bogomips	: 4988.20
clflush size	: 64
cache_alignment	: 64
address sizes	: 36 bits physical, 48 bits virtual
power management:

processor	: 2
vendor_id	: GenuineIntel
cpu family	: 6
model		: 42
model name	: Intel(R) Core(TM) i5-2450M CPU @ 2.50GHz
stepping	: 7
microcode	: 0x25
cpu MHz		: 2499.902
cache size	: 3072 KB
physical id	: 0
siblings	: 4
core id		: 1
cpu cores	: 2
apicid		: 2
initial apicid	: 2
fpu		: yes
fpu_exception	: yes
cpuid level	: 13
wp		: yes
flags		: fpu vme de pse tsc msr pae mce cx8 apic sep mtrr pge mca cmov pat pse36 clflush dts acpi mmx fxsr sse sse2 ss ht tm pbe syscall nx rdtscp lm constant_tsc arch_perfmon pebs bts rep_good nopl xtopology nonstop_tsc aperfmperf eagerfpu pni pclmulqdq dtes64 monitor ds_cpl vmx est tm2 ssse3 cx16 xtpr pdcm pcid sse4_1 sse4_2 x2apic popcnt tsc_deadline_timer aes xsave avx lahf_lm ida arat epb pln pts dtherm tpr_shadow vnmi flexpriority ept vpid xsaveopt
bugs		:
bogomips	: 4988.20
clflush size	: 64
cache_alignment	: 64
address sizes	: 36 bits physical, 48 bits virtual
power management:

processor	: 3
vendor_id	: GenuineIntel
cpu family	: 6
model		: 42
model name	: Intel(R) Core(TM) i5-2450M CPU @ 2.50GHz
stepping	: 7
microcode	: 0x25
cpu MHz		: 2499.902
cache size	: 3072 KB
physical id	: 0
siblings	: 4
core id		: 1
cpu cores	: 2
apicid		: 3
initial apicid	: 3
fpu		: yes
fpu_exception	: yes
cpuid level	: 13
wp		: yes
flags		: fpu vme de pse tsc msr pae mce cx8 apic sep mtrr pge mca cmov pat pse36 clflush dts acpi mmx fxsr sse sse2 ss ht tm pbe syscall nx rdtscp lm constant_tsc arch_perfmon pebs bts rep_good nopl xtopology nonstop_tsc aperfmperf eagerfpu pni pclmulqdq dtes64 monitor ds_cpl vmx est tm2 ssse3 cx16 xtpr pdcm pcid sse4_1 sse4_2 x2apic popcnt tsc_deadline_timer aes xsave avx lahf_lm ida arat epb pln pts dtherm tpr_shadow vnmi flexpriority ept vpid xsaveopt
bugs		:
bogomips	: 4988.20
clflush size	: 64
cache_alignment	: 64
address sizes	: 36 bits physical, 48 bits virtual
power management:



Memory: 4k page, physical 5961332k(127792k free), swap 0k(0k free)

vm_info: Java HotSpot(TM) 64-Bit Server VM (25.66-b17) for linux-amd64 JRE (1.8.0_66-b17), built on Oct  6 2015 17:28:34 by "java_re" with gcc 4.3.0 20080428 (Red Hat 4.3.0-8)

time: Tue Dec 29 16:16:38 2015
elapsed time: 45 seconds (0d 0h 0m 45s)

