#
# There is insufficient memory for the Java Runtime Environment to continue.
# Native memory allocation (mmap) failed to map 201326592 bytes for committing reserved memory.
# Possible reasons:
#   The system is out of physical RAM or swap space
#   In 32 bit mode, the process size limit was hit
# Possible solutions:
#   Reduce memory load on the system
#   Increase physical memory or swap space
#   Check if swap backing store is full
#   Use 64 bit Java on a 64 bit OS
#   Decrease Java heap size (-Xmx/-Xms)
#   Decrease number of Java threads
#   Decrease Java thread stack sizes (-Xss)
#   Set larger code cache with -XX:ReservedCodeCacheSize=
# This output file may be truncated or incomplete.
#
#  Out of Memory Error (os_linux.cpp:2627), pid=1471, tid=140088135624448
#
# JRE version: Java(TM) SE Runtime Environment (8.0_60-b27) (build 1.8.0_60-b27)
# Java VM: Java HotSpot(TM) 64-Bit Server VM (25.60-b23 mixed mode linux-amd64 compressed oops)
# Failed to write core dump. Core dumps have been disabled. To enable core dumping, try "ulimit -c unlimited" before starting Java again
#

---------------  T H R E A D  ---------------

Current thread (0x00007f68e8078000):  VMThread [stack: 0x00007f68cf7fa000,0x00007f68cf8fb000] [id=1481]

Stack: [0x00007f68cf7fa000,0x00007f68cf8fb000],  sp=0x00007f68cf8f91e0,  free space=1020k
Native frames: (J=compiled Java code, j=interpreted, Vv=VM code, C=native code)
V  [libjvm.so+0xab97ea]  VMError::report_and_die()+0x2ba
V  [libjvm.so+0x4f9dab]  report_vm_out_of_memory(char const*, int, unsigned long, VMErrorType, char const*)+0x8b
V  [libjvm.so+0x91a7c3]  os::Linux::commit_memory_impl(char*, unsigned long, bool)+0x103
V  [libjvm.so+0x91ad19]  os::pd_commit_memory(char*, unsigned long, unsigned long, bool)+0x29
V  [libjvm.so+0x91502a]  os::commit_memory(char*, unsigned long, unsigned long, bool)+0x2a
V  [libjvm.so+0x9886d3]  PSVirtualSpace::expand_by(unsigned long)+0x53
V  [libjvm.so+0x978fc0]  PSOldGen::expand(unsigned long)+0x170
V  [libjvm.so+0x9791cb]  PSOldGen::resize(unsigned long)+0x1cb
V  [libjvm.so+0x980ea1]  PSParallelCompact::invoke_no_policy(bool)+0x991
V  [libjvm.so+0x9867fd]  PSScavenge::invoke()+0x1ad
V  [libjvm.so+0x93e430]  ParallelScavengeHeap::failed_mem_allocate(unsigned long)+0x70
V  [libjvm.so+0xabb207]  VM_ParallelGCFailedAllocation::doit()+0x97
V  [libjvm.so+0xac2c35]  VM_Operation::evaluate()+0x55
V  [libjvm.so+0xac100a]  VMThread::evaluate_operation(VM_Operation*)+0xba
V  [libjvm.so+0xac138e]  VMThread::loop()+0x1ce
V  [libjvm.so+0xac1800]  VMThread::run()+0x70
V  [libjvm.so+0x91cb88]  java_start(Thread*)+0x108

VM_Operation (0x00007f68ce5daea0): ParallelGCFailedAllocation, mode: safepoint, requested by thread 0x00007f68e81c0000


---------------  P R O C E S S  ---------------

Java Threads: ( => current thread )
  0x00007f68e81c3800 JavaThread "pool-2-thread-4" [_thread_blocked, id=1494, stack(0x00007f68ce2da000,0x00007f68ce3db000)]
  0x00007f68e81c1800 JavaThread "pool-2-thread-3" [_thread_blocked, id=1493, stack(0x00007f68ce3db000,0x00007f68ce4dc000)]
  0x00007f68e81c0000 JavaThread "pool-2-thread-2" [_thread_blocked, id=1492, stack(0x00007f68ce4dc000,0x00007f68ce5dd000)]
  0x00007f68e81b4000 JavaThread "pool-3-thread-1" [_thread_blocked, id=1491, stack(0x00007f68ce5dd000,0x00007f68ce6de000)]
  0x00007f68e81b2800 JavaThread "pool-2-thread-1" [_thread_blocked, id=1490, stack(0x00007f68ce6de000,0x00007f68ce7df000)]
  0x00007f68e80ca800 JavaThread "Service Thread" daemon [_thread_blocked, id=1488, stack(0x00007f68ce8e0000,0x00007f68ce9e1000)]
  0x00007f68e80bd800 JavaThread "C1 CompilerThread2" daemon [_thread_blocked, id=1487, stack(0x00007f68ce9e1000,0x00007f68ceae2000)]
  0x00007f68e80bb800 JavaThread "C2 CompilerThread1" daemon [_thread_blocked, id=1486, stack(0x00007f68ceae2000,0x00007f68cebe3000)]
  0x00007f68e80b8800 JavaThread "C2 CompilerThread0" daemon [_thread_blocked, id=1485, stack(0x00007f68cebe3000,0x00007f68cece4000)]
  0x00007f68e80b7000 JavaThread "Signal Dispatcher" daemon [_thread_blocked, id=1484, stack(0x00007f68cece4000,0x00007f68cede5000)]
  0x00007f68e807f000 JavaThread "Finalizer" daemon [_thread_blocked, id=1483, stack(0x00007f68cf5f8000,0x00007f68cf6f9000)]
  0x00007f68e807d000 JavaThread "Reference Handler" daemon [_thread_blocked, id=1482, stack(0x00007f68cf6f9000,0x00007f68cf7fa000)]
  0x00007f68e800a000 JavaThread "main" [_thread_blocked, id=1476, stack(0x00007f68edf92000,0x00007f68ee093000)]

Other Threads:
=>0x00007f68e8078000 VMThread [stack: 0x00007f68cf7fa000,0x00007f68cf8fb000] [id=1481]
  0x00007f68e80cd800 WatcherThread [stack: 0x00007f68ce7df000,0x00007f68ce8e0000] [id=1489]

VM state:at safepoint (normal execution)

VM Mutex/Monitor currently owned by a thread:  ([mutex/lock_event])
[0x00007f68e8005e10] ExpandHeap_lock - owner thread: 0x00007f68e8078000
[0x00007f68e8006490] Threads_lock - owner thread: 0x00007f68e8078000
[0x00007f68e8006990] Heap_lock - owner thread: 0x00007f68e81c0000

Heap:
 PSYoungGen      total 232960K, used 43923K [0x00000000eab00000, 0x0000000100000000, 0x0000000100000000)
  eden space 116736K, 0% used [0x00000000eab00000,0x00000000eab00000,0x00000000f1d00000)
  from space 116224K, 37% used [0x00000000f8e80000,0x00000000fb964c00,0x0000000100000000)
  to   space 116224K, 0% used [0x00000000f1d00000,0x00000000f1d00000,0x00000000f8e80000)
 ParOldGen       total 502784K, used 502423K [0x00000000c0000000, 0x00000000deb00000, 0x00000000eab00000)
  object space 502784K, 99% used [0x00000000c0000000,0x00000000deaa5d40,0x00000000deb00000)
 Metaspace       used 6465K, capacity 7282K, committed 7552K, reserved 1056768K
  class space    used 606K, capacity 618K, committed 640K, reserved 1048576K

Card table byte_map: [0x00007f68d79a5000,0x00007f68d7ba6000] byte_map_base: 0x00007f68d73a5000

Marking Bits: (ParMarkBitMap*) 0x00007f68ed468de0
 Begin Bits: [0x00007f68d55a1000, 0x00007f68d65a1000)
 End Bits:   [0x00007f68d65a1000, 0x00007f68d75a1000)

Polling page: 0x00007f68ee0b0000

CodeCache: size=245760Kb used=12489Kb max_used=12515Kb free=233271Kb
 bounds [0x00007f68d7f66000, 0x00007f68d8bb6000, 0x00007f68e6f66000]
 total_blobs=2823 nmethods=2554 adapters=182
 compilation: enabled

Compilation events (10 events):
Event: 21,618 Thread 0x00007f68e80bb800 nmethod 1646 0x00007f68d8af8010 code [0x00007f68d8af81e0, 0x00007f68d8af8ba8]
Event: 21,618 Thread 0x00007f68e80bb800 2124       4       com.android.dx.rop.code.Rops::ropFor (771 bytes)
Event: 21,654 Thread 0x00007f68e80bd800 2754       2       java.util.Arrays::sort (19 bytes)
Event: 21,654 Thread 0x00007f68e80bd800 nmethod 2754 0x00007f68d8b826d0 code [0x00007f68d8b82840, 0x00007f68d8b829f8]
Event: 21,722 Thread 0x00007f68e80bd800 2756 %     2       com.android.dx.ssa.back.FirstFitLocalCombiningAllocator::handleLocalAssociatedOther @ 54 (151 bytes)
Event: 21,724 Thread 0x00007f68e80bd800 nmethod 2756% 0x00007f68d8aea690 code [0x00007f68d8aea8c0, 0x00007f68d8aeb0d8]
Event: 21,859 Thread 0x00007f68e80b8800 nmethod 2738 0x00007f68d8b9e510 code [0x00007f68d8b9e980, 0x00007f68d8ba2f90]
Event: 21,859 Thread 0x00007f68e80b8800 2757       4       com.android.dx.ssa.back.FirstFitLocalCombiningAllocator::handleLocalAssociatedOther (151 bytes)
Event: 21,894 Thread 0x00007f68e80bd800 2759       2       com.android.dx.rop.cst.CstBoolean::make (44 bytes)
Event: 21,895 Thread 0x00007f68e80bd800 nmethod 2759 0x00007f68d8afad10 code [0x00007f68d8afaec0, 0x00007f68d8afb2b8]

GC Heap History (10 events):
Event: 19,657 GC heap after
Heap after GC invocations=28 (full 4):
 PSYoungGen      total 232960K, used 71697K [0x00000000eab00000, 0x0000000100000000, 0x0000000100000000)
  eden space 116736K, 0% used [0x00000000eab00000,0x00000000eab00000,0x00000000f1d00000)
  from space 116224K, 61% used [0x00000000f8e80000,0x00000000fd484548,0x0000000100000000)
  to   space 116224K, 0% used [0x00000000f1d00000,0x00000000f1d00000,0x00000000f8e80000)
 ParOldGen       total 502784K, used 404190K [0x00000000c0000000, 0x00000000deb00000, 0x00000000eab00000)
  object space 502784K, 80% used [0x00000000c0000000,0x00000000d8ab7b28,0x00000000deb00000)
 Metaspace       used 6465K, capacity 7282K, committed 7552K, reserved 1056768K
  class space    used 606K, capacity 618K, committed 640K, reserved 1048576K
}
Event: 20,096 GC heap before
{Heap before GC invocations=29 (full 4):
 PSYoungGen      total 232960K, used 188433K [0x00000000eab00000, 0x0000000100000000, 0x0000000100000000)
  eden space 116736K, 100% used [0x00000000eab00000,0x00000000f1d00000,0x00000000f1d00000)
  from space 116224K, 61% used [0x00000000f8e80000,0x00000000fd484548,0x0000000100000000)
  to   space 116224K, 0% used [0x00000000f1d00000,0x00000000f1d00000,0x00000000f8e80000)
 ParOldGen       total 502784K, used 404190K [0x00000000c0000000, 0x00000000deb00000, 0x00000000eab00000)
  object space 502784K, 80% used [0x00000000c0000000,0x00000000d8ab7b28,0x00000000deb00000)
 Metaspace       used 6465K, capacity 7282K, committed 7552K, reserved 1056768K
  class space    used 606K, capacity 618K, committed 640K, reserved 1048576K
Event: 20,268 GC heap after
Heap after GC invocations=29 (full 4):
 PSYoungGen      total 170496K, used 53706K [0x00000000eab00000, 0x00000000ffa00000, 0x0000000100000000)
  eden space 116736K, 0% used [0x00000000eab00000,0x00000000eab00000,0x00000000f1d00000)
  from space 53760K, 99% used [0x00000000f1d00000,0x00000000f5172a20,0x00000000f5180000)
  to   space 113152K, 0% used [0x00000000f8b80000,0x00000000f8b80000,0x00000000ffa00000)
 ParOldGen       total 502784K, used 440268K [0x00000000c0000000, 0x00000000deb00000, 0x00000000eab00000)
  object space 502784K, 87% used [0x00000000c0000000,0x00000000dadf3340,0x00000000deb00000)
 Metaspace       used 6465K, capacity 7282K, committed 7552K, reserved 1056768K
  class space    used 606K, capacity 618K, committed 640K, reserved 1048576K
}
Event: 20,681 GC heap before
{Heap before GC invocations=30 (full 4):
 PSYoungGen      total 170496K, used 170442K [0x00000000eab00000, 0x00000000ffa00000, 0x0000000100000000)
  eden space 116736K, 100% used [0x00000000eab00000,0x00000000f1d00000,0x00000000f1d00000)
  from space 53760K, 99% used [0x00000000f1d00000,0x00000000f5172a20,0x00000000f5180000)
  to   space 113152K, 0% used [0x00000000f8b80000,0x00000000f8b80000,0x00000000ffa00000)
 ParOldGen       total 502784K, used 440268K [0x00000000c0000000, 0x00000000deb00000, 0x00000000eab00000)
  object space 502784K, 87% used [0x00000000c0000000,0x00000000dadf3340,0x00000000deb00000)
 Metaspace       used 6465K, capacity 7282K, committed 7552K, reserved 1056768K
  class space    used 606K, capacity 618K, committed 640K, reserved 1048576K
Event: 20,819 GC heap after
Heap after GC invocations=30 (full 4):
 PSYoungGen      total 228864K, used 72281K [0x00000000eab00000, 0x0000000100000000, 0x0000000100000000)
  eden space 115712K, 0% used [0x00000000eab00000,0x00000000eab00000,0x00000000f1c00000)
  from space 113152K, 63% used [0x00000000f8b80000,0x00000000fd216488,0x00000000ffa00000)
  to   space 114176K, 0% used [0x00000000f1c00000,0x00000000f1c00000,0x00000000f8b80000)
 ParOldGen       total 502784K, used 440268K [0x00000000c0000000, 0x00000000deb00000, 0x00000000eab00000)
  object space 502784K, 87% used [0x00000000c0000000,0x00000000dadf3340,0x00000000deb00000)
 Metaspace       used 6465K, capacity 7282K, committed 7552K, reserved 1056768K
  class space    used 606K, capacity 618K, committed 640K, reserved 1048576K
}
Event: 21,269 GC heap before
{Heap before GC invocations=31 (full 4):
 PSYoungGen      total 228864K, used 187993K [0x00000000eab00000, 0x0000000100000000, 0x0000000100000000)
  eden space 115712K, 100% used [0x00000000eab00000,0x00000000f1c00000,0x00000000f1c00000)
  from space 113152K, 63% used [0x00000000f8b80000,0x00000000fd216488,0x00000000ffa00000)
  to   space 114176K, 0% used [0x00000000f1c00000,0x00000000f1c00000,0x00000000f8b80000)
 ParOldGen       total 502784K, used 440268K [0x00000000c0000000, 0x00000000deb00000, 0x00000000eab00000)
  object space 502784K, 87% used [0x00000000c0000000,0x00000000dadf3340,0x00000000deb00000)
 Metaspace       used 6465K, capacity 7282K, committed 7552K, reserved 1056768K
  class space    used 606K, capacity 618K, committed 640K, reserved 1048576K
Event: 21,411 GC heap after
Heap after GC invocations=31 (full 4):
 PSYoungGen      total 229888K, used 89945K [0x00000000eab00000, 0x0000000100000000, 0x0000000100000000)
  eden space 115712K, 0% used [0x00000000eab00000,0x00000000eab00000,0x00000000f1c00000)
  from space 114176K, 78% used [0x00000000f1c00000,0x00000000f73d65a0,0x00000000f8b80000)
  to   space 116224K, 0% used [0x00000000f8e80000,0x00000000f8e80000,0x0000000100000000)
 ParOldGen       total 502784K, used 440268K [0x00000000c0000000, 0x00000000deb00000, 0x00000000eab00000)
  object space 502784K, 87% used [0x00000000c0000000,0x00000000dadf3340,0x00000000deb00000)
 Metaspace       used 6465K, capacity 7282K, committed 7552K, reserved 1056768K
  class space    used 606K, capacity 618K, committed 640K, reserved 1048576K
}
Event: 21,924 GC heap before
{Heap before GC invocations=32 (full 4):
 PSYoungGen      total 229888K, used 205657K [0x00000000eab00000, 0x0000000100000000, 0x0000000100000000)
  eden space 115712K, 100% used [0x00000000eab00000,0x00000000f1c00000,0x00000000f1c00000)
  from space 114176K, 78% used [0x00000000f1c00000,0x00000000f73d65a0,0x00000000f8b80000)
  to   space 116224K, 0% used [0x00000000f8e80000,0x00000000f8e80000,0x0000000100000000)
 ParOldGen       total 502784K, used 440268K [0x00000000c0000000, 0x00000000deb00000, 0x00000000eab00000)
  object space 502784K, 87% used [0x00000000c0000000,0x00000000dadf3340,0x00000000deb00000)
 Metaspace       used 6465K, capacity 7282K, committed 7552K, reserved 1056768K
  class space    used 606K, capacity 618K, committed 640K, reserved 1048576K
Event: 22,175 GC heap after
Heap after GC invocations=32 (full 4):
 PSYoungGen      total 232960K, used 73861K [0x00000000eab00000, 0x0000000100000000, 0x0000000100000000)
  eden space 116736K, 0% used [0x00000000eab00000,0x00000000eab00000,0x00000000f1d00000)
  from space 116224K, 63% used [0x00000000f8e80000,0x00000000fd6a15a0,0x0000000100000000)
  to   space 116224K, 0% used [0x00000000f1d00000,0x00000000f1d00000,0x00000000f8e80000)
 ParOldGen       total 502784K, used 475182K [0x00000000c0000000, 0x00000000deb00000, 0x00000000eab00000)
  object space 502784K, 94% used [0x00000000c0000000,0x00000000dd00b998,0x00000000deb00000)
 Metaspace       used 6465K, capacity 7282K, committed 7552K, reserved 1056768K
  class space    used 606K, capacity 618K, committed 640K, reserved 1048576K
}
Event: 22,182 GC heap before
{Heap before GC invocations=33 (full 5):
 PSYoungGen      total 232960K, used 73861K [0x00000000eab00000, 0x0000000100000000, 0x0000000100000000)
  eden space 116736K, 0% used [0x00000000eab00000,0x00000000eab00000,0x00000000f1d00000)
  from space 116224K, 63% used [0x00000000f8e80000,0x00000000fd6a15a0,0x0000000100000000)
  to   space 116224K, 0% used [0x00000000f1d00000,0x00000000f1d00000,0x00000000f8e80000)
 ParOldGen       total 502784K, used 475182K [0x00000000c0000000, 0x00000000deb00000, 0x00000000eab00000)
  object space 502784K, 94% used [0x00000000c0000000,0x00000000dd00b998,0x00000000deb00000)
 Metaspace       used 6465K, capacity 7282K, committed 7552K, reserved 1056768K
  class space    used 606K, capacity 618K, committed 640K, reserved 1048576K

Deoptimization events (10 events):
Event: 18,323 Thread 0x00007f68e81c3800 Uncommon trap: reason=unstable_if action=reinterpret pc=0x00007f68d8ab1e58 method=com.android.dx.rop.code.RegisterSpecSet.<init>(I)V @ 2
Event: 18,323 Thread 0x00007f68e81c3800 Uncommon trap: reason=unstable_if action=reinterpret pc=0x00007f68d84d07f4 method=com.android.dx.rop.code.RegisterSpecSet.<init>(I)V @ 2
Event: 18,844 Thread 0x00007f68e81c1800 Uncommon trap: reason=unstable_if action=reinterpret pc=0x00007f68d8a4e224 method=com.android.dx.dex.code.OutputFinisher.hasLocalInfo(Lcom/android/dx/dex/code/DalvInsn;)Z @ 35
Event: 19,217 Thread 0x00007f68e81c0000 Uncommon trap: reason=bimorphic action=maybe_recompile pc=0x00007f68d89ef85c method=com.android.dx.cf.code.BytecodeArray.parseInstruction(ILcom/android/dx/cf/code/BytecodeArray$Visitor;)I @ 1987
Event: 19,217 Thread 0x00007f68e81c0000 Uncommon trap: reason=bimorphic action=maybe_recompile pc=0x00007f68d89ef85c method=com.android.dx.cf.code.BytecodeArray.parseInstruction(ILcom/android/dx/cf/code/BytecodeArray$Visitor;)I @ 1987
Event: 19,831 Thread 0x00007f68e81c3800 Uncommon trap: reason=unstable_if action=reinterpret pc=0x00007f68d8b04ba4 method=com.android.dx.cf.code.ExecutionStack.<init>(I)V @ 2
Event: 21,617 Thread 0x00007f68e81c1800 Uncommon trap: reason=class_check action=maybe_recompile pc=0x00007f68d8b92c6c method=com.android.dx.ssa.back.FirstFitLocalCombiningAllocator.findRopRegForLocal(II)I @ 12
Event: 21,655 Thread 0x00007f68e81c1800 Uncommon trap: reason=class_check action=maybe_recompile pc=0x00007f68d8b92c6c method=com.android.dx.ssa.back.FirstFitLocalCombiningAllocator.findRopRegForLocal(II)I @ 12
Event: 21,704 Thread 0x00007f68e81c0000 Uncommon trap: reason=class_check action=maybe_recompile pc=0x00007f68d8b92c6c method=com.android.dx.ssa.back.FirstFitLocalCombiningAllocator.findRopRegForLocal(II)I @ 12
Event: 21,706 Thread 0x00007f68e81c0000 Uncommon trap: reason=class_check action=maybe_recompile pc=0x00007f68d8b92c6c method=com.android.dx.ssa.back.FirstFitLocalCombiningAllocator.findRopRegForLocal(II)I @ 12

Internal exceptions (10 events):
Event: 0,027 Thread 0x00007f68e800a000 Exception <a 'java/lang/NoSuchMethodError': Method sun.misc.Unsafe.prefetchRead(Ljava/lang/Object;J)V name or signature does not match> (0x00000000eab12e80) thrown at [/HUDSON/workspace/8-2-build-linux-amd64/jdk8u60/4407/hotspot/src/share/vm/prims/jni.cpp
Event: 1,159 Thread 0x00007f68e81c0000 Implicit null exception at 0x00007f68d82019b9 to 0x00007f68d8203db1
Event: 1,739 Thread 0x00007f68e81b2800 Exception <a 'java/lang/ArrayIndexOutOfBoundsException': 18> (0x00000000ecd97270) thrown at [/HUDSON/workspace/8-2-build-linux-amd64/jdk8u60/4407/hotspot/src/share/vm/interpreter/interpreterRuntime.cpp, line 366]
Event: 1,739 Thread 0x00007f68e81b2800 Exception <a 'java/lang/ArrayIndexOutOfBoundsException': 145> (0x00000000ecd98df0) thrown at [/HUDSON/workspace/8-2-build-linux-amd64/jdk8u60/4407/hotspot/src/share/vm/interpreter/interpreterRuntime.cpp, line 366]
Event: 1,740 Thread 0x00007f68e81b2800 Exception <a 'java/lang/ArrayIndexOutOfBoundsException': 40> (0x00000000ecd9a0d8) thrown at [/HUDSON/workspace/8-2-build-linux-amd64/jdk8u60/4407/hotspot/src/share/vm/interpreter/interpreterRuntime.cpp, line 366]
Event: 4,948 Thread 0x00007f68e81b2800 Implicit null exception at 0x00007f68d87c91b4 to 0x00007f68d87cbd2d
Event: 5,441 Thread 0x00007f68e800a000 Implicit null exception at 0x00007f68d882cf99 to 0x00007f68d882ffdd
Event: 5,441 Thread 0x00007f68e800a000 Implicit null exception at 0x00007f68d8767073 to 0x00007f68d8767331
Event: 18,258 Thread 0x00007f68e81c0000 Implicit null exception at 0x00007f68d8a140f8 to 0x00007f68d8a16338
Event: 18,844 Thread 0x00007f68e81c1800 Implicit null exception at 0x00007f68d8a4d3c8 to 0x00007f68d8a4e1ed

Events (10 events):
Event: 21,731 Thread 0x00007f68e81b2800 DEOPT UNPACKING pc=0x00007f68d7fad633 sp=0x00007f68ce7dcd60 mode 0
Event: 21,747 Thread 0x00007f68e81c3800 DEOPT PACKING pc=0x00007f68d83061ec sp=0x00007f68ce3d8f10
Event: 21,747 Thread 0x00007f68e81c3800 DEOPT UNPACKING pc=0x00007f68d7fad633 sp=0x00007f68ce3d8c10 mode 0
Event: 21,755 Thread 0x00007f68e81c3800 DEOPT PACKING pc=0x00007f68d84227f8 sp=0x00007f68ce3d8d10
Event: 21,755 Thread 0x00007f68e81c3800 DEOPT UNPACKING pc=0x00007f68d7fad633 sp=0x00007f68ce3d8b60 mode 0
Event: 21,797 Thread 0x00007f68e81c0000 DEOPT PACKING pc=0x00007f68d84227f8 sp=0x00007f68ce5db010
Event: 21,797 Thread 0x00007f68e81c0000 DEOPT UNPACKING pc=0x00007f68d7fad633 sp=0x00007f68ce5dae60 mode 0
Event: 21,831 Thread 0x00007f68e81c3800 DEOPT PACKING pc=0x00007f68d83061ec sp=0x00007f68ce3d8e10
Event: 21,831 Thread 0x00007f68e81c3800 DEOPT UNPACKING pc=0x00007f68d7fad633 sp=0x00007f68ce3d8b10 mode 0
Event: 21,914 Executing VM operation: ParallelGCFailedAllocation


Dynamic libraries:
00400000-00401000 r-xp 00000000 08:01 2362311                            /usr/lib/jvm/java-8-oracle/bin/java
00600000-00601000 rw-p 00000000 08:01 2362311                            /usr/lib/jvm/java-8-oracle/bin/java
011c1000-011e2000 rw-p 00000000 00:00 0                                  [heap]
c0000000-deb00000 rw-p 00000000 00:00 0 
eab00000-100000000 rw-p 00000000 00:00 0 
100000000-1000a0000 rw-p 00000000 00:00 0 
1000a0000-140000000 ---p 00000000 00:00 0 
7f6880000000-7f6880026000 rw-p 00000000 00:00 0 
7f6880026000-7f6884000000 ---p 00000000 00:00 0 
7f6888000000-7f6888046000 rw-p 00000000 00:00 0 
7f6888046000-7f688c000000 ---p 00000000 00:00 0 
7f688c000000-7f688c02e000 rw-p 00000000 00:00 0 
7f688c02e000-7f6890000000 ---p 00000000 00:00 0 
7f6890000000-7f689004c000 rw-p 00000000 00:00 0 
7f689004c000-7f6894000000 ---p 00000000 00:00 0 
7f6894000000-7f6894021000 rw-p 00000000 00:00 0 
7f6894021000-7f6898000000 ---p 00000000 00:00 0 
7f6898000000-7f6898021000 rw-p 00000000 00:00 0 
7f6898021000-7f689c000000 ---p 00000000 00:00 0 
7f689c000000-7f689c021000 rw-p 00000000 00:00 0 
7f689c021000-7f68a0000000 ---p 00000000 00:00 0 
7f68a0000000-7f68a150b000 rw-p 00000000 00:00 0 
7f68a150b000-7f68a4000000 ---p 00000000 00:00 0 
7f68a4000000-7f68a4a89000 rw-p 00000000 00:00 0 
7f68a4a89000-7f68a8000000 ---p 00000000 00:00 0 
7f68a8000000-7f68a8021000 rw-p 00000000 00:00 0 
7f68a8021000-7f68ac000000 ---p 00000000 00:00 0 
7f68ac000000-7f68adbe0000 rw-p 00000000 00:00 0 
7f68adbe0000-7f68b0000000 ---p 00000000 00:00 0 
7f68b0000000-7f68b0021000 rw-p 00000000 00:00 0 
7f68b0021000-7f68b4000000 ---p 00000000 00:00 0 
7f68b4000000-7f68b4021000 rw-p 00000000 00:00 0 
7f68b4021000-7f68b8000000 ---p 00000000 00:00 0 
7f68b8000000-7f68b8021000 rw-p 00000000 00:00 0 
7f68b8021000-7f68bc000000 ---p 00000000 00:00 0 
7f68bc000000-7f68bc28f000 rw-p 00000000 00:00 0 
7f68bc28f000-7f68c0000000 ---p 00000000 00:00 0 
7f68c0000000-7f68c0021000 rw-p 00000000 00:00 0 
7f68c0021000-7f68c4000000 ---p 00000000 00:00 0 
7f68c8000000-7f68c8021000 rw-p 00000000 00:00 0 
7f68c8021000-7f68cc000000 ---p 00000000 00:00 0 
7f68ce2da000-7f68ce2dd000 ---p 00000000 00:00 0 
7f68ce2dd000-7f68ce3db000 rw-p 00000000 00:00 0                          [stack:1494]
7f68ce3db000-7f68ce3de000 ---p 00000000 00:00 0 
7f68ce3de000-7f68ce4dc000 rw-p 00000000 00:00 0                          [stack:1493]
7f68ce4dc000-7f68ce4df000 ---p 00000000 00:00 0 
7f68ce4df000-7f68ce5dd000 rw-p 00000000 00:00 0                          [stack:1492]
7f68ce5dd000-7f68ce5e0000 ---p 00000000 00:00 0 
7f68ce5e0000-7f68ce6de000 rw-p 00000000 00:00 0                          [stack:1491]
7f68ce6de000-7f68ce6e1000 ---p 00000000 00:00 0 
7f68ce6e1000-7f68ce7df000 rw-p 00000000 00:00 0                          [stack:1490]
7f68ce7df000-7f68ce7e0000 ---p 00000000 00:00 0 
7f68ce7e0000-7f68ce8e0000 rw-p 00000000 00:00 0                          [stack:1489]
7f68ce8e0000-7f68ce8e3000 ---p 00000000 00:00 0 
7f68ce8e3000-7f68ce9e1000 rw-p 00000000 00:00 0                          [stack:1488]
7f68ce9e1000-7f68ce9e4000 ---p 00000000 00:00 0 
7f68ce9e4000-7f68ceae2000 rw-p 00000000 00:00 0                          [stack:1487]
7f68ceae2000-7f68ceae5000 ---p 00000000 00:00 0 
7f68ceae5000-7f68cebe3000 rw-p 00000000 00:00 0                          [stack:1486]
7f68cebe3000-7f68cebe6000 ---p 00000000 00:00 0 
7f68cebe6000-7f68cece4000 rw-p 00000000 00:00 0                          [stack:1485]
7f68cece4000-7f68cece7000 ---p 00000000 00:00 0 
7f68cece7000-7f68cede5000 rw-p 00000000 00:00 0                          [stack:1484]
7f68cede5000-7f68cf5f8000 r--p 00000000 08:01 1579663                    /usr/lib/locale/locale-archive
7f68cf5f8000-7f68cf5fb000 ---p 00000000 00:00 0 
7f68cf5fb000-7f68cf6f9000 rw-p 00000000 00:00 0                          [stack:1483]
7f68cf6f9000-7f68cf6fc000 ---p 00000000 00:00 0 
7f68cf6fc000-7f68cf7fa000 rw-p 00000000 00:00 0                          [stack:1482]
7f68cf7fa000-7f68cf7fb000 ---p 00000000 00:00 0 
7f68cf7fb000-7f68d0000000 rw-p 00000000 00:00 0                          [stack:1481]
7f68d0000000-7f68d0021000 rw-p 00000000 00:00 0 
7f68d0021000-7f68d4000000 ---p 00000000 00:00 0 
7f68d4024000-7f68d4049000 r--p 00000000 08:01 2361987                    /usr/share/locale-langpack/pl/LC_MESSAGES/libc.mo
7f68d4049000-7f68d40e6000 r--s 00799000 08:01 1835236                    /home/tomasz/AndroidStudioProjects/ITAssistant/app/build/intermediates/transforms/CLASSES/FULL_PROJECT/jarMerging/debug/classes.jar
7f68d40e6000-7f68d4b53000 rw-p 00000000 00:00 0 
7f68d4b53000-7f68d4d2b000 r--s 03d17000 08:01 2107729                    /usr/lib/jvm/java-8-oracle/jre/lib/rt.jar
7f68d4d2b000-7f68d5461000 rw-p 00000000 00:00 0 
7f68d5461000-7f68d55a1000 ---p 00000000 00:00 0 
7f68d55a1000-7f68d75a1000 rw-p 00000000 00:00 0 
7f68d75a1000-7f68d75a2000 ---p 00000000 00:00 0 
7f68d75a2000-7f68d76a2000 rw-p 00000000 00:00 0                          [stack:1480]
7f68d76a2000-7f68d76a3000 ---p 00000000 00:00 0 
7f68d76a3000-7f68d77a3000 rw-p 00000000 00:00 0                          [stack:1479]
7f68d77a3000-7f68d77a4000 ---p 00000000 00:00 0 
7f68d77a4000-7f68d78a4000 rw-p 00000000 00:00 0                          [stack:1478]
7f68d78a4000-7f68d78a5000 ---p 00000000 00:00 0 
7f68d78a5000-7f68d7a9b000 rw-p 00000000 00:00 0                          [stack:1477]
7f68d7a9b000-7f68d7afa000 ---p 00000000 00:00 0 
7f68d7afa000-7f68d7ba5000 rw-p 00000000 00:00 0 
7f68d7ba5000-7f68d7bd8000 rw-p 00000000 00:00 0 
7f68d7bd8000-7f68d7f66000 ---p 00000000 00:00 0 
7f68d7f66000-7f68d8bb6000 rwxp 00000000 00:00 0 
7f68d8bb6000-7f68e6f66000 ---p 00000000 00:00 0 
7f68e6f66000-7f68e6f80000 r-xp 00000000 08:01 2107706                    /usr/lib/jvm/java-8-oracle/jre/lib/amd64/libzip.so
7f68e6f80000-7f68e7180000 ---p 0001a000 08:01 2107706                    /usr/lib/jvm/java-8-oracle/jre/lib/amd64/libzip.so
7f68e7180000-7f68e7181000 rw-p 0001a000 08:01 2107706                    /usr/lib/jvm/java-8-oracle/jre/lib/amd64/libzip.so
7f68e7181000-7f68e718c000 r-xp 00000000 08:01 5771445                    /lib/x86_64-linux-gnu/libnss_files-2.19.so
7f68e718c000-7f68e738b000 ---p 0000b000 08:01 5771445                    /lib/x86_64-linux-gnu/libnss_files-2.19.so
7f68e738b000-7f68e738c000 r--p 0000a000 08:01 5771445                    /lib/x86_64-linux-gnu/libnss_files-2.19.so
7f68e738c000-7f68e738d000 rw-p 0000b000 08:01 5771445                    /lib/x86_64-linux-gnu/libnss_files-2.19.so
7f68e738d000-7f68e7398000 r-xp 00000000 08:01 5771455                    /lib/x86_64-linux-gnu/libnss_nis-2.19.so
7f68e7398000-7f68e7597000 ---p 0000b000 08:01 5771455                    /lib/x86_64-linux-gnu/libnss_nis-2.19.so
7f68e7597000-7f68e7598000 r--p 0000a000 08:01 5771455                    /lib/x86_64-linux-gnu/libnss_nis-2.19.so
7f68e7598000-7f68e7599000 rw-p 0000b000 08:01 5771455                    /lib/x86_64-linux-gnu/libnss_nis-2.19.so
7f68e7599000-7f68e75b0000 r-xp 00000000 08:01 5771439                    /lib/x86_64-linux-gnu/libnsl-2.19.so
7f68e75b0000-7f68e77af000 ---p 00017000 08:01 5771439                    /lib/x86_64-linux-gnu/libnsl-2.19.so
7f68e77af000-7f68e77b0000 r--p 00016000 08:01 5771439                    /lib/x86_64-linux-gnu/libnsl-2.19.so
7f68e77b0000-7f68e77b1000 rw-p 00017000 08:01 5771439                    /lib/x86_64-linux-gnu/libnsl-2.19.so
7f68e77b1000-7f68e77b3000 rw-p 00000000 00:00 0 
7f68e77b3000-7f68e77bc000 r-xp 00000000 08:01 5771441                    /lib/x86_64-linux-gnu/libnss_compat-2.19.so
7f68e77bc000-7f68e79bb000 ---p 00009000 08:01 5771441                    /lib/x86_64-linux-gnu/libnss_compat-2.19.so
7f68e79bb000-7f68e79bc000 r--p 00008000 08:01 5771441                    /lib/x86_64-linux-gnu/libnss_compat-2.19.so
7f68e79bc000-7f68e79bd000 rw-p 00009000 08:01 5771441                    /lib/x86_64-linux-gnu/libnss_compat-2.19.so
7f68e79bd000-7f68e79e7000 r-xp 00000000 08:01 2107695                    /usr/lib/jvm/java-8-oracle/jre/lib/amd64/libjava.so
7f68e79e7000-7f68e7be7000 ---p 0002a000 08:01 2107695                    /usr/lib/jvm/java-8-oracle/jre/lib/amd64/libjava.so
7f68e7be7000-7f68e7be9000 rw-p 0002a000 08:01 2107695                    /usr/lib/jvm/java-8-oracle/jre/lib/amd64/libjava.so
7f68e7be9000-7f68e7bf6000 r-xp 00000000 08:01 2107656                    /usr/lib/jvm/java-8-oracle/jre/lib/amd64/libverify.so
7f68e7bf6000-7f68e7df6000 ---p 0000d000 08:01 2107656                    /usr/lib/jvm/java-8-oracle/jre/lib/amd64/libverify.so
7f68e7df6000-7f68e7df8000 rw-p 0000d000 08:01 2107656                    /usr/lib/jvm/java-8-oracle/jre/lib/amd64/libverify.so
7f68e7df8000-7f68e7dff000 r-xp 00000000 08:01 5771498                    /lib/x86_64-linux-gnu/librt-2.19.so
7f68e7dff000-7f68e7ffe000 ---p 00007000 08:01 5771498                    /lib/x86_64-linux-gnu/librt-2.19.so
7f68e7ffe000-7f68e7fff000 r--p 00006000 08:01 5771498                    /lib/x86_64-linux-gnu/librt-2.19.so
7f68e7fff000-7f68e8000000 rw-p 00007000 08:01 5771498                    /lib/x86_64-linux-gnu/librt-2.19.so
7f68e8000000-7f68e83ce000 rw-p 00000000 00:00 0 
7f68e83ce000-7f68ec000000 ---p 00000000 00:00 0 
7f68ec008000-7f68ec00f000 r--s 00000000 08:01 1967077                    /usr/lib/x86_64-linux-gnu/gconv/gconv-modules.cache
7f68ec00f000-7f68ec154000 rw-p 00000000 00:00 0 
7f68ec154000-7f68ec1b4000 ---p 00000000 00:00 0 
7f68ec1b4000-7f68ec2b9000 r-xp 00000000 08:01 5771420                    /lib/x86_64-linux-gnu/libm-2.19.so
7f68ec2b9000-7f68ec4b8000 ---p 00105000 08:01 5771420                    /lib/x86_64-linux-gnu/libm-2.19.so
7f68ec4b8000-7f68ec4b9000 r--p 00104000 08:01 5771420                    /lib/x86_64-linux-gnu/libm-2.19.so
7f68ec4b9000-7f68ec4ba000 rw-p 00105000 08:01 5771420                    /lib/x86_64-linux-gnu/libm-2.19.so
7f68ec4ba000-7f68ed178000 r-xp 00000000 08:01 2107705                    /usr/lib/jvm/java-8-oracle/jre/lib/amd64/server/libjvm.so
7f68ed178000-7f68ed377000 ---p 00cbe000 08:01 2107705                    /usr/lib/jvm/java-8-oracle/jre/lib/amd64/server/libjvm.so
7f68ed377000-7f68ed44f000 rw-p 00cbd000 08:01 2107705                    /usr/lib/jvm/java-8-oracle/jre/lib/amd64/server/libjvm.so
7f68ed44f000-7f68ed494000 rw-p 00000000 00:00 0 
7f68ed494000-7f68ed64f000 r-xp 00000000 08:01 5771370                    /lib/x86_64-linux-gnu/libc-2.19.so
7f68ed64f000-7f68ed84e000 ---p 001bb000 08:01 5771370                    /lib/x86_64-linux-gnu/libc-2.19.so
7f68ed84e000-7f68ed852000 r--p 001ba000 08:01 5771370                    /lib/x86_64-linux-gnu/libc-2.19.so
7f68ed852000-7f68ed854000 rw-p 001be000 08:01 5771370                    /lib/x86_64-linux-gnu/libc-2.19.so
7f68ed854000-7f68ed859000 rw-p 00000000 00:00 0 
7f68ed859000-7f68ed85c000 r-xp 00000000 08:01 5771387                    /lib/x86_64-linux-gnu/libdl-2.19.so
7f68ed85c000-7f68eda5b000 ---p 00003000 08:01 5771387                    /lib/x86_64-linux-gnu/libdl-2.19.so
7f68eda5b000-7f68eda5c000 r--p 00002000 08:01 5771387                    /lib/x86_64-linux-gnu/libdl-2.19.so
7f68eda5c000-7f68eda5d000 rw-p 00003000 08:01 5771387                    /lib/x86_64-linux-gnu/libdl-2.19.so
7f68eda5d000-7f68eda72000 r-xp 00000000 08:01 3039267                    /usr/lib/jvm/java-8-oracle/lib/amd64/jli/libjli.so
7f68eda72000-7f68edc72000 ---p 00015000 08:01 3039267                    /usr/lib/jvm/java-8-oracle/lib/amd64/jli/libjli.so
7f68edc72000-7f68edc73000 rw-p 00015000 08:01 3039267                    /usr/lib/jvm/java-8-oracle/lib/amd64/jli/libjli.so
7f68edc73000-7f68edc8c000 r-xp 00000000 08:01 5771490                    /lib/x86_64-linux-gnu/libpthread-2.19.so
7f68edc8c000-7f68ede8b000 ---p 00019000 08:01 5771490                    /lib/x86_64-linux-gnu/libpthread-2.19.so
7f68ede8b000-7f68ede8c000 r--p 00018000 08:01 5771490                    /lib/x86_64-linux-gnu/libpthread-2.19.so
7f68ede8c000-7f68ede8d000 rw-p 00019000 08:01 5771490                    /lib/x86_64-linux-gnu/libpthread-2.19.so
7f68ede8d000-7f68ede91000 rw-p 00000000 00:00 0 
7f68ede91000-7f68edeb4000 r-xp 00000000 08:01 5771346                    /lib/x86_64-linux-gnu/ld-2.19.so
7f68edeb9000-7f68edf92000 rw-p 00000000 00:00 0 
7f68edf92000-7f68edf95000 ---p 00000000 00:00 0 
7f68edf95000-7f68ee098000 rw-p 00000000 00:00 0                          [stack:1476]
7f68ee098000-7f68ee0a7000 r--s 000df000 08:01 656243                     /home/tomasz/Android/Sdk/build-tools/23.0.1/lib/dx.jar
7f68ee0a7000-7f68ee0af000 rw-s 00000000 08:01 7605323                    /tmp/hsperfdata_tomasz/1471
7f68ee0af000-7f68ee0b0000 rw-p 00000000 00:00 0 
7f68ee0b0000-7f68ee0b1000 ---p 00000000 00:00 0 
7f68ee0b1000-7f68ee0b3000 rw-p 00000000 00:00 0 
7f68ee0b3000-7f68ee0b4000 r--p 00022000 08:01 5771346                    /lib/x86_64-linux-gnu/ld-2.19.so
7f68ee0b4000-7f68ee0b5000 rw-p 00023000 08:01 5771346                    /lib/x86_64-linux-gnu/ld-2.19.so
7f68ee0b5000-7f68ee0b6000 rw-p 00000000 00:00 0 
7ffc141bd000-7ffc141de000 rw-p 00000000 00:00 0                          [stack]
7ffc141e5000-7ffc141e7000 r--p 00000000 00:00 0                          [vvar]
7ffc141e7000-7ffc141e9000 r-xp 00000000 00:00 0                          [vdso]
ffffffffff600000-ffffffffff601000 r-xp 00000000 00:00 0                  [vsyscall]

VM Arguments:
jvm_args: -Xmx1024M -Dfile.encoding=UTF-8 -Duser.country=PL -Duser.language=pl -Duser.variant 
java_command: com.android.dx.command.Main --dex --num-threads=4 --multi-dex --main-dex-list /home/tomasz/AndroidStudioProjects/ITAssistant/app/build/intermediates/multi-dex/debug/maindexlist.txt --output /home/tomasz/AndroidStudioProjects/ITAssistant/app/build/intermediates/transforms/DEX/FULL_PROJECT/dex/debug /home/tomasz/AndroidStudioProjects/ITAssistant/app/build/intermediates/transforms/CLASSES/FULL_PROJECT/jarMerging/debug/classes.jar
java_class_path (initial): /home/tomasz/Android/Sdk/build-tools/23.0.1/lib/dx.jar
Launcher Type: SUN_STANDARD

Environment Variables:
PATH=/usr/local/sbin:/usr/local/bin:/usr/sbin:/usr/bin:/sbin:/bin:/usr/games:/usr/local/games
LD_LIBRARY_PATH=/opt/android-studio/bin:
SHELL=/bin/bash
DISPLAY=:0

Signal Handlers:
SIGSEGV: [libjvm.so+0xaba070], sa_mask[0]=11111111011111111101111111111110, sa_flags=SA_RESTART|SA_SIGINFO
SIGBUS: [libjvm.so+0xaba070], sa_mask[0]=11111111011111111101111111111110, sa_flags=SA_RESTART|SA_SIGINFO
SIGFPE: [libjvm.so+0x917630], sa_mask[0]=11111111011111111101111111111110, sa_flags=SA_RESTART|SA_SIGINFO
SIGPIPE: [libjvm.so+0x917630], sa_mask[0]=11111111011111111101111111111110, sa_flags=SA_RESTART|SA_SIGINFO
SIGXFSZ: [libjvm.so+0x917630], sa_mask[0]=11111111011111111101111111111110, sa_flags=SA_RESTART|SA_SIGINFO
SIGILL: [libjvm.so+0x917630], sa_mask[0]=11111111011111111101111111111110, sa_flags=SA_RESTART|SA_SIGINFO
SIGUSR1: SIG_DFL, sa_mask[0]=00000000000000000000000000000000, sa_flags=none
SIGUSR2: [libjvm.so+0x918c60], sa_mask[0]=00100000000000000000000000000000, sa_flags=SA_RESTART|SA_SIGINFO
SIGHUP: [libjvm.so+0x91a060], sa_mask[0]=11111111011111111101111111111110, sa_flags=SA_RESTART|SA_SIGINFO
SIGINT: [libjvm.so+0x91a060], sa_mask[0]=11111111011111111101111111111110, sa_flags=SA_RESTART|SA_SIGINFO
SIGTERM: [libjvm.so+0x91a060], sa_mask[0]=11111111011111111101111111111110, sa_flags=SA_RESTART|SA_SIGINFO
SIGQUIT: [libjvm.so+0x91a060], sa_mask[0]=11111111011111111101111111111110, sa_flags=SA_RESTART|SA_SIGINFO


---------------  S Y S T E M  ---------------

OS:DISTRIB_ID=Ubuntu
DISTRIB_RELEASE=14.04
DISTRIB_CODENAME=trusty
DISTRIB_DESCRIPTION="Ubuntu 14.04.3 LTS"

uname:Linux 3.19.0-30-generic #34~14.04.1-Ubuntu SMP Fri Oct 2 22:09:39 UTC 2015 x86_64
libc:glibc 2.19 NPTL 2.19 
rlimit: STACK 8192k, CORE 0k, NPROC 23202, NOFILE 4096, AS infinity
load average:5,52 1,68 1,12

/proc/meminfo:
MemTotal:        5961336 kB
MemFree:          136500 kB
MemAvailable:     128240 kB
Buffers:            2304 kB
Cached:           632924 kB
SwapCached:            0 kB
Active:          5012216 kB
Inactive:         604836 kB
Active(anon):    5006500 kB
Inactive(anon):   503784 kB
Active(file):       5716 kB
Inactive(file):   101052 kB
Unevictable:        2196 kB
Mlocked:            2196 kB
SwapTotal:             0 kB
SwapFree:              0 kB
Dirty:                92 kB
Writeback:             0 kB
AnonPages:       4984648 kB
Mapped:           297124 kB
Shmem:            527824 kB
Slab:              86412 kB
SReclaimable:      45636 kB
SUnreclaim:        40776 kB
KernelStack:       12208 kB
PageTables:        54260 kB
NFS_Unstable:          0 kB
Bounce:                0 kB
WritebackTmp:          0 kB
CommitLimit:     2980668 kB
Committed_AS:   10913292 kB
VmallocTotal:   34359738367 kB
VmallocUsed:      552008 kB
VmallocChunk:   34359178716 kB
HardwareCorrupted:     0 kB
AnonHugePages:   2492416 kB
CmaTotal:              0 kB
CmaFree:               0 kB
HugePages_Total:       0
HugePages_Free:        0
HugePages_Rsvd:        0
HugePages_Surp:        0
Hugepagesize:       2048 kB
DirectMap4k:      198912 kB
DirectMap2M:     5941248 kB


CPU:total 4 (2 cores per cpu, 2 threads per core) family 6 model 42 stepping 7, cmov, cx8, fxsr, mmx, sse, sse2, sse3, ssse3, sse4.1, sse4.2, popcnt, avx, aes, clmul, ht, tsc, tscinvbit

/proc/cpuinfo:
processor	: 0
vendor_id	: GenuineIntel
cpu family	: 6
model		: 42
model name	: Intel(R) Core(TM) i5-2450M CPU @ 2.50GHz
stepping	: 7
microcode	: 0x25
cpu MHz		: 2899.902
cache size	: 3072 KB
physical id	: 0
siblings	: 4
core id		: 0
cpu cores	: 2
apicid		: 0
initial apicid	: 0
fpu		: yes
fpu_exception	: yes
cpuid level	: 13
wp		: yes
flags		: fpu vme de pse tsc msr pae mce cx8 apic sep mtrr pge mca cmov pat pse36 clflush dts acpi mmx fxsr sse sse2 ss ht tm pbe syscall nx rdtscp lm constant_tsc arch_perfmon pebs bts rep_good nopl xtopology nonstop_tsc aperfmperf eagerfpu pni pclmulqdq dtes64 monitor ds_cpl vmx est tm2 ssse3 cx16 xtpr pdcm pcid sse4_1 sse4_2 x2apic popcnt tsc_deadline_timer aes xsave avx lahf_lm ida arat epb pln pts dtherm tpr_shadow vnmi flexpriority ept vpid xsaveopt
bugs		:
bogomips	: 4988.86
clflush size	: 64
cache_alignment	: 64
address sizes	: 36 bits physical, 48 bits virtual
power management:

processor	: 1
vendor_id	: GenuineIntel
cpu family	: 6
model		: 42
model name	: Intel(R) Core(TM) i5-2450M CPU @ 2.50GHz
stepping	: 7
microcode	: 0x25
cpu MHz		: 1634.179
cache size	: 3072 KB
physical id	: 0
siblings	: 4
core id		: 0
cpu cores	: 2
apicid		: 1
initial apicid	: 1
fpu		: yes
fpu_exception	: yes
cpuid level	: 13
wp		: yes
flags		: fpu vme de pse tsc msr pae mce cx8 apic sep mtrr pge mca cmov pat pse36 clflush dts acpi mmx fxsr sse sse2 ss ht tm pbe syscall nx rdtscp lm constant_tsc arch_perfmon pebs bts rep_good nopl xtopology nonstop_tsc aperfmperf eagerfpu pni pclmulqdq dtes64 monitor ds_cpl vmx est tm2 ssse3 cx16 xtpr pdcm pcid sse4_1 sse4_2 x2apic popcnt tsc_deadline_timer aes xsave avx lahf_lm ida arat epb pln pts dtherm tpr_shadow vnmi flexpriority ept vpid xsaveopt
bugs		:
bogomips	: 4988.86
clflush size	: 64
cache_alignment	: 64
address sizes	: 36 bits physical, 48 bits virtual
power management:

processor	: 2
vendor_id	: GenuineIntel
cpu family	: 6
model		: 42
model name	: Intel(R) Core(TM) i5-2450M CPU @ 2.50GHz
stepping	: 7
microcode	: 0x25
cpu MHz		: 2900.000
cache size	: 3072 KB
physical id	: 0
siblings	: 4
core id		: 1
cpu cores	: 2
apicid		: 2
initial apicid	: 2
fpu		: yes
fpu_exception	: yes
cpuid level	: 13
wp		: yes
flags		: fpu vme de pse tsc msr pae mce cx8 apic sep mtrr pge mca cmov pat pse36 clflush dts acpi mmx fxsr sse sse2 ss ht tm pbe syscall nx rdtscp lm constant_tsc arch_perfmon pebs bts rep_good nopl xtopology nonstop_tsc aperfmperf eagerfpu pni pclmulqdq dtes64 monitor ds_cpl vmx est tm2 ssse3 cx16 xtpr pdcm pcid sse4_1 sse4_2 x2apic popcnt tsc_deadline_timer aes xsave avx lahf_lm ida arat epb pln pts dtherm tpr_shadow vnmi flexpriority ept vpid xsaveopt
bugs		:
bogomips	: 4988.86
clflush size	: 64
cache_alignment	: 64
address sizes	: 36 bits physical, 48 bits virtual
power management:

processor	: 3
vendor_id	: GenuineIntel
cpu family	: 6
model		: 42
model name	: Intel(R) Core(TM) i5-2450M CPU @ 2.50GHz
stepping	: 7
microcode	: 0x25
cpu MHz		: 1963.476
cache size	: 3072 KB
physical id	: 0
siblings	: 4
core id		: 1
cpu cores	: 2
apicid		: 3
initial apicid	: 3
fpu		: yes
fpu_exception	: yes
cpuid level	: 13
wp		: yes
flags		: fpu vme de pse tsc msr pae mce cx8 apic sep mtrr pge mca cmov pat pse36 clflush dts acpi mmx fxsr sse sse2 ss ht tm pbe syscall nx rdtscp lm constant_tsc arch_perfmon pebs bts rep_good nopl xtopology nonstop_tsc aperfmperf eagerfpu pni pclmulqdq dtes64 monitor ds_cpl vmx est tm2 ssse3 cx16 xtpr pdcm pcid sse4_1 sse4_2 x2apic popcnt tsc_deadline_timer aes xsave avx lahf_lm ida arat epb pln pts dtherm tpr_shadow vnmi flexpriority ept vpid xsaveopt
bugs		:
bogomips	: 4988.86
clflush size	: 64
cache_alignment	: 64
address sizes	: 36 bits physical, 48 bits virtual
power management:



Memory: 4k page, physical 5961336k(136500k free), swap 0k(0k free)

vm_info: Java HotSpot(TM) 64-Bit Server VM (25.60-b23) for linux-amd64 JRE (1.8.0_60-b27), built on Aug  4 2015 12:19:40 by "java_re" with gcc 4.3.0 20080428 (Red Hat 4.3.0-8)

time: Sun Oct 25 14:42:54 2015
elapsed time: 30 seconds (0d 0h 0m 30s)

