#
# There is insufficient memory for the Java Runtime Environment to continue.
# Native memory allocation (mmap) failed to map 132644864 bytes for committing reserved memory.
# Possible reasons:
#   The system is out of physical RAM or swap space
#   In 32 bit mode, the process size limit was hit
# Possible solutions:
#   Reduce memory load on the system
#   Increase physical memory or swap space
#   Check if swap backing store is full
#   Use 64 bit Java on a 64 bit OS
#   Decrease Java heap size (-Xmx/-Xms)
#   Decrease number of Java threads
#   Decrease Java thread stack sizes (-Xss)
#   Set larger code cache with -XX:ReservedCodeCacheSize=
# This output file may be truncated or incomplete.
#
#  Out of Memory Error (os_linux.cpp:2627), pid=14133, tid=140370857486080
#
# JRE version: Java(TM) SE Runtime Environment (8.0_66-b17) (build 1.8.0_66-b17)
# Java VM: Java HotSpot(TM) 64-Bit Server VM (25.66-b17 mixed mode linux-amd64 compressed oops)
# Failed to write core dump. Core dumps have been disabled. To enable core dumping, try "ulimit -c unlimited" before starting Java again
#

---------------  T H R E A D  ---------------

Current thread (0x00007faac0078000):  VMThread [stack: 0x00007faaa308e000,0x00007faaa318f000] [id=14142]

Stack: [0x00007faaa308e000,0x00007faaa318f000],  sp=0x00007faaa318d2e0,  free space=1020k
Native frames: (J=compiled Java code, j=interpreted, Vv=VM code, C=native code)
V  [libjvm.so+0xab9a1a]  VMError::report_and_die()+0x2ba
V  [libjvm.so+0x4f9e0b]  report_vm_out_of_memory(char const*, int, unsigned long, VMErrorType, char const*)+0x8b
V  [libjvm.so+0x91a8a3]  os::Linux::commit_memory_impl(char*, unsigned long, bool)+0x103
V  [libjvm.so+0x91adf9]  os::pd_commit_memory(char*, unsigned long, unsigned long, bool)+0x29
V  [libjvm.so+0x91510a]  os::commit_memory(char*, unsigned long, unsigned long, bool)+0x2a
V  [libjvm.so+0x9887a3]  PSVirtualSpace::expand_by(unsigned long)+0x53
V  [libjvm.so+0x979090]  PSOldGen::expand(unsigned long)+0x170
V  [libjvm.so+0x97929b]  PSOldGen::resize(unsigned long)+0x1cb
V  [libjvm.so+0x980f71]  PSParallelCompact::invoke_no_policy(bool)+0x991
V  [libjvm.so+0x9868cd]  PSScavenge::invoke()+0x1ad
V  [libjvm.so+0x93e500]  ParallelScavengeHeap::failed_mem_allocate(unsigned long)+0x70
V  [libjvm.so+0xabb437]  VM_ParallelGCFailedAllocation::doit()+0x97
V  [libjvm.so+0xac2e65]  VM_Operation::evaluate()+0x55
V  [libjvm.so+0xac123a]  VMThread::evaluate_operation(VM_Operation*)+0xba
V  [libjvm.so+0xac15be]  VMThread::loop()+0x1ce
V  [libjvm.so+0xac1a30]  VMThread::run()+0x70
V  [libjvm.so+0x91cc68]  java_start(Thread*)+0x108

VM_Operation (0x00007faaa1f8dea0): ParallelGCFailedAllocation, mode: safepoint, requested by thread 0x00007faac018e800


---------------  P R O C E S S  ---------------

Java Threads: ( => current thread )
  0x00007faac0195800 JavaThread "pool-2-thread-4" [_thread_blocked, id=14155, stack(0x00007faaa1a8b000,0x00007faaa1b8c000)]
  0x00007faac0194000 JavaThread "pool-2-thread-3" [_thread_blocked, id=14154, stack(0x00007faaa1b8c000,0x00007faaa1c8d000)]
  0x00007faac0192000 JavaThread "pool-2-thread-2" [_thread_blocked, id=14153, stack(0x00007faaa1c8d000,0x00007faaa1d8e000)]
  0x00007faac0191000 JavaThread "pool-3-thread-1" [_thread_blocked, id=14152, stack(0x00007faaa1d8e000,0x00007faaa1e8f000)]
  0x00007faac018e800 JavaThread "pool-2-thread-1" [_thread_blocked, id=14151, stack(0x00007faaa1e8f000,0x00007faaa1f90000)]
  0x00007faac00c8800 JavaThread "Service Thread" daemon [_thread_blocked, id=14149, stack(0x00007faaa2174000,0x00007faaa2275000)]
  0x00007faac00bb000 JavaThread "C1 CompilerThread2" daemon [_thread_blocked, id=14148, stack(0x00007faaa2275000,0x00007faaa2376000)]
  0x00007faac00b9800 JavaThread "C2 CompilerThread1" daemon [_thread_in_native, id=14147, stack(0x00007faaa2376000,0x00007faaa2477000)]
  0x00007faac00b6800 JavaThread "C2 CompilerThread0" daemon [_thread_blocked, id=14146, stack(0x00007faaa2477000,0x00007faaa2578000)]
  0x00007faac00b5000 JavaThread "Signal Dispatcher" daemon [_thread_blocked, id=14145, stack(0x00007faaa2578000,0x00007faaa2679000)]
  0x00007faac007f000 JavaThread "Finalizer" daemon [_thread_blocked, id=14144, stack(0x00007faaa2e8c000,0x00007faaa2f8d000)]
  0x00007faac007d000 JavaThread "Reference Handler" daemon [_thread_blocked, id=14143, stack(0x00007faaa2f8d000,0x00007faaa308e000)]
  0x00007faac000a000 JavaThread "main" [_thread_blocked, id=14137, stack(0x00007faac7cb4000,0x00007faac7db5000)]

Other Threads:
=>0x00007faac0078000 VMThread [stack: 0x00007faaa308e000,0x00007faaa318f000] [id=14142]
  0x00007faac00cb000 WatcherThread [stack: 0x00007faaa2073000,0x00007faaa2174000] [id=14150]

VM state:at safepoint (normal execution)

VM Mutex/Monitor currently owned by a thread:  ([mutex/lock_event])
[0x00007faac0005ef0] ExpandHeap_lock - owner thread: 0x00007faac0078000
[0x00007faac0006570] Threads_lock - owner thread: 0x00007faac0078000
[0x00007faac0006a70] Heap_lock - owner thread: 0x00007faac018e800

Heap:
 PSYoungGen      total 523264K, used 0K [0x00000000d5580000, 0x0000000100000000, 0x0000000100000000)
  eden space 428544K, 0% used [0x00000000d5580000,0x00000000d5580000,0x00000000ef800000)
  from space 94720K, 0% used [0x00000000ef800000,0x00000000ef800000,0x00000000f5480000)
  to   space 100864K, 0% used [0x00000000f9d80000,0x00000000f9d80000,0x0000000100000000)
 ParOldGen       total 245248K, used 231359K [0x0000000080000000, 0x000000008ef80000, 0x00000000d5580000)
  object space 245248K, 94% used [0x0000000080000000,0x000000008e1efe58,0x000000008ef80000)
 Metaspace       used 6559K, capacity 7320K, committed 7680K, reserved 1056768K
  class space    used 615K, capacity 656K, committed 768K, reserved 1048576K

Card table byte_map: [0x00007faac467e000,0x00007faac4a7f000] byte_map_base: 0x00007faac427e000

Marking Bits: (ParMarkBitMap*) 0x00007faac718e020
 Begin Bits: [0x00007faaa8000000, 0x00007faaaa000000)
 End Bits:   [0x00007faaaa000000, 0x00007faaac000000)

Polling page: 0x00007faac7dd5000

CodeCache: size=245760Kb used=10642Kb max_used=10669Kb free=235117Kb
 bounds [0x00007faab1000000, 0x00007faab1a70000, 0x00007faac0000000]
 total_blobs=2690 nmethods=2421 adapters=182
 compilation: enabled

Compilation events (10 events):
Event: 10,614 Thread 0x00007faac00bb000 2640       1       java.util.concurrent.ThreadPoolExecutor::beforeExecute (1 bytes)
Event: 10,614 Thread 0x00007faac00bb000 nmethod 2640 0x00007faab1a20d90 code [0x00007faab1a20ee0, 0x00007faab1a20ff0]
Event: 10,626 Thread 0x00007faac00b6800 nmethod 2434 0x00007faab1a613d0 code [0x00007faab1a61a80, 0x00007faab1a67a60]
Event: 10,626 Thread 0x00007faac00b6800 2634       4       com.android.dx.ssa.LocalVariableExtractor::processBlock (383 bytes)
Event: 10,634 Thread 0x00007faac00bb000 2641 %     3       sun.util.calendar.ZoneInfo::getTransitionIndex @ 12 (156 bytes)
Event: 10,635 Thread 0x00007faac00bb000 nmethod 2641% 0x00007faab1a60910 code [0x00007faab1a60aa0, 0x00007faab1a60fd0]
Event: 10,636 Thread 0x00007faac00bb000 2642       1       java.util.concurrent.ThreadPoolExecutor::afterExecute (1 bytes)
Event: 10,636 Thread 0x00007faac00bb000 nmethod 2642 0x00007faab1a60650 code [0x00007faab1a607a0, 0x00007faab1a608b0]
Event: 10,655 Thread 0x00007faac00bb000 2643   !   2       com.android.dx.dex.code.OutputFinisher::reverseBranch (73 bytes)
Event: 10,657 Thread 0x00007faac00bb000 nmethod 2643 0x00007faab1a5f290 code [0x00007faab1a5f4a0, 0x00007faab1a5fc08]

GC Heap History (10 events):
Event: 4,485 GC heap after
Heap after GC invocations=9 (full 1):
 PSYoungGen      total 399360K, used 16336K [0x00000000d5580000, 0x00000000f1c80000, 0x0000000100000000)
  eden space 365056K, 0% used [0x00000000d5580000,0x00000000d5580000,0x00000000eba00000)
  from space 34304K, 47% used [0x00000000ee600000,0x00000000ef5f42b0,0x00000000f0780000)
  to   space 45056K, 0% used [0x00000000eba00000,0x00000000eba00000,0x00000000ee600000)
 ParOldGen       total 118784K, used 62561K [0x0000000080000000, 0x0000000087400000, 0x00000000d5580000)
  object space 118784K, 52% used [0x0000000080000000,0x0000000083d18658,0x0000000087400000)
 Metaspace       used 6414K, capacity 7256K, committed 7424K, reserved 1056768K
  class space    used 613K, capacity 656K, committed 768K, reserved 1048576K
}
Event: 5,727 GC heap before
{Heap before GC invocations=10 (full 1):
 PSYoungGen      total 399360K, used 381392K [0x00000000d5580000, 0x00000000f1c80000, 0x0000000100000000)
  eden space 365056K, 100% used [0x00000000d5580000,0x00000000eba00000,0x00000000eba00000)
  from space 34304K, 47% used [0x00000000ee600000,0x00000000ef5f42b0,0x00000000f0780000)
  to   space 45056K, 0% used [0x00000000eba00000,0x00000000eba00000,0x00000000ee600000)
 ParOldGen       total 118784K, used 62561K [0x0000000080000000, 0x0000000087400000, 0x00000000d5580000)
  object space 118784K, 52% used [0x0000000080000000,0x0000000083d18658,0x0000000087400000)
 Metaspace       used 6504K, capacity 7256K, committed 7424K, reserved 1056768K
  class space    used 614K, capacity 656K, committed 768K, reserved 1048576K
Event: 5,856 GC heap after
Heap after GC invocations=10 (full 1):
 PSYoungGen      total 410112K, used 45038K [0x00000000d5580000, 0x00000000f9200000, 0x0000000100000000)
  eden space 365056K, 0% used [0x00000000d5580000,0x00000000d5580000,0x00000000eba00000)
  from space 45056K, 99% used [0x00000000eba00000,0x00000000ee5fb900,0x00000000ee600000)
  to   space 62976K, 0% used [0x00000000f5480000,0x00000000f5480000,0x00000000f9200000)
 ParOldGen       total 118784K, used 85379K [0x0000000080000000, 0x0000000087400000, 0x00000000d5580000)
  object space 118784K, 71% used [0x0000000080000000,0x0000000085360ce8,0x0000000087400000)
 Metaspace       used 6504K, capacity 7256K, committed 7424K, reserved 1056768K
  class space    used 614K, capacity 656K, committed 768K, reserved 1048576K
}
Event: 7,155 GC heap before
{Heap before GC invocations=11 (full 1):
 PSYoungGen      total 410112K, used 410094K [0x00000000d5580000, 0x00000000f9200000, 0x0000000100000000)
  eden space 365056K, 100% used [0x00000000d5580000,0x00000000eba00000,0x00000000eba00000)
  from space 45056K, 99% used [0x00000000eba00000,0x00000000ee5fb900,0x00000000ee600000)
  to   space 62976K, 0% used [0x00000000f5480000,0x00000000f5480000,0x00000000f9200000)
 ParOldGen       total 118784K, used 85379K [0x0000000080000000, 0x0000000087400000, 0x00000000d5580000)
  object space 118784K, 71% used [0x0000000080000000,0x0000000085360ce8,0x0000000087400000)
 Metaspace       used 6546K, capacity 7320K, committed 7680K, reserved 1056768K
  class space    used 615K, capacity 656K, committed 768K, reserved 1048576K
Event: 7,456 GC heap after
Heap after GC invocations=11 (full 1):
 PSYoungGen      total 491520K, used 62947K [0x00000000d5580000, 0x00000000fdf00000, 0x0000000100000000)
  eden space 428544K, 0% used [0x00000000d5580000,0x00000000d5580000,0x00000000ef800000)
  from space 62976K, 99% used [0x00000000f5480000,0x00000000f91f8e60,0x00000000f9200000)
  to   space 94720K, 0% used [0x00000000ef800000,0x00000000ef800000,0x00000000f5480000)
 ParOldGen       total 142336K, used 142156K [0x0000000080000000, 0x0000000088b00000, 0x00000000d5580000)
  object space 142336K, 99% used [0x0000000080000000,0x0000000088ad3270,0x0000000088b00000)
 Metaspace       used 6546K, capacity 7320K, committed 7680K, reserved 1056768K
  class space    used 615K, capacity 656K, committed 768K, reserved 1048576K
}
Event: 7,456 GC heap before
{Heap before GC invocations=12 (full 2):
 PSYoungGen      total 491520K, used 62947K [0x00000000d5580000, 0x00000000fdf00000, 0x0000000100000000)
  eden space 428544K, 0% used [0x00000000d5580000,0x00000000d5580000,0x00000000ef800000)
  from space 62976K, 99% used [0x00000000f5480000,0x00000000f91f8e60,0x00000000f9200000)
  to   space 94720K, 0% used [0x00000000ef800000,0x00000000ef800000,0x00000000f5480000)
 ParOldGen       total 142336K, used 142156K [0x0000000080000000, 0x0000000088b00000, 0x00000000d5580000)
  object space 142336K, 99% used [0x0000000080000000,0x0000000088ad3270,0x0000000088b00000)
 Metaspace       used 6546K, capacity 7320K, committed 7680K, reserved 1056768K
  class space    used 615K, capacity 656K, committed 768K, reserved 1048576K
Event: 8,735 GC heap after
Heap after GC invocations=12 (full 2):
 PSYoungGen      total 491520K, used 58082K [0x00000000d5580000, 0x00000000fdf00000, 0x0000000100000000)
  eden space 428544K, 0% used [0x00000000d5580000,0x00000000d5580000,0x00000000ef800000)
  from space 62976K, 92% used [0x00000000f5480000,0x00000000f8d38b20,0x00000000f9200000)
  to   space 94720K, 0% used [0x00000000ef800000,0x00000000ef800000,0x00000000f5480000)
 ParOldGen       total 245248K, used 142155K [0x0000000080000000, 0x000000008ef80000, 0x00000000d5580000)
  object space 245248K, 57% used [0x0000000080000000,0x0000000088ad2dc8,0x000000008ef80000)
 Metaspace       used 6546K, capacity 7320K, committed 7680K, reserved 1056768K
  class space    used 615K, capacity 656K, committed 768K, reserved 1048576K
}
Event: 10,691 GC heap before
{Heap before GC invocations=13 (full 2):
 PSYoungGen      total 491520K, used 486626K [0x00000000d5580000, 0x00000000fdf00000, 0x0000000100000000)
  eden space 428544K, 100% used [0x00000000d5580000,0x00000000ef800000,0x00000000ef800000)
  from space 62976K, 92% used [0x00000000f5480000,0x00000000f8d38b20,0x00000000f9200000)
  to   space 94720K, 0% used [0x00000000ef800000,0x00000000ef800000,0x00000000f5480000)
 ParOldGen       total 245248K, used 142155K [0x0000000080000000, 0x000000008ef80000, 0x00000000d5580000)
  object space 245248K, 57% used [0x0000000080000000,0x0000000088ad2dc8,0x000000008ef80000)
 Metaspace       used 6559K, capacity 7320K, committed 7680K, reserved 1056768K
  class space    used 615K, capacity 656K, committed 768K, reserved 1048576K
Event: 11,075 GC heap after
Heap after GC invocations=13 (full 2):
 PSYoungGen      total 523264K, used 65570K [0x00000000d5580000, 0x0000000100000000, 0x0000000100000000)
  eden space 428544K, 0% used [0x00000000d5580000,0x00000000d5580000,0x00000000ef800000)
  from space 94720K, 69% used [0x00000000ef800000,0x00000000f3808ab8,0x00000000f5480000)
  to   space 100864K, 0% used [0x00000000f9d80000,0x00000000f9d80000,0x0000000100000000)
 ParOldGen       total 245248K, used 197656K [0x0000000080000000, 0x000000008ef80000, 0x00000000d5580000)
  object space 245248K, 80% used [0x0000000080000000,0x000000008c106090,0x000000008ef80000)
 Metaspace       used 6559K, capacity 7320K, committed 7680K, reserved 1056768K
  class space    used 615K, capacity 656K, committed 768K, reserved 1048576K
}
Event: 11,075 GC heap before
{Heap before GC invocations=14 (full 3):
 PSYoungGen      total 523264K, used 65570K [0x00000000d5580000, 0x0000000100000000, 0x0000000100000000)
  eden space 428544K, 0% used [0x00000000d5580000,0x00000000d5580000,0x00000000ef800000)
  from space 94720K, 69% used [0x00000000ef800000,0x00000000f3808ab8,0x00000000f5480000)
  to   space 100864K, 0% used [0x00000000f9d80000,0x00000000f9d80000,0x0000000100000000)
 ParOldGen       total 245248K, used 197656K [0x0000000080000000, 0x000000008ef80000, 0x00000000d5580000)
  object space 245248K, 80% used [0x0000000080000000,0x000000008c106090,0x000000008ef80000)
 Metaspace       used 6559K, capacity 7320K, committed 7680K, reserved 1056768K
  class space    used 615K, capacity 656K, committed 768K, reserved 1048576K

Deoptimization events (10 events):
Event: 2,710 Thread 0x00007faac0194000 Uncommon trap: reason=unstable_if action=reinterpret pc=0x00007faab1587508 method=java.util.HashMap.getNode(ILjava/lang/Object;)Ljava/util/HashMap$Node; @ 84
Event: 3,283 Thread 0x00007faac0195800 Uncommon trap: reason=unstable_if action=reinterpret pc=0x00007faab148881c method=java.util.HashMap.getNode(ILjava/lang/Object;)Ljava/util/HashMap$Node; @ 84
Event: 3,425 Thread 0x00007faac018e800 Uncommon trap: reason=unstable_if action=reinterpret pc=0x00007faab178c2fc method=com.android.dx.rop.code.RegisterSpec.equals(ILcom/android/dx/rop/type/TypeBearer;Lcom/android/dx/rop/code/LocalItem;)Z @ 42
Event: 3,516 Thread 0x00007faac0195800 Uncommon trap: reason=unstable_if action=reinterpret pc=0x00007faab1609008 method=com.android.dx.dex.code.OutputFinisher.hasLocalInfo(Lcom/android/dx/dex/code/DalvInsn;)Z @ 24
Event: 4,561 Thread 0x00007faac000a000 Uncommon trap: reason=unstable_if action=reinterpret pc=0x00007faab18220ec method=com.android.dx.ssa.SCCP.simulateBranch(Lcom/android/dx/ssa/SsaInsn;)V @ 548
Event: 4,767 Thread 0x00007faac0195800 Uncommon trap: reason=unstable_if action=reinterpret pc=0x00007faab16d5c58 method=com.android.dx.ssa.SCCP.simulateStmt(Lcom/android/dx/ssa/SsaInsn;)V @ 59
Event: 5,646 Thread 0x00007faac018e800 Uncommon trap: reason=unstable_if action=reinterpret pc=0x00007faab18f8a04 method=com.android.dx.rop.code.RegisterSpecSet.localItemToSpec(Lcom/android/dx/rop/code/LocalItem;)Lcom/android/dx/rop/code/RegisterSpec; @ 35
Event: 5,978 Thread 0x00007faac018e800 Uncommon trap: reason=unstable_if action=reinterpret pc=0x00007faab15b909c method=com.android.dx.rop.code.RegisterSpec.equals(ILcom/android/dx/rop/type/TypeBearer;Lcom/android/dx/rop/code/LocalItem;)Z @ 42
Event: 6,127 Thread 0x00007faac018e800 Uncommon trap: reason=unstable_if action=reinterpret pc=0x00007faab16e0ff4 method=com.android.dx.rop.code.RegisterSpec.equals(ILcom/android/dx/rop/type/TypeBearer;Lcom/android/dx/rop/code/LocalItem;)Z @ 42
Event: 6,481 Thread 0x00007faac0195800 Uncommon trap: reason=unstable_if action=reinterpret pc=0x00007faab19933f8 method=com.android.dx.rop.code.RegisterSpecSet.localItemToSpec(Lcom/android/dx/rop/code/LocalItem;)Lcom/android/dx/rop/code/RegisterSpec; @ 35

Internal exceptions (7 events):
Event: 0,026 Thread 0x00007faac000a000 Exception <a 'java/lang/NoSuchMethodError': Method sun.misc.Unsafe.defineClass(Ljava/lang/String;[BII)Ljava/lang/Class; name or signature does not match> (0x00000000d5592a60) thrown at [/HUDSON/workspace/8-2-build-linux-amd64/jdk8u66/4988/hotspot/src/shar
Event: 0,026 Thread 0x00007faac000a000 Exception <a 'java/lang/NoSuchMethodError': Method sun.misc.Unsafe.prefetchRead(Ljava/lang/Object;J)V name or signature does not match> (0x00000000d5592d48) thrown at [/HUDSON/workspace/8-2-build-linux-amd64/jdk8u66/4988/hotspot/src/share/vm/prims/jni.cpp
Event: 1,060 Thread 0x00007faac0192000 Implicit null exception at 0x00007faab133ed89 to 0x00007faab1341509
Event: 1,247 Thread 0x00007faac0192000 Implicit null exception at 0x00007faab1359d2d to 0x00007faab135c659
Event: 2,393 Thread 0x00007faac018e800 Exception <a 'java/lang/ArrayIndexOutOfBoundsException': 18> (0x00000000d87c4d58) thrown at [/HUDSON/workspace/8-2-build-linux-amd64/jdk8u66/4988/hotspot/src/share/vm/interpreter/interpreterRuntime.cpp, line 366]
Event: 2,393 Thread 0x00007faac018e800 Exception <a 'java/lang/ArrayIndexOutOfBoundsException': 145> (0x00000000d87c68d8) thrown at [/HUDSON/workspace/8-2-build-linux-amd64/jdk8u66/4988/hotspot/src/share/vm/interpreter/interpreterRuntime.cpp, line 366]
Event: 2,394 Thread 0x00007faac018e800 Exception <a 'java/lang/ArrayIndexOutOfBoundsException': 40> (0x00000000d87c7bc0) thrown at [/HUDSON/workspace/8-2-build-linux-amd64/jdk8u66/4988/hotspot/src/share/vm/interpreter/interpreterRuntime.cpp, line 366]

Events (10 events):
Event: 10,081 Thread 0x00007faac0194000 DEOPT UNPACKING pc=0x00007faab1047633 sp=0x00007faaa1c8a648 mode 0
Event: 10,197 Thread 0x00007faac0194000 DEOPT PACKING pc=0x00007faab15465da sp=0x00007faaa1c8ab80
Event: 10,197 Thread 0x00007faac0194000 DEOPT UNPACKING pc=0x00007faab1047633 sp=0x00007faaa1c8a9e0 mode 0
Event: 10,289 Thread 0x00007faac0192000 DEOPT PACKING pc=0x00007faab137546c sp=0x00007faaa1d8bb60
Event: 10,289 Thread 0x00007faac0192000 DEOPT UNPACKING pc=0x00007faab1047633 sp=0x00007faaa1d8b8b8 mode 0
Event: 10,587 Thread 0x00007faac0195800 DEOPT PACKING pc=0x00007faab15465da sp=0x00007faaa1b89c00
Event: 10,587 Thread 0x00007faac0195800 DEOPT UNPACKING pc=0x00007faab1047633 sp=0x00007faaa1b89a60 mode 0
Event: 10,660 Thread 0x00007faac0195800 DEOPT PACKING pc=0x00007faab15465da sp=0x00007faaa1b89c00
Event: 10,660 Thread 0x00007faac0195800 DEOPT UNPACKING pc=0x00007faab1047633 sp=0x00007faaa1b89a60 mode 0
Event: 10,691 Executing VM operation: ParallelGCFailedAllocation


Dynamic libraries:
00400000-00401000 r-xp 00000000 08:01 4591374                            /usr/lib/jvm/java-8-oracle/bin/java
00600000-00601000 rw-p 00000000 08:01 4591374                            /usr/lib/jvm/java-8-oracle/bin/java
00c30000-00c51000 rw-p 00000000 00:00 0                                  [heap]
80000000-8ef80000 rw-p 00000000 00:00 0 
96e00000-d5580000 ---p 00000000 00:00 0 
d5580000-100000000 rw-p 00000000 00:00 0 
100000000-1000c0000 rw-p 00000000 00:00 0 
1000c0000-140000000 ---p 00000000 00:00 0 
7faa5c000000-7faa5c025000 rw-p 00000000 00:00 0 
7faa5c025000-7faa60000000 ---p 00000000 00:00 0 
7faa64000000-7faa64027000 rw-p 00000000 00:00 0 
7faa64027000-7faa68000000 ---p 00000000 00:00 0 
7faa68000000-7faa68021000 rw-p 00000000 00:00 0 
7faa68021000-7faa6c000000 ---p 00000000 00:00 0 
7faa6c000000-7faa6c02e000 rw-p 00000000 00:00 0 
7faa6c02e000-7faa70000000 ---p 00000000 00:00 0 
7faa70000000-7faa70021000 rw-p 00000000 00:00 0 
7faa70021000-7faa74000000 ---p 00000000 00:00 0 
7faa74000000-7faa74021000 rw-p 00000000 00:00 0 
7faa74021000-7faa78000000 ---p 00000000 00:00 0 
7faa78000000-7faa78021000 rw-p 00000000 00:00 0 
7faa78021000-7faa7c000000 ---p 00000000 00:00 0 
7faa7c000000-7faa7d714000 rw-p 00000000 00:00 0 
7faa7d714000-7faa80000000 ---p 00000000 00:00 0 
7faa80000000-7faa809a1000 rw-p 00000000 00:00 0 
7faa809a1000-7faa84000000 ---p 00000000 00:00 0 
7faa84000000-7faa84021000 rw-p 00000000 00:00 0 
7faa84021000-7faa88000000 ---p 00000000 00:00 0 
7faa88000000-7faa89848000 rw-p 00000000 00:00 0 
7faa89848000-7faa8c000000 ---p 00000000 00:00 0 
7faa8c000000-7faa8c021000 rw-p 00000000 00:00 0 
7faa8c021000-7faa90000000 ---p 00000000 00:00 0 
7faa90000000-7faa90021000 rw-p 00000000 00:00 0 
7faa90021000-7faa94000000 ---p 00000000 00:00 0 
7faa94000000-7faa94021000 rw-p 00000000 00:00 0 
7faa94021000-7faa98000000 ---p 00000000 00:00 0 
7faa98000000-7faa9828f000 rw-p 00000000 00:00 0 
7faa9828f000-7faa9c000000 ---p 00000000 00:00 0 
7faa9c000000-7faa9c021000 rw-p 00000000 00:00 0 
7faa9c021000-7faaa0000000 ---p 00000000 00:00 0 
7faaa1a66000-7faaa1a8b000 r--p 00000000 08:01 2361987                    /usr/share/locale-langpack/pl/LC_MESSAGES/libc.mo
7faaa1a8b000-7faaa1a8e000 ---p 00000000 00:00 0 
7faaa1a8e000-7faaa1b8c000 rw-p 00000000 00:00 0                          [stack:14155]
7faaa1b8c000-7faaa1b8f000 ---p 00000000 00:00 0 
7faaa1b8f000-7faaa1c8d000 rw-p 00000000 00:00 0                          [stack:14154]
7faaa1c8d000-7faaa1c90000 ---p 00000000 00:00 0 
7faaa1c90000-7faaa1d8e000 rw-p 00000000 00:00 0                          [stack:14153]
7faaa1d8e000-7faaa1d91000 ---p 00000000 00:00 0 
7faaa1d91000-7faaa1e8f000 rw-p 00000000 00:00 0                          [stack:14152]
7faaa1e8f000-7faaa1e92000 ---p 00000000 00:00 0 
7faaa1e92000-7faaa1f90000 rw-p 00000000 00:00 0                          [stack:14151]
7faaa1f90000-7faaa2073000 r--s 00baf000 08:01 7078062                    /home/tomasz/AndroidStudioProjects/ITAssistant/app/build/intermediates/transforms/jarMerging/debug/jars/1/1f/combined.jar
7faaa2073000-7faaa2074000 ---p 00000000 00:00 0 
7faaa2074000-7faaa2174000 rw-p 00000000 00:00 0                          [stack:14150]
7faaa2174000-7faaa2177000 ---p 00000000 00:00 0 
7faaa2177000-7faaa2275000 rw-p 00000000 00:00 0                          [stack:14149]
7faaa2275000-7faaa2278000 ---p 00000000 00:00 0 
7faaa2278000-7faaa2376000 rw-p 00000000 00:00 0                          [stack:14148]
7faaa2376000-7faaa2379000 ---p 00000000 00:00 0 
7faaa2379000-7faaa2477000 rw-p 00000000 00:00 0                          [stack:14147]
7faaa2477000-7faaa247a000 ---p 00000000 00:00 0 
7faaa247a000-7faaa2578000 rw-p 00000000 00:00 0                          [stack:14146]
7faaa2578000-7faaa257b000 ---p 00000000 00:00 0 
7faaa257b000-7faaa2679000 rw-p 00000000 00:00 0                          [stack:14145]
7faaa2679000-7faaa2e8c000 r--p 00000000 08:01 1579663                    /usr/lib/locale/locale-archive
7faaa2e8c000-7faaa2e8f000 ---p 00000000 00:00 0 
7faaa2e8f000-7faaa2f8d000 rw-p 00000000 00:00 0                          [stack:14144]
7faaa2f8d000-7faaa2f90000 ---p 00000000 00:00 0 
7faaa2f90000-7faaa308e000 rw-p 00000000 00:00 0                          [stack:14143]
7faaa308e000-7faaa308f000 ---p 00000000 00:00 0 
7faaa308f000-7faaa4000000 rw-p 00000000 00:00 0                          [stack:14142]
7faaa4000000-7faaa4021000 rw-p 00000000 00:00 0 
7faaa4021000-7faaa8000000 ---p 00000000 00:00 0 
7faaa8000000-7faaac000000 rw-p 00000000 00:00 0 
7faaac000000-7faaac021000 rw-p 00000000 00:00 0 
7faaac021000-7faab0000000 ---p 00000000 00:00 0 
7faab0004000-7faab0126000 rw-p 00000000 00:00 0 
7faab0126000-7faab02ff000 r--s 03d20000 08:01 4069182                    /usr/lib/jvm/java-8-oracle/jre/lib/rt.jar
7faab02ff000-7faab09bf000 rw-p 00000000 00:00 0 
7faab09bf000-7faab0aff000 ---p 00000000 00:00 0 
7faab0aff000-7faab0eff000 rw-p 00000000 00:00 0 
7faab0eff000-7faab0f00000 ---p 00000000 00:00 0 
7faab0f00000-7faab1000000 rw-p 00000000 00:00 0                          [stack:14141]
7faab1000000-7faab1a70000 rwxp 00000000 00:00 0 
7faab1a70000-7faac0000000 ---p 00000000 00:00 0 
7faac0000000-7faac03c4000 rw-p 00000000 00:00 0 
7faac03c4000-7faac4000000 ---p 00000000 00:00 0 
7faac400b000-7faac40d0000 rw-p 00000000 00:00 0 
7faac40d0000-7faac40d1000 ---p 00000000 00:00 0 
7faac40d1000-7faac41d1000 rw-p 00000000 00:00 0                          [stack:14140]
7faac41d1000-7faac41d2000 ---p 00000000 00:00 0 
7faac41d2000-7faac42d2000 rw-p 00000000 00:00 0                          [stack:14139]
7faac42d2000-7faac42d3000 ---p 00000000 00:00 0 
7faac42d3000-7faac444b000 rw-p 00000000 00:00 0                          [stack:14138]
7faac444b000-7faac467e000 ---p 00000000 00:00 0 
7faac467e000-7faac46f6000 rw-p 00000000 00:00 0 
7faac46f6000-7faac4928000 ---p 00000000 00:00 0 
7faac4928000-7faac4a7e000 rw-p 00000000 00:00 0 
7faac4a7e000-7faac4aa9000 rw-p 00000000 00:00 0 
7faac4aa9000-7faac4e3f000 ---p 00000000 00:00 0 
7faac4e3f000-7faac4e59000 r-xp 00000000 08:01 4069168                    /usr/lib/jvm/java-8-oracle/jre/lib/amd64/libzip.so
7faac4e59000-7faac5059000 ---p 0001a000 08:01 4069168                    /usr/lib/jvm/java-8-oracle/jre/lib/amd64/libzip.so
7faac5059000-7faac505a000 rw-p 0001a000 08:01 4069168                    /usr/lib/jvm/java-8-oracle/jre/lib/amd64/libzip.so
7faac505a000-7faac5065000 r-xp 00000000 08:01 5771445                    /lib/x86_64-linux-gnu/libnss_files-2.19.so
7faac5065000-7faac5264000 ---p 0000b000 08:01 5771445                    /lib/x86_64-linux-gnu/libnss_files-2.19.so
7faac5264000-7faac5265000 r--p 0000a000 08:01 5771445                    /lib/x86_64-linux-gnu/libnss_files-2.19.so
7faac5265000-7faac5266000 rw-p 0000b000 08:01 5771445                    /lib/x86_64-linux-gnu/libnss_files-2.19.so
7faac5266000-7faac5271000 r-xp 00000000 08:01 5771455                    /lib/x86_64-linux-gnu/libnss_nis-2.19.so
7faac5271000-7faac5470000 ---p 0000b000 08:01 5771455                    /lib/x86_64-linux-gnu/libnss_nis-2.19.so
7faac5470000-7faac5471000 r--p 0000a000 08:01 5771455                    /lib/x86_64-linux-gnu/libnss_nis-2.19.so
7faac5471000-7faac5472000 rw-p 0000b000 08:01 5771455                    /lib/x86_64-linux-gnu/libnss_nis-2.19.so
7faac5472000-7faac5489000 r-xp 00000000 08:01 5771439                    /lib/x86_64-linux-gnu/libnsl-2.19.so
7faac5489000-7faac5688000 ---p 00017000 08:01 5771439                    /lib/x86_64-linux-gnu/libnsl-2.19.so
7faac5688000-7faac5689000 r--p 00016000 08:01 5771439                    /lib/x86_64-linux-gnu/libnsl-2.19.so
7faac5689000-7faac568a000 rw-p 00017000 08:01 5771439                    /lib/x86_64-linux-gnu/libnsl-2.19.so
7faac568a000-7faac568c000 rw-p 00000000 00:00 0 
7faac568c000-7faac5695000 r-xp 00000000 08:01 5771441                    /lib/x86_64-linux-gnu/libnss_compat-2.19.so
7faac5695000-7faac5894000 ---p 00009000 08:01 5771441                    /lib/x86_64-linux-gnu/libnss_compat-2.19.so
7faac5894000-7faac5895000 r--p 00008000 08:01 5771441                    /lib/x86_64-linux-gnu/libnss_compat-2.19.so
7faac5895000-7faac5896000 rw-p 00009000 08:01 5771441                    /lib/x86_64-linux-gnu/libnss_compat-2.19.so
7faac5896000-7faac58c0000 r-xp 00000000 08:01 4069157                    /usr/lib/jvm/java-8-oracle/jre/lib/amd64/libjava.so
7faac58c0000-7faac5ac0000 ---p 0002a000 08:01 4069157                    /usr/lib/jvm/java-8-oracle/jre/lib/amd64/libjava.so
7faac5ac0000-7faac5ac2000 rw-p 0002a000 08:01 4069157                    /usr/lib/jvm/java-8-oracle/jre/lib/amd64/libjava.so
7faac5ac2000-7faac5acf000 r-xp 00000000 08:01 4069118                    /usr/lib/jvm/java-8-oracle/jre/lib/amd64/libverify.so
7faac5acf000-7faac5ccf000 ---p 0000d000 08:01 4069118                    /usr/lib/jvm/java-8-oracle/jre/lib/amd64/libverify.so
7faac5ccf000-7faac5cd1000 rw-p 0000d000 08:01 4069118                    /usr/lib/jvm/java-8-oracle/jre/lib/amd64/libverify.so
7faac5cd1000-7faac5cd8000 r-xp 00000000 08:01 5771498                    /lib/x86_64-linux-gnu/librt-2.19.so
7faac5cd8000-7faac5ed7000 ---p 00007000 08:01 5771498                    /lib/x86_64-linux-gnu/librt-2.19.so
7faac5ed7000-7faac5ed8000 r--p 00006000 08:01 5771498                    /lib/x86_64-linux-gnu/librt-2.19.so
7faac5ed8000-7faac5ed9000 rw-p 00007000 08:01 5771498                    /lib/x86_64-linux-gnu/librt-2.19.so
7faac5ed9000-7faac5fde000 r-xp 00000000 08:01 5771420                    /lib/x86_64-linux-gnu/libm-2.19.so
7faac5fde000-7faac61dd000 ---p 00105000 08:01 5771420                    /lib/x86_64-linux-gnu/libm-2.19.so
7faac61dd000-7faac61de000 r--p 00104000 08:01 5771420                    /lib/x86_64-linux-gnu/libm-2.19.so
7faac61de000-7faac61df000 rw-p 00105000 08:01 5771420                    /lib/x86_64-linux-gnu/libm-2.19.so
7faac61df000-7faac6e9d000 r-xp 00000000 08:01 4069167                    /usr/lib/jvm/java-8-oracle/jre/lib/amd64/server/libjvm.so
7faac6e9d000-7faac709c000 ---p 00cbe000 08:01 4069167                    /usr/lib/jvm/java-8-oracle/jre/lib/amd64/server/libjvm.so
7faac709c000-7faac7175000 rw-p 00cbd000 08:01 4069167                    /usr/lib/jvm/java-8-oracle/jre/lib/amd64/server/libjvm.so
7faac7175000-7faac71b9000 rw-p 00000000 00:00 0 
7faac71b9000-7faac7374000 r-xp 00000000 08:01 5771370                    /lib/x86_64-linux-gnu/libc-2.19.so
7faac7374000-7faac7573000 ---p 001bb000 08:01 5771370                    /lib/x86_64-linux-gnu/libc-2.19.so
7faac7573000-7faac7577000 r--p 001ba000 08:01 5771370                    /lib/x86_64-linux-gnu/libc-2.19.so
7faac7577000-7faac7579000 rw-p 001be000 08:01 5771370                    /lib/x86_64-linux-gnu/libc-2.19.so
7faac7579000-7faac757e000 rw-p 00000000 00:00 0 
7faac757e000-7faac7581000 r-xp 00000000 08:01 5771387                    /lib/x86_64-linux-gnu/libdl-2.19.so
7faac7581000-7faac7780000 ---p 00003000 08:01 5771387                    /lib/x86_64-linux-gnu/libdl-2.19.so
7faac7780000-7faac7781000 r--p 00002000 08:01 5771387                    /lib/x86_64-linux-gnu/libdl-2.19.so
7faac7781000-7faac7782000 rw-p 00003000 08:01 5771387                    /lib/x86_64-linux-gnu/libdl-2.19.so
7faac7782000-7faac7797000 r-xp 00000000 08:01 4727160                    /usr/lib/jvm/java-8-oracle/lib/amd64/jli/libjli.so
7faac7797000-7faac7997000 ---p 00015000 08:01 4727160                    /usr/lib/jvm/java-8-oracle/lib/amd64/jli/libjli.so
7faac7997000-7faac7998000 rw-p 00015000 08:01 4727160                    /usr/lib/jvm/java-8-oracle/lib/amd64/jli/libjli.so
7faac7998000-7faac79b1000 r-xp 00000000 08:01 5771490                    /lib/x86_64-linux-gnu/libpthread-2.19.so
7faac79b1000-7faac7bb0000 ---p 00019000 08:01 5771490                    /lib/x86_64-linux-gnu/libpthread-2.19.so
7faac7bb0000-7faac7bb1000 r--p 00018000 08:01 5771490                    /lib/x86_64-linux-gnu/libpthread-2.19.so
7faac7bb1000-7faac7bb2000 rw-p 00019000 08:01 5771490                    /lib/x86_64-linux-gnu/libpthread-2.19.so
7faac7bb2000-7faac7bb6000 rw-p 00000000 00:00 0 
7faac7bb6000-7faac7bd9000 r-xp 00000000 08:01 5771346                    /lib/x86_64-linux-gnu/ld-2.19.so
7faac7be1000-7faac7be8000 r--s 00000000 08:01 1967077                    /usr/lib/x86_64-linux-gnu/gconv/gconv-modules.cache
7faac7be8000-7faac7cb4000 rw-p 00000000 00:00 0 
7faac7cb4000-7faac7cb7000 ---p 00000000 00:00 0 
7faac7cb7000-7faac7db9000 rw-p 00000000 00:00 0                          [stack:14137]
7faac7dbc000-7faac7dbd000 rw-p 00000000 00:00 0 
7faac7dbd000-7faac7dcc000 r--s 000df000 08:01 10635452                   /home/tomasz/Android/Sdk/build-tools/23.0.2/lib/dx.jar
7faac7dcc000-7faac7dd4000 rw-s 00000000 08:01 6821089                    /tmp/hsperfdata_tomasz/14133
7faac7dd4000-7faac7dd5000 rw-p 00000000 00:00 0 
7faac7dd5000-7faac7dd6000 ---p 00000000 00:00 0 
7faac7dd6000-7faac7dd8000 rw-p 00000000 00:00 0 
7faac7dd8000-7faac7dd9000 r--p 00022000 08:01 5771346                    /lib/x86_64-linux-gnu/ld-2.19.so
7faac7dd9000-7faac7dda000 rw-p 00023000 08:01 5771346                    /lib/x86_64-linux-gnu/ld-2.19.so
7faac7dda000-7faac7ddb000 rw-p 00000000 00:00 0 
7ffcb26e9000-7ffcb270a000 rw-p 00000000 00:00 0                          [stack]
7ffcb27cb000-7ffcb27cd000 r--p 00000000 00:00 0                          [vvar]
7ffcb27cd000-7ffcb27cf000 r-xp 00000000 00:00 0                          [vdso]
ffffffffff600000-ffffffffff601000 r-xp 00000000 00:00 0                  [vsyscall]

VM Arguments:
jvm_args: -Djava.awt.headless=true -Xmx2g -Dfile.encoding=UTF-8 -Duser.country=PL -Duser.language=pl -Duser.variant 
java_command: com.android.dx.command.Main --dex --num-threads=4 --multi-dex --main-dex-list /home/tomasz/AndroidStudioProjects/ITAssistant/app/build/intermediates/multi-dex/debug/maindexlist.txt --output /home/tomasz/AndroidStudioProjects/ITAssistant/app/build/intermediates/transforms/dex/debug/folders/1000/1f/main /home/tomasz/AndroidStudioProjects/ITAssistant/app/build/intermediates/transforms/jarMerging/debug/jars/1/1f/combined.jar
java_class_path (initial): /home/tomasz/Android/Sdk/build-tools/23.0.2/lib/dx.jar
Launcher Type: SUN_STANDARD

Environment Variables:
PATH=/usr/local/sbin:/usr/local/bin:/usr/sbin:/usr/bin:/sbin:/bin:/usr/games:/usr/local/games
LD_LIBRARY_PATH=.:
SHELL=/bin/bash
DISPLAY=:0

Signal Handlers:
SIGSEGV: [libjvm.so+0xaba2a0], sa_mask[0]=11111111011111111101111111111110, sa_flags=SA_RESTART|SA_SIGINFO
SIGBUS: [libjvm.so+0xaba2a0], sa_mask[0]=11111111011111111101111111111110, sa_flags=SA_RESTART|SA_SIGINFO
SIGFPE: [libjvm.so+0x917710], sa_mask[0]=11111111011111111101111111111110, sa_flags=SA_RESTART|SA_SIGINFO
SIGPIPE: [libjvm.so+0x917710], sa_mask[0]=11111111011111111101111111111110, sa_flags=SA_RESTART|SA_SIGINFO
SIGXFSZ: [libjvm.so+0x917710], sa_mask[0]=11111111011111111101111111111110, sa_flags=SA_RESTART|SA_SIGINFO
SIGILL: [libjvm.so+0x917710], sa_mask[0]=11111111011111111101111111111110, sa_flags=SA_RESTART|SA_SIGINFO
SIGUSR1: SIG_DFL, sa_mask[0]=00000000000000000000000000000000, sa_flags=none
SIGUSR2: [libjvm.so+0x918d40], sa_mask[0]=00100000000000000000000000000000, sa_flags=SA_RESTART|SA_SIGINFO
SIGHUP: [libjvm.so+0x91a140], sa_mask[0]=11111111011111111101111111111110, sa_flags=SA_RESTART|SA_SIGINFO
SIGINT: [libjvm.so+0x91a140], sa_mask[0]=11111111011111111101111111111110, sa_flags=SA_RESTART|SA_SIGINFO
SIGTERM: [libjvm.so+0x91a140], sa_mask[0]=11111111011111111101111111111110, sa_flags=SA_RESTART|SA_SIGINFO
SIGQUIT: [libjvm.so+0x91a140], sa_mask[0]=11111111011111111101111111111110, sa_flags=SA_RESTART|SA_SIGINFO


---------------  S Y S T E M  ---------------

OS:DISTRIB_ID=Ubuntu
DISTRIB_RELEASE=14.04
DISTRIB_CODENAME=trusty
DISTRIB_DESCRIPTION="Ubuntu 14.04.3 LTS"

uname:Linux 3.19.0-33-generic #38~14.04.1-Ubuntu SMP Fri Nov 6 18:17:28 UTC 2015 x86_64
libc:glibc 2.19 NPTL 2.19 
rlimit: STACK 8192k, CORE 0k, NPROC 23202, NOFILE 4096, AS infinity
load average:3,41 1,92 1,73

/proc/meminfo:
MemTotal:        5961336 kB
MemFree:          123256 kB
MemAvailable:      87476 kB
Buffers:             844 kB
Cached:           472804 kB
SwapCached:            0 kB
Active:          5188748 kB
Inactive:         435160 kB
Active(anon):    5176812 kB
Inactive(anon):   404384 kB
Active(file):      11936 kB
Inactive(file):    30776 kB
Unevictable:         332 kB
Mlocked:             332 kB
SwapTotal:             0 kB
SwapFree:              0 kB
Dirty:              1000 kB
Writeback:             0 kB
AnonPages:       5151276 kB
Mapped:           195996 kB
Shmem:            430328 kB
Slab:              94704 kB
SReclaimable:      54652 kB
SUnreclaim:        40052 kB
KernelStack:       12304 kB
PageTables:        55780 kB
NFS_Unstable:          0 kB
Bounce:                0 kB
WritebackTmp:          0 kB
CommitLimit:     2980668 kB
Committed_AS:   11514580 kB
VmallocTotal:   34359738367 kB
VmallocUsed:      552048 kB
VmallocChunk:   34359166428 kB
HardwareCorrupted:     0 kB
AnonHugePages:   1980416 kB
CmaTotal:              0 kB
CmaFree:               0 kB
HugePages_Total:       0
HugePages_Free:        0
HugePages_Rsvd:        0
HugePages_Surp:        0
Hugepagesize:       2048 kB
DirectMap4k:      184576 kB
DirectMap2M:     5955584 kB


CPU:total 4 (2 cores per cpu, 2 threads per core) family 6 model 42 stepping 7, cmov, cx8, fxsr, mmx, sse, sse2, sse3, ssse3, sse4.1, sse4.2, popcnt, avx, aes, clmul, ht, tsc, tscinvbit

/proc/cpuinfo:
processor	: 0
vendor_id	: GenuineIntel
cpu family	: 6
model		: 42
model name	: Intel(R) Core(TM) i5-2450M CPU @ 2.50GHz
stepping	: 7
microcode	: 0x25
cpu MHz		: 2900.000
cache size	: 3072 KB
physical id	: 0
siblings	: 4
core id		: 0
cpu cores	: 2
apicid		: 0
initial apicid	: 0
fpu		: yes
fpu_exception	: yes
cpuid level	: 13
wp		: yes
flags		: fpu vme de pse tsc msr pae mce cx8 apic sep mtrr pge mca cmov pat pse36 clflush dts acpi mmx fxsr sse sse2 ss ht tm pbe syscall nx rdtscp lm constant_tsc arch_perfmon pebs bts rep_good nopl xtopology nonstop_tsc aperfmperf eagerfpu pni pclmulqdq dtes64 monitor ds_cpl vmx est tm2 ssse3 cx16 xtpr pdcm pcid sse4_1 sse4_2 x2apic popcnt tsc_deadline_timer aes xsave avx lahf_lm ida arat epb pln pts dtherm tpr_shadow vnmi flexpriority ept vpid xsaveopt
bugs		:
bogomips	: 4988.68
clflush size	: 64
cache_alignment	: 64
address sizes	: 36 bits physical, 48 bits virtual
power management:

processor	: 1
vendor_id	: GenuineIntel
cpu family	: 6
model		: 42
model name	: Intel(R) Core(TM) i5-2450M CPU @ 2.50GHz
stepping	: 7
microcode	: 0x25
cpu MHz		: 2981.347
cache size	: 3072 KB
physical id	: 0
siblings	: 4
core id		: 0
cpu cores	: 2
apicid		: 1
initial apicid	: 1
fpu		: yes
fpu_exception	: yes
cpuid level	: 13
wp		: yes
flags		: fpu vme de pse tsc msr pae mce cx8 apic sep mtrr pge mca cmov pat pse36 clflush dts acpi mmx fxsr sse sse2 ss ht tm pbe syscall nx rdtscp lm constant_tsc arch_perfmon pebs bts rep_good nopl xtopology nonstop_tsc aperfmperf eagerfpu pni pclmulqdq dtes64 monitor ds_cpl vmx est tm2 ssse3 cx16 xtpr pdcm pcid sse4_1 sse4_2 x2apic popcnt tsc_deadline_timer aes xsave avx lahf_lm ida arat epb pln pts dtherm tpr_shadow vnmi flexpriority ept vpid xsaveopt
bugs		:
bogomips	: 4988.68
clflush size	: 64
cache_alignment	: 64
address sizes	: 36 bits physical, 48 bits virtual
power management:

processor	: 2
vendor_id	: GenuineIntel
cpu family	: 6
model		: 42
model name	: Intel(R) Core(TM) i5-2450M CPU @ 2.50GHz
stepping	: 7
microcode	: 0x25
cpu MHz		: 2900.000
cache size	: 3072 KB
physical id	: 0
siblings	: 4
core id		: 1
cpu cores	: 2
apicid		: 2
initial apicid	: 2
fpu		: yes
fpu_exception	: yes
cpuid level	: 13
wp		: yes
flags		: fpu vme de pse tsc msr pae mce cx8 apic sep mtrr pge mca cmov pat pse36 clflush dts acpi mmx fxsr sse sse2 ss ht tm pbe syscall nx rdtscp lm constant_tsc arch_perfmon pebs bts rep_good nopl xtopology nonstop_tsc aperfmperf eagerfpu pni pclmulqdq dtes64 monitor ds_cpl vmx est tm2 ssse3 cx16 xtpr pdcm pcid sse4_1 sse4_2 x2apic popcnt tsc_deadline_timer aes xsave avx lahf_lm ida arat epb pln pts dtherm tpr_shadow vnmi flexpriority ept vpid xsaveopt
bugs		:
bogomips	: 4988.68
clflush size	: 64
cache_alignment	: 64
address sizes	: 36 bits physical, 48 bits virtual
power management:

processor	: 3
vendor_id	: GenuineIntel
cpu family	: 6
model		: 42
model name	: Intel(R) Core(TM) i5-2450M CPU @ 2.50GHz
stepping	: 7
microcode	: 0x25
cpu MHz		: 2900.000
cache size	: 3072 KB
physical id	: 0
siblings	: 4
core id		: 1
cpu cores	: 2
apicid		: 3
initial apicid	: 3
fpu		: yes
fpu_exception	: yes
cpuid level	: 13
wp		: yes
flags		: fpu vme de pse tsc msr pae mce cx8 apic sep mtrr pge mca cmov pat pse36 clflush dts acpi mmx fxsr sse sse2 ss ht tm pbe syscall nx rdtscp lm constant_tsc arch_perfmon pebs bts rep_good nopl xtopology nonstop_tsc aperfmperf eagerfpu pni pclmulqdq dtes64 monitor ds_cpl vmx est tm2 ssse3 cx16 xtpr pdcm pcid sse4_1 sse4_2 x2apic popcnt tsc_deadline_timer aes xsave avx lahf_lm ida arat epb pln pts dtherm tpr_shadow vnmi flexpriority ept vpid xsaveopt
bugs		:
bogomips	: 4988.68
clflush size	: 64
cache_alignment	: 64
address sizes	: 36 bits physical, 48 bits virtual
power management:



Memory: 4k page, physical 5961336k(122760k free), swap 0k(0k free)

vm_info: Java HotSpot(TM) 64-Bit Server VM (25.66-b17) for linux-amd64 JRE (1.8.0_66-b17), built on Oct  6 2015 17:28:34 by "java_re" with gcc 4.3.0 20080428 (Red Hat 4.3.0-8)

time: Wed Nov 25 22:47:16 2015
elapsed time: 12 seconds (0d 0h 0m 12s)

