#
# There is insufficient memory for the Java Runtime Environment to continue.
# Native memory allocation (mmap) failed to map 264241152 bytes for committing reserved memory.
# Possible reasons:
#   The system is out of physical RAM or swap space
#   In 32 bit mode, the process size limit was hit
# Possible solutions:
#   Reduce memory load on the system
#   Increase physical memory or swap space
#   Check if swap backing store is full
#   Use 64 bit Java on a 64 bit OS
#   Decrease Java heap size (-Xmx/-Xms)
#   Decrease number of Java threads
#   Decrease Java thread stack sizes (-Xss)
#   Set larger code cache with -XX:ReservedCodeCacheSize=
# This output file may be truncated or incomplete.
#
#  Out of Memory Error (os_linux.cpp:2627), pid=9687, tid=140496785635072
#
# JRE version: Java(TM) SE Runtime Environment (8.0_66-b17) (build 1.8.0_66-b17)
# Java VM: Java HotSpot(TM) 64-Bit Server VM (25.66-b17 mixed mode linux-amd64 compressed oops)
# Failed to write core dump. Core dumps have been disabled. To enable core dumping, try "ulimit -c unlimited" before starting Java again
#

---------------  T H R E A D  ---------------

Current thread (0x00007fc808078000):  VMThread [stack: 0x00007fc7f4eff000,0x00007fc7f5000000] [id=9696]

Stack: [0x00007fc7f4eff000,0x00007fc7f5000000],  sp=0x00007fc7f4ffe1e0,  free space=1020k
Native frames: (J=compiled Java code, j=interpreted, Vv=VM code, C=native code)
V  [libjvm.so+0xab9a1a]  VMError::report_and_die()+0x2ba
V  [libjvm.so+0x4f9e0b]  report_vm_out_of_memory(char const*, int, unsigned long, VMErrorType, char const*)+0x8b
V  [libjvm.so+0x91a8a3]  os::Linux::commit_memory_impl(char*, unsigned long, bool)+0x103
V  [libjvm.so+0x91adf9]  os::pd_commit_memory(char*, unsigned long, unsigned long, bool)+0x29
V  [libjvm.so+0x91510a]  os::commit_memory(char*, unsigned long, unsigned long, bool)+0x2a
V  [libjvm.so+0x9887a3]  PSVirtualSpace::expand_by(unsigned long)+0x53
V  [libjvm.so+0x979090]  PSOldGen::expand(unsigned long)+0x170
V  [libjvm.so+0x97929b]  PSOldGen::resize(unsigned long)+0x1cb
V  [libjvm.so+0x980f71]  PSParallelCompact::invoke_no_policy(bool)+0x991
V  [libjvm.so+0x9868cd]  PSScavenge::invoke()+0x1ad
V  [libjvm.so+0x93e500]  ParallelScavengeHeap::failed_mem_allocate(unsigned long)+0x70
V  [libjvm.so+0xabb437]  VM_ParallelGCFailedAllocation::doit()+0x97
V  [libjvm.so+0xac2e65]  VM_Operation::evaluate()+0x55
V  [libjvm.so+0xac123a]  VMThread::evaluate_operation(VM_Operation*)+0xba
V  [libjvm.so+0xac15be]  VMThread::loop()+0x1ce
V  [libjvm.so+0xac1a30]  VMThread::run()+0x70
V  [libjvm.so+0x91cc68]  java_start(Thread*)+0x108

VM_Operation (0x00007fc811c9b1e0): ParallelGCFailedAllocation, mode: safepoint, requested by thread 0x00007fc80800a000


---------------  P R O C E S S  ---------------

Java Threads: ( => current thread )
  0x00007fc80834d800 JavaThread "pool-1-thread-1" [_thread_blocked, id=9717, stack(0x00007fc7ef7f8000,0x00007fc7ef8f9000)]
  0x00007fc8081bf800 JavaThread "pool-2-thread-4" [_thread_blocked, id=9710, stack(0x00007fc7ef8f9000,0x00007fc7ef9fa000)]
  0x00007fc8081bd800 JavaThread "pool-2-thread-3" [_thread_blocked, id=9709, stack(0x00007fc7ef9fa000,0x00007fc7efafb000)]
  0x00007fc8081bc000 JavaThread "pool-2-thread-2" [_thread_blocked, id=9708, stack(0x00007fc7efafb000,0x00007fc7efbfc000)]
  0x00007fc8081bb000 JavaThread "pool-3-thread-1" [_thread_blocked, id=9707, stack(0x00007fc7efbfc000,0x00007fc7efcfd000)]
  0x00007fc8081b8800 JavaThread "pool-2-thread-1" [_thread_blocked, id=9706, stack(0x00007fc7efcfd000,0x00007fc7efdfe000)]
  0x00007fc8080ca800 JavaThread "Service Thread" daemon [_thread_blocked, id=9703, stack(0x00007fc7efeff000,0x00007fc7f0000000)]
  0x00007fc8080bd800 JavaThread "C1 CompilerThread2" daemon [_thread_blocked, id=9702, stack(0x00007fc7f40e6000,0x00007fc7f41e7000)]
  0x00007fc8080bb800 JavaThread "C2 CompilerThread1" daemon [_thread_in_native, id=9701, stack(0x00007fc7f41e7000,0x00007fc7f42e8000)]
  0x00007fc8080b8800 JavaThread "C2 CompilerThread0" daemon [_thread_blocked, id=9700, stack(0x00007fc7f42e8000,0x00007fc7f43e9000)]
  0x00007fc8080b7800 JavaThread "Signal Dispatcher" daemon [_thread_blocked, id=9699, stack(0x00007fc7f43e9000,0x00007fc7f44ea000)]
  0x00007fc80807f000 JavaThread "Finalizer" daemon [_thread_blocked, id=9698, stack(0x00007fc7f4cfd000,0x00007fc7f4dfe000)]
  0x00007fc80807d000 JavaThread "Reference Handler" daemon [_thread_blocked, id=9697, stack(0x00007fc7f4dfe000,0x00007fc7f4eff000)]
  0x00007fc80800a000 JavaThread "main" [_thread_blocked, id=9691, stack(0x00007fc811b9d000,0x00007fc811c9e000)]

Other Threads:
=>0x00007fc808078000 VMThread [stack: 0x00007fc7f4eff000,0x00007fc7f5000000] [id=9696]
  0x00007fc8080cd800 WatcherThread [stack: 0x00007fc7efdfe000,0x00007fc7efeff000] [id=9704]

VM state:at safepoint (normal execution)

VM Mutex/Monitor currently owned by a thread:  ([mutex/lock_event])
[0x00007fc808005ef0] ExpandHeap_lock - owner thread: 0x00007fc808078000
[0x00007fc808006570] Threads_lock - owner thread: 0x00007fc808078000
[0x00007fc808006a70] Heap_lock - owner thread: 0x00007fc80800a000

Heap:
 PSYoungGen      total 309760K, used 0K [0x00000000d5580000, 0x00000000ffe00000, 0x0000000100000000)
  eden space 232960K, 0% used [0x00000000d5580000,0x00000000d5580000,0x00000000e3900000)
  from space 76800K, 0% used [0x00000000e3900000,0x00000000e3900000,0x00000000e8400000)
  to   space 231936K, 0% used [0x00000000f1b80000,0x00000000f1b80000,0x00000000ffe00000)
 ParOldGen       total 1004032K, used 897496K [0x0000000080000000, 0x00000000bd480000, 0x00000000d5580000)
  object space 1004032K, 89% used [0x0000000080000000,0x00000000b6c760d8,0x00000000bd480000)
 Metaspace       used 6958K, capacity 7672K, committed 7936K, reserved 1056768K
  class space    used 635K, capacity 688K, committed 768K, reserved 1048576K

Card table byte_map: [0x00007fc80e567000,0x00007fc80e968000] byte_map_base: 0x00007fc80e167000

Marking Bits: (ParMarkBitMap*) 0x00007fc811077020
 Begin Bits: [0x00007fc7f5000000, 0x00007fc7f7000000)
 End Bits:   [0x00007fc7f7000000, 0x00007fc7f9000000)

Polling page: 0x00007fc811cbe000

CodeCache: size=245760Kb used=14657Kb max_used=14668Kb free=231102Kb
 bounds [0x00007fc7f9000000, 0x00007fc7f9e70000, 0x00007fc808000000]
 total_blobs=3203 nmethods=2934 adapters=182
 compilation: enabled

Compilation events (10 events):
Event: 43,381 Thread 0x00007fc8080b8800 nmethod 3446 0x00007fc7f9e5b050 code [0x00007fc7f9e5b400, 0x00007fc7f9e5cf18]
Event: 43,381 Thread 0x00007fc8080b8800 3547       4       com.android.dx.dex.code.OutputFinisher::assignAddresses (51 bytes)
Event: 43,384 Thread 0x00007fc8080b8800 nmethod 3547 0x00007fc7f9e4ff50 code [0x00007fc7f9e500c0, 0x00007fc7f9e502d8]
Event: 43,384 Thread 0x00007fc8080b8800 3536       4       com.android.dx.dex.code.OutputFinisher::calculateReservedCount (122 bytes)
Event: 43,400 Thread 0x00007fc8080b8800 nmethod 3536 0x00007fc7f9e5f590 code [0x00007fc7f9e5f7a0, 0x00007fc7f9e60140]
Event: 43,400 Thread 0x00007fc8080b8800 3574       4       com.android.dx.dex.code.StdCatchBuilder::build (262 bytes)
Event: 43,429 Thread 0x00007fc8080bd800 3576       1       com.android.dx.dex.code.Dop::getNextOpcode (5 bytes)
Event: 43,429 Thread 0x00007fc8080bd800 nmethod 3576 0x00007fc7f9e1fd90 code [0x00007fc7f9e1fee0, 0x00007fc7f9e1fff0]
Event: 43,454 Thread 0x00007fc8080bd800 3578       2       com.android.dx.dex.code.Dops::getNextOrNull (19 bytes)
Event: 43,454 Thread 0x00007fc8080bd800 nmethod 3578 0x00007fc7f9e40710 code [0x00007fc7f9e40880, 0x00007fc7f9e40ac8]

GC Heap History (10 events):
Event: 39,980 GC heap after
Heap after GC invocations=33 (full 6):
 PSYoungGen      total 455168K, used 151641K [0x00000000d5580000, 0x0000000100000000, 0x0000000100000000)
  eden space 239104K, 0% used [0x00000000d5580000,0x00000000d5580000,0x00000000e3f00000)
  from space 216064K, 70% used [0x00000000e3f00000,0x00000000ed3166d0,0x00000000f1200000)
  to   space 228352K, 0% used [0x00000000f2100000,0x00000000f2100000,0x0000000100000000)
 ParOldGen       total 1004032K, used 697916K [0x0000000080000000, 0x00000000bd480000, 0x00000000d5580000)
  object space 1004032K, 69% used [0x0000000080000000,0x00000000aa98f248,0x00000000bd480000)
 Metaspace       used 6707K, capacity 7384K, committed 7680K, reserved 1056768K
  class space    used 622K, capacity 656K, committed 768K, reserved 1048576K
}
Event: 40,586 GC heap before
{Heap before GC invocations=34 (full 6):
 PSYoungGen      total 455168K, used 390745K [0x00000000d5580000, 0x0000000100000000, 0x0000000100000000)
  eden space 239104K, 100% used [0x00000000d5580000,0x00000000e3f00000,0x00000000e3f00000)
  from space 216064K, 70% used [0x00000000e3f00000,0x00000000ed3166d0,0x00000000f1200000)
  to   space 228352K, 0% used [0x00000000f2100000,0x00000000f2100000,0x0000000100000000)
 ParOldGen       total 1004032K, used 697916K [0x0000000080000000, 0x00000000bd480000, 0x00000000d5580000)
  object space 1004032K, 69% used [0x0000000080000000,0x00000000aa98f248,0x00000000bd480000)
 Metaspace       used 6729K, capacity 7384K, committed 7680K, reserved 1056768K
  class space    used 623K, capacity 656K, committed 768K, reserved 1048576K
Event: 40,849 GC heap after
Heap after GC invocations=34 (full 6):
 PSYoungGen      total 461312K, used 185225K [0x00000000d5580000, 0x0000000100000000, 0x0000000100000000)
  eden space 232960K, 0% used [0x00000000d5580000,0x00000000d5580000,0x00000000e3900000)
  from space 228352K, 81% used [0x00000000f2100000,0x00000000fd5e2660,0x0000000100000000)
  to   space 232960K, 0% used [0x00000000e3900000,0x00000000e3900000,0x00000000f1c80000)
 ParOldGen       total 1004032K, used 697916K [0x0000000080000000, 0x00000000bd480000, 0x00000000d5580000)
  object space 1004032K, 69% used [0x0000000080000000,0x00000000aa98f248,0x00000000bd480000)
 Metaspace       used 6729K, capacity 7384K, committed 7680K, reserved 1056768K
  class space    used 623K, capacity 656K, committed 768K, reserved 1048576K
}
Event: 41,589 GC heap before
{Heap before GC invocations=35 (full 6):
 PSYoungGen      total 461312K, used 418185K [0x00000000d5580000, 0x0000000100000000, 0x0000000100000000)
  eden space 232960K, 100% used [0x00000000d5580000,0x00000000e3900000,0x00000000e3900000)
  from space 228352K, 81% used [0x00000000f2100000,0x00000000fd5e2660,0x0000000100000000)
  to   space 232960K, 0% used [0x00000000e3900000,0x00000000e3900000,0x00000000f1c80000)
 ParOldGen       total 1004032K, used 697916K [0x0000000080000000, 0x00000000bd480000, 0x00000000d5580000)
  object space 1004032K, 69% used [0x0000000080000000,0x00000000aa98f248,0x00000000bd480000)
 Metaspace       used 6942K, capacity 7608K, committed 7936K, reserved 1056768K
  class space    used 635K, capacity 688K, committed 768K, reserved 1048576K
Event: 41,869 GC heap after
Heap after GC invocations=35 (full 6):
 PSYoungGen      total 465920K, used 147889K [0x00000000d5580000, 0x0000000100000000, 0x0000000100000000)
  eden space 232960K, 0% used [0x00000000d5580000,0x00000000d5580000,0x00000000e3900000)
  from space 232960K, 63% used [0x00000000e3900000,0x00000000ec96c640,0x00000000f1c80000)
  to   space 232960K, 0% used [0x00000000f1c80000,0x00000000f1c80000,0x0000000100000000)
 ParOldGen       total 1004032K, used 772603K [0x0000000080000000, 0x00000000bd480000, 0x00000000d5580000)
  object space 1004032K, 76% used [0x0000000080000000,0x00000000af27ee78,0x00000000bd480000)
 Metaspace       used 6942K, capacity 7608K, committed 7936K, reserved 1056768K
  class space    used 635K, capacity 688K, committed 768K, reserved 1048576K
}
Event: 42,545 GC heap before
{Heap before GC invocations=36 (full 6):
 PSYoungGen      total 465920K, used 380849K [0x00000000d5580000, 0x0000000100000000, 0x0000000100000000)
  eden space 232960K, 100% used [0x00000000d5580000,0x00000000e3900000,0x00000000e3900000)
  from space 232960K, 63% used [0x00000000e3900000,0x00000000ec96c640,0x00000000f1c80000)
  to   space 232960K, 0% used [0x00000000f1c80000,0x00000000f1c80000,0x0000000100000000)
 ParOldGen       total 1004032K, used 772603K [0x0000000080000000, 0x00000000bd480000, 0x00000000d5580000)
  object space 1004032K, 76% used [0x0000000080000000,0x00000000af27ee78,0x00000000bd480000)
 Metaspace       used 6953K, capacity 7672K, committed 7936K, reserved 1056768K
  class space    used 635K, capacity 688K, committed 768K, reserved 1048576K
Event: 42,856 GC heap after
Heap after GC invocations=36 (full 6):
 PSYoungGen      total 465920K, used 110799K [0x00000000d5580000, 0x0000000100000000, 0x0000000100000000)
  eden space 232960K, 0% used [0x00000000d5580000,0x00000000d5580000,0x00000000e3900000)
  from space 232960K, 47% used [0x00000000f1c80000,0x00000000f88b3fb8,0x0000000100000000)
  to   space 232960K, 0% used [0x00000000e3900000,0x00000000e3900000,0x00000000f1c80000)
 ParOldGen       total 1004032K, used 847259K [0x0000000080000000, 0x00000000bd480000, 0x00000000d5580000)
  object space 1004032K, 84% used [0x0000000080000000,0x00000000b3b66fb8,0x00000000bd480000)
 Metaspace       used 6953K, capacity 7672K, committed 7936K, reserved 1056768K
  class space    used 635K, capacity 688K, committed 768K, reserved 1048576K
}
Event: 43,457 GC heap before
{Heap before GC invocations=37 (full 6):
 PSYoungGen      total 465920K, used 343759K [0x00000000d5580000, 0x0000000100000000, 0x0000000100000000)
  eden space 232960K, 100% used [0x00000000d5580000,0x00000000e3900000,0x00000000e3900000)
  from space 232960K, 47% used [0x00000000f1c80000,0x00000000f88b3fb8,0x0000000100000000)
  to   space 232960K, 0% used [0x00000000e3900000,0x00000000e3900000,0x00000000f1c80000)
 ParOldGen       total 1004032K, used 847259K [0x0000000080000000, 0x00000000bd480000, 0x00000000d5580000)
  object space 1004032K, 84% used [0x0000000080000000,0x00000000b3b66fb8,0x00000000bd480000)
 Metaspace       used 6958K, capacity 7672K, committed 7936K, reserved 1056768K
  class space    used 635K, capacity 688K, committed 768K, reserved 1048576K
Event: 43,714 GC heap after
Heap after GC invocations=37 (full 6):
 PSYoungGen      total 309760K, used 76510K [0x00000000d5580000, 0x00000000ffe00000, 0x0000000100000000)
  eden space 232960K, 0% used [0x00000000d5580000,0x00000000d5580000,0x00000000e3900000)
  from space 76800K, 99% used [0x00000000e3900000,0x00000000e83b79c0,0x00000000e8400000)
  to   space 231936K, 0% used [0x00000000f1b80000,0x00000000f1b80000,0x00000000ffe00000)
 ParOldGen       total 1004032K, used 919518K [0x0000000080000000, 0x00000000bd480000, 0x00000000d5580000)
  object space 1004032K, 91% used [0x0000000080000000,0x00000000b81f7b20,0x00000000bd480000)
 Metaspace       used 6958K, capacity 7672K, committed 7936K, reserved 1056768K
  class space    used 635K, capacity 688K, committed 768K, reserved 1048576K
}
Event: 43,714 GC heap before
{Heap before GC invocations=38 (full 7):
 PSYoungGen      total 309760K, used 76510K [0x00000000d5580000, 0x00000000ffe00000, 0x0000000100000000)
  eden space 232960K, 0% used [0x00000000d5580000,0x00000000d5580000,0x00000000e3900000)
  from space 76800K, 99% used [0x00000000e3900000,0x00000000e83b79c0,0x00000000e8400000)
  to   space 231936K, 0% used [0x00000000f1b80000,0x00000000f1b80000,0x00000000ffe00000)
 ParOldGen       total 1004032K, used 919518K [0x0000000080000000, 0x00000000bd480000, 0x00000000d5580000)
  object space 1004032K, 91% used [0x0000000080000000,0x00000000b81f7b20,0x00000000bd480000)
 Metaspace       used 6958K, capacity 7672K, committed 7936K, reserved 1056768K
  class space    used 635K, capacity 688K, committed 768K, reserved 1048576K

Deoptimization events (10 events):
Event: 41,249 Thread 0x00007fc80834d800 Uncommon trap: reason=class_check action=maybe_recompile pc=0x00007fc7f9d15f5c method=java.util.Arrays.equals([Ljava/lang/Object;[Ljava/lang/Object;)Z @ 62
Event: 41,249 Thread 0x00007fc80834d800 Uncommon trap: reason=class_check action=maybe_recompile pc=0x00007fc7f9d15f5c method=java.util.Arrays.equals([Ljava/lang/Object;[Ljava/lang/Object;)Z @ 62
Event: 41,249 Thread 0x00007fc80834d800 Uncommon trap: reason=class_check action=maybe_recompile pc=0x00007fc7f9d15f5c method=java.util.Arrays.equals([Ljava/lang/Object;[Ljava/lang/Object;)Z @ 62
Event: 41,249 Thread 0x00007fc80834d800 Uncommon trap: reason=class_check action=maybe_recompile pc=0x00007fc7f9d15f5c method=java.util.Arrays.equals([Ljava/lang/Object;[Ljava/lang/Object;)Z @ 62
Event: 41,250 Thread 0x00007fc80834d800 Uncommon trap: reason=unstable_if action=reinterpret pc=0x00007fc7f985758c method=java.util.TreeMap.put(Ljava/lang/Object;Ljava/lang/Object;)Ljava/lang/Object; @ 163
Event: 41,273 Thread 0x00007fc80834d800 Uncommon trap: reason=unstable_if action=reinterpret pc=0x00007fc7f924e18c method=com.android.dx.rop.code.RegisterSpecSet.equals(Ljava/lang/Object;)Z @ 30
Event: 41,337 Thread 0x00007fc8081b8800 Uncommon trap: reason=bimorphic action=maybe_recompile pc=0x00007fc7f9b0100c method=com.android.dx.cf.code.BytecodeArray.parseInstruction(ILcom/android/dx/cf/code/BytecodeArray$Visitor;)I @ 1612
Event: 41,337 Thread 0x00007fc8081b8800 Uncommon trap: reason=bimorphic action=maybe_recompile pc=0x00007fc7f9b0100c method=com.android.dx.cf.code.BytecodeArray.parseInstruction(ILcom/android/dx/cf/code/BytecodeArray$Visitor;)I @ 1612
Event: 43,436 Thread 0x00007fc8081bc000 Uncommon trap: reason=bimorphic action=maybe_recompile pc=0x00007fc7f9e26ddc method=com.android.dx.cf.code.BytecodeArray.parseInstruction(ILcom/android/dx/cf/code/BytecodeArray$Visitor;)I @ 1525
Event: 43,436 Thread 0x00007fc8081bc000 Uncommon trap: reason=bimorphic action=maybe_recompile pc=0x00007fc7f9e26ddc method=com.android.dx.cf.code.BytecodeArray.parseInstruction(ILcom/android/dx/cf/code/BytecodeArray$Visitor;)I @ 1525

Internal exceptions (10 events):
Event: 1,052 Thread 0x00007fc8081bd800 Implicit null exception at 0x00007fc7f936dfcd to 0x00007fc7f93706c1
Event: 1,114 Thread 0x00007fc8081bc000 Implicit null exception at 0x00007fc7f93c31ec to 0x00007fc7f93c59ed
Event: 2,189 Thread 0x00007fc8081bc000 Exception <a 'java/lang/ArrayIndexOutOfBoundsException': 18> (0x00000000d81ca230) thrown at [/HUDSON/workspace/8-2-build-linux-amd64/jdk8u66/4988/hotspot/src/share/vm/interpreter/interpreterRuntime.cpp, line 366]
Event: 2,190 Thread 0x00007fc8081bc000 Exception <a 'java/lang/ArrayIndexOutOfBoundsException': 145> (0x00000000d81cbdb0) thrown at [/HUDSON/workspace/8-2-build-linux-amd64/jdk8u66/4988/hotspot/src/share/vm/interpreter/interpreterRuntime.cpp, line 366]
Event: 2,191 Thread 0x00007fc8081bc000 Exception <a 'java/lang/ArrayIndexOutOfBoundsException': 40> (0x00000000d81cd098) thrown at [/HUDSON/workspace/8-2-build-linux-amd64/jdk8u66/4988/hotspot/src/share/vm/interpreter/interpreterRuntime.cpp, line 366]
Event: 9,330 Thread 0x00007fc80800a000 Implicit null exception at 0x00007fc7f9a276bc to 0x00007fc7f9a2c629
Event: 38,561 Thread 0x00007fc8081b8800 Implicit null exception at 0x00007fc7f9280eb3 to 0x00007fc7f9281269
Event: 38,561 Thread 0x00007fc8081b8800 Implicit null exception at 0x00007fc7f93d09e3 to 0x00007fc7f93d0d15
Event: 40,312 Thread 0x00007fc8081bf800 Implicit null exception at 0x00007fc7f97e946f to 0x00007fc7f97ea861
Event: 40,312 Thread 0x00007fc8081bf800 Implicit null exception at 0x00007fc7f9341a90 to 0x00007fc7f9341ba9

Events (10 events):
Event: 43,430 Thread 0x00007fc80834d800 DEOPT UNPACKING pc=0x00007fc7f9047633 sp=0x00007fc7ef8f6d30 mode 0
Event: 43,436 Thread 0x00007fc8081bc000 Uncommon trap: trap_request=0xffffffc6 fr.pc=0x00007fc7f9e26ddc
Event: 43,436 Thread 0x00007fc8081bc000 DEOPT PACKING pc=0x00007fc7f9e26ddc sp=0x00007fc7efbf9e50
Event: 43,436 Thread 0x00007fc8081bc000 DEOPT UNPACKING pc=0x00007fc7f9005229 sp=0x00007fc7efbf9e18 mode 2
Event: 43,436 Thread 0x00007fc8081bc000 Uncommon trap: trap_request=0xffffffc6 fr.pc=0x00007fc7f9e26ddc
Event: 43,436 Thread 0x00007fc8081bc000 DEOPT PACKING pc=0x00007fc7f9e26ddc sp=0x00007fc7efbf9bf0
Event: 43,436 Thread 0x00007fc8081bc000 DEOPT UNPACKING pc=0x00007fc7f9005229 sp=0x00007fc7efbf9bb8 mode 2
Event: 43,454 Thread 0x00007fc80834d800 DEOPT PACKING pc=0x00007fc7f9dbb47b sp=0x00007fc7ef8f6fc0
Event: 43,454 Thread 0x00007fc80834d800 DEOPT UNPACKING pc=0x00007fc7f9047633 sp=0x00007fc7ef8f6d30 mode 0
Event: 43,456 Executing VM operation: ParallelGCFailedAllocation


Dynamic libraries:
00400000-00401000 r-xp 00000000 08:01 4591374                            /usr/lib/jvm/java-8-oracle/bin/java
00600000-00601000 rw-p 00000000 08:01 4591374                            /usr/lib/jvm/java-8-oracle/bin/java
009a2000-009c3000 rw-p 00000000 00:00 0                                  [heap]
80000000-bd480000 rw-p 00000000 00:00 0 
cd080000-d5580000 ---p 00000000 00:00 0 
d5580000-ffe00000 rw-p 00000000 00:00 0 
ffe00000-100000000 ---p 00000000 00:00 0 
100000000-1000c0000 rw-p 00000000 00:00 0 
1000c0000-140000000 ---p 00000000 00:00 0 
7fc7a0000000-7fc7a0033000 rw-p 00000000 00:00 0 
7fc7a0033000-7fc7a4000000 ---p 00000000 00:00 0 
7fc7a8000000-7fc7a803f000 rw-p 00000000 00:00 0 
7fc7a803f000-7fc7ac000000 ---p 00000000 00:00 0 
7fc7ac000000-7fc7ac047000 rw-p 00000000 00:00 0 
7fc7ac047000-7fc7b0000000 ---p 00000000 00:00 0 
7fc7b0000000-7fc7b0021000 rw-p 00000000 00:00 0 
7fc7b0021000-7fc7b4000000 ---p 00000000 00:00 0 
7fc7b4000000-7fc7b403e000 rw-p 00000000 00:00 0 
7fc7b403e000-7fc7b8000000 ---p 00000000 00:00 0 
7fc7b8000000-7fc7b8021000 rw-p 00000000 00:00 0 
7fc7b8021000-7fc7bc000000 ---p 00000000 00:00 0 
7fc7bc000000-7fc7bc02a000 rw-p 00000000 00:00 0 
7fc7bc02a000-7fc7c0000000 ---p 00000000 00:00 0 
7fc7c0000000-7fc7c0c71000 rw-p 00000000 00:00 0 
7fc7c0c71000-7fc7c4000000 ---p 00000000 00:00 0 
7fc7c4000000-7fc7c4021000 rw-p 00000000 00:00 0 
7fc7c4021000-7fc7c8000000 ---p 00000000 00:00 0 
7fc7c8000000-7fc7c9d8f000 rw-p 00000000 00:00 0 
7fc7c9d8f000-7fc7cc000000 ---p 00000000 00:00 0 
7fc7cc000000-7fc7cd85e000 rw-p 00000000 00:00 0 
7fc7cd85e000-7fc7d0000000 ---p 00000000 00:00 0 
7fc7d0000000-7fc7d0021000 rw-p 00000000 00:00 0 
7fc7d0021000-7fc7d4000000 ---p 00000000 00:00 0 
7fc7d4000000-7fc7d4021000 rw-p 00000000 00:00 0 
7fc7d4021000-7fc7d8000000 ---p 00000000 00:00 0 
7fc7d8000000-7fc7d828f000 rw-p 00000000 00:00 0 
7fc7d828f000-7fc7dc000000 ---p 00000000 00:00 0 
7fc7dc000000-7fc7dc021000 rw-p 00000000 00:00 0 
7fc7dc021000-7fc7e0000000 ---p 00000000 00:00 0 
7fc7e0000000-7fc7e0021000 rw-p 00000000 00:00 0 
7fc7e0021000-7fc7e4000000 ---p 00000000 00:00 0 
7fc7e4000000-7fc7e4021000 rw-p 00000000 00:00 0 
7fc7e4021000-7fc7e8000000 ---p 00000000 00:00 0 
7fc7e8000000-7fc7e8021000 rw-p 00000000 00:00 0 
7fc7e8021000-7fc7ec000000 ---p 00000000 00:00 0 
7fc7ef7f8000-7fc7ef7fb000 ---p 00000000 00:00 0 
7fc7ef7fb000-7fc7ef8f9000 rw-p 00000000 00:00 0                          [stack:9717]
7fc7ef8f9000-7fc7ef8fc000 ---p 00000000 00:00 0 
7fc7ef8fc000-7fc7ef9fa000 rw-p 00000000 00:00 0                          [stack:9710]
7fc7ef9fa000-7fc7ef9fd000 ---p 00000000 00:00 0 
7fc7ef9fd000-7fc7efafb000 rw-p 00000000 00:00 0                          [stack:9709]
7fc7efafb000-7fc7efafe000 ---p 00000000 00:00 0 
7fc7efafe000-7fc7efbfc000 rw-p 00000000 00:00 0                          [stack:9708]
7fc7efbfc000-7fc7efbff000 ---p 00000000 00:00 0 
7fc7efbff000-7fc7efcfd000 rw-p 00000000 00:00 0                          [stack:9707]
7fc7efcfd000-7fc7efd00000 ---p 00000000 00:00 0 
7fc7efd00000-7fc7efdfe000 rw-p 00000000 00:00 0                          [stack:9706]
7fc7efdfe000-7fc7efdff000 ---p 00000000 00:00 0 
7fc7efdff000-7fc7efeff000 rw-p 00000000 00:00 0                          [stack:9704]
7fc7efeff000-7fc7eff02000 ---p 00000000 00:00 0 
7fc7eff02000-7fc7f0000000 rw-p 00000000 00:00 0                          [stack:9703]
7fc7f0000000-7fc7f0021000 rw-p 00000000 00:00 0 
7fc7f0021000-7fc7f4000000 ---p 00000000 00:00 0 
7fc7f4003000-7fc7f40e6000 r--s 00bb0000 08:01 7346384                    /home/tomasz/AndroidStudioProjects/ITAssistant/app/build/intermediates/transforms/jarMerging/debug/jars/1/1f/combined.jar
7fc7f40e6000-7fc7f40e9000 ---p 00000000 00:00 0 
7fc7f40e9000-7fc7f41e7000 rw-p 00000000 00:00 0                          [stack:9702]
7fc7f41e7000-7fc7f41ea000 ---p 00000000 00:00 0 
7fc7f41ea000-7fc7f42e8000 rw-p 00000000 00:00 0                          [stack:9701]
7fc7f42e8000-7fc7f42eb000 ---p 00000000 00:00 0 
7fc7f42eb000-7fc7f43e9000 rw-p 00000000 00:00 0                          [stack:9700]
7fc7f43e9000-7fc7f43ec000 ---p 00000000 00:00 0 
7fc7f43ec000-7fc7f44ea000 rw-p 00000000 00:00 0                          [stack:9699]
7fc7f44ea000-7fc7f4cfd000 r--p 00000000 08:01 1579663                    /usr/lib/locale/locale-archive
7fc7f4cfd000-7fc7f4d00000 ---p 00000000 00:00 0 
7fc7f4d00000-7fc7f4dfe000 rw-p 00000000 00:00 0                          [stack:9698]
7fc7f4dfe000-7fc7f4e01000 ---p 00000000 00:00 0 
7fc7f4e01000-7fc7f4eff000 rw-p 00000000 00:00 0                          [stack:9697]
7fc7f4eff000-7fc7f4f00000 ---p 00000000 00:00 0 
7fc7f4f00000-7fc7f9000000 rw-p 00000000 00:00 0                          [stack:9696]
7fc7f9000000-7fc7f9e70000 rwxp 00000000 00:00 0 
7fc7f9e70000-7fc808000000 ---p 00000000 00:00 0 
7fc808000000-7fc8083ee000 rw-p 00000000 00:00 0 
7fc8083ee000-7fc80c000000 ---p 00000000 00:00 0 
7fc80c062000-7fc80c087000 r--p 00000000 08:01 2361987                    /usr/share/locale-langpack/pl/LC_MESSAGES/libc.mo
7fc80c087000-7fc80d069000 rw-p 00000000 00:00 0 
7fc80d069000-7fc80d242000 r--s 03d20000 08:01 4069182                    /usr/lib/jvm/java-8-oracle/jre/lib/rt.jar
7fc80d242000-7fc80d9b8000 rw-p 00000000 00:00 0 
7fc80d9b8000-7fc80dab8000 ---p 00000000 00:00 0 
7fc80dab8000-7fc80deb8000 rw-p 00000000 00:00 0 
7fc80deb8000-7fc80deb9000 ---p 00000000 00:00 0 
7fc80deb9000-7fc80dfb9000 rw-p 00000000 00:00 0                          [stack:9695]
7fc80dfb9000-7fc80dfba000 ---p 00000000 00:00 0 
7fc80dfba000-7fc80e0ba000 rw-p 00000000 00:00 0                          [stack:9694]
7fc80e0ba000-7fc80e0bb000 ---p 00000000 00:00 0 
7fc80e0bb000-7fc80e1bb000 rw-p 00000000 00:00 0                          [stack:9693]
7fc80e1bb000-7fc80e1bc000 ---p 00000000 00:00 0 
7fc80e1bc000-7fc80e4a7000 rw-p 00000000 00:00 0                          [stack:9692]
7fc80e4a7000-7fc80e567000 ---p 00000000 00:00 0 
7fc80e567000-7fc80e752000 rw-p 00000000 00:00 0 
7fc80e752000-7fc80e811000 ---p 00000000 00:00 0 
7fc80e811000-7fc80e966000 rw-p 00000000 00:00 0 
7fc80e966000-7fc80e967000 ---p 00000000 00:00 0 
7fc80e967000-7fc80e9a2000 rw-p 00000000 00:00 0 
7fc80e9a2000-7fc80ed28000 ---p 00000000 00:00 0 
7fc80ed28000-7fc80ed42000 r-xp 00000000 08:01 4069168                    /usr/lib/jvm/java-8-oracle/jre/lib/amd64/libzip.so
7fc80ed42000-7fc80ef42000 ---p 0001a000 08:01 4069168                    /usr/lib/jvm/java-8-oracle/jre/lib/amd64/libzip.so
7fc80ef42000-7fc80ef43000 rw-p 0001a000 08:01 4069168                    /usr/lib/jvm/java-8-oracle/jre/lib/amd64/libzip.so
7fc80ef43000-7fc80ef4e000 r-xp 00000000 08:01 5771445                    /lib/x86_64-linux-gnu/libnss_files-2.19.so
7fc80ef4e000-7fc80f14d000 ---p 0000b000 08:01 5771445                    /lib/x86_64-linux-gnu/libnss_files-2.19.so
7fc80f14d000-7fc80f14e000 r--p 0000a000 08:01 5771445                    /lib/x86_64-linux-gnu/libnss_files-2.19.so
7fc80f14e000-7fc80f14f000 rw-p 0000b000 08:01 5771445                    /lib/x86_64-linux-gnu/libnss_files-2.19.so
7fc80f14f000-7fc80f15a000 r-xp 00000000 08:01 5771455                    /lib/x86_64-linux-gnu/libnss_nis-2.19.so
7fc80f15a000-7fc80f359000 ---p 0000b000 08:01 5771455                    /lib/x86_64-linux-gnu/libnss_nis-2.19.so
7fc80f359000-7fc80f35a000 r--p 0000a000 08:01 5771455                    /lib/x86_64-linux-gnu/libnss_nis-2.19.so
7fc80f35a000-7fc80f35b000 rw-p 0000b000 08:01 5771455                    /lib/x86_64-linux-gnu/libnss_nis-2.19.so
7fc80f35b000-7fc80f372000 r-xp 00000000 08:01 5771439                    /lib/x86_64-linux-gnu/libnsl-2.19.so
7fc80f372000-7fc80f571000 ---p 00017000 08:01 5771439                    /lib/x86_64-linux-gnu/libnsl-2.19.so
7fc80f571000-7fc80f572000 r--p 00016000 08:01 5771439                    /lib/x86_64-linux-gnu/libnsl-2.19.so
7fc80f572000-7fc80f573000 rw-p 00017000 08:01 5771439                    /lib/x86_64-linux-gnu/libnsl-2.19.so
7fc80f573000-7fc80f575000 rw-p 00000000 00:00 0 
7fc80f575000-7fc80f57e000 r-xp 00000000 08:01 5771441                    /lib/x86_64-linux-gnu/libnss_compat-2.19.so
7fc80f57e000-7fc80f77d000 ---p 00009000 08:01 5771441                    /lib/x86_64-linux-gnu/libnss_compat-2.19.so
7fc80f77d000-7fc80f77e000 r--p 00008000 08:01 5771441                    /lib/x86_64-linux-gnu/libnss_compat-2.19.so
7fc80f77e000-7fc80f77f000 rw-p 00009000 08:01 5771441                    /lib/x86_64-linux-gnu/libnss_compat-2.19.so
7fc80f77f000-7fc80f7a9000 r-xp 00000000 08:01 4069157                    /usr/lib/jvm/java-8-oracle/jre/lib/amd64/libjava.so
7fc80f7a9000-7fc80f9a9000 ---p 0002a000 08:01 4069157                    /usr/lib/jvm/java-8-oracle/jre/lib/amd64/libjava.so
7fc80f9a9000-7fc80f9ab000 rw-p 0002a000 08:01 4069157                    /usr/lib/jvm/java-8-oracle/jre/lib/amd64/libjava.so
7fc80f9ab000-7fc80f9b8000 r-xp 00000000 08:01 4069118                    /usr/lib/jvm/java-8-oracle/jre/lib/amd64/libverify.so
7fc80f9b8000-7fc80fbb8000 ---p 0000d000 08:01 4069118                    /usr/lib/jvm/java-8-oracle/jre/lib/amd64/libverify.so
7fc80fbb8000-7fc80fbba000 rw-p 0000d000 08:01 4069118                    /usr/lib/jvm/java-8-oracle/jre/lib/amd64/libverify.so
7fc80fbba000-7fc80fbc1000 r-xp 00000000 08:01 5771498                    /lib/x86_64-linux-gnu/librt-2.19.so
7fc80fbc1000-7fc80fdc0000 ---p 00007000 08:01 5771498                    /lib/x86_64-linux-gnu/librt-2.19.so
7fc80fdc0000-7fc80fdc1000 r--p 00006000 08:01 5771498                    /lib/x86_64-linux-gnu/librt-2.19.so
7fc80fdc1000-7fc80fdc2000 rw-p 00007000 08:01 5771498                    /lib/x86_64-linux-gnu/librt-2.19.so
7fc80fdc2000-7fc80fec7000 r-xp 00000000 08:01 5771420                    /lib/x86_64-linux-gnu/libm-2.19.so
7fc80fec7000-7fc8100c6000 ---p 00105000 08:01 5771420                    /lib/x86_64-linux-gnu/libm-2.19.so
7fc8100c6000-7fc8100c7000 r--p 00104000 08:01 5771420                    /lib/x86_64-linux-gnu/libm-2.19.so
7fc8100c7000-7fc8100c8000 rw-p 00105000 08:01 5771420                    /lib/x86_64-linux-gnu/libm-2.19.so
7fc8100c8000-7fc810d86000 r-xp 00000000 08:01 4069167                    /usr/lib/jvm/java-8-oracle/jre/lib/amd64/server/libjvm.so
7fc810d86000-7fc810f85000 ---p 00cbe000 08:01 4069167                    /usr/lib/jvm/java-8-oracle/jre/lib/amd64/server/libjvm.so
7fc810f85000-7fc81105e000 rw-p 00cbd000 08:01 4069167                    /usr/lib/jvm/java-8-oracle/jre/lib/amd64/server/libjvm.so
7fc81105e000-7fc8110a2000 rw-p 00000000 00:00 0 
7fc8110a2000-7fc81125d000 r-xp 00000000 08:01 5771370                    /lib/x86_64-linux-gnu/libc-2.19.so
7fc81125d000-7fc81145c000 ---p 001bb000 08:01 5771370                    /lib/x86_64-linux-gnu/libc-2.19.so
7fc81145c000-7fc811460000 r--p 001ba000 08:01 5771370                    /lib/x86_64-linux-gnu/libc-2.19.so
7fc811460000-7fc811462000 rw-p 001be000 08:01 5771370                    /lib/x86_64-linux-gnu/libc-2.19.so
7fc811462000-7fc811467000 rw-p 00000000 00:00 0 
7fc811467000-7fc81146a000 r-xp 00000000 08:01 5771387                    /lib/x86_64-linux-gnu/libdl-2.19.so
7fc81146a000-7fc811669000 ---p 00003000 08:01 5771387                    /lib/x86_64-linux-gnu/libdl-2.19.so
7fc811669000-7fc81166a000 r--p 00002000 08:01 5771387                    /lib/x86_64-linux-gnu/libdl-2.19.so
7fc81166a000-7fc81166b000 rw-p 00003000 08:01 5771387                    /lib/x86_64-linux-gnu/libdl-2.19.so
7fc81166b000-7fc811680000 r-xp 00000000 08:01 4727160                    /usr/lib/jvm/java-8-oracle/lib/amd64/jli/libjli.so
7fc811680000-7fc811880000 ---p 00015000 08:01 4727160                    /usr/lib/jvm/java-8-oracle/lib/amd64/jli/libjli.so
7fc811880000-7fc811881000 rw-p 00015000 08:01 4727160                    /usr/lib/jvm/java-8-oracle/lib/amd64/jli/libjli.so
7fc811881000-7fc81189a000 r-xp 00000000 08:01 5771490                    /lib/x86_64-linux-gnu/libpthread-2.19.so
7fc81189a000-7fc811a99000 ---p 00019000 08:01 5771490                    /lib/x86_64-linux-gnu/libpthread-2.19.so
7fc811a99000-7fc811a9a000 r--p 00018000 08:01 5771490                    /lib/x86_64-linux-gnu/libpthread-2.19.so
7fc811a9a000-7fc811a9b000 rw-p 00019000 08:01 5771490                    /lib/x86_64-linux-gnu/libpthread-2.19.so
7fc811a9b000-7fc811a9f000 rw-p 00000000 00:00 0 
7fc811a9f000-7fc811ac2000 r-xp 00000000 08:01 5771346                    /lib/x86_64-linux-gnu/ld-2.19.so
7fc811aca000-7fc811ad1000 r--s 00000000 08:01 1967077                    /usr/lib/x86_64-linux-gnu/gconv/gconv-modules.cache
7fc811ad1000-7fc811b9d000 rw-p 00000000 00:00 0 
7fc811b9d000-7fc811ba0000 ---p 00000000 00:00 0 
7fc811ba0000-7fc811ca2000 rw-p 00000000 00:00 0                          [stack:9691]
7fc811ca5000-7fc811ca6000 rw-p 00000000 00:00 0 
7fc811ca6000-7fc811cb5000 r--s 000df000 08:01 10635452                   /home/tomasz/Android/Sdk/build-tools/23.0.2/lib/dx.jar
7fc811cb5000-7fc811cbd000 rw-s 00000000 08:01 6035574                    /tmp/hsperfdata_tomasz/9687
7fc811cbd000-7fc811cbe000 rw-p 00000000 00:00 0 
7fc811cbe000-7fc811cbf000 ---p 00000000 00:00 0 
7fc811cbf000-7fc811cc1000 rw-p 00000000 00:00 0 
7fc811cc1000-7fc811cc2000 r--p 00022000 08:01 5771346                    /lib/x86_64-linux-gnu/ld-2.19.so
7fc811cc2000-7fc811cc3000 rw-p 00023000 08:01 5771346                    /lib/x86_64-linux-gnu/ld-2.19.so
7fc811cc3000-7fc811cc4000 rw-p 00000000 00:00 0 
7fffd472e000-7fffd474f000 rw-p 00000000 00:00 0                          [stack]
7fffd4784000-7fffd4786000 r--p 00000000 00:00 0                          [vvar]
7fffd4786000-7fffd4788000 r-xp 00000000 00:00 0                          [vdso]
ffffffffff600000-ffffffffff601000 r-xp 00000000 00:00 0                  [vsyscall]

VM Arguments:
jvm_args: -Djava.awt.headless=true -Xmx2g -Dfile.encoding=UTF-8 -Duser.country=PL -Duser.language=pl -Duser.variant 
java_command: com.android.dx.command.Main --dex --num-threads=4 --multi-dex --main-dex-list /home/tomasz/AndroidStudioProjects/ITAssistant/app/build/intermediates/multi-dex/debug/maindexlist.txt --output /home/tomasz/AndroidStudioProjects/ITAssistant/app/build/intermediates/transforms/dex/debug/folders/1000/1f/main /home/tomasz/AndroidStudioProjects/ITAssistant/app/build/intermediates/transforms/jarMerging/debug/jars/1/1f/combined.jar
java_class_path (initial): /home/tomasz/Android/Sdk/build-tools/23.0.2/lib/dx.jar
Launcher Type: SUN_STANDARD

Environment Variables:
PATH=/usr/local/sbin:/usr/local/bin:/usr/sbin:/usr/bin:/sbin:/bin:/usr/games:/usr/local/games
LD_LIBRARY_PATH=.:
SHELL=/bin/bash
DISPLAY=:0

Signal Handlers:
SIGSEGV: [libjvm.so+0xaba2a0], sa_mask[0]=11111111011111111101111111111110, sa_flags=SA_RESTART|SA_SIGINFO
SIGBUS: [libjvm.so+0xaba2a0], sa_mask[0]=11111111011111111101111111111110, sa_flags=SA_RESTART|SA_SIGINFO
SIGFPE: [libjvm.so+0x917710], sa_mask[0]=11111111011111111101111111111110, sa_flags=SA_RESTART|SA_SIGINFO
SIGPIPE: [libjvm.so+0x917710], sa_mask[0]=11111111011111111101111111111110, sa_flags=SA_RESTART|SA_SIGINFO
SIGXFSZ: [libjvm.so+0x917710], sa_mask[0]=11111111011111111101111111111110, sa_flags=SA_RESTART|SA_SIGINFO
SIGILL: [libjvm.so+0x917710], sa_mask[0]=11111111011111111101111111111110, sa_flags=SA_RESTART|SA_SIGINFO
SIGUSR1: SIG_DFL, sa_mask[0]=00000000000000000000000000000000, sa_flags=none
SIGUSR2: [libjvm.so+0x918d40], sa_mask[0]=00100000000000000000000000000000, sa_flags=SA_RESTART|SA_SIGINFO
SIGHUP: [libjvm.so+0x91a140], sa_mask[0]=11111111011111111101111111111110, sa_flags=SA_RESTART|SA_SIGINFO
SIGINT: [libjvm.so+0x91a140], sa_mask[0]=11111111011111111101111111111110, sa_flags=SA_RESTART|SA_SIGINFO
SIGTERM: [libjvm.so+0x91a140], sa_mask[0]=11111111011111111101111111111110, sa_flags=SA_RESTART|SA_SIGINFO
SIGQUIT: [libjvm.so+0x91a140], sa_mask[0]=11111111011111111101111111111110, sa_flags=SA_RESTART|SA_SIGINFO


---------------  S Y S T E M  ---------------

OS:DISTRIB_ID=Ubuntu
DISTRIB_RELEASE=14.04
DISTRIB_CODENAME=trusty
DISTRIB_DESCRIPTION="Ubuntu 14.04.3 LTS"

uname:Linux 3.19.0-33-generic #38~14.04.1-Ubuntu SMP Fri Nov 6 18:17:28 UTC 2015 x86_64
libc:glibc 2.19 NPTL 2.19 
rlimit: STACK 8192k, CORE 0k, NPROC 23202, NOFILE 4096, AS infinity
load average:4,27 2,50 1,94

/proc/meminfo:
MemTotal:        5961336 kB
MemFree:          126088 kB
MemAvailable:     111996 kB
Buffers:             904 kB
Cached:           405648 kB
SwapCached:            0 kB
Active:          5322504 kB
Inactive:         329592 kB
Active(anon):    5272812 kB
Inactive(anon):   282848 kB
Active(file):      49692 kB
Inactive(file):    46744 kB
Unevictable:         880 kB
Mlocked:             880 kB
SwapTotal:             0 kB
SwapFree:              0 kB
Dirty:               116 kB
Writeback:             0 kB
AnonPages:       5246736 kB
Mapped:           197764 kB
Shmem:            309848 kB
Slab:              80572 kB
SReclaimable:      44304 kB
SUnreclaim:        36268 kB
KernelStack:       10608 kB
PageTables:        47836 kB
NFS_Unstable:          0 kB
Bounce:                0 kB
WritebackTmp:          0 kB
CommitLimit:     2980668 kB
Committed_AS:    9927032 kB
VmallocTotal:   34359738367 kB
VmallocUsed:      551948 kB
VmallocChunk:   34359168476 kB
HardwareCorrupted:     0 kB
AnonHugePages:   2930688 kB
CmaTotal:              0 kB
CmaFree:               0 kB
HugePages_Total:       0
HugePages_Free:        0
HugePages_Rsvd:        0
HugePages_Surp:        0
Hugepagesize:       2048 kB
DirectMap4k:      145664 kB
DirectMap2M:     5994496 kB


CPU:total 4 (2 cores per cpu, 2 threads per core) family 6 model 42 stepping 7, cmov, cx8, fxsr, mmx, sse, sse2, sse3, ssse3, sse4.1, sse4.2, popcnt, avx, aes, clmul, ht, tsc, tscinvbit

/proc/cpuinfo:
processor	: 0
vendor_id	: GenuineIntel
cpu family	: 6
model		: 42
model name	: Intel(R) Core(TM) i5-2450M CPU @ 2.50GHz
stepping	: 7
microcode	: 0x25
cpu MHz		: 2934.472
cache size	: 3072 KB
physical id	: 0
siblings	: 4
core id		: 0
cpu cores	: 2
apicid		: 0
initial apicid	: 0
fpu		: yes
fpu_exception	: yes
cpuid level	: 13
wp		: yes
flags		: fpu vme de pse tsc msr pae mce cx8 apic sep mtrr pge mca cmov pat pse36 clflush dts acpi mmx fxsr sse sse2 ss ht tm pbe syscall nx rdtscp lm constant_tsc arch_perfmon pebs bts rep_good nopl xtopology nonstop_tsc aperfmperf eagerfpu pni pclmulqdq dtes64 monitor ds_cpl vmx est tm2 ssse3 cx16 xtpr pdcm pcid sse4_1 sse4_2 x2apic popcnt tsc_deadline_timer aes xsave avx lahf_lm ida arat epb pln pts dtherm tpr_shadow vnmi flexpriority ept vpid xsaveopt
bugs		:
bogomips	: 4988.85
clflush size	: 64
cache_alignment	: 64
address sizes	: 36 bits physical, 48 bits virtual
power management:

processor	: 1
vendor_id	: GenuineIntel
cpu family	: 6
model		: 42
model name	: Intel(R) Core(TM) i5-2450M CPU @ 2.50GHz
stepping	: 7
microcode	: 0x25
cpu MHz		: 2900.488
cache size	: 3072 KB
physical id	: 0
siblings	: 4
core id		: 0
cpu cores	: 2
apicid		: 1
initial apicid	: 1
fpu		: yes
fpu_exception	: yes
cpuid level	: 13
wp		: yes
flags		: fpu vme de pse tsc msr pae mce cx8 apic sep mtrr pge mca cmov pat pse36 clflush dts acpi mmx fxsr sse sse2 ss ht tm pbe syscall nx rdtscp lm constant_tsc arch_perfmon pebs bts rep_good nopl xtopology nonstop_tsc aperfmperf eagerfpu pni pclmulqdq dtes64 monitor ds_cpl vmx est tm2 ssse3 cx16 xtpr pdcm pcid sse4_1 sse4_2 x2apic popcnt tsc_deadline_timer aes xsave avx lahf_lm ida arat epb pln pts dtherm tpr_shadow vnmi flexpriority ept vpid xsaveopt
bugs		:
bogomips	: 4988.85
clflush size	: 64
cache_alignment	: 64
address sizes	: 36 bits physical, 48 bits virtual
power management:

processor	: 2
vendor_id	: GenuineIntel
cpu family	: 6
model		: 42
model name	: Intel(R) Core(TM) i5-2450M CPU @ 2.50GHz
stepping	: 7
microcode	: 0x25
cpu MHz		: 2900.000
cache size	: 3072 KB
physical id	: 0
siblings	: 4
core id		: 1
cpu cores	: 2
apicid		: 2
initial apicid	: 2
fpu		: yes
fpu_exception	: yes
cpuid level	: 13
wp		: yes
flags		: fpu vme de pse tsc msr pae mce cx8 apic sep mtrr pge mca cmov pat pse36 clflush dts acpi mmx fxsr sse sse2 ss ht tm pbe syscall nx rdtscp lm constant_tsc arch_perfmon pebs bts rep_good nopl xtopology nonstop_tsc aperfmperf eagerfpu pni pclmulqdq dtes64 monitor ds_cpl vmx est tm2 ssse3 cx16 xtpr pdcm pcid sse4_1 sse4_2 x2apic popcnt tsc_deadline_timer aes xsave avx lahf_lm ida arat epb pln pts dtherm tpr_shadow vnmi flexpriority ept vpid xsaveopt
bugs		:
bogomips	: 4988.85
clflush size	: 64
cache_alignment	: 64
address sizes	: 36 bits physical, 48 bits virtual
power management:

processor	: 3
vendor_id	: GenuineIntel
cpu family	: 6
model		: 42
model name	: Intel(R) Core(TM) i5-2450M CPU @ 2.50GHz
stepping	: 7
microcode	: 0x25
cpu MHz		: 2900.000
cache size	: 3072 KB
physical id	: 0
siblings	: 4
core id		: 1
cpu cores	: 2
apicid		: 3
initial apicid	: 3
fpu		: yes
fpu_exception	: yes
cpuid level	: 13
wp		: yes
flags		: fpu vme de pse tsc msr pae mce cx8 apic sep mtrr pge mca cmov pat pse36 clflush dts acpi mmx fxsr sse sse2 ss ht tm pbe syscall nx rdtscp lm constant_tsc arch_perfmon pebs bts rep_good nopl xtopology nonstop_tsc aperfmperf eagerfpu pni pclmulqdq dtes64 monitor ds_cpl vmx est tm2 ssse3 cx16 xtpr pdcm pcid sse4_1 sse4_2 x2apic popcnt tsc_deadline_timer aes xsave avx lahf_lm ida arat epb pln pts dtherm tpr_shadow vnmi flexpriority ept vpid xsaveopt
bugs		:
bogomips	: 4988.85
clflush size	: 64
cache_alignment	: 64
address sizes	: 36 bits physical, 48 bits virtual
power management:



Memory: 4k page, physical 5961336k(126088k free), swap 0k(0k free)

vm_info: Java HotSpot(TM) 64-Bit Server VM (25.66-b17) for linux-amd64 JRE (1.8.0_66-b17), built on Oct  6 2015 17:28:34 by "java_re" with gcc 4.3.0 20080428 (Red Hat 4.3.0-8)

time: Thu Nov 26 21:37:36 2015
elapsed time: 49 seconds (0d 0h 0m 49s)

