#
# There is insufficient memory for the Java Runtime Environment to continue.
# Native memory allocation (mmap) failed to map 288882688 bytes for committing reserved memory.
# Possible reasons:
#   The system is out of physical RAM or swap space
#   In 32 bit mode, the process size limit was hit
# Possible solutions:
#   Reduce memory load on the system
#   Increase physical memory or swap space
#   Check if swap backing store is full
#   Use 64 bit Java on a 64 bit OS
#   Decrease Java heap size (-Xmx/-Xms)
#   Decrease number of Java threads
#   Decrease Java thread stack sizes (-Xss)
#   Set larger code cache with -XX:ReservedCodeCacheSize=
# This output file may be truncated or incomplete.
#
#  Out of Memory Error (os_linux.cpp:2627), pid=10404, tid=140380740724480
#
# JRE version: Java(TM) SE Runtime Environment (8.0_66-b17) (build 1.8.0_66-b17)
# Java VM: Java HotSpot(TM) 64-Bit Server VM (25.66-b17 mixed mode linux-amd64 compressed oops)
# Failed to write core dump. Core dumps have been disabled. To enable core dumping, try "ulimit -c unlimited" before starting Java again
#

---------------  T H R E A D  ---------------

Current thread (0x00007fad04078000):  VMThread [stack: 0x00007facf01f2000,0x00007facf02f3000] [id=10413]

Stack: [0x00007facf01f2000,0x00007facf02f3000],  sp=0x00007facf02f1360,  free space=1020k
Native frames: (J=compiled Java code, j=interpreted, Vv=VM code, C=native code)
V  [libjvm.so+0xab9a1a]  VMError::report_and_die()+0x2ba
V  [libjvm.so+0x4f9e0b]  report_vm_out_of_memory(char const*, int, unsigned long, VMErrorType, char const*)+0x8b
V  [libjvm.so+0x91a8a3]  os::Linux::commit_memory_impl(char*, unsigned long, bool)+0x103
V  [libjvm.so+0x91adf9]  os::pd_commit_memory(char*, unsigned long, unsigned long, bool)+0x29
V  [libjvm.so+0x91510a]  os::commit_memory(char*, unsigned long, unsigned long, bool)+0x2a
V  [libjvm.so+0x9887a3]  PSVirtualSpace::expand_by(unsigned long)+0x53
V  [libjvm.so+0x979090]  PSOldGen::expand(unsigned long)+0x170
V  [libjvm.so+0x97929b]  PSOldGen::resize(unsigned long)+0x1cb
V  [libjvm.so+0x980f71]  PSParallelCompact::invoke_no_policy(bool)+0x991
V  [libjvm.so+0x9868cd]  PSScavenge::invoke()+0x1ad
V  [libjvm.so+0x93e500]  ParallelScavengeHeap::failed_mem_allocate(unsigned long)+0x70
V  [libjvm.so+0xabb437]  VM_ParallelGCFailedAllocation::doit()+0x97
V  [libjvm.so+0xac2e65]  VM_Operation::evaluate()+0x55
V  [libjvm.so+0xac123a]  VMThread::evaluate_operation(VM_Operation*)+0xba
V  [libjvm.so+0xac15be]  VMThread::loop()+0x1ce
V  [libjvm.so+0xac1a30]  VMThread::run()+0x70
V  [libjvm.so+0x91cc68]  java_start(Thread*)+0x108

VM_Operation (0x00007fad0cf4c760): ParallelGCFailedAllocation, mode: safepoint, requested by thread 0x00007fad0400a000


---------------  P R O C E S S  ---------------

Java Threads: ( => current thread )
  0x00007fad04143000 JavaThread "pool-1-thread-1" [_thread_blocked, id=10444, stack(0x00007faceaae0000,0x00007faceabe1000)]
  0x00007fad041af000 JavaThread "pool-2-thread-4" [_thread_blocked, id=10426, stack(0x00007faceabe1000,0x00007faceace2000)]
  0x00007fad041ad800 JavaThread "pool-2-thread-3" [_thread_blocked, id=10425, stack(0x00007faceace2000,0x00007faceade3000)]
  0x00007fad041ac000 JavaThread "pool-2-thread-2" [_thread_blocked, id=10424, stack(0x00007faceade3000,0x00007faceaee4000)]
  0x00007fad041ab000 JavaThread "pool-3-thread-1" [_thread_blocked, id=10423, stack(0x00007faceaee4000,0x00007faceafe5000)]
  0x00007fad041a9000 JavaThread "pool-2-thread-1" [_thread_blocked, id=10422, stack(0x00007faceafe5000,0x00007faceb0e6000)]
  0x00007fad040c2800 JavaThread "Service Thread" daemon [_thread_blocked, id=10420, stack(0x00007faceb1e7000,0x00007faceb2e8000)]
  0x00007fad040bd800 JavaThread "C1 CompilerThread2" daemon [_thread_blocked, id=10419, stack(0x00007faceb2e8000,0x00007faceb3e9000)]
  0x00007fad040bb800 JavaThread "C2 CompilerThread1" daemon [_thread_blocked, id=10418, stack(0x00007faceb3e9000,0x00007faceb4ea000)]
  0x00007fad040b8800 JavaThread "C2 CompilerThread0" daemon [_thread_in_native, id=10417, stack(0x00007faceb4ea000,0x00007faceb5eb000)]
  0x00007fad040b7800 JavaThread "Signal Dispatcher" daemon [_thread_blocked, id=10416, stack(0x00007faceb5eb000,0x00007faceb6ec000)]
  0x00007fad0407f000 JavaThread "Finalizer" daemon [_thread_blocked, id=10415, stack(0x00007facebeff000,0x00007facec000000)]
  0x00007fad0407d000 JavaThread "Reference Handler" daemon [_thread_blocked, id=10414, stack(0x00007facf00f1000,0x00007facf01f2000)]
  0x00007fad0400a000 JavaThread "main" [_thread_blocked, id=10408, stack(0x00007fad0ce4e000,0x00007fad0cf4f000)]

Other Threads:
=>0x00007fad04078000 VMThread [stack: 0x00007facf01f2000,0x00007facf02f3000] [id=10413]
  0x00007fad040c5800 WatcherThread [stack: 0x00007faceb0e6000,0x00007faceb1e7000] [id=10421]

VM state:at safepoint (normal execution)

VM Mutex/Monitor currently owned by a thread:  ([mutex/lock_event])
[0x00007fad04005ef0] ExpandHeap_lock - owner thread: 0x00007fad04078000
[0x00007fad04006570] Threads_lock - owner thread: 0x00007fad04078000
[0x00007fad04006a70] Heap_lock - owner thread: 0x00007fad0400a000

Heap:
 PSYoungGen      total 465920K, used 0K [0x00000000d5580000, 0x0000000100000000, 0x0000000100000000)
  eden space 232960K, 0% used [0x00000000d5580000,0x00000000d5580000,0x00000000e3900000)
  from space 232960K, 0% used [0x00000000f1c80000,0x00000000f1c80000,0x0000000100000000)
  to   space 232960K, 0% used [0x00000000e3900000,0x00000000e3900000,0x00000000f1c80000)
 ParOldGen       total 892928K, used 856584K [0x0000000080000000, 0x00000000b6800000, 0x00000000d5580000)
  object space 892928K, 95% used [0x0000000080000000,0x00000000b4482090,0x00000000b6800000)
 Metaspace       used 6708K, capacity 7384K, committed 7680K, reserved 1056768K
  class space    used 623K, capacity 656K, committed 768K, reserved 1048576K

Card table byte_map: [0x00007fad09818000,0x00007fad09c19000] byte_map_base: 0x00007fad09418000

Marking Bits: (ParMarkBitMap*) 0x00007fad0c328020
 Begin Bits: [0x00007facf1000000, 0x00007facf3000000)
 End Bits:   [0x00007facf3000000, 0x00007facf5000000)

Polling page: 0x00007fad0cf6f000

CodeCache: size=245760Kb used=12047Kb max_used=12203Kb free=233712Kb
 bounds [0x00007facf5000000, 0x00007facf5cb0000, 0x00007fad04000000]
 total_blobs=2667 nmethods=2398 adapters=182
 compilation: enabled

Compilation events (10 events):
Event: 45,421 Thread 0x00007fad040bd800 3129       1       com.android.dx.rop.cst.CstLiteral32::fitsInInt (2 bytes)
Event: 45,421 Thread 0x00007fad040bd800 nmethod 3129 0x00007facf56d5cd0 code [0x00007facf56d5e20, 0x00007facf56d5f30]
Event: 45,422 Thread 0x00007fad040bd800 3131       2       com.android.dx.rop.cst.CstLiteralBits::fitsIn16Bits (26 bytes)
Event: 45,423 Thread 0x00007fad040bd800 nmethod 3131 0x00007facf57a3890 code [0x00007facf57a3a00, 0x00007facf57a3bd8]
Event: 45,532 Thread 0x00007fad040bd800 3132       2       com.android.dx.dex.code.OutputFinisher::hasLocalInfo (75 bytes)
Event: 45,533 Thread 0x00007fad040bd800 nmethod 3132 0x00007facf52b0a10 code [0x00007facf52b0bc0, 0x00007facf52b1018]
Event: 45,539 Thread 0x00007fad040bd800 3133       2       com.android.dx.cf.code.ValueAwareMachine::run (1142 bytes)
Event: 45,542 Thread 0x00007fad040bd800 nmethod 3133 0x00007facf5b79910 code [0x00007facf5b79ce0, 0x00007facf5b7b638]
Event: 45,549 Thread 0x00007fad040bb800 nmethod 3106 0x00007facf5341a10 code [0x00007facf5341ce0, 0x00007facf5343b38]
Event: 45,550 Thread 0x00007fad040bb800 3113       4       com.android.dx.dex.code.OutputFinisher::addConstants (93 bytes)

GC Heap History (10 events):
Event: 41,711 GC heap after
Heap after GC invocations=29 (full 5):
 PSYoungGen      total 463872K, used 124310K [0x00000000d5580000, 0x00000000ff600000, 0x0000000100000000)
  eden space 256000K, 0% used [0x00000000d5580000,0x00000000d5580000,0x00000000e4f80000)
  from space 207872K, 59% used [0x00000000f1b00000,0x00000000f9465bc0,0x00000000fe600000)
  to   space 208384K, 0% used [0x00000000e4f80000,0x00000000e4f80000,0x00000000f1b00000)
 ParOldGen       total 892928K, used 724868K [0x0000000080000000, 0x00000000b6800000, 0x00000000d5580000)
  object space 892928K, 81% used [0x0000000080000000,0x00000000ac3e11a0,0x00000000b6800000)
 Metaspace       used 6598K, capacity 7320K, committed 7680K, reserved 1056768K
  class space    used 617K, capacity 656K, committed 768K, reserved 1048576K
}
Event: 42,549 GC heap before
{Heap before GC invocations=30 (full 5):
 PSYoungGen      total 463872K, used 380310K [0x00000000d5580000, 0x00000000ff600000, 0x0000000100000000)
  eden space 256000K, 100% used [0x00000000d5580000,0x00000000e4f80000,0x00000000e4f80000)
  from space 207872K, 59% used [0x00000000f1b00000,0x00000000f9465bc0,0x00000000fe600000)
  to   space 208384K, 0% used [0x00000000e4f80000,0x00000000e4f80000,0x00000000f1b00000)
 ParOldGen       total 892928K, used 724868K [0x0000000080000000, 0x00000000b6800000, 0x00000000d5580000)
  object space 892928K, 81% used [0x0000000080000000,0x00000000ac3e11a0,0x00000000b6800000)
 Metaspace       used 6600K, capacity 7320K, committed 7680K, reserved 1056768K
  class space    used 617K, capacity 656K, committed 768K, reserved 1048576K
Event: 42,716 GC heap after
Heap after GC invocations=30 (full 5):
 PSYoungGen      total 464384K, used 164223K [0x00000000d5580000, 0x0000000100000000, 0x0000000100000000)
  eden space 256000K, 0% used [0x00000000d5580000,0x00000000d5580000,0x00000000e4f80000)
  from space 208384K, 78% used [0x00000000e4f80000,0x00000000eefdfdc0,0x00000000f1b00000)
  to   space 222720K, 0% used [0x00000000f2680000,0x00000000f2680000,0x0000000100000000)
 ParOldGen       total 892928K, used 724876K [0x0000000080000000, 0x00000000b6800000, 0x00000000d5580000)
  object space 892928K, 81% used [0x0000000080000000,0x00000000ac3e31a0,0x00000000b6800000)
 Metaspace       used 6600K, capacity 7320K, committed 7680K, reserved 1056768K
  class space    used 617K, capacity 656K, committed 768K, reserved 1048576K
}
Event: 43,569 GC heap before
{Heap before GC invocations=31 (full 5):
 PSYoungGen      total 464384K, used 420223K [0x00000000d5580000, 0x0000000100000000, 0x0000000100000000)
  eden space 256000K, 100% used [0x00000000d5580000,0x00000000e4f80000,0x00000000e4f80000)
  from space 208384K, 78% used [0x00000000e4f80000,0x00000000eefdfdc0,0x00000000f1b00000)
  to   space 222720K, 0% used [0x00000000f2680000,0x00000000f2680000,0x0000000100000000)
 ParOldGen       total 892928K, used 724876K [0x0000000080000000, 0x00000000b6800000, 0x00000000d5580000)
  object space 892928K, 81% used [0x0000000080000000,0x00000000ac3e31a0,0x00000000b6800000)
 Metaspace       used 6706K, capacity 7384K, committed 7680K, reserved 1056768K
  class space    used 623K, capacity 656K, committed 768K, reserved 1048576K
Event: 43,814 GC heap after
Heap after GC invocations=31 (full 5):
 PSYoungGen      total 455680K, used 201313K [0x00000000d5580000, 0x0000000100000000, 0x0000000100000000)
  eden space 232960K, 0% used [0x00000000d5580000,0x00000000d5580000,0x00000000e3900000)
  from space 222720K, 90% used [0x00000000f2680000,0x00000000feb18458,0x0000000100000000)
  to   space 232960K, 0% used [0x00000000e3900000,0x00000000e3900000,0x00000000f1c80000)
 ParOldGen       total 892928K, used 724876K [0x0000000080000000, 0x00000000b6800000, 0x00000000d5580000)
  object space 892928K, 81% used [0x0000000080000000,0x00000000ac3e31a0,0x00000000b6800000)
 Metaspace       used 6706K, capacity 7384K, committed 7680K, reserved 1056768K
  class space    used 623K, capacity 656K, committed 768K, reserved 1048576K
}
Event: 44,477 GC heap before
{Heap before GC invocations=32 (full 5):
 PSYoungGen      total 455680K, used 434273K [0x00000000d5580000, 0x0000000100000000, 0x0000000100000000)
  eden space 232960K, 100% used [0x00000000d5580000,0x00000000e3900000,0x00000000e3900000)
  from space 222720K, 90% used [0x00000000f2680000,0x00000000feb18458,0x0000000100000000)
  to   space 232960K, 0% used [0x00000000e3900000,0x00000000e3900000,0x00000000f1c80000)
 ParOldGen       total 892928K, used 724876K [0x0000000080000000, 0x00000000b6800000, 0x00000000d5580000)
  object space 892928K, 81% used [0x0000000080000000,0x00000000ac3e31a0,0x00000000b6800000)
 Metaspace       used 6708K, capacity 7384K, committed 7680K, reserved 1056768K
  class space    used 623K, capacity 656K, committed 768K, reserved 1048576K
Event: 44,845 GC heap after
Heap after GC invocations=32 (full 5):
 PSYoungGen      total 465920K, used 192623K [0x00000000d5580000, 0x0000000100000000, 0x0000000100000000)
  eden space 232960K, 0% used [0x00000000d5580000,0x00000000d5580000,0x00000000e3900000)
  from space 232960K, 82% used [0x00000000e3900000,0x00000000ef51be58,0x00000000f1c80000)
  to   space 232960K, 0% used [0x00000000f1c80000,0x00000000f1c80000,0x0000000100000000)
 ParOldGen       total 892928K, used 772099K [0x0000000080000000, 0x00000000b6800000, 0x00000000d5580000)
  object space 892928K, 86% used [0x0000000080000000,0x00000000af200fa0,0x00000000b6800000)
 Metaspace       used 6708K, capacity 7384K, committed 7680K, reserved 1056768K
  class space    used 623K, capacity 656K, committed 768K, reserved 1048576K
}
Event: 45,572 GC heap before
{Heap before GC invocations=33 (full 5):
 PSYoungGen      total 465920K, used 425583K [0x00000000d5580000, 0x0000000100000000, 0x0000000100000000)
  eden space 232960K, 100% used [0x00000000d5580000,0x00000000e3900000,0x00000000e3900000)
  from space 232960K, 82% used [0x00000000e3900000,0x00000000ef51be58,0x00000000f1c80000)
  to   space 232960K, 0% used [0x00000000f1c80000,0x00000000f1c80000,0x0000000100000000)
 ParOldGen       total 892928K, used 772099K [0x0000000080000000, 0x00000000b6800000, 0x00000000d5580000)
  object space 892928K, 86% used [0x0000000080000000,0x00000000af200fa0,0x00000000b6800000)
 Metaspace       used 6708K, capacity 7384K, committed 7680K, reserved 1056768K
  class space    used 623K, capacity 656K, committed 768K, reserved 1048576K
Event: 45,916 GC heap after
Heap after GC invocations=33 (full 5):
 PSYoungGen      total 465920K, used 154980K [0x00000000d5580000, 0x0000000100000000, 0x0000000100000000)
  eden space 232960K, 0% used [0x00000000d5580000,0x00000000d5580000,0x00000000e3900000)
  from space 232960K, 66% used [0x00000000f1c80000,0x00000000fb3d9288,0x0000000100000000)
  to   space 232960K, 0% used [0x00000000e3900000,0x00000000e3900000,0x00000000f1c80000)
 ParOldGen       total 892928K, used 845006K [0x0000000080000000, 0x00000000b6800000, 0x00000000d5580000)
  object space 892928K, 94% used [0x0000000080000000,0x00000000b3933950,0x00000000b6800000)
 Metaspace       used 6708K, capacity 7384K, committed 7680K, reserved 1056768K
  class space    used 623K, capacity 656K, committed 768K, reserved 1048576K
}
Event: 45,916 GC heap before
{Heap before GC invocations=34 (full 6):
 PSYoungGen      total 465920K, used 154980K [0x00000000d5580000, 0x0000000100000000, 0x0000000100000000)
  eden space 232960K, 0% used [0x00000000d5580000,0x00000000d5580000,0x00000000e3900000)
  from space 232960K, 66% used [0x00000000f1c80000,0x00000000fb3d9288,0x0000000100000000)
  to   space 232960K, 0% used [0x00000000e3900000,0x00000000e3900000,0x00000000f1c80000)
 ParOldGen       total 892928K, used 845006K [0x0000000080000000, 0x00000000b6800000, 0x00000000d5580000)
  object space 892928K, 94% used [0x0000000080000000,0x00000000b3933950,0x00000000b6800000)
 Metaspace       used 6708K, capacity 7384K, committed 7680K, reserved 1056768K
  class space    used 623K, capacity 656K, committed 768K, reserved 1048576K

Deoptimization events (10 events):
Event: 42,842 Thread 0x00007fad04143000 Uncommon trap: reason=class_check action=maybe_recompile pc=0x00007facf51dff7c method=java.util.Arrays.hashCode([Ljava/lang/Object;)I @ 43
Event: 42,843 Thread 0x00007fad04143000 Uncommon trap: reason=class_check action=maybe_recompile pc=0x00007facf51dff7c method=java.util.Arrays.hashCode([Ljava/lang/Object;)I @ 43
Event: 42,843 Thread 0x00007fad04143000 Uncommon trap: reason=class_check action=maybe_recompile pc=0x00007facf51dff7c method=java.util.Arrays.hashCode([Ljava/lang/Object;)I @ 43
Event: 42,843 Thread 0x00007fad04143000 Uncommon trap: reason=class_check action=maybe_recompile pc=0x00007facf51dff7c method=java.util.Arrays.hashCode([Ljava/lang/Object;)I @ 43
Event: 42,843 Thread 0x00007fad04143000 Uncommon trap: reason=class_check action=maybe_recompile pc=0x00007facf5602bb4 method=java.util.Arrays.hashCode([Ljava/lang/Object;)I @ 43
Event: 43,333 Thread 0x00007fad04143000 Uncommon trap: reason=unstable_if action=reinterpret pc=0x00007facf5198570 method=com.android.dx.dex.code.OutputFinisher.addConstants(Ljava/util/HashSet;Lcom/android/dx/rop/code/RegisterSpec;)V @ 57
Event: 43,549 Thread 0x00007fad0400a000 Uncommon trap: reason=unstable_if action=reinterpret pc=0x00007facf557dbcc method=com.android.dx.rop.code.RegisterSpec.equals(ILcom/android/dx/rop/type/TypeBearer;Lcom/android/dx/rop/code/LocalItem;)Z @ 31
Event: 44,441 Thread 0x00007fad04143000 Uncommon trap: reason=unstable_if action=reinterpret pc=0x00007facf52ddb8c method=com.android.dx.dex.code.OutputFinisher.addConstants(Ljava/util/HashSet;Lcom/android/dx/rop/code/RegisterSpec;)V @ 32
Event: 45,531 Thread 0x00007fad0400a000 Uncommon trap: reason=unstable_if action=reinterpret pc=0x00007facf57894fc method=com.android.dx.dex.code.OutputFinisher.hasLocalInfo(Lcom/android/dx/rop/code/RegisterSpec;)Z @ 1
Event: 45,539 Thread 0x00007fad041af000 Uncommon trap: reason=unstable_if action=reinterpret pc=0x00007facf594a2e0 method=com.android.dx.cf.code.Merger.isPossiblyAssignableFrom(Lcom/android/dx/rop/type/TypeBearer;Lcom/android/dx/rop/type/TypeBearer;)Z @ 131

Internal exceptions (10 events):
Event: 0,023 Thread 0x00007fad0400a000 Exception <a 'java/lang/NoSuchMethodError': Method sun.misc.Unsafe.prefetchRead(Ljava/lang/Object;J)V name or signature does not match> (0x00000000d5592e80) thrown at [/HUDSON/workspace/8-2-build-linux-amd64/jdk8u66/4988/hotspot/src/share/vm/prims/jni.cpp
Event: 1,045 Thread 0x00007fad041a9000 Implicit null exception at 0x00007facf536bc44 to 0x00007facf536e355
Event: 1,566 Thread 0x00007fad041ad800 Implicit null exception at 0x00007facf547e382 to 0x00007facf548326d
Event: 2,258 Thread 0x00007fad041af000 Exception <a 'java/lang/ArrayIndexOutOfBoundsException': 18> (0x00000000d8a21128) thrown at [/HUDSON/workspace/8-2-build-linux-amd64/jdk8u66/4988/hotspot/src/share/vm/interpreter/interpreterRuntime.cpp, line 366]
Event: 2,258 Thread 0x00007fad041af000 Exception <a 'java/lang/ArrayIndexOutOfBoundsException': 145> (0x00000000d8a22ca8) thrown at [/HUDSON/workspace/8-2-build-linux-amd64/jdk8u66/4988/hotspot/src/share/vm/interpreter/interpreterRuntime.cpp, line 366]
Event: 2,259 Thread 0x00007fad041af000 Exception <a 'java/lang/ArrayIndexOutOfBoundsException': 40> (0x00000000d8a23f90) thrown at [/HUDSON/workspace/8-2-build-linux-amd64/jdk8u66/4988/hotspot/src/share/vm/interpreter/interpreterRuntime.cpp, line 366]
Event: 14,571 Thread 0x00007fad041ac000 Implicit null exception at 0x00007facf5a71dae to 0x00007facf5a75b01
Event: 41,118 Thread 0x00007fad041af000 Implicit null exception at 0x00007facf5c09f3f to 0x00007facf5c0a129
Event: 43,549 Thread 0x00007fad0400a000 Implicit null exception at 0x00007facf557d6d8 to 0x00007facf557dba1
Event: 45,531 Thread 0x00007fad0400a000 Implicit null exception at 0x00007facf57893d0 to 0x00007facf57894e9

Events (10 events):
Event: 45,539 Thread 0x00007fad041af000 Uncommon trap: trap_request=0xffffff65 fr.pc=0x00007facf594a2e0
Event: 45,539 Thread 0x00007fad041af000 DEOPT PACKING pc=0x00007facf594a2e0 sp=0x00007faceacdf8c0
Event: 45,539 Thread 0x00007fad041af000 DEOPT UNPACKING pc=0x00007facf5005229 sp=0x00007faceacdf748 mode 2
Event: 45,542 Thread 0x00007fad040bd800 flushing nmethod 0x00007facf59b8f90
Event: 45,550 Thread 0x00007fad040bb800 flushing nmethod 0x00007facf59fbbd0
Event: 45,550 Thread 0x00007fad040bb800 flushing nmethod 0x00007facf5a4c710
Event: 45,550 Thread 0x00007fad040bb800 flushing nmethod 0x00007facf5a8e5d0
Event: 45,550 Thread 0x00007fad040bb800 flushing nmethod 0x00007facf5aa2050
Event: 45,550 Thread 0x00007fad040bb800 flushing nmethod 0x00007facf5ac3490
Event: 45,565 Executing VM operation: ParallelGCFailedAllocation


Dynamic libraries:
00400000-00401000 r-xp 00000000 08:01 4591374                            /usr/lib/jvm/java-8-oracle/bin/java
00600000-00601000 rw-p 00000000 08:01 4591374                            /usr/lib/jvm/java-8-oracle/bin/java
0133a000-0135b000 rw-p 00000000 00:00 0                                  [heap]
80000000-b6800000 rw-p 00000000 00:00 0 
c7b80000-d5580000 ---p 00000000 00:00 0 
d5580000-100000000 rw-p 00000000 00:00 0 
100000000-1000c0000 rw-p 00000000 00:00 0 
1000c0000-140000000 ---p 00000000 00:00 0 
7fac9c000000-7fac9c05b000 rw-p 00000000 00:00 0 
7fac9c05b000-7faca0000000 ---p 00000000 00:00 0 
7faca0000000-7faca0021000 rw-p 00000000 00:00 0 
7faca0021000-7faca4000000 ---p 00000000 00:00 0 
7faca4000000-7faca4031000 rw-p 00000000 00:00 0 
7faca4031000-7faca8000000 ---p 00000000 00:00 0 
7faca8000000-7faca8072000 rw-p 00000000 00:00 0 
7faca8072000-7facac000000 ---p 00000000 00:00 0 
7facac000000-7facac043000 rw-p 00000000 00:00 0 
7facac043000-7facb0000000 ---p 00000000 00:00 0 
7facb0000000-7facb0021000 rw-p 00000000 00:00 0 
7facb0021000-7facb4000000 ---p 00000000 00:00 0 
7facb4000000-7facb4021000 rw-p 00000000 00:00 0 
7facb4021000-7facb8000000 ---p 00000000 00:00 0 
7facb8000000-7facb8021000 rw-p 00000000 00:00 0 
7facb8021000-7facbc000000 ---p 00000000 00:00 0 
7facbc000000-7facbe691000 rw-p 00000000 00:00 0 
7facbe691000-7facc0000000 ---p 00000000 00:00 0 
7facc0000000-7facc0aa0000 rw-p 00000000 00:00 0 
7facc0aa0000-7facc4000000 ---p 00000000 00:00 0 
7facc4000000-7facc4021000 rw-p 00000000 00:00 0 
7facc4021000-7facc8000000 ---p 00000000 00:00 0 
7facc8000000-7facca145000 rw-p 00000000 00:00 0 
7facca145000-7faccc000000 ---p 00000000 00:00 0 
7faccc000000-7faccc021000 rw-p 00000000 00:00 0 
7faccc021000-7facd0000000 ---p 00000000 00:00 0 
7facd0000000-7facd0021000 rw-p 00000000 00:00 0 
7facd0021000-7facd4000000 ---p 00000000 00:00 0 
7facd4000000-7facd4021000 rw-p 00000000 00:00 0 
7facd4021000-7facd8000000 ---p 00000000 00:00 0 
7facd8000000-7facd8290000 rw-p 00000000 00:00 0 
7facd8290000-7facdc000000 ---p 00000000 00:00 0 
7facdc000000-7facdc021000 rw-p 00000000 00:00 0 
7facdc021000-7face0000000 ---p 00000000 00:00 0 
7face4000000-7face4021000 rw-p 00000000 00:00 0 
7face4021000-7face8000000 ---p 00000000 00:00 0 
7faceaae0000-7faceaae3000 ---p 00000000 00:00 0 
7faceaae3000-7faceabe1000 rw-p 00000000 00:00 0                          [stack:10444]
7faceabe1000-7faceabe4000 ---p 00000000 00:00 0 
7faceabe4000-7faceace2000 rw-p 00000000 00:00 0                          [stack:10426]
7faceace2000-7faceace5000 ---p 00000000 00:00 0 
7faceace5000-7faceade3000 rw-p 00000000 00:00 0                          [stack:10425]
7faceade3000-7faceade6000 ---p 00000000 00:00 0 
7faceade6000-7faceaee4000 rw-p 00000000 00:00 0                          [stack:10424]
7faceaee4000-7faceaee7000 ---p 00000000 00:00 0 
7faceaee7000-7faceafe5000 rw-p 00000000 00:00 0                          [stack:10423]
7faceafe5000-7faceafe8000 ---p 00000000 00:00 0 
7faceafe8000-7faceb0e6000 rw-p 00000000 00:00 0                          [stack:10422]
7faceb0e6000-7faceb0e7000 ---p 00000000 00:00 0 
7faceb0e7000-7faceb1e7000 rw-p 00000000 00:00 0                          [stack:10421]
7faceb1e7000-7faceb1ea000 ---p 00000000 00:00 0 
7faceb1ea000-7faceb2e8000 rw-p 00000000 00:00 0                          [stack:10420]
7faceb2e8000-7faceb2eb000 ---p 00000000 00:00 0 
7faceb2eb000-7faceb3e9000 rw-p 00000000 00:00 0                          [stack:10419]
7faceb3e9000-7faceb3ec000 ---p 00000000 00:00 0 
7faceb3ec000-7faceb4ea000 rw-p 00000000 00:00 0                          [stack:10418]
7faceb4ea000-7faceb4ed000 ---p 00000000 00:00 0 
7faceb4ed000-7faceb5eb000 rw-p 00000000 00:00 0                          [stack:10417]
7faceb5eb000-7faceb5ee000 ---p 00000000 00:00 0 
7faceb5ee000-7faceb6ec000 rw-p 00000000 00:00 0                          [stack:10416]
7faceb6ec000-7facebeff000 r--p 00000000 08:01 1579663                    /usr/lib/locale/locale-archive
7facebeff000-7facebf02000 ---p 00000000 00:00 0 
7facebf02000-7facec000000 rw-p 00000000 00:00 0                          [stack:10415]
7facec000000-7facec021000 rw-p 00000000 00:00 0 
7facec021000-7facf0000000 ---p 00000000 00:00 0 
7facf000e000-7facf00f1000 r--s 00bb0000 08:01 7343070                    /home/tomasz/AndroidStudioProjects/ITAssistant/app/build/intermediates/transforms/jarMerging/debug/jars/1/1f/combined.jar
7facf00f1000-7facf00f4000 ---p 00000000 00:00 0 
7facf00f4000-7facf01f2000 rw-p 00000000 00:00 0                          [stack:10414]
7facf01f2000-7facf01f3000 ---p 00000000 00:00 0 
7facf01f3000-7facf5000000 rw-p 00000000 00:00 0                          [stack:10413]
7facf5000000-7facf5cb0000 rwxp 00000000 00:00 0 
7facf5cb0000-7fad04000000 ---p 00000000 00:00 0 
7fad04000000-7fad043d6000 rw-p 00000000 00:00 0 
7fad043d6000-7fad08000000 ---p 00000000 00:00 0 
7fad08020000-7fad08045000 r--p 00000000 08:01 2361987                    /usr/share/locale-langpack/pl/LC_MESSAGES/libc.mo
7fad08045000-7fad0831a000 rw-p 00000000 00:00 0 
7fad0831a000-7fad084f3000 r--s 03d20000 08:01 4069182                    /usr/lib/jvm/java-8-oracle/jre/lib/rt.jar
7fad084f3000-7fad08c29000 rw-p 00000000 00:00 0 
7fad08c29000-7fad08d69000 ---p 00000000 00:00 0 
7fad08d69000-7fad09169000 rw-p 00000000 00:00 0 
7fad09169000-7fad0916a000 ---p 00000000 00:00 0 
7fad0916a000-7fad0926a000 rw-p 00000000 00:00 0                          [stack:10412]
7fad0926a000-7fad0926b000 ---p 00000000 00:00 0 
7fad0926b000-7fad0936b000 rw-p 00000000 00:00 0                          [stack:10411]
7fad0936b000-7fad0936c000 ---p 00000000 00:00 0 
7fad0936c000-7fad0946c000 rw-p 00000000 00:00 0                          [stack:10410]
7fad0946c000-7fad0946d000 ---p 00000000 00:00 0 
7fad0946d000-7fad09721000 rw-p 00000000 00:00 0                          [stack:10409]
7fad09721000-7fad09818000 ---p 00000000 00:00 0 
7fad09818000-7fad099cc000 rw-p 00000000 00:00 0 
7fad099cc000-7fad09ac2000 ---p 00000000 00:00 0 
7fad09ac2000-7fad09c18000 rw-p 00000000 00:00 0 
7fad09c18000-7fad09c4c000 rw-p 00000000 00:00 0 
7fad09c4c000-7fad09fd9000 ---p 00000000 00:00 0 
7fad09fd9000-7fad09ff3000 r-xp 00000000 08:01 4069168                    /usr/lib/jvm/java-8-oracle/jre/lib/amd64/libzip.so
7fad09ff3000-7fad0a1f3000 ---p 0001a000 08:01 4069168                    /usr/lib/jvm/java-8-oracle/jre/lib/amd64/libzip.so
7fad0a1f3000-7fad0a1f4000 rw-p 0001a000 08:01 4069168                    /usr/lib/jvm/java-8-oracle/jre/lib/amd64/libzip.so
7fad0a1f4000-7fad0a1ff000 r-xp 00000000 08:01 5771445                    /lib/x86_64-linux-gnu/libnss_files-2.19.so
7fad0a1ff000-7fad0a3fe000 ---p 0000b000 08:01 5771445                    /lib/x86_64-linux-gnu/libnss_files-2.19.so
7fad0a3fe000-7fad0a3ff000 r--p 0000a000 08:01 5771445                    /lib/x86_64-linux-gnu/libnss_files-2.19.so
7fad0a3ff000-7fad0a400000 rw-p 0000b000 08:01 5771445                    /lib/x86_64-linux-gnu/libnss_files-2.19.so
7fad0a400000-7fad0a40b000 r-xp 00000000 08:01 5771455                    /lib/x86_64-linux-gnu/libnss_nis-2.19.so
7fad0a40b000-7fad0a60a000 ---p 0000b000 08:01 5771455                    /lib/x86_64-linux-gnu/libnss_nis-2.19.so
7fad0a60a000-7fad0a60b000 r--p 0000a000 08:01 5771455                    /lib/x86_64-linux-gnu/libnss_nis-2.19.so
7fad0a60b000-7fad0a60c000 rw-p 0000b000 08:01 5771455                    /lib/x86_64-linux-gnu/libnss_nis-2.19.so
7fad0a60c000-7fad0a623000 r-xp 00000000 08:01 5771439                    /lib/x86_64-linux-gnu/libnsl-2.19.so
7fad0a623000-7fad0a822000 ---p 00017000 08:01 5771439                    /lib/x86_64-linux-gnu/libnsl-2.19.so
7fad0a822000-7fad0a823000 r--p 00016000 08:01 5771439                    /lib/x86_64-linux-gnu/libnsl-2.19.so
7fad0a823000-7fad0a824000 rw-p 00017000 08:01 5771439                    /lib/x86_64-linux-gnu/libnsl-2.19.so
7fad0a824000-7fad0a826000 rw-p 00000000 00:00 0 
7fad0a826000-7fad0a82f000 r-xp 00000000 08:01 5771441                    /lib/x86_64-linux-gnu/libnss_compat-2.19.so
7fad0a82f000-7fad0aa2e000 ---p 00009000 08:01 5771441                    /lib/x86_64-linux-gnu/libnss_compat-2.19.so
7fad0aa2e000-7fad0aa2f000 r--p 00008000 08:01 5771441                    /lib/x86_64-linux-gnu/libnss_compat-2.19.so
7fad0aa2f000-7fad0aa30000 rw-p 00009000 08:01 5771441                    /lib/x86_64-linux-gnu/libnss_compat-2.19.so
7fad0aa30000-7fad0aa5a000 r-xp 00000000 08:01 4069157                    /usr/lib/jvm/java-8-oracle/jre/lib/amd64/libjava.so
7fad0aa5a000-7fad0ac5a000 ---p 0002a000 08:01 4069157                    /usr/lib/jvm/java-8-oracle/jre/lib/amd64/libjava.so
7fad0ac5a000-7fad0ac5c000 rw-p 0002a000 08:01 4069157                    /usr/lib/jvm/java-8-oracle/jre/lib/amd64/libjava.so
7fad0ac5c000-7fad0ac69000 r-xp 00000000 08:01 4069118                    /usr/lib/jvm/java-8-oracle/jre/lib/amd64/libverify.so
7fad0ac69000-7fad0ae69000 ---p 0000d000 08:01 4069118                    /usr/lib/jvm/java-8-oracle/jre/lib/amd64/libverify.so
7fad0ae69000-7fad0ae6b000 rw-p 0000d000 08:01 4069118                    /usr/lib/jvm/java-8-oracle/jre/lib/amd64/libverify.so
7fad0ae6b000-7fad0ae72000 r-xp 00000000 08:01 5771498                    /lib/x86_64-linux-gnu/librt-2.19.so
7fad0ae72000-7fad0b071000 ---p 00007000 08:01 5771498                    /lib/x86_64-linux-gnu/librt-2.19.so
7fad0b071000-7fad0b072000 r--p 00006000 08:01 5771498                    /lib/x86_64-linux-gnu/librt-2.19.so
7fad0b072000-7fad0b073000 rw-p 00007000 08:01 5771498                    /lib/x86_64-linux-gnu/librt-2.19.so
7fad0b073000-7fad0b178000 r-xp 00000000 08:01 5771420                    /lib/x86_64-linux-gnu/libm-2.19.so
7fad0b178000-7fad0b377000 ---p 00105000 08:01 5771420                    /lib/x86_64-linux-gnu/libm-2.19.so
7fad0b377000-7fad0b378000 r--p 00104000 08:01 5771420                    /lib/x86_64-linux-gnu/libm-2.19.so
7fad0b378000-7fad0b379000 rw-p 00105000 08:01 5771420                    /lib/x86_64-linux-gnu/libm-2.19.so
7fad0b379000-7fad0c037000 r-xp 00000000 08:01 4069167                    /usr/lib/jvm/java-8-oracle/jre/lib/amd64/server/libjvm.so
7fad0c037000-7fad0c236000 ---p 00cbe000 08:01 4069167                    /usr/lib/jvm/java-8-oracle/jre/lib/amd64/server/libjvm.so
7fad0c236000-7fad0c30f000 rw-p 00cbd000 08:01 4069167                    /usr/lib/jvm/java-8-oracle/jre/lib/amd64/server/libjvm.so
7fad0c30f000-7fad0c353000 rw-p 00000000 00:00 0 
7fad0c353000-7fad0c50e000 r-xp 00000000 08:01 5771370                    /lib/x86_64-linux-gnu/libc-2.19.so
7fad0c50e000-7fad0c70d000 ---p 001bb000 08:01 5771370                    /lib/x86_64-linux-gnu/libc-2.19.so
7fad0c70d000-7fad0c711000 r--p 001ba000 08:01 5771370                    /lib/x86_64-linux-gnu/libc-2.19.so
7fad0c711000-7fad0c713000 rw-p 001be000 08:01 5771370                    /lib/x86_64-linux-gnu/libc-2.19.so
7fad0c713000-7fad0c718000 rw-p 00000000 00:00 0 
7fad0c718000-7fad0c71b000 r-xp 00000000 08:01 5771387                    /lib/x86_64-linux-gnu/libdl-2.19.so
7fad0c71b000-7fad0c91a000 ---p 00003000 08:01 5771387                    /lib/x86_64-linux-gnu/libdl-2.19.so
7fad0c91a000-7fad0c91b000 r--p 00002000 08:01 5771387                    /lib/x86_64-linux-gnu/libdl-2.19.so
7fad0c91b000-7fad0c91c000 rw-p 00003000 08:01 5771387                    /lib/x86_64-linux-gnu/libdl-2.19.so
7fad0c91c000-7fad0c931000 r-xp 00000000 08:01 4727160                    /usr/lib/jvm/java-8-oracle/lib/amd64/jli/libjli.so
7fad0c931000-7fad0cb31000 ---p 00015000 08:01 4727160                    /usr/lib/jvm/java-8-oracle/lib/amd64/jli/libjli.so
7fad0cb31000-7fad0cb32000 rw-p 00015000 08:01 4727160                    /usr/lib/jvm/java-8-oracle/lib/amd64/jli/libjli.so
7fad0cb32000-7fad0cb4b000 r-xp 00000000 08:01 5771490                    /lib/x86_64-linux-gnu/libpthread-2.19.so
7fad0cb4b000-7fad0cd4a000 ---p 00019000 08:01 5771490                    /lib/x86_64-linux-gnu/libpthread-2.19.so
7fad0cd4a000-7fad0cd4b000 r--p 00018000 08:01 5771490                    /lib/x86_64-linux-gnu/libpthread-2.19.so
7fad0cd4b000-7fad0cd4c000 rw-p 00019000 08:01 5771490                    /lib/x86_64-linux-gnu/libpthread-2.19.so
7fad0cd4c000-7fad0cd50000 rw-p 00000000 00:00 0 
7fad0cd50000-7fad0cd73000 r-xp 00000000 08:01 5771346                    /lib/x86_64-linux-gnu/ld-2.19.so
7fad0cd7b000-7fad0cd82000 r--s 00000000 08:01 1967077                    /usr/lib/x86_64-linux-gnu/gconv/gconv-modules.cache
7fad0cd82000-7fad0ce4e000 rw-p 00000000 00:00 0 
7fad0ce4e000-7fad0ce51000 ---p 00000000 00:00 0 
7fad0ce51000-7fad0cf53000 rw-p 00000000 00:00 0                          [stack:10408]
7fad0cf56000-7fad0cf57000 rw-p 00000000 00:00 0 
7fad0cf57000-7fad0cf66000 r--s 000df000 08:01 10635452                   /home/tomasz/Android/Sdk/build-tools/23.0.2/lib/dx.jar
7fad0cf66000-7fad0cf6e000 rw-s 00000000 08:01 6035579                    /tmp/hsperfdata_tomasz/10404
7fad0cf6e000-7fad0cf6f000 rw-p 00000000 00:00 0 
7fad0cf6f000-7fad0cf70000 ---p 00000000 00:00 0 
7fad0cf70000-7fad0cf72000 rw-p 00000000 00:00 0 
7fad0cf72000-7fad0cf73000 r--p 00022000 08:01 5771346                    /lib/x86_64-linux-gnu/ld-2.19.so
7fad0cf73000-7fad0cf74000 rw-p 00023000 08:01 5771346                    /lib/x86_64-linux-gnu/ld-2.19.so
7fad0cf74000-7fad0cf75000 rw-p 00000000 00:00 0 
7ffe27e4a000-7ffe27e6b000 rw-p 00000000 00:00 0                          [stack]
7ffe27f4d000-7ffe27f4f000 r--p 00000000 00:00 0                          [vvar]
7ffe27f4f000-7ffe27f51000 r-xp 00000000 00:00 0                          [vdso]
ffffffffff600000-ffffffffff601000 r-xp 00000000 00:00 0                  [vsyscall]

VM Arguments:
jvm_args: -Djava.awt.headless=true -Xmx2g -Dfile.encoding=UTF-8 -Duser.country=PL -Duser.language=pl -Duser.variant 
java_command: com.android.dx.command.Main --dex --num-threads=4 --multi-dex --main-dex-list /home/tomasz/AndroidStudioProjects/ITAssistant/app/build/intermediates/multi-dex/debug/maindexlist.txt --output /home/tomasz/AndroidStudioProjects/ITAssistant/app/build/intermediates/transforms/dex/debug/folders/1000/1f/main /home/tomasz/AndroidStudioProjects/ITAssistant/app/build/intermediates/transforms/jarMerging/debug/jars/1/1f/combined.jar
java_class_path (initial): /home/tomasz/Android/Sdk/build-tools/23.0.2/lib/dx.jar
Launcher Type: SUN_STANDARD

Environment Variables:
PATH=/usr/local/sbin:/usr/local/bin:/usr/sbin:/usr/bin:/sbin:/bin:/usr/games:/usr/local/games
LD_LIBRARY_PATH=.:
SHELL=/bin/bash
DISPLAY=:0

Signal Handlers:
SIGSEGV: [libjvm.so+0xaba2a0], sa_mask[0]=11111111011111111101111111111110, sa_flags=SA_RESTART|SA_SIGINFO
SIGBUS: [libjvm.so+0xaba2a0], sa_mask[0]=11111111011111111101111111111110, sa_flags=SA_RESTART|SA_SIGINFO
SIGFPE: [libjvm.so+0x917710], sa_mask[0]=11111111011111111101111111111110, sa_flags=SA_RESTART|SA_SIGINFO
SIGPIPE: [libjvm.so+0x917710], sa_mask[0]=11111111011111111101111111111110, sa_flags=SA_RESTART|SA_SIGINFO
SIGXFSZ: [libjvm.so+0x917710], sa_mask[0]=11111111011111111101111111111110, sa_flags=SA_RESTART|SA_SIGINFO
SIGILL: [libjvm.so+0x917710], sa_mask[0]=11111111011111111101111111111110, sa_flags=SA_RESTART|SA_SIGINFO
SIGUSR1: SIG_DFL, sa_mask[0]=00000000000000000000000000000000, sa_flags=none
SIGUSR2: [libjvm.so+0x918d40], sa_mask[0]=00100000000000000000000000000000, sa_flags=SA_RESTART|SA_SIGINFO
SIGHUP: [libjvm.so+0x91a140], sa_mask[0]=11111111011111111101111111111110, sa_flags=SA_RESTART|SA_SIGINFO
SIGINT: [libjvm.so+0x91a140], sa_mask[0]=11111111011111111101111111111110, sa_flags=SA_RESTART|SA_SIGINFO
SIGTERM: [libjvm.so+0x91a140], sa_mask[0]=11111111011111111101111111111110, sa_flags=SA_RESTART|SA_SIGINFO
SIGQUIT: [libjvm.so+0x91a140], sa_mask[0]=11111111011111111101111111111110, sa_flags=SA_RESTART|SA_SIGINFO


---------------  S Y S T E M  ---------------

OS:DISTRIB_ID=Ubuntu
DISTRIB_RELEASE=14.04
DISTRIB_CODENAME=trusty
DISTRIB_DESCRIPTION="Ubuntu 14.04.3 LTS"

uname:Linux 3.19.0-33-generic #38~14.04.1-Ubuntu SMP Fri Nov 6 18:17:28 UTC 2015 x86_64
libc:glibc 2.19 NPTL 2.19 
rlimit: STACK 8192k, CORE 0k, NPROC 23202, NOFILE 4096, AS infinity
load average:3,86 2,41 2,05

/proc/meminfo:
MemTotal:        5961336 kB
MemFree:          123116 kB
MemAvailable:      98720 kB
Buffers:             832 kB
Cached:           390552 kB
SwapCached:            0 kB
Active:          5320808 kB
Inactive:         332660 kB
Active(anon):    5282232 kB
Inactive(anon):   296084 kB
Active(file):      38576 kB
Inactive(file):    36576 kB
Unevictable:         880 kB
Mlocked:             880 kB
SwapTotal:             0 kB
SwapFree:              0 kB
Dirty:               180 kB
Writeback:             0 kB
AnonPages:       5263396 kB
Mapped:           180236 kB
Shmem:            315896 kB
Slab:              81452 kB
SReclaimable:      44980 kB
SUnreclaim:        36472 kB
KernelStack:       10672 kB
PageTables:        48516 kB
NFS_Unstable:          0 kB
Bounce:                0 kB
WritebackTmp:          0 kB
CommitLimit:     2980668 kB
Committed_AS:    9854804 kB
VmallocTotal:   34359738367 kB
VmallocUsed:      551960 kB
VmallocChunk:   34359168476 kB
HardwareCorrupted:     0 kB
AnonHugePages:   3194880 kB
CmaTotal:              0 kB
CmaFree:               0 kB
HugePages_Total:       0
HugePages_Free:        0
HugePages_Rsvd:        0
HugePages_Surp:        0
Hugepagesize:       2048 kB
DirectMap4k:      145664 kB
DirectMap2M:     5994496 kB


CPU:total 4 (2 cores per cpu, 2 threads per core) family 6 model 42 stepping 7, cmov, cx8, fxsr, mmx, sse, sse2, sse3, ssse3, sse4.1, sse4.2, popcnt, avx, aes, clmul, ht, tsc, tscinvbit

/proc/cpuinfo:
processor	: 0
vendor_id	: GenuineIntel
cpu family	: 6
model		: 42
model name	: Intel(R) Core(TM) i5-2450M CPU @ 2.50GHz
stepping	: 7
microcode	: 0x25
cpu MHz		: 3049.316
cache size	: 3072 KB
physical id	: 0
siblings	: 4
core id		: 0
cpu cores	: 2
apicid		: 0
initial apicid	: 0
fpu		: yes
fpu_exception	: yes
cpuid level	: 13
wp		: yes
flags		: fpu vme de pse tsc msr pae mce cx8 apic sep mtrr pge mca cmov pat pse36 clflush dts acpi mmx fxsr sse sse2 ss ht tm pbe syscall nx rdtscp lm constant_tsc arch_perfmon pebs bts rep_good nopl xtopology nonstop_tsc aperfmperf eagerfpu pni pclmulqdq dtes64 monitor ds_cpl vmx est tm2 ssse3 cx16 xtpr pdcm pcid sse4_1 sse4_2 x2apic popcnt tsc_deadline_timer aes xsave avx lahf_lm ida arat epb pln pts dtherm tpr_shadow vnmi flexpriority ept vpid xsaveopt
bugs		:
bogomips	: 4988.85
clflush size	: 64
cache_alignment	: 64
address sizes	: 36 bits physical, 48 bits virtual
power management:

processor	: 1
vendor_id	: GenuineIntel
cpu family	: 6
model		: 42
model name	: Intel(R) Core(TM) i5-2450M CPU @ 2.50GHz
stepping	: 7
microcode	: 0x25
cpu MHz		: 2900.195
cache size	: 3072 KB
physical id	: 0
siblings	: 4
core id		: 0
cpu cores	: 2
apicid		: 1
initial apicid	: 1
fpu		: yes
fpu_exception	: yes
cpuid level	: 13
wp		: yes
flags		: fpu vme de pse tsc msr pae mce cx8 apic sep mtrr pge mca cmov pat pse36 clflush dts acpi mmx fxsr sse sse2 ss ht tm pbe syscall nx rdtscp lm constant_tsc arch_perfmon pebs bts rep_good nopl xtopology nonstop_tsc aperfmperf eagerfpu pni pclmulqdq dtes64 monitor ds_cpl vmx est tm2 ssse3 cx16 xtpr pdcm pcid sse4_1 sse4_2 x2apic popcnt tsc_deadline_timer aes xsave avx lahf_lm ida arat epb pln pts dtherm tpr_shadow vnmi flexpriority ept vpid xsaveopt
bugs		:
bogomips	: 4988.85
clflush size	: 64
cache_alignment	: 64
address sizes	: 36 bits physical, 48 bits virtual
power management:

processor	: 2
vendor_id	: GenuineIntel
cpu family	: 6
model		: 42
model name	: Intel(R) Core(TM) i5-2450M CPU @ 2.50GHz
stepping	: 7
microcode	: 0x25
cpu MHz		: 2900.000
cache size	: 3072 KB
physical id	: 0
siblings	: 4
core id		: 1
cpu cores	: 2
apicid		: 2
initial apicid	: 2
fpu		: yes
fpu_exception	: yes
cpuid level	: 13
wp		: yes
flags		: fpu vme de pse tsc msr pae mce cx8 apic sep mtrr pge mca cmov pat pse36 clflush dts acpi mmx fxsr sse sse2 ss ht tm pbe syscall nx rdtscp lm constant_tsc arch_perfmon pebs bts rep_good nopl xtopology nonstop_tsc aperfmperf eagerfpu pni pclmulqdq dtes64 monitor ds_cpl vmx est tm2 ssse3 cx16 xtpr pdcm pcid sse4_1 sse4_2 x2apic popcnt tsc_deadline_timer aes xsave avx lahf_lm ida arat epb pln pts dtherm tpr_shadow vnmi flexpriority ept vpid xsaveopt
bugs		:
bogomips	: 4988.85
clflush size	: 64
cache_alignment	: 64
address sizes	: 36 bits physical, 48 bits virtual
power management:

processor	: 3
vendor_id	: GenuineIntel
cpu family	: 6
model		: 42
model name	: Intel(R) Core(TM) i5-2450M CPU @ 2.50GHz
stepping	: 7
microcode	: 0x25
cpu MHz		: 2899.902
cache size	: 3072 KB
physical id	: 0
siblings	: 4
core id		: 1
cpu cores	: 2
apicid		: 3
initial apicid	: 3
fpu		: yes
fpu_exception	: yes
cpuid level	: 13
wp		: yes
flags		: fpu vme de pse tsc msr pae mce cx8 apic sep mtrr pge mca cmov pat pse36 clflush dts acpi mmx fxsr sse sse2 ss ht tm pbe syscall nx rdtscp lm constant_tsc arch_perfmon pebs bts rep_good nopl xtopology nonstop_tsc aperfmperf eagerfpu pni pclmulqdq dtes64 monitor ds_cpl vmx est tm2 ssse3 cx16 xtpr pdcm pcid sse4_1 sse4_2 x2apic popcnt tsc_deadline_timer aes xsave avx lahf_lm ida arat epb pln pts dtherm tpr_shadow vnmi flexpriority ept vpid xsaveopt
bugs		:
bogomips	: 4988.85
clflush size	: 64
cache_alignment	: 64
address sizes	: 36 bits physical, 48 bits virtual
power management:



Memory: 4k page, physical 5961336k(123116k free), swap 0k(0k free)

vm_info: Java HotSpot(TM) 64-Bit Server VM (25.66-b17) for linux-amd64 JRE (1.8.0_66-b17), built on Oct  6 2015 17:28:34 by "java_re" with gcc 4.3.0 20080428 (Red Hat 4.3.0-8)

time: Thu Nov 26 21:45:49 2015
elapsed time: 48 seconds (0d 0h 0m 48s)

