#
# There is insufficient memory for the Java Runtime Environment to continue.
# Native memory allocation (mmap) failed to map 260571136 bytes for committing reserved memory.
# Possible reasons:
#   The system is out of physical RAM or swap space
#   In 32 bit mode, the process size limit was hit
# Possible solutions:
#   Reduce memory load on the system
#   Increase physical memory or swap space
#   Check if swap backing store is full
#   Use 64 bit Java on a 64 bit OS
#   Decrease Java heap size (-Xmx/-Xms)
#   Decrease number of Java threads
#   Decrease Java thread stack sizes (-Xss)
#   Set larger code cache with -XX:ReservedCodeCacheSize=
# This output file may be truncated or incomplete.
#
#  Out of Memory Error (os_linux.cpp:2627), pid=29146, tid=140072819685120
#
# JRE version: Java(TM) SE Runtime Environment (8.0_66-b17) (build 1.8.0_66-b17)
# Java VM: Java HotSpot(TM) 64-Bit Server VM (25.66-b17 mixed mode linux-amd64 compressed oops)
# Failed to write core dump. Core dumps have been disabled. To enable core dumping, try "ulimit -c unlimited" before starting Java again
#

---------------  T H R E A D  ---------------

Current thread (0x00007f655c078000):  VMThread [stack: 0x00007f653e98f000,0x00007f653ea90000] [id=29155]

Stack: [0x00007f653e98f000,0x00007f653ea90000],  sp=0x00007f653ea8e060,  free space=1020k
Native frames: (J=compiled Java code, j=interpreted, Vv=VM code, C=native code)
V  [libjvm.so+0xab9a1a]  VMError::report_and_die()+0x2ba
V  [libjvm.so+0x4f9e0b]  report_vm_out_of_memory(char const*, int, unsigned long, VMErrorType, char const*)+0x8b
V  [libjvm.so+0x91a8a3]  os::Linux::commit_memory_impl(char*, unsigned long, bool)+0x103
V  [libjvm.so+0x91adf9]  os::pd_commit_memory(char*, unsigned long, unsigned long, bool)+0x29
V  [libjvm.so+0x91510a]  os::commit_memory(char*, unsigned long, unsigned long, bool)+0x2a
V  [libjvm.so+0x9887a3]  PSVirtualSpace::expand_by(unsigned long)+0x53
V  [libjvm.so+0x979090]  PSOldGen::expand(unsigned long)+0x170
V  [libjvm.so+0x97929b]  PSOldGen::resize(unsigned long)+0x1cb
V  [libjvm.so+0x980f71]  PSParallelCompact::invoke_no_policy(bool)+0x991
V  [libjvm.so+0x9868cd]  PSScavenge::invoke()+0x1ad
V  [libjvm.so+0x93e500]  ParallelScavengeHeap::failed_mem_allocate(unsigned long)+0x70
V  [libjvm.so+0xabb437]  VM_ParallelGCFailedAllocation::doit()+0x97
V  [libjvm.so+0xac2e65]  VM_Operation::evaluate()+0x55
V  [libjvm.so+0xac123a]  VMThread::evaluate_operation(VM_Operation*)+0xba
V  [libjvm.so+0xac15be]  VMThread::loop()+0x1ce
V  [libjvm.so+0xac1a30]  VMThread::run()+0x70
V  [libjvm.so+0x91cc68]  java_start(Thread*)+0x108

VM_Operation (0x00007f653d4a1e40): ParallelGCFailedAllocation, mode: safepoint, requested by thread 0x00007f655c200800


---------------  P R O C E S S  ---------------

Java Threads: ( => current thread )
  0x00007f655c200800 JavaThread "pool-2-thread-4" [_thread_blocked, id=29168, stack(0x00007f653d3a3000,0x00007f653d4a4000)]
  0x00007f655c1ff000 JavaThread "pool-2-thread-3" [_thread_blocked, id=29167, stack(0x00007f653d4a4000,0x00007f653d5a5000)]
  0x00007f655c1fd000 JavaThread "pool-2-thread-2" [_thread_blocked, id=29166, stack(0x00007f653d5a5000,0x00007f653d6a6000)]
  0x00007f655c1fc000 JavaThread "pool-3-thread-1" [_thread_blocked, id=29165, stack(0x00007f653d6a6000,0x00007f653d7a7000)]
  0x00007f655c1fa000 JavaThread "pool-2-thread-1" [_thread_blocked, id=29164, stack(0x00007f653d7a7000,0x00007f653d8a8000)]
  0x00007f655c0c8800 JavaThread "Service Thread" daemon [_thread_blocked, id=29162, stack(0x00007f653da75000,0x00007f653db76000)]
  0x00007f655c0bb000 JavaThread "C1 CompilerThread2" daemon [_thread_blocked, id=29161, stack(0x00007f653db76000,0x00007f653dc77000)]
  0x00007f655c0b9800 JavaThread "C2 CompilerThread1" daemon [_thread_blocked, id=29160, stack(0x00007f653dc77000,0x00007f653dd78000)]
  0x00007f655c0b6800 JavaThread "C2 CompilerThread0" daemon [_thread_blocked, id=29159, stack(0x00007f653dd78000,0x00007f653de79000)]
  0x00007f655c0b5000 JavaThread "Signal Dispatcher" daemon [_thread_blocked, id=29158, stack(0x00007f653de79000,0x00007f653df7a000)]
  0x00007f655c07f000 JavaThread "Finalizer" daemon [_thread_blocked, id=29157, stack(0x00007f653e78d000,0x00007f653e88e000)]
  0x00007f655c07d000 JavaThread "Reference Handler" daemon [_thread_blocked, id=29156, stack(0x00007f653e88e000,0x00007f653e98f000)]
  0x00007f655c00a000 JavaThread "main" [_thread_blocked, id=29148, stack(0x00007f65635d4000,0x00007f65636d5000)]

Other Threads:
=>0x00007f655c078000 VMThread [stack: 0x00007f653e98f000,0x00007f653ea90000] [id=29155]
  0x00007f655c0cb000 WatcherThread [stack: 0x00007f653d974000,0x00007f653da75000] [id=29163]

VM state:at safepoint (normal execution)

VM Mutex/Monitor currently owned by a thread:  ([mutex/lock_event])
[0x00007f655c005ef0] ExpandHeap_lock - owner thread: 0x00007f655c078000
[0x00007f655c006570] Threads_lock - owner thread: 0x00007f655c078000
[0x00007f655c006a70] Heap_lock - owner thread: 0x00007f655c200800

Heap:
 PSYoungGen      total 465920K, used 108468K [0x00000000d5580000, 0x0000000100000000, 0x0000000100000000)
  eden space 232960K, 0% used [0x00000000d5580000,0x00000000d5580000,0x00000000e3900000)
  from space 232960K, 46% used [0x00000000e3900000,0x00000000ea2ed3c8,0x00000000f1c80000)
  to   space 232960K, 0% used [0x00000000f1c80000,0x00000000f1c80000,0x0000000100000000)
 ParOldGen       total 549888K, used 549828K [0x0000000080000000, 0x00000000a1900000, 0x00000000d5580000)
  object space 549888K, 99% used [0x0000000080000000,0x00000000a18f1268,0x00000000a1900000)
 Metaspace       used 6591K, capacity 7320K, committed 7680K, reserved 1056768K
  class space    used 616K, capacity 656K, committed 768K, reserved 1048576K

Card table byte_map: [0x00007f654cbff000,0x00007f654d000000] byte_map_base: 0x00007f654c7ff000

Marking Bits: (ParMarkBitMap*) 0x00007f6562ab0020
 Begin Bits: [0x00007f6544000000, 0x00007f6546000000)
 End Bits:   [0x00007f6546000000, 0x00007f6548000000)

Polling page: 0x00007f65636f7000

CodeCache: size=245760Kb used=11080Kb max_used=12278Kb free=234679Kb
 bounds [0x00007f654d000000, 0x00007f654dc60000, 0x00007f655c000000]
 total_blobs=2511 nmethods=2240 adapters=182
 compilation: enabled

Compilation events (10 events):
Event: 23,665 Thread 0x00007f655c0bb000 2892       2       com.android.dx.rop.code.RegisterSpec::equals (51 bytes)
Event: 23,666 Thread 0x00007f655c0bb000 nmethod 2892 0x00007f654d1b6dd0 code [0x00007f654d1b6f40, 0x00007f654d1b71b8]
Event: 23,707 Thread 0x00007f655c0bb000 2894       2       com.android.dx.dex.code.OddSpacer::<init> (9 bytes)
Event: 23,708 Thread 0x00007f655c0bb000 nmethod 2894 0x00007f654d1f04d0 code [0x00007f654d1f0640, 0x00007f654d1f07c8]
Event: 23,779 Thread 0x00007f655c0b9800 nmethod 2885 0x00007f654d7b89d0 code [0x00007f654d7b8ec0, 0x00007f654d7bd838]
Event: 23,779 Thread 0x00007f655c0b9800 2760       4       com.android.dx.cf.code.Ropper::getRopMethod (64 bytes)
Event: 23,788 Thread 0x00007f655c0b6800 nmethod 2889 0x00007f654d5e5b90 code [0x00007f654d5e6020, 0x00007f654d5e98c0]
Event: 23,788 Thread 0x00007f655c0b6800 2721       4       com.android.dx.ssa.ConstCollector::getConstsSortedByCountUse (386 bytes)
Event: 23,807 Thread 0x00007f655c0b9800 nmethod 2760 0x00007f654d25b710 code [0x00007f654d25b940, 0x00007f654d25c778]
Event: 23,807 Thread 0x00007f655c0b9800 2813 %     4       com.android.dx.ssa.SCCP::run @ 53 (298 bytes)

GC Heap History (10 events):
Event: 19,177 GC heap after
Heap after GC invocations=19 (full 4):
 PSYoungGen      total 490496K, used 123987K [0x00000000d5580000, 0x0000000100000000, 0x0000000100000000)
  eden space 366080K, 0% used [0x00000000d5580000,0x00000000d5580000,0x00000000ebb00000)
  from space 124416K, 99% used [0x00000000ebb00000,0x00000000f3414cf0,0x00000000f3480000)
  to   space 179200K, 0% used [0x00000000f5100000,0x00000000f5100000,0x0000000100000000)
 ParOldGen       total 549888K, used 356933K [0x0000000080000000, 0x00000000a1900000, 0x00000000d5580000)
  object space 549888K, 64% used [0x0000000080000000,0x0000000095c91508,0x00000000a1900000)
 Metaspace       used 6588K, capacity 7320K, committed 7680K, reserved 1056768K
  class space    used 616K, capacity 656K, committed 768K, reserved 1048576K
}
Event: 20,377 GC heap before
{Heap before GC invocations=20 (full 4):
 PSYoungGen      total 490496K, used 490067K [0x00000000d5580000, 0x0000000100000000, 0x0000000100000000)
  eden space 366080K, 100% used [0x00000000d5580000,0x00000000ebb00000,0x00000000ebb00000)
  from space 124416K, 99% used [0x00000000ebb00000,0x00000000f3414cf0,0x00000000f3480000)
  to   space 179200K, 0% used [0x00000000f5100000,0x00000000f5100000,0x0000000100000000)
 ParOldGen       total 549888K, used 356933K [0x0000000080000000, 0x00000000a1900000, 0x00000000d5580000)
  object space 549888K, 64% used [0x0000000080000000,0x0000000095c91508,0x00000000a1900000)
 Metaspace       used 6590K, capacity 7320K, committed 7680K, reserved 1056768K
  class space    used 616K, capacity 656K, committed 768K, reserved 1048576K
Event: 20,581 GC heap after
Heap after GC invocations=20 (full 4):
 PSYoungGen      total 458240K, used 179129K [0x00000000d5580000, 0x0000000100000000, 0x0000000100000000)
  eden space 279040K, 0% used [0x00000000d5580000,0x00000000d5580000,0x00000000e6600000)
  from space 179200K, 99% used [0x00000000f5100000,0x00000000fffee4e0,0x0000000100000000)
  to   space 209920K, 0% used [0x00000000e6600000,0x00000000e6600000,0x00000000f3300000)
 ParOldGen       total 549888K, used 356933K [0x0000000080000000, 0x00000000a1900000, 0x00000000d5580000)
  object space 549888K, 64% used [0x0000000080000000,0x0000000095c91508,0x00000000a1900000)
 Metaspace       used 6590K, capacity 7320K, committed 7680K, reserved 1056768K
  class space    used 616K, capacity 656K, committed 768K, reserved 1048576K
}
Event: 21,710 GC heap before
{Heap before GC invocations=21 (full 4):
 PSYoungGen      total 458240K, used 458169K [0x00000000d5580000, 0x0000000100000000, 0x0000000100000000)
  eden space 279040K, 100% used [0x00000000d5580000,0x00000000e6600000,0x00000000e6600000)
  from space 179200K, 99% used [0x00000000f5100000,0x00000000fffee4e0,0x0000000100000000)
  to   space 209920K, 0% used [0x00000000e6600000,0x00000000e6600000,0x00000000f3300000)
 ParOldGen       total 549888K, used 356933K [0x0000000080000000, 0x00000000a1900000, 0x00000000d5580000)
  object space 549888K, 64% used [0x0000000080000000,0x0000000095c91508,0x00000000a1900000)
 Metaspace       used 6591K, capacity 7320K, committed 7680K, reserved 1056768K
  class space    used 616K, capacity 656K, committed 768K, reserved 1048576K
Event: 22,009 GC heap after
Heap after GC invocations=21 (full 4):
 PSYoungGen      total 488960K, used 209910K [0x00000000d5580000, 0x0000000100000000, 0x0000000100000000)
  eden space 279040K, 0% used [0x00000000d5580000,0x00000000d5580000,0x00000000e6600000)
  from space 209920K, 99% used [0x00000000e6600000,0x00000000f32fd830,0x00000000f3300000)
  to   space 209920K, 0% used [0x00000000f3300000,0x00000000f3300000,0x0000000100000000)
 ParOldGen       total 549888K, used 370503K [0x0000000080000000, 0x00000000a1900000, 0x00000000d5580000)
  object space 549888K, 67% used [0x0000000080000000,0x00000000969d1e30,0x00000000a1900000)
 Metaspace       used 6591K, capacity 7320K, committed 7680K, reserved 1056768K
  class space    used 616K, capacity 656K, committed 768K, reserved 1048576K
}
Event: 22,940 GC heap before
{Heap before GC invocations=22 (full 4):
 PSYoungGen      total 488960K, used 488950K [0x00000000d5580000, 0x0000000100000000, 0x0000000100000000)
  eden space 279040K, 100% used [0x00000000d5580000,0x00000000e6600000,0x00000000e6600000)
  from space 209920K, 99% used [0x00000000e6600000,0x00000000f32fd830,0x00000000f3300000)
  to   space 209920K, 0% used [0x00000000f3300000,0x00000000f3300000,0x0000000100000000)
 ParOldGen       total 549888K, used 370503K [0x0000000080000000, 0x00000000a1900000, 0x00000000d5580000)
  object space 549888K, 67% used [0x0000000080000000,0x00000000969d1e30,0x00000000a1900000)
 Metaspace       used 6591K, capacity 7320K, committed 7680K, reserved 1056768K
  class space    used 616K, capacity 656K, committed 768K, reserved 1048576K
Event: 23,223 GC heap after
Heap after GC invocations=22 (full 4):
 PSYoungGen      total 442880K, used 192539K [0x00000000d5580000, 0x0000000100000000, 0x0000000100000000)
  eden space 232960K, 0% used [0x00000000d5580000,0x00000000d5580000,0x00000000e3900000)
  from space 209920K, 91% used [0x00000000f3300000,0x00000000fef06de0,0x0000000100000000)
  to   space 232960K, 0% used [0x00000000e3900000,0x00000000e3900000,0x00000000f1c80000)
 ParOldGen       total 549888K, used 434485K [0x0000000080000000, 0x00000000a1900000, 0x00000000d5580000)
  object space 549888K, 79% used [0x0000000080000000,0x000000009a84d520,0x00000000a1900000)
 Metaspace       used 6591K, capacity 7320K, committed 7680K, reserved 1056768K
  class space    used 616K, capacity 656K, committed 768K, reserved 1048576K
}
Event: 23,938 GC heap before
{Heap before GC invocations=23 (full 4):
 PSYoungGen      total 442880K, used 425499K [0x00000000d5580000, 0x0000000100000000, 0x0000000100000000)
  eden space 232960K, 100% used [0x00000000d5580000,0x00000000e3900000,0x00000000e3900000)
  from space 209920K, 91% used [0x00000000f3300000,0x00000000fef06de0,0x0000000100000000)
  to   space 232960K, 0% used [0x00000000e3900000,0x00000000e3900000,0x00000000f1c80000)
 ParOldGen       total 549888K, used 434485K [0x0000000080000000, 0x00000000a1900000, 0x00000000d5580000)
  object space 549888K, 79% used [0x0000000080000000,0x000000009a84d520,0x00000000a1900000)
 Metaspace       used 6591K, capacity 7320K, committed 7680K, reserved 1056768K
  class space    used 616K, capacity 656K, committed 768K, reserved 1048576K
Event: 24,212 GC heap after
Heap after GC invocations=23 (full 4):
 PSYoungGen      total 465920K, used 126379K [0x00000000d5580000, 0x0000000100000000, 0x0000000100000000)
  eden space 232960K, 0% used [0x00000000d5580000,0x00000000d5580000,0x00000000e3900000)
  from space 232960K, 54% used [0x00000000e3900000,0x00000000eb46af50,0x00000000f1c80000)
  to   space 232960K, 0% used [0x00000000f1c80000,0x00000000f1c80000,0x0000000100000000)
 ParOldGen       total 549888K, used 537021K [0x0000000080000000, 0x00000000a1900000, 0x00000000d5580000)
  object space 549888K, 97% used [0x0000000080000000,0x00000000a0c6f5a8,0x00000000a1900000)
 Metaspace       used 6591K, capacity 7320K, committed 7680K, reserved 1056768K
  class space    used 616K, capacity 656K, committed 768K, reserved 1048576K
}
Event: 24,212 GC heap before
{Heap before GC invocations=24 (full 5):
 PSYoungGen      total 465920K, used 126379K [0x00000000d5580000, 0x0000000100000000, 0x0000000100000000)
  eden space 232960K, 0% used [0x00000000d5580000,0x00000000d5580000,0x00000000e3900000)
  from space 232960K, 54% used [0x00000000e3900000,0x00000000eb46af50,0x00000000f1c80000)
  to   space 232960K, 0% used [0x00000000f1c80000,0x00000000f1c80000,0x0000000100000000)
 ParOldGen       total 549888K, used 537021K [0x0000000080000000, 0x00000000a1900000, 0x00000000d5580000)
  object space 549888K, 97% used [0x0000000080000000,0x00000000a0c6f5a8,0x00000000a1900000)
 Metaspace       used 6591K, capacity 7320K, committed 7680K, reserved 1056768K
  class space    used 616K, capacity 656K, committed 768K, reserved 1048576K

Deoptimization events (10 events):
Event: 13,544 Thread 0x00007f655c1ff000 Uncommon trap: reason=unstable_if action=reinterpret pc=0x00007f654db21bb4 method=com.android.dx.ssa.SsaMethod.blockIndexToRopLabel(I)I @ 1
Event: 14,586 Thread 0x00007f655c1fa000 Uncommon trap: reason=unstable_if action=reinterpret pc=0x00007f654db61968 method=com.android.dx.ssa.back.FirstFitLocalCombiningAllocator.getAlignment(I)Lcom/android/dx/ssa/back/FirstFitLocalCombiningAllocator$Alignment; @ 16
Event: 18,278 Thread 0x00007f655c00a000 Uncommon trap: reason=unstable_if action=reinterpret pc=0x00007f654db966f4 method=com.android.dx.dex.code.RopTranslator.outputBlock(Lcom/android/dx/rop/code/BasicBlock;I)V @ 140
Event: 20,666 Thread 0x00007f655c1fa000 Uncommon trap: reason=unstable_if action=reinterpret pc=0x00007f654dc0d220 method=com.android.dx.cf.code.RopperMachine.run(Lcom/android/dx/cf/code/Frame;II)V @ 356
Event: 22,059 Thread 0x00007f655c1fa000 Uncommon trap: reason=unstable_if action=reinterpret pc=0x00007f654d1209a4 method=com.android.dx.rop.cst.CstNat.equals(Ljava/lang/Object;)Z @ 25
Event: 22,241 Thread 0x00007f655c1fa000 Uncommon trap: reason=unstable_if action=reinterpret pc=0x00007f654dbfad34 method=com.android.dx.cf.code.Ropper.processBlock(Lcom/android/dx/cf/code/ByteBlock;Lcom/android/dx/cf/code/Frame;[I)V @ 651
Event: 22,359 Thread 0x00007f655c200800 Uncommon trap: reason=unstable_if action=reinterpret pc=0x00007f654d69ccc0 method=com.android.dx.rop.type.Type.isReference()Z @ 6
Event: 22,601 Thread 0x00007f655c1ff000 Uncommon trap: reason=unstable_if action=reinterpret pc=0x00007f654d39258c method=com.android.dx.rop.code.BasicBlockList.preferredSuccessorOf(Lcom/android/dx/rop/code/BasicBlock;)Lcom/android/dx/rop/code/BasicBlock; @ 58
Event: 23,543 Thread 0x00007f655c1ff000 Uncommon trap: reason=unstable_if action=reinterpret pc=0x00007f654d40728c method=com.android.dx.rop.code.RegisterSpec.equals(ILcom/android/dx/rop/type/TypeBearer;Lcom/android/dx/rop/code/LocalItem;)Z @ 31
Event: 23,543 Thread 0x00007f655c1ff000 Uncommon trap: reason=unstable_if action=reinterpret pc=0x00007f654d671770 method=com.android.dx.rop.code.RegisterSpec.equals(ILcom/android/dx/rop/type/TypeBearer;Lcom/android/dx/rop/code/LocalItem;)Z @ 31

Internal exceptions (8 events):
Event: 0,023 Thread 0x00007f655c00a000 Exception <a 'java/lang/NoSuchMethodError': Method sun.misc.Unsafe.defineClass(Ljava/lang/String;[BII)Ljava/lang/Class; name or signature does not match> (0x00000000d5592a68) thrown at [/HUDSON/workspace/8-2-build-linux-amd64/jdk8u66/4988/hotspot/src/shar
Event: 0,023 Thread 0x00007f655c00a000 Exception <a 'java/lang/NoSuchMethodError': Method sun.misc.Unsafe.prefetchRead(Ljava/lang/Object;J)V name or signature does not match> (0x00000000d5592d50) thrown at [/HUDSON/workspace/8-2-build-linux-amd64/jdk8u66/4988/hotspot/src/share/vm/prims/jni.cpp
Event: 1,133 Thread 0x00007f655c1fa000 Implicit null exception at 0x00007f654d38f684 to 0x00007f654d3921dd
Event: 2,410 Thread 0x00007f655c1fd000 Exception <a 'java/lang/ArrayIndexOutOfBoundsException': 18> (0x00000000d8748828) thrown at [/HUDSON/workspace/8-2-build-linux-amd64/jdk8u66/4988/hotspot/src/share/vm/interpreter/interpreterRuntime.cpp, line 366]
Event: 2,411 Thread 0x00007f655c1fd000 Exception <a 'java/lang/ArrayIndexOutOfBoundsException': 145> (0x00000000d874a3a8) thrown at [/HUDSON/workspace/8-2-build-linux-amd64/jdk8u66/4988/hotspot/src/share/vm/interpreter/interpreterRuntime.cpp, line 366]
Event: 2,411 Thread 0x00007f655c1fd000 Exception <a 'java/lang/ArrayIndexOutOfBoundsException': 40> (0x00000000d874b690) thrown at [/HUDSON/workspace/8-2-build-linux-amd64/jdk8u66/4988/hotspot/src/share/vm/interpreter/interpreterRuntime.cpp, line 366]
Event: 23,543 Thread 0x00007f655c1ff000 Implicit null exception at 0x00007f654d406d9f to 0x00007f654d407261
Event: 23,543 Thread 0x00007f655c1ff000 Implicit null exception at 0x00007f654d6713d3 to 0x00007f654d671759

Events (10 events):
Event: 23,843 Thread 0x00007f655c1ff000 DEOPT UNPACKING pc=0x00007f654d047633 sp=0x00007f653d5a2d80 mode 0
Event: 23,873 Thread 0x00007f655c1fd000 DEOPT PACKING pc=0x00007f654d5f7475 sp=0x00007f653d6a3e50
Event: 23,874 Thread 0x00007f655c1fd000 DEOPT UNPACKING pc=0x00007f654d047633 sp=0x00007f653d6a3c00 mode 0
Event: 23,885 Thread 0x00007f655c1fd000 DEOPT PACKING pc=0x00007f654d3cd2ec sp=0x00007f653d6a3e40
Event: 23,885 Thread 0x00007f655c1fd000 DEOPT UNPACKING pc=0x00007f654d047633 sp=0x00007f653d6a3b40 mode 0
Event: 23,923 Thread 0x00007f655c1fa000 DEOPT PACKING pc=0x00007f654d3cd2ec sp=0x00007f653d8a5d40
Event: 23,923 Thread 0x00007f655c1fa000 DEOPT UNPACKING pc=0x00007f654d047633 sp=0x00007f653d8a5a40 mode 0
Event: 23,931 Thread 0x00007f655c1ff000 DEOPT PACKING pc=0x00007f654d61b1a8 sp=0x00007f653d5a2fc0
Event: 23,931 Thread 0x00007f655c1ff000 DEOPT UNPACKING pc=0x00007f654d047633 sp=0x00007f653d5a2d40 mode 0
Event: 23,938 Executing VM operation: ParallelGCFailedAllocation


Dynamic libraries:
00400000-00401000 r-xp 00000000 08:01 4591374                            /usr/lib/jvm/java-8-oracle/bin/java
00600000-00601000 rw-p 00000000 08:01 4591374                            /usr/lib/jvm/java-8-oracle/bin/java
01d0e000-01d2f000 rw-p 00000000 00:00 0                                  [heap]
80000000-a1900000 rw-p 00000000 00:00 0 
b1180000-d5580000 ---p 00000000 00:00 0 
d5580000-100000000 rw-p 00000000 00:00 0 
100000000-1000c0000 rw-p 00000000 00:00 0 
1000c0000-140000000 ---p 00000000 00:00 0 
7f64f8000000-7f64f8040000 rw-p 00000000 00:00 0 
7f64f8040000-7f64fc000000 ---p 00000000 00:00 0 
7f6500000000-7f6500030000 rw-p 00000000 00:00 0 
7f6500030000-7f6504000000 ---p 00000000 00:00 0 
7f6504000000-7f6504031000 rw-p 00000000 00:00 0 
7f6504031000-7f6508000000 ---p 00000000 00:00 0 
7f6508000000-7f6508054000 rw-p 00000000 00:00 0 
7f6508054000-7f650c000000 ---p 00000000 00:00 0 
7f650c000000-7f650c021000 rw-p 00000000 00:00 0 
7f650c021000-7f6510000000 ---p 00000000 00:00 0 
7f6510000000-7f6510021000 rw-p 00000000 00:00 0 
7f6510021000-7f6514000000 ---p 00000000 00:00 0 
7f6514000000-7f6514021000 rw-p 00000000 00:00 0 
7f6514021000-7f6518000000 ---p 00000000 00:00 0 
7f6518000000-7f65199f8000 rw-p 00000000 00:00 0 
7f65199f8000-7f651c000000 ---p 00000000 00:00 0 
7f651c000000-7f651cb3a000 rw-p 00000000 00:00 0 
7f651cb3a000-7f6520000000 ---p 00000000 00:00 0 
7f6520000000-7f6520021000 rw-p 00000000 00:00 0 
7f6520021000-7f6524000000 ---p 00000000 00:00 0 
7f6524000000-7f6525d0c000 rw-p 00000000 00:00 0 
7f6525d0c000-7f6528000000 ---p 00000000 00:00 0 
7f6528000000-7f6528021000 rw-p 00000000 00:00 0 
7f6528021000-7f652c000000 ---p 00000000 00:00 0 
7f652c000000-7f652c021000 rw-p 00000000 00:00 0 
7f652c021000-7f6530000000 ---p 00000000 00:00 0 
7f6530000000-7f6530021000 rw-p 00000000 00:00 0 
7f6530021000-7f6534000000 ---p 00000000 00:00 0 
7f6534000000-7f6534290000 rw-p 00000000 00:00 0 
7f6534290000-7f6538000000 ---p 00000000 00:00 0 
7f6538000000-7f6538021000 rw-p 00000000 00:00 0 
7f6538021000-7f653c000000 ---p 00000000 00:00 0 
7f653d37e000-7f653d3a3000 r--p 00000000 08:01 2361987                    /usr/share/locale-langpack/pl/LC_MESSAGES/libc.mo
7f653d3a3000-7f653d3a6000 ---p 00000000 00:00 0 
7f653d3a6000-7f653d4a4000 rw-p 00000000 00:00 0                          [stack:29168]
7f653d4a4000-7f653d4a7000 ---p 00000000 00:00 0 
7f653d4a7000-7f653d5a5000 rw-p 00000000 00:00 0                          [stack:29167]
7f653d5a5000-7f653d5a8000 ---p 00000000 00:00 0 
7f653d5a8000-7f653d6a6000 rw-p 00000000 00:00 0                          [stack:29166]
7f653d6a6000-7f653d6a9000 ---p 00000000 00:00 0 
7f653d6a9000-7f653d7a7000 rw-p 00000000 00:00 0                          [stack:29165]
7f653d7a7000-7f653d7aa000 ---p 00000000 00:00 0 
7f653d7aa000-7f653d8a8000 rw-p 00000000 00:00 0                          [stack:29164]
7f653d8a8000-7f653d974000 r--s 00ac4000 08:01 8263661                    /home/tomasz/AndroidStudioProjects/ITAssistant/app/build/intermediates/transforms/jarMerging/debug/jars/1/1f/combined.jar
7f653d974000-7f653d975000 ---p 00000000 00:00 0 
7f653d975000-7f653da75000 rw-p 00000000 00:00 0                          [stack:29163]
7f653da75000-7f653da78000 ---p 00000000 00:00 0 
7f653da78000-7f653db76000 rw-p 00000000 00:00 0                          [stack:29162]
7f653db76000-7f653db79000 ---p 00000000 00:00 0 
7f653db79000-7f653dc77000 rw-p 00000000 00:00 0                          [stack:29161]
7f653dc77000-7f653dc7a000 ---p 00000000 00:00 0 
7f653dc7a000-7f653dd78000 rw-p 00000000 00:00 0                          [stack:29160]
7f653dd78000-7f653dd7b000 ---p 00000000 00:00 0 
7f653dd7b000-7f653de79000 rw-p 00000000 00:00 0                          [stack:29159]
7f653de79000-7f653de7c000 ---p 00000000 00:00 0 
7f653de7c000-7f653df7a000 rw-p 00000000 00:00 0                          [stack:29158]
7f653df7a000-7f653e78d000 r--p 00000000 08:01 1579663                    /usr/lib/locale/locale-archive
7f653e78d000-7f653e790000 ---p 00000000 00:00 0 
7f653e790000-7f653e88e000 rw-p 00000000 00:00 0                          [stack:29157]
7f653e88e000-7f653e891000 ---p 00000000 00:00 0 
7f653e891000-7f653e98f000 rw-p 00000000 00:00 0                          [stack:29156]
7f653e98f000-7f653e990000 ---p 00000000 00:00 0 
7f653e990000-7f653fec0000 rw-p 00000000 00:00 0                          [stack:29155]
7f653fec0000-7f6540000000 ---p 00000000 00:00 0 
7f6540000000-7f6540021000 rw-p 00000000 00:00 0 
7f6540021000-7f6544000000 ---p 00000000 00:00 0 
7f6544000000-7f6548000000 rw-p 00000000 00:00 0 
7f6548000000-7f6548021000 rw-p 00000000 00:00 0 
7f6548021000-7f654c000000 ---p 00000000 00:00 0 
7f654c020000-7f654c222000 rw-p 00000000 00:00 0 
7f654c222000-7f654c3fb000 r--s 03d20000 08:01 4069182                    /usr/lib/jvm/java-8-oracle/jre/lib/rt.jar
7f654c3fb000-7f654c7fb000 rw-p 00000000 00:00 0 
7f654c7fb000-7f654c7fc000 ---p 00000000 00:00 0 
7f654c7fc000-7f654c8fc000 rw-p 00000000 00:00 0                          [stack:29154]
7f654c8fc000-7f654c8fd000 ---p 00000000 00:00 0 
7f654c8fd000-7f654c9fd000 rw-p 00000000 00:00 0                          [stack:29153]
7f654c9fd000-7f654c9fe000 ---p 00000000 00:00 0 
7f654c9fe000-7f654cafe000 rw-p 00000000 00:00 0                          [stack:29152]
7f654cafe000-7f654caff000 ---p 00000000 00:00 0 
7f654caff000-7f654cd0c000 rw-p 00000000 00:00 0                          [stack:29151]
7f654cd0c000-7f654cea9000 ---p 00000000 00:00 0 
7f654cea9000-7f654cfff000 rw-p 00000000 00:00 0 
7f654cfff000-7f654d000000 rw-p 00000000 00:00 0 
7f654d000000-7f654dc60000 rwxp 00000000 00:00 0 
7f654dc60000-7f655c000000 ---p 00000000 00:00 0 
7f655c000000-7f655c42c000 rw-p 00000000 00:00 0 
7f655c42c000-7f6560000000 ---p 00000000 00:00 0 
7f6560010000-7f6560203000 rw-p 00000000 00:00 0 
7f6560203000-7f65603a1000 ---p 00000000 00:00 0 
7f65603a1000-7f65603d3000 rw-p 00000000 00:00 0 
7f65603d3000-7f6560761000 ---p 00000000 00:00 0 
7f6560761000-7f656077b000 r-xp 00000000 08:01 4069168                    /usr/lib/jvm/java-8-oracle/jre/lib/amd64/libzip.so
7f656077b000-7f656097b000 ---p 0001a000 08:01 4069168                    /usr/lib/jvm/java-8-oracle/jre/lib/amd64/libzip.so
7f656097b000-7f656097c000 rw-p 0001a000 08:01 4069168                    /usr/lib/jvm/java-8-oracle/jre/lib/amd64/libzip.so
7f656097c000-7f6560987000 r-xp 00000000 08:01 5771445                    /lib/x86_64-linux-gnu/libnss_files-2.19.so
7f6560987000-7f6560b86000 ---p 0000b000 08:01 5771445                    /lib/x86_64-linux-gnu/libnss_files-2.19.so
7f6560b86000-7f6560b87000 r--p 0000a000 08:01 5771445                    /lib/x86_64-linux-gnu/libnss_files-2.19.so
7f6560b87000-7f6560b88000 rw-p 0000b000 08:01 5771445                    /lib/x86_64-linux-gnu/libnss_files-2.19.so
7f6560b88000-7f6560b93000 r-xp 00000000 08:01 5771455                    /lib/x86_64-linux-gnu/libnss_nis-2.19.so
7f6560b93000-7f6560d92000 ---p 0000b000 08:01 5771455                    /lib/x86_64-linux-gnu/libnss_nis-2.19.so
7f6560d92000-7f6560d93000 r--p 0000a000 08:01 5771455                    /lib/x86_64-linux-gnu/libnss_nis-2.19.so
7f6560d93000-7f6560d94000 rw-p 0000b000 08:01 5771455                    /lib/x86_64-linux-gnu/libnss_nis-2.19.so
7f6560d94000-7f6560dab000 r-xp 00000000 08:01 5771439                    /lib/x86_64-linux-gnu/libnsl-2.19.so
7f6560dab000-7f6560faa000 ---p 00017000 08:01 5771439                    /lib/x86_64-linux-gnu/libnsl-2.19.so
7f6560faa000-7f6560fab000 r--p 00016000 08:01 5771439                    /lib/x86_64-linux-gnu/libnsl-2.19.so
7f6560fab000-7f6560fac000 rw-p 00017000 08:01 5771439                    /lib/x86_64-linux-gnu/libnsl-2.19.so
7f6560fac000-7f6560fae000 rw-p 00000000 00:00 0 
7f6560fae000-7f6560fb7000 r-xp 00000000 08:01 5771441                    /lib/x86_64-linux-gnu/libnss_compat-2.19.so
7f6560fb7000-7f65611b6000 ---p 00009000 08:01 5771441                    /lib/x86_64-linux-gnu/libnss_compat-2.19.so
7f65611b6000-7f65611b7000 r--p 00008000 08:01 5771441                    /lib/x86_64-linux-gnu/libnss_compat-2.19.so
7f65611b7000-7f65611b8000 rw-p 00009000 08:01 5771441                    /lib/x86_64-linux-gnu/libnss_compat-2.19.so
7f65611b8000-7f65611e2000 r-xp 00000000 08:01 4069157                    /usr/lib/jvm/java-8-oracle/jre/lib/amd64/libjava.so
7f65611e2000-7f65613e2000 ---p 0002a000 08:01 4069157                    /usr/lib/jvm/java-8-oracle/jre/lib/amd64/libjava.so
7f65613e2000-7f65613e4000 rw-p 0002a000 08:01 4069157                    /usr/lib/jvm/java-8-oracle/jre/lib/amd64/libjava.so
7f65613e4000-7f65613f1000 r-xp 00000000 08:01 4069118                    /usr/lib/jvm/java-8-oracle/jre/lib/amd64/libverify.so
7f65613f1000-7f65615f1000 ---p 0000d000 08:01 4069118                    /usr/lib/jvm/java-8-oracle/jre/lib/amd64/libverify.so
7f65615f1000-7f65615f3000 rw-p 0000d000 08:01 4069118                    /usr/lib/jvm/java-8-oracle/jre/lib/amd64/libverify.so
7f65615f3000-7f65615fa000 r-xp 00000000 08:01 5771498                    /lib/x86_64-linux-gnu/librt-2.19.so
7f65615fa000-7f65617f9000 ---p 00007000 08:01 5771498                    /lib/x86_64-linux-gnu/librt-2.19.so
7f65617f9000-7f65617fa000 r--p 00006000 08:01 5771498                    /lib/x86_64-linux-gnu/librt-2.19.so
7f65617fa000-7f65617fb000 rw-p 00007000 08:01 5771498                    /lib/x86_64-linux-gnu/librt-2.19.so
7f65617fb000-7f6561900000 r-xp 00000000 08:01 5771420                    /lib/x86_64-linux-gnu/libm-2.19.so
7f6561900000-7f6561aff000 ---p 00105000 08:01 5771420                    /lib/x86_64-linux-gnu/libm-2.19.so
7f6561aff000-7f6561b00000 r--p 00104000 08:01 5771420                    /lib/x86_64-linux-gnu/libm-2.19.so
7f6561b00000-7f6561b01000 rw-p 00105000 08:01 5771420                    /lib/x86_64-linux-gnu/libm-2.19.so
7f6561b01000-7f65627bf000 r-xp 00000000 08:01 4069167                    /usr/lib/jvm/java-8-oracle/jre/lib/amd64/server/libjvm.so
7f65627bf000-7f65629be000 ---p 00cbe000 08:01 4069167                    /usr/lib/jvm/java-8-oracle/jre/lib/amd64/server/libjvm.so
7f65629be000-7f6562a97000 rw-p 00cbd000 08:01 4069167                    /usr/lib/jvm/java-8-oracle/jre/lib/amd64/server/libjvm.so
7f6562a97000-7f6562adb000 rw-p 00000000 00:00 0 
7f6562adb000-7f6562c96000 r-xp 00000000 08:01 5771370                    /lib/x86_64-linux-gnu/libc-2.19.so
7f6562c96000-7f6562e95000 ---p 001bb000 08:01 5771370                    /lib/x86_64-linux-gnu/libc-2.19.so
7f6562e95000-7f6562e99000 r--p 001ba000 08:01 5771370                    /lib/x86_64-linux-gnu/libc-2.19.so
7f6562e99000-7f6562e9b000 rw-p 001be000 08:01 5771370                    /lib/x86_64-linux-gnu/libc-2.19.so
7f6562e9b000-7f6562ea0000 rw-p 00000000 00:00 0 
7f6562ea0000-7f6562ea3000 r-xp 00000000 08:01 5771387                    /lib/x86_64-linux-gnu/libdl-2.19.so
7f6562ea3000-7f65630a2000 ---p 00003000 08:01 5771387                    /lib/x86_64-linux-gnu/libdl-2.19.so
7f65630a2000-7f65630a3000 r--p 00002000 08:01 5771387                    /lib/x86_64-linux-gnu/libdl-2.19.so
7f65630a3000-7f65630a4000 rw-p 00003000 08:01 5771387                    /lib/x86_64-linux-gnu/libdl-2.19.so
7f65630a4000-7f65630b9000 r-xp 00000000 08:01 4727160                    /usr/lib/jvm/java-8-oracle/lib/amd64/jli/libjli.so
7f65630b9000-7f65632b9000 ---p 00015000 08:01 4727160                    /usr/lib/jvm/java-8-oracle/lib/amd64/jli/libjli.so
7f65632b9000-7f65632ba000 rw-p 00015000 08:01 4727160                    /usr/lib/jvm/java-8-oracle/lib/amd64/jli/libjli.so
7f65632ba000-7f65632d3000 r-xp 00000000 08:01 5771490                    /lib/x86_64-linux-gnu/libpthread-2.19.so
7f65632d3000-7f65634d2000 ---p 00019000 08:01 5771490                    /lib/x86_64-linux-gnu/libpthread-2.19.so
7f65634d2000-7f65634d3000 r--p 00018000 08:01 5771490                    /lib/x86_64-linux-gnu/libpthread-2.19.so
7f65634d3000-7f65634d4000 rw-p 00019000 08:01 5771490                    /lib/x86_64-linux-gnu/libpthread-2.19.so
7f65634d4000-7f65634d8000 rw-p 00000000 00:00 0 
7f65634d8000-7f65634fb000 r-xp 00000000 08:01 5771346                    /lib/x86_64-linux-gnu/ld-2.19.so
7f6563501000-7f6563508000 r--s 00000000 08:01 1967077                    /usr/lib/x86_64-linux-gnu/gconv/gconv-modules.cache
7f6563508000-7f65635d4000 rw-p 00000000 00:00 0 
7f65635d4000-7f65635d7000 ---p 00000000 00:00 0 
7f65635d7000-7f65636d9000 rw-p 00000000 00:00 0                          [stack:29148]
7f65636de000-7f65636df000 rw-p 00000000 00:00 0 
7f65636df000-7f65636ee000 r--s 000df000 08:01 10635452                   /home/tomasz/Android/Sdk/build-tools/23.0.2/lib/dx.jar
7f65636ee000-7f65636f6000 rw-s 00000000 08:01 6949192                    /tmp/hsperfdata_tomasz/29146
7f65636f6000-7f65636f7000 rw-p 00000000 00:00 0 
7f65636f7000-7f65636f8000 ---p 00000000 00:00 0 
7f65636f8000-7f65636fa000 rw-p 00000000 00:00 0 
7f65636fa000-7f65636fb000 r--p 00022000 08:01 5771346                    /lib/x86_64-linux-gnu/ld-2.19.so
7f65636fb000-7f65636fc000 rw-p 00023000 08:01 5771346                    /lib/x86_64-linux-gnu/ld-2.19.so
7f65636fc000-7f65636fd000 rw-p 00000000 00:00 0 
7ffeac584000-7ffeac5a5000 rw-p 00000000 00:00 0                          [stack]
7ffeac5d7000-7ffeac5d9000 r--p 00000000 00:00 0                          [vvar]
7ffeac5d9000-7ffeac5db000 r-xp 00000000 00:00 0                          [vdso]
ffffffffff600000-ffffffffff601000 r-xp 00000000 00:00 0                  [vsyscall]

VM Arguments:
jvm_args: -Djava.awt.headless=true -Xmx2g -Dfile.encoding=UTF-8 -Duser.country=PL -Duser.language=pl -Duser.variant 
java_command: com.android.dx.command.Main --dex --num-threads=4 --multi-dex --main-dex-list /home/tomasz/AndroidStudioProjects/ITAssistant/app/build/intermediates/multi-dex/debug/maindexlist.txt --output /home/tomasz/AndroidStudioProjects/ITAssistant/app/build/intermediates/transforms/dex/debug/folders/1000/1f/main /home/tomasz/AndroidStudioProjects/ITAssistant/app/build/intermediates/transforms/jarMerging/debug/jars/1/1f/combined.jar
java_class_path (initial): /home/tomasz/Android/Sdk/build-tools/23.0.2/lib/dx.jar
Launcher Type: SUN_STANDARD

Environment Variables:
PATH=/usr/local/sbin:/usr/local/bin:/usr/sbin:/usr/bin:/sbin:/bin:/usr/games:/usr/local/games
LD_LIBRARY_PATH=.:
SHELL=/bin/bash
DISPLAY=:0

Signal Handlers:
SIGSEGV: [libjvm.so+0xaba2a0], sa_mask[0]=11111111011111111101111111111110, sa_flags=SA_RESTART|SA_SIGINFO
SIGBUS: [libjvm.so+0xaba2a0], sa_mask[0]=11111111011111111101111111111110, sa_flags=SA_RESTART|SA_SIGINFO
SIGFPE: [libjvm.so+0x917710], sa_mask[0]=11111111011111111101111111111110, sa_flags=SA_RESTART|SA_SIGINFO
SIGPIPE: [libjvm.so+0x917710], sa_mask[0]=11111111011111111101111111111110, sa_flags=SA_RESTART|SA_SIGINFO
SIGXFSZ: [libjvm.so+0x917710], sa_mask[0]=11111111011111111101111111111110, sa_flags=SA_RESTART|SA_SIGINFO
SIGILL: [libjvm.so+0x917710], sa_mask[0]=11111111011111111101111111111110, sa_flags=SA_RESTART|SA_SIGINFO
SIGUSR1: SIG_DFL, sa_mask[0]=00000000000000000000000000000000, sa_flags=none
SIGUSR2: [libjvm.so+0x918d40], sa_mask[0]=00100000000000000000000000000000, sa_flags=SA_RESTART|SA_SIGINFO
SIGHUP: [libjvm.so+0x91a140], sa_mask[0]=11111111011111111101111111111110, sa_flags=SA_RESTART|SA_SIGINFO
SIGINT: [libjvm.so+0x91a140], sa_mask[0]=11111111011111111101111111111110, sa_flags=SA_RESTART|SA_SIGINFO
SIGTERM: [libjvm.so+0x91a140], sa_mask[0]=11111111011111111101111111111110, sa_flags=SA_RESTART|SA_SIGINFO
SIGQUIT: [libjvm.so+0x91a140], sa_mask[0]=11111111011111111101111111111110, sa_flags=SA_RESTART|SA_SIGINFO


---------------  S Y S T E M  ---------------

OS:DISTRIB_ID=Ubuntu
DISTRIB_RELEASE=14.04
DISTRIB_CODENAME=trusty
DISTRIB_DESCRIPTION="Ubuntu 14.04.3 LTS"

uname:Linux 3.19.0-42-generic #48~14.04.1-Ubuntu SMP Fri Dec 18 10:24:49 UTC 2015 x86_64
libc:glibc 2.19 NPTL 2.19 
rlimit: STACK 8192k, CORE 0k, NPROC 23202, NOFILE 4096, AS infinity
load average:3,27 1,14 0,63

/proc/meminfo:
MemTotal:        5961332 kB
MemFree:          118596 kB
MemAvailable:     132256 kB
Buffers:            3580 kB
Cached:           526700 kB
SwapCached:            0 kB
Active:          5157296 kB
Inactive:         450004 kB
Active(anon):    5088400 kB
Inactive(anon):   378828 kB
Active(file):      68896 kB
Inactive(file):    71176 kB
Unevictable:        6244 kB
Mlocked:            6244 kB
SwapTotal:             0 kB
SwapFree:              0 kB
Dirty:               728 kB
Writeback:             0 kB
AnonPages:       5083464 kB
Mapped:           185148 kB
Shmem:            390016 kB
Slab:              99548 kB
SReclaimable:      56172 kB
SUnreclaim:        43376 kB
KernelStack:       11296 kB
PageTables:        53332 kB
NFS_Unstable:          0 kB
Bounce:                0 kB
WritebackTmp:          0 kB
CommitLimit:     2980664 kB
Committed_AS:    9824840 kB
VmallocTotal:   34359738367 kB
VmallocUsed:      558004 kB
VmallocChunk:   34359165916 kB
HardwareCorrupted:     0 kB
AnonHugePages:   2060288 kB
CmaTotal:              0 kB
CmaFree:               0 kB
HugePages_Total:       0
HugePages_Free:        0
HugePages_Rsvd:        0
HugePages_Surp:        0
Hugepagesize:       2048 kB
DirectMap4k:      215296 kB
DirectMap2M:     5924864 kB


CPU:total 4 (2 cores per cpu, 2 threads per core) family 6 model 42 stepping 7, cmov, cx8, fxsr, mmx, sse, sse2, sse3, ssse3, sse4.1, sse4.2, popcnt, avx, aes, clmul, ht, tsc, tscinvbit

/proc/cpuinfo:
processor	: 0
vendor_id	: GenuineIntel
cpu family	: 6
model		: 42
model name	: Intel(R) Core(TM) i5-2450M CPU @ 2.50GHz
stepping	: 7
microcode	: 0x25
cpu MHz		: 1575.585
cache size	: 3072 KB
physical id	: 0
siblings	: 4
core id		: 0
cpu cores	: 2
apicid		: 0
initial apicid	: 0
fpu		: yes
fpu_exception	: yes
cpuid level	: 13
wp		: yes
flags		: fpu vme de pse tsc msr pae mce cx8 apic sep mtrr pge mca cmov pat pse36 clflush dts acpi mmx fxsr sse sse2 ss ht tm pbe syscall nx rdtscp lm constant_tsc arch_perfmon pebs bts rep_good nopl xtopology nonstop_tsc aperfmperf eagerfpu pni pclmulqdq dtes64 monitor ds_cpl vmx est tm2 ssse3 cx16 xtpr pdcm pcid sse4_1 sse4_2 x2apic popcnt tsc_deadline_timer aes xsave avx lahf_lm ida arat epb pln pts dtherm tpr_shadow vnmi flexpriority ept vpid xsaveopt
bugs		:
bogomips	: 4988.20
clflush size	: 64
cache_alignment	: 64
address sizes	: 36 bits physical, 48 bits virtual
power management:

processor	: 1
vendor_id	: GenuineIntel
cpu family	: 6
model		: 42
model name	: Intel(R) Core(TM) i5-2450M CPU @ 2.50GHz
stepping	: 7
microcode	: 0x25
cpu MHz		: 3049.804
cache size	: 3072 KB
physical id	: 0
siblings	: 4
core id		: 0
cpu cores	: 2
apicid		: 1
initial apicid	: 1
fpu		: yes
fpu_exception	: yes
cpuid level	: 13
wp		: yes
flags		: fpu vme de pse tsc msr pae mce cx8 apic sep mtrr pge mca cmov pat pse36 clflush dts acpi mmx fxsr sse sse2 ss ht tm pbe syscall nx rdtscp lm constant_tsc arch_perfmon pebs bts rep_good nopl xtopology nonstop_tsc aperfmperf eagerfpu pni pclmulqdq dtes64 monitor ds_cpl vmx est tm2 ssse3 cx16 xtpr pdcm pcid sse4_1 sse4_2 x2apic popcnt tsc_deadline_timer aes xsave avx lahf_lm ida arat epb pln pts dtherm tpr_shadow vnmi flexpriority ept vpid xsaveopt
bugs		:
bogomips	: 4988.20
clflush size	: 64
cache_alignment	: 64
address sizes	: 36 bits physical, 48 bits virtual
power management:

processor	: 2
vendor_id	: GenuineIntel
cpu family	: 6
model		: 42
model name	: Intel(R) Core(TM) i5-2450M CPU @ 2.50GHz
stepping	: 7
microcode	: 0x25
cpu MHz		: 2869.726
cache size	: 3072 KB
physical id	: 0
siblings	: 4
core id		: 1
cpu cores	: 2
apicid		: 2
initial apicid	: 2
fpu		: yes
fpu_exception	: yes
cpuid level	: 13
wp		: yes
flags		: fpu vme de pse tsc msr pae mce cx8 apic sep mtrr pge mca cmov pat pse36 clflush dts acpi mmx fxsr sse sse2 ss ht tm pbe syscall nx rdtscp lm constant_tsc arch_perfmon pebs bts rep_good nopl xtopology nonstop_tsc aperfmperf eagerfpu pni pclmulqdq dtes64 monitor ds_cpl vmx est tm2 ssse3 cx16 xtpr pdcm pcid sse4_1 sse4_2 x2apic popcnt tsc_deadline_timer aes xsave avx lahf_lm ida arat epb pln pts dtherm tpr_shadow vnmi flexpriority ept vpid xsaveopt
bugs		:
bogomips	: 4988.20
clflush size	: 64
cache_alignment	: 64
address sizes	: 36 bits physical, 48 bits virtual
power management:

processor	: 3
vendor_id	: GenuineIntel
cpu family	: 6
model		: 42
model name	: Intel(R) Core(TM) i5-2450M CPU @ 2.50GHz
stepping	: 7
microcode	: 0x25
cpu MHz		: 2798.339
cache size	: 3072 KB
physical id	: 0
siblings	: 4
core id		: 1
cpu cores	: 2
apicid		: 3
initial apicid	: 3
fpu		: yes
fpu_exception	: yes
cpuid level	: 13
wp		: yes
flags		: fpu vme de pse tsc msr pae mce cx8 apic sep mtrr pge mca cmov pat pse36 clflush dts acpi mmx fxsr sse sse2 ss ht tm pbe syscall nx rdtscp lm constant_tsc arch_perfmon pebs bts rep_good nopl xtopology nonstop_tsc aperfmperf eagerfpu pni pclmulqdq dtes64 monitor ds_cpl vmx est tm2 ssse3 cx16 xtpr pdcm pcid sse4_1 sse4_2 x2apic popcnt tsc_deadline_timer aes xsave avx lahf_lm ida arat epb pln pts dtherm tpr_shadow vnmi flexpriority ept vpid xsaveopt
bugs		:
bogomips	: 4988.20
clflush size	: 64
cache_alignment	: 64
address sizes	: 36 bits physical, 48 bits virtual
power management:



Memory: 4k page, physical 5961332k(118596k free), swap 0k(0k free)

vm_info: Java HotSpot(TM) 64-Bit Server VM (25.66-b17) for linux-amd64 JRE (1.8.0_66-b17), built on Oct  6 2015 17:28:34 by "java_re" with gcc 4.3.0 20080428 (Red Hat 4.3.0-8)

time: Fri Jan  1 23:47:36 2016
elapsed time: 27 seconds (0d 0h 0m 27s)

