#
# There is insufficient memory for the Java Runtime Environment to continue.
# Native memory allocation (mmap) failed to map 315097088 bytes for committing reserved memory.
# Possible reasons:
#   The system is out of physical RAM or swap space
#   In 32 bit mode, the process size limit was hit
# Possible solutions:
#   Reduce memory load on the system
#   Increase physical memory or swap space
#   Check if swap backing store is full
#   Use 64 bit Java on a 64 bit OS
#   Decrease Java heap size (-Xmx/-Xms)
#   Decrease number of Java threads
#   Decrease Java thread stack sizes (-Xss)
#   Set larger code cache with -XX:ReservedCodeCacheSize=
# This output file may be truncated or incomplete.
#
#  Out of Memory Error (os_linux.cpp:2627), pid=7112, tid=140143545513728
#
# JRE version: Java(TM) SE Runtime Environment (8.0_66-b17) (build 1.8.0_66-b17)
# Java VM: Java HotSpot(TM) 64-Bit Server VM (25.66-b17 mixed mode linux-amd64 compressed oops)
# Failed to write core dump. Core dumps have been disabled. To enable core dumping, try "ulimit -c unlimited" before starting Java again
#

---------------  T H R E A D  ---------------

Current thread (0x00007f75d4078000):  VMThread [stack: 0x00007f75b62f7000,0x00007f75b63f8000] [id=7121]

Stack: [0x00007f75b62f7000,0x00007f75b63f8000],  sp=0x00007f75b63f6160,  free space=1020k
Native frames: (J=compiled Java code, j=interpreted, Vv=VM code, C=native code)
V  [libjvm.so+0xab9a1a]  VMError::report_and_die()+0x2ba
V  [libjvm.so+0x4f9e0b]  report_vm_out_of_memory(char const*, int, unsigned long, VMErrorType, char const*)+0x8b
V  [libjvm.so+0x91a8a3]  os::Linux::commit_memory_impl(char*, unsigned long, bool)+0x103
V  [libjvm.so+0x91adf9]  os::pd_commit_memory(char*, unsigned long, unsigned long, bool)+0x29
V  [libjvm.so+0x91510a]  os::commit_memory(char*, unsigned long, unsigned long, bool)+0x2a
V  [libjvm.so+0x9887a3]  PSVirtualSpace::expand_by(unsigned long)+0x53
V  [libjvm.so+0x979090]  PSOldGen::expand(unsigned long)+0x170
V  [libjvm.so+0x97929b]  PSOldGen::resize(unsigned long)+0x1cb
V  [libjvm.so+0x980f71]  PSParallelCompact::invoke_no_policy(bool)+0x991
V  [libjvm.so+0x9868cd]  PSScavenge::invoke()+0x1ad
V  [libjvm.so+0x93e500]  ParallelScavengeHeap::failed_mem_allocate(unsigned long)+0x70
V  [libjvm.so+0xabb437]  VM_ParallelGCFailedAllocation::doit()+0x97
V  [libjvm.so+0xac2e65]  VM_Operation::evaluate()+0x55
V  [libjvm.so+0xac123a]  VMThread::evaluate_operation(VM_Operation*)+0xba
V  [libjvm.so+0xac15be]  VMThread::loop()+0x1ce
V  [libjvm.so+0xac1a30]  VMThread::run()+0x70
V  [libjvm.so+0x91cc68]  java_start(Thread*)+0x108

VM_Operation (0x00007f75b500c9d0): ParallelGCFailedAllocation, mode: safepoint, requested by thread 0x00007f75d41c7800


---------------  P R O C E S S  ---------------

Java Threads: ( => current thread )
  0x00007f75d41f0000 JavaThread "pool-1-thread-1" [_thread_blocked, id=7140, stack(0x00007f75b4c0b000,0x00007f75b4d0c000)]
  0x00007f75d41ca800 JavaThread "pool-2-thread-4" [_thread_blocked, id=7134, stack(0x00007f75b4d0c000,0x00007f75b4e0d000)]
  0x00007f75d41c9000 JavaThread "pool-2-thread-3" [_thread_blocked, id=7133, stack(0x00007f75b4e0d000,0x00007f75b4f0e000)]
  0x00007f75d41c7800 JavaThread "pool-2-thread-2" [_thread_blocked, id=7132, stack(0x00007f75b4f0e000,0x00007f75b500f000)]
  0x00007f75d41c6800 JavaThread "pool-3-thread-1" [_thread_blocked, id=7131, stack(0x00007f75b500f000,0x00007f75b5110000)]
  0x00007f75d41c4000 JavaThread "pool-2-thread-1" [_thread_blocked, id=7130, stack(0x00007f75b5110000,0x00007f75b5211000)]
  0x00007f75d40ca800 JavaThread "Service Thread" daemon [_thread_blocked, id=7128, stack(0x00007f75b53dd000,0x00007f75b54de000)]
  0x00007f75d40bd800 JavaThread "C1 CompilerThread2" daemon [_thread_blocked, id=7127, stack(0x00007f75b54de000,0x00007f75b55df000)]
  0x00007f75d40bb800 JavaThread "C2 CompilerThread1" daemon [_thread_blocked, id=7126, stack(0x00007f75b55df000,0x00007f75b56e0000)]
  0x00007f75d40b8800 JavaThread "C2 CompilerThread0" daemon [_thread_blocked, id=7125, stack(0x00007f75b56e0000,0x00007f75b57e1000)]
  0x00007f75d40b7000 JavaThread "Signal Dispatcher" daemon [_thread_blocked, id=7124, stack(0x00007f75b57e1000,0x00007f75b58e2000)]
  0x00007f75d407f000 JavaThread "Finalizer" daemon [_thread_blocked, id=7123, stack(0x00007f75b60f5000,0x00007f75b61f6000)]
  0x00007f75d407d000 JavaThread "Reference Handler" daemon [_thread_blocked, id=7122, stack(0x00007f75b61f6000,0x00007f75b62f7000)]
  0x00007f75d400a000 JavaThread "main" [_thread_blocked, id=7116, stack(0x00007f75daf2e000,0x00007f75db02f000)]

Other Threads:
=>0x00007f75d4078000 VMThread [stack: 0x00007f75b62f7000,0x00007f75b63f8000] [id=7121]
  0x00007f75d40cd000 WatcherThread [stack: 0x00007f75b52dc000,0x00007f75b53dd000] [id=7129]

VM state:at safepoint (normal execution)

VM Mutex/Monitor currently owned by a thread:  ([mutex/lock_event])
[0x00007f75d4005ef0] ExpandHeap_lock - owner thread: 0x00007f75d4078000
[0x00007f75d4006570] Threads_lock - owner thread: 0x00007f75d4078000
[0x00007f75d4006a70] Heap_lock - owner thread: 0x00007f75d41c7800

Heap:
 PSYoungGen      total 465920K, used 40606K [0x00000000d5580000, 0x0000000100000000, 0x0000000100000000)
  eden space 232960K, 0% used [0x00000000d5580000,0x00000000d5580000,0x00000000e3900000)
  from space 232960K, 17% used [0x00000000e3900000,0x00000000e60a7828,0x00000000f1c80000)
  to   space 232960K, 0% used [0x00000000f1c80000,0x00000000f1c80000,0x0000000100000000)
 ParOldGen       total 740352K, used 739987K [0x0000000080000000, 0x00000000ad300000, 0x00000000d5580000)
  object space 740352K, 99% used [0x0000000080000000,0x00000000ad2a4e88,0x00000000ad300000)
 Metaspace       used 6731K, capacity 7384K, committed 7680K, reserved 1056768K
  class space    used 622K, capacity 656K, committed 768K, reserved 1048576K

Card table byte_map: [0x00007f75c483f000,0x00007f75c4c40000] byte_map_base: 0x00007f75c443f000

Marking Bits: (ParMarkBitMap*) 0x00007f75da40a020
 Begin Bits: [0x00007f75bc000000, 0x00007f75be000000)
 End Bits:   [0x00007f75be000000, 0x00007f75c0000000)

Polling page: 0x00007f75db051000

CodeCache: size=245760Kb used=12416Kb max_used=12416Kb free=233343Kb
 bounds [0x00007f75c5000000, 0x00007f75c5cb0000, 0x00007f75d4000000]
 total_blobs=2783 nmethods=2514 adapters=182
 compilation: enabled

Compilation events (10 events):
Event: 26,964 Thread 0x00007f75d40bb800 nmethod 1286% 0x00007f75c53dff10 code [0x00007f75c53e00a0, 0x00007f75c53e07b8]
Event: 26,964 Thread 0x00007f75d40bb800 3166       4       com.android.dx.rop.type.Prototype::compareTo (120 bytes)
Event: 26,979 Thread 0x00007f75d40bb800 nmethod 3166 0x00007f75c53df410 code [0x00007f75c53df5a0, 0x00007f75c53dfa58]
Event: 26,979 Thread 0x00007f75d40bb800 3165       4       com.android.dx.ssa.back.FirstFitLocalCombiningAllocator::handleLocalAssociatedParams (132 bytes)
Event: 26,981 Thread 0x00007f75d40bd800 3168       3       com.android.dx.ssa.back.FirstFitLocalCombiningAllocator::fitPlanForRange (250 bytes)
Event: 26,984 Thread 0x00007f75d40bd800 nmethod 3168 0x00007f75c5865ad0 code [0x00007f75c5865e80, 0x00007f75c58681c8]
Event: 26,984 Thread 0x00007f75d40bd800 3167 %     3       com.android.dx.ssa.back.FirstFitLocalCombiningAllocator::rangeContainsReserved @ 2 (30 bytes)
Event: 26,984 Thread 0x00007f75d40bd800 nmethod 3167% 0x00007f75c57456d0 code [0x00007f75c5745860, 0x00007f75c5745b88]
Event: 26,997 Thread 0x00007f75d40bd800 3170       2       com.android.dx.rop.code.Rop::<init> (15 bytes)
Event: 26,997 Thread 0x00007f75d40bd800 nmethod 3170 0x00007f75c53defd0 code [0x00007f75c53df140, 0x00007f75c53df2e8]

GC Heap History (10 events):
Event: 23,425 GC heap after
Heap after GC invocations=23 (full 5):
 PSYoungGen      total 467968K, used 133425K [0x00000000d5580000, 0x0000000100000000, 0x0000000100000000)
  eden space 334336K, 0% used [0x00000000d5580000,0x00000000d5580000,0x00000000e9c00000)
  from space 133632K, 99% used [0x00000000e9c00000,0x00000000f1e4c688,0x00000000f1e80000)
  to   space 195072K, 0% used [0x00000000f4180000,0x00000000f4180000,0x0000000100000000)
 ParOldGen       total 740352K, used 505703K [0x0000000080000000, 0x00000000ad300000, 0x00000000d5580000)
  object space 740352K, 68% used [0x0000000080000000,0x000000009edd9fa8,0x00000000ad300000)
 Metaspace       used 6601K, capacity 7320K, committed 7680K, reserved 1056768K
  class space    used 616K, capacity 656K, committed 768K, reserved 1048576K
}
Event: 24,214 GC heap before
{Heap before GC invocations=24 (full 5):
 PSYoungGen      total 467968K, used 467761K [0x00000000d5580000, 0x0000000100000000, 0x0000000100000000)
  eden space 334336K, 100% used [0x00000000d5580000,0x00000000e9c00000,0x00000000e9c00000)
  from space 133632K, 99% used [0x00000000e9c00000,0x00000000f1e4c688,0x00000000f1e80000)
  to   space 195072K, 0% used [0x00000000f4180000,0x00000000f4180000,0x0000000100000000)
 ParOldGen       total 740352K, used 505703K [0x0000000080000000, 0x00000000ad300000, 0x00000000d5580000)
  object space 740352K, 68% used [0x0000000080000000,0x000000009edd9fa8,0x00000000ad300000)
 Metaspace       used 6658K, capacity 7384K, committed 7680K, reserved 1056768K
  class space    used 620K, capacity 656K, committed 768K, reserved 1048576K
Event: 24,477 GC heap after
Heap after GC invocations=24 (full 5):
 PSYoungGen      total 444416K, used 186524K [0x00000000d5580000, 0x0000000100000000, 0x0000000100000000)
  eden space 249344K, 0% used [0x00000000d5580000,0x00000000d5580000,0x00000000e4900000)
  from space 195072K, 95% used [0x00000000f4180000,0x00000000ff7a7018,0x0000000100000000)
  to   space 224768K, 0% used [0x00000000e4900000,0x00000000e4900000,0x00000000f2480000)
 ParOldGen       total 740352K, used 505711K [0x0000000080000000, 0x00000000ad300000, 0x00000000d5580000)
  object space 740352K, 68% used [0x0000000080000000,0x000000009eddbfa8,0x00000000ad300000)
 Metaspace       used 6658K, capacity 7384K, committed 7680K, reserved 1056768K
  class space    used 620K, capacity 656K, committed 768K, reserved 1048576K
}
Event: 25,103 GC heap before
{Heap before GC invocations=25 (full 5):
 PSYoungGen      total 444416K, used 435868K [0x00000000d5580000, 0x0000000100000000, 0x0000000100000000)
  eden space 249344K, 100% used [0x00000000d5580000,0x00000000e4900000,0x00000000e4900000)
  from space 195072K, 95% used [0x00000000f4180000,0x00000000ff7a7018,0x0000000100000000)
  to   space 224768K, 0% used [0x00000000e4900000,0x00000000e4900000,0x00000000f2480000)
 ParOldGen       total 740352K, used 505711K [0x0000000080000000, 0x00000000ad300000, 0x00000000d5580000)
  object space 740352K, 68% used [0x0000000080000000,0x000000009eddbfa8,0x00000000ad300000)
 Metaspace       used 6708K, capacity 7384K, committed 7680K, reserved 1056768K
  class space    used 622K, capacity 656K, committed 768K, reserved 1048576K
Event: 25,338 GC heap after
Heap after GC invocations=25 (full 5):
 PSYoungGen      total 464384K, used 215034K [0x00000000d5580000, 0x0000000100000000, 0x0000000100000000)
  eden space 249344K, 0% used [0x00000000d5580000,0x00000000d5580000,0x00000000e4900000)
  from space 215040K, 99% used [0x00000000e4900000,0x00000000f1afebe8,0x00000000f1b00000)
  to   space 232960K, 0% used [0x00000000f1c80000,0x00000000f1c80000,0x0000000100000000)
 ParOldGen       total 740352K, used 505711K [0x0000000080000000, 0x00000000ad300000, 0x00000000d5580000)
  object space 740352K, 68% used [0x0000000080000000,0x000000009eddbfa8,0x00000000ad300000)
 Metaspace       used 6708K, capacity 7384K, committed 7680K, reserved 1056768K
  class space    used 622K, capacity 656K, committed 768K, reserved 1048576K
}
Event: 26,105 GC heap before
{Heap before GC invocations=26 (full 5):
 PSYoungGen      total 464384K, used 464378K [0x00000000d5580000, 0x0000000100000000, 0x0000000100000000)
  eden space 249344K, 100% used [0x00000000d5580000,0x00000000e4900000,0x00000000e4900000)
  from space 215040K, 99% used [0x00000000e4900000,0x00000000f1afebe8,0x00000000f1b00000)
  to   space 232960K, 0% used [0x00000000f1c80000,0x00000000f1c80000,0x0000000100000000)
 ParOldGen       total 740352K, used 505711K [0x0000000080000000, 0x00000000ad300000, 0x00000000d5580000)
  object space 740352K, 68% used [0x0000000080000000,0x000000009eddbfa8,0x00000000ad300000)
 Metaspace       used 6712K, capacity 7384K, committed 7680K, reserved 1056768K
  class space    used 622K, capacity 656K, committed 768K, reserved 1048576K
Event: 26,458 GC heap after
Heap after GC invocations=26 (full 5):
 PSYoungGen      total 465920K, used 176129K [0x00000000d5580000, 0x0000000100000000, 0x0000000100000000)
  eden space 232960K, 0% used [0x00000000d5580000,0x00000000d5580000,0x00000000e3900000)
  from space 232960K, 75% used [0x00000000f1c80000,0x00000000fc880490,0x0000000100000000)
  to   space 232960K, 0% used [0x00000000e3900000,0x00000000e3900000,0x00000000f1c80000)
 ParOldGen       total 740352K, used 581541K [0x0000000080000000, 0x00000000ad300000, 0x00000000d5580000)
  object space 740352K, 78% used [0x0000000080000000,0x00000000a37e9740,0x00000000ad300000)
 Metaspace       used 6712K, capacity 7384K, committed 7680K, reserved 1056768K
  class space    used 622K, capacity 656K, committed 768K, reserved 1048576K
}
Event: 27,050 GC heap before
{Heap before GC invocations=27 (full 5):
 PSYoungGen      total 465920K, used 409089K [0x00000000d5580000, 0x0000000100000000, 0x0000000100000000)
  eden space 232960K, 100% used [0x00000000d5580000,0x00000000e3900000,0x00000000e3900000)
  from space 232960K, 75% used [0x00000000f1c80000,0x00000000fc880490,0x0000000100000000)
  to   space 232960K, 0% used [0x00000000e3900000,0x00000000e3900000,0x00000000f1c80000)
 ParOldGen       total 740352K, used 581541K [0x0000000080000000, 0x00000000ad300000, 0x00000000d5580000)
  object space 740352K, 78% used [0x0000000080000000,0x00000000a37e9740,0x00000000ad300000)
 Metaspace       used 6731K, capacity 7384K, committed 7680K, reserved 1056768K
  class space    used 622K, capacity 656K, committed 768K, reserved 1048576K
Event: 27,377 GC heap after
Heap after GC invocations=27 (full 5):
 PSYoungGen      total 465920K, used 110665K [0x00000000d5580000, 0x0000000100000000, 0x0000000100000000)
  eden space 232960K, 0% used [0x00000000d5580000,0x00000000d5580000,0x00000000e3900000)
  from space 232960K, 47% used [0x00000000e3900000,0x00000000ea512790,0x00000000f1c80000)
  to   space 232960K, 0% used [0x00000000f1c80000,0x00000000f1c80000,0x0000000100000000)
 ParOldGen       total 740352K, used 684764K [0x0000000080000000, 0x00000000ad300000, 0x00000000d5580000)
  object space 740352K, 92% used [0x0000000080000000,0x00000000a9cb7118,0x00000000ad300000)
 Metaspace       used 6731K, capacity 7384K, committed 7680K, reserved 1056768K
  class space    used 622K, capacity 656K, committed 768K, reserved 1048576K
}
Event: 27,377 GC heap before
{Heap before GC invocations=28 (full 6):
 PSYoungGen      total 465920K, used 110665K [0x00000000d5580000, 0x0000000100000000, 0x0000000100000000)
  eden space 232960K, 0% used [0x00000000d5580000,0x00000000d5580000,0x00000000e3900000)
  from space 232960K, 47% used [0x00000000e3900000,0x00000000ea512790,0x00000000f1c80000)
  to   space 232960K, 0% used [0x00000000f1c80000,0x00000000f1c80000,0x0000000100000000)
 ParOldGen       total 740352K, used 684764K [0x0000000080000000, 0x00000000ad300000, 0x00000000d5580000)
  object space 740352K, 92% used [0x0000000080000000,0x00000000a9cb7118,0x00000000ad300000)
 Metaspace       used 6731K, capacity 7384K, committed 7680K, reserved 1056768K
  class space    used 622K, capacity 656K, committed 768K, reserved 1048576K

Deoptimization events (10 events):
Event: 25,439 Thread 0x00007f75d41f0000 Uncommon trap: reason=unstable_if action=reinterpret pc=0x00007f75c5a85570 method=com.android.dx.dex.code.OutputFinisher.addConstants(Ljava/util/HashSet;Lcom/android/dx/rop/code/RegisterSpec;)V @ 57
Event: 25,631 Thread 0x00007f75d41ca800 Uncommon trap: reason=unstable_if action=reinterpret pc=0x00007f75c514566c method=com.android.dx.ssa.SsaMethod.makeExitBlock()V @ 103
Event: 25,631 Thread 0x00007f75d41ca800 Uncommon trap: reason=unstable_if action=reinterpret pc=0x00007f75c5bdf5ac method=com.android.dx.ssa.SsaMethod.getExitBlock()Lcom/android/dx/ssa/SsaBasicBlock; @ 4
Event: 25,632 Thread 0x00007f75d41ca800 Uncommon trap: reason=unstable_if action=reinterpret pc=0x00007f75c546d818 method=com.android.dx.ssa.SsaMethod.getExitBlock()Lcom/android/dx/ssa/SsaBasicBlock; @ 4
Event: 25,632 Thread 0x00007f75d41ca800 Uncommon trap: reason=unstable_if action=reinterpret pc=0x00007f75c58dd8e8 method=com.android.dx.ssa.SsaMethod.getExitBlock()Lcom/android/dx/ssa/SsaBasicBlock; @ 4
Event: 25,715 Thread 0x00007f75d41f0000 Uncommon trap: reason=unstable_if action=reinterpret pc=0x00007f75c58776d0 method=com.android.dx.dex.code.OutputFinisher.addConstants(Ljava/util/HashSet;Lcom/android/dx/rop/code/RegisterSpec;)V @ 32
Event: 25,749 Thread 0x00007f75d41c7800 Uncommon trap: reason=bimorphic action=maybe_recompile pc=0x00007f75c5c3a760 method=com.android.dx.cf.code.BytecodeArray.parseInstruction(ILcom/android/dx/cf/code/BytecodeArray$Visitor;)I @ 1612
Event: 25,749 Thread 0x00007f75d41c7800 Uncommon trap: reason=bimorphic action=maybe_recompile pc=0x00007f75c5c3a760 method=com.android.dx.cf.code.BytecodeArray.parseInstruction(ILcom/android/dx/cf/code/BytecodeArray$Visitor;)I @ 1612
Event: 26,052 Thread 0x00007f75d41f0000 Uncommon trap: reason=unstable_if action=reinterpret pc=0x00007f75c556500c method=com.android.dx.dex.code.OutputFinisher.addConstants(Ljava/util/HashSet;Lcom/android/dx/rop/code/RegisterSpec;)V @ 32
Event: 26,597 Thread 0x00007f75d400a000 Uncommon trap: reason=bimorphic action=maybe_recompile pc=0x00007f75c59ae2ac method=com.android.dx.cf.code.BytecodeArray.parseInstruction(ILcom/android/dx/cf/code/BytecodeArray$Visitor;)I @ 1525

Internal exceptions (10 events):
Event: 1,018 Thread 0x00007f75d400a000 Implicit null exception at 0x00007f75c534bb34 to 0x00007f75c534e2c1
Event: 1,256 Thread 0x00007f75d41c4000 Exception <a 'java/lang/ArrayIndexOutOfBoundsException': 18> (0x00000000d90c0420) thrown at [/HUDSON/workspace/8-2-build-linux-amd64/jdk8u66/4988/hotspot/src/share/vm/interpreter/interpreterRuntime.cpp, line 366]
Event: 1,256 Thread 0x00007f75d41c4000 Exception <a 'java/lang/ArrayIndexOutOfBoundsException': 145> (0x00000000d90c1fa0) thrown at [/HUDSON/workspace/8-2-build-linux-amd64/jdk8u66/4988/hotspot/src/share/vm/interpreter/interpreterRuntime.cpp, line 366]
Event: 1,257 Thread 0x00007f75d41c4000 Exception <a 'java/lang/ArrayIndexOutOfBoundsException': 40> (0x00000000d90c3288) thrown at [/HUDSON/workspace/8-2-build-linux-amd64/jdk8u66/4988/hotspot/src/share/vm/interpreter/interpreterRuntime.cpp, line 366]
Event: 9,701 Thread 0x00007f75d41ca800 Implicit null exception at 0x00007f75c5473891 to 0x00007f75c5476ca1
Event: 9,979 Thread 0x00007f75d41c7800 Implicit null exception at 0x00007f75c5419df5 to 0x00007f75c541cd95
Event: 22,989 Thread 0x00007f75d400a000 Implicit null exception at 0x00007f75c5480350 to 0x00007f75c54806f5
Event: 22,989 Thread 0x00007f75d400a000 Implicit null exception at 0x00007f75c540b0a3 to 0x00007f75c540b3d5
Event: 24,698 Thread 0x00007f75d41ca800 Implicit null exception at 0x00007f75c57ba748 to 0x00007f75c57bbf05
Event: 24,699 Thread 0x00007f75d41ca800 Implicit null exception at 0x00007f75c55c0610 to 0x00007f75c55c0729

Events (10 events):
Event: 26,994 Thread 0x00007f75d41c4000 DEOPT UNPACKING pc=0x00007f75c5047633 sp=0x00007f75b520eba8 mode 0
Event: 27,001 Thread 0x00007f75d41c7800 DEOPT PACKING pc=0x00007f75c53813c8 sp=0x00007f75b500cb00
Event: 27,001 Thread 0x00007f75d41c7800 DEOPT UNPACKING pc=0x00007f75c5047633 sp=0x00007f75b500c8e8 mode 0
Event: 27,008 Thread 0x00007f75d41c7800 DEOPT PACKING pc=0x00007f75c52927f7 sp=0x00007f75b500cc00
Event: 27,008 Thread 0x00007f75d41c7800 DEOPT UNPACKING pc=0x00007f75c5047633 sp=0x00007f75b500c9d0 mode 0
Event: 27,014 Thread 0x00007f75d41c7800 DEOPT PACKING pc=0x00007f75c56bf827 sp=0x00007f75b500cc30
Event: 27,014 Thread 0x00007f75d41c7800 DEOPT UNPACKING pc=0x00007f75c5047633 sp=0x00007f75b500ca30 mode 0
Event: 27,044 Thread 0x00007f75d41ca800 DEOPT PACKING pc=0x00007f75c53813c8 sp=0x00007f75b4e0ae00
Event: 27,044 Thread 0x00007f75d41ca800 DEOPT UNPACKING pc=0x00007f75c5047633 sp=0x00007f75b4e0abe8 mode 0
Event: 27,049 Executing VM operation: ParallelGCFailedAllocation


Dynamic libraries:
00400000-00401000 r-xp 00000000 08:01 4591374                            /usr/lib/jvm/java-8-oracle/bin/java
00600000-00601000 rw-p 00000000 08:01 4591374                            /usr/lib/jvm/java-8-oracle/bin/java
025eb000-0260c000 rw-p 00000000 00:00 0                                  [heap]
80000000-ad300000 rw-p 00000000 00:00 0 
bff80000-d5580000 ---p 00000000 00:00 0 
d5580000-100000000 rw-p 00000000 00:00 0 
100000000-1000c0000 rw-p 00000000 00:00 0 
1000c0000-140000000 ---p 00000000 00:00 0 
7f7570000000-7f7570032000 rw-p 00000000 00:00 0 
7f7570032000-7f7574000000 ---p 00000000 00:00 0 
7f7574000000-7f7574021000 rw-p 00000000 00:00 0 
7f7574021000-7f7578000000 ---p 00000000 00:00 0 
7f7578000000-7f7578045000 rw-p 00000000 00:00 0 
7f7578045000-7f757c000000 ---p 00000000 00:00 0 
7f757c000000-7f757c039000 rw-p 00000000 00:00 0 
7f757c039000-7f7580000000 ---p 00000000 00:00 0 
7f7580000000-7f7580049000 rw-p 00000000 00:00 0 
7f7580049000-7f7584000000 ---p 00000000 00:00 0 
7f7584000000-7f7584021000 rw-p 00000000 00:00 0 
7f7584021000-7f7588000000 ---p 00000000 00:00 0 
7f7588000000-7f7588021000 rw-p 00000000 00:00 0 
7f7588021000-7f758c000000 ---p 00000000 00:00 0 
7f758c000000-7f758c021000 rw-p 00000000 00:00 0 
7f758c021000-7f7590000000 ---p 00000000 00:00 0 
7f7590000000-7f7591add000 rw-p 00000000 00:00 0 
7f7591add000-7f7594000000 ---p 00000000 00:00 0 
7f7594000000-7f7594b49000 rw-p 00000000 00:00 0 
7f7594b49000-7f7598000000 ---p 00000000 00:00 0 
7f7598000000-7f7598021000 rw-p 00000000 00:00 0 
7f7598021000-7f759c000000 ---p 00000000 00:00 0 
7f759c000000-7f759d860000 rw-p 00000000 00:00 0 
7f759d860000-7f75a0000000 ---p 00000000 00:00 0 
7f75a0000000-7f75a0021000 rw-p 00000000 00:00 0 
7f75a0021000-7f75a4000000 ---p 00000000 00:00 0 
7f75a4000000-7f75a4021000 rw-p 00000000 00:00 0 
7f75a4021000-7f75a8000000 ---p 00000000 00:00 0 
7f75a8000000-7f75a8021000 rw-p 00000000 00:00 0 
7f75a8021000-7f75ac000000 ---p 00000000 00:00 0 
7f75ac000000-7f75ac28f000 rw-p 00000000 00:00 0 
7f75ac28f000-7f75b0000000 ---p 00000000 00:00 0 
7f75b0000000-7f75b0021000 rw-p 00000000 00:00 0 
7f75b0021000-7f75b4000000 ---p 00000000 00:00 0 
7f75b4be6000-7f75b4c0b000 r--p 00000000 08:01 2361987                    /usr/share/locale-langpack/pl/LC_MESSAGES/libc.mo
7f75b4c0b000-7f75b4c0e000 ---p 00000000 00:00 0 
7f75b4c0e000-7f75b4d0c000 rw-p 00000000 00:00 0                          [stack:7140]
7f75b4d0c000-7f75b4d0f000 ---p 00000000 00:00 0 
7f75b4d0f000-7f75b4e0d000 rw-p 00000000 00:00 0                          [stack:7134]
7f75b4e0d000-7f75b4e10000 ---p 00000000 00:00 0 
7f75b4e10000-7f75b4f0e000 rw-p 00000000 00:00 0                          [stack:7133]
7f75b4f0e000-7f75b4f11000 ---p 00000000 00:00 0 
7f75b4f11000-7f75b500f000 rw-p 00000000 00:00 0                          [stack:7132]
7f75b500f000-7f75b5012000 ---p 00000000 00:00 0 
7f75b5012000-7f75b5110000 rw-p 00000000 00:00 0                          [stack:7131]
7f75b5110000-7f75b5113000 ---p 00000000 00:00 0 
7f75b5113000-7f75b5211000 rw-p 00000000 00:00 0                          [stack:7130]
7f75b5211000-7f75b52dc000 r--s 00abf000 08:01 8002969                    /home/tomasz/AndroidStudioProjects/ITAssistant/app/build/intermediates/transforms/jarMerging/debug/jars/1/1f/combined.jar
7f75b52dc000-7f75b52dd000 ---p 00000000 00:00 0 
7f75b52dd000-7f75b53dd000 rw-p 00000000 00:00 0                          [stack:7129]
7f75b53dd000-7f75b53e0000 ---p 00000000 00:00 0 
7f75b53e0000-7f75b54de000 rw-p 00000000 00:00 0                          [stack:7128]
7f75b54de000-7f75b54e1000 ---p 00000000 00:00 0 
7f75b54e1000-7f75b55df000 rw-p 00000000 00:00 0                          [stack:7127]
7f75b55df000-7f75b55e2000 ---p 00000000 00:00 0 
7f75b55e2000-7f75b56e0000 rw-p 00000000 00:00 0                          [stack:7126]
7f75b56e0000-7f75b56e3000 ---p 00000000 00:00 0 
7f75b56e3000-7f75b57e1000 rw-p 00000000 00:00 0                          [stack:7125]
7f75b57e1000-7f75b57e4000 ---p 00000000 00:00 0 
7f75b57e4000-7f75b58e2000 rw-p 00000000 00:00 0                          [stack:7124]
7f75b58e2000-7f75b60f5000 r--p 00000000 08:01 1579663                    /usr/lib/locale/locale-archive
7f75b60f5000-7f75b60f8000 ---p 00000000 00:00 0 
7f75b60f8000-7f75b61f6000 rw-p 00000000 00:00 0                          [stack:7123]
7f75b61f6000-7f75b61f9000 ---p 00000000 00:00 0 
7f75b61f9000-7f75b62f7000 rw-p 00000000 00:00 0                          [stack:7122]
7f75b62f7000-7f75b62f8000 ---p 00000000 00:00 0 
7f75b62f8000-7f75b7227000 rw-p 00000000 00:00 0                          [stack:7121]
7f75b7227000-7f75b7400000 r--s 03d20000 08:01 4069182                    /usr/lib/jvm/java-8-oracle/jre/lib/rt.jar
7f75b7400000-7f75b7ac0000 rw-p 00000000 00:00 0 
7f75b7ac0000-7f75b7c00000 ---p 00000000 00:00 0 
7f75b7c00000-7f75b8000000 rw-p 00000000 00:00 0 
7f75b8000000-7f75b8021000 rw-p 00000000 00:00 0 
7f75b8021000-7f75bc000000 ---p 00000000 00:00 0 
7f75bc000000-7f75c0000000 rw-p 00000000 00:00 0 
7f75c0000000-7f75c0051000 rw-p 00000000 00:00 0 
7f75c0051000-7f75c4000000 ---p 00000000 00:00 0 
7f75c401f000-7f75c4190000 rw-p 00000000 00:00 0 
7f75c4190000-7f75c4191000 ---p 00000000 00:00 0 
7f75c4191000-7f75c4291000 rw-p 00000000 00:00 0                          [stack:7120]
7f75c4291000-7f75c4292000 ---p 00000000 00:00 0 
7f75c4292000-7f75c4392000 rw-p 00000000 00:00 0                          [stack:7119]
7f75c4392000-7f75c4393000 ---p 00000000 00:00 0 
7f75c4393000-7f75c4493000 rw-p 00000000 00:00 0                          [stack:7118]
7f75c4493000-7f75c4494000 ---p 00000000 00:00 0 
7f75c4494000-7f75c46fe000 rw-p 00000000 00:00 0                          [stack:7117]
7f75c46fe000-7f75c483f000 ---p 00000000 00:00 0 
7f75c483f000-7f75c49a9000 rw-p 00000000 00:00 0 
7f75c49a9000-7f75c4ae9000 ---p 00000000 00:00 0 
7f75c4ae9000-7f75c4c3f000 rw-p 00000000 00:00 0 
7f75c4c3f000-7f75c4c73000 rw-p 00000000 00:00 0 
7f75c4c73000-7f75c5000000 ---p 00000000 00:00 0 
7f75c5000000-7f75c5cb0000 rwxp 00000000 00:00 0 
7f75c5cb0000-7f75d4000000 ---p 00000000 00:00 0 
7f75d4000000-7f75d43d6000 rw-p 00000000 00:00 0 
7f75d43d6000-7f75d8000000 ---p 00000000 00:00 0 
7f75d8003000-7f75d80bb000 rw-p 00000000 00:00 0 
7f75d80bb000-7f75d80d5000 r-xp 00000000 08:01 4069168                    /usr/lib/jvm/java-8-oracle/jre/lib/amd64/libzip.so
7f75d80d5000-7f75d82d5000 ---p 0001a000 08:01 4069168                    /usr/lib/jvm/java-8-oracle/jre/lib/amd64/libzip.so
7f75d82d5000-7f75d82d6000 rw-p 0001a000 08:01 4069168                    /usr/lib/jvm/java-8-oracle/jre/lib/amd64/libzip.so
7f75d82d6000-7f75d82e1000 r-xp 00000000 08:01 5771445                    /lib/x86_64-linux-gnu/libnss_files-2.19.so
7f75d82e1000-7f75d84e0000 ---p 0000b000 08:01 5771445                    /lib/x86_64-linux-gnu/libnss_files-2.19.so
7f75d84e0000-7f75d84e1000 r--p 0000a000 08:01 5771445                    /lib/x86_64-linux-gnu/libnss_files-2.19.so
7f75d84e1000-7f75d84e2000 rw-p 0000b000 08:01 5771445                    /lib/x86_64-linux-gnu/libnss_files-2.19.so
7f75d84e2000-7f75d84ed000 r-xp 00000000 08:01 5771455                    /lib/x86_64-linux-gnu/libnss_nis-2.19.so
7f75d84ed000-7f75d86ec000 ---p 0000b000 08:01 5771455                    /lib/x86_64-linux-gnu/libnss_nis-2.19.so
7f75d86ec000-7f75d86ed000 r--p 0000a000 08:01 5771455                    /lib/x86_64-linux-gnu/libnss_nis-2.19.so
7f75d86ed000-7f75d86ee000 rw-p 0000b000 08:01 5771455                    /lib/x86_64-linux-gnu/libnss_nis-2.19.so
7f75d86ee000-7f75d8705000 r-xp 00000000 08:01 5771439                    /lib/x86_64-linux-gnu/libnsl-2.19.so
7f75d8705000-7f75d8904000 ---p 00017000 08:01 5771439                    /lib/x86_64-linux-gnu/libnsl-2.19.so
7f75d8904000-7f75d8905000 r--p 00016000 08:01 5771439                    /lib/x86_64-linux-gnu/libnsl-2.19.so
7f75d8905000-7f75d8906000 rw-p 00017000 08:01 5771439                    /lib/x86_64-linux-gnu/libnsl-2.19.so
7f75d8906000-7f75d8908000 rw-p 00000000 00:00 0 
7f75d8908000-7f75d8911000 r-xp 00000000 08:01 5771441                    /lib/x86_64-linux-gnu/libnss_compat-2.19.so
7f75d8911000-7f75d8b10000 ---p 00009000 08:01 5771441                    /lib/x86_64-linux-gnu/libnss_compat-2.19.so
7f75d8b10000-7f75d8b11000 r--p 00008000 08:01 5771441                    /lib/x86_64-linux-gnu/libnss_compat-2.19.so
7f75d8b11000-7f75d8b12000 rw-p 00009000 08:01 5771441                    /lib/x86_64-linux-gnu/libnss_compat-2.19.so
7f75d8b12000-7f75d8b3c000 r-xp 00000000 08:01 4069157                    /usr/lib/jvm/java-8-oracle/jre/lib/amd64/libjava.so
7f75d8b3c000-7f75d8d3c000 ---p 0002a000 08:01 4069157                    /usr/lib/jvm/java-8-oracle/jre/lib/amd64/libjava.so
7f75d8d3c000-7f75d8d3e000 rw-p 0002a000 08:01 4069157                    /usr/lib/jvm/java-8-oracle/jre/lib/amd64/libjava.so
7f75d8d3e000-7f75d8d4b000 r-xp 00000000 08:01 4069118                    /usr/lib/jvm/java-8-oracle/jre/lib/amd64/libverify.so
7f75d8d4b000-7f75d8f4b000 ---p 0000d000 08:01 4069118                    /usr/lib/jvm/java-8-oracle/jre/lib/amd64/libverify.so
7f75d8f4b000-7f75d8f4d000 rw-p 0000d000 08:01 4069118                    /usr/lib/jvm/java-8-oracle/jre/lib/amd64/libverify.so
7f75d8f4d000-7f75d8f54000 r-xp 00000000 08:01 5771498                    /lib/x86_64-linux-gnu/librt-2.19.so
7f75d8f54000-7f75d9153000 ---p 00007000 08:01 5771498                    /lib/x86_64-linux-gnu/librt-2.19.so
7f75d9153000-7f75d9154000 r--p 00006000 08:01 5771498                    /lib/x86_64-linux-gnu/librt-2.19.so
7f75d9154000-7f75d9155000 rw-p 00007000 08:01 5771498                    /lib/x86_64-linux-gnu/librt-2.19.so
7f75d9155000-7f75d925a000 r-xp 00000000 08:01 5771420                    /lib/x86_64-linux-gnu/libm-2.19.so
7f75d925a000-7f75d9459000 ---p 00105000 08:01 5771420                    /lib/x86_64-linux-gnu/libm-2.19.so
7f75d9459000-7f75d945a000 r--p 00104000 08:01 5771420                    /lib/x86_64-linux-gnu/libm-2.19.so
7f75d945a000-7f75d945b000 rw-p 00105000 08:01 5771420                    /lib/x86_64-linux-gnu/libm-2.19.so
7f75d945b000-7f75da119000 r-xp 00000000 08:01 4069167                    /usr/lib/jvm/java-8-oracle/jre/lib/amd64/server/libjvm.so
7f75da119000-7f75da318000 ---p 00cbe000 08:01 4069167                    /usr/lib/jvm/java-8-oracle/jre/lib/amd64/server/libjvm.so
7f75da318000-7f75da3f1000 rw-p 00cbd000 08:01 4069167                    /usr/lib/jvm/java-8-oracle/jre/lib/amd64/server/libjvm.so
7f75da3f1000-7f75da435000 rw-p 00000000 00:00 0 
7f75da435000-7f75da5f0000 r-xp 00000000 08:01 5771370                    /lib/x86_64-linux-gnu/libc-2.19.so
7f75da5f0000-7f75da7ef000 ---p 001bb000 08:01 5771370                    /lib/x86_64-linux-gnu/libc-2.19.so
7f75da7ef000-7f75da7f3000 r--p 001ba000 08:01 5771370                    /lib/x86_64-linux-gnu/libc-2.19.so
7f75da7f3000-7f75da7f5000 rw-p 001be000 08:01 5771370                    /lib/x86_64-linux-gnu/libc-2.19.so
7f75da7f5000-7f75da7fa000 rw-p 00000000 00:00 0 
7f75da7fa000-7f75da7fd000 r-xp 00000000 08:01 5771387                    /lib/x86_64-linux-gnu/libdl-2.19.so
7f75da7fd000-7f75da9fc000 ---p 00003000 08:01 5771387                    /lib/x86_64-linux-gnu/libdl-2.19.so
7f75da9fc000-7f75da9fd000 r--p 00002000 08:01 5771387                    /lib/x86_64-linux-gnu/libdl-2.19.so
7f75da9fd000-7f75da9fe000 rw-p 00003000 08:01 5771387                    /lib/x86_64-linux-gnu/libdl-2.19.so
7f75da9fe000-7f75daa13000 r-xp 00000000 08:01 4727160                    /usr/lib/jvm/java-8-oracle/lib/amd64/jli/libjli.so
7f75daa13000-7f75dac13000 ---p 00015000 08:01 4727160                    /usr/lib/jvm/java-8-oracle/lib/amd64/jli/libjli.so
7f75dac13000-7f75dac14000 rw-p 00015000 08:01 4727160                    /usr/lib/jvm/java-8-oracle/lib/amd64/jli/libjli.so
7f75dac14000-7f75dac2d000 r-xp 00000000 08:01 5771490                    /lib/x86_64-linux-gnu/libpthread-2.19.so
7f75dac2d000-7f75dae2c000 ---p 00019000 08:01 5771490                    /lib/x86_64-linux-gnu/libpthread-2.19.so
7f75dae2c000-7f75dae2d000 r--p 00018000 08:01 5771490                    /lib/x86_64-linux-gnu/libpthread-2.19.so
7f75dae2d000-7f75dae2e000 rw-p 00019000 08:01 5771490                    /lib/x86_64-linux-gnu/libpthread-2.19.so
7f75dae2e000-7f75dae32000 rw-p 00000000 00:00 0 
7f75dae32000-7f75dae55000 r-xp 00000000 08:01 5771346                    /lib/x86_64-linux-gnu/ld-2.19.so
7f75dae5b000-7f75dae62000 r--s 00000000 08:01 1967077                    /usr/lib/x86_64-linux-gnu/gconv/gconv-modules.cache
7f75dae62000-7f75daf2e000 rw-p 00000000 00:00 0 
7f75daf2e000-7f75daf31000 ---p 00000000 00:00 0 
7f75daf31000-7f75db033000 rw-p 00000000 00:00 0                          [stack:7116]
7f75db038000-7f75db039000 rw-p 00000000 00:00 0 
7f75db039000-7f75db048000 r--s 000df000 08:01 10635452                   /home/tomasz/Android/Sdk/build-tools/23.0.2/lib/dx.jar
7f75db048000-7f75db050000 rw-s 00000000 08:01 6949362                    /tmp/hsperfdata_tomasz/7112
7f75db050000-7f75db051000 rw-p 00000000 00:00 0 
7f75db051000-7f75db052000 ---p 00000000 00:00 0 
7f75db052000-7f75db054000 rw-p 00000000 00:00 0 
7f75db054000-7f75db055000 r--p 00022000 08:01 5771346                    /lib/x86_64-linux-gnu/ld-2.19.so
7f75db055000-7f75db056000 rw-p 00023000 08:01 5771346                    /lib/x86_64-linux-gnu/ld-2.19.so
7f75db056000-7f75db057000 rw-p 00000000 00:00 0 
7fff7af45000-7fff7af66000 rw-p 00000000 00:00 0                          [stack]
7fff7af75000-7fff7af77000 r--p 00000000 00:00 0                          [vvar]
7fff7af77000-7fff7af79000 r-xp 00000000 00:00 0                          [vdso]
ffffffffff600000-ffffffffff601000 r-xp 00000000 00:00 0                  [vsyscall]

VM Arguments:
jvm_args: -Djava.awt.headless=true -Xmx2g -Dfile.encoding=UTF-8 -Duser.country=PL -Duser.language=pl -Duser.variant 
java_command: com.android.dx.command.Main --dex --num-threads=4 --multi-dex --main-dex-list /home/tomasz/AndroidStudioProjects/ITAssistant/app/build/intermediates/multi-dex/debug/maindexlist.txt --output /home/tomasz/AndroidStudioProjects/ITAssistant/app/build/intermediates/transforms/dex/debug/folders/1000/1f/main /home/tomasz/AndroidStudioProjects/ITAssistant/app/build/intermediates/transforms/jarMerging/debug/jars/1/1f/combined.jar
java_class_path (initial): /home/tomasz/Android/Sdk/build-tools/23.0.2/lib/dx.jar
Launcher Type: SUN_STANDARD

Environment Variables:
PATH=/usr/local/sbin:/usr/local/bin:/usr/sbin:/usr/bin:/sbin:/bin:/usr/games:/usr/local/games
LD_LIBRARY_PATH=.:
SHELL=/bin/bash
DISPLAY=:0

Signal Handlers:
SIGSEGV: [libjvm.so+0xaba2a0], sa_mask[0]=11111111011111111101111111111110, sa_flags=SA_RESTART|SA_SIGINFO
SIGBUS: [libjvm.so+0xaba2a0], sa_mask[0]=11111111011111111101111111111110, sa_flags=SA_RESTART|SA_SIGINFO
SIGFPE: [libjvm.so+0x917710], sa_mask[0]=11111111011111111101111111111110, sa_flags=SA_RESTART|SA_SIGINFO
SIGPIPE: [libjvm.so+0x917710], sa_mask[0]=11111111011111111101111111111110, sa_flags=SA_RESTART|SA_SIGINFO
SIGXFSZ: [libjvm.so+0x917710], sa_mask[0]=11111111011111111101111111111110, sa_flags=SA_RESTART|SA_SIGINFO
SIGILL: [libjvm.so+0x917710], sa_mask[0]=11111111011111111101111111111110, sa_flags=SA_RESTART|SA_SIGINFO
SIGUSR1: SIG_DFL, sa_mask[0]=00000000000000000000000000000000, sa_flags=none
SIGUSR2: [libjvm.so+0x918d40], sa_mask[0]=00100000000000000000000000000000, sa_flags=SA_RESTART|SA_SIGINFO
SIGHUP: [libjvm.so+0x91a140], sa_mask[0]=11111111011111111101111111111110, sa_flags=SA_RESTART|SA_SIGINFO
SIGINT: [libjvm.so+0x91a140], sa_mask[0]=11111111011111111101111111111110, sa_flags=SA_RESTART|SA_SIGINFO
SIGTERM: [libjvm.so+0x91a140], sa_mask[0]=11111111011111111101111111111110, sa_flags=SA_RESTART|SA_SIGINFO
SIGQUIT: [libjvm.so+0x91a140], sa_mask[0]=11111111011111111101111111111110, sa_flags=SA_RESTART|SA_SIGINFO


---------------  S Y S T E M  ---------------

OS:DISTRIB_ID=Ubuntu
DISTRIB_RELEASE=14.04
DISTRIB_CODENAME=trusty
DISTRIB_DESCRIPTION="Ubuntu 14.04.3 LTS"

uname:Linux 3.19.0-41-generic #46~14.04.2-Ubuntu SMP Tue Dec 8 17:46:10 UTC 2015 x86_64
libc:glibc 2.19 NPTL 2.19 
rlimit: STACK 8192k, CORE 0k, NPROC 23202, NOFILE 4096, AS infinity
load average:3,86 2,39 2,22

/proc/meminfo:
MemTotal:        5961332 kB
MemFree:          131288 kB
MemAvailable:      94044 kB
Buffers:            5784 kB
Cached:           301700 kB
SwapCached:            0 kB
Active:          5380412 kB
Inactive:         283824 kB
Active(anon):    5359196 kB
Inactive(anon):   251196 kB
Active(file):      21216 kB
Inactive(file):    32628 kB
Unevictable:         712 kB
Mlocked:             712 kB
SwapTotal:             0 kB
SwapFree:              0 kB
Dirty:               272 kB
Writeback:             0 kB
AnonPages:       5357480 kB
Mapped:            66328 kB
Shmem:            253640 kB
Slab:              75284 kB
SReclaimable:      40592 kB
SUnreclaim:        34692 kB
KernelStack:        8784 kB
PageTables:        40724 kB
NFS_Unstable:          0 kB
Bounce:                0 kB
WritebackTmp:          0 kB
CommitLimit:     2980664 kB
Committed_AS:    8203564 kB
VmallocTotal:   34359738367 kB
VmallocUsed:      551796 kB
VmallocChunk:   34359168988 kB
HardwareCorrupted:     0 kB
AnonHugePages:   3239936 kB
CmaTotal:              0 kB
CmaFree:               0 kB
HugePages_Total:       0
HugePages_Free:        0
HugePages_Rsvd:        0
HugePages_Surp:        0
Hugepagesize:       2048 kB
DirectMap4k:      160000 kB
DirectMap2M:     5980160 kB


CPU:total 4 (2 cores per cpu, 2 threads per core) family 6 model 42 stepping 7, cmov, cx8, fxsr, mmx, sse, sse2, sse3, ssse3, sse4.1, sse4.2, popcnt, avx, aes, clmul, ht, tsc, tscinvbit

/proc/cpuinfo:
processor	: 0
vendor_id	: GenuineIntel
cpu family	: 6
model		: 42
model name	: Intel(R) Core(TM) i5-2450M CPU @ 2.50GHz
stepping	: 7
microcode	: 0x25
cpu MHz		: 2864.355
cache size	: 3072 KB
physical id	: 0
siblings	: 4
core id		: 0
cpu cores	: 2
apicid		: 0
initial apicid	: 0
fpu		: yes
fpu_exception	: yes
cpuid level	: 13
wp		: yes
flags		: fpu vme de pse tsc msr pae mce cx8 apic sep mtrr pge mca cmov pat pse36 clflush dts acpi mmx fxsr sse sse2 ss ht tm pbe syscall nx rdtscp lm constant_tsc arch_perfmon pebs bts rep_good nopl xtopology nonstop_tsc aperfmperf eagerfpu pni pclmulqdq dtes64 monitor ds_cpl vmx est tm2 ssse3 cx16 xtpr pdcm pcid sse4_1 sse4_2 x2apic popcnt tsc_deadline_timer aes xsave avx lahf_lm ida arat epb pln pts dtherm tpr_shadow vnmi flexpriority ept vpid xsaveopt
bugs		:
bogomips	: 4988.82
clflush size	: 64
cache_alignment	: 64
address sizes	: 36 bits physical, 48 bits virtual
power management:

processor	: 1
vendor_id	: GenuineIntel
cpu family	: 6
model		: 42
model name	: Intel(R) Core(TM) i5-2450M CPU @ 2.50GHz
stepping	: 7
microcode	: 0x25
cpu MHz		: 2899.902
cache size	: 3072 KB
physical id	: 0
siblings	: 4
core id		: 0
cpu cores	: 2
apicid		: 1
initial apicid	: 1
fpu		: yes
fpu_exception	: yes
cpuid level	: 13
wp		: yes
flags		: fpu vme de pse tsc msr pae mce cx8 apic sep mtrr pge mca cmov pat pse36 clflush dts acpi mmx fxsr sse sse2 ss ht tm pbe syscall nx rdtscp lm constant_tsc arch_perfmon pebs bts rep_good nopl xtopology nonstop_tsc aperfmperf eagerfpu pni pclmulqdq dtes64 monitor ds_cpl vmx est tm2 ssse3 cx16 xtpr pdcm pcid sse4_1 sse4_2 x2apic popcnt tsc_deadline_timer aes xsave avx lahf_lm ida arat epb pln pts dtherm tpr_shadow vnmi flexpriority ept vpid xsaveopt
bugs		:
bogomips	: 4988.82
clflush size	: 64
cache_alignment	: 64
address sizes	: 36 bits physical, 48 bits virtual
power management:

processor	: 2
vendor_id	: GenuineIntel
cpu family	: 6
model		: 42
model name	: Intel(R) Core(TM) i5-2450M CPU @ 2.50GHz
stepping	: 7
microcode	: 0x25
cpu MHz		: 3081.347
cache size	: 3072 KB
physical id	: 0
siblings	: 4
core id		: 1
cpu cores	: 2
apicid		: 2
initial apicid	: 2
fpu		: yes
fpu_exception	: yes
cpuid level	: 13
wp		: yes
flags		: fpu vme de pse tsc msr pae mce cx8 apic sep mtrr pge mca cmov pat pse36 clflush dts acpi mmx fxsr sse sse2 ss ht tm pbe syscall nx rdtscp lm constant_tsc arch_perfmon pebs bts rep_good nopl xtopology nonstop_tsc aperfmperf eagerfpu pni pclmulqdq dtes64 monitor ds_cpl vmx est tm2 ssse3 cx16 xtpr pdcm pcid sse4_1 sse4_2 x2apic popcnt tsc_deadline_timer aes xsave avx lahf_lm ida arat epb pln pts dtherm tpr_shadow vnmi flexpriority ept vpid xsaveopt
bugs		:
bogomips	: 4988.82
clflush size	: 64
cache_alignment	: 64
address sizes	: 36 bits physical, 48 bits virtual
power management:

processor	: 3
vendor_id	: GenuineIntel
cpu family	: 6
model		: 42
model name	: Intel(R) Core(TM) i5-2450M CPU @ 2.50GHz
stepping	: 7
microcode	: 0x25
cpu MHz		: 3095.214
cache size	: 3072 KB
physical id	: 0
siblings	: 4
core id		: 1
cpu cores	: 2
apicid		: 3
initial apicid	: 3
fpu		: yes
fpu_exception	: yes
cpuid level	: 13
wp		: yes
flags		: fpu vme de pse tsc msr pae mce cx8 apic sep mtrr pge mca cmov pat pse36 clflush dts acpi mmx fxsr sse sse2 ss ht tm pbe syscall nx rdtscp lm constant_tsc arch_perfmon pebs bts rep_good nopl xtopology nonstop_tsc aperfmperf eagerfpu pni pclmulqdq dtes64 monitor ds_cpl vmx est tm2 ssse3 cx16 xtpr pdcm pcid sse4_1 sse4_2 x2apic popcnt tsc_deadline_timer aes xsave avx lahf_lm ida arat epb pln pts dtherm tpr_shadow vnmi flexpriority ept vpid xsaveopt
bugs		:
bogomips	: 4988.82
clflush size	: 64
cache_alignment	: 64
address sizes	: 36 bits physical, 48 bits virtual
power management:



Memory: 4k page, physical 5961332k(131288k free), swap 0k(0k free)

vm_info: Java HotSpot(TM) 64-Bit Server VM (25.66-b17) for linux-amd64 JRE (1.8.0_66-b17), built on Oct  6 2015 17:28:34 by "java_re" with gcc 4.3.0 20080428 (Red Hat 4.3.0-8)

time: Sun Dec 20 19:22:56 2015
elapsed time: 31 seconds (0d 0h 0m 31s)

