#
# There is insufficient memory for the Java Runtime Environment to continue.
# Native memory allocation (mmap) failed to map 303562752 bytes for committing reserved memory.
# Possible reasons:
#   The system is out of physical RAM or swap space
#   In 32 bit mode, the process size limit was hit
# Possible solutions:
#   Reduce memory load on the system
#   Increase physical memory or swap space
#   Check if swap backing store is full
#   Use 64 bit Java on a 64 bit OS
#   Decrease Java heap size (-Xmx/-Xms)
#   Decrease number of Java threads
#   Decrease Java thread stack sizes (-Xss)
#   Set larger code cache with -XX:ReservedCodeCacheSize=
# This output file may be truncated or incomplete.
#
#  Out of Memory Error (os_linux.cpp:2627), pid=12010, tid=140621959948032
#
# JRE version: Java(TM) SE Runtime Environment (8.0_66-b17) (build 1.8.0_66-b17)
# Java VM: Java HotSpot(TM) 64-Bit Server VM (25.66-b17 mixed mode linux-amd64 compressed oops)
# Failed to write core dump. Core dumps have been disabled. To enable core dumping, try "ulimit -c unlimited" before starting Java again
#

---------------  T H R E A D  ---------------

Current thread (0x00007fe52c078000):  VMThread [stack: 0x00007fe519e86000,0x00007fe519f87000] [id=12019]

Stack: [0x00007fe519e86000,0x00007fe519f87000],  sp=0x00007fe519f85060,  free space=1020k
Native frames: (J=compiled Java code, j=interpreted, Vv=VM code, C=native code)
V  [libjvm.so+0xab9a1a]  VMError::report_and_die()+0x2ba
V  [libjvm.so+0x4f9e0b]  report_vm_out_of_memory(char const*, int, unsigned long, VMErrorType, char const*)+0x8b
V  [libjvm.so+0x91a8a3]  os::Linux::commit_memory_impl(char*, unsigned long, bool)+0x103
V  [libjvm.so+0x91adf9]  os::pd_commit_memory(char*, unsigned long, unsigned long, bool)+0x29
V  [libjvm.so+0x91510a]  os::commit_memory(char*, unsigned long, unsigned long, bool)+0x2a
V  [libjvm.so+0x9887a3]  PSVirtualSpace::expand_by(unsigned long)+0x53
V  [libjvm.so+0x979090]  PSOldGen::expand(unsigned long)+0x170
V  [libjvm.so+0x97929b]  PSOldGen::resize(unsigned long)+0x1cb
V  [libjvm.so+0x980f71]  PSParallelCompact::invoke_no_policy(bool)+0x991
V  [libjvm.so+0x9868cd]  PSScavenge::invoke()+0x1ad
V  [libjvm.so+0x93e500]  ParallelScavengeHeap::failed_mem_allocate(unsigned long)+0x70
V  [libjvm.so+0xabb437]  VM_ParallelGCFailedAllocation::doit()+0x97
V  [libjvm.so+0xac2e65]  VM_Operation::evaluate()+0x55
V  [libjvm.so+0xac123a]  VMThread::evaluate_operation(VM_Operation*)+0xba
V  [libjvm.so+0xac15be]  VMThread::loop()+0x1ce
V  [libjvm.so+0xac1a30]  VMThread::run()+0x70
V  [libjvm.so+0x91cc68]  java_start(Thread*)+0x108

VM_Operation (0x00007fe518a82cb0): ParallelGCFailedAllocation, mode: safepoint, requested by thread 0x00007fe52c1b6000


---------------  P R O C E S S  ---------------

Java Threads: ( => current thread )
  0x00007fe52c2d6800 JavaThread "pool-1-thread-1" [_thread_blocked, id=12113, stack(0x00007fe518782000,0x00007fe518883000)]
  0x00007fe52c1b7800 JavaThread "pool-2-thread-4" [_thread_blocked, id=12032, stack(0x00007fe518883000,0x00007fe518984000)]
  0x00007fe52c1b6000 JavaThread "pool-2-thread-3" [_thread_blocked, id=12031, stack(0x00007fe518984000,0x00007fe518a85000)]
  0x00007fe52c1b4000 JavaThread "pool-2-thread-2" [_thread_blocked, id=12030, stack(0x00007fe518a85000,0x00007fe518b86000)]
  0x00007fe52c1b3000 JavaThread "pool-3-thread-1" [_thread_blocked, id=12029, stack(0x00007fe518b86000,0x00007fe518c87000)]
  0x00007fe52c1b0800 JavaThread "pool-2-thread-1" [_thread_blocked, id=12028, stack(0x00007fe518c87000,0x00007fe518d88000)]
  0x00007fe52c0ca800 JavaThread "Service Thread" daemon [_thread_blocked, id=12026, stack(0x00007fe518f6c000,0x00007fe51906d000)]
  0x00007fe52c0bd800 JavaThread "C1 CompilerThread2" daemon [_thread_blocked, id=12025, stack(0x00007fe51906d000,0x00007fe51916e000)]
  0x00007fe52c0bb800 JavaThread "C2 CompilerThread1" daemon [_thread_blocked, id=12024, stack(0x00007fe51916e000,0x00007fe51926f000)]
  0x00007fe52c0b8800 JavaThread "C2 CompilerThread0" daemon [_thread_blocked, id=12023, stack(0x00007fe51926f000,0x00007fe519370000)]
  0x00007fe52c0b7800 JavaThread "Signal Dispatcher" daemon [_thread_blocked, id=12022, stack(0x00007fe519370000,0x00007fe519471000)]
  0x00007fe52c07f000 JavaThread "Finalizer" daemon [_thread_blocked, id=12021, stack(0x00007fe519c84000,0x00007fe519d85000)]
  0x00007fe52c07d000 JavaThread "Reference Handler" daemon [_thread_blocked, id=12020, stack(0x00007fe519d85000,0x00007fe519e86000)]
  0x00007fe52c00a000 JavaThread "main" [_thread_blocked, id=12014, stack(0x00007fe532aa4000,0x00007fe532ba5000)]

Other Threads:
=>0x00007fe52c078000 VMThread [stack: 0x00007fe519e86000,0x00007fe519f87000] [id=12019]
  0x00007fe52c0cd800 WatcherThread [stack: 0x00007fe518e6b000,0x00007fe518f6c000] [id=12027]

VM state:at safepoint (normal execution)

VM Mutex/Monitor currently owned by a thread:  ([mutex/lock_event])
[0x00007fe52c005ef0] ExpandHeap_lock - owner thread: 0x00007fe52c078000
[0x00007fe52c006570] Threads_lock - owner thread: 0x00007fe52c078000
[0x00007fe52c006a70] Heap_lock - owner thread: 0x00007fe52c1b6000

Heap:
 PSYoungGen      total 465920K, used 8186K [0x00000000d5580000, 0x0000000100000000, 0x0000000100000000)
  eden space 232960K, 0% used [0x00000000d5580000,0x00000000d5580000,0x00000000e3900000)
  from space 232960K, 3% used [0x00000000e3900000,0x00000000e40fea80,0x00000000f1c80000)
  to   space 232960K, 0% used [0x00000000f1c80000,0x00000000f1c80000,0x0000000100000000)
 ParOldGen       total 830976K, used 830834K [0x0000000080000000, 0x00000000b2b80000, 0x00000000d5580000)
  object space 830976K, 99% used [0x0000000080000000,0x00000000b2b5ca20,0x00000000b2b80000)
 Metaspace       used 6710K, capacity 7384K, committed 7680K, reserved 1056768K
  class space    used 622K, capacity 656K, committed 768K, reserved 1048576K

Card table byte_map: [0x00007fe51c418000,0x00007fe51c819000] byte_map_base: 0x00007fe51c018000

Marking Bits: (ParMarkBitMap*) 0x00007fe531f7e020
 Begin Bits: [0x00007fe510000000, 0x00007fe512000000)
 End Bits:   [0x00007fe512000000, 0x00007fe514000000)

Polling page: 0x00007fe532bc5000

CodeCache: size=245760Kb used=12918Kb max_used=13232Kb free=232841Kb
 bounds [0x00007fe51cbd9000, 0x00007fe51d949000, 0x00007fe52bbd9000]
 total_blobs=2766 nmethods=2497 adapters=182
 compilation: enabled

Compilation events (10 events):
Event: 66,592 Thread 0x00007fe52c0bd800 3233 %     3       com.android.dx.util.Bits::bitCount @ 7 (29 bytes)
Event: 66,593 Thread 0x00007fe52c0bd800 nmethod 3233% 0x00007fe51d094b10 code [0x00007fe51d094ca0, 0x00007fe51d094f68]
Event: 66,599 Thread 0x00007fe52c0bd800 3234 %     3       com.android.dx.ssa.back.FirstFitLocalCombiningAllocator::fitPlanForRange @ 52 (250 bytes)
Event: 66,605 Thread 0x00007fe52c0bd800 nmethod 3234% 0x00007fe51d316cd0 code [0x00007fe51d317080, 0x00007fe51d319628]
Event: 66,605 Thread 0x00007fe52c0bd800 3235       3       com.android.dx.ssa.back.FirstFitLocalCombiningAllocator::fitPlanForRange (250 bytes)
Event: 66,610 Thread 0x00007fe52c0bd800 nmethod 3235 0x00007fe51d3de110 code [0x00007fe51d3de4c0, 0x00007fe51d3e0808]
Event: 66,616 Thread 0x00007fe52c0bd800 3236       3       com.android.dx.ssa.back.FirstFitLocalCombiningAllocator::findRangeAndAdjust (311 bytes)
Event: 66,620 Thread 0x00007fe52c0bd800 nmethod 3236 0x00007fe51ce2aa50 code [0x00007fe51ce2ad80, 0x00007fe51ce2ca78]
Event: 66,627 Thread 0x00007fe52c0bd800 3237       3       com.android.dx.util.BitIntSet::elements (8 bytes)
Event: 66,627 Thread 0x00007fe52c0bd800 nmethod 3237 0x00007fe51d316710 code [0x00007fe51d3168a0, 0x00007fe51d316b68]

GC Heap History (10 events):
Event: 60,719 GC heap after
Heap after GC invocations=28 (full 5):
 PSYoungGen      total 308736K, used 75637K [0x00000000d5580000, 0x00000000fe800000, 0x0000000100000000)
  eden space 232960K, 0% used [0x00000000d5580000,0x00000000d5580000,0x00000000e3900000)
  from space 75776K, 99% used [0x00000000e3900000,0x00000000e82dd6f0,0x00000000e8300000)
  to   space 214528K, 0% used [0x00000000f1680000,0x00000000f1680000,0x00000000fe800000)
 ParOldGen       total 830976K, used 678138K [0x0000000080000000, 0x00000000b2b80000, 0x00000000d5580000)
  object space 830976K, 81% used [0x0000000080000000,0x00000000a963ebf0,0x00000000b2b80000)
 Metaspace       used 6602K, capacity 7320K, committed 7680K, reserved 1056768K
  class space    used 616K, capacity 656K, committed 768K, reserved 1048576K
}
Event: 61,815 GC heap before
{Heap before GC invocations=29 (full 5):
 PSYoungGen      total 308736K, used 308597K [0x00000000d5580000, 0x00000000fe800000, 0x0000000100000000)
  eden space 232960K, 100% used [0x00000000d5580000,0x00000000e3900000,0x00000000e3900000)
  from space 75776K, 99% used [0x00000000e3900000,0x00000000e82dd6f0,0x00000000e8300000)
  to   space 214528K, 0% used [0x00000000f1680000,0x00000000f1680000,0x00000000fe800000)
 ParOldGen       total 830976K, used 678138K [0x0000000080000000, 0x00000000b2b80000, 0x00000000d5580000)
  object space 830976K, 81% used [0x0000000080000000,0x00000000a963ebf0,0x00000000b2b80000)
 Metaspace       used 6602K, capacity 7320K, committed 7680K, reserved 1056768K
  class space    used 616K, capacity 656K, committed 768K, reserved 1048576K
Event: 62,105 GC heap after
Heap after GC invocations=29 (full 5):
 PSYoungGen      total 460800K, used 113441K [0x00000000d5580000, 0x00000000ffb00000, 0x0000000100000000)
  eden space 246272K, 0% used [0x00000000d5580000,0x00000000d5580000,0x00000000e4600000)
  from space 214528K, 52% used [0x00000000f1680000,0x00000000f85487c8,0x00000000fe800000)
  to   space 213504K, 0% used [0x00000000e4600000,0x00000000e4600000,0x00000000f1680000)
 ParOldGen       total 830976K, used 678138K [0x0000000080000000, 0x00000000b2b80000, 0x00000000d5580000)
  object space 830976K, 81% used [0x0000000080000000,0x00000000a963ebf0,0x00000000b2b80000)
 Metaspace       used 6602K, capacity 7320K, committed 7680K, reserved 1056768K
  class space    used 616K, capacity 656K, committed 768K, reserved 1048576K
}
Event: 63,566 GC heap before
{Heap before GC invocations=30 (full 5):
 PSYoungGen      total 460800K, used 359713K [0x00000000d5580000, 0x00000000ffb00000, 0x0000000100000000)
  eden space 246272K, 100% used [0x00000000d5580000,0x00000000e4600000,0x00000000e4600000)
  from space 214528K, 52% used [0x00000000f1680000,0x00000000f85487c8,0x00000000fe800000)
  to   space 213504K, 0% used [0x00000000e4600000,0x00000000e4600000,0x00000000f1680000)
 ParOldGen       total 830976K, used 678138K [0x0000000080000000, 0x00000000b2b80000, 0x00000000d5580000)
  object space 830976K, 81% used [0x0000000080000000,0x00000000a963ebf0,0x00000000b2b80000)
 Metaspace       used 6681K, capacity 7384K, committed 7680K, reserved 1056768K
  class space    used 620K, capacity 656K, committed 768K, reserved 1048576K
Event: 63,928 GC heap after
Heap after GC invocations=30 (full 5):
 PSYoungGen      total 459776K, used 149656K [0x00000000d5580000, 0x0000000100000000, 0x0000000100000000)
  eden space 246272K, 0% used [0x00000000d5580000,0x00000000d5580000,0x00000000e4600000)
  from space 213504K, 70% used [0x00000000e4600000,0x00000000ed8261f8,0x00000000f1680000)
  to   space 225280K, 0% used [0x00000000f2400000,0x00000000f2400000,0x0000000100000000)
 ParOldGen       total 830976K, used 678138K [0x0000000080000000, 0x00000000b2b80000, 0x00000000d5580000)
  object space 830976K, 81% used [0x0000000080000000,0x00000000a963ebf0,0x00000000b2b80000)
 Metaspace       used 6681K, capacity 7384K, committed 7680K, reserved 1056768K
  class space    used 620K, capacity 656K, committed 768K, reserved 1048576K
}
Event: 65,290 GC heap before
{Heap before GC invocations=31 (full 5):
 PSYoungGen      total 459776K, used 395928K [0x00000000d5580000, 0x0000000100000000, 0x0000000100000000)
  eden space 246272K, 100% used [0x00000000d5580000,0x00000000e4600000,0x00000000e4600000)
  from space 213504K, 70% used [0x00000000e4600000,0x00000000ed8261f8,0x00000000f1680000)
  to   space 225280K, 0% used [0x00000000f2400000,0x00000000f2400000,0x0000000100000000)
 ParOldGen       total 830976K, used 678138K [0x0000000080000000, 0x00000000b2b80000, 0x00000000d5580000)
  object space 830976K, 81% used [0x0000000080000000,0x00000000a963ebf0,0x00000000b2b80000)
 Metaspace       used 6710K, capacity 7384K, committed 7680K, reserved 1056768K
  class space    used 622K, capacity 656K, committed 768K, reserved 1048576K
Event: 65,719 GC heap after
Heap after GC invocations=31 (full 5):
 PSYoungGen      total 458240K, used 191488K [0x00000000d5580000, 0x0000000100000000, 0x0000000100000000)
  eden space 232960K, 0% used [0x00000000d5580000,0x00000000d5580000,0x00000000e3900000)
  from space 225280K, 85% used [0x00000000f2400000,0x00000000fdf003e0,0x0000000100000000)
  to   space 232960K, 0% used [0x00000000e3900000,0x00000000e3900000,0x00000000f1c80000)
 ParOldGen       total 830976K, used 678138K [0x0000000080000000, 0x00000000b2b80000, 0x00000000d5580000)
  object space 830976K, 81% used [0x0000000080000000,0x00000000a963ebf0,0x00000000b2b80000)
 Metaspace       used 6710K, capacity 7384K, committed 7680K, reserved 1056768K
  class space    used 622K, capacity 656K, committed 768K, reserved 1048576K
}
Event: 66,747 GC heap before
{Heap before GC invocations=32 (full 5):
 PSYoungGen      total 458240K, used 424448K [0x00000000d5580000, 0x0000000100000000, 0x0000000100000000)
  eden space 232960K, 100% used [0x00000000d5580000,0x00000000e3900000,0x00000000e3900000)
  from space 225280K, 85% used [0x00000000f2400000,0x00000000fdf003e0,0x0000000100000000)
  to   space 232960K, 0% used [0x00000000e3900000,0x00000000e3900000,0x00000000f1c80000)
 ParOldGen       total 830976K, used 678138K [0x0000000080000000, 0x00000000b2b80000, 0x00000000d5580000)
  object space 830976K, 81% used [0x0000000080000000,0x00000000a963ebf0,0x00000000b2b80000)
 Metaspace       used 6710K, capacity 7384K, committed 7680K, reserved 1056768K
  class space    used 622K, capacity 656K, committed 768K, reserved 1048576K
Event: 67,240 GC heap after
Heap after GC invocations=32 (full 5):
 PSYoungGen      total 465920K, used 154303K [0x00000000d5580000, 0x0000000100000000, 0x0000000100000000)
  eden space 232960K, 0% used [0x00000000d5580000,0x00000000d5580000,0x00000000e3900000)
  from space 232960K, 66% used [0x00000000e3900000,0x00000000ecfaff48,0x00000000f1c80000)
  to   space 232960K, 0% used [0x00000000f1c80000,0x00000000f1c80000,0x0000000100000000)
 ParOldGen       total 830976K, used 750189K [0x0000000080000000, 0x00000000b2b80000, 0x00000000d5580000)
  object space 830976K, 90% used [0x0000000080000000,0x00000000adc9b5d8,0x00000000b2b80000)
 Metaspace       used 6710K, capacity 7384K, committed 7680K, reserved 1056768K
  class space    used 622K, capacity 656K, committed 768K, reserved 1048576K
}
Event: 67,240 GC heap before
{Heap before GC invocations=33 (full 6):
 PSYoungGen      total 465920K, used 154303K [0x00000000d5580000, 0x0000000100000000, 0x0000000100000000)
  eden space 232960K, 0% used [0x00000000d5580000,0x00000000d5580000,0x00000000e3900000)
  from space 232960K, 66% used [0x00000000e3900000,0x00000000ecfaff48,0x00000000f1c80000)
  to   space 232960K, 0% used [0x00000000f1c80000,0x00000000f1c80000,0x0000000100000000)
 ParOldGen       total 830976K, used 750189K [0x0000000080000000, 0x00000000b2b80000, 0x00000000d5580000)
  object space 830976K, 90% used [0x0000000080000000,0x00000000adc9b5d8,0x00000000b2b80000)
 Metaspace       used 6710K, capacity 7384K, committed 7680K, reserved 1056768K
  class space    used 622K, capacity 656K, committed 768K, reserved 1048576K

Deoptimization events (10 events):
Event: 62,234 Thread 0x00007fe52c1b4000 Uncommon trap: reason=bimorphic action=maybe_recompile pc=0x00007fe51d3e8298 method=com.android.dx.cf.code.BytecodeArray.parseInstruction(ILcom/android/dx/cf/code/BytecodeArray$Visitor;)I @ 1327
Event: 62,234 Thread 0x00007fe52c1b4000 Uncommon trap: reason=bimorphic action=maybe_recompile pc=0x00007fe51d3e8298 method=com.android.dx.cf.code.BytecodeArray.parseInstruction(ILcom/android/dx/cf/code/BytecodeArray$Visitor;)I @ 1327
Event: 62,768 Thread 0x00007fe52c2d6800 Uncommon trap: reason=class_check action=maybe_recompile pc=0x00007fe51cce52bc method=java.util.Arrays.hashCode([Ljava/lang/Object;)I @ 43
Event: 62,768 Thread 0x00007fe52c2d6800 Uncommon trap: reason=class_check action=maybe_recompile pc=0x00007fe51cce52bc method=java.util.Arrays.hashCode([Ljava/lang/Object;)I @ 43
Event: 62,768 Thread 0x00007fe52c2d6800 Uncommon trap: reason=class_check action=maybe_recompile pc=0x00007fe51cce52bc method=java.util.Arrays.hashCode([Ljava/lang/Object;)I @ 43
Event: 62,768 Thread 0x00007fe52c2d6800 Uncommon trap: reason=class_check action=maybe_recompile pc=0x00007fe51cce52bc method=java.util.Arrays.hashCode([Ljava/lang/Object;)I @ 43
Event: 62,769 Thread 0x00007fe52c2d6800 Uncommon trap: reason=class_check action=maybe_recompile pc=0x00007fe51d443c74 method=java.util.Arrays.hashCode([Ljava/lang/Object;)I @ 43
Event: 64,323 Thread 0x00007fe52c1b6000 Uncommon trap: reason=unstable_if action=reinterpret pc=0x00007fe51cd7b564 method=com.android.dx.rop.code.RegisterSpec.equals(ILcom/android/dx/rop/type/TypeBearer;Lcom/android/dx/rop/code/LocalItem;)Z @ 31
Event: 64,323 Thread 0x00007fe52c1b6000 Uncommon trap: reason=unstable_if action=reinterpret pc=0x00007fe51d04fa60 method=com.android.dx.rop.code.RegisterSpec.equals(ILcom/android/dx/rop/type/TypeBearer;Lcom/android/dx/rop/code/LocalItem;)Z @ 31
Event: 64,698 Thread 0x00007fe52c00a000 Uncommon trap: reason=unstable_if action=reinterpret pc=0x00007fe51cd22460 method=java.util.HashMap.resize()[Ljava/util/HashMap$Node; @ 206

Internal exceptions (10 events):
Event: 0,036 Thread 0x00007fe52c00a000 Exception <a 'java/lang/NoSuchMethodError': Method sun.misc.Unsafe.defineClass(Ljava/lang/String;[BII)Ljava/lang/Class; name or signature does not match> (0x00000000d5592b98) thrown at [/HUDSON/workspace/8-2-build-linux-amd64/jdk8u66/4988/hotspot/src/shar
Event: 0,036 Thread 0x00007fe52c00a000 Exception <a 'java/lang/NoSuchMethodError': Method sun.misc.Unsafe.prefetchRead(Ljava/lang/Object;J)V name or signature does not match> (0x00000000d5592e80) thrown at [/HUDSON/workspace/8-2-build-linux-amd64/jdk8u66/4988/hotspot/src/share/vm/prims/jni.cpp
Event: 2,172 Thread 0x00007fe52c1b4000 Exception <a 'java/lang/ArrayIndexOutOfBoundsException': 18> (0x00000000da9ca258) thrown at [/HUDSON/workspace/8-2-build-linux-amd64/jdk8u66/4988/hotspot/src/share/vm/interpreter/interpreterRuntime.cpp, line 366]
Event: 2,172 Thread 0x00007fe52c1b4000 Exception <a 'java/lang/ArrayIndexOutOfBoundsException': 145> (0x00000000da9cbdd8) thrown at [/HUDSON/workspace/8-2-build-linux-amd64/jdk8u66/4988/hotspot/src/share/vm/interpreter/interpreterRuntime.cpp, line 366]
Event: 2,174 Thread 0x00007fe52c1b4000 Exception <a 'java/lang/ArrayIndexOutOfBoundsException': 40> (0x00000000da9cd0c0) thrown at [/HUDSON/workspace/8-2-build-linux-amd64/jdk8u66/4988/hotspot/src/share/vm/interpreter/interpreterRuntime.cpp, line 366]
Event: 2,396 Thread 0x00007fe52c00a000 Implicit null exception at 0x00007fe51d059ce7 to 0x00007fe51d05e829
Event: 17,524 Thread 0x00007fe52c00a000 Implicit null exception at 0x00007fe51d18cb84 to 0x00007fe51d18f7e1
Event: 60,076 Thread 0x00007fe52c1b6000 Implicit null exception at 0x00007fe51d884951 to 0x00007fe51d88677f
Event: 64,323 Thread 0x00007fe52c1b6000 Implicit null exception at 0x00007fe51cd7b173 to 0x00007fe51cd7b539
Event: 64,323 Thread 0x00007fe52c1b6000 Implicit null exception at 0x00007fe51d04f6e3 to 0x00007fe51d04fa15

Events (10 events):
Event: 66,464 Thread 0x00007fe52c1b0800 DEOPT UNPACKING pc=0x00007fe51cc20633 sp=0x00007fe518d858f0 mode 0
Event: 66,593 Thread 0x00007fe52c00a000 DEOPT PACKING pc=0x00007fe51d5e40a8 sp=0x00007fe532ba2280
Event: 66,593 Thread 0x00007fe52c00a000 DEOPT UNPACKING pc=0x00007fe51cc20633 sp=0x00007fe532ba1f78 mode 0
Event: 66,610 Thread 0x00007fe52c00a000 DEOPT PACKING pc=0x00007fe51d3d20ad sp=0x00007fe532ba23d0
Event: 66,610 Thread 0x00007fe52c00a000 DEOPT UNPACKING pc=0x00007fe51cc20633 sp=0x00007fe532ba2198 mode 0
Event: 66,620 Thread 0x00007fe52c00a000 DEOPT PACKING pc=0x00007fe51d378b6b sp=0x00007fe532ba25a0
Event: 66,620 Thread 0x00007fe52c00a000 DEOPT UNPACKING pc=0x00007fe51cc20633 sp=0x00007fe532ba2320 mode 0
Event: 66,622 Thread 0x00007fe52c00a000 DEOPT PACKING pc=0x00007fe51d5e40a8 sp=0x00007fe532ba2270
Event: 66,622 Thread 0x00007fe52c00a000 DEOPT UNPACKING pc=0x00007fe51cc20633 sp=0x00007fe532ba1f68 mode 0
Event: 66,747 Executing VM operation: ParallelGCFailedAllocation


Dynamic libraries:
00400000-00401000 r-xp 00000000 08:01 4591374                            /usr/lib/jvm/java-8-oracle/bin/java
00600000-00601000 rw-p 00000000 08:01 4591374                            /usr/lib/jvm/java-8-oracle/bin/java
022c2000-022e3000 rw-p 00000000 00:00 0                                  [heap]
80000000-b2b80000 rw-p 00000000 00:00 0 
c4d00000-d5580000 ---p 00000000 00:00 0 
d5580000-100000000 rw-p 00000000 00:00 0 
100000000-1000c0000 rw-p 00000000 00:00 0 
1000c0000-140000000 ---p 00000000 00:00 0 
7fe4c4000000-7fe4c4029000 rw-p 00000000 00:00 0 
7fe4c4029000-7fe4c8000000 ---p 00000000 00:00 0 
7fe4c8000000-7fe4c8021000 rw-p 00000000 00:00 0 
7fe4c8021000-7fe4cc000000 ---p 00000000 00:00 0 
7fe4cc000000-7fe4cc041000 rw-p 00000000 00:00 0 
7fe4cc041000-7fe4d0000000 ---p 00000000 00:00 0 
7fe4d0000000-7fe4d0021000 rw-p 00000000 00:00 0 
7fe4d0021000-7fe4d4000000 ---p 00000000 00:00 0 
7fe4d4000000-7fe4d4028000 rw-p 00000000 00:00 0 
7fe4d4028000-7fe4d8000000 ---p 00000000 00:00 0 
7fe4d8000000-7fe4d8021000 rw-p 00000000 00:00 0 
7fe4d8021000-7fe4dc000000 ---p 00000000 00:00 0 
7fe4dc000000-7fe4dc021000 rw-p 00000000 00:00 0 
7fe4dc021000-7fe4e0000000 ---p 00000000 00:00 0 
7fe4e0000000-7fe4e0021000 rw-p 00000000 00:00 0 
7fe4e0021000-7fe4e4000000 ---p 00000000 00:00 0 
7fe4e4000000-7fe4e65a6000 rw-p 00000000 00:00 0 
7fe4e65a6000-7fe4e8000000 ---p 00000000 00:00 0 
7fe4e8000000-7fe4e8d29000 rw-p 00000000 00:00 0 
7fe4e8d29000-7fe4ec000000 ---p 00000000 00:00 0 
7fe4ec000000-7fe4ec021000 rw-p 00000000 00:00 0 
7fe4ec021000-7fe4f0000000 ---p 00000000 00:00 0 
7fe4f0000000-7fe4f1848000 rw-p 00000000 00:00 0 
7fe4f1848000-7fe4f4000000 ---p 00000000 00:00 0 
7fe4f4000000-7fe4f4021000 rw-p 00000000 00:00 0 
7fe4f4021000-7fe4f8000000 ---p 00000000 00:00 0 
7fe4f8000000-7fe4f8021000 rw-p 00000000 00:00 0 
7fe4f8021000-7fe4fc000000 ---p 00000000 00:00 0 
7fe4fc000000-7fe4fc021000 rw-p 00000000 00:00 0 
7fe4fc021000-7fe500000000 ---p 00000000 00:00 0 
7fe500000000-7fe5002a0000 rw-p 00000000 00:00 0 
7fe5002a0000-7fe504000000 ---p 00000000 00:00 0 
7fe504000000-7fe504021000 rw-p 00000000 00:00 0 
7fe504021000-7fe508000000 ---p 00000000 00:00 0 
7fe50c000000-7fe50c021000 rw-p 00000000 00:00 0 
7fe50c021000-7fe510000000 ---p 00000000 00:00 0 
7fe510000000-7fe514000000 rw-p 00000000 00:00 0 
7fe514000000-7fe514021000 rw-p 00000000 00:00 0 
7fe514021000-7fe518000000 ---p 00000000 00:00 0 
7fe51875d000-7fe518782000 r--p 00000000 08:01 2361987                    /usr/share/locale-langpack/pl/LC_MESSAGES/libc.mo
7fe518782000-7fe518785000 ---p 00000000 00:00 0 
7fe518785000-7fe518883000 rw-p 00000000 00:00 0                          [stack:12113]
7fe518883000-7fe518886000 ---p 00000000 00:00 0 
7fe518886000-7fe518984000 rw-p 00000000 00:00 0                          [stack:12032]
7fe518984000-7fe518987000 ---p 00000000 00:00 0 
7fe518987000-7fe518a85000 rw-p 00000000 00:00 0                          [stack:12031]
7fe518a85000-7fe518a88000 ---p 00000000 00:00 0 
7fe518a88000-7fe518b86000 rw-p 00000000 00:00 0                          [stack:12030]
7fe518b86000-7fe518b89000 ---p 00000000 00:00 0 
7fe518b89000-7fe518c87000 rw-p 00000000 00:00 0                          [stack:12029]
7fe518c87000-7fe518c8a000 ---p 00000000 00:00 0 
7fe518c8a000-7fe518d88000 rw-p 00000000 00:00 0                          [stack:12028]
7fe518d88000-7fe518e6b000 r--s 00bb1000 08:01 7343069                    /home/tomasz/AndroidStudioProjects/ITAssistant/app/build/intermediates/transforms/jarMerging/debug/jars/1/1f/combined.jar
7fe518e6b000-7fe518e6c000 ---p 00000000 00:00 0 
7fe518e6c000-7fe518f6c000 rw-p 00000000 00:00 0                          [stack:12027]
7fe518f6c000-7fe518f6f000 ---p 00000000 00:00 0 
7fe518f6f000-7fe51906d000 rw-p 00000000 00:00 0                          [stack:12026]
7fe51906d000-7fe519070000 ---p 00000000 00:00 0 
7fe519070000-7fe51916e000 rw-p 00000000 00:00 0                          [stack:12025]
7fe51916e000-7fe519171000 ---p 00000000 00:00 0 
7fe519171000-7fe51926f000 rw-p 00000000 00:00 0                          [stack:12024]
7fe51926f000-7fe519272000 ---p 00000000 00:00 0 
7fe519272000-7fe519370000 rw-p 00000000 00:00 0                          [stack:12023]
7fe519370000-7fe519373000 ---p 00000000 00:00 0 
7fe519373000-7fe519471000 rw-p 00000000 00:00 0                          [stack:12022]
7fe519471000-7fe519c84000 r--p 00000000 08:01 1579663                    /usr/lib/locale/locale-archive
7fe519c84000-7fe519c87000 ---p 00000000 00:00 0 
7fe519c87000-7fe519d85000 rw-p 00000000 00:00 0                          [stack:12021]
7fe519d85000-7fe519d88000 ---p 00000000 00:00 0 
7fe519d88000-7fe519e86000 rw-p 00000000 00:00 0                          [stack:12020]
7fe519e86000-7fe519e87000 ---p 00000000 00:00 0 
7fe519e87000-7fe51af1a000 rw-p 00000000 00:00 0                          [stack:12019]
7fe51af1a000-7fe51b0f3000 r--s 03d20000 08:01 4069182                    /usr/lib/jvm/java-8-oracle/jre/lib/rt.jar
7fe51b0f3000-7fe51b829000 rw-p 00000000 00:00 0 
7fe51b829000-7fe51b969000 ---p 00000000 00:00 0 
7fe51b969000-7fe51bd69000 rw-p 00000000 00:00 0 
7fe51bd69000-7fe51bd6a000 ---p 00000000 00:00 0 
7fe51bd6a000-7fe51be6a000 rw-p 00000000 00:00 0                          [stack:12018]
7fe51be6a000-7fe51be6b000 ---p 00000000 00:00 0 
7fe51be6b000-7fe51bf6b000 rw-p 00000000 00:00 0                          [stack:12017]
7fe51bf6b000-7fe51bf6c000 ---p 00000000 00:00 0 
7fe51bf6c000-7fe51c06c000 rw-p 00000000 00:00 0                          [stack:12016]
7fe51c06c000-7fe51c06d000 ---p 00000000 00:00 0 
7fe51c06d000-7fe51c303000 rw-p 00000000 00:00 0                          [stack:12015]
7fe51c303000-7fe51c418000 ---p 00000000 00:00 0 
7fe51c418000-7fe51c5ae000 rw-p 00000000 00:00 0 
7fe51c5ae000-7fe51c6c2000 ---p 00000000 00:00 0 
7fe51c6c2000-7fe51c818000 rw-p 00000000 00:00 0 
7fe51c818000-7fe51c84f000 rw-p 00000000 00:00 0 
7fe51c84f000-7fe51cbd9000 ---p 00000000 00:00 0 
7fe51cbd9000-7fe51d949000 rwxp 00000000 00:00 0 
7fe51d949000-7fe52bbd9000 ---p 00000000 00:00 0 
7fe52bbd9000-7fe52bbf3000 r-xp 00000000 08:01 4069168                    /usr/lib/jvm/java-8-oracle/jre/lib/amd64/libzip.so
7fe52bbf3000-7fe52bdf3000 ---p 0001a000 08:01 4069168                    /usr/lib/jvm/java-8-oracle/jre/lib/amd64/libzip.so
7fe52bdf3000-7fe52bdf4000 rw-p 0001a000 08:01 4069168                    /usr/lib/jvm/java-8-oracle/jre/lib/amd64/libzip.so
7fe52bdf4000-7fe52bdff000 r-xp 00000000 08:01 5771445                    /lib/x86_64-linux-gnu/libnss_files-2.19.so
7fe52bdff000-7fe52bffe000 ---p 0000b000 08:01 5771445                    /lib/x86_64-linux-gnu/libnss_files-2.19.so
7fe52bffe000-7fe52bfff000 r--p 0000a000 08:01 5771445                    /lib/x86_64-linux-gnu/libnss_files-2.19.so
7fe52bfff000-7fe52c000000 rw-p 0000b000 08:01 5771445                    /lib/x86_64-linux-gnu/libnss_files-2.19.so
7fe52c000000-7fe52c3e4000 rw-p 00000000 00:00 0 
7fe52c3e4000-7fe530000000 ---p 00000000 00:00 0 
7fe530007000-7fe530056000 rw-p 00000000 00:00 0 
7fe530056000-7fe530061000 r-xp 00000000 08:01 5771455                    /lib/x86_64-linux-gnu/libnss_nis-2.19.so
7fe530061000-7fe530260000 ---p 0000b000 08:01 5771455                    /lib/x86_64-linux-gnu/libnss_nis-2.19.so
7fe530260000-7fe530261000 r--p 0000a000 08:01 5771455                    /lib/x86_64-linux-gnu/libnss_nis-2.19.so
7fe530261000-7fe530262000 rw-p 0000b000 08:01 5771455                    /lib/x86_64-linux-gnu/libnss_nis-2.19.so
7fe530262000-7fe530279000 r-xp 00000000 08:01 5771439                    /lib/x86_64-linux-gnu/libnsl-2.19.so
7fe530279000-7fe530478000 ---p 00017000 08:01 5771439                    /lib/x86_64-linux-gnu/libnsl-2.19.so
7fe530478000-7fe530479000 r--p 00016000 08:01 5771439                    /lib/x86_64-linux-gnu/libnsl-2.19.so
7fe530479000-7fe53047a000 rw-p 00017000 08:01 5771439                    /lib/x86_64-linux-gnu/libnsl-2.19.so
7fe53047a000-7fe53047c000 rw-p 00000000 00:00 0 
7fe53047c000-7fe530485000 r-xp 00000000 08:01 5771441                    /lib/x86_64-linux-gnu/libnss_compat-2.19.so
7fe530485000-7fe530684000 ---p 00009000 08:01 5771441                    /lib/x86_64-linux-gnu/libnss_compat-2.19.so
7fe530684000-7fe530685000 r--p 00008000 08:01 5771441                    /lib/x86_64-linux-gnu/libnss_compat-2.19.so
7fe530685000-7fe530686000 rw-p 00009000 08:01 5771441                    /lib/x86_64-linux-gnu/libnss_compat-2.19.so
7fe530686000-7fe5306b0000 r-xp 00000000 08:01 4069157                    /usr/lib/jvm/java-8-oracle/jre/lib/amd64/libjava.so
7fe5306b0000-7fe5308b0000 ---p 0002a000 08:01 4069157                    /usr/lib/jvm/java-8-oracle/jre/lib/amd64/libjava.so
7fe5308b0000-7fe5308b2000 rw-p 0002a000 08:01 4069157                    /usr/lib/jvm/java-8-oracle/jre/lib/amd64/libjava.so
7fe5308b2000-7fe5308bf000 r-xp 00000000 08:01 4069118                    /usr/lib/jvm/java-8-oracle/jre/lib/amd64/libverify.so
7fe5308bf000-7fe530abf000 ---p 0000d000 08:01 4069118                    /usr/lib/jvm/java-8-oracle/jre/lib/amd64/libverify.so
7fe530abf000-7fe530ac1000 rw-p 0000d000 08:01 4069118                    /usr/lib/jvm/java-8-oracle/jre/lib/amd64/libverify.so
7fe530ac1000-7fe530ac8000 r-xp 00000000 08:01 5771498                    /lib/x86_64-linux-gnu/librt-2.19.so
7fe530ac8000-7fe530cc7000 ---p 00007000 08:01 5771498                    /lib/x86_64-linux-gnu/librt-2.19.so
7fe530cc7000-7fe530cc8000 r--p 00006000 08:01 5771498                    /lib/x86_64-linux-gnu/librt-2.19.so
7fe530cc8000-7fe530cc9000 rw-p 00007000 08:01 5771498                    /lib/x86_64-linux-gnu/librt-2.19.so
7fe530cc9000-7fe530dce000 r-xp 00000000 08:01 5771420                    /lib/x86_64-linux-gnu/libm-2.19.so
7fe530dce000-7fe530fcd000 ---p 00105000 08:01 5771420                    /lib/x86_64-linux-gnu/libm-2.19.so
7fe530fcd000-7fe530fce000 r--p 00104000 08:01 5771420                    /lib/x86_64-linux-gnu/libm-2.19.so
7fe530fce000-7fe530fcf000 rw-p 00105000 08:01 5771420                    /lib/x86_64-linux-gnu/libm-2.19.so
7fe530fcf000-7fe531c8d000 r-xp 00000000 08:01 4069167                    /usr/lib/jvm/java-8-oracle/jre/lib/amd64/server/libjvm.so
7fe531c8d000-7fe531e8c000 ---p 00cbe000 08:01 4069167                    /usr/lib/jvm/java-8-oracle/jre/lib/amd64/server/libjvm.so
7fe531e8c000-7fe531f65000 rw-p 00cbd000 08:01 4069167                    /usr/lib/jvm/java-8-oracle/jre/lib/amd64/server/libjvm.so
7fe531f65000-7fe531fa9000 rw-p 00000000 00:00 0 
7fe531fa9000-7fe532164000 r-xp 00000000 08:01 5771370                    /lib/x86_64-linux-gnu/libc-2.19.so
7fe532164000-7fe532363000 ---p 001bb000 08:01 5771370                    /lib/x86_64-linux-gnu/libc-2.19.so
7fe532363000-7fe532367000 r--p 001ba000 08:01 5771370                    /lib/x86_64-linux-gnu/libc-2.19.so
7fe532367000-7fe532369000 rw-p 001be000 08:01 5771370                    /lib/x86_64-linux-gnu/libc-2.19.so
7fe532369000-7fe53236e000 rw-p 00000000 00:00 0 
7fe53236e000-7fe532371000 r-xp 00000000 08:01 5771387                    /lib/x86_64-linux-gnu/libdl-2.19.so
7fe532371000-7fe532570000 ---p 00003000 08:01 5771387                    /lib/x86_64-linux-gnu/libdl-2.19.so
7fe532570000-7fe532571000 r--p 00002000 08:01 5771387                    /lib/x86_64-linux-gnu/libdl-2.19.so
7fe532571000-7fe532572000 rw-p 00003000 08:01 5771387                    /lib/x86_64-linux-gnu/libdl-2.19.so
7fe532572000-7fe532587000 r-xp 00000000 08:01 4727160                    /usr/lib/jvm/java-8-oracle/lib/amd64/jli/libjli.so
7fe532587000-7fe532787000 ---p 00015000 08:01 4727160                    /usr/lib/jvm/java-8-oracle/lib/amd64/jli/libjli.so
7fe532787000-7fe532788000 rw-p 00015000 08:01 4727160                    /usr/lib/jvm/java-8-oracle/lib/amd64/jli/libjli.so
7fe532788000-7fe5327a1000 r-xp 00000000 08:01 5771490                    /lib/x86_64-linux-gnu/libpthread-2.19.so
7fe5327a1000-7fe5329a0000 ---p 00019000 08:01 5771490                    /lib/x86_64-linux-gnu/libpthread-2.19.so
7fe5329a0000-7fe5329a1000 r--p 00018000 08:01 5771490                    /lib/x86_64-linux-gnu/libpthread-2.19.so
7fe5329a1000-7fe5329a2000 rw-p 00019000 08:01 5771490                    /lib/x86_64-linux-gnu/libpthread-2.19.so
7fe5329a2000-7fe5329a6000 rw-p 00000000 00:00 0 
7fe5329a6000-7fe5329c9000 r-xp 00000000 08:01 5771346                    /lib/x86_64-linux-gnu/ld-2.19.so
7fe5329d1000-7fe5329d8000 r--s 00000000 08:01 1967077                    /usr/lib/x86_64-linux-gnu/gconv/gconv-modules.cache
7fe5329d8000-7fe532aa4000 rw-p 00000000 00:00 0 
7fe532aa4000-7fe532aa7000 ---p 00000000 00:00 0 
7fe532aa7000-7fe532ba9000 rw-p 00000000 00:00 0                          [stack:12014]
7fe532bac000-7fe532bad000 rw-p 00000000 00:00 0 
7fe532bad000-7fe532bbc000 r--s 000df000 08:01 10635452                   /home/tomasz/Android/Sdk/build-tools/23.0.2/lib/dx.jar
7fe532bbc000-7fe532bc4000 rw-s 00000000 08:01 6035603                    /tmp/hsperfdata_tomasz/12010
7fe532bc4000-7fe532bc5000 rw-p 00000000 00:00 0 
7fe532bc5000-7fe532bc6000 ---p 00000000 00:00 0 
7fe532bc6000-7fe532bc8000 rw-p 00000000 00:00 0 
7fe532bc8000-7fe532bc9000 r--p 00022000 08:01 5771346                    /lib/x86_64-linux-gnu/ld-2.19.so
7fe532bc9000-7fe532bca000 rw-p 00023000 08:01 5771346                    /lib/x86_64-linux-gnu/ld-2.19.so
7fe532bca000-7fe532bcb000 rw-p 00000000 00:00 0 
7fffa4393000-7fffa43b4000 rw-p 00000000 00:00 0                          [stack]
7fffa43de000-7fffa43e0000 r--p 00000000 00:00 0                          [vvar]
7fffa43e0000-7fffa43e2000 r-xp 00000000 00:00 0                          [vdso]
ffffffffff600000-ffffffffff601000 r-xp 00000000 00:00 0                  [vsyscall]

VM Arguments:
jvm_args: -Djava.awt.headless=true -Xmx2g -Dfile.encoding=UTF-8 -Duser.country=PL -Duser.language=pl -Duser.variant 
java_command: com.android.dx.command.Main --dex --num-threads=4 --multi-dex --main-dex-list /home/tomasz/AndroidStudioProjects/ITAssistant/app/build/intermediates/multi-dex/debug/maindexlist.txt --output /home/tomasz/AndroidStudioProjects/ITAssistant/app/build/intermediates/transforms/dex/debug/folders/1000/1f/main /home/tomasz/AndroidStudioProjects/ITAssistant/app/build/intermediates/transforms/jarMerging/debug/jars/1/1f/combined.jar
java_class_path (initial): /home/tomasz/Android/Sdk/build-tools/23.0.2/lib/dx.jar
Launcher Type: SUN_STANDARD

Environment Variables:
PATH=/usr/local/sbin:/usr/local/bin:/usr/sbin:/usr/bin:/sbin:/bin:/usr/games:/usr/local/games
LD_LIBRARY_PATH=.:
SHELL=/bin/bash
DISPLAY=:0

Signal Handlers:
SIGSEGV: [libjvm.so+0xaba2a0], sa_mask[0]=11111111011111111101111111111110, sa_flags=SA_RESTART|SA_SIGINFO
SIGBUS: [libjvm.so+0xaba2a0], sa_mask[0]=11111111011111111101111111111110, sa_flags=SA_RESTART|SA_SIGINFO
SIGFPE: [libjvm.so+0x917710], sa_mask[0]=11111111011111111101111111111110, sa_flags=SA_RESTART|SA_SIGINFO
SIGPIPE: [libjvm.so+0x917710], sa_mask[0]=11111111011111111101111111111110, sa_flags=SA_RESTART|SA_SIGINFO
SIGXFSZ: [libjvm.so+0x917710], sa_mask[0]=11111111011111111101111111111110, sa_flags=SA_RESTART|SA_SIGINFO
SIGILL: [libjvm.so+0x917710], sa_mask[0]=11111111011111111101111111111110, sa_flags=SA_RESTART|SA_SIGINFO
SIGUSR1: SIG_DFL, sa_mask[0]=00000000000000000000000000000000, sa_flags=none
SIGUSR2: [libjvm.so+0x918d40], sa_mask[0]=00100000000000000000000000000000, sa_flags=SA_RESTART|SA_SIGINFO
SIGHUP: [libjvm.so+0x91a140], sa_mask[0]=11111111011111111101111111111110, sa_flags=SA_RESTART|SA_SIGINFO
SIGINT: [libjvm.so+0x91a140], sa_mask[0]=11111111011111111101111111111110, sa_flags=SA_RESTART|SA_SIGINFO
SIGTERM: [libjvm.so+0x91a140], sa_mask[0]=11111111011111111101111111111110, sa_flags=SA_RESTART|SA_SIGINFO
SIGQUIT: [libjvm.so+0x91a140], sa_mask[0]=11111111011111111101111111111110, sa_flags=SA_RESTART|SA_SIGINFO


---------------  S Y S T E M  ---------------

OS:DISTRIB_ID=Ubuntu
DISTRIB_RELEASE=14.04
DISTRIB_CODENAME=trusty
DISTRIB_DESCRIPTION="Ubuntu 14.04.3 LTS"

uname:Linux 3.19.0-33-generic #38~14.04.1-Ubuntu SMP Fri Nov 6 18:17:28 UTC 2015 x86_64
libc:glibc 2.19 NPTL 2.19 
rlimit: STACK 8192k, CORE 0k, NPROC 23202, NOFILE 4096, AS infinity
load average:5,99 2,86 2,06

/proc/meminfo:
MemTotal:        5961336 kB
MemFree:          124740 kB
MemAvailable:     212180 kB
Buffers:           17192 kB
Cached:           569136 kB
SwapCached:            0 kB
Active:          5210532 kB
Inactive:         451752 kB
Active(anon):    5095164 kB
Inactive(anon):   334972 kB
Active(file):     115368 kB
Inactive(file):   116780 kB
Unevictable:         832 kB
Mlocked:             832 kB
SwapTotal:             0 kB
SwapFree:              0 kB
Dirty:             12472 kB
Writeback:             0 kB
AnonPages:       5076972 kB
Mapped:           211256 kB
Shmem:            354056 kB
Slab:              83076 kB
SReclaimable:      48440 kB
SUnreclaim:        34636 kB
KernelStack:        9920 kB
PageTables:        39832 kB
NFS_Unstable:          0 kB
Bounce:                0 kB
WritebackTmp:          0 kB
CommitLimit:     2980668 kB
Committed_AS:    8701404 kB
VmallocTotal:   34359738367 kB
VmallocUsed:      551796 kB
VmallocChunk:   34359168476 kB
HardwareCorrupted:     0 kB
AnonHugePages:   3543040 kB
CmaTotal:              0 kB
CmaFree:               0 kB
HugePages_Total:       0
HugePages_Free:        0
HugePages_Rsvd:        0
HugePages_Surp:        0
Hugepagesize:       2048 kB
DirectMap4k:      145664 kB
DirectMap2M:     5994496 kB


CPU:total 4 (2 cores per cpu, 2 threads per core) family 6 model 42 stepping 7, cmov, cx8, fxsr, mmx, sse, sse2, sse3, ssse3, sse4.1, sse4.2, popcnt, avx, aes, clmul, ht, tsc, tscinvbit

/proc/cpuinfo:
processor	: 0
vendor_id	: GenuineIntel
cpu family	: 6
model		: 42
model name	: Intel(R) Core(TM) i5-2450M CPU @ 2.50GHz
stepping	: 7
microcode	: 0x25
cpu MHz		: 1800.000
cache size	: 3072 KB
physical id	: 0
siblings	: 4
core id		: 0
cpu cores	: 2
apicid		: 0
initial apicid	: 0
fpu		: yes
fpu_exception	: yes
cpuid level	: 13
wp		: yes
flags		: fpu vme de pse tsc msr pae mce cx8 apic sep mtrr pge mca cmov pat pse36 clflush dts acpi mmx fxsr sse sse2 ss ht tm pbe syscall nx rdtscp lm constant_tsc arch_perfmon pebs bts rep_good nopl xtopology nonstop_tsc aperfmperf eagerfpu pni pclmulqdq dtes64 monitor ds_cpl vmx est tm2 ssse3 cx16 xtpr pdcm pcid sse4_1 sse4_2 x2apic popcnt tsc_deadline_timer aes xsave avx lahf_lm ida arat epb pln pts dtherm tpr_shadow vnmi flexpriority ept vpid xsaveopt
bugs		:
bogomips	: 4988.85
clflush size	: 64
cache_alignment	: 64
address sizes	: 36 bits physical, 48 bits virtual
power management:

processor	: 1
vendor_id	: GenuineIntel
cpu family	: 6
model		: 42
model name	: Intel(R) Core(TM) i5-2450M CPU @ 2.50GHz
stepping	: 7
microcode	: 0x25
cpu MHz		: 1799.902
cache size	: 3072 KB
physical id	: 0
siblings	: 4
core id		: 0
cpu cores	: 2
apicid		: 1
initial apicid	: 1
fpu		: yes
fpu_exception	: yes
cpuid level	: 13
wp		: yes
flags		: fpu vme de pse tsc msr pae mce cx8 apic sep mtrr pge mca cmov pat pse36 clflush dts acpi mmx fxsr sse sse2 ss ht tm pbe syscall nx rdtscp lm constant_tsc arch_perfmon pebs bts rep_good nopl xtopology nonstop_tsc aperfmperf eagerfpu pni pclmulqdq dtes64 monitor ds_cpl vmx est tm2 ssse3 cx16 xtpr pdcm pcid sse4_1 sse4_2 x2apic popcnt tsc_deadline_timer aes xsave avx lahf_lm ida arat epb pln pts dtherm tpr_shadow vnmi flexpriority ept vpid xsaveopt
bugs		:
bogomips	: 4988.85
clflush size	: 64
cache_alignment	: 64
address sizes	: 36 bits physical, 48 bits virtual
power management:

processor	: 2
vendor_id	: GenuineIntel
cpu family	: 6
model		: 42
model name	: Intel(R) Core(TM) i5-2450M CPU @ 2.50GHz
stepping	: 7
microcode	: 0x25
cpu MHz		: 1800.000
cache size	: 3072 KB
physical id	: 0
siblings	: 4
core id		: 1
cpu cores	: 2
apicid		: 2
initial apicid	: 2
fpu		: yes
fpu_exception	: yes
cpuid level	: 13
wp		: yes
flags		: fpu vme de pse tsc msr pae mce cx8 apic sep mtrr pge mca cmov pat pse36 clflush dts acpi mmx fxsr sse sse2 ss ht tm pbe syscall nx rdtscp lm constant_tsc arch_perfmon pebs bts rep_good nopl xtopology nonstop_tsc aperfmperf eagerfpu pni pclmulqdq dtes64 monitor ds_cpl vmx est tm2 ssse3 cx16 xtpr pdcm pcid sse4_1 sse4_2 x2apic popcnt tsc_deadline_timer aes xsave avx lahf_lm ida arat epb pln pts dtherm tpr_shadow vnmi flexpriority ept vpid xsaveopt
bugs		:
bogomips	: 4988.85
clflush size	: 64
cache_alignment	: 64
address sizes	: 36 bits physical, 48 bits virtual
power management:

processor	: 3
vendor_id	: GenuineIntel
cpu family	: 6
model		: 42
model name	: Intel(R) Core(TM) i5-2450M CPU @ 2.50GHz
stepping	: 7
microcode	: 0x25
cpu MHz		: 1800.000
cache size	: 3072 KB
physical id	: 0
siblings	: 4
core id		: 1
cpu cores	: 2
apicid		: 3
initial apicid	: 3
fpu		: yes
fpu_exception	: yes
cpuid level	: 13
wp		: yes
flags		: fpu vme de pse tsc msr pae mce cx8 apic sep mtrr pge mca cmov pat pse36 clflush dts acpi mmx fxsr sse sse2 ss ht tm pbe syscall nx rdtscp lm constant_tsc arch_perfmon pebs bts rep_good nopl xtopology nonstop_tsc aperfmperf eagerfpu pni pclmulqdq dtes64 monitor ds_cpl vmx est tm2 ssse3 cx16 xtpr pdcm pcid sse4_1 sse4_2 x2apic popcnt tsc_deadline_timer aes xsave avx lahf_lm ida arat epb pln pts dtherm tpr_shadow vnmi flexpriority ept vpid xsaveopt
bugs		:
bogomips	: 4988.85
clflush size	: 64
cache_alignment	: 64
address sizes	: 36 bits physical, 48 bits virtual
power management:



Memory: 4k page, physical 5961336k(124740k free), swap 0k(0k free)

vm_info: Java HotSpot(TM) 64-Bit Server VM (25.66-b17) for linux-amd64 JRE (1.8.0_66-b17), built on Oct  6 2015 17:28:34 by "java_re" with gcc 4.3.0 20080428 (Red Hat 4.3.0-8)

time: Thu Nov 26 22:19:38 2015
elapsed time: 76 seconds (0d 0h 1m 16s)

