#
# There is insufficient memory for the Java Runtime Environment to continue.
# Native memory allocation (mmap) failed to map 283639808 bytes for committing reserved memory.
# Possible reasons:
#   The system is out of physical RAM or swap space
#   In 32 bit mode, the process size limit was hit
# Possible solutions:
#   Reduce memory load on the system
#   Increase physical memory or swap space
#   Check if swap backing store is full
#   Use 64 bit Java on a 64 bit OS
#   Decrease Java heap size (-Xmx/-Xms)
#   Decrease number of Java threads
#   Decrease Java thread stack sizes (-Xss)
#   Set larger code cache with -XX:ReservedCodeCacheSize=
# This output file may be truncated or incomplete.
#
#  Out of Memory Error (os_linux.cpp:2627), pid=8839, tid=140048928282368
#
# JRE version: Java(TM) SE Runtime Environment (8.0_66-b17) (build 1.8.0_66-b17)
# Java VM: Java HotSpot(TM) 64-Bit Server VM (25.66-b17 mixed mode linux-amd64 compressed oops)
# Failed to write core dump. Core dumps have been disabled. To enable core dumping, try "ulimit -c unlimited" before starting Java again
#

---------------  T H R E A D  ---------------

Current thread (0x00007f5fd4078000):  VMThread [stack: 0x00007f5fae8f1000,0x00007f5fae9f2000] [id=8849]

Stack: [0x00007f5fae8f1000,0x00007f5fae9f2000],  sp=0x00007f5fae9f01e0,  free space=1020k
Native frames: (J=compiled Java code, j=interpreted, Vv=VM code, C=native code)
V  [libjvm.so+0xab9a1a]  VMError::report_and_die()+0x2ba
V  [libjvm.so+0x4f9e0b]  report_vm_out_of_memory(char const*, int, unsigned long, VMErrorType, char const*)+0x8b
V  [libjvm.so+0x91a8a3]  os::Linux::commit_memory_impl(char*, unsigned long, bool)+0x103
V  [libjvm.so+0x91adf9]  os::pd_commit_memory(char*, unsigned long, unsigned long, bool)+0x29
V  [libjvm.so+0x91510a]  os::commit_memory(char*, unsigned long, unsigned long, bool)+0x2a
V  [libjvm.so+0x9887a3]  PSVirtualSpace::expand_by(unsigned long)+0x53
V  [libjvm.so+0x979090]  PSOldGen::expand(unsigned long)+0x170
V  [libjvm.so+0x97929b]  PSOldGen::resize(unsigned long)+0x1cb
V  [libjvm.so+0x980f71]  PSParallelCompact::invoke_no_policy(bool)+0x991
V  [libjvm.so+0x9868cd]  PSScavenge::invoke()+0x1ad
V  [libjvm.so+0x93e500]  ParallelScavengeHeap::failed_mem_allocate(unsigned long)+0x70
V  [libjvm.so+0xabb437]  VM_ParallelGCFailedAllocation::doit()+0x97
V  [libjvm.so+0xac2e65]  VM_Operation::evaluate()+0x55
V  [libjvm.so+0xac123a]  VMThread::evaluate_operation(VM_Operation*)+0xba
V  [libjvm.so+0xac15be]  VMThread::loop()+0x1ce
V  [libjvm.so+0xac1a30]  VMThread::run()+0x70
V  [libjvm.so+0x91cc68]  java_start(Thread*)+0x108

VM_Operation (0x00007f5fad5eff30): ParallelGCFailedAllocation, mode: safepoint, requested by thread 0x00007f5fd4170000


---------------  P R O C E S S  ---------------

Java Threads: ( => current thread )
  0x00007f5fd4170000 JavaThread "pool-1-thread-2" [_thread_blocked, id=8946, stack(0x00007f5fad4f1000,0x00007f5fad5f2000)]
  0x00007f5fd416a000 JavaThread "pool-1-thread-1" [_thread_blocked, id=8930, stack(0x00007f5fad1ee000,0x00007f5fad2ef000)]
  0x00007f5fd40ca800 JavaThread "Service Thread" daemon [_thread_blocked, id=8856, stack(0x00007f5fad9d7000,0x00007f5fadad8000)]
  0x00007f5fd40bd800 JavaThread "C1 CompilerThread2" daemon [_thread_blocked, id=8855, stack(0x00007f5fadad8000,0x00007f5fadbd9000)]
  0x00007f5fd40bb800 JavaThread "C2 CompilerThread1" daemon [_thread_blocked, id=8854, stack(0x00007f5fadbd9000,0x00007f5fadcda000)]
  0x00007f5fd40b8800 JavaThread "C2 CompilerThread0" daemon [_thread_blocked, id=8853, stack(0x00007f5fadcda000,0x00007f5fadddb000)]
  0x00007f5fd40b7000 JavaThread "Signal Dispatcher" daemon [_thread_blocked, id=8852, stack(0x00007f5fadddb000,0x00007f5fadedc000)]
  0x00007f5fd407f000 JavaThread "Finalizer" daemon [_thread_blocked, id=8851, stack(0x00007f5fae6ef000,0x00007f5fae7f0000)]
  0x00007f5fd407d000 JavaThread "Reference Handler" daemon [_thread_blocked, id=8850, stack(0x00007f5fae7f0000,0x00007f5fae8f1000)]
  0x00007f5fd400a000 JavaThread "main" [_thread_blocked, id=8844, stack(0x00007f5fdb531000,0x00007f5fdb632000)]

Other Threads:
=>0x00007f5fd4078000 VMThread [stack: 0x00007f5fae8f1000,0x00007f5fae9f2000] [id=8849]
  0x00007f5fd40cd800 WatcherThread [stack: 0x00007f5fad8d6000,0x00007f5fad9d7000] [id=8857]

VM state:at safepoint (normal execution)

VM Mutex/Monitor currently owned by a thread:  ([mutex/lock_event])
[0x00007f5fd4005ef0] ExpandHeap_lock - owner thread: 0x00007f5fd4078000
[0x00007f5fd4006570] Threads_lock - owner thread: 0x00007f5fd4078000
[0x00007f5fd4006a70] Heap_lock - owner thread: 0x00007f5fd4170000

Heap:
 PSYoungGen      total 465920K, used 115211K [0x00000000d5580000, 0x0000000100000000, 0x0000000100000000)
  eden space 232960K, 0% used [0x00000000d5580000,0x00000000d5580000,0x00000000e3900000)
  from space 232960K, 49% used [0x00000000e3900000,0x00000000ea982ea0,0x00000000f1c80000)
  to   space 232960K, 0% used [0x00000000f1c80000,0x00000000f1c80000,0x0000000100000000)
 ParOldGen       total 781824K, used 781647K [0x0000000080000000, 0x00000000afb80000, 0x00000000d5580000)
  object space 781824K, 99% used [0x0000000080000000,0x00000000afb53d18,0x00000000afb80000)
 Metaspace       used 6742K, capacity 7544K, committed 7680K, reserved 1056768K
  class space    used 627K, capacity 688K, committed 768K, reserved 1048576K

Card table byte_map: [0x00007f5fc4bff000,0x00007f5fc5000000] byte_map_base: 0x00007f5fc47ff000

Marking Bits: (ParMarkBitMap*) 0x00007f5fdaa0b020
 Begin Bits: [0x00007f5fb0000000, 0x00007f5fb2000000)
 End Bits:   [0x00007f5fb2000000, 0x00007f5fb4000000)

Polling page: 0x00007f5fdb652000

CodeCache: size=245760Kb used=13983Kb max_used=13983Kb free=231776Kb
 bounds [0x00007f5fc5000000, 0x00007f5fc5dc0000, 0x00007f5fd4000000]
 total_blobs=3160 nmethods=2891 adapters=182
 compilation: enabled

Compilation events (10 events):
Event: 38,161 Thread 0x00007f5fd40bd800 nmethod 3571 0x00007f5fc5daff50 code [0x00007f5fc5db00e0, 0x00007f5fc5db0398]
Event: 38,161 Thread 0x00007f5fd40bd800 3588       3       com.android.dx.dex.code.LocalList$MakeState::snapshot (110 bytes)
Event: 38,162 Thread 0x00007f5fd40bd800 nmethod 3588 0x00007f5fc5db04d0 code [0x00007f5fc5db0780, 0x00007f5fc5db18f8]
Event: 38,162 Thread 0x00007f5fd40bd800 3575       2       com.android.dx.dex.code.LocalList$MakeState::add (75 bytes)
Event: 38,170 Thread 0x00007f5fd40bd800 nmethod 3575 0x00007f5fc5db2350 code [0x00007f5fc5db2520, 0x00007f5fc5db2a78]
Event: 38,170 Thread 0x00007f5fd40bd800 3592       2       com.android.dx.dex.code.form.Form35c::wordCount (74 bytes)
Event: 38,171 Thread 0x00007f5fd40bd800 nmethod 3592 0x00007f5fc5db3090 code [0x00007f5fc5db3240, 0x00007f5fc5db3568]
Event: 38,171 Thread 0x00007f5fd40bd800 3572       2       com.android.dx.dex.code.PositionList::set (7 bytes)
Event: 38,172 Thread 0x00007f5fd40bd800 nmethod 3572 0x00007f5fc5db3890 code [0x00007f5fc5db3a40, 0x00007f5fc5db3e88]
Event: 38,172 Thread 0x00007f5fd40bd800 3576   !   2       com.android.dx.dex.code.LocalList$Entry::<init> (91 bytes)

GC Heap History (10 events):
Event: 34,169 GC heap after
Heap after GC invocations=30 (full 5):
 PSYoungGen      total 461824K, used 120892K [0x00000000d5580000, 0x00000000ff980000, 0x0000000100000000)
  eden space 247296K, 0% used [0x00000000d5580000,0x00000000d5580000,0x00000000e4700000)
  from space 214528K, 56% used [0x00000000e4700000,0x00000000ebd0f058,0x00000000f1880000)
  to   space 214528K, 0% used [0x00000000f2800000,0x00000000f2800000,0x00000000ff980000)
 ParOldGen       total 781824K, used 673865K [0x0000000080000000, 0x00000000afb80000, 0x00000000d5580000)
  object space 781824K, 86% used [0x0000000080000000,0x00000000a9212598,0x00000000afb80000)
 Metaspace       used 6458K, capacity 7282K, committed 7552K, reserved 1056768K
  class space    used 608K, capacity 618K, committed 640K, reserved 1048576K
}
Event: 35,010 GC heap before
{Heap before GC invocations=31 (full 5):
 PSYoungGen      total 461824K, used 368188K [0x00000000d5580000, 0x00000000ff980000, 0x0000000100000000)
  eden space 247296K, 100% used [0x00000000d5580000,0x00000000e4700000,0x00000000e4700000)
  from space 214528K, 56% used [0x00000000e4700000,0x00000000ebd0f058,0x00000000f1880000)
  to   space 214528K, 0% used [0x00000000f2800000,0x00000000f2800000,0x00000000ff980000)
 ParOldGen       total 781824K, used 673865K [0x0000000080000000, 0x00000000afb80000, 0x00000000d5580000)
  object space 781824K, 86% used [0x0000000080000000,0x00000000a9212598,0x00000000afb80000)
 Metaspace       used 6576K, capacity 7352K, committed 7552K, reserved 1056768K
  class space    used 616K, capacity 624K, committed 640K, reserved 1048576K
Event: 35,252 GC heap after
Heap after GC invocations=31 (full 5):
 PSYoungGen      total 476672K, used 125673K [0x00000000d5580000, 0x0000000100000000, 0x0000000100000000)
  eden space 262144K, 0% used [0x00000000d5580000,0x00000000d5580000,0x00000000e5580000)
  from space 214528K, 58% used [0x00000000f2800000,0x00000000fa2ba610,0x00000000ff980000)
  to   space 215552K, 0% used [0x00000000e5580000,0x00000000e5580000,0x00000000f2800000)
 ParOldGen       total 781824K, used 673865K [0x0000000080000000, 0x00000000afb80000, 0x00000000d5580000)
  object space 781824K, 86% used [0x0000000080000000,0x00000000a9212598,0x00000000afb80000)
 Metaspace       used 6576K, capacity 7352K, committed 7552K, reserved 1056768K
  class space    used 616K, capacity 624K, committed 640K, reserved 1048576K
}
Event: 36,050 GC heap before
{Heap before GC invocations=32 (full 5):
 PSYoungGen      total 476672K, used 387817K [0x00000000d5580000, 0x0000000100000000, 0x0000000100000000)
  eden space 262144K, 100% used [0x00000000d5580000,0x00000000e5580000,0x00000000e5580000)
  from space 214528K, 58% used [0x00000000f2800000,0x00000000fa2ba610,0x00000000ff980000)
  to   space 215552K, 0% used [0x00000000e5580000,0x00000000e5580000,0x00000000f2800000)
 ParOldGen       total 781824K, used 673865K [0x0000000080000000, 0x00000000afb80000, 0x00000000d5580000)
  object space 781824K, 86% used [0x0000000080000000,0x00000000a9212598,0x00000000afb80000)
 Metaspace       used 6577K, capacity 7352K, committed 7552K, reserved 1056768K
  class space    used 616K, capacity 624K, committed 640K, reserved 1048576K
Event: 36,313 GC heap after
Heap after GC invocations=32 (full 5):
 PSYoungGen      total 426496K, used 163950K [0x00000000d5580000, 0x0000000100000000, 0x0000000100000000)
  eden space 262144K, 0% used [0x00000000d5580000,0x00000000d5580000,0x00000000e5580000)
  from space 164352K, 99% used [0x00000000e5580000,0x00000000ef59bbe8,0x00000000ef600000)
  to   space 229376K, 0% used [0x00000000f2000000,0x00000000f2000000,0x0000000100000000)
 ParOldGen       total 781824K, used 673865K [0x0000000080000000, 0x00000000afb80000, 0x00000000d5580000)
  object space 781824K, 86% used [0x0000000080000000,0x00000000a9212598,0x00000000afb80000)
 Metaspace       used 6577K, capacity 7352K, committed 7552K, reserved 1056768K
  class space    used 616K, capacity 624K, committed 640K, reserved 1048576K
}
Event: 37,041 GC heap before
{Heap before GC invocations=33 (full 5):
 PSYoungGen      total 426496K, used 426094K [0x00000000d5580000, 0x0000000100000000, 0x0000000100000000)
  eden space 262144K, 100% used [0x00000000d5580000,0x00000000e5580000,0x00000000e5580000)
  from space 164352K, 99% used [0x00000000e5580000,0x00000000ef59bbe8,0x00000000ef600000)
  to   space 229376K, 0% used [0x00000000f2000000,0x00000000f2000000,0x0000000100000000)
 ParOldGen       total 781824K, used 673865K [0x0000000080000000, 0x00000000afb80000, 0x00000000d5580000)
  object space 781824K, 86% used [0x0000000080000000,0x00000000a9212598,0x00000000afb80000)
 Metaspace       used 6578K, capacity 7352K, committed 7552K, reserved 1056768K
  class space    used 616K, capacity 624K, committed 640K, reserved 1048576K
Event: 37,293 GC heap after
Heap after GC invocations=33 (full 5):
 PSYoungGen      total 462336K, used 202792K [0x00000000d5580000, 0x0000000100000000, 0x0000000100000000)
  eden space 232960K, 0% used [0x00000000d5580000,0x00000000d5580000,0x00000000e3900000)
  from space 229376K, 88% used [0x00000000f2000000,0x00000000fe60a1a0,0x0000000100000000)
  to   space 232960K, 0% used [0x00000000e3900000,0x00000000e3900000,0x00000000f1c80000)
 ParOldGen       total 781824K, used 673865K [0x0000000080000000, 0x00000000afb80000, 0x00000000d5580000)
  object space 781824K, 86% used [0x0000000080000000,0x00000000a9212598,0x00000000afb80000)
 Metaspace       used 6578K, capacity 7352K, committed 7552K, reserved 1056768K
  class space    used 616K, capacity 624K, committed 640K, reserved 1048576K
}
Event: 38,173 GC heap before
{Heap before GC invocations=34 (full 5):
 PSYoungGen      total 462336K, used 435752K [0x00000000d5580000, 0x0000000100000000, 0x0000000100000000)
  eden space 232960K, 100% used [0x00000000d5580000,0x00000000e3900000,0x00000000e3900000)
  from space 229376K, 88% used [0x00000000f2000000,0x00000000fe60a1a0,0x0000000100000000)
  to   space 232960K, 0% used [0x00000000e3900000,0x00000000e3900000,0x00000000f1c80000)
 ParOldGen       total 781824K, used 673865K [0x0000000080000000, 0x00000000afb80000, 0x00000000d5580000)
  object space 781824K, 86% used [0x0000000080000000,0x00000000a9212598,0x00000000afb80000)
 Metaspace       used 6742K, capacity 7544K, committed 7680K, reserved 1056768K
  class space    used 627K, capacity 688K, committed 768K, reserved 1048576K
Event: 38,526 GC heap after
Heap after GC invocations=34 (full 5):
 PSYoungGen      total 465920K, used 211522K [0x00000000d5580000, 0x0000000100000000, 0x0000000100000000)
  eden space 232960K, 0% used [0x00000000d5580000,0x00000000d5580000,0x00000000e3900000)
  from space 232960K, 90% used [0x00000000e3900000,0x00000000f0790bf8,0x00000000f1c80000)
  to   space 232960K, 0% used [0x00000000f1c80000,0x00000000f1c80000,0x0000000100000000)
 ParOldGen       total 781824K, used 708032K [0x0000000080000000, 0x00000000afb80000, 0x00000000d5580000)
  object space 781824K, 90% used [0x0000000080000000,0x00000000ab3703b0,0x00000000afb80000)
 Metaspace       used 6742K, capacity 7544K, committed 7680K, reserved 1056768K
  class space    used 627K, capacity 688K, committed 768K, reserved 1048576K
}
Event: 38,526 GC heap before
{Heap before GC invocations=35 (full 6):
 PSYoungGen      total 465920K, used 211522K [0x00000000d5580000, 0x0000000100000000, 0x0000000100000000)
  eden space 232960K, 0% used [0x00000000d5580000,0x00000000d5580000,0x00000000e3900000)
  from space 232960K, 90% used [0x00000000e3900000,0x00000000f0790bf8,0x00000000f1c80000)
  to   space 232960K, 0% used [0x00000000f1c80000,0x00000000f1c80000,0x0000000100000000)
 ParOldGen       total 781824K, used 708032K [0x0000000080000000, 0x00000000afb80000, 0x00000000d5580000)
  object space 781824K, 90% used [0x0000000080000000,0x00000000ab3703b0,0x00000000afb80000)
 Metaspace       used 6742K, capacity 7544K, committed 7680K, reserved 1056768K
  class space    used 627K, capacity 688K, committed 768K, reserved 1048576K

Deoptimization events (10 events):
Event: 35,299 Thread 0x00007f5fd41a2000 Uncommon trap: reason=class_check action=maybe_recompile pc=0x00007f5fc5bc5f7c method=com.android.dx.ssa.LiteralOpUpgrader.isConstIntZeroOrKnownNull(Lcom/android/dx/rop/code/RegisterSpec;)Z @ 13
Event: 35,299 Thread 0x00007f5fd41a2000 Uncommon trap: reason=class_check action=maybe_recompile pc=0x00007f5fc5bc5f7c method=com.android.dx.ssa.LiteralOpUpgrader.isConstIntZeroOrKnownNull(Lcom/android/dx/rop/code/RegisterSpec;)Z @ 13
Event: 35,553 Thread 0x00007f5fd416a000 Uncommon trap: reason=unstable_if action=reinterpret pc=0x00007f5fc573a8e8 method=com.android.dx.dex.code.OutputFinisher.addConstants(Ljava/util/HashSet;Lcom/android/dx/rop/code/RegisterSpec;)V @ 57
Event: 35,900 Thread 0x00007f5fd41a2000 Uncommon trap: reason=class_check action=maybe_recompile pc=0x00007f5fc5b8066c method=com.android.dx.ssa.SCCP.replaceConstants()V @ 182
Event: 35,917 Thread 0x00007f5fd41a2000 Uncommon trap: reason=class_check action=maybe_recompile pc=0x00007f5fc5b8066c method=com.android.dx.ssa.SCCP.replaceConstants()V @ 182
Event: 36,541 Thread 0x00007f5fd416a000 Uncommon trap: reason=unstable_if action=reinterpret pc=0x00007f5fc594b340 method=com.android.dx.dex.code.OutputFinisher.addConstants(Ljava/util/HashSet;Lcom/android/dx/rop/code/RegisterSpec;)V @ 32
Event: 36,719 Thread 0x00007f5fd416a000 Uncommon trap: reason=unstable_if action=reinterpret pc=0x00007f5fc58bed44 method=com.android.dx.dex.file.DexFile.internIfAppropriate(Lcom/android/dx/rop/cst/Constant;)V @ 70
Event: 37,026 Thread 0x00007f5fd4170000 Uncommon trap: reason=bimorphic action=maybe_recompile pc=0x00007f5fc5c363f4 method=com.android.dx.ssa.back.FirstFitLocalCombiningAllocator.findNextUnreservedRopReg(IILcom/android/dx/ssa/back/FirstFitLocalCombiningAllocator$Alignment;)I @ 60
Event: 38,063 Thread 0x00007f5fd400a000 Uncommon trap: reason=unstable_if action=reinterpret pc=0x00007f5fc5d3b6e0 method=java.util.concurrent.locks.ReentrantLock$Sync.tryRelease(I)Z @ 28
Event: 38,146 Thread 0x00007f5fd416a000 Uncommon trap: reason=predicate action=maybe_recompile pc=0x00007f5fc550d690 method=java.util.ComparableTimSort.binarySort([Ljava/lang/Object;III)V @ 37

Internal exceptions (10 events):
Event: 0,912 Thread 0x00007f5fd41a0800 Implicit null exception at 0x00007f5fc52d8584 to 0x00007f5fc52db255
Event: 1,168 Thread 0x00007f5fd41a0800 Exception <a 'java/lang/ArrayIndexOutOfBoundsException': 18> (0x00000000d7f26ee8) thrown at [/HUDSON/workspace/8-2-build-linux-amd64/jdk8u66/4988/hotspot/src/share/vm/interpreter/interpreterRuntime.cpp, line 366]
Event: 1,170 Thread 0x00007f5fd41a0800 Exception <a 'java/lang/ArrayIndexOutOfBoundsException': 145> (0x00000000d7f28a68) thrown at [/HUDSON/workspace/8-2-build-linux-amd64/jdk8u66/4988/hotspot/src/share/vm/interpreter/interpreterRuntime.cpp, line 366]
Event: 1,171 Thread 0x00007f5fd41a0800 Exception <a 'java/lang/ArrayIndexOutOfBoundsException': 40> (0x00000000d7f29d50) thrown at [/HUDSON/workspace/8-2-build-linux-amd64/jdk8u66/4988/hotspot/src/share/vm/interpreter/interpreterRuntime.cpp, line 366]
Event: 1,906 Thread 0x00007f5fd41a0800 Implicit null exception at 0x00007f5fc53dea0f to 0x00007f5fc53e15c1
Event: 1,908 Thread 0x00007f5fd41a0800 Implicit null exception at 0x00007f5fc53ecd71 to 0x00007f5fc53ef7b1
Event: 7,824 Thread 0x00007f5fd41a2000 Implicit null exception at 0x00007f5fc5898c28 to 0x00007f5fc589d16d
Event: 16,370 Thread 0x00007f5fd4170000 Implicit null exception at 0x00007f5fc5b6e143 to 0x00007f5fc5b6f2e9
Event: 22,190 Thread 0x00007f5fd41a2000 Implicit null exception at 0x00007f5fc5300e03 to 0x00007f5fc5301291
Event: 22,190 Thread 0x00007f5fd41a2000 Implicit null exception at 0x00007f5fc52f76ea to 0x00007f5fc52f7b01

Events (10 events):
Event: 38,115 loading class com/android/dx/rop/code/RegisterSpecList$Expander
Event: 38,115 loading class com/android/dx/rop/code/RegisterSpecList$Expander done
Event: 38,146 Thread 0x00007f5fd416a000 Uncommon trap: trap_request=0xffffff86 fr.pc=0x00007f5fc550d690
Event: 38,146 Thread 0x00007f5fd416a000 DEOPT PACKING pc=0x00007f5fc550d690 sp=0x00007f5fad2ece70
Event: 38,146 Thread 0x00007f5fd416a000 DEOPT UNPACKING pc=0x00007f5fc5005229 sp=0x00007f5fad2ece30 mode 2
Event: 38,149 Thread 0x00007f5fd416a000 DEOPT PACKING pc=0x00007f5fc5d99a22 sp=0x00007f5fad2ece70
Event: 38,149 Thread 0x00007f5fd416a000 DEOPT UNPACKING pc=0x00007f5fc5047633 sp=0x00007f5fad2ecc10 mode 0
Event: 38,161 Thread 0x00007f5fd416a000 DEOPT PACKING pc=0x00007f5fc5d939a6 sp=0x00007f5fad2ecf80
Event: 38,161 Thread 0x00007f5fd416a000 DEOPT UNPACKING pc=0x00007f5fc5047633 sp=0x00007f5fad2ecd50 mode 0
Event: 38,172 Executing VM operation: ParallelGCFailedAllocation


Dynamic libraries:
00400000-00401000 r-xp 00000000 08:01 4591374                            /usr/lib/jvm/java-8-oracle/bin/java
00600000-00601000 rw-p 00000000 08:01 4591374                            /usr/lib/jvm/java-8-oracle/bin/java
025c8000-025e9000 rw-p 00000000 00:00 0                                  [heap]
80000000-afb80000 rw-p 00000000 00:00 0 
c0a00000-d5580000 ---p 00000000 00:00 0 
d5580000-100000000 rw-p 00000000 00:00 0 
100000000-1000c0000 rw-p 00000000 00:00 0 
1000c0000-140000000 ---p 00000000 00:00 0 
7f5f70000000-7f5f70056000 rw-p 00000000 00:00 0 
7f5f70056000-7f5f74000000 ---p 00000000 00:00 0 
7f5f74000000-7f5f74031000 rw-p 00000000 00:00 0 
7f5f74031000-7f5f78000000 ---p 00000000 00:00 0 
7f5f78000000-7f5f78042000 rw-p 00000000 00:00 0 
7f5f78042000-7f5f7c000000 ---p 00000000 00:00 0 
7f5f7c000000-7f5f7c052000 rw-p 00000000 00:00 0 
7f5f7c052000-7f5f80000000 ---p 00000000 00:00 0 
7f5f80000000-7f5f8005a000 rw-p 00000000 00:00 0 
7f5f8005a000-7f5f84000000 ---p 00000000 00:00 0 
7f5f84000000-7f5f84021000 rw-p 00000000 00:00 0 
7f5f84021000-7f5f88000000 ---p 00000000 00:00 0 
7f5f88000000-7f5f88021000 rw-p 00000000 00:00 0 
7f5f88021000-7f5f8c000000 ---p 00000000 00:00 0 
7f5f8c000000-7f5f8c021000 rw-p 00000000 00:00 0 
7f5f8c021000-7f5f90000000 ---p 00000000 00:00 0 
7f5f90000000-7f5f923b6000 rw-p 00000000 00:00 0 
7f5f923b6000-7f5f94000000 ---p 00000000 00:00 0 
7f5f94000000-7f5f94c24000 rw-p 00000000 00:00 0 
7f5f94c24000-7f5f98000000 ---p 00000000 00:00 0 
7f5f98000000-7f5f98021000 rw-p 00000000 00:00 0 
7f5f98021000-7f5f9c000000 ---p 00000000 00:00 0 
7f5f9c000000-7f5f9db4f000 rw-p 00000000 00:00 0 
7f5f9db4f000-7f5fa0000000 ---p 00000000 00:00 0 
7f5fa0000000-7f5fa0021000 rw-p 00000000 00:00 0 
7f5fa0021000-7f5fa4000000 ---p 00000000 00:00 0 
7f5fa4000000-7f5fa4021000 rw-p 00000000 00:00 0 
7f5fa4021000-7f5fa8000000 ---p 00000000 00:00 0 
7f5fa8000000-7f5fa828f000 rw-p 00000000 00:00 0 
7f5fa828f000-7f5fac000000 ---p 00000000 00:00 0 
7f5fad1ee000-7f5fad1f1000 ---p 00000000 00:00 0 
7f5fad1f1000-7f5fad2ef000 rw-p 00000000 00:00 0                          [stack:8930]
7f5fad2ef000-7f5fad2f2000 ---p 00000000 00:00 0 
7f5fad2f2000-7f5fad3f0000 rw-p 00000000 00:00 0 
7f5fad3f0000-7f5fad3f3000 ---p 00000000 00:00 0 
7f5fad3f3000-7f5fad4f1000 rw-p 00000000 00:00 0 
7f5fad4f1000-7f5fad4f4000 ---p 00000000 00:00 0 
7f5fad4f4000-7f5fad5f2000 rw-p 00000000 00:00 0                          [stack:8946]
7f5fad5f2000-7f5fad5f5000 ---p 00000000 00:00 0 
7f5fad5f5000-7f5fad6f3000 rw-p 00000000 00:00 0 
7f5fad6f3000-7f5fad6f6000 ---p 00000000 00:00 0 
7f5fad6f6000-7f5fad7f4000 rw-p 00000000 00:00 0 
7f5fad8d6000-7f5fad8d7000 ---p 00000000 00:00 0 
7f5fad8d7000-7f5fad9d7000 rw-p 00000000 00:00 0                          [stack:8857]
7f5fad9d7000-7f5fad9da000 ---p 00000000 00:00 0 
7f5fad9da000-7f5fadad8000 rw-p 00000000 00:00 0                          [stack:8856]
7f5fadad8000-7f5fadadb000 ---p 00000000 00:00 0 
7f5fadadb000-7f5fadbd9000 rw-p 00000000 00:00 0                          [stack:8855]
7f5fadbd9000-7f5fadbdc000 ---p 00000000 00:00 0 
7f5fadbdc000-7f5fadcda000 rw-p 00000000 00:00 0                          [stack:8854]
7f5fadcda000-7f5fadcdd000 ---p 00000000 00:00 0 
7f5fadcdd000-7f5fadddb000 rw-p 00000000 00:00 0                          [stack:8853]
7f5fadddb000-7f5faddde000 ---p 00000000 00:00 0 
7f5faddde000-7f5fadedc000 rw-p 00000000 00:00 0                          [stack:8852]
7f5fadedc000-7f5fae6ef000 r--p 00000000 08:01 1579663                    /usr/lib/locale/locale-archive
7f5fae6ef000-7f5fae6f2000 ---p 00000000 00:00 0 
7f5fae6f2000-7f5fae7f0000 rw-p 00000000 00:00 0                          [stack:8851]
7f5fae7f0000-7f5fae7f3000 ---p 00000000 00:00 0 
7f5fae7f3000-7f5fae8f1000 rw-p 00000000 00:00 0                          [stack:8850]
7f5fae8f1000-7f5fae8f2000 ---p 00000000 00:00 0 
7f5fae8f2000-7f5fafec0000 rw-p 00000000 00:00 0                          [stack:8849]
7f5fafec0000-7f5fb0000000 ---p 00000000 00:00 0 
7f5fb0000000-7f5fb4000000 rw-p 00000000 00:00 0 
7f5fb4000000-7f5fb4021000 rw-p 00000000 00:00 0 
7f5fb4021000-7f5fb8000000 ---p 00000000 00:00 0 
7f5fb8000000-7f5fb8021000 rw-p 00000000 00:00 0 
7f5fb8021000-7f5fbc000000 ---p 00000000 00:00 0 
7f5fbc000000-7f5fbc021000 rw-p 00000000 00:00 0 
7f5fbc021000-7f5fc0000000 ---p 00000000 00:00 0 
7f5fc0000000-7f5fc0021000 rw-p 00000000 00:00 0 
7f5fc0021000-7f5fc4000000 ---p 00000000 00:00 0 
7f5fc4002000-7f5fc4027000 r--p 00000000 08:01 2361987                    /usr/share/locale-langpack/pl/LC_MESSAGES/libc.mo
7f5fc4027000-7f5fc41ac000 rw-p 00000000 00:00 0 
7f5fc41ac000-7f5fc4385000 r--s 03d20000 08:01 4069182                    /usr/lib/jvm/java-8-oracle/jre/lib/rt.jar
7f5fc4385000-7f5fc47fb000 rw-p 00000000 00:00 0 
7f5fc47fb000-7f5fc47fc000 ---p 00000000 00:00 0 
7f5fc47fc000-7f5fc48fc000 rw-p 00000000 00:00 0                          [stack:8848]
7f5fc48fc000-7f5fc48fd000 ---p 00000000 00:00 0 
7f5fc48fd000-7f5fc49fd000 rw-p 00000000 00:00 0                          [stack:8847]
7f5fc49fd000-7f5fc49fe000 ---p 00000000 00:00 0 
7f5fc49fe000-7f5fc4afe000 rw-p 00000000 00:00 0                          [stack:8846]
7f5fc4afe000-7f5fc4aff000 ---p 00000000 00:00 0 
7f5fc4aff000-7f5fc4d7d000 rw-p 00000000 00:00 0                          [stack:8845]
7f5fc4d7d000-7f5fc4ea9000 ---p 00000000 00:00 0 
7f5fc4ea9000-7f5fc4fff000 rw-p 00000000 00:00 0 
7f5fc4fff000-7f5fc5000000 rw-p 00000000 00:00 0 
7f5fc5000000-7f5fc5dc0000 rwxp 00000000 00:00 0 
7f5fc5dc0000-7f5fd4000000 ---p 00000000 00:00 0 
7f5fd4000000-7f5fd43fc000 rw-p 00000000 00:00 0 
7f5fd43fc000-7f5fd8000000 ---p 00000000 00:00 0 
7f5fd8002000-7f5fd81cf000 rw-p 00000000 00:00 0 
7f5fd81cf000-7f5fd82fc000 ---p 00000000 00:00 0 
7f5fd82fc000-7f5fd8333000 rw-p 00000000 00:00 0 
7f5fd8333000-7f5fd86bc000 ---p 00000000 00:00 0 
7f5fd86bc000-7f5fd86d6000 r-xp 00000000 08:01 4069168                    /usr/lib/jvm/java-8-oracle/jre/lib/amd64/libzip.so
7f5fd86d6000-7f5fd88d6000 ---p 0001a000 08:01 4069168                    /usr/lib/jvm/java-8-oracle/jre/lib/amd64/libzip.so
7f5fd88d6000-7f5fd88d7000 rw-p 0001a000 08:01 4069168                    /usr/lib/jvm/java-8-oracle/jre/lib/amd64/libzip.so
7f5fd88d7000-7f5fd88e2000 r-xp 00000000 08:01 5771445                    /lib/x86_64-linux-gnu/libnss_files-2.19.so
7f5fd88e2000-7f5fd8ae1000 ---p 0000b000 08:01 5771445                    /lib/x86_64-linux-gnu/libnss_files-2.19.so
7f5fd8ae1000-7f5fd8ae2000 r--p 0000a000 08:01 5771445                    /lib/x86_64-linux-gnu/libnss_files-2.19.so
7f5fd8ae2000-7f5fd8ae3000 rw-p 0000b000 08:01 5771445                    /lib/x86_64-linux-gnu/libnss_files-2.19.so
7f5fd8ae3000-7f5fd8aee000 r-xp 00000000 08:01 5771455                    /lib/x86_64-linux-gnu/libnss_nis-2.19.so
7f5fd8aee000-7f5fd8ced000 ---p 0000b000 08:01 5771455                    /lib/x86_64-linux-gnu/libnss_nis-2.19.so
7f5fd8ced000-7f5fd8cee000 r--p 0000a000 08:01 5771455                    /lib/x86_64-linux-gnu/libnss_nis-2.19.so
7f5fd8cee000-7f5fd8cef000 rw-p 0000b000 08:01 5771455                    /lib/x86_64-linux-gnu/libnss_nis-2.19.so
7f5fd8cef000-7f5fd8d06000 r-xp 00000000 08:01 5771439                    /lib/x86_64-linux-gnu/libnsl-2.19.so
7f5fd8d06000-7f5fd8f05000 ---p 00017000 08:01 5771439                    /lib/x86_64-linux-gnu/libnsl-2.19.so
7f5fd8f05000-7f5fd8f06000 r--p 00016000 08:01 5771439                    /lib/x86_64-linux-gnu/libnsl-2.19.so
7f5fd8f06000-7f5fd8f07000 rw-p 00017000 08:01 5771439                    /lib/x86_64-linux-gnu/libnsl-2.19.so
7f5fd8f07000-7f5fd8f09000 rw-p 00000000 00:00 0 
7f5fd8f09000-7f5fd8f12000 r-xp 00000000 08:01 5771441                    /lib/x86_64-linux-gnu/libnss_compat-2.19.so
7f5fd8f12000-7f5fd9111000 ---p 00009000 08:01 5771441                    /lib/x86_64-linux-gnu/libnss_compat-2.19.so
7f5fd9111000-7f5fd9112000 r--p 00008000 08:01 5771441                    /lib/x86_64-linux-gnu/libnss_compat-2.19.so
7f5fd9112000-7f5fd9113000 rw-p 00009000 08:01 5771441                    /lib/x86_64-linux-gnu/libnss_compat-2.19.so
7f5fd9113000-7f5fd913d000 r-xp 00000000 08:01 4069157                    /usr/lib/jvm/java-8-oracle/jre/lib/amd64/libjava.so
7f5fd913d000-7f5fd933d000 ---p 0002a000 08:01 4069157                    /usr/lib/jvm/java-8-oracle/jre/lib/amd64/libjava.so
7f5fd933d000-7f5fd933f000 rw-p 0002a000 08:01 4069157                    /usr/lib/jvm/java-8-oracle/jre/lib/amd64/libjava.so
7f5fd933f000-7f5fd934c000 r-xp 00000000 08:01 4069118                    /usr/lib/jvm/java-8-oracle/jre/lib/amd64/libverify.so
7f5fd934c000-7f5fd954c000 ---p 0000d000 08:01 4069118                    /usr/lib/jvm/java-8-oracle/jre/lib/amd64/libverify.so
7f5fd954c000-7f5fd954e000 rw-p 0000d000 08:01 4069118                    /usr/lib/jvm/java-8-oracle/jre/lib/amd64/libverify.so
7f5fd954e000-7f5fd9555000 r-xp 00000000 08:01 5771498                    /lib/x86_64-linux-gnu/librt-2.19.so
7f5fd9555000-7f5fd9754000 ---p 00007000 08:01 5771498                    /lib/x86_64-linux-gnu/librt-2.19.so
7f5fd9754000-7f5fd9755000 r--p 00006000 08:01 5771498                    /lib/x86_64-linux-gnu/librt-2.19.so
7f5fd9755000-7f5fd9756000 rw-p 00007000 08:01 5771498                    /lib/x86_64-linux-gnu/librt-2.19.so
7f5fd9756000-7f5fd985b000 r-xp 00000000 08:01 5771420                    /lib/x86_64-linux-gnu/libm-2.19.so
7f5fd985b000-7f5fd9a5a000 ---p 00105000 08:01 5771420                    /lib/x86_64-linux-gnu/libm-2.19.so
7f5fd9a5a000-7f5fd9a5b000 r--p 00104000 08:01 5771420                    /lib/x86_64-linux-gnu/libm-2.19.so
7f5fd9a5b000-7f5fd9a5c000 rw-p 00105000 08:01 5771420                    /lib/x86_64-linux-gnu/libm-2.19.so
7f5fd9a5c000-7f5fda71a000 r-xp 00000000 08:01 4069167                    /usr/lib/jvm/java-8-oracle/jre/lib/amd64/server/libjvm.so
7f5fda71a000-7f5fda919000 ---p 00cbe000 08:01 4069167                    /usr/lib/jvm/java-8-oracle/jre/lib/amd64/server/libjvm.so
7f5fda919000-7f5fda9f2000 rw-p 00cbd000 08:01 4069167                    /usr/lib/jvm/java-8-oracle/jre/lib/amd64/server/libjvm.so
7f5fda9f2000-7f5fdaa36000 rw-p 00000000 00:00 0 
7f5fdaa36000-7f5fdabf1000 r-xp 00000000 08:01 5771370                    /lib/x86_64-linux-gnu/libc-2.19.so
7f5fdabf1000-7f5fdadf0000 ---p 001bb000 08:01 5771370                    /lib/x86_64-linux-gnu/libc-2.19.so
7f5fdadf0000-7f5fdadf4000 r--p 001ba000 08:01 5771370                    /lib/x86_64-linux-gnu/libc-2.19.so
7f5fdadf4000-7f5fdadf6000 rw-p 001be000 08:01 5771370                    /lib/x86_64-linux-gnu/libc-2.19.so
7f5fdadf6000-7f5fdadfb000 rw-p 00000000 00:00 0 
7f5fdadfb000-7f5fdadfe000 r-xp 00000000 08:01 5771387                    /lib/x86_64-linux-gnu/libdl-2.19.so
7f5fdadfe000-7f5fdaffd000 ---p 00003000 08:01 5771387                    /lib/x86_64-linux-gnu/libdl-2.19.so
7f5fdaffd000-7f5fdaffe000 r--p 00002000 08:01 5771387                    /lib/x86_64-linux-gnu/libdl-2.19.so
7f5fdaffe000-7f5fdafff000 rw-p 00003000 08:01 5771387                    /lib/x86_64-linux-gnu/libdl-2.19.so
7f5fdafff000-7f5fdb014000 r-xp 00000000 08:01 4727160                    /usr/lib/jvm/java-8-oracle/lib/amd64/jli/libjli.so
7f5fdb014000-7f5fdb214000 ---p 00015000 08:01 4727160                    /usr/lib/jvm/java-8-oracle/lib/amd64/jli/libjli.so
7f5fdb214000-7f5fdb215000 rw-p 00015000 08:01 4727160                    /usr/lib/jvm/java-8-oracle/lib/amd64/jli/libjli.so
7f5fdb215000-7f5fdb22e000 r-xp 00000000 08:01 5771490                    /lib/x86_64-linux-gnu/libpthread-2.19.so
7f5fdb22e000-7f5fdb42d000 ---p 00019000 08:01 5771490                    /lib/x86_64-linux-gnu/libpthread-2.19.so
7f5fdb42d000-7f5fdb42e000 r--p 00018000 08:01 5771490                    /lib/x86_64-linux-gnu/libpthread-2.19.so
7f5fdb42e000-7f5fdb42f000 rw-p 00019000 08:01 5771490                    /lib/x86_64-linux-gnu/libpthread-2.19.so
7f5fdb42f000-7f5fdb433000 rw-p 00000000 00:00 0 
7f5fdb433000-7f5fdb456000 r-xp 00000000 08:01 5771346                    /lib/x86_64-linux-gnu/ld-2.19.so
7f5fdb45e000-7f5fdb465000 r--s 00000000 08:01 1967077                    /usr/lib/x86_64-linux-gnu/gconv/gconv-modules.cache
7f5fdb465000-7f5fdb531000 rw-p 00000000 00:00 0 
7f5fdb531000-7f5fdb534000 ---p 00000000 00:00 0 
7f5fdb534000-7f5fdb636000 rw-p 00000000 00:00 0                          [stack:8844]
7f5fdb639000-7f5fdb63a000 rw-p 00000000 00:00 0 
7f5fdb63a000-7f5fdb649000 r--s 000df000 08:01 656243                     /home/tomasz/Android/Sdk/build-tools/23.0.1/lib/dx.jar
7f5fdb649000-7f5fdb651000 rw-s 00000000 08:01 6032534                    /tmp/hsperfdata_tomasz/8839
7f5fdb651000-7f5fdb652000 rw-p 00000000 00:00 0 
7f5fdb652000-7f5fdb653000 ---p 00000000 00:00 0 
7f5fdb653000-7f5fdb655000 rw-p 00000000 00:00 0 
7f5fdb655000-7f5fdb656000 r--p 00022000 08:01 5771346                    /lib/x86_64-linux-gnu/ld-2.19.so
7f5fdb656000-7f5fdb657000 rw-p 00023000 08:01 5771346                    /lib/x86_64-linux-gnu/ld-2.19.so
7f5fdb657000-7f5fdb658000 rw-p 00000000 00:00 0 
7ffe33709000-7ffe3372a000 rw-p 00000000 00:00 0                          [stack]
7ffe3379d000-7ffe3379f000 r--p 00000000 00:00 0                          [vvar]
7ffe3379f000-7ffe337a1000 r-xp 00000000 00:00 0                          [vdso]
ffffffffff600000-ffffffffff601000 r-xp 00000000 00:00 0                  [vsyscall]

VM Arguments:
jvm_args: -Djava.awt.headless=true -Xmx2g -Dfile.encoding=UTF-8 -Duser.country=PL -Duser.language=pl -Duser.variant 
java_command: com.android.dx.command.Main --dex --num-threads=4 --multi-dex --main-dex-list /home/tomasz/AndroidStudioProjects/ITAssistant/app/build/intermediates/multi-dex/debug/maindexlist.txt --output /home/tomasz/AndroidStudioProjects/ITAssistant/app/build/intermediates/transforms/dex/debug/folders/1000/1f/main /home/tomasz/AndroidStudioProjects/ITAssistant/app/build/intermediates/transforms/jarMerging/debug/jars/1/1f/combined.jar
java_class_path (initial): /home/tomasz/Android/Sdk/build-tools/23.0.1/lib/dx.jar
Launcher Type: SUN_STANDARD

Environment Variables:
PATH=/usr/local/sbin:/usr/local/bin:/usr/sbin:/usr/bin:/sbin:/bin:/usr/games:/usr/local/games
LD_LIBRARY_PATH=.:
SHELL=/bin/bash
DISPLAY=:0

Signal Handlers:
SIGSEGV: [libjvm.so+0xaba2a0], sa_mask[0]=11111111011111111101111111111110, sa_flags=SA_RESTART|SA_SIGINFO
SIGBUS: [libjvm.so+0xaba2a0], sa_mask[0]=11111111011111111101111111111110, sa_flags=SA_RESTART|SA_SIGINFO
SIGFPE: [libjvm.so+0x917710], sa_mask[0]=11111111011111111101111111111110, sa_flags=SA_RESTART|SA_SIGINFO
SIGPIPE: [libjvm.so+0x917710], sa_mask[0]=11111111011111111101111111111110, sa_flags=SA_RESTART|SA_SIGINFO
SIGXFSZ: [libjvm.so+0x917710], sa_mask[0]=11111111011111111101111111111110, sa_flags=SA_RESTART|SA_SIGINFO
SIGILL: [libjvm.so+0x917710], sa_mask[0]=11111111011111111101111111111110, sa_flags=SA_RESTART|SA_SIGINFO
SIGUSR1: SIG_DFL, sa_mask[0]=00000000000000000000000000000000, sa_flags=none
SIGUSR2: [libjvm.so+0x918d40], sa_mask[0]=00100000000000000000000000000000, sa_flags=SA_RESTART|SA_SIGINFO
SIGHUP: [libjvm.so+0x91a140], sa_mask[0]=11111111011111111101111111111110, sa_flags=SA_RESTART|SA_SIGINFO
SIGINT: [libjvm.so+0x91a140], sa_mask[0]=11111111011111111101111111111110, sa_flags=SA_RESTART|SA_SIGINFO
SIGTERM: [libjvm.so+0x91a140], sa_mask[0]=11111111011111111101111111111110, sa_flags=SA_RESTART|SA_SIGINFO
SIGQUIT: [libjvm.so+0x91a140], sa_mask[0]=11111111011111111101111111111110, sa_flags=SA_RESTART|SA_SIGINFO


---------------  S Y S T E M  ---------------

OS:DISTRIB_ID=Ubuntu
DISTRIB_RELEASE=14.04
DISTRIB_CODENAME=trusty
DISTRIB_DESCRIPTION="Ubuntu 14.04.3 LTS"

uname:Linux 3.19.0-33-generic #38~14.04.1-Ubuntu SMP Fri Nov 6 18:17:28 UTC 2015 x86_64
libc:glibc 2.19 NPTL 2.19 
rlimit: STACK 8192k, CORE 0k, NPROC 23202, NOFILE 4096, AS infinity
load average:4,64 2,16 1,38

/proc/meminfo:
MemTotal:        5961336 kB
MemFree:          129700 kB
MemAvailable:      81916 kB
Buffers:             476 kB
Cached:           397876 kB
SwapCached:            0 kB
Active:          5255240 kB
Inactive:         367248 kB
Active(anon):    5245660 kB
Inactive(anon):   358016 kB
Active(file):       9580 kB
Inactive(file):     9232 kB
Unevictable:         860 kB
Mlocked:             860 kB
SwapTotal:             0 kB
SwapFree:              0 kB
Dirty:               300 kB
Writeback:             0 kB
AnonPages:       5226540 kB
Mapped:           101032 kB
Shmem:            378268 kB
Slab:              91676 kB
SReclaimable:      54540 kB
SUnreclaim:        37136 kB
KernelStack:       11456 kB
PageTables:        50672 kB
NFS_Unstable:          0 kB
Bounce:                0 kB
WritebackTmp:          0 kB
CommitLimit:     2980668 kB
Committed_AS:   10285168 kB
VmallocTotal:   34359738367 kB
VmallocUsed:      557916 kB
VmallocChunk:   34359161308 kB
HardwareCorrupted:     0 kB
AnonHugePages:   2379776 kB
CmaTotal:              0 kB
CmaFree:               0 kB
HugePages_Total:       0
HugePages_Free:        0
HugePages_Rsvd:        0
HugePages_Surp:        0
Hugepagesize:       2048 kB
DirectMap4k:      168192 kB
DirectMap2M:     5971968 kB


CPU:total 4 (2 cores per cpu, 2 threads per core) family 6 model 42 stepping 7, cmov, cx8, fxsr, mmx, sse, sse2, sse3, ssse3, sse4.1, sse4.2, popcnt, avx, aes, clmul, ht, tsc, tscinvbit

/proc/cpuinfo:
processor	: 0
vendor_id	: GenuineIntel
cpu family	: 6
model		: 42
model name	: Intel(R) Core(TM) i5-2450M CPU @ 2.50GHz
stepping	: 7
microcode	: 0x25
cpu MHz		: 1949.707
cache size	: 3072 KB
physical id	: 0
siblings	: 4
core id		: 0
cpu cores	: 2
apicid		: 0
initial apicid	: 0
fpu		: yes
fpu_exception	: yes
cpuid level	: 13
wp		: yes
flags		: fpu vme de pse tsc msr pae mce cx8 apic sep mtrr pge mca cmov pat pse36 clflush dts acpi mmx fxsr sse sse2 ss ht tm pbe syscall nx rdtscp lm constant_tsc arch_perfmon pebs bts rep_good nopl xtopology nonstop_tsc aperfmperf eagerfpu pni pclmulqdq dtes64 monitor ds_cpl vmx est tm2 ssse3 cx16 xtpr pdcm pcid sse4_1 sse4_2 x2apic popcnt tsc_deadline_timer aes xsave avx lahf_lm ida arat epb pln pts dtherm tpr_shadow vnmi flexpriority ept vpid xsaveopt
bugs		:
bogomips	: 4988.64
clflush size	: 64
cache_alignment	: 64
address sizes	: 36 bits physical, 48 bits virtual
power management:

processor	: 1
vendor_id	: GenuineIntel
cpu family	: 6
model		: 42
model name	: Intel(R) Core(TM) i5-2450M CPU @ 2.50GHz
stepping	: 7
microcode	: 0x25
cpu MHz		: 2699.707
cache size	: 3072 KB
physical id	: 0
siblings	: 4
core id		: 0
cpu cores	: 2
apicid		: 1
initial apicid	: 1
fpu		: yes
fpu_exception	: yes
cpuid level	: 13
wp		: yes
flags		: fpu vme de pse tsc msr pae mce cx8 apic sep mtrr pge mca cmov pat pse36 clflush dts acpi mmx fxsr sse sse2 ss ht tm pbe syscall nx rdtscp lm constant_tsc arch_perfmon pebs bts rep_good nopl xtopology nonstop_tsc aperfmperf eagerfpu pni pclmulqdq dtes64 monitor ds_cpl vmx est tm2 ssse3 cx16 xtpr pdcm pcid sse4_1 sse4_2 x2apic popcnt tsc_deadline_timer aes xsave avx lahf_lm ida arat epb pln pts dtherm tpr_shadow vnmi flexpriority ept vpid xsaveopt
bugs		:
bogomips	: 4988.64
clflush size	: 64
cache_alignment	: 64
address sizes	: 36 bits physical, 48 bits virtual
power management:

processor	: 2
vendor_id	: GenuineIntel
cpu family	: 6
model		: 42
model name	: Intel(R) Core(TM) i5-2450M CPU @ 2.50GHz
stepping	: 7
microcode	: 0x25
cpu MHz		: 2650.000
cache size	: 3072 KB
physical id	: 0
siblings	: 4
core id		: 1
cpu cores	: 2
apicid		: 2
initial apicid	: 2
fpu		: yes
fpu_exception	: yes
cpuid level	: 13
wp		: yes
flags		: fpu vme de pse tsc msr pae mce cx8 apic sep mtrr pge mca cmov pat pse36 clflush dts acpi mmx fxsr sse sse2 ss ht tm pbe syscall nx rdtscp lm constant_tsc arch_perfmon pebs bts rep_good nopl xtopology nonstop_tsc aperfmperf eagerfpu pni pclmulqdq dtes64 monitor ds_cpl vmx est tm2 ssse3 cx16 xtpr pdcm pcid sse4_1 sse4_2 x2apic popcnt tsc_deadline_timer aes xsave avx lahf_lm ida arat epb pln pts dtherm tpr_shadow vnmi flexpriority ept vpid xsaveopt
bugs		:
bogomips	: 4988.64
clflush size	: 64
cache_alignment	: 64
address sizes	: 36 bits physical, 48 bits virtual
power management:

processor	: 3
vendor_id	: GenuineIntel
cpu family	: 6
model		: 42
model name	: Intel(R) Core(TM) i5-2450M CPU @ 2.50GHz
stepping	: 7
microcode	: 0x25
cpu MHz		: 2730.273
cache size	: 3072 KB
physical id	: 0
siblings	: 4
core id		: 1
cpu cores	: 2
apicid		: 3
initial apicid	: 3
fpu		: yes
fpu_exception	: yes
cpuid level	: 13
wp		: yes
flags		: fpu vme de pse tsc msr pae mce cx8 apic sep mtrr pge mca cmov pat pse36 clflush dts acpi mmx fxsr sse sse2 ss ht tm pbe syscall nx rdtscp lm constant_tsc arch_perfmon pebs bts rep_good nopl xtopology nonstop_tsc aperfmperf eagerfpu pni pclmulqdq dtes64 monitor ds_cpl vmx est tm2 ssse3 cx16 xtpr pdcm pcid sse4_1 sse4_2 x2apic popcnt tsc_deadline_timer aes xsave avx lahf_lm ida arat epb pln pts dtherm tpr_shadow vnmi flexpriority ept vpid xsaveopt
bugs		:
bogomips	: 4988.64
clflush size	: 64
cache_alignment	: 64
address sizes	: 36 bits physical, 48 bits virtual
power management:



Memory: 4k page, physical 5961336k(129992k free), swap 0k(0k free)

vm_info: Java HotSpot(TM) 64-Bit Server VM (25.66-b17) for linux-amd64 JRE (1.8.0_66-b17), built on Oct  6 2015 17:28:34 by "java_re" with gcc 4.3.0 20080428 (Red Hat 4.3.0-8)

time: Tue Nov 24 22:59:00 2015
elapsed time: 44 seconds (0d 0h 0m 44s)

