#
# There is insufficient memory for the Java Runtime Environment to continue.
# Native memory allocation (mmap) failed to map 303562752 bytes for committing reserved memory.
# Possible reasons:
#   The system is out of physical RAM or swap space
#   In 32 bit mode, the process size limit was hit
# Possible solutions:
#   Reduce memory load on the system
#   Increase physical memory or swap space
#   Check if swap backing store is full
#   Use 64 bit Java on a 64 bit OS
#   Decrease Java heap size (-Xmx/-Xms)
#   Decrease number of Java threads
#   Decrease Java thread stack sizes (-Xss)
#   Set larger code cache with -XX:ReservedCodeCacheSize=
# This output file may be truncated or incomplete.
#
#  Out of Memory Error (os_linux.cpp:2627), pid=6683, tid=139967103371008
#
# JRE version: Java(TM) SE Runtime Environment (8.0_66-b17) (build 1.8.0_66-b17)
# Java VM: Java HotSpot(TM) 64-Bit Server VM (25.66-b17 mixed mode linux-amd64 compressed oops)
# Failed to write core dump. Core dumps have been disabled. To enable core dumping, try "ulimit -c unlimited" before starting Java again
#

---------------  T H R E A D  ---------------

Current thread (0x00007f4cb4078000):  VMThread [stack: 0x00007f4ca16a0000,0x00007f4ca17a1000] [id=6693]

Stack: [0x00007f4ca16a0000,0x00007f4ca17a1000],  sp=0x00007f4ca179efe0,  free space=1019k
Native frames: (J=compiled Java code, j=interpreted, Vv=VM code, C=native code)
V  [libjvm.so+0xab9a1a]  VMError::report_and_die()+0x2ba
V  [libjvm.so+0x4f9e0b]  report_vm_out_of_memory(char const*, int, unsigned long, VMErrorType, char const*)+0x8b
V  [libjvm.so+0x91a8a3]  os::Linux::commit_memory_impl(char*, unsigned long, bool)+0x103
V  [libjvm.so+0x91adf9]  os::pd_commit_memory(char*, unsigned long, unsigned long, bool)+0x29
V  [libjvm.so+0x91510a]  os::commit_memory(char*, unsigned long, unsigned long, bool)+0x2a
V  [libjvm.so+0x9887a3]  PSVirtualSpace::expand_by(unsigned long)+0x53
V  [libjvm.so+0x979090]  PSOldGen::expand(unsigned long)+0x170
V  [libjvm.so+0x97929b]  PSOldGen::resize(unsigned long)+0x1cb
V  [libjvm.so+0x980f71]  PSParallelCompact::invoke_no_policy(bool)+0x991
V  [libjvm.so+0x9868cd]  PSScavenge::invoke()+0x1ad
V  [libjvm.so+0x93e500]  ParallelScavengeHeap::failed_mem_allocate(unsigned long)+0x70
V  [libjvm.so+0xabb437]  VM_ParallelGCFailedAllocation::doit()+0x97
V  [libjvm.so+0xac2e65]  VM_Operation::evaluate()+0x55
V  [libjvm.so+0xac123a]  VMThread::evaluate_operation(VM_Operation*)+0xba
V  [libjvm.so+0xac15be]  VMThread::loop()+0x1ce
V  [libjvm.so+0xac1a30]  VMThread::run()+0x70
V  [libjvm.so+0x91cc68]  java_start(Thread*)+0x108

VM_Operation (0x00007f4ca029cdc0): ParallelGCFailedAllocation, mode: safepoint, requested by thread 0x00007f4cb41cb800


---------------  P R O C E S S  ---------------

Java Threads: ( => current thread )
  0x00007f4cb4151800 JavaThread "pool-1-thread-1" [_thread_blocked, id=6717, stack(0x00007f4c53eff000,0x00007f4c54000000)]
  0x00007f4cb41cd000 JavaThread "pool-2-thread-4" [_thread_blocked, id=6706, stack(0x00007f4ca009d000,0x00007f4ca019e000)]
  0x00007f4cb41cb800 JavaThread "pool-2-thread-3" [_thread_blocked, id=6705, stack(0x00007f4ca019e000,0x00007f4ca029f000)]
  0x00007f4cb41c9800 JavaThread "pool-2-thread-2" [_thread_blocked, id=6704, stack(0x00007f4ca029f000,0x00007f4ca03a0000)]
  0x00007f4cb41c8800 JavaThread "pool-3-thread-1" [_thread_blocked, id=6703, stack(0x00007f4ca03a0000,0x00007f4ca04a1000)]
  0x00007f4cb41c6800 JavaThread "pool-2-thread-1" [_thread_blocked, id=6702, stack(0x00007f4ca04a1000,0x00007f4ca05a2000)]
  0x00007f4cb40c0800 JavaThread "Service Thread" daemon [_thread_blocked, id=6700, stack(0x00007f4ca0786000,0x00007f4ca0887000)]
  0x00007f4cb40bb000 JavaThread "C1 CompilerThread2" daemon [_thread_blocked, id=6699, stack(0x00007f4ca0887000,0x00007f4ca0988000)]
  0x00007f4cb40b9800 JavaThread "C2 CompilerThread1" daemon [_thread_in_native, id=6698, stack(0x00007f4ca0988000,0x00007f4ca0a89000)]
  0x00007f4cb40b6800 JavaThread "C2 CompilerThread0" daemon [_thread_blocked, id=6697, stack(0x00007f4ca0a89000,0x00007f4ca0b8a000)]
  0x00007f4cb40b5000 JavaThread "Signal Dispatcher" daemon [_thread_blocked, id=6696, stack(0x00007f4ca0b8a000,0x00007f4ca0c8b000)]
  0x00007f4cb407f000 JavaThread "Finalizer" daemon [_thread_blocked, id=6695, stack(0x00007f4ca149e000,0x00007f4ca159f000)]
  0x00007f4cb407d000 JavaThread "Reference Handler" daemon [_thread_blocked, id=6694, stack(0x00007f4ca159f000,0x00007f4ca16a0000)]
  0x00007f4cb400a000 JavaThread "main" [_thread_blocked, id=6688, stack(0x00007f4cba2b7000,0x00007f4cba3b8000)]

Other Threads:
=>0x00007f4cb4078000 VMThread [stack: 0x00007f4ca16a0000,0x00007f4ca17a1000] [id=6693]
  0x00007f4cb40c3000 WatcherThread [stack: 0x00007f4ca0685000,0x00007f4ca0786000] [id=6701]

VM state:at safepoint (normal execution)

VM Mutex/Monitor currently owned by a thread:  ([mutex/lock_event])
[0x00007f4cb4005ef0] ExpandHeap_lock - owner thread: 0x00007f4cb4078000
[0x00007f4cb4006570] Threads_lock - owner thread: 0x00007f4cb4078000
[0x00007f4cb4006a70] Heap_lock - owner thread: 0x00007f4cb41cb800

Heap:
 PSYoungGen      total 465920K, used 0K [0x00000000d5580000, 0x0000000100000000, 0x0000000100000000)
  eden space 232960K, 0% used [0x00000000d5580000,0x00000000d5580000,0x00000000e3900000)
  from space 232960K, 0% used [0x00000000e3900000,0x00000000e3900000,0x00000000f1c80000)
  to   space 232960K, 0% used [0x00000000f1c80000,0x00000000f1c80000,0x0000000100000000)
 ParOldGen       total 855552K, used 838342K [0x0000000080000000, 0x00000000b4380000, 0x00000000d5580000)
  object space 855552K, 97% used [0x0000000080000000,0x00000000b32b1bb8,0x00000000b4380000)
 Metaspace       used 6723K, capacity 7384K, committed 7680K, reserved 1056768K
  class space    used 623K, capacity 656K, committed 768K, reserved 1048576K

Card table byte_map: [0x00007f4ca3bbc000,0x00007f4ca3fbd000] byte_map_base: 0x00007f4ca37bc000

Marking Bits: (ParMarkBitMap*) 0x00007f4cb9791020
 Begin Bits: [0x00007f4c98000000, 0x00007f4c9a000000)
 End Bits:   [0x00007f4c9a000000, 0x00007f4c9c000000)

Polling page: 0x00007f4cba3d8000

CodeCache: size=245760Kb used=12111Kb max_used=12111Kb free=233648Kb
 bounds [0x00007f4ca437d000, 0x00007f4ca4fcd000, 0x00007f4cb337d000]
 total_blobs=2814 nmethods=2545 adapters=182
 compilation: enabled

Compilation events (10 events):
Event: 44,554 Thread 0x00007f4cb40bb000 3194 %     3       java.util.Arrays::equals @ 30 (78 bytes)
Event: 44,555 Thread 0x00007f4cb40bb000 nmethod 3194% 0x00007f4ca4cdb290 code [0x00007f4ca4cdb440, 0x00007f4ca4cdb9a8]
Event: 44,555 Thread 0x00007f4cb40bb000 3195       3       java.util.Arrays::equals (78 bytes)
Event: 44,555 Thread 0x00007f4cb40bb000 nmethod 3195 0x00007f4ca4dc5f90 code [0x00007f4ca4dc6120, 0x00007f4ca4dc6608]
Event: 44,766 Thread 0x00007f4cb40bb000 3198 %     3       com.android.dx.dex.code.StdCatchBuilder::getCatchTypes @ 62 (97 bytes)
Event: 44,768 Thread 0x00007f4cb40bb000 nmethod 3198% 0x00007f4ca4dc0f10 code [0x00007f4ca4dc11e0, 0x00007f4ca4dc28f8]
Event: 44,806 Thread 0x00007f4cb40bb000 3199       2       com.android.dx.dex.code.OutputCollector::reverseBranch (10 bytes)
Event: 44,807 Thread 0x00007f4cb40bb000 nmethod 3199 0x00007f4ca4cdae50 code [0x00007f4ca4cdafc0, 0x00007f4ca4cdb128]
Event: 44,839 Thread 0x00007f4cb40bb000 3200 %     3       com.android.dx.dex.code.StdCatchBuilder::getCatchTypes @ 26 (97 bytes)
Event: 44,841 Thread 0x00007f4cb40bb000 nmethod 3200% 0x00007f4ca4dbe950 code [0x00007f4ca4dbec20, 0x00007f4ca4dc0278]

GC Heap History (10 events):
Event: 41,224 GC heap after
Heap after GC invocations=28 (full 5):
 PSYoungGen      total 455168K, used 127531K [0x00000000d5580000, 0x0000000100000000, 0x0000000100000000)
  eden space 236544K, 0% used [0x00000000d5580000,0x00000000d5580000,0x00000000e3c80000)
  from space 218624K, 58% used [0x00000000e3c80000,0x00000000eb90ac98,0x00000000f1200000)
  to   space 218112K, 0% used [0x00000000f2b00000,0x00000000f2b00000,0x0000000100000000)
 ParOldGen       total 855552K, used 695407K [0x0000000080000000, 0x00000000b4380000, 0x00000000d5580000)
  object space 855552K, 81% used [0x0000000080000000,0x00000000aa71be70,0x00000000b4380000)
 Metaspace       used 6614K, capacity 7320K, committed 7680K, reserved 1056768K
  class space    used 617K, capacity 656K, committed 768K, reserved 1048576K
}
Event: 41,964 GC heap before
{Heap before GC invocations=29 (full 5):
 PSYoungGen      total 455168K, used 364075K [0x00000000d5580000, 0x0000000100000000, 0x0000000100000000)
  eden space 236544K, 100% used [0x00000000d5580000,0x00000000e3c80000,0x00000000e3c80000)
  from space 218624K, 58% used [0x00000000e3c80000,0x00000000eb90ac98,0x00000000f1200000)
  to   space 218112K, 0% used [0x00000000f2b00000,0x00000000f2b00000,0x0000000100000000)
 ParOldGen       total 855552K, used 695407K [0x0000000080000000, 0x00000000b4380000, 0x00000000d5580000)
  object space 855552K, 81% used [0x0000000080000000,0x00000000aa71be70,0x00000000b4380000)
 Metaspace       used 6614K, capacity 7320K, committed 7680K, reserved 1056768K
  class space    used 617K, capacity 656K, committed 768K, reserved 1048576K
Event: 42,258 GC heap after
Heap after GC invocations=29 (full 5):
 PSYoungGen      total 454144K, used 166811K [0x00000000d5580000, 0x0000000100000000, 0x0000000100000000)
  eden space 236032K, 0% used [0x00000000d5580000,0x00000000d5580000,0x00000000e3c00000)
  from space 218112K, 76% used [0x00000000f2b00000,0x00000000fcde6ce8,0x0000000100000000)
  to   space 231424K, 0% used [0x00000000e3c00000,0x00000000e3c00000,0x00000000f1e00000)
 ParOldGen       total 855552K, used 695407K [0x0000000080000000, 0x00000000b4380000, 0x00000000d5580000)
  object space 855552K, 81% used [0x0000000080000000,0x00000000aa71be70,0x00000000b4380000)
 Metaspace       used 6614K, capacity 7320K, committed 7680K, reserved 1056768K
  class space    used 617K, capacity 656K, committed 768K, reserved 1048576K
}
Event: 43,010 GC heap before
{Heap before GC invocations=30 (full 5):
 PSYoungGen      total 454144K, used 402843K [0x00000000d5580000, 0x0000000100000000, 0x0000000100000000)
  eden space 236032K, 100% used [0x00000000d5580000,0x00000000e3c00000,0x00000000e3c00000)
  from space 218112K, 76% used [0x00000000f2b00000,0x00000000fcde6ce8,0x0000000100000000)
  to   space 231424K, 0% used [0x00000000e3c00000,0x00000000e3c00000,0x00000000f1e00000)
 ParOldGen       total 855552K, used 695407K [0x0000000080000000, 0x00000000b4380000, 0x00000000d5580000)
  object space 855552K, 81% used [0x0000000080000000,0x00000000aa71be70,0x00000000b4380000)
 Metaspace       used 6682K, capacity 7384K, committed 7680K, reserved 1056768K
  class space    used 621K, capacity 656K, committed 768K, reserved 1048576K
Event: 43,296 GC heap after
Heap after GC invocations=30 (full 5):
 PSYoungGen      total 439808K, used 203381K [0x00000000d5580000, 0x0000000100000000, 0x0000000100000000)
  eden space 236032K, 0% used [0x00000000d5580000,0x00000000d5580000,0x00000000e3c00000)
  from space 203776K, 99% used [0x00000000e3c00000,0x00000000f029d470,0x00000000f0300000)
  to   space 232960K, 0% used [0x00000000f1c80000,0x00000000f1c80000,0x0000000100000000)
 ParOldGen       total 855552K, used 695415K [0x0000000080000000, 0x00000000b4380000, 0x00000000d5580000)
  object space 855552K, 81% used [0x0000000080000000,0x00000000aa71de70,0x00000000b4380000)
 Metaspace       used 6682K, capacity 7384K, committed 7680K, reserved 1056768K
  class space    used 621K, capacity 656K, committed 768K, reserved 1048576K
}
Event: 43,964 GC heap before
{Heap before GC invocations=31 (full 5):
 PSYoungGen      total 439808K, used 439413K [0x00000000d5580000, 0x0000000100000000, 0x0000000100000000)
  eden space 236032K, 100% used [0x00000000d5580000,0x00000000e3c00000,0x00000000e3c00000)
  from space 203776K, 99% used [0x00000000e3c00000,0x00000000f029d470,0x00000000f0300000)
  to   space 232960K, 0% used [0x00000000f1c80000,0x00000000f1c80000,0x0000000100000000)
 ParOldGen       total 855552K, used 695415K [0x0000000080000000, 0x00000000b4380000, 0x00000000d5580000)
  object space 855552K, 81% used [0x0000000080000000,0x00000000aa71de70,0x00000000b4380000)
 Metaspace       used 6723K, capacity 7384K, committed 7680K, reserved 1056768K
  class space    used 623K, capacity 656K, committed 768K, reserved 1048576K
Event: 44,346 GC heap after
Heap after GC invocations=31 (full 5):
 PSYoungGen      total 465920K, used 194512K [0x00000000d5580000, 0x0000000100000000, 0x0000000100000000)
  eden space 232960K, 0% used [0x00000000d5580000,0x00000000d5580000,0x00000000e3900000)
  from space 232960K, 83% used [0x00000000f1c80000,0x00000000fda741c8,0x0000000100000000)
  to   space 232960K, 0% used [0x00000000e3900000,0x00000000e3900000,0x00000000f1c80000)
 ParOldGen       total 855552K, used 743689K [0x0000000080000000, 0x00000000b4380000, 0x00000000d5580000)
  object space 855552K, 86% used [0x0000000080000000,0x00000000ad6425c8,0x00000000b4380000)
 Metaspace       used 6723K, capacity 7384K, committed 7680K, reserved 1056768K
  class space    used 623K, capacity 656K, committed 768K, reserved 1048576K
}
Event: 44,939 GC heap before
{Heap before GC invocations=32 (full 5):
 PSYoungGen      total 465920K, used 427472K [0x00000000d5580000, 0x0000000100000000, 0x0000000100000000)
  eden space 232960K, 100% used [0x00000000d5580000,0x00000000e3900000,0x00000000e3900000)
  from space 232960K, 83% used [0x00000000f1c80000,0x00000000fda741c8,0x0000000100000000)
  to   space 232960K, 0% used [0x00000000e3900000,0x00000000e3900000,0x00000000f1c80000)
 ParOldGen       total 855552K, used 743689K [0x0000000080000000, 0x00000000b4380000, 0x00000000d5580000)
  object space 855552K, 86% used [0x0000000080000000,0x00000000ad6425c8,0x00000000b4380000)
 Metaspace       used 6723K, capacity 7384K, committed 7680K, reserved 1056768K
  class space    used 623K, capacity 656K, committed 768K, reserved 1048576K
Event: 45,284 GC heap after
Heap after GC invocations=32 (full 5):
 PSYoungGen      total 465920K, used 152624K [0x00000000d5580000, 0x0000000100000000, 0x0000000100000000)
  eden space 232960K, 0% used [0x00000000d5580000,0x00000000d5580000,0x00000000e3900000)
  from space 232960K, 65% used [0x00000000e3900000,0x00000000ece0c380,0x00000000f1c80000)
  to   space 232960K, 0% used [0x00000000f1c80000,0x00000000f1c80000,0x0000000100000000)
 ParOldGen       total 855552K, used 820638K [0x0000000080000000, 0x00000000b4380000, 0x00000000d5580000)
  object space 855552K, 95% used [0x0000000080000000,0x00000000b2167918,0x00000000b4380000)
 Metaspace       used 6723K, capacity 7384K, committed 7680K, reserved 1056768K
  class space    used 623K, capacity 656K, committed 768K, reserved 1048576K
}
Event: 45,284 GC heap before
{Heap before GC invocations=33 (full 6):
 PSYoungGen      total 465920K, used 152624K [0x00000000d5580000, 0x0000000100000000, 0x0000000100000000)
  eden space 232960K, 0% used [0x00000000d5580000,0x00000000d5580000,0x00000000e3900000)
  from space 232960K, 65% used [0x00000000e3900000,0x00000000ece0c380,0x00000000f1c80000)
  to   space 232960K, 0% used [0x00000000f1c80000,0x00000000f1c80000,0x0000000100000000)
 ParOldGen       total 855552K, used 820638K [0x0000000080000000, 0x00000000b4380000, 0x00000000d5580000)
  object space 855552K, 95% used [0x0000000080000000,0x00000000b2167918,0x00000000b4380000)
 Metaspace       used 6723K, capacity 7384K, committed 7680K, reserved 1056768K
  class space    used 623K, capacity 656K, committed 768K, reserved 1048576K

Deoptimization events (10 events):
Event: 40,915 Thread 0x00007f4cb41c6800 Uncommon trap: reason=unstable_if action=reinterpret pc=0x00007f4ca4c52414 method=com.android.dx.ssa.PhiTypeResolver.resolveResultType(Lcom/android/dx/ssa/PhiInsn;)Z @ 293
Event: 40,949 Thread 0x00007f4cb41cd000 Uncommon trap: reason=unstable_if action=reinterpret pc=0x00007f4ca4f49d28 method=com.android.dx.cf.code.RopperMachine.run(Lcom/android/dx/cf/code/Frame;II)V @ 356
Event: 42,775 Thread 0x00007f4cb4151800 Uncommon trap: reason=class_check action=maybe_recompile pc=0x00007f4ca4548fbc method=java.util.Arrays.hashCode([Ljava/lang/Object;)I @ 43
Event: 42,776 Thread 0x00007f4cb4151800 Uncommon trap: reason=class_check action=maybe_recompile pc=0x00007f4ca4548fbc method=java.util.Arrays.hashCode([Ljava/lang/Object;)I @ 43
Event: 42,776 Thread 0x00007f4cb4151800 Uncommon trap: reason=class_check action=maybe_recompile pc=0x00007f4ca4548fbc method=java.util.Arrays.hashCode([Ljava/lang/Object;)I @ 43
Event: 42,776 Thread 0x00007f4cb4151800 Uncommon trap: reason=class_check action=maybe_recompile pc=0x00007f4ca4548fbc method=java.util.Arrays.hashCode([Ljava/lang/Object;)I @ 43
Event: 42,776 Thread 0x00007f4cb4151800 Uncommon trap: reason=class_check action=maybe_recompile pc=0x00007f4ca486d374 method=java.util.Arrays.hashCode([Ljava/lang/Object;)I @ 43
Event: 43,675 Thread 0x00007f4cb41cb800 Uncommon trap: reason=unstable_if action=reinterpret pc=0x00007f4ca46694e4 method=com.android.dx.rop.code.RegisterSpec.equals(ILcom/android/dx/rop/type/TypeBearer;Lcom/android/dx/rop/code/LocalItem;)Z @ 31
Event: 43,678 Thread 0x00007f4cb41cb800 Uncommon trap: reason=unstable_if action=reinterpret pc=0x00007f4ca47df820 method=com.android.dx.rop.code.RegisterSpec.equals(ILcom/android/dx/rop/type/TypeBearer;Lcom/android/dx/rop/code/LocalItem;)Z @ 31
Event: 43,812 Thread 0x00007f4cb41cd000 Uncommon trap: reason=unstable_if action=reinterpret pc=0x00007f4ca4a00b10 method=java.util.HashMap.resize()[Ljava/util/HashMap$Node; @ 206

Internal exceptions (10 events):
Event: 0,027 Thread 0x00007f4cb400a000 Exception <a 'java/lang/NoSuchMethodError': Method sun.misc.Unsafe.prefetchRead(Ljava/lang/Object;J)V name or signature does not match> (0x00000000d5592ce0) thrown at [/HUDSON/workspace/8-2-build-linux-amd64/jdk8u66/4988/hotspot/src/share/vm/prims/jni.cpp
Event: 1,513 Thread 0x00007f4cb41cd000 Exception <a 'java/lang/ArrayIndexOutOfBoundsException': 18> (0x00000000da52f608) thrown at [/HUDSON/workspace/8-2-build-linux-amd64/jdk8u66/4988/hotspot/src/share/vm/interpreter/interpreterRuntime.cpp, line 366]
Event: 1,513 Thread 0x00007f4cb41cd000 Exception <a 'java/lang/ArrayIndexOutOfBoundsException': 145> (0x00000000da531188) thrown at [/HUDSON/workspace/8-2-build-linux-amd64/jdk8u66/4988/hotspot/src/share/vm/interpreter/interpreterRuntime.cpp, line 366]
Event: 1,514 Thread 0x00007f4cb41cd000 Exception <a 'java/lang/ArrayIndexOutOfBoundsException': 40> (0x00000000da532470) thrown at [/HUDSON/workspace/8-2-build-linux-amd64/jdk8u66/4988/hotspot/src/share/vm/interpreter/interpreterRuntime.cpp, line 366]
Event: 6,851 Thread 0x00007f4cb41c6800 Implicit null exception at 0x00007f4ca4cbcb57 to 0x00007f4ca4cc05bd
Event: 14,020 Thread 0x00007f4cb41c6800 Implicit null exception at 0x00007f4ca47eceb0 to 0x00007f4ca47ef951
Event: 14,373 Thread 0x00007f4cb400a000 Implicit null exception at 0x00007f4ca47f7c05 to 0x00007f4ca47fbc81
Event: 40,915 Thread 0x00007f4cb41c6800 Implicit null exception at 0x00007f4ca4c510e2 to 0x00007f4ca4c523ec
Event: 43,675 Thread 0x00007f4cb41cb800 Implicit null exception at 0x00007f4ca46690f3 to 0x00007f4ca46694ad
Event: 43,678 Thread 0x00007f4cb41cb800 Implicit null exception at 0x00007f4ca47df4a3 to 0x00007f4ca47df7d5

Events (10 events):
Event: 44,565 Thread 0x00007f4cb400a000 DEOPT UNPACKING pc=0x00007f4ca43c4633 sp=0x00007f4cba3b54b0 mode 0
Event: 44,661 Thread 0x00007f4cb41cd000 DEOPT PACKING pc=0x00007f4ca46dcc60 sp=0x00007f4ca019bea0
Event: 44,661 Thread 0x00007f4cb41cd000 DEOPT UNPACKING pc=0x00007f4ca43c4633 sp=0x00007f4ca019bca0 mode 0
Event: 44,732 Thread 0x00007f4cb41cd000 DEOPT PACKING pc=0x00007f4ca46dcc60 sp=0x00007f4ca019bea0
Event: 44,732 Thread 0x00007f4cb41cd000 DEOPT UNPACKING pc=0x00007f4ca43c4633 sp=0x00007f4ca019bca0 mode 0
Event: 44,792 Thread 0x00007f4cb400a000 DEOPT PACKING pc=0x00007f4ca46dcc60 sp=0x00007f4cba3b56b0
Event: 44,792 Thread 0x00007f4cb400a000 DEOPT UNPACKING pc=0x00007f4ca43c4633 sp=0x00007f4cba3b54b0 mode 0
Event: 44,881 Thread 0x00007f4cb41cb800 DEOPT PACKING pc=0x00007f4ca46dcd1a sp=0x00007f4ca029ce20
Event: 44,881 Thread 0x00007f4cb41cb800 DEOPT UNPACKING pc=0x00007f4ca43c4633 sp=0x00007f4ca029cc20 mode 0
Event: 44,939 Executing VM operation: ParallelGCFailedAllocation


Dynamic libraries:
00400000-00401000 r-xp 00000000 08:01 4591374                            /usr/lib/jvm/java-8-oracle/bin/java
00600000-00601000 rw-p 00000000 08:01 4591374                            /usr/lib/jvm/java-8-oracle/bin/java
02166000-02187000 rw-p 00000000 00:00 0                                  [heap]
80000000-b4380000 rw-p 00000000 00:00 0 
c6500000-d5580000 ---p 00000000 00:00 0 
d5580000-100000000 rw-p 00000000 00:00 0 
100000000-1000c0000 rw-p 00000000 00:00 0 
1000c0000-140000000 ---p 00000000 00:00 0 
7f4c4c000000-7f4c4c021000 rw-p 00000000 00:00 0 
7f4c4c021000-7f4c50000000 ---p 00000000 00:00 0 
7f4c53eff000-7f4c53f02000 ---p 00000000 00:00 0 
7f4c53f02000-7f4c54000000 rw-p 00000000 00:00 0                          [stack:6717]
7f4c54000000-7f4c54029000 rw-p 00000000 00:00 0 
7f4c54029000-7f4c58000000 ---p 00000000 00:00 0 
7f4c58000000-7f4c58071000 rw-p 00000000 00:00 0 
7f4c58071000-7f4c5c000000 ---p 00000000 00:00 0 
7f4c5c000000-7f4c5c021000 rw-p 00000000 00:00 0 
7f4c5c021000-7f4c60000000 ---p 00000000 00:00 0 
7f4c60000000-7f4c60079000 rw-p 00000000 00:00 0 
7f4c60079000-7f4c64000000 ---p 00000000 00:00 0 
7f4c64000000-7f4c64021000 rw-p 00000000 00:00 0 
7f4c64021000-7f4c68000000 ---p 00000000 00:00 0 
7f4c68000000-7f4c68042000 rw-p 00000000 00:00 0 
7f4c68042000-7f4c6c000000 ---p 00000000 00:00 0 
7f4c6c000000-7f4c6cb54000 rw-p 00000000 00:00 0 
7f4c6cb54000-7f4c70000000 ---p 00000000 00:00 0 
7f4c70000000-7f4c70021000 rw-p 00000000 00:00 0 
7f4c70021000-7f4c74000000 ---p 00000000 00:00 0 
7f4c74000000-7f4c75fc5000 rw-p 00000000 00:00 0 
7f4c75fc5000-7f4c78000000 ---p 00000000 00:00 0 
7f4c78000000-7f4c79244000 rw-p 00000000 00:00 0 
7f4c79244000-7f4c7c000000 ---p 00000000 00:00 0 
7f4c7c000000-7f4c7c021000 rw-p 00000000 00:00 0 
7f4c7c021000-7f4c80000000 ---p 00000000 00:00 0 
7f4c80000000-7f4c80021000 rw-p 00000000 00:00 0 
7f4c80021000-7f4c84000000 ---p 00000000 00:00 0 
7f4c84000000-7f4c842a7000 rw-p 00000000 00:00 0 
7f4c842a7000-7f4c88000000 ---p 00000000 00:00 0 
7f4c88000000-7f4c88021000 rw-p 00000000 00:00 0 
7f4c88021000-7f4c8c000000 ---p 00000000 00:00 0 
7f4c8c000000-7f4c8c021000 rw-p 00000000 00:00 0 
7f4c8c021000-7f4c90000000 ---p 00000000 00:00 0 
7f4c90000000-7f4c90021000 rw-p 00000000 00:00 0 
7f4c90021000-7f4c94000000 ---p 00000000 00:00 0 
7f4c94000000-7f4c94021000 rw-p 00000000 00:00 0 
7f4c94021000-7f4c98000000 ---p 00000000 00:00 0 
7f4c98000000-7f4c9c000000 rw-p 00000000 00:00 0 
7f4c9c000000-7f4c9c021000 rw-p 00000000 00:00 0 
7f4c9c021000-7f4ca0000000 ---p 00000000 00:00 0 
7f4ca0078000-7f4ca009d000 r--p 00000000 08:01 2361987                    /usr/share/locale-langpack/pl/LC_MESSAGES/libc.mo
7f4ca009d000-7f4ca00a0000 ---p 00000000 00:00 0 
7f4ca00a0000-7f4ca019e000 rw-p 00000000 00:00 0                          [stack:6706]
7f4ca019e000-7f4ca01a1000 ---p 00000000 00:00 0 
7f4ca01a1000-7f4ca029f000 rw-p 00000000 00:00 0                          [stack:6705]
7f4ca029f000-7f4ca02a2000 ---p 00000000 00:00 0 
7f4ca02a2000-7f4ca03a0000 rw-p 00000000 00:00 0                          [stack:6704]
7f4ca03a0000-7f4ca03a3000 ---p 00000000 00:00 0 
7f4ca03a3000-7f4ca04a1000 rw-p 00000000 00:00 0                          [stack:6703]
7f4ca04a1000-7f4ca04a4000 ---p 00000000 00:00 0 
7f4ca04a4000-7f4ca05a2000 rw-p 00000000 00:00 0                          [stack:6702]
7f4ca05a2000-7f4ca0685000 r--s 00bb4000 08:01 7343009                    /home/tomasz/AndroidStudioProjects/ITAssistant/app/build/intermediates/transforms/jarMerging/debug/jars/1/1f/combined.jar
7f4ca0685000-7f4ca0686000 ---p 00000000 00:00 0 
7f4ca0686000-7f4ca0786000 rw-p 00000000 00:00 0                          [stack:6701]
7f4ca0786000-7f4ca0789000 ---p 00000000 00:00 0 
7f4ca0789000-7f4ca0887000 rw-p 00000000 00:00 0                          [stack:6700]
7f4ca0887000-7f4ca088a000 ---p 00000000 00:00 0 
7f4ca088a000-7f4ca0988000 rw-p 00000000 00:00 0                          [stack:6699]
7f4ca0988000-7f4ca098b000 ---p 00000000 00:00 0 
7f4ca098b000-7f4ca0a89000 rw-p 00000000 00:00 0                          [stack:6698]
7f4ca0a89000-7f4ca0a8c000 ---p 00000000 00:00 0 
7f4ca0a8c000-7f4ca0b8a000 rw-p 00000000 00:00 0                          [stack:6697]
7f4ca0b8a000-7f4ca0b8d000 ---p 00000000 00:00 0 
7f4ca0b8d000-7f4ca0c8b000 rw-p 00000000 00:00 0                          [stack:6696]
7f4ca0c8b000-7f4ca149e000 r--p 00000000 08:01 1579663                    /usr/lib/locale/locale-archive
7f4ca149e000-7f4ca14a1000 ---p 00000000 00:00 0 
7f4ca14a1000-7f4ca159f000 rw-p 00000000 00:00 0                          [stack:6695]
7f4ca159f000-7f4ca15a2000 ---p 00000000 00:00 0 
7f4ca15a2000-7f4ca16a0000 rw-p 00000000 00:00 0                          [stack:6694]
7f4ca16a0000-7f4ca16a1000 ---p 00000000 00:00 0 
7f4ca16a1000-7f4ca2734000 rw-p 00000000 00:00 0                          [stack:6693]
7f4ca2734000-7f4ca290d000 r--s 03d20000 08:01 4069182                    /usr/lib/jvm/java-8-oracle/jre/lib/rt.jar
7f4ca290d000-7f4ca2fcd000 rw-p 00000000 00:00 0 
7f4ca2fcd000-7f4ca310d000 ---p 00000000 00:00 0 
7f4ca310d000-7f4ca350d000 rw-p 00000000 00:00 0 
7f4ca350d000-7f4ca350e000 ---p 00000000 00:00 0 
7f4ca350e000-7f4ca360e000 rw-p 00000000 00:00 0                          [stack:6692]
7f4ca360e000-7f4ca360f000 ---p 00000000 00:00 0 
7f4ca360f000-7f4ca370f000 rw-p 00000000 00:00 0                          [stack:6691]
7f4ca370f000-7f4ca3710000 ---p 00000000 00:00 0 
7f4ca3710000-7f4ca3810000 rw-p 00000000 00:00 0                          [stack:6690]
7f4ca3810000-7f4ca3811000 ---p 00000000 00:00 0 
7f4ca3811000-7f4ca3ab3000 rw-p 00000000 00:00 0                          [stack:6689]
7f4ca3ab3000-7f4ca3bbc000 ---p 00000000 00:00 0 
7f4ca3bbc000-7f4ca3d5e000 rw-p 00000000 00:00 0 
7f4ca3d5e000-7f4ca3e66000 ---p 00000000 00:00 0 
7f4ca3e66000-7f4ca3fbc000 rw-p 00000000 00:00 0 
7f4ca3fbc000-7f4ca3fef000 rw-p 00000000 00:00 0 
7f4ca3fef000-7f4ca437d000 ---p 00000000 00:00 0 
7f4ca437d000-7f4ca4fcd000 rwxp 00000000 00:00 0 
7f4ca4fcd000-7f4cb337d000 ---p 00000000 00:00 0 
7f4cb337d000-7f4cb3397000 r-xp 00000000 08:01 4069168                    /usr/lib/jvm/java-8-oracle/jre/lib/amd64/libzip.so
7f4cb3397000-7f4cb3597000 ---p 0001a000 08:01 4069168                    /usr/lib/jvm/java-8-oracle/jre/lib/amd64/libzip.so
7f4cb3597000-7f4cb3598000 rw-p 0001a000 08:01 4069168                    /usr/lib/jvm/java-8-oracle/jre/lib/amd64/libzip.so
7f4cb3598000-7f4cb35a3000 r-xp 00000000 08:01 5771445                    /lib/x86_64-linux-gnu/libnss_files-2.19.so
7f4cb35a3000-7f4cb37a2000 ---p 0000b000 08:01 5771445                    /lib/x86_64-linux-gnu/libnss_files-2.19.so
7f4cb37a2000-7f4cb37a3000 r--p 0000a000 08:01 5771445                    /lib/x86_64-linux-gnu/libnss_files-2.19.so
7f4cb37a3000-7f4cb37a4000 rw-p 0000b000 08:01 5771445                    /lib/x86_64-linux-gnu/libnss_files-2.19.so
7f4cb37a4000-7f4cb37af000 r-xp 00000000 08:01 5771455                    /lib/x86_64-linux-gnu/libnss_nis-2.19.so
7f4cb37af000-7f4cb39ae000 ---p 0000b000 08:01 5771455                    /lib/x86_64-linux-gnu/libnss_nis-2.19.so
7f4cb39ae000-7f4cb39af000 r--p 0000a000 08:01 5771455                    /lib/x86_64-linux-gnu/libnss_nis-2.19.so
7f4cb39af000-7f4cb39b0000 rw-p 0000b000 08:01 5771455                    /lib/x86_64-linux-gnu/libnss_nis-2.19.so
7f4cb39b0000-7f4cb39c7000 r-xp 00000000 08:01 5771439                    /lib/x86_64-linux-gnu/libnsl-2.19.so
7f4cb39c7000-7f4cb3bc6000 ---p 00017000 08:01 5771439                    /lib/x86_64-linux-gnu/libnsl-2.19.so
7f4cb3bc6000-7f4cb3bc7000 r--p 00016000 08:01 5771439                    /lib/x86_64-linux-gnu/libnsl-2.19.so
7f4cb3bc7000-7f4cb3bc8000 rw-p 00017000 08:01 5771439                    /lib/x86_64-linux-gnu/libnsl-2.19.so
7f4cb3bc8000-7f4cb3bca000 rw-p 00000000 00:00 0 
7f4cb3bca000-7f4cb3bd3000 r-xp 00000000 08:01 5771441                    /lib/x86_64-linux-gnu/libnss_compat-2.19.so
7f4cb3bd3000-7f4cb3dd2000 ---p 00009000 08:01 5771441                    /lib/x86_64-linux-gnu/libnss_compat-2.19.so
7f4cb3dd2000-7f4cb3dd3000 r--p 00008000 08:01 5771441                    /lib/x86_64-linux-gnu/libnss_compat-2.19.so
7f4cb3dd3000-7f4cb3dd4000 rw-p 00009000 08:01 5771441                    /lib/x86_64-linux-gnu/libnss_compat-2.19.so
7f4cb3dd4000-7f4cb3dfe000 r-xp 00000000 08:01 4069157                    /usr/lib/jvm/java-8-oracle/jre/lib/amd64/libjava.so
7f4cb3dfe000-7f4cb3ffe000 ---p 0002a000 08:01 4069157                    /usr/lib/jvm/java-8-oracle/jre/lib/amd64/libjava.so
7f4cb3ffe000-7f4cb4000000 rw-p 0002a000 08:01 4069157                    /usr/lib/jvm/java-8-oracle/jre/lib/amd64/libjava.so
7f4cb4000000-7f4cb43fa000 rw-p 00000000 00:00 0 
7f4cb43fa000-7f4cb8000000 ---p 00000000 00:00 0 
7f4cb8000000-7f4cb80c5000 rw-p 00000000 00:00 0 
7f4cb80c5000-7f4cb80d2000 r-xp 00000000 08:01 4069118                    /usr/lib/jvm/java-8-oracle/jre/lib/amd64/libverify.so
7f4cb80d2000-7f4cb82d2000 ---p 0000d000 08:01 4069118                    /usr/lib/jvm/java-8-oracle/jre/lib/amd64/libverify.so
7f4cb82d2000-7f4cb82d4000 rw-p 0000d000 08:01 4069118                    /usr/lib/jvm/java-8-oracle/jre/lib/amd64/libverify.so
7f4cb82d4000-7f4cb82db000 r-xp 00000000 08:01 5771498                    /lib/x86_64-linux-gnu/librt-2.19.so
7f4cb82db000-7f4cb84da000 ---p 00007000 08:01 5771498                    /lib/x86_64-linux-gnu/librt-2.19.so
7f4cb84da000-7f4cb84db000 r--p 00006000 08:01 5771498                    /lib/x86_64-linux-gnu/librt-2.19.so
7f4cb84db000-7f4cb84dc000 rw-p 00007000 08:01 5771498                    /lib/x86_64-linux-gnu/librt-2.19.so
7f4cb84dc000-7f4cb85e1000 r-xp 00000000 08:01 5771420                    /lib/x86_64-linux-gnu/libm-2.19.so
7f4cb85e1000-7f4cb87e0000 ---p 00105000 08:01 5771420                    /lib/x86_64-linux-gnu/libm-2.19.so
7f4cb87e0000-7f4cb87e1000 r--p 00104000 08:01 5771420                    /lib/x86_64-linux-gnu/libm-2.19.so
7f4cb87e1000-7f4cb87e2000 rw-p 00105000 08:01 5771420                    /lib/x86_64-linux-gnu/libm-2.19.so
7f4cb87e2000-7f4cb94a0000 r-xp 00000000 08:01 4069167                    /usr/lib/jvm/java-8-oracle/jre/lib/amd64/server/libjvm.so
7f4cb94a0000-7f4cb969f000 ---p 00cbe000 08:01 4069167                    /usr/lib/jvm/java-8-oracle/jre/lib/amd64/server/libjvm.so
7f4cb969f000-7f4cb9778000 rw-p 00cbd000 08:01 4069167                    /usr/lib/jvm/java-8-oracle/jre/lib/amd64/server/libjvm.so
7f4cb9778000-7f4cb97bc000 rw-p 00000000 00:00 0 
7f4cb97bc000-7f4cb9977000 r-xp 00000000 08:01 5771370                    /lib/x86_64-linux-gnu/libc-2.19.so
7f4cb9977000-7f4cb9b76000 ---p 001bb000 08:01 5771370                    /lib/x86_64-linux-gnu/libc-2.19.so
7f4cb9b76000-7f4cb9b7a000 r--p 001ba000 08:01 5771370                    /lib/x86_64-linux-gnu/libc-2.19.so
7f4cb9b7a000-7f4cb9b7c000 rw-p 001be000 08:01 5771370                    /lib/x86_64-linux-gnu/libc-2.19.so
7f4cb9b7c000-7f4cb9b81000 rw-p 00000000 00:00 0 
7f4cb9b81000-7f4cb9b84000 r-xp 00000000 08:01 5771387                    /lib/x86_64-linux-gnu/libdl-2.19.so
7f4cb9b84000-7f4cb9d83000 ---p 00003000 08:01 5771387                    /lib/x86_64-linux-gnu/libdl-2.19.so
7f4cb9d83000-7f4cb9d84000 r--p 00002000 08:01 5771387                    /lib/x86_64-linux-gnu/libdl-2.19.so
7f4cb9d84000-7f4cb9d85000 rw-p 00003000 08:01 5771387                    /lib/x86_64-linux-gnu/libdl-2.19.so
7f4cb9d85000-7f4cb9d9a000 r-xp 00000000 08:01 4727160                    /usr/lib/jvm/java-8-oracle/lib/amd64/jli/libjli.so
7f4cb9d9a000-7f4cb9f9a000 ---p 00015000 08:01 4727160                    /usr/lib/jvm/java-8-oracle/lib/amd64/jli/libjli.so
7f4cb9f9a000-7f4cb9f9b000 rw-p 00015000 08:01 4727160                    /usr/lib/jvm/java-8-oracle/lib/amd64/jli/libjli.so
7f4cb9f9b000-7f4cb9fb4000 r-xp 00000000 08:01 5771490                    /lib/x86_64-linux-gnu/libpthread-2.19.so
7f4cb9fb4000-7f4cba1b3000 ---p 00019000 08:01 5771490                    /lib/x86_64-linux-gnu/libpthread-2.19.so
7f4cba1b3000-7f4cba1b4000 r--p 00018000 08:01 5771490                    /lib/x86_64-linux-gnu/libpthread-2.19.so
7f4cba1b4000-7f4cba1b5000 rw-p 00019000 08:01 5771490                    /lib/x86_64-linux-gnu/libpthread-2.19.so
7f4cba1b5000-7f4cba1b9000 rw-p 00000000 00:00 0 
7f4cba1b9000-7f4cba1dc000 r-xp 00000000 08:01 5771346                    /lib/x86_64-linux-gnu/ld-2.19.so
7f4cba1e4000-7f4cba1eb000 r--s 00000000 08:01 1967077                    /usr/lib/x86_64-linux-gnu/gconv/gconv-modules.cache
7f4cba1eb000-7f4cba2b7000 rw-p 00000000 00:00 0 
7f4cba2b7000-7f4cba2ba000 ---p 00000000 00:00 0 
7f4cba2ba000-7f4cba3bc000 rw-p 00000000 00:00 0                          [stack:6688]
7f4cba3bf000-7f4cba3c0000 rw-p 00000000 00:00 0 
7f4cba3c0000-7f4cba3cf000 r--s 000df000 08:01 10635452                   /home/tomasz/Android/Sdk/build-tools/23.0.2/lib/dx.jar
7f4cba3cf000-7f4cba3d7000 rw-s 00000000 08:01 6035032                    /tmp/hsperfdata_tomasz/6683
7f4cba3d7000-7f4cba3d8000 rw-p 00000000 00:00 0 
7f4cba3d8000-7f4cba3d9000 ---p 00000000 00:00 0 
7f4cba3d9000-7f4cba3db000 rw-p 00000000 00:00 0 
7f4cba3db000-7f4cba3dc000 r--p 00022000 08:01 5771346                    /lib/x86_64-linux-gnu/ld-2.19.so
7f4cba3dc000-7f4cba3dd000 rw-p 00023000 08:01 5771346                    /lib/x86_64-linux-gnu/ld-2.19.so
7f4cba3dd000-7f4cba3de000 rw-p 00000000 00:00 0 
7ffded3b1000-7ffded3d2000 rw-p 00000000 00:00 0                          [stack]
7ffded3ef000-7ffded3f1000 r--p 00000000 00:00 0                          [vvar]
7ffded3f1000-7ffded3f3000 r-xp 00000000 00:00 0                          [vdso]
ffffffffff600000-ffffffffff601000 r-xp 00000000 00:00 0                  [vsyscall]

VM Arguments:
jvm_args: -Djava.awt.headless=true -Xmx2g -Dfile.encoding=UTF-8 -Duser.country=PL -Duser.language=pl -Duser.variant 
java_command: com.android.dx.command.Main --dex --num-threads=4 --multi-dex --main-dex-list /home/tomasz/AndroidStudioProjects/ITAssistant/app/build/intermediates/multi-dex/debug/maindexlist.txt --output /home/tomasz/AndroidStudioProjects/ITAssistant/app/build/intermediates/transforms/dex/debug/folders/1000/1f/main /home/tomasz/AndroidStudioProjects/ITAssistant/app/build/intermediates/transforms/jarMerging/debug/jars/1/1f/combined.jar
java_class_path (initial): /home/tomasz/Android/Sdk/build-tools/23.0.2/lib/dx.jar
Launcher Type: SUN_STANDARD

Environment Variables:
PATH=/usr/local/sbin:/usr/local/bin:/usr/sbin:/usr/bin:/sbin:/bin:/usr/games:/usr/local/games
LD_LIBRARY_PATH=.:
SHELL=/bin/bash
DISPLAY=:0

Signal Handlers:
SIGSEGV: [libjvm.so+0xaba2a0], sa_mask[0]=11111111011111111101111111111110, sa_flags=SA_RESTART|SA_SIGINFO
SIGBUS: [libjvm.so+0xaba2a0], sa_mask[0]=11111111011111111101111111111110, sa_flags=SA_RESTART|SA_SIGINFO
SIGFPE: [libjvm.so+0x917710], sa_mask[0]=11111111011111111101111111111110, sa_flags=SA_RESTART|SA_SIGINFO
SIGPIPE: [libjvm.so+0x917710], sa_mask[0]=11111111011111111101111111111110, sa_flags=SA_RESTART|SA_SIGINFO
SIGXFSZ: [libjvm.so+0x917710], sa_mask[0]=11111111011111111101111111111110, sa_flags=SA_RESTART|SA_SIGINFO
SIGILL: [libjvm.so+0x917710], sa_mask[0]=11111111011111111101111111111110, sa_flags=SA_RESTART|SA_SIGINFO
SIGUSR1: SIG_DFL, sa_mask[0]=00000000000000000000000000000000, sa_flags=none
SIGUSR2: [libjvm.so+0x918d40], sa_mask[0]=00100000000000000000000000000000, sa_flags=SA_RESTART|SA_SIGINFO
SIGHUP: [libjvm.so+0x91a140], sa_mask[0]=11111111011111111101111111111110, sa_flags=SA_RESTART|SA_SIGINFO
SIGINT: [libjvm.so+0x91a140], sa_mask[0]=11111111011111111101111111111110, sa_flags=SA_RESTART|SA_SIGINFO
SIGTERM: [libjvm.so+0x91a140], sa_mask[0]=11111111011111111101111111111110, sa_flags=SA_RESTART|SA_SIGINFO
SIGQUIT: [libjvm.so+0x91a140], sa_mask[0]=11111111011111111101111111111110, sa_flags=SA_RESTART|SA_SIGINFO


---------------  S Y S T E M  ---------------

OS:DISTRIB_ID=Ubuntu
DISTRIB_RELEASE=14.04
DISTRIB_CODENAME=trusty
DISTRIB_DESCRIPTION="Ubuntu 14.04.3 LTS"

uname:Linux 3.19.0-33-generic #38~14.04.1-Ubuntu SMP Fri Nov 6 18:17:28 UTC 2015 x86_64
libc:glibc 2.19 NPTL 2.19 
rlimit: STACK 8192k, CORE 0k, NPROC 23202, NOFILE 4096, AS infinity
load average:3,64 1,66 1,16

/proc/meminfo:
MemTotal:        5961336 kB
MemFree:          138836 kB
MemAvailable:     129692 kB
Buffers:            1336 kB
Cached:           457220 kB
SwapCached:            0 kB
Active:          5232036 kB
Inactive:         394608 kB
Active(anon):    5185036 kB
Inactive(anon):   344188 kB
Active(file):      47000 kB
Inactive(file):    50420 kB
Unevictable:         868 kB
Mlocked:             868 kB
SwapTotal:             0 kB
SwapFree:              0 kB
Dirty:              7520 kB
Writeback:             0 kB
AnonPages:       5169248 kB
Mapped:           143456 kB
Shmem:            360804 kB
Slab:              91356 kB
SReclaimable:      53212 kB
SUnreclaim:        38144 kB
KernelStack:       10816 kB
PageTables:        48940 kB
NFS_Unstable:          0 kB
Bounce:                0 kB
WritebackTmp:          0 kB
CommitLimit:     2980668 kB
Committed_AS:    9865980 kB
VmallocTotal:   34359738367 kB
VmallocUsed:      552000 kB
VmallocChunk:   34359168476 kB
HardwareCorrupted:     0 kB
AnonHugePages:   2170880 kB
CmaTotal:              0 kB
CmaFree:               0 kB
HugePages_Total:       0
HugePages_Free:        0
HugePages_Rsvd:        0
HugePages_Surp:        0
Hugepagesize:       2048 kB
DirectMap4k:      252160 kB
DirectMap2M:     5888000 kB


CPU:total 4 (2 cores per cpu, 2 threads per core) family 6 model 42 stepping 7, cmov, cx8, fxsr, mmx, sse, sse2, sse3, ssse3, sse4.1, sse4.2, popcnt, avx, aes, clmul, ht, tsc, tscinvbit

/proc/cpuinfo:
processor	: 0
vendor_id	: GenuineIntel
cpu family	: 6
model		: 42
model name	: Intel(R) Core(TM) i5-2450M CPU @ 2.50GHz
stepping	: 7
microcode	: 0x25
cpu MHz		: 2500.000
cache size	: 3072 KB
physical id	: 0
siblings	: 4
core id		: 0
cpu cores	: 2
apicid		: 0
initial apicid	: 0
fpu		: yes
fpu_exception	: yes
cpuid level	: 13
wp		: yes
flags		: fpu vme de pse tsc msr pae mce cx8 apic sep mtrr pge mca cmov pat pse36 clflush dts acpi mmx fxsr sse sse2 ss ht tm pbe syscall nx rdtscp lm constant_tsc arch_perfmon pebs bts rep_good nopl xtopology nonstop_tsc aperfmperf eagerfpu pni pclmulqdq dtes64 monitor ds_cpl vmx est tm2 ssse3 cx16 xtpr pdcm pcid sse4_1 sse4_2 x2apic popcnt tsc_deadline_timer aes xsave avx lahf_lm ida arat epb pln pts dtherm tpr_shadow vnmi flexpriority ept vpid xsaveopt
bugs		:
bogomips	: 4988.85
clflush size	: 64
cache_alignment	: 64
address sizes	: 36 bits physical, 48 bits virtual
power management:

processor	: 1
vendor_id	: GenuineIntel
cpu family	: 6
model		: 42
model name	: Intel(R) Core(TM) i5-2450M CPU @ 2.50GHz
stepping	: 7
microcode	: 0x25
cpu MHz		: 2499.902
cache size	: 3072 KB
physical id	: 0
siblings	: 4
core id		: 0
cpu cores	: 2
apicid		: 1
initial apicid	: 1
fpu		: yes
fpu_exception	: yes
cpuid level	: 13
wp		: yes
flags		: fpu vme de pse tsc msr pae mce cx8 apic sep mtrr pge mca cmov pat pse36 clflush dts acpi mmx fxsr sse sse2 ss ht tm pbe syscall nx rdtscp lm constant_tsc arch_perfmon pebs bts rep_good nopl xtopology nonstop_tsc aperfmperf eagerfpu pni pclmulqdq dtes64 monitor ds_cpl vmx est tm2 ssse3 cx16 xtpr pdcm pcid sse4_1 sse4_2 x2apic popcnt tsc_deadline_timer aes xsave avx lahf_lm ida arat epb pln pts dtherm tpr_shadow vnmi flexpriority ept vpid xsaveopt
bugs		:
bogomips	: 4988.85
clflush size	: 64
cache_alignment	: 64
address sizes	: 36 bits physical, 48 bits virtual
power management:

processor	: 2
vendor_id	: GenuineIntel
cpu family	: 6
model		: 42
model name	: Intel(R) Core(TM) i5-2450M CPU @ 2.50GHz
stepping	: 7
microcode	: 0x25
cpu MHz		: 2500.000
cache size	: 3072 KB
physical id	: 0
siblings	: 4
core id		: 1
cpu cores	: 2
apicid		: 2
initial apicid	: 2
fpu		: yes
fpu_exception	: yes
cpuid level	: 13
wp		: yes
flags		: fpu vme de pse tsc msr pae mce cx8 apic sep mtrr pge mca cmov pat pse36 clflush dts acpi mmx fxsr sse sse2 ss ht tm pbe syscall nx rdtscp lm constant_tsc arch_perfmon pebs bts rep_good nopl xtopology nonstop_tsc aperfmperf eagerfpu pni pclmulqdq dtes64 monitor ds_cpl vmx est tm2 ssse3 cx16 xtpr pdcm pcid sse4_1 sse4_2 x2apic popcnt tsc_deadline_timer aes xsave avx lahf_lm ida arat epb pln pts dtherm tpr_shadow vnmi flexpriority ept vpid xsaveopt
bugs		:
bogomips	: 4988.85
clflush size	: 64
cache_alignment	: 64
address sizes	: 36 bits physical, 48 bits virtual
power management:

processor	: 3
vendor_id	: GenuineIntel
cpu family	: 6
model		: 42
model name	: Intel(R) Core(TM) i5-2450M CPU @ 2.50GHz
stepping	: 7
microcode	: 0x25
cpu MHz		: 2499.902
cache size	: 3072 KB
physical id	: 0
siblings	: 4
core id		: 1
cpu cores	: 2
apicid		: 3
initial apicid	: 3
fpu		: yes
fpu_exception	: yes
cpuid level	: 13
wp		: yes
flags		: fpu vme de pse tsc msr pae mce cx8 apic sep mtrr pge mca cmov pat pse36 clflush dts acpi mmx fxsr sse sse2 ss ht tm pbe syscall nx rdtscp lm constant_tsc arch_perfmon pebs bts rep_good nopl xtopology nonstop_tsc aperfmperf eagerfpu pni pclmulqdq dtes64 monitor ds_cpl vmx est tm2 ssse3 cx16 xtpr pdcm pcid sse4_1 sse4_2 x2apic popcnt tsc_deadline_timer aes xsave avx lahf_lm ida arat epb pln pts dtherm tpr_shadow vnmi flexpriority ept vpid xsaveopt
bugs		:
bogomips	: 4988.85
clflush size	: 64
cache_alignment	: 64
address sizes	: 36 bits physical, 48 bits virtual
power management:



Memory: 4k page, physical 5961336k(138836k free), swap 0k(0k free)

vm_info: Java HotSpot(TM) 64-Bit Server VM (25.66-b17) for linux-amd64 JRE (1.8.0_66-b17), built on Oct  6 2015 17:28:34 by "java_re" with gcc 4.3.0 20080428 (Red Hat 4.3.0-8)

time: Tue Dec  1 01:08:41 2015
elapsed time: 48 seconds (0d 0h 0m 48s)

