#
# There is insufficient memory for the Java Runtime Environment to continue.
# Native memory allocation (mmap) failed to map 309329920 bytes for committing reserved memory.
# Possible reasons:
#   The system is out of physical RAM or swap space
#   In 32 bit mode, the process size limit was hit
# Possible solutions:
#   Reduce memory load on the system
#   Increase physical memory or swap space
#   Check if swap backing store is full
#   Use 64 bit Java on a 64 bit OS
#   Decrease Java heap size (-Xmx/-Xms)
#   Decrease number of Java threads
#   Decrease Java thread stack sizes (-Xss)
#   Set larger code cache with -XX:ReservedCodeCacheSize=
# This output file may be truncated or incomplete.
#
#  Out of Memory Error (os_linux.cpp:2627), pid=10040, tid=140295130068736
#
# JRE version: Java(TM) SE Runtime Environment (8.0_66-b17) (build 1.8.0_66-b17)
# Java VM: Java HotSpot(TM) 64-Bit Server VM (25.66-b17 mixed mode linux-amd64 compressed oops)
# Failed to write core dump. Core dumps have been disabled. To enable core dumping, try "ulimit -c unlimited" before starting Java again
#

---------------  T H R E A D  ---------------

Current thread (0x00007f9914078000):  VMThread [stack: 0x00007f9901543000,0x00007f9901644000] [id=10049]

Stack: [0x00007f9901543000,0x00007f9901644000],  sp=0x00007f9901642160,  free space=1020k
Native frames: (J=compiled Java code, j=interpreted, Vv=VM code, C=native code)
V  [libjvm.so+0xab9a1a]  VMError::report_and_die()+0x2ba
V  [libjvm.so+0x4f9e0b]  report_vm_out_of_memory(char const*, int, unsigned long, VMErrorType, char const*)+0x8b
V  [libjvm.so+0x91a8a3]  os::Linux::commit_memory_impl(char*, unsigned long, bool)+0x103
V  [libjvm.so+0x91adf9]  os::pd_commit_memory(char*, unsigned long, unsigned long, bool)+0x29
V  [libjvm.so+0x91510a]  os::commit_memory(char*, unsigned long, unsigned long, bool)+0x2a
V  [libjvm.so+0x9887a3]  PSVirtualSpace::expand_by(unsigned long)+0x53
V  [libjvm.so+0x979090]  PSOldGen::expand(unsigned long)+0x170
V  [libjvm.so+0x97929b]  PSOldGen::resize(unsigned long)+0x1cb
V  [libjvm.so+0x980f71]  PSParallelCompact::invoke_no_policy(bool)+0x991
V  [libjvm.so+0x9868cd]  PSScavenge::invoke()+0x1ad
V  [libjvm.so+0x93e500]  ParallelScavengeHeap::failed_mem_allocate(unsigned long)+0x70
V  [libjvm.so+0xabb437]  VM_ParallelGCFailedAllocation::doit()+0x97
V  [libjvm.so+0xac2e65]  VM_Operation::evaluate()+0x55
V  [libjvm.so+0xac123a]  VMThread::evaluate_operation(VM_Operation*)+0xba
V  [libjvm.so+0xac15be]  VMThread::loop()+0x1ce
V  [libjvm.so+0xac1a30]  VMThread::run()+0x70
V  [libjvm.so+0x91cc68]  java_start(Thread*)+0x108

VM_Operation (0x00007f9900442b80): ParallelGCFailedAllocation, mode: safepoint, requested by thread 0x00007f99141a8800


---------------  P R O C E S S  ---------------

Java Threads: ( => current thread )
  0x00007f99141da000 JavaThread "pool-1-thread-1" [_thread_blocked, id=10240, stack(0x00007f98bbdfe000,0x00007f98bbeff000)]
  0x00007f99141af000 JavaThread "pool-2-thread-4" [_thread_blocked, id=10062, stack(0x00007f98bbeff000,0x00007f98bc000000)]
  0x00007f99141ad800 JavaThread "pool-2-thread-3" [_thread_blocked, id=10061, stack(0x00007f9900041000,0x00007f9900142000)]
  0x00007f99141ac000 JavaThread "pool-2-thread-2" [_thread_blocked, id=10060, stack(0x00007f9900142000,0x00007f9900243000)]
  0x00007f99141ab000 JavaThread "pool-3-thread-1" [_thread_blocked, id=10059, stack(0x00007f9900243000,0x00007f9900344000)]
  0x00007f99141a8800 JavaThread "pool-2-thread-1" [_thread_blocked, id=10058, stack(0x00007f9900344000,0x00007f9900445000)]
  0x00007f99140ca800 JavaThread "Service Thread" daemon [_thread_blocked, id=10056, stack(0x00007f9900629000,0x00007f990072a000)]
  0x00007f99140bd800 JavaThread "C1 CompilerThread2" daemon [_thread_blocked, id=10055, stack(0x00007f990072a000,0x00007f990082b000)]
  0x00007f99140bb800 JavaThread "C2 CompilerThread1" daemon [_thread_blocked, id=10054, stack(0x00007f990082b000,0x00007f990092c000)]
  0x00007f99140b8800 JavaThread "C2 CompilerThread0" daemon [_thread_blocked, id=10053, stack(0x00007f990092c000,0x00007f9900a2d000)]
  0x00007f99140b7800 JavaThread "Signal Dispatcher" daemon [_thread_blocked, id=10052, stack(0x00007f9900a2d000,0x00007f9900b2e000)]
  0x00007f991407f000 JavaThread "Finalizer" daemon [_thread_blocked, id=10051, stack(0x00007f9901341000,0x00007f9901442000)]
  0x00007f991407d000 JavaThread "Reference Handler" daemon [_thread_blocked, id=10050, stack(0x00007f9901442000,0x00007f9901543000)]
  0x00007f991400a000 JavaThread "main" [_thread_blocked, id=10041, stack(0x00007f991a172000,0x00007f991a273000)]

Other Threads:
=>0x00007f9914078000 VMThread [stack: 0x00007f9901543000,0x00007f9901644000] [id=10049]
  0x00007f99140cd800 WatcherThread [stack: 0x00007f9900528000,0x00007f9900629000] [id=10057]

VM state:at safepoint (normal execution)

VM Mutex/Monitor currently owned by a thread:  ([mutex/lock_event])
[0x00007f9914005ef0] ExpandHeap_lock - owner thread: 0x00007f9914078000
[0x00007f9914006570] Threads_lock - owner thread: 0x00007f9914078000
[0x00007f9914006a70] Heap_lock - owner thread: 0x00007f99141a8800

Heap:
 PSYoungGen      total 346624K, used 0K [0x00000000d5580000, 0x00000000ff800000, 0x0000000100000000)
  eden space 232960K, 0% used [0x00000000d5580000,0x00000000d5580000,0x00000000e3900000)
  from space 113664K, 0% used [0x00000000e3900000,0x00000000e3900000,0x00000000ea800000)
  to   space 228864K, 0% used [0x00000000f1880000,0x00000000f1880000,0x00000000ff800000)
 ParOldGen       total 875520K, used 839397K [0x0000000080000000, 0x00000000b5700000, 0x00000000d5580000)
  object space 875520K, 95% used [0x0000000080000000,0x00000000b33b9448,0x00000000b5700000)
 Metaspace       used 6692K, capacity 7384K, committed 7680K, reserved 1056768K
  class space    used 622K, capacity 656K, committed 768K, reserved 1048576K

Card table byte_map: [0x00007f99039ad000,0x00007f9903dae000] byte_map_base: 0x00007f99035ad000

Marking Bits: (ParMarkBitMap*) 0x00007f991964c020
 Begin Bits: [0x00007f98f0000000, 0x00007f98f2000000)
 End Bits:   [0x00007f98f2000000, 0x00007f98f4000000)

Polling page: 0x00007f991a293000

CodeCache: size=245760Kb used=12865Kb max_used=14485Kb free=232894Kb
 bounds [0x00007f990416e000, 0x00007f9904fae000, 0x00007f991316e000]
 total_blobs=2978 nmethods=2707 adapters=182
 compilation: enabled

Compilation events (10 events):
Event: 34,365 Thread 0x00007f99140bd800 3517       3       com.android.dx.cf.iface.StdField::getConstantValue (28 bytes)
Event: 34,366 Thread 0x00007f99140bd800 nmethod 3517 0x00007f99048def90 code [0x00007f99048df120, 0x00007f99048df548]
Event: 34,380 Thread 0x00007f99140bd800 3520       3       com.android.dx.dex.file.UniformListItem::addContents (38 bytes)
Event: 34,380 Thread 0x00007f99140bd800 nmethod 3520 0x00007f99048de610 code [0x00007f99048de7c0, 0x00007f99048dedb8]
Event: 34,382 Thread 0x00007f99140b8800 nmethod 3515 0x00007f99048da390 code [0x00007f99048da560, 0x00007f99048dabb8]
Event: 34,382 Thread 0x00007f99140b8800 3518       4       com.android.dx.rop.cst.CstArray$List::compareTo (93 bytes)
Event: 34,389 Thread 0x00007f99140b8800 nmethod 3518 0x00007f9904b333d0 code [0x00007f9904b33580, 0x00007f9904b33af8]
Event: 34,389 Thread 0x00007f99140b8800 3519       4       com.android.dx.rop.cst.CstArray::compareTo0 (15 bytes)
Event: 34,397 Thread 0x00007f99140b8800 nmethod 3519 0x00007f9904b32510 code [0x00007f9904b326c0, 0x00007f9904b32cd8]
Event: 34,397 Thread 0x00007f99140b8800 3522       4       com.android.dx.rop.cst.CstArray::hashCode (8 bytes)

GC Heap History (10 events):
Event: 31,525 GC heap after
Heap after GC invocations=28 (full 5):
 PSYoungGen      total 330240K, used 97052K [0x00000000d5580000, 0x00000000ff800000, 0x0000000100000000)
  eden space 232960K, 0% used [0x00000000d5580000,0x00000000d5580000,0x00000000e3900000)
  from space 97280K, 99% used [0x00000000e3900000,0x00000000e97c70d0,0x00000000e9800000)
  to   space 228864K, 0% used [0x00000000f1880000,0x00000000f1880000,0x00000000ff800000)
 ParOldGen       total 875520K, used 691869K [0x0000000080000000, 0x00000000b5700000, 0x00000000d5580000)
  object space 875520K, 79% used [0x0000000080000000,0x00000000aa3a75f8,0x00000000b5700000)
 Metaspace       used 6578K, capacity 7320K, committed 7680K, reserved 1056768K
  class space    used 616K, capacity 656K, committed 768K, reserved 1048576K
}
Event: 32,153 GC heap before
{Heap before GC invocations=29 (full 5):
 PSYoungGen      total 330240K, used 330012K [0x00000000d5580000, 0x00000000ff800000, 0x0000000100000000)
  eden space 232960K, 100% used [0x00000000d5580000,0x00000000e3900000,0x00000000e3900000)
  from space 97280K, 99% used [0x00000000e3900000,0x00000000e97c70d0,0x00000000e9800000)
  to   space 228864K, 0% used [0x00000000f1880000,0x00000000f1880000,0x00000000ff800000)
 ParOldGen       total 875520K, used 691869K [0x0000000080000000, 0x00000000b5700000, 0x00000000d5580000)
  object space 875520K, 79% used [0x0000000080000000,0x00000000aa3a75f8,0x00000000b5700000)
 Metaspace       used 6578K, capacity 7320K, committed 7680K, reserved 1056768K
  class space    used 616K, capacity 656K, committed 768K, reserved 1048576K
Event: 32,284 GC heap after
Heap after GC invocations=29 (full 5):
 PSYoungGen      total 462848K, used 135634K [0x00000000d5580000, 0x0000000100000000, 0x0000000100000000)
  eden space 233984K, 0% used [0x00000000d5580000,0x00000000d5580000,0x00000000e3a00000)
  from space 228864K, 59% used [0x00000000f1880000,0x00000000f9cf4ad8,0x00000000ff800000)
  to   space 227840K, 0% used [0x00000000e3a00000,0x00000000e3a00000,0x00000000f1880000)
 ParOldGen       total 875520K, used 691869K [0x0000000080000000, 0x00000000b5700000, 0x00000000d5580000)
  object space 875520K, 79% used [0x0000000080000000,0x00000000aa3a75f8,0x00000000b5700000)
 Metaspace       used 6578K, capacity 7320K, committed 7680K, reserved 1056768K
  class space    used 616K, capacity 656K, committed 768K, reserved 1048576K
}
Event: 32,977 GC heap before
{Heap before GC invocations=30 (full 5):
 PSYoungGen      total 462848K, used 369618K [0x00000000d5580000, 0x0000000100000000, 0x0000000100000000)
  eden space 233984K, 100% used [0x00000000d5580000,0x00000000e3a00000,0x00000000e3a00000)
  from space 228864K, 59% used [0x00000000f1880000,0x00000000f9cf4ad8,0x00000000ff800000)
  to   space 227840K, 0% used [0x00000000e3a00000,0x00000000e3a00000,0x00000000f1880000)
 ParOldGen       total 875520K, used 691869K [0x0000000080000000, 0x00000000b5700000, 0x00000000d5580000)
  object space 875520K, 79% used [0x0000000080000000,0x00000000aa3a75f8,0x00000000b5700000)
 Metaspace       used 6686K, capacity 7384K, committed 7680K, reserved 1056768K
  class space    used 622K, capacity 656K, committed 768K, reserved 1048576K
Event: 33,171 GC heap after
Heap after GC invocations=30 (full 5):
 PSYoungGen      total 461824K, used 170180K [0x00000000d5580000, 0x0000000100000000, 0x0000000100000000)
  eden space 233984K, 0% used [0x00000000d5580000,0x00000000d5580000,0x00000000e3a00000)
  from space 227840K, 74% used [0x00000000e3a00000,0x00000000ee031398,0x00000000f1880000)
  to   space 232960K, 0% used [0x00000000f1c80000,0x00000000f1c80000,0x0000000100000000)
 ParOldGen       total 875520K, used 691877K [0x0000000080000000, 0x00000000b5700000, 0x00000000d5580000)
  object space 875520K, 79% used [0x0000000080000000,0x00000000aa3a95f8,0x00000000b5700000)
 Metaspace       used 6686K, capacity 7384K, committed 7680K, reserved 1056768K
  class space    used 622K, capacity 656K, committed 768K, reserved 1048576K
}
Event: 33,711 GC heap before
{Heap before GC invocations=31 (full 5):
 PSYoungGen      total 461824K, used 404164K [0x00000000d5580000, 0x0000000100000000, 0x0000000100000000)
  eden space 233984K, 100% used [0x00000000d5580000,0x00000000e3a00000,0x00000000e3a00000)
  from space 227840K, 74% used [0x00000000e3a00000,0x00000000ee031398,0x00000000f1880000)
  to   space 232960K, 0% used [0x00000000f1c80000,0x00000000f1c80000,0x0000000100000000)
 ParOldGen       total 875520K, used 691877K [0x0000000080000000, 0x00000000b5700000, 0x00000000d5580000)
  object space 875520K, 79% used [0x0000000080000000,0x00000000aa3a95f8,0x00000000b5700000)
 Metaspace       used 6688K, capacity 7384K, committed 7680K, reserved 1056768K
  class space    used 622K, capacity 656K, committed 768K, reserved 1048576K
Event: 33,954 GC heap after
Heap after GC invocations=31 (full 5):
 PSYoungGen      total 465920K, used 152439K [0x00000000d5580000, 0x0000000100000000, 0x0000000100000000)
  eden space 232960K, 0% used [0x00000000d5580000,0x00000000d5580000,0x00000000e3900000)
  from space 232960K, 65% used [0x00000000f1c80000,0x00000000fb15dd68,0x0000000100000000)
  to   space 232960K, 0% used [0x00000000e3900000,0x00000000e3900000,0x00000000f1c80000)
 ParOldGen       total 875520K, used 749175K [0x0000000080000000, 0x00000000b5700000, 0x00000000d5580000)
  object space 875520K, 85% used [0x0000000080000000,0x00000000adb9dea8,0x00000000b5700000)
 Metaspace       used 6688K, capacity 7384K, committed 7680K, reserved 1056768K
  class space    used 622K, capacity 656K, committed 768K, reserved 1048576K
}
Event: 34,400 GC heap before
{Heap before GC invocations=32 (full 5):
 PSYoungGen      total 465920K, used 385399K [0x00000000d5580000, 0x0000000100000000, 0x0000000100000000)
  eden space 232960K, 100% used [0x00000000d5580000,0x00000000e3900000,0x00000000e3900000)
  from space 232960K, 65% used [0x00000000f1c80000,0x00000000fb15dd68,0x0000000100000000)
  to   space 232960K, 0% used [0x00000000e3900000,0x00000000e3900000,0x00000000f1c80000)
 ParOldGen       total 875520K, used 749175K [0x0000000080000000, 0x00000000b5700000, 0x00000000d5580000)
  object space 875520K, 85% used [0x0000000080000000,0x00000000adb9dea8,0x00000000b5700000)
 Metaspace       used 6692K, capacity 7384K, committed 7680K, reserved 1056768K
  class space    used 622K, capacity 656K, committed 768K, reserved 1048576K
Event: 34,650 GC heap after
Heap after GC invocations=32 (full 5):
 PSYoungGen      total 346624K, used 113657K [0x00000000d5580000, 0x00000000ff800000, 0x0000000100000000)
  eden space 232960K, 0% used [0x00000000d5580000,0x00000000d5580000,0x00000000e3900000)
  from space 113664K, 99% used [0x00000000e3900000,0x00000000ea7fe518,0x00000000ea800000)
  to   space 228864K, 0% used [0x00000000f1880000,0x00000000f1880000,0x00000000ff800000)
 ParOldGen       total 875520K, used 822385K [0x0000000080000000, 0x00000000b5700000, 0x00000000d5580000)
  object space 875520K, 93% used [0x0000000080000000,0x00000000b231c748,0x00000000b5700000)
 Metaspace       used 6692K, capacity 7384K, committed 7680K, reserved 1056768K
  class space    used 622K, capacity 656K, committed 768K, reserved 1048576K
}
Event: 34,650 GC heap before
{Heap before GC invocations=33 (full 6):
 PSYoungGen      total 346624K, used 113657K [0x00000000d5580000, 0x00000000ff800000, 0x0000000100000000)
  eden space 232960K, 0% used [0x00000000d5580000,0x00000000d5580000,0x00000000e3900000)
  from space 113664K, 99% used [0x00000000e3900000,0x00000000ea7fe518,0x00000000ea800000)
  to   space 228864K, 0% used [0x00000000f1880000,0x00000000f1880000,0x00000000ff800000)
 ParOldGen       total 875520K, used 822385K [0x0000000080000000, 0x00000000b5700000, 0x00000000d5580000)
  object space 875520K, 93% used [0x0000000080000000,0x00000000b231c748,0x00000000b5700000)
 Metaspace       used 6692K, capacity 7384K, committed 7680K, reserved 1056768K
  class space    used 622K, capacity 656K, committed 768K, reserved 1048576K

Deoptimization events (10 events):
Event: 32,601 Thread 0x00007f99141da000 Uncommon trap: reason=class_check action=maybe_recompile pc=0x00007f99046961bc method=java.util.Arrays.hashCode([Ljava/lang/Object;)I @ 43
Event: 32,601 Thread 0x00007f99141da000 Uncommon trap: reason=class_check action=maybe_recompile pc=0x00007f99046961bc method=java.util.Arrays.hashCode([Ljava/lang/Object;)I @ 43
Event: 32,602 Thread 0x00007f99141da000 Uncommon trap: reason=class_check action=maybe_recompile pc=0x00007f99046961bc method=java.util.Arrays.hashCode([Ljava/lang/Object;)I @ 43
Event: 32,602 Thread 0x00007f99141da000 Uncommon trap: reason=class_check action=maybe_recompile pc=0x00007f99046382f4 method=java.util.Arrays.hashCode([Ljava/lang/Object;)I @ 43
Event: 32,849 Thread 0x00007f99141da000 Uncommon trap: reason=unstable_if action=reinterpret pc=0x00007f9904f46b98 method=java.util.HashMap.resize()[Ljava/util/HashMap$Node; @ 206
Event: 33,233 Thread 0x00007f99141da000 Uncommon trap: reason=unstable_if action=reinterpret pc=0x00007f990445ca94 method=com.android.dx.dex.code.OutputFinisher.addConstants(Ljava/util/HashSet;Lcom/android/dx/rop/code/RegisterSpec;)V @ 32
Event: 33,470 Thread 0x00007f99141ad800 Uncommon trap: reason=unstable_if action=reinterpret pc=0x00007f99049cd7b4 method=com.android.dx.rop.code.RegisterSpec.equals(ILcom/android/dx/rop/type/TypeBearer;Lcom/android/dx/rop/code/LocalItem;)Z @ 31
Event: 33,470 Thread 0x00007f99141ad800 Uncommon trap: reason=unstable_if action=reinterpret pc=0x00007f9904e1c26c method=com.android.dx.rop.code.RegisterSpec.equals(ILcom/android/dx/rop/type/TypeBearer;Lcom/android/dx/rop/code/LocalItem;)Z @ 31
Event: 34,131 Thread 0x00007f99141da000 Uncommon trap: reason=unstable_if action=reinterpret pc=0x00007f9904d9efc8 method=com.android.dx.dex.code.OutputFinisher.addConstants(Ljava/util/HashSet;Lcom/android/dx/rop/code/RegisterSpec;)V @ 32
Event: 34,134 Thread 0x00007f99141da000 Uncommon trap: reason=unstable_if action=reinterpret pc=0x00007f9904bf6230 method=com.android.dx.dex.code.DalvCode.hasPositions()Z @ 15

Internal exceptions (10 events):
Event: 0,024 Thread 0x00007f991400a000 Exception <a 'java/lang/NoSuchMethodError': Method sun.misc.Unsafe.prefetchRead(Ljava/lang/Object;J)V name or signature does not match> (0x00000000d5592e80) thrown at [/HUDSON/workspace/8-2-build-linux-amd64/jdk8u66/4988/hotspot/src/share/vm/prims/jni.cpp
Event: 1,389 Thread 0x00007f99141ad800 Implicit null exception at 0x00007f990454da86 to 0x00007f9904550a9d
Event: 1,561 Thread 0x00007f99141a8800 Exception <a 'java/lang/ArrayIndexOutOfBoundsException': 18> (0x00000000da64c788) thrown at [/HUDSON/workspace/8-2-build-linux-amd64/jdk8u66/4988/hotspot/src/share/vm/interpreter/interpreterRuntime.cpp, line 366]
Event: 1,562 Thread 0x00007f99141a8800 Exception <a 'java/lang/ArrayIndexOutOfBoundsException': 145> (0x00000000da64e308) thrown at [/HUDSON/workspace/8-2-build-linux-amd64/jdk8u66/4988/hotspot/src/share/vm/interpreter/interpreterRuntime.cpp, line 366]
Event: 1,563 Thread 0x00007f99141a8800 Exception <a 'java/lang/ArrayIndexOutOfBoundsException': 40> (0x00000000da64f5f0) thrown at [/HUDSON/workspace/8-2-build-linux-amd64/jdk8u66/4988/hotspot/src/share/vm/interpreter/interpreterRuntime.cpp, line 366]
Event: 6,702 Thread 0x00007f99141a8800 Implicit null exception at 0x00007f99048d4569 to 0x00007f99048d6265
Event: 11,107 Thread 0x00007f99141ad800 Implicit null exception at 0x00007f99045e0185 to 0x00007f99045e1c99
Event: 31,122 Thread 0x00007f99141a8800 Implicit null exception at 0x00007f9904ea2406 to 0x00007f9904ea25dc
Event: 33,470 Thread 0x00007f99141ad800 Implicit null exception at 0x00007f99049cd11e to 0x00007f99049cd779
Event: 33,470 Thread 0x00007f99141ad800 Implicit null exception at 0x00007f9904e1bcb0 to 0x00007f9904e1c23d

Events (10 events):
Event: 33,470 Thread 0x00007f99141ad800 DEOPT UNPACKING pc=0x00007f9904173229 sp=0x00007f990013fe68 mode 2
Event: 33,711 Executing VM operation: ParallelGCFailedAllocation
Event: 33,954 Executing VM operation: ParallelGCFailedAllocation done
Event: 34,131 Thread 0x00007f99141da000 Uncommon trap: trap_request=0xffffff65 fr.pc=0x00007f9904d9efc8
Event: 34,131 Thread 0x00007f99141da000 DEOPT PACKING pc=0x00007f9904d9efc8 sp=0x00007f98bbefd2b0
Event: 34,131 Thread 0x00007f99141da000 DEOPT UNPACKING pc=0x00007f9904173229 sp=0x00007f98bbefd208 mode 2
Event: 34,134 Thread 0x00007f99141da000 Uncommon trap: trap_request=0xffffff65 fr.pc=0x00007f9904bf6230
Event: 34,134 Thread 0x00007f99141da000 DEOPT PACKING pc=0x00007f9904bf6230 sp=0x00007f98bbefd320
Event: 34,134 Thread 0x00007f99141da000 DEOPT UNPACKING pc=0x00007f9904173229 sp=0x00007f98bbefd300 mode 2
Event: 34,399 Executing VM operation: ParallelGCFailedAllocation


Dynamic libraries:
00400000-00401000 r-xp 00000000 08:01 4591374                            /usr/lib/jvm/java-8-oracle/bin/java
00600000-00601000 rw-p 00000000 08:01 4591374                            /usr/lib/jvm/java-8-oracle/bin/java
025e8000-02609000 rw-p 00000000 00:00 0                                  [heap]
80000000-b5700000 rw-p 00000000 00:00 0 
c7e00000-d5580000 ---p 00000000 00:00 0 
d5580000-ff800000 rw-p 00000000 00:00 0 
ff800000-100000000 ---p 00000000 00:00 0 
100000000-1000c0000 rw-p 00000000 00:00 0 
1000c0000-140000000 ---p 00000000 00:00 0 
7f98ac000000-7f98ac02c000 rw-p 00000000 00:00 0 
7f98ac02c000-7f98b0000000 ---p 00000000 00:00 0 
7f98b0000000-7f98b0021000 rw-p 00000000 00:00 0 
7f98b0021000-7f98b4000000 ---p 00000000 00:00 0 
7f98b4000000-7f98b4021000 rw-p 00000000 00:00 0 
7f98b4021000-7f98b8000000 ---p 00000000 00:00 0 
7f98bbdfe000-7f98bbe01000 ---p 00000000 00:00 0 
7f98bbe01000-7f98bbeff000 rw-p 00000000 00:00 0                          [stack:10240]
7f98bbeff000-7f98bbf02000 ---p 00000000 00:00 0 
7f98bbf02000-7f98bc000000 rw-p 00000000 00:00 0                          [stack:10062]
7f98bc000000-7f98bc021000 rw-p 00000000 00:00 0 
7f98bc021000-7f98c0000000 ---p 00000000 00:00 0 
7f98c0000000-7f98c0030000 rw-p 00000000 00:00 0 
7f98c0030000-7f98c4000000 ---p 00000000 00:00 0 
7f98c4000000-7f98c4021000 rw-p 00000000 00:00 0 
7f98c4021000-7f98c8000000 ---p 00000000 00:00 0 
7f98c8000000-7f98c8038000 rw-p 00000000 00:00 0 
7f98c8038000-7f98cc000000 ---p 00000000 00:00 0 
7f98cc000000-7f98ccd07000 rw-p 00000000 00:00 0 
7f98ccd07000-7f98d0000000 ---p 00000000 00:00 0 
7f98d0000000-7f98d0021000 rw-p 00000000 00:00 0 
7f98d0021000-7f98d4000000 ---p 00000000 00:00 0 
7f98d4000000-7f98d5acc000 rw-p 00000000 00:00 0 
7f98d5acc000-7f98d8000000 ---p 00000000 00:00 0 
7f98d8000000-7f98d9797000 rw-p 00000000 00:00 0 
7f98d9797000-7f98dc000000 ---p 00000000 00:00 0 
7f98dc000000-7f98dc021000 rw-p 00000000 00:00 0 
7f98dc021000-7f98e0000000 ---p 00000000 00:00 0 
7f98e0000000-7f98e0021000 rw-p 00000000 00:00 0 
7f98e0021000-7f98e4000000 ---p 00000000 00:00 0 
7f98e4000000-7f98e42a8000 rw-p 00000000 00:00 0 
7f98e42a8000-7f98e8000000 ---p 00000000 00:00 0 
7f98e8000000-7f98e8021000 rw-p 00000000 00:00 0 
7f98e8021000-7f98ec000000 ---p 00000000 00:00 0 
7f98ec000000-7f98ec021000 rw-p 00000000 00:00 0 
7f98ec021000-7f98f0000000 ---p 00000000 00:00 0 
7f98f0000000-7f98f4000000 rw-p 00000000 00:00 0 
7f98f4000000-7f98f4021000 rw-p 00000000 00:00 0 
7f98f4021000-7f98f8000000 ---p 00000000 00:00 0 
7f98f8000000-7f98f8021000 rw-p 00000000 00:00 0 
7f98f8021000-7f98fc000000 ---p 00000000 00:00 0 
7f98fc000000-7f98fc021000 rw-p 00000000 00:00 0 
7f98fc021000-7f9900000000 ---p 00000000 00:00 0 
7f990001c000-7f9900041000 r--p 00000000 08:01 2361987                    /usr/share/locale-langpack/pl/LC_MESSAGES/libc.mo
7f9900041000-7f9900044000 ---p 00000000 00:00 0 
7f9900044000-7f9900142000 rw-p 00000000 00:00 0                          [stack:10061]
7f9900142000-7f9900145000 ---p 00000000 00:00 0 
7f9900145000-7f9900243000 rw-p 00000000 00:00 0                          [stack:10060]
7f9900243000-7f9900246000 ---p 00000000 00:00 0 
7f9900246000-7f9900344000 rw-p 00000000 00:00 0                          [stack:10059]
7f9900344000-7f9900347000 ---p 00000000 00:00 0 
7f9900347000-7f9900445000 rw-p 00000000 00:00 0                          [stack:10058]
7f9900445000-7f9900528000 r--s 00bb0000 08:01 7343070                    /home/tomasz/AndroidStudioProjects/ITAssistant/app/build/intermediates/transforms/jarMerging/debug/jars/1/1f/combined.jar
7f9900528000-7f9900529000 ---p 00000000 00:00 0 
7f9900529000-7f9900629000 rw-p 00000000 00:00 0                          [stack:10057]
7f9900629000-7f990062c000 ---p 00000000 00:00 0 
7f990062c000-7f990072a000 rw-p 00000000 00:00 0                          [stack:10056]
7f990072a000-7f990072d000 ---p 00000000 00:00 0 
7f990072d000-7f990082b000 rw-p 00000000 00:00 0                          [stack:10055]
7f990082b000-7f990082e000 ---p 00000000 00:00 0 
7f990082e000-7f990092c000 rw-p 00000000 00:00 0                          [stack:10054]
7f990092c000-7f990092f000 ---p 00000000 00:00 0 
7f990092f000-7f9900a2d000 rw-p 00000000 00:00 0                          [stack:10053]
7f9900a2d000-7f9900a30000 ---p 00000000 00:00 0 
7f9900a30000-7f9900b2e000 rw-p 00000000 00:00 0                          [stack:10052]
7f9900b2e000-7f9901341000 r--p 00000000 08:01 1579663                    /usr/lib/locale/locale-archive
7f9901341000-7f9901344000 ---p 00000000 00:00 0 
7f9901344000-7f9901442000 rw-p 00000000 00:00 0                          [stack:10051]
7f9901442000-7f9901445000 ---p 00000000 00:00 0 
7f9901445000-7f9901543000 rw-p 00000000 00:00 0                          [stack:10050]
7f9901543000-7f9901544000 ---p 00000000 00:00 0 
7f9901544000-7f9902626000 rw-p 00000000 00:00 0                          [stack:10049]
7f9902626000-7f99027ff000 r--s 03d20000 08:01 4069182                    /usr/lib/jvm/java-8-oracle/jre/lib/rt.jar
7f99027ff000-7f9902ebf000 rw-p 00000000 00:00 0 
7f9902ebf000-7f9902fff000 ---p 00000000 00:00 0 
7f9902fff000-7f99033ff000 rw-p 00000000 00:00 0 
7f99033ff000-7f9903400000 ---p 00000000 00:00 0 
7f9903400000-7f9903500000 rw-p 00000000 00:00 0                          [stack:10048]
7f9903500000-7f9903501000 ---p 00000000 00:00 0 
7f9903501000-7f9903601000 rw-p 00000000 00:00 0                          [stack:10047]
7f9903601000-7f9903602000 ---p 00000000 00:00 0 
7f9903602000-7f99038ae000 rw-p 00000000 00:00 0                          [stack:10046]
7f99038ae000-7f99039ad000 ---p 00000000 00:00 0 
7f99039ad000-7f9903b59000 rw-p 00000000 00:00 0 
7f9903b59000-7f9903c57000 ---p 00000000 00:00 0 
7f9903c57000-7f9903da9000 rw-p 00000000 00:00 0 
7f9903da9000-7f9903dad000 ---p 00000000 00:00 0 
7f9903dad000-7f9903de7000 rw-p 00000000 00:00 0 
7f9903de7000-7f990416e000 ---p 00000000 00:00 0 
7f990416e000-7f9904fae000 rwxp 00000000 00:00 0 
7f9904fae000-7f991316e000 ---p 00000000 00:00 0 
7f991316e000-7f9913188000 r-xp 00000000 08:01 4069168                    /usr/lib/jvm/java-8-oracle/jre/lib/amd64/libzip.so
7f9913188000-7f9913388000 ---p 0001a000 08:01 4069168                    /usr/lib/jvm/java-8-oracle/jre/lib/amd64/libzip.so
7f9913388000-7f9913389000 rw-p 0001a000 08:01 4069168                    /usr/lib/jvm/java-8-oracle/jre/lib/amd64/libzip.so
7f9913389000-7f9913394000 r-xp 00000000 08:01 5771445                    /lib/x86_64-linux-gnu/libnss_files-2.19.so
7f9913394000-7f9913593000 ---p 0000b000 08:01 5771445                    /lib/x86_64-linux-gnu/libnss_files-2.19.so
7f9913593000-7f9913594000 r--p 0000a000 08:01 5771445                    /lib/x86_64-linux-gnu/libnss_files-2.19.so
7f9913594000-7f9913595000 rw-p 0000b000 08:01 5771445                    /lib/x86_64-linux-gnu/libnss_files-2.19.so
7f9913595000-7f99135a0000 r-xp 00000000 08:01 5771455                    /lib/x86_64-linux-gnu/libnss_nis-2.19.so
7f99135a0000-7f991379f000 ---p 0000b000 08:01 5771455                    /lib/x86_64-linux-gnu/libnss_nis-2.19.so
7f991379f000-7f99137a0000 r--p 0000a000 08:01 5771455                    /lib/x86_64-linux-gnu/libnss_nis-2.19.so
7f99137a0000-7f99137a1000 rw-p 0000b000 08:01 5771455                    /lib/x86_64-linux-gnu/libnss_nis-2.19.so
7f99137a1000-7f99137b8000 r-xp 00000000 08:01 5771439                    /lib/x86_64-linux-gnu/libnsl-2.19.so
7f99137b8000-7f99139b7000 ---p 00017000 08:01 5771439                    /lib/x86_64-linux-gnu/libnsl-2.19.so
7f99139b7000-7f99139b8000 r--p 00016000 08:01 5771439                    /lib/x86_64-linux-gnu/libnsl-2.19.so
7f99139b8000-7f99139b9000 rw-p 00017000 08:01 5771439                    /lib/x86_64-linux-gnu/libnsl-2.19.so
7f99139b9000-7f99139bb000 rw-p 00000000 00:00 0 
7f99139bb000-7f99139c4000 r-xp 00000000 08:01 5771441                    /lib/x86_64-linux-gnu/libnss_compat-2.19.so
7f99139c4000-7f9913bc3000 ---p 00009000 08:01 5771441                    /lib/x86_64-linux-gnu/libnss_compat-2.19.so
7f9913bc3000-7f9913bc4000 r--p 00008000 08:01 5771441                    /lib/x86_64-linux-gnu/libnss_compat-2.19.so
7f9913bc4000-7f9913bc5000 rw-p 00009000 08:01 5771441                    /lib/x86_64-linux-gnu/libnss_compat-2.19.so
7f9913bc5000-7f9913bef000 r-xp 00000000 08:01 4069157                    /usr/lib/jvm/java-8-oracle/jre/lib/amd64/libjava.so
7f9913bef000-7f9913def000 ---p 0002a000 08:01 4069157                    /usr/lib/jvm/java-8-oracle/jre/lib/amd64/libjava.so
7f9913def000-7f9913df1000 rw-p 0002a000 08:01 4069157                    /usr/lib/jvm/java-8-oracle/jre/lib/amd64/libjava.so
7f9913df1000-7f9913dfe000 r-xp 00000000 08:01 4069118                    /usr/lib/jvm/java-8-oracle/jre/lib/amd64/libverify.so
7f9913dfe000-7f9913ffe000 ---p 0000d000 08:01 4069118                    /usr/lib/jvm/java-8-oracle/jre/lib/amd64/libverify.so
7f9913ffe000-7f9914000000 rw-p 0000d000 08:01 4069118                    /usr/lib/jvm/java-8-oracle/jre/lib/amd64/libverify.so
7f9914000000-7f99143de000 rw-p 00000000 00:00 0 
7f99143de000-7f9918000000 ---p 00000000 00:00 0 
7f9918018000-7f991808e000 rw-p 00000000 00:00 0 
7f991808e000-7f991808f000 ---p 00000000 00:00 0 
7f991808f000-7f991818f000 rw-p 00000000 00:00 0                          [stack:10045]
7f991818f000-7f9918196000 r-xp 00000000 08:01 5771498                    /lib/x86_64-linux-gnu/librt-2.19.so
7f9918196000-7f9918395000 ---p 00007000 08:01 5771498                    /lib/x86_64-linux-gnu/librt-2.19.so
7f9918395000-7f9918396000 r--p 00006000 08:01 5771498                    /lib/x86_64-linux-gnu/librt-2.19.so
7f9918396000-7f9918397000 rw-p 00007000 08:01 5771498                    /lib/x86_64-linux-gnu/librt-2.19.so
7f9918397000-7f991849c000 r-xp 00000000 08:01 5771420                    /lib/x86_64-linux-gnu/libm-2.19.so
7f991849c000-7f991869b000 ---p 00105000 08:01 5771420                    /lib/x86_64-linux-gnu/libm-2.19.so
7f991869b000-7f991869c000 r--p 00104000 08:01 5771420                    /lib/x86_64-linux-gnu/libm-2.19.so
7f991869c000-7f991869d000 rw-p 00105000 08:01 5771420                    /lib/x86_64-linux-gnu/libm-2.19.so
7f991869d000-7f991935b000 r-xp 00000000 08:01 4069167                    /usr/lib/jvm/java-8-oracle/jre/lib/amd64/server/libjvm.so
7f991935b000-7f991955a000 ---p 00cbe000 08:01 4069167                    /usr/lib/jvm/java-8-oracle/jre/lib/amd64/server/libjvm.so
7f991955a000-7f9919633000 rw-p 00cbd000 08:01 4069167                    /usr/lib/jvm/java-8-oracle/jre/lib/amd64/server/libjvm.so
7f9919633000-7f9919677000 rw-p 00000000 00:00 0 
7f9919677000-7f9919832000 r-xp 00000000 08:01 5771370                    /lib/x86_64-linux-gnu/libc-2.19.so
7f9919832000-7f9919a31000 ---p 001bb000 08:01 5771370                    /lib/x86_64-linux-gnu/libc-2.19.so
7f9919a31000-7f9919a35000 r--p 001ba000 08:01 5771370                    /lib/x86_64-linux-gnu/libc-2.19.so
7f9919a35000-7f9919a37000 rw-p 001be000 08:01 5771370                    /lib/x86_64-linux-gnu/libc-2.19.so
7f9919a37000-7f9919a3c000 rw-p 00000000 00:00 0 
7f9919a3c000-7f9919a3f000 r-xp 00000000 08:01 5771387                    /lib/x86_64-linux-gnu/libdl-2.19.so
7f9919a3f000-7f9919c3e000 ---p 00003000 08:01 5771387                    /lib/x86_64-linux-gnu/libdl-2.19.so
7f9919c3e000-7f9919c3f000 r--p 00002000 08:01 5771387                    /lib/x86_64-linux-gnu/libdl-2.19.so
7f9919c3f000-7f9919c40000 rw-p 00003000 08:01 5771387                    /lib/x86_64-linux-gnu/libdl-2.19.so
7f9919c40000-7f9919c55000 r-xp 00000000 08:01 4727160                    /usr/lib/jvm/java-8-oracle/lib/amd64/jli/libjli.so
7f9919c55000-7f9919e55000 ---p 00015000 08:01 4727160                    /usr/lib/jvm/java-8-oracle/lib/amd64/jli/libjli.so
7f9919e55000-7f9919e56000 rw-p 00015000 08:01 4727160                    /usr/lib/jvm/java-8-oracle/lib/amd64/jli/libjli.so
7f9919e56000-7f9919e6f000 r-xp 00000000 08:01 5771490                    /lib/x86_64-linux-gnu/libpthread-2.19.so
7f9919e6f000-7f991a06e000 ---p 00019000 08:01 5771490                    /lib/x86_64-linux-gnu/libpthread-2.19.so
7f991a06e000-7f991a06f000 r--p 00018000 08:01 5771490                    /lib/x86_64-linux-gnu/libpthread-2.19.so
7f991a06f000-7f991a070000 rw-p 00019000 08:01 5771490                    /lib/x86_64-linux-gnu/libpthread-2.19.so
7f991a070000-7f991a074000 rw-p 00000000 00:00 0 
7f991a074000-7f991a097000 r-xp 00000000 08:01 5771346                    /lib/x86_64-linux-gnu/ld-2.19.so
7f991a09f000-7f991a0a6000 r--s 00000000 08:01 1967077                    /usr/lib/x86_64-linux-gnu/gconv/gconv-modules.cache
7f991a0a6000-7f991a172000 rw-p 00000000 00:00 0 
7f991a172000-7f991a175000 ---p 00000000 00:00 0 
7f991a175000-7f991a277000 rw-p 00000000 00:00 0                          [stack:10041]
7f991a27a000-7f991a27b000 rw-p 00000000 00:00 0 
7f991a27b000-7f991a28a000 r--s 000df000 08:01 10635452                   /home/tomasz/Android/Sdk/build-tools/23.0.2/lib/dx.jar
7f991a28a000-7f991a292000 rw-s 00000000 08:01 6035578                    /tmp/hsperfdata_tomasz/10040
7f991a292000-7f991a293000 rw-p 00000000 00:00 0 
7f991a293000-7f991a294000 ---p 00000000 00:00 0 
7f991a294000-7f991a296000 rw-p 00000000 00:00 0 
7f991a296000-7f991a297000 r--p 00022000 08:01 5771346                    /lib/x86_64-linux-gnu/ld-2.19.so
7f991a297000-7f991a298000 rw-p 00023000 08:01 5771346                    /lib/x86_64-linux-gnu/ld-2.19.so
7f991a298000-7f991a299000 rw-p 00000000 00:00 0 
7ffd5ef30000-7ffd5ef51000 rw-p 00000000 00:00 0                          [stack]
7ffd5ef8e000-7ffd5ef90000 r--p 00000000 00:00 0                          [vvar]
7ffd5ef90000-7ffd5ef92000 r-xp 00000000 00:00 0                          [vdso]
ffffffffff600000-ffffffffff601000 r-xp 00000000 00:00 0                  [vsyscall]

VM Arguments:
jvm_args: -Djava.awt.headless=true -Xmx2g -Dfile.encoding=UTF-8 -Duser.country=PL -Duser.language=pl -Duser.variant 
java_command: com.android.dx.command.Main --dex --num-threads=4 --multi-dex --main-dex-list /home/tomasz/AndroidStudioProjects/ITAssistant/app/build/intermediates/multi-dex/debug/maindexlist.txt --output /home/tomasz/AndroidStudioProjects/ITAssistant/app/build/intermediates/transforms/dex/debug/folders/1000/1f/main /home/tomasz/AndroidStudioProjects/ITAssistant/app/build/intermediates/transforms/jarMerging/debug/jars/1/1f/combined.jar
java_class_path (initial): /home/tomasz/Android/Sdk/build-tools/23.0.2/lib/dx.jar
Launcher Type: SUN_STANDARD

Environment Variables:
PATH=/usr/local/sbin:/usr/local/bin:/usr/sbin:/usr/bin:/sbin:/bin:/usr/games:/usr/local/games
LD_LIBRARY_PATH=.:
SHELL=/bin/bash
DISPLAY=:0

Signal Handlers:
SIGSEGV: [libjvm.so+0xaba2a0], sa_mask[0]=11111111011111111101111111111110, sa_flags=SA_RESTART|SA_SIGINFO
SIGBUS: [libjvm.so+0xaba2a0], sa_mask[0]=11111111011111111101111111111110, sa_flags=SA_RESTART|SA_SIGINFO
SIGFPE: [libjvm.so+0x917710], sa_mask[0]=11111111011111111101111111111110, sa_flags=SA_RESTART|SA_SIGINFO
SIGPIPE: [libjvm.so+0x917710], sa_mask[0]=11111111011111111101111111111110, sa_flags=SA_RESTART|SA_SIGINFO
SIGXFSZ: [libjvm.so+0x917710], sa_mask[0]=11111111011111111101111111111110, sa_flags=SA_RESTART|SA_SIGINFO
SIGILL: [libjvm.so+0x917710], sa_mask[0]=11111111011111111101111111111110, sa_flags=SA_RESTART|SA_SIGINFO
SIGUSR1: SIG_DFL, sa_mask[0]=00000000000000000000000000000000, sa_flags=none
SIGUSR2: [libjvm.so+0x918d40], sa_mask[0]=00100000000000000000000000000000, sa_flags=SA_RESTART|SA_SIGINFO
SIGHUP: [libjvm.so+0x91a140], sa_mask[0]=11111111011111111101111111111110, sa_flags=SA_RESTART|SA_SIGINFO
SIGINT: [libjvm.so+0x91a140], sa_mask[0]=11111111011111111101111111111110, sa_flags=SA_RESTART|SA_SIGINFO
SIGTERM: [libjvm.so+0x91a140], sa_mask[0]=11111111011111111101111111111110, sa_flags=SA_RESTART|SA_SIGINFO
SIGQUIT: [libjvm.so+0x91a140], sa_mask[0]=11111111011111111101111111111110, sa_flags=SA_RESTART|SA_SIGINFO


---------------  S Y S T E M  ---------------

OS:DISTRIB_ID=Ubuntu
DISTRIB_RELEASE=14.04
DISTRIB_CODENAME=trusty
DISTRIB_DESCRIPTION="Ubuntu 14.04.3 LTS"

uname:Linux 3.19.0-33-generic #38~14.04.1-Ubuntu SMP Fri Nov 6 18:17:28 UTC 2015 x86_64
libc:glibc 2.19 NPTL 2.19 
rlimit: STACK 8192k, CORE 0k, NPROC 23202, NOFILE 4096, AS infinity
load average:3,22 2,16 1,96

/proc/meminfo:
MemTotal:        5961336 kB
MemFree:          156560 kB
MemAvailable:     225692 kB
Buffers:           19020 kB
Cached:           469960 kB
SwapCached:            0 kB
Active:          5251488 kB
Inactive:         363688 kB
Active(anon):    5140572 kB
Inactive(anon):   261764 kB
Active(file):     110916 kB
Inactive(file):   101924 kB
Unevictable:         880 kB
Mlocked:             880 kB
SwapTotal:             0 kB
SwapFree:              0 kB
Dirty:              1584 kB
Writeback:             0 kB
AnonPages:       5127448 kB
Mapped:           187668 kB
Shmem:            276000 kB
Slab:              86560 kB
SReclaimable:      50436 kB
SUnreclaim:        36124 kB
KernelStack:       10624 kB
PageTables:        47276 kB
NFS_Unstable:          0 kB
Bounce:                0 kB
WritebackTmp:          0 kB
CommitLimit:     2980668 kB
Committed_AS:    9573496 kB
VmallocTotal:   34359738367 kB
VmallocUsed:      551948 kB
VmallocChunk:   34359168476 kB
HardwareCorrupted:     0 kB
AnonHugePages:   3035136 kB
CmaTotal:              0 kB
CmaFree:               0 kB
HugePages_Total:       0
HugePages_Free:        0
HugePages_Rsvd:        0
HugePages_Surp:        0
Hugepagesize:       2048 kB
DirectMap4k:      145664 kB
DirectMap2M:     5994496 kB


CPU:total 4 (2 cores per cpu, 2 threads per core) family 6 model 42 stepping 7, cmov, cx8, fxsr, mmx, sse, sse2, sse3, ssse3, sse4.1, sse4.2, popcnt, avx, aes, clmul, ht, tsc, tscinvbit

/proc/cpuinfo:
processor	: 0
vendor_id	: GenuineIntel
cpu family	: 6
model		: 42
model name	: Intel(R) Core(TM) i5-2450M CPU @ 2.50GHz
stepping	: 7
microcode	: 0x25
cpu MHz		: 3061.230
cache size	: 3072 KB
physical id	: 0
siblings	: 4
core id		: 0
cpu cores	: 2
apicid		: 0
initial apicid	: 0
fpu		: yes
fpu_exception	: yes
cpuid level	: 13
wp		: yes
flags		: fpu vme de pse tsc msr pae mce cx8 apic sep mtrr pge mca cmov pat pse36 clflush dts acpi mmx fxsr sse sse2 ss ht tm pbe syscall nx rdtscp lm constant_tsc arch_perfmon pebs bts rep_good nopl xtopology nonstop_tsc aperfmperf eagerfpu pni pclmulqdq dtes64 monitor ds_cpl vmx est tm2 ssse3 cx16 xtpr pdcm pcid sse4_1 sse4_2 x2apic popcnt tsc_deadline_timer aes xsave avx lahf_lm ida arat epb pln pts dtherm tpr_shadow vnmi flexpriority ept vpid xsaveopt
bugs		:
bogomips	: 4988.85
clflush size	: 64
cache_alignment	: 64
address sizes	: 36 bits physical, 48 bits virtual
power management:

processor	: 1
vendor_id	: GenuineIntel
cpu family	: 6
model		: 42
model name	: Intel(R) Core(TM) i5-2450M CPU @ 2.50GHz
stepping	: 7
microcode	: 0x25
cpu MHz		: 3045.117
cache size	: 3072 KB
physical id	: 0
siblings	: 4
core id		: 0
cpu cores	: 2
apicid		: 1
initial apicid	: 1
fpu		: yes
fpu_exception	: yes
cpuid level	: 13
wp		: yes
flags		: fpu vme de pse tsc msr pae mce cx8 apic sep mtrr pge mca cmov pat pse36 clflush dts acpi mmx fxsr sse sse2 ss ht tm pbe syscall nx rdtscp lm constant_tsc arch_perfmon pebs bts rep_good nopl xtopology nonstop_tsc aperfmperf eagerfpu pni pclmulqdq dtes64 monitor ds_cpl vmx est tm2 ssse3 cx16 xtpr pdcm pcid sse4_1 sse4_2 x2apic popcnt tsc_deadline_timer aes xsave avx lahf_lm ida arat epb pln pts dtherm tpr_shadow vnmi flexpriority ept vpid xsaveopt
bugs		:
bogomips	: 4988.85
clflush size	: 64
cache_alignment	: 64
address sizes	: 36 bits physical, 48 bits virtual
power management:

processor	: 2
vendor_id	: GenuineIntel
cpu family	: 6
model		: 42
model name	: Intel(R) Core(TM) i5-2450M CPU @ 2.50GHz
stepping	: 7
microcode	: 0x25
cpu MHz		: 2480.078
cache size	: 3072 KB
physical id	: 0
siblings	: 4
core id		: 1
cpu cores	: 2
apicid		: 2
initial apicid	: 2
fpu		: yes
fpu_exception	: yes
cpuid level	: 13
wp		: yes
flags		: fpu vme de pse tsc msr pae mce cx8 apic sep mtrr pge mca cmov pat pse36 clflush dts acpi mmx fxsr sse sse2 ss ht tm pbe syscall nx rdtscp lm constant_tsc arch_perfmon pebs bts rep_good nopl xtopology nonstop_tsc aperfmperf eagerfpu pni pclmulqdq dtes64 monitor ds_cpl vmx est tm2 ssse3 cx16 xtpr pdcm pcid sse4_1 sse4_2 x2apic popcnt tsc_deadline_timer aes xsave avx lahf_lm ida arat epb pln pts dtherm tpr_shadow vnmi flexpriority ept vpid xsaveopt
bugs		:
bogomips	: 4988.85
clflush size	: 64
cache_alignment	: 64
address sizes	: 36 bits physical, 48 bits virtual
power management:

processor	: 3
vendor_id	: GenuineIntel
cpu family	: 6
model		: 42
model name	: Intel(R) Core(TM) i5-2450M CPU @ 2.50GHz
stepping	: 7
microcode	: 0x25
cpu MHz		: 2934.765
cache size	: 3072 KB
physical id	: 0
siblings	: 4
core id		: 1
cpu cores	: 2
apicid		: 3
initial apicid	: 3
fpu		: yes
fpu_exception	: yes
cpuid level	: 13
wp		: yes
flags		: fpu vme de pse tsc msr pae mce cx8 apic sep mtrr pge mca cmov pat pse36 clflush dts acpi mmx fxsr sse sse2 ss ht tm pbe syscall nx rdtscp lm constant_tsc arch_perfmon pebs bts rep_good nopl xtopology nonstop_tsc aperfmperf eagerfpu pni pclmulqdq dtes64 monitor ds_cpl vmx est tm2 ssse3 cx16 xtpr pdcm pcid sse4_1 sse4_2 x2apic popcnt tsc_deadline_timer aes xsave avx lahf_lm ida arat epb pln pts dtherm tpr_shadow vnmi flexpriority ept vpid xsaveopt
bugs		:
bogomips	: 4988.85
clflush size	: 64
cache_alignment	: 64
address sizes	: 36 bits physical, 48 bits virtual
power management:



Memory: 4k page, physical 5961336k(156560k free), swap 0k(0k free)

vm_info: Java HotSpot(TM) 64-Bit Server VM (25.66-b17) for linux-amd64 JRE (1.8.0_66-b17), built on Oct  6 2015 17:28:34 by "java_re" with gcc 4.3.0 20080428 (Red Hat 4.3.0-8)

time: Thu Nov 26 21:43:37 2015
elapsed time: 36 seconds (0d 0h 0m 36s)

