#
# There is insufficient memory for the Java Runtime Environment to continue.
# Native memory allocation (mmap) failed to map 265814016 bytes for committing reserved memory.
# Possible reasons:
#   The system is out of physical RAM or swap space
#   In 32 bit mode, the process size limit was hit
# Possible solutions:
#   Reduce memory load on the system
#   Increase physical memory or swap space
#   Check if swap backing store is full
#   Use 64 bit Java on a 64 bit OS
#   Decrease Java heap size (-Xmx/-Xms)
#   Decrease number of Java threads
#   Decrease Java thread stack sizes (-Xss)
#   Set larger code cache with -XX:ReservedCodeCacheSize=
# This output file may be truncated or incomplete.
#
#  Out of Memory Error (os_linux.cpp:2627), pid=16369, tid=140474244085504
#
# JRE version: Java(TM) SE Runtime Environment (8.0_66-b17) (build 1.8.0_66-b17)
# Java VM: Java HotSpot(TM) 64-Bit Server VM (25.66-b17 mixed mode linux-amd64 compressed oops)
# Failed to write core dump. Core dumps have been disabled. To enable core dumping, try "ulimit -c unlimited" before starting Java again
#

---------------  T H R E A D  ---------------

Current thread (0x00007fc2c8078000):  VMThread [stack: 0x00007fc2b55b3000,0x00007fc2b56b4000] [id=16379]

Stack: [0x00007fc2b55b3000,0x00007fc2b56b4000],  sp=0x00007fc2b56b20e0,  free space=1020k
Native frames: (J=compiled Java code, j=interpreted, Vv=VM code, C=native code)
V  [libjvm.so+0xab9a1a]  VMError::report_and_die()+0x2ba
V  [libjvm.so+0x4f9e0b]  report_vm_out_of_memory(char const*, int, unsigned long, VMErrorType, char const*)+0x8b
V  [libjvm.so+0x91a8a3]  os::Linux::commit_memory_impl(char*, unsigned long, bool)+0x103
V  [libjvm.so+0x91adf9]  os::pd_commit_memory(char*, unsigned long, unsigned long, bool)+0x29
V  [libjvm.so+0x91510a]  os::commit_memory(char*, unsigned long, unsigned long, bool)+0x2a
V  [libjvm.so+0x9887a3]  PSVirtualSpace::expand_by(unsigned long)+0x53
V  [libjvm.so+0x979090]  PSOldGen::expand(unsigned long)+0x170
V  [libjvm.so+0x97929b]  PSOldGen::resize(unsigned long)+0x1cb
V  [libjvm.so+0x980f71]  PSParallelCompact::invoke_no_policy(bool)+0x991
V  [libjvm.so+0x9868cd]  PSScavenge::invoke()+0x1ad
V  [libjvm.so+0x93e500]  ParallelScavengeHeap::failed_mem_allocate(unsigned long)+0x70
V  [libjvm.so+0xabb437]  VM_ParallelGCFailedAllocation::doit()+0x97
V  [libjvm.so+0xac2e65]  VM_Operation::evaluate()+0x55
V  [libjvm.so+0xac123a]  VMThread::evaluate_operation(VM_Operation*)+0xba
V  [libjvm.so+0xac15be]  VMThread::loop()+0x1ce
V  [libjvm.so+0xac1a30]  VMThread::run()+0x70
V  [libjvm.so+0x91cc68]  java_start(Thread*)+0x108

VM_Operation (0x00007fc2b42b1b60): ParallelGCFailedAllocation, mode: safepoint, requested by thread 0x00007fc2c81a0800


---------------  P R O C E S S  ---------------

Java Threads: ( => current thread )
  0x00007fc2c81a5000 JavaThread "pool-2-thread-4" [_thread_blocked, id=16392, stack(0x00007fc26feff000,0x00007fc270000000)]
  0x00007fc2c81a2800 JavaThread "pool-2-thread-3" [_thread_blocked, id=16391, stack(0x00007fc2b40b2000,0x00007fc2b41b3000)]
  0x00007fc2c81a0800 JavaThread "pool-2-thread-2" [_thread_blocked, id=16390, stack(0x00007fc2b41b3000,0x00007fc2b42b4000)]
  0x00007fc2c8191000 JavaThread "pool-3-thread-1" [_thread_blocked, id=16389, stack(0x00007fc2b42b4000,0x00007fc2b43b5000)]
  0x00007fc2c817c800 JavaThread "pool-2-thread-1" [_thread_blocked, id=16388, stack(0x00007fc2b43b5000,0x00007fc2b44b6000)]
  0x00007fc2c80ca800 JavaThread "Service Thread" daemon [_thread_blocked, id=16386, stack(0x00007fc2b4699000,0x00007fc2b479a000)]
  0x00007fc2c80bd800 JavaThread "C1 CompilerThread2" daemon [_thread_blocked, id=16385, stack(0x00007fc2b479a000,0x00007fc2b489b000)]
  0x00007fc2c80bb800 JavaThread "C2 CompilerThread1" daemon [_thread_blocked, id=16384, stack(0x00007fc2b489b000,0x00007fc2b499c000)]
  0x00007fc2c80b8800 JavaThread "C2 CompilerThread0" daemon [_thread_blocked, id=16383, stack(0x00007fc2b499c000,0x00007fc2b4a9d000)]
  0x00007fc2c80b7800 JavaThread "Signal Dispatcher" daemon [_thread_blocked, id=16382, stack(0x00007fc2b4a9d000,0x00007fc2b4b9e000)]
  0x00007fc2c807f000 JavaThread "Finalizer" daemon [_thread_blocked, id=16381, stack(0x00007fc2b53b1000,0x00007fc2b54b2000)]
  0x00007fc2c807d000 JavaThread "Reference Handler" daemon [_thread_blocked, id=16380, stack(0x00007fc2b54b2000,0x00007fc2b55b3000)]
  0x00007fc2c800a000 JavaThread "main" [_thread_blocked, id=16374, stack(0x00007fc2ce1d1000,0x00007fc2ce2d2000)]

Other Threads:
=>0x00007fc2c8078000 VMThread [stack: 0x00007fc2b55b3000,0x00007fc2b56b4000] [id=16379]
  0x00007fc2c80cd800 WatcherThread [stack: 0x00007fc2b4598000,0x00007fc2b4699000] [id=16387]

VM state:at safepoint (normal execution)

VM Mutex/Monitor currently owned by a thread:  ([mutex/lock_event])
[0x00007fc2c8005ef0] ExpandHeap_lock - owner thread: 0x00007fc2c8078000
[0x00007fc2c8006570] Threads_lock - owner thread: 0x00007fc2c8078000
[0x00007fc2c8006a70] Heap_lock - owner thread: 0x00007fc2c81a0800

Heap:
 PSYoungGen      total 445440K, used 0K [0x00000000d5580000, 0x0000000100000000, 0x0000000100000000)
  eden space 293376K, 0% used [0x00000000d5580000,0x00000000d5580000,0x00000000e7400000)
  from space 152064K, 0% used [0x00000000f6b80000,0x00000000f6b80000,0x0000000100000000)
  to   space 202752K, 0% used [0x00000000e7400000,0x00000000e7400000,0x00000000f3a00000)
 ParOldGen       total 756224K, used 737060K [0x0000000080000000, 0x00000000ae280000, 0x00000000d5580000)
  object space 756224K, 97% used [0x0000000080000000,0x00000000acfc90c8,0x00000000ae280000)
 Metaspace       used 6478K, capacity 7282K, committed 7552K, reserved 1056768K
  class space    used 608K, capacity 618K, committed 640K, reserved 1048576K

Card table byte_map: [0x00007fc2b79ad000,0x00007fc2b7dae000] byte_map_base: 0x00007fc2b75ad000

Marking Bits: (ParMarkBitMap*) 0x00007fc2cd6ab020
 Begin Bits: [0x00007fc2ac000000, 0x00007fc2ae000000)
 End Bits:   [0x00007fc2ae000000, 0x00007fc2b0000000)

Polling page: 0x00007fc2ce2f2000

CodeCache: size=245760Kb used=12006Kb max_used=12287Kb free=233753Kb
 bounds [0x00007fc2b816e000, 0x00007fc2b8e3e000, 0x00007fc2c716e000]
 total_blobs=2570 nmethods=2301 adapters=182
 compilation: enabled

Compilation events (10 events):
Event: 37,415 Thread 0x00007fc2c80bb800 nmethod 863% 0x00007fc2b8ab3950 code [0x00007fc2b8ab3f40, 0x00007fc2b8ab8820]
Event: 37,415 Thread 0x00007fc2c80bb800 2916       4       com.android.dx.ssa.back.LivenessAnalyzer::handleTailRecursion (94 bytes)
Event: 37,654 Thread 0x00007fc2c80bb800 nmethod 2916 0x00007fc2b8444090 code [0x00007fc2b8444400, 0x00007fc2b84467c0]
Event: 37,654 Thread 0x00007fc2c80bb800 2919       4       com.android.dx.ssa.ConstCollector::getConstsSortedByCountUse (386 bytes)
Event: 37,986 Thread 0x00007fc2c80bb800 nmethod 2919 0x00007fc2b86d3910 code [0x00007fc2b86d3d20, 0x00007fc2b86d6880]
Event: 37,986 Thread 0x00007fc2c80bb800 2926       4       com.android.dx.ssa.SsaConverter::placePhiFunctions (394 bytes)
Event: 38,408 Thread 0x00007fc2c80bb800 nmethod 2926 0x00007fc2b8826490 code [0x00007fc2b88268a0, 0x00007fc2b8829fe0]
Event: 38,409 Thread 0x00007fc2c80bb800 2917       4       com.android.dx.ssa.back.LivenessAnalyzer::constructInterferenceGraph (47 bytes)
Event: 38,510 Thread 0x00007fc2c80b8800 nmethod 975 0x00007fc2b8e1e0d0 code [0x00007fc2b8e1e960, 0x00007fc2b8e255e0]
Event: 38,511 Thread 0x00007fc2c80b8800 2925       4       com.android.dx.dex.file.AnnotationUtils::makeSignature (251 bytes)

GC Heap History (10 events):
Event: 25,495 GC heap after
Heap after GC invocations=21 (full 4):
 PSYoungGen      total 555008K, used 65543K [0x00000000d5580000, 0x0000000100000000, 0x0000000100000000)
  eden space 411136K, 0% used [0x00000000d5580000,0x00000000d5580000,0x00000000ee700000)
  from space 143872K, 45% used [0x00000000ee700000,0x00000000f2701d60,0x00000000f7380000)
  to   space 138240K, 0% used [0x00000000f7900000,0x00000000f7900000,0x0000000100000000)
 ParOldGen       total 521728K, used 521263K [0x0000000080000000, 0x000000009fd80000, 0x00000000d5580000)
  object space 521728K, 99% used [0x0000000080000000,0x000000009fd0bc50,0x000000009fd80000)
 Metaspace       used 6466K, capacity 7282K, committed 7552K, reserved 1056768K
  class space    used 606K, capacity 618K, committed 640K, reserved 1048576K
}
Event: 25,495 GC heap before
{Heap before GC invocations=22 (full 5):
 PSYoungGen      total 555008K, used 65543K [0x00000000d5580000, 0x0000000100000000, 0x0000000100000000)
  eden space 411136K, 0% used [0x00000000d5580000,0x00000000d5580000,0x00000000ee700000)
  from space 143872K, 45% used [0x00000000ee700000,0x00000000f2701d60,0x00000000f7380000)
  to   space 138240K, 0% used [0x00000000f7900000,0x00000000f7900000,0x0000000100000000)
 ParOldGen       total 521728K, used 521263K [0x0000000080000000, 0x000000009fd80000, 0x00000000d5580000)
  object space 521728K, 99% used [0x0000000080000000,0x000000009fd0bc50,0x000000009fd80000)
 Metaspace       used 6466K, capacity 7282K, committed 7552K, reserved 1056768K
  class space    used 606K, capacity 618K, committed 640K, reserved 1048576K
Event: 30,816 GC heap after
Heap after GC invocations=22 (full 5):
 PSYoungGen      total 555008K, used 58047K [0x00000000d5580000, 0x0000000100000000, 0x0000000100000000)
  eden space 411136K, 0% used [0x00000000d5580000,0x00000000d5580000,0x00000000ee700000)
  from space 143872K, 40% used [0x00000000ee700000,0x00000000f1fafde0,0x00000000f7380000)
  to   space 138240K, 0% used [0x00000000f7900000,0x00000000f7900000,0x0000000100000000)
 ParOldGen       total 756224K, used 521233K [0x0000000080000000, 0x00000000ae280000, 0x00000000d5580000)
  object space 756224K, 68% used [0x0000000080000000,0x000000009fd04628,0x00000000ae280000)
 Metaspace       used 6466K, capacity 7282K, committed 7552K, reserved 1056768K
  class space    used 606K, capacity 618K, committed 640K, reserved 1048576K
}
Event: 32,385 GC heap before
{Heap before GC invocations=23 (full 5):
 PSYoungGen      total 555008K, used 469183K [0x00000000d5580000, 0x0000000100000000, 0x0000000100000000)
  eden space 411136K, 100% used [0x00000000d5580000,0x00000000ee700000,0x00000000ee700000)
  from space 143872K, 40% used [0x00000000ee700000,0x00000000f1fafde0,0x00000000f7380000)
  to   space 138240K, 0% used [0x00000000f7900000,0x00000000f7900000,0x0000000100000000)
 ParOldGen       total 756224K, used 521233K [0x0000000080000000, 0x00000000ae280000, 0x00000000d5580000)
  object space 756224K, 68% used [0x0000000080000000,0x000000009fd04628,0x00000000ae280000)
 Metaspace       used 6467K, capacity 7282K, committed 7552K, reserved 1056768K
  class space    used 606K, capacity 618K, committed 640K, reserved 1048576K
Event: 32,887 GC heap after
Heap after GC invocations=23 (full 5):
 PSYoungGen      total 532992K, used 116967K [0x00000000d5580000, 0x0000000100000000, 0x0000000100000000)
  eden space 394752K, 0% used [0x00000000d5580000,0x00000000d5580000,0x00000000ed700000)
  from space 138240K, 84% used [0x00000000f7900000,0x00000000feb39f20,0x0000000100000000)
  to   space 152064K, 0% used [0x00000000ed700000,0x00000000ed700000,0x00000000f6b80000)
 ParOldGen       total 756224K, used 521241K [0x0000000080000000, 0x00000000ae280000, 0x00000000d5580000)
  object space 756224K, 68% used [0x0000000080000000,0x000000009fd06628,0x00000000ae280000)
 Metaspace       used 6467K, capacity 7282K, committed 7552K, reserved 1056768K
  class space    used 606K, capacity 618K, committed 640K, reserved 1048576K
}
Event: 36,131 GC heap before
{Heap before GC invocations=24 (full 5):
 PSYoungGen      total 532992K, used 511719K [0x00000000d5580000, 0x0000000100000000, 0x0000000100000000)
  eden space 394752K, 100% used [0x00000000d5580000,0x00000000ed700000,0x00000000ed700000)
  from space 138240K, 84% used [0x00000000f7900000,0x00000000feb39f20,0x0000000100000000)
  to   space 152064K, 0% used [0x00000000ed700000,0x00000000ed700000,0x00000000f6b80000)
 ParOldGen       total 756224K, used 521241K [0x0000000080000000, 0x00000000ae280000, 0x00000000d5580000)
  object space 756224K, 68% used [0x0000000080000000,0x000000009fd06628,0x00000000ae280000)
 Metaspace       used 6476K, capacity 7282K, committed 7552K, reserved 1056768K
  class space    used 608K, capacity 618K, committed 640K, reserved 1048576K
Event: 36,569 GC heap after
Heap after GC invocations=24 (full 5):
 PSYoungGen      total 546816K, used 152045K [0x00000000d5580000, 0x0000000100000000, 0x0000000100000000)
  eden space 394752K, 0% used [0x00000000d5580000,0x00000000d5580000,0x00000000ed700000)
  from space 152064K, 99% used [0x00000000ed700000,0x00000000f6b7b430,0x00000000f6b80000)
  to   space 152064K, 0% used [0x00000000f6b80000,0x00000000f6b80000,0x0000000100000000)
 ParOldGen       total 756224K, used 561463K [0x0000000080000000, 0x00000000ae280000, 0x00000000d5580000)
  object space 756224K, 74% used [0x0000000080000000,0x00000000a244dc70,0x00000000ae280000)
 Metaspace       used 6476K, capacity 7282K, committed 7552K, reserved 1056768K
  class space    used 608K, capacity 618K, committed 640K, reserved 1048576K
}
Event: 38,657 GC heap before
{Heap before GC invocations=25 (full 5):
 PSYoungGen      total 546816K, used 546797K [0x00000000d5580000, 0x0000000100000000, 0x0000000100000000)
  eden space 394752K, 100% used [0x00000000d5580000,0x00000000ed700000,0x00000000ed700000)
  from space 152064K, 99% used [0x00000000ed700000,0x00000000f6b7b430,0x00000000f6b80000)
  to   space 152064K, 0% used [0x00000000f6b80000,0x00000000f6b80000,0x0000000100000000)
 ParOldGen       total 756224K, used 561463K [0x0000000080000000, 0x00000000ae280000, 0x00000000d5580000)
  object space 756224K, 74% used [0x0000000080000000,0x00000000a244dc70,0x00000000ae280000)
 Metaspace       used 6478K, capacity 7282K, committed 7552K, reserved 1056768K
  class space    used 608K, capacity 618K, committed 640K, reserved 1048576K
Event: 39,198 GC heap after
Heap after GC invocations=25 (full 5):
 PSYoungGen      total 445440K, used 140251K [0x00000000d5580000, 0x0000000100000000, 0x0000000100000000)
  eden space 293376K, 0% used [0x00000000d5580000,0x00000000d5580000,0x00000000e7400000)
  from space 152064K, 92% used [0x00000000f6b80000,0x00000000ff476c80,0x0000000100000000)
  to   space 202752K, 0% used [0x00000000e7400000,0x00000000e7400000,0x00000000f3a00000)
 ParOldGen       total 756224K, used 646146K [0x0000000080000000, 0x00000000ae280000, 0x00000000d5580000)
  object space 756224K, 85% used [0x0000000080000000,0x00000000a7700b38,0x00000000ae280000)
 Metaspace       used 6478K, capacity 7282K, committed 7552K, reserved 1056768K
  class space    used 608K, capacity 618K, committed 640K, reserved 1048576K
}
Event: 39,198 GC heap before
{Heap before GC invocations=26 (full 6):
 PSYoungGen      total 445440K, used 140251K [0x00000000d5580000, 0x0000000100000000, 0x0000000100000000)
  eden space 293376K, 0% used [0x00000000d5580000,0x00000000d5580000,0x00000000e7400000)
  from space 152064K, 92% used [0x00000000f6b80000,0x00000000ff476c80,0x0000000100000000)
  to   space 202752K, 0% used [0x00000000e7400000,0x00000000e7400000,0x00000000f3a00000)
 ParOldGen       total 756224K, used 646146K [0x0000000080000000, 0x00000000ae280000, 0x00000000d5580000)
  object space 756224K, 85% used [0x0000000080000000,0x00000000a7700b38,0x00000000ae280000)
 Metaspace       used 6478K, capacity 7282K, committed 7552K, reserved 1056768K
  class space    used 608K, capacity 618K, committed 640K, reserved 1048576K

Deoptimization events (10 events):
Event: 34,872 Thread 0x00007fc2c81a2800 Uncommon trap: reason=class_check action=maybe_recompile pc=0x00007fc2b8c2a3b0 method=com.android.dx.ssa.back.InterferenceGraph.mergeInterferenceSet(ILcom/android/dx/util/IntSet;)V @ 20
Event: 34,872 Thread 0x00007fc2c81a2800 Uncommon trap: reason=class_check action=maybe_recompile pc=0x00007fc2b8c2a3b0 method=com.android.dx.ssa.back.InterferenceGraph.mergeInterferenceSet(ILcom/android/dx/util/IntSet;)V @ 20
Event: 34,877 Thread 0x00007fc2c81a2800 Uncommon trap: reason=class_check action=maybe_recompile pc=0x00007fc2b8c2a3b0 method=com.android.dx.ssa.back.InterferenceGraph.mergeInterferenceSet(ILcom/android/dx/util/IntSet;)V @ 20
Event: 34,965 Thread 0x00007fc2c817c800 Uncommon trap: reason=null_check action=make_not_entrant pc=0x00007fc2b8de6488 method=com.android.dx.dex.file.StringIdsSection.intern(Lcom/android/dx/dex/file/StringIdItem;)Lcom/android/dx/dex/file/StringIdItem; @ 31
Event: 34,980 Thread 0x00007fc2c800a000 Uncommon trap: reason=bimorphic action=maybe_recompile pc=0x00007fc2b8546e48 method=com.android.dx.ssa.LiteralOpUpgrader.tryReplacingWithConstant(Lcom/android/dx/ssa/NormalSsaInsn;)Z @ 52
Event: 34,981 Thread 0x00007fc2c800a000 Uncommon trap: reason=bimorphic action=maybe_recompile pc=0x00007fc2b8546e48 method=com.android.dx.ssa.LiteralOpUpgrader.tryReplacingWithConstant(Lcom/android/dx/ssa/NormalSsaInsn;)Z @ 52
Event: 36,690 Thread 0x00007fc2c81a5000 Uncommon trap: reason=class_check action=maybe_recompile pc=0x00007fc2b83c26bc method=com.android.dx.ssa.SsaConverter.placePhiFunctions(Lcom/android/dx/ssa/SsaMethod;Lcom/android/dx/ssa/LocalVariableInfo;I)V @ 257
Event: 36,842 Thread 0x00007fc2c81a2800 Uncommon trap: reason=class_check action=maybe_recompile pc=0x00007fc2b83c26bc method=com.android.dx.ssa.SsaConverter.placePhiFunctions(Lcom/android/dx/ssa/SsaMethod;Lcom/android/dx/ssa/LocalVariableInfo;I)V @ 257
Event: 37,848 Thread 0x00007fc2c81a5000 Uncommon trap: reason=class_check action=maybe_recompile pc=0x00007fc2b83c26bc method=com.android.dx.ssa.SsaConverter.placePhiFunctions(Lcom/android/dx/ssa/SsaMethod;Lcom/android/dx/ssa/LocalVariableInfo;I)V @ 257
Event: 38,651 Thread 0x00007fc2c81a0800 Uncommon trap: reason=class_check action=maybe_recompile pc=0x00007fc2b8685d94 method=com.android.dx.ssa.SsaConverter.placePhiFunctions(Lcom/android/dx/ssa/SsaMethod;Lcom/android/dx/ssa/LocalVariableInfo;I)V @ 257

Internal exceptions (10 events):
Event: 0,026 Thread 0x00007fc2c800a000 Exception <a 'java/lang/NoSuchMethodError': Method sun.misc.Unsafe.prefetchRead(Ljava/lang/Object;J)V name or signature does not match> (0x00000000d5592e80) thrown at [/HUDSON/workspace/8-2-build-linux-amd64/jdk8u66/4988/hotspot/src/share/vm/prims/jni.cpp
Event: 0,941 Thread 0x00007fc2c81a2800 Implicit null exception at 0x00007fc2b8452e95 to 0x00007fc2b84555d5
Event: 0,941 Thread 0x00007fc2c81a2800 Implicit null exception at 0x00007fc2b84327ec to 0x00007fc2b8434d31
Event: 2,131 Thread 0x00007fc2c81a5000 Implicit null exception at 0x00007fc2b8593d32 to 0x00007fc2b8593ea9
Event: 3,124 Thread 0x00007fc2c81a0800 Exception <a 'java/lang/ArrayIndexOutOfBoundsException': 18> (0x00000000da1e31c0) thrown at [/HUDSON/workspace/8-2-build-linux-amd64/jdk8u66/4988/hotspot/src/share/vm/interpreter/interpreterRuntime.cpp, line 366]
Event: 3,124 Thread 0x00007fc2c81a0800 Exception <a 'java/lang/ArrayIndexOutOfBoundsException': 145> (0x00000000da1e4d40) thrown at [/HUDSON/workspace/8-2-build-linux-amd64/jdk8u66/4988/hotspot/src/share/vm/interpreter/interpreterRuntime.cpp, line 366]
Event: 3,125 Thread 0x00007fc2c81a0800 Exception <a 'java/lang/ArrayIndexOutOfBoundsException'> (0x00000000da1e6028) thrown at [/HUDSON/workspace/8-2-build-linux-amd64/jdk8u66/4988/hotspot/src/share/vm/runtime/sharedRuntime.cpp, line 605]
Event: 3,527 Thread 0x00007fc2c81a2800 Implicit null exception at 0x00007fc2b85e9a2c to 0x00007fc2b85ec279
Event: 30,936 Thread 0x00007fc2c81a5000 Implicit null exception at 0x00007fc2b84d3203 to 0x00007fc2b84d3691
Event: 30,936 Thread 0x00007fc2c81a5000 Implicit null exception at 0x00007fc2b84bddaa to 0x00007fc2b84be1c1

Events (10 events):
Event: 38,076 Thread 0x00007fc2c81a5000 DEOPT PACKING pc=0x00007fc2b85cff02 sp=0x00007fc26fffe140
Event: 38,076 Thread 0x00007fc2c81a5000 DEOPT UNPACKING pc=0x00007fc2b81b5633 sp=0x00007fc26fffde80 mode 0
Event: 38,511 Thread 0x00007fc2c80b8800 flushing nmethod 0x00007fc2b8b79790
Event: 38,511 Thread 0x00007fc2c80b8800 flushing nmethod 0x00007fc2b8c7ab90
Event: 38,511 Thread 0x00007fc2c80b8800 flushing nmethod 0x00007fc2b8c9c0d0
Event: 38,511 Thread 0x00007fc2c80b8800 flushing nmethod 0x00007fc2b8cc77d0
Event: 38,651 Thread 0x00007fc2c81a0800 Uncommon trap: trap_request=0xffffffde fr.pc=0x00007fc2b8685d94
Event: 38,651 Thread 0x00007fc2c81a0800 DEOPT PACKING pc=0x00007fc2b8685d94 sp=0x00007fc2b42b1de0
Event: 38,651 Thread 0x00007fc2c81a0800 DEOPT UNPACKING pc=0x00007fc2b8173229 sp=0x00007fc2b42b1de8 mode 2
Event: 38,657 Executing VM operation: ParallelGCFailedAllocation


Dynamic libraries:
00400000-00401000 r-xp 00000000 08:01 4591374                            /usr/lib/jvm/java-8-oracle/bin/java
00600000-00601000 rw-p 00000000 08:01 4591374                            /usr/lib/jvm/java-8-oracle/bin/java
025f6000-02617000 rw-p 00000000 00:00 0                                  [heap]
80000000-ae280000 rw-p 00000000 00:00 0 
be000000-d5580000 ---p 00000000 00:00 0 
d5580000-100000000 rw-p 00000000 00:00 0 
100000000-1000a0000 rw-p 00000000 00:00 0 
1000a0000-140000000 ---p 00000000 00:00 0 
7fc264000000-7fc264055000 rw-p 00000000 00:00 0 
7fc264055000-7fc268000000 ---p 00000000 00:00 0 
7fc268000000-7fc268027000 rw-p 00000000 00:00 0 
7fc268027000-7fc26c000000 ---p 00000000 00:00 0 
7fc26feff000-7fc26ff02000 ---p 00000000 00:00 0 
7fc26ff02000-7fc270000000 rw-p 00000000 00:00 0                          [stack:16392]
7fc270000000-7fc270021000 rw-p 00000000 00:00 0 
7fc270021000-7fc274000000 ---p 00000000 00:00 0 
7fc274000000-7fc274042000 rw-p 00000000 00:00 0 
7fc274042000-7fc278000000 ---p 00000000 00:00 0 
7fc278000000-7fc278021000 rw-p 00000000 00:00 0 
7fc278021000-7fc27c000000 ---p 00000000 00:00 0 
7fc27c000000-7fc27c026000 rw-p 00000000 00:00 0 
7fc27c026000-7fc280000000 ---p 00000000 00:00 0 
7fc280000000-7fc280b7d000 rw-p 00000000 00:00 0 
7fc280b7d000-7fc284000000 ---p 00000000 00:00 0 
7fc284000000-7fc284021000 rw-p 00000000 00:00 0 
7fc284021000-7fc288000000 ---p 00000000 00:00 0 
7fc288000000-7fc2897de000 rw-p 00000000 00:00 0 
7fc2897de000-7fc28c000000 ---p 00000000 00:00 0 
7fc28c000000-7fc28dd6e000 rw-p 00000000 00:00 0 
7fc28dd6e000-7fc290000000 ---p 00000000 00:00 0 
7fc290000000-7fc290021000 rw-p 00000000 00:00 0 
7fc290021000-7fc294000000 ---p 00000000 00:00 0 
7fc294000000-7fc294021000 rw-p 00000000 00:00 0 
7fc294021000-7fc298000000 ---p 00000000 00:00 0 
7fc298000000-7fc2982a8000 rw-p 00000000 00:00 0 
7fc2982a8000-7fc29c000000 ---p 00000000 00:00 0 
7fc29c000000-7fc29c021000 rw-p 00000000 00:00 0 
7fc29c021000-7fc2a0000000 ---p 00000000 00:00 0 
7fc2a0000000-7fc2a0021000 rw-p 00000000 00:00 0 
7fc2a0021000-7fc2a4000000 ---p 00000000 00:00 0 
7fc2a4000000-7fc2a4021000 rw-p 00000000 00:00 0 
7fc2a4021000-7fc2a8000000 ---p 00000000 00:00 0 
7fc2a8000000-7fc2a8021000 rw-p 00000000 00:00 0 
7fc2a8021000-7fc2ac000000 ---p 00000000 00:00 0 
7fc2ac000000-7fc2b0000000 rw-p 00000000 00:00 0 
7fc2b0000000-7fc2b0021000 rw-p 00000000 00:00 0 
7fc2b0021000-7fc2b4000000 ---p 00000000 00:00 0 
7fc2b408d000-7fc2b40b2000 r--p 00000000 08:01 2361987                    /usr/share/locale-langpack/pl/LC_MESSAGES/libc.mo
7fc2b40b2000-7fc2b40b5000 ---p 00000000 00:00 0 
7fc2b40b5000-7fc2b41b3000 rw-p 00000000 00:00 0                          [stack:16391]
7fc2b41b3000-7fc2b41b6000 ---p 00000000 00:00 0 
7fc2b41b6000-7fc2b42b4000 rw-p 00000000 00:00 0                          [stack:16390]
7fc2b42b4000-7fc2b42b7000 ---p 00000000 00:00 0 
7fc2b42b7000-7fc2b43b5000 rw-p 00000000 00:00 0                          [stack:16389]
7fc2b43b5000-7fc2b43b8000 ---p 00000000 00:00 0 
7fc2b43b8000-7fc2b44b6000 rw-p 00000000 00:00 0                          [stack:16388]
7fc2b44b6000-7fc2b4598000 r--s 00ae0000 08:01 9311974                    /home/tomasz/AndroidStudioProjects/ITAssistant/app/build/intermediates/transforms/jarMerging/debug/jars/1/1f/combined.jar
7fc2b4598000-7fc2b4599000 ---p 00000000 00:00 0 
7fc2b4599000-7fc2b4699000 rw-p 00000000 00:00 0                          [stack:16387]
7fc2b4699000-7fc2b469c000 ---p 00000000 00:00 0 
7fc2b469c000-7fc2b479a000 rw-p 00000000 00:00 0                          [stack:16386]
7fc2b479a000-7fc2b479d000 ---p 00000000 00:00 0 
7fc2b479d000-7fc2b489b000 rw-p 00000000 00:00 0                          [stack:16385]
7fc2b489b000-7fc2b489e000 ---p 00000000 00:00 0 
7fc2b489e000-7fc2b499c000 rw-p 00000000 00:00 0                          [stack:16384]
7fc2b499c000-7fc2b499f000 ---p 00000000 00:00 0 
7fc2b499f000-7fc2b4a9d000 rw-p 00000000 00:00 0                          [stack:16383]
7fc2b4a9d000-7fc2b4aa0000 ---p 00000000 00:00 0 
7fc2b4aa0000-7fc2b4b9e000 rw-p 00000000 00:00 0                          [stack:16382]
7fc2b4b9e000-7fc2b53b1000 r--p 00000000 08:01 1579663                    /usr/lib/locale/locale-archive
7fc2b53b1000-7fc2b53b4000 ---p 00000000 00:00 0 
7fc2b53b4000-7fc2b54b2000 rw-p 00000000 00:00 0                          [stack:16381]
7fc2b54b2000-7fc2b54b5000 ---p 00000000 00:00 0 
7fc2b54b5000-7fc2b55b3000 rw-p 00000000 00:00 0                          [stack:16380]
7fc2b55b3000-7fc2b55b4000 ---p 00000000 00:00 0 
7fc2b55b4000-7fc2b6626000 rw-p 00000000 00:00 0                          [stack:16379]
7fc2b6626000-7fc2b67ff000 r--s 03d20000 08:01 4069182                    /usr/lib/jvm/java-8-oracle/jre/lib/rt.jar
7fc2b67ff000-7fc2b6ebf000 rw-p 00000000 00:00 0 
7fc2b6ebf000-7fc2b6fff000 ---p 00000000 00:00 0 
7fc2b6fff000-7fc2b73ff000 rw-p 00000000 00:00 0 
7fc2b73ff000-7fc2b7400000 ---p 00000000 00:00 0 
7fc2b7400000-7fc2b7500000 rw-p 00000000 00:00 0                          [stack:16378]
7fc2b7500000-7fc2b7501000 ---p 00000000 00:00 0 
7fc2b7501000-7fc2b7601000 rw-p 00000000 00:00 0                          [stack:16377]
7fc2b7601000-7fc2b7602000 ---p 00000000 00:00 0 
7fc2b7602000-7fc2b7874000 rw-p 00000000 00:00 0                          [stack:16376]
7fc2b7874000-7fc2b79ad000 ---p 00000000 00:00 0 
7fc2b79ad000-7fc2b7b1f000 rw-p 00000000 00:00 0 
7fc2b7b1f000-7fc2b7c57000 ---p 00000000 00:00 0 
7fc2b7c57000-7fc2b7dad000 rw-p 00000000 00:00 0 
7fc2b7dad000-7fc2b7de2000 rw-p 00000000 00:00 0 
7fc2b7de2000-7fc2b816e000 ---p 00000000 00:00 0 
7fc2b816e000-7fc2b8e3e000 rwxp 00000000 00:00 0 
7fc2b8e3e000-7fc2c716e000 ---p 00000000 00:00 0 
7fc2c716e000-7fc2c7188000 r-xp 00000000 08:01 4069168                    /usr/lib/jvm/java-8-oracle/jre/lib/amd64/libzip.so
7fc2c7188000-7fc2c7388000 ---p 0001a000 08:01 4069168                    /usr/lib/jvm/java-8-oracle/jre/lib/amd64/libzip.so
7fc2c7388000-7fc2c7389000 rw-p 0001a000 08:01 4069168                    /usr/lib/jvm/java-8-oracle/jre/lib/amd64/libzip.so
7fc2c7389000-7fc2c7394000 r-xp 00000000 08:01 5771445                    /lib/x86_64-linux-gnu/libnss_files-2.19.so
7fc2c7394000-7fc2c7593000 ---p 0000b000 08:01 5771445                    /lib/x86_64-linux-gnu/libnss_files-2.19.so
7fc2c7593000-7fc2c7594000 r--p 0000a000 08:01 5771445                    /lib/x86_64-linux-gnu/libnss_files-2.19.so
7fc2c7594000-7fc2c7595000 rw-p 0000b000 08:01 5771445                    /lib/x86_64-linux-gnu/libnss_files-2.19.so
7fc2c7595000-7fc2c75a0000 r-xp 00000000 08:01 5771455                    /lib/x86_64-linux-gnu/libnss_nis-2.19.so
7fc2c75a0000-7fc2c779f000 ---p 0000b000 08:01 5771455                    /lib/x86_64-linux-gnu/libnss_nis-2.19.so
7fc2c779f000-7fc2c77a0000 r--p 0000a000 08:01 5771455                    /lib/x86_64-linux-gnu/libnss_nis-2.19.so
7fc2c77a0000-7fc2c77a1000 rw-p 0000b000 08:01 5771455                    /lib/x86_64-linux-gnu/libnss_nis-2.19.so
7fc2c77a1000-7fc2c77b8000 r-xp 00000000 08:01 5771439                    /lib/x86_64-linux-gnu/libnsl-2.19.so
7fc2c77b8000-7fc2c79b7000 ---p 00017000 08:01 5771439                    /lib/x86_64-linux-gnu/libnsl-2.19.so
7fc2c79b7000-7fc2c79b8000 r--p 00016000 08:01 5771439                    /lib/x86_64-linux-gnu/libnsl-2.19.so
7fc2c79b8000-7fc2c79b9000 rw-p 00017000 08:01 5771439                    /lib/x86_64-linux-gnu/libnsl-2.19.so
7fc2c79b9000-7fc2c79bb000 rw-p 00000000 00:00 0 
7fc2c79bb000-7fc2c79c4000 r-xp 00000000 08:01 5771441                    /lib/x86_64-linux-gnu/libnss_compat-2.19.so
7fc2c79c4000-7fc2c7bc3000 ---p 00009000 08:01 5771441                    /lib/x86_64-linux-gnu/libnss_compat-2.19.so
7fc2c7bc3000-7fc2c7bc4000 r--p 00008000 08:01 5771441                    /lib/x86_64-linux-gnu/libnss_compat-2.19.so
7fc2c7bc4000-7fc2c7bc5000 rw-p 00009000 08:01 5771441                    /lib/x86_64-linux-gnu/libnss_compat-2.19.so
7fc2c7bc5000-7fc2c7bef000 r-xp 00000000 08:01 4069157                    /usr/lib/jvm/java-8-oracle/jre/lib/amd64/libjava.so
7fc2c7bef000-7fc2c7def000 ---p 0002a000 08:01 4069157                    /usr/lib/jvm/java-8-oracle/jre/lib/amd64/libjava.so
7fc2c7def000-7fc2c7df1000 rw-p 0002a000 08:01 4069157                    /usr/lib/jvm/java-8-oracle/jre/lib/amd64/libjava.so
7fc2c7df1000-7fc2c7dfe000 r-xp 00000000 08:01 4069118                    /usr/lib/jvm/java-8-oracle/jre/lib/amd64/libverify.so
7fc2c7dfe000-7fc2c7ffe000 ---p 0000d000 08:01 4069118                    /usr/lib/jvm/java-8-oracle/jre/lib/amd64/libverify.so
7fc2c7ffe000-7fc2c8000000 rw-p 0000d000 08:01 4069118                    /usr/lib/jvm/java-8-oracle/jre/lib/amd64/libverify.so
7fc2c8000000-7fc2c83cc000 rw-p 00000000 00:00 0 
7fc2c83cc000-7fc2cc000000 ---p 00000000 00:00 0 
7fc2cc007000-7fc2cc0ed000 rw-p 00000000 00:00 0 
7fc2cc0ed000-7fc2cc0ee000 ---p 00000000 00:00 0 
7fc2cc0ee000-7fc2cc1ee000 rw-p 00000000 00:00 0                          [stack:16375]
7fc2cc1ee000-7fc2cc1f5000 r-xp 00000000 08:01 5771498                    /lib/x86_64-linux-gnu/librt-2.19.so
7fc2cc1f5000-7fc2cc3f4000 ---p 00007000 08:01 5771498                    /lib/x86_64-linux-gnu/librt-2.19.so
7fc2cc3f4000-7fc2cc3f5000 r--p 00006000 08:01 5771498                    /lib/x86_64-linux-gnu/librt-2.19.so
7fc2cc3f5000-7fc2cc3f6000 rw-p 00007000 08:01 5771498                    /lib/x86_64-linux-gnu/librt-2.19.so
7fc2cc3f6000-7fc2cc4fb000 r-xp 00000000 08:01 5771420                    /lib/x86_64-linux-gnu/libm-2.19.so
7fc2cc4fb000-7fc2cc6fa000 ---p 00105000 08:01 5771420                    /lib/x86_64-linux-gnu/libm-2.19.so
7fc2cc6fa000-7fc2cc6fb000 r--p 00104000 08:01 5771420                    /lib/x86_64-linux-gnu/libm-2.19.so
7fc2cc6fb000-7fc2cc6fc000 rw-p 00105000 08:01 5771420                    /lib/x86_64-linux-gnu/libm-2.19.so
7fc2cc6fc000-7fc2cd3ba000 r-xp 00000000 08:01 4069167                    /usr/lib/jvm/java-8-oracle/jre/lib/amd64/server/libjvm.so
7fc2cd3ba000-7fc2cd5b9000 ---p 00cbe000 08:01 4069167                    /usr/lib/jvm/java-8-oracle/jre/lib/amd64/server/libjvm.so
7fc2cd5b9000-7fc2cd692000 rw-p 00cbd000 08:01 4069167                    /usr/lib/jvm/java-8-oracle/jre/lib/amd64/server/libjvm.so
7fc2cd692000-7fc2cd6d6000 rw-p 00000000 00:00 0 
7fc2cd6d6000-7fc2cd891000 r-xp 00000000 08:01 5771370                    /lib/x86_64-linux-gnu/libc-2.19.so
7fc2cd891000-7fc2cda90000 ---p 001bb000 08:01 5771370                    /lib/x86_64-linux-gnu/libc-2.19.so
7fc2cda90000-7fc2cda94000 r--p 001ba000 08:01 5771370                    /lib/x86_64-linux-gnu/libc-2.19.so
7fc2cda94000-7fc2cda96000 rw-p 001be000 08:01 5771370                    /lib/x86_64-linux-gnu/libc-2.19.so
7fc2cda96000-7fc2cda9b000 rw-p 00000000 00:00 0 
7fc2cda9b000-7fc2cda9e000 r-xp 00000000 08:01 5771387                    /lib/x86_64-linux-gnu/libdl-2.19.so
7fc2cda9e000-7fc2cdc9d000 ---p 00003000 08:01 5771387                    /lib/x86_64-linux-gnu/libdl-2.19.so
7fc2cdc9d000-7fc2cdc9e000 r--p 00002000 08:01 5771387                    /lib/x86_64-linux-gnu/libdl-2.19.so
7fc2cdc9e000-7fc2cdc9f000 rw-p 00003000 08:01 5771387                    /lib/x86_64-linux-gnu/libdl-2.19.so
7fc2cdc9f000-7fc2cdcb4000 r-xp 00000000 08:01 4727160                    /usr/lib/jvm/java-8-oracle/lib/amd64/jli/libjli.so
7fc2cdcb4000-7fc2cdeb4000 ---p 00015000 08:01 4727160                    /usr/lib/jvm/java-8-oracle/lib/amd64/jli/libjli.so
7fc2cdeb4000-7fc2cdeb5000 rw-p 00015000 08:01 4727160                    /usr/lib/jvm/java-8-oracle/lib/amd64/jli/libjli.so
7fc2cdeb5000-7fc2cdece000 r-xp 00000000 08:01 5771490                    /lib/x86_64-linux-gnu/libpthread-2.19.so
7fc2cdece000-7fc2ce0cd000 ---p 00019000 08:01 5771490                    /lib/x86_64-linux-gnu/libpthread-2.19.so
7fc2ce0cd000-7fc2ce0ce000 r--p 00018000 08:01 5771490                    /lib/x86_64-linux-gnu/libpthread-2.19.so
7fc2ce0ce000-7fc2ce0cf000 rw-p 00019000 08:01 5771490                    /lib/x86_64-linux-gnu/libpthread-2.19.so
7fc2ce0cf000-7fc2ce0d3000 rw-p 00000000 00:00 0 
7fc2ce0d3000-7fc2ce0f6000 r-xp 00000000 08:01 5771346                    /lib/x86_64-linux-gnu/ld-2.19.so
7fc2ce0fe000-7fc2ce105000 r--s 00000000 08:01 1967077                    /usr/lib/x86_64-linux-gnu/gconv/gconv-modules.cache
7fc2ce105000-7fc2ce1d1000 rw-p 00000000 00:00 0 
7fc2ce1d1000-7fc2ce1d4000 ---p 00000000 00:00 0 
7fc2ce1d4000-7fc2ce2d6000 rw-p 00000000 00:00 0                          [stack:16374]
7fc2ce2d9000-7fc2ce2da000 rw-p 00000000 00:00 0 
7fc2ce2da000-7fc2ce2e9000 r--s 000df000 08:01 656243                     /home/tomasz/Android/Sdk/build-tools/23.0.1/lib/dx.jar
7fc2ce2e9000-7fc2ce2f1000 rw-s 00000000 08:01 6034247                    /tmp/hsperfdata_tomasz/16369
7fc2ce2f1000-7fc2ce2f2000 rw-p 00000000 00:00 0 
7fc2ce2f2000-7fc2ce2f3000 ---p 00000000 00:00 0 
7fc2ce2f3000-7fc2ce2f5000 rw-p 00000000 00:00 0 
7fc2ce2f5000-7fc2ce2f6000 r--p 00022000 08:01 5771346                    /lib/x86_64-linux-gnu/ld-2.19.so
7fc2ce2f6000-7fc2ce2f7000 rw-p 00023000 08:01 5771346                    /lib/x86_64-linux-gnu/ld-2.19.so
7fc2ce2f7000-7fc2ce2f8000 rw-p 00000000 00:00 0 
7ffc31541000-7ffc31562000 rw-p 00000000 00:00 0                          [stack]
7ffc315d7000-7ffc315d9000 r--p 00000000 00:00 0                          [vvar]
7ffc315d9000-7ffc315db000 r-xp 00000000 00:00 0                          [vdso]
ffffffffff600000-ffffffffff601000 r-xp 00000000 00:00 0                  [vsyscall]

VM Arguments:
jvm_args: -Djava.awt.headless=true -Xmx2g -Dfile.encoding=UTF-8 -Duser.country=PL -Duser.language=pl -Duser.variant 
java_command: com.android.dx.command.Main --dex --num-threads=4 --multi-dex --main-dex-list /home/tomasz/AndroidStudioProjects/ITAssistant/app/build/intermediates/multi-dex/debug/maindexlist.txt --output /home/tomasz/AndroidStudioProjects/ITAssistant/app/build/intermediates/transforms/dex/debug/folders/1000/1f/main /home/tomasz/AndroidStudioProjects/ITAssistant/app/build/intermediates/transforms/jarMerging/debug/jars/1/1f/combined.jar
java_class_path (initial): /home/tomasz/Android/Sdk/build-tools/23.0.1/lib/dx.jar
Launcher Type: SUN_STANDARD

Environment Variables:
PATH=/usr/local/sbin:/usr/local/bin:/usr/sbin:/usr/bin:/sbin:/bin:/usr/games:/usr/local/games
LD_LIBRARY_PATH=/opt/android-studio/bin:
SHELL=/bin/bash
DISPLAY=:0

Signal Handlers:
SIGSEGV: [libjvm.so+0xaba2a0], sa_mask[0]=11111111011111111101111111111110, sa_flags=SA_RESTART|SA_SIGINFO
SIGBUS: [libjvm.so+0xaba2a0], sa_mask[0]=11111111011111111101111111111110, sa_flags=SA_RESTART|SA_SIGINFO
SIGFPE: [libjvm.so+0x917710], sa_mask[0]=11111111011111111101111111111110, sa_flags=SA_RESTART|SA_SIGINFO
SIGPIPE: [libjvm.so+0x917710], sa_mask[0]=11111111011111111101111111111110, sa_flags=SA_RESTART|SA_SIGINFO
SIGXFSZ: [libjvm.so+0x917710], sa_mask[0]=11111111011111111101111111111110, sa_flags=SA_RESTART|SA_SIGINFO
SIGILL: [libjvm.so+0x917710], sa_mask[0]=11111111011111111101111111111110, sa_flags=SA_RESTART|SA_SIGINFO
SIGUSR1: SIG_DFL, sa_mask[0]=00000000000000000000000000000000, sa_flags=none
SIGUSR2: [libjvm.so+0x918d40], sa_mask[0]=00100000000000000000000000000000, sa_flags=SA_RESTART|SA_SIGINFO
SIGHUP: [libjvm.so+0x91a140], sa_mask[0]=11111111011111111101111111111110, sa_flags=SA_RESTART|SA_SIGINFO
SIGINT: [libjvm.so+0x91a140], sa_mask[0]=11111111011111111101111111111110, sa_flags=SA_RESTART|SA_SIGINFO
SIGTERM: [libjvm.so+0x91a140], sa_mask[0]=11111111011111111101111111111110, sa_flags=SA_RESTART|SA_SIGINFO
SIGQUIT: [libjvm.so+0x91a140], sa_mask[0]=11111111011111111101111111111110, sa_flags=SA_RESTART|SA_SIGINFO


---------------  S Y S T E M  ---------------

OS:DISTRIB_ID=Ubuntu
DISTRIB_RELEASE=14.04
DISTRIB_CODENAME=trusty
DISTRIB_DESCRIPTION="Ubuntu 14.04.3 LTS"

uname:Linux 3.19.0-33-generic #38~14.04.1-Ubuntu SMP Fri Nov 6 18:17:28 UTC 2015 x86_64
libc:glibc 2.19 NPTL 2.19 
rlimit: STACK 8192k, CORE 0k, NPROC 23202, NOFILE 4096, AS infinity
load average:4,19 2,16 1,73

/proc/meminfo:
MemTotal:        5961336 kB
MemFree:          131572 kB
MemAvailable:      91532 kB
Buffers:            1552 kB
Cached:           381940 kB
SwapCached:            0 kB
Active:          5306964 kB
Inactive:         346264 kB
Active(anon):    5287336 kB
Inactive(anon):   323104 kB
Active(file):      19628 kB
Inactive(file):    23160 kB
Unevictable:        1616 kB
Mlocked:            1616 kB
SwapTotal:             0 kB
SwapFree:              0 kB
Dirty:               804 kB
Writeback:           220 kB
AnonPages:       5271800 kB
Mapped:            99912 kB
Shmem:            340020 kB
Slab:              82360 kB
SReclaimable:      46056 kB
SUnreclaim:        36304 kB
KernelStack:        9888 kB
PageTables:        42788 kB
NFS_Unstable:          0 kB
Bounce:                0 kB
WritebackTmp:          0 kB
CommitLimit:     2980668 kB
Committed_AS:    8805068 kB
VmallocTotal:   34359738367 kB
VmallocUsed:      551836 kB
VmallocChunk:   34359163388 kB
HardwareCorrupted:     0 kB
AnonHugePages:   2795520 kB
CmaTotal:              0 kB
CmaFree:               0 kB
HugePages_Total:       0
HugePages_Free:        0
HugePages_Rsvd:        0
HugePages_Surp:        0
Hugepagesize:       2048 kB
DirectMap4k:      166144 kB
DirectMap2M:     5974016 kB


CPU:total 4 (2 cores per cpu, 2 threads per core) family 6 model 42 stepping 7, cmov, cx8, fxsr, mmx, sse, sse2, sse3, ssse3, sse4.1, sse4.2, popcnt, avx, aes, clmul, ht, tsc, tscinvbit

/proc/cpuinfo:
processor	: 0
vendor_id	: GenuineIntel
cpu family	: 6
model		: 42
model name	: Intel(R) Core(TM) i5-2450M CPU @ 2.50GHz
stepping	: 7
microcode	: 0x25
cpu MHz		: 2499.902
cache size	: 3072 KB
physical id	: 0
siblings	: 4
core id		: 0
cpu cores	: 2
apicid		: 0
initial apicid	: 0
fpu		: yes
fpu_exception	: yes
cpuid level	: 13
wp		: yes
flags		: fpu vme de pse tsc msr pae mce cx8 apic sep mtrr pge mca cmov pat pse36 clflush dts acpi mmx fxsr sse sse2 ss ht tm pbe syscall nx rdtscp lm constant_tsc arch_perfmon pebs bts rep_good nopl xtopology nonstop_tsc aperfmperf eagerfpu pni pclmulqdq dtes64 monitor ds_cpl vmx est tm2 ssse3 cx16 xtpr pdcm pcid sse4_1 sse4_2 x2apic popcnt tsc_deadline_timer aes xsave avx lahf_lm ida arat epb pln pts dtherm tpr_shadow vnmi flexpriority ept vpid xsaveopt
bugs		:
bogomips	: 4988.47
clflush size	: 64
cache_alignment	: 64
address sizes	: 36 bits physical, 48 bits virtual
power management:

processor	: 1
vendor_id	: GenuineIntel
cpu family	: 6
model		: 42
model name	: Intel(R) Core(TM) i5-2450M CPU @ 2.50GHz
stepping	: 7
microcode	: 0x25
cpu MHz		: 2499.902
cache size	: 3072 KB
physical id	: 0
siblings	: 4
core id		: 0
cpu cores	: 2
apicid		: 1
initial apicid	: 1
fpu		: yes
fpu_exception	: yes
cpuid level	: 13
wp		: yes
flags		: fpu vme de pse tsc msr pae mce cx8 apic sep mtrr pge mca cmov pat pse36 clflush dts acpi mmx fxsr sse sse2 ss ht tm pbe syscall nx rdtscp lm constant_tsc arch_perfmon pebs bts rep_good nopl xtopology nonstop_tsc aperfmperf eagerfpu pni pclmulqdq dtes64 monitor ds_cpl vmx est tm2 ssse3 cx16 xtpr pdcm pcid sse4_1 sse4_2 x2apic popcnt tsc_deadline_timer aes xsave avx lahf_lm ida arat epb pln pts dtherm tpr_shadow vnmi flexpriority ept vpid xsaveopt
bugs		:
bogomips	: 4988.47
clflush size	: 64
cache_alignment	: 64
address sizes	: 36 bits physical, 48 bits virtual
power management:

processor	: 2
vendor_id	: GenuineIntel
cpu family	: 6
model		: 42
model name	: Intel(R) Core(TM) i5-2450M CPU @ 2.50GHz
stepping	: 7
microcode	: 0x25
cpu MHz		: 2499.902
cache size	: 3072 KB
physical id	: 0
siblings	: 4
core id		: 1
cpu cores	: 2
apicid		: 2
initial apicid	: 2
fpu		: yes
fpu_exception	: yes
cpuid level	: 13
wp		: yes
flags		: fpu vme de pse tsc msr pae mce cx8 apic sep mtrr pge mca cmov pat pse36 clflush dts acpi mmx fxsr sse sse2 ss ht tm pbe syscall nx rdtscp lm constant_tsc arch_perfmon pebs bts rep_good nopl xtopology nonstop_tsc aperfmperf eagerfpu pni pclmulqdq dtes64 monitor ds_cpl vmx est tm2 ssse3 cx16 xtpr pdcm pcid sse4_1 sse4_2 x2apic popcnt tsc_deadline_timer aes xsave avx lahf_lm ida arat epb pln pts dtherm tpr_shadow vnmi flexpriority ept vpid xsaveopt
bugs		:
bogomips	: 4988.47
clflush size	: 64
cache_alignment	: 64
address sizes	: 36 bits physical, 48 bits virtual
power management:

processor	: 3
vendor_id	: GenuineIntel
cpu family	: 6
model		: 42
model name	: Intel(R) Core(TM) i5-2450M CPU @ 2.50GHz
stepping	: 7
microcode	: 0x25
cpu MHz		: 2500.000
cache size	: 3072 KB
physical id	: 0
siblings	: 4
core id		: 1
cpu cores	: 2
apicid		: 3
initial apicid	: 3
fpu		: yes
fpu_exception	: yes
cpuid level	: 13
wp		: yes
flags		: fpu vme de pse tsc msr pae mce cx8 apic sep mtrr pge mca cmov pat pse36 clflush dts acpi mmx fxsr sse sse2 ss ht tm pbe syscall nx rdtscp lm constant_tsc arch_perfmon pebs bts rep_good nopl xtopology nonstop_tsc aperfmperf eagerfpu pni pclmulqdq dtes64 monitor ds_cpl vmx est tm2 ssse3 cx16 xtpr pdcm pcid sse4_1 sse4_2 x2apic popcnt tsc_deadline_timer aes xsave avx lahf_lm ida arat epb pln pts dtherm tpr_shadow vnmi flexpriority ept vpid xsaveopt
bugs		:
bogomips	: 4988.47
clflush size	: 64
cache_alignment	: 64
address sizes	: 36 bits physical, 48 bits virtual
power management:



Memory: 4k page, physical 5961336k(131572k free), swap 0k(0k free)

vm_info: Java HotSpot(TM) 64-Bit Server VM (25.66-b17) for linux-amd64 JRE (1.8.0_66-b17), built on Oct  6 2015 17:28:34 by "java_re" with gcc 4.3.0 20080428 (Red Hat 4.3.0-8)

time: Thu Nov 19 00:00:30 2015
elapsed time: 42 seconds (0d 0h 0m 42s)

