#
# There is insufficient memory for the Java Runtime Environment to continue.
# Native memory allocation (mmap) failed to map 238551040 bytes for committing reserved memory.
# Possible reasons:
#   The system is out of physical RAM or swap space
#   In 32 bit mode, the process size limit was hit
# Possible solutions:
#   Reduce memory load on the system
#   Increase physical memory or swap space
#   Check if swap backing store is full
#   Use 64 bit Java on a 64 bit OS
#   Decrease Java heap size (-Xmx/-Xms)
#   Decrease number of Java threads
#   Decrease Java thread stack sizes (-Xss)
#   Set larger code cache with -XX:ReservedCodeCacheSize=
# This output file may be truncated or incomplete.
#
#  Out of Memory Error (os_linux.cpp:2627), pid=552, tid=140688790181632
#
# JRE version: Java(TM) SE Runtime Environment (8.0_66-b17) (build 1.8.0_66-b17)
# Java VM: Java HotSpot(TM) 64-Bit Server VM (25.66-b17 mixed mode linux-amd64 compressed oops)
# Failed to write core dump. Core dumps have been disabled. To enable core dumping, try "ulimit -c unlimited" before starting Java again
#

---------------  T H R E A D  ---------------

Current thread (0x00007ff4c0078000):  VMThread [stack: 0x00007ff4a94cd000,0x00007ff4a95ce000] [id=562]

Stack: [0x00007ff4a94cd000,0x00007ff4a95ce000],  sp=0x00007ff4a95cc160,  free space=1020k
Native frames: (J=compiled Java code, j=interpreted, Vv=VM code, C=native code)
V  [libjvm.so+0xab9a1a]  VMError::report_and_die()+0x2ba
V  [libjvm.so+0x4f9e0b]  report_vm_out_of_memory(char const*, int, unsigned long, VMErrorType, char const*)+0x8b
V  [libjvm.so+0x91a8a3]  os::Linux::commit_memory_impl(char*, unsigned long, bool)+0x103
V  [libjvm.so+0x91adf9]  os::pd_commit_memory(char*, unsigned long, unsigned long, bool)+0x29
V  [libjvm.so+0x91510a]  os::commit_memory(char*, unsigned long, unsigned long, bool)+0x2a
V  [libjvm.so+0x9887a3]  PSVirtualSpace::expand_by(unsigned long)+0x53
V  [libjvm.so+0x979090]  PSOldGen::expand(unsigned long)+0x170
V  [libjvm.so+0x97929b]  PSOldGen::resize(unsigned long)+0x1cb
V  [libjvm.so+0x980f71]  PSParallelCompact::invoke_no_policy(bool)+0x991
V  [libjvm.so+0x9868cd]  PSScavenge::invoke()+0x1ad
V  [libjvm.so+0x93e500]  ParallelScavengeHeap::failed_mem_allocate(unsigned long)+0x70
V  [libjvm.so+0xabb437]  VM_ParallelGCFailedAllocation::doit()+0x97
V  [libjvm.so+0xac2e65]  VM_Operation::evaluate()+0x55
V  [libjvm.so+0xac123a]  VMThread::evaluate_operation(VM_Operation*)+0xba
V  [libjvm.so+0xac15be]  VMThread::loop()+0x1ce
V  [libjvm.so+0xac1a30]  VMThread::run()+0x70
V  [libjvm.so+0x91cc68]  java_start(Thread*)+0x108

VM_Operation (0x00007ff4c61e75d0): ParallelGCFailedAllocation, mode: safepoint, requested by thread 0x00007ff4c000a000


---------------  P R O C E S S  ---------------

Java Threads: ( => current thread )
  0x00007ff4c0133000 JavaThread "pool-1-thread-1" [_thread_blocked, id=581, stack(0x00007ff46bcfd000,0x00007ff46bdfe000)]
  0x00007ff4c01c3000 JavaThread "pool-2-thread-4" [_thread_blocked, id=575, stack(0x00007ff46bdfe000,0x00007ff46beff000)]
  0x00007ff4c01c1000 JavaThread "pool-2-thread-3" [_thread_blocked, id=574, stack(0x00007ff46beff000,0x00007ff46c000000)]
  0x00007ff4c01bf800 JavaThread "pool-2-thread-2" [_thread_blocked, id=573, stack(0x00007ff4a80e3000,0x00007ff4a81e4000)]
  0x00007ff4c01be800 JavaThread "pool-3-thread-1" [_thread_blocked, id=572, stack(0x00007ff4a81e4000,0x00007ff4a82e5000)]
  0x00007ff4c01bc000 JavaThread "pool-2-thread-1" [_thread_blocked, id=571, stack(0x00007ff4a82e5000,0x00007ff4a83e6000)]
  0x00007ff4c00ca800 JavaThread "Service Thread" daemon [_thread_blocked, id=569, stack(0x00007ff4a85b3000,0x00007ff4a86b4000)]
  0x00007ff4c00bd800 JavaThread "C1 CompilerThread2" daemon [_thread_blocked, id=568, stack(0x00007ff4a86b4000,0x00007ff4a87b5000)]
  0x00007ff4c00bb800 JavaThread "C2 CompilerThread1" daemon [_thread_blocked, id=567, stack(0x00007ff4a87b5000,0x00007ff4a88b6000)]
  0x00007ff4c00b8800 JavaThread "C2 CompilerThread0" daemon [_thread_blocked, id=566, stack(0x00007ff4a88b6000,0x00007ff4a89b7000)]
  0x00007ff4c00b7800 JavaThread "Signal Dispatcher" daemon [_thread_blocked, id=565, stack(0x00007ff4a89b7000,0x00007ff4a8ab8000)]
  0x00007ff4c007f000 JavaThread "Finalizer" daemon [_thread_blocked, id=564, stack(0x00007ff4a92cb000,0x00007ff4a93cc000)]
  0x00007ff4c007d000 JavaThread "Reference Handler" daemon [_thread_blocked, id=563, stack(0x00007ff4a93cc000,0x00007ff4a94cd000)]
  0x00007ff4c000a000 JavaThread "main" [_thread_blocked, id=555, stack(0x00007ff4c60e9000,0x00007ff4c61ea000)]

Other Threads:
=>0x00007ff4c0078000 VMThread [stack: 0x00007ff4a94cd000,0x00007ff4a95ce000] [id=562]
  0x00007ff4c00cd800 WatcherThread [stack: 0x00007ff4a84b2000,0x00007ff4a85b3000] [id=570]

VM state:at safepoint (normal execution)

VM Mutex/Monitor currently owned by a thread:  ([mutex/lock_event])
[0x00007ff4c0005ef0] ExpandHeap_lock - owner thread: 0x00007ff4c0078000
[0x00007ff4c0006570] Threads_lock - owner thread: 0x00007ff4c0078000
[0x00007ff4c0006a70] Heap_lock - owner thread: 0x00007ff4c000a000

Heap:
 PSYoungGen      total 465920K, used 0K [0x00000000d5580000, 0x0000000100000000, 0x0000000100000000)
  eden space 232960K, 0% used [0x00000000d5580000,0x00000000d5580000,0x00000000e3900000)
  from space 232960K, 0% used [0x00000000f1c80000,0x00000000f1c80000,0x0000000100000000)
  to   space 232960K, 0% used [0x00000000e3900000,0x00000000e3900000,0x00000000f1c80000)
 ParOldGen       total 820736K, used 744254K [0x0000000080000000, 0x00000000b2180000, 0x00000000d5580000)
  object space 820736K, 90% used [0x0000000080000000,0x00000000ad6cf8a8,0x00000000b2180000)
 Metaspace       used 6707K, capacity 7384K, committed 7680K, reserved 1056768K
  class space    used 622K, capacity 656K, committed 768K, reserved 1048576K

Card table byte_map: [0x00007ff4af9ad000,0x00007ff4afdae000] byte_map_base: 0x00007ff4af5ad000

Marking Bits: (ParMarkBitMap*) 0x00007ff4c55c5020
 Begin Bits: [0x00007ff4ab3ff000, 0x00007ff4ad3ff000)
 End Bits:   [0x00007ff4ad3ff000, 0x00007ff4af3ff000)

Polling page: 0x00007ff4c620c000

CodeCache: size=245760Kb used=12328Kb max_used=12357Kb free=233431Kb
 bounds [0x00007ff4b016e000, 0x00007ff4b0dde000, 0x00007ff4bf16e000]
 total_blobs=2698 nmethods=2429 adapters=182
 compilation: enabled

Compilation events (10 events):
Event: 28,681 Thread 0x00007ff4c00bd800 3105       2       java.util.HashMap$TreeNode::untreeify (52 bytes)
Event: 28,682 Thread 0x00007ff4c00bd800 nmethod 3105 0x00007ff4b04f2790 code [0x00007ff4b04f2900, 0x00007ff4b04f2b68]
Event: 28,720 Thread 0x00007ff4c00bd800 3106 %     2       com.android.dx.ssa.SCCP::run @ 93 (298 bytes)
Event: 28,722 Thread 0x00007ff4c00bd800 nmethod 3106% 0x00007ff4b0676b90 code [0x00007ff4b0676e40, 0x00007ff4b0677868]
Event: 28,788 Thread 0x00007ff4c00bb800 nmethod 3005 0x00007ff4b0dc8c90 code [0x00007ff4b0dc9500, 0x00007ff4b0dcf838]
Event: 28,788 Thread 0x00007ff4c00bb800 3100       4       com.android.dx.dex.code.OutputFinisher::addConstants (93 bytes)
Event: 28,848 Thread 0x00007ff4c00bd800 3110       2       com.android.dx.rop.cst.CstArray$List::get (9 bytes)
Event: 28,849 Thread 0x00007ff4c00bd800 nmethod 3110 0x00007ff4b0b1d650 code [0x00007ff4b0b1d7c0, 0x00007ff4b0b1d968]
Event: 28,879 Thread 0x00007ff4c00bd800 3111 %     2       com.android.dx.ssa.SCCP::run @ 93 (298 bytes)
Event: 28,881 Thread 0x00007ff4c00bd800 nmethod 3111% 0x00007ff4b0331d50 code [0x00007ff4b0332000, 0x00007ff4b0332a28]

GC Heap History (10 events):
Event: 23,291 GC heap after
Heap after GC invocations=23 (full 4):
 PSYoungGen      total 465920K, used 131289K [0x00000000d5580000, 0x0000000100000000, 0x0000000100000000)
  eden space 232960K, 0% used [0x00000000d5580000,0x00000000d5580000,0x00000000e3900000)
  from space 232960K, 56% used [0x00000000e3900000,0x00000000eb9367a8,0x00000000f1c80000)
  to   space 232960K, 0% used [0x00000000f1c80000,0x00000000f1c80000,0x0000000100000000)
 ParOldGen       total 561664K, used 534164K [0x0000000080000000, 0x00000000a2480000, 0x00000000d5580000)
  object space 561664K, 95% used [0x0000000080000000,0x00000000a09a5330,0x00000000a2480000)
 Metaspace       used 6595K, capacity 7320K, committed 7680K, reserved 1056768K
  class space    used 616K, capacity 656K, committed 768K, reserved 1048576K
}
Event: 23,291 GC heap before
{Heap before GC invocations=24 (full 5):
 PSYoungGen      total 465920K, used 131289K [0x00000000d5580000, 0x0000000100000000, 0x0000000100000000)
  eden space 232960K, 0% used [0x00000000d5580000,0x00000000d5580000,0x00000000e3900000)
  from space 232960K, 56% used [0x00000000e3900000,0x00000000eb9367a8,0x00000000f1c80000)
  to   space 232960K, 0% used [0x00000000f1c80000,0x00000000f1c80000,0x0000000100000000)
 ParOldGen       total 561664K, used 534164K [0x0000000080000000, 0x00000000a2480000, 0x00000000d5580000)
  object space 561664K, 95% used [0x0000000080000000,0x00000000a09a5330,0x00000000a2480000)
 Metaspace       used 6595K, capacity 7320K, committed 7680K, reserved 1056768K
  class space    used 616K, capacity 656K, committed 768K, reserved 1048576K
Event: 26,268 GC heap after
Heap after GC invocations=24 (full 5):
 PSYoungGen      total 465920K, used 96061K [0x00000000d5580000, 0x0000000100000000, 0x0000000100000000)
  eden space 232960K, 0% used [0x00000000d5580000,0x00000000d5580000,0x00000000e3900000)
  from space 232960K, 41% used [0x00000000e3900000,0x00000000e96cf668,0x00000000f1c80000)
  to   space 232960K, 0% used [0x00000000f1c80000,0x00000000f1c80000,0x0000000100000000)
 ParOldGen       total 820736K, used 561660K [0x0000000080000000, 0x00000000b2180000, 0x00000000d5580000)
  object space 820736K, 68% used [0x0000000080000000,0x00000000a247f3c8,0x00000000b2180000)
 Metaspace       used 6595K, capacity 7320K, committed 7680K, reserved 1056768K
  class space    used 616K, capacity 656K, committed 768K, reserved 1048576K
}
Event: 27,020 GC heap before
{Heap before GC invocations=25 (full 5):
 PSYoungGen      total 465920K, used 329021K [0x00000000d5580000, 0x0000000100000000, 0x0000000100000000)
  eden space 232960K, 100% used [0x00000000d5580000,0x00000000e3900000,0x00000000e3900000)
  from space 232960K, 41% used [0x00000000e3900000,0x00000000e96cf668,0x00000000f1c80000)
  to   space 232960K, 0% used [0x00000000f1c80000,0x00000000f1c80000,0x0000000100000000)
 ParOldGen       total 820736K, used 561660K [0x0000000080000000, 0x00000000b2180000, 0x00000000d5580000)
  object space 820736K, 68% used [0x0000000080000000,0x00000000a247f3c8,0x00000000b2180000)
 Metaspace       used 6661K, capacity 7384K, committed 7680K, reserved 1056768K
  class space    used 620K, capacity 656K, committed 768K, reserved 1048576K
Event: 27,371 GC heap after
Heap after GC invocations=25 (full 5):
 PSYoungGen      total 465920K, used 72384K [0x00000000d5580000, 0x0000000100000000, 0x0000000100000000)
  eden space 232960K, 0% used [0x00000000d5580000,0x00000000d5580000,0x00000000e3900000)
  from space 232960K, 31% used [0x00000000f1c80000,0x00000000f6330078,0x0000000100000000)
  to   space 232960K, 0% used [0x00000000e3900000,0x00000000e3900000,0x00000000f1c80000)
 ParOldGen       total 820736K, used 622853K [0x0000000080000000, 0x00000000b2180000, 0x00000000d5580000)
  object space 820736K, 75% used [0x0000000080000000,0x00000000a6041558,0x00000000b2180000)
 Metaspace       used 6661K, capacity 7384K, committed 7680K, reserved 1056768K
  class space    used 620K, capacity 656K, committed 768K, reserved 1048576K
}
Event: 28,014 GC heap before
{Heap before GC invocations=26 (full 5):
 PSYoungGen      total 465920K, used 305344K [0x00000000d5580000, 0x0000000100000000, 0x0000000100000000)
  eden space 232960K, 100% used [0x00000000d5580000,0x00000000e3900000,0x00000000e3900000)
  from space 232960K, 31% used [0x00000000f1c80000,0x00000000f6330078,0x0000000100000000)
  to   space 232960K, 0% used [0x00000000e3900000,0x00000000e3900000,0x00000000f1c80000)
 ParOldGen       total 820736K, used 622853K [0x0000000080000000, 0x00000000b2180000, 0x00000000d5580000)
  object space 820736K, 75% used [0x0000000080000000,0x00000000a6041558,0x00000000b2180000)
 Metaspace       used 6703K, capacity 7384K, committed 7680K, reserved 1056768K
  class space    used 622K, capacity 656K, committed 768K, reserved 1048576K
Event: 28,226 GC heap after
Heap after GC invocations=26 (full 5):
 PSYoungGen      total 465920K, used 33863K [0x00000000d5580000, 0x0000000100000000, 0x0000000100000000)
  eden space 232960K, 0% used [0x00000000d5580000,0x00000000d5580000,0x00000000e3900000)
  from space 232960K, 14% used [0x00000000e3900000,0x00000000e5a11d68,0x00000000f1c80000)
  to   space 232960K, 0% used [0x00000000f1c80000,0x00000000f1c80000,0x0000000100000000)
 ParOldGen       total 820736K, used 690345K [0x0000000080000000, 0x00000000b2180000, 0x00000000d5580000)
  object space 820736K, 84% used [0x0000000080000000,0x00000000aa22a4e0,0x00000000b2180000)
 Metaspace       used 6703K, capacity 7384K, committed 7680K, reserved 1056768K
  class space    used 622K, capacity 656K, committed 768K, reserved 1048576K
}
Event: 28,900 GC heap before
{Heap before GC invocations=27 (full 5):
 PSYoungGen      total 465920K, used 266823K [0x00000000d5580000, 0x0000000100000000, 0x0000000100000000)
  eden space 232960K, 100% used [0x00000000d5580000,0x00000000e3900000,0x00000000e3900000)
  from space 232960K, 14% used [0x00000000e3900000,0x00000000e5a11d68,0x00000000f1c80000)
  to   space 232960K, 0% used [0x00000000f1c80000,0x00000000f1c80000,0x0000000100000000)
 ParOldGen       total 820736K, used 690345K [0x0000000080000000, 0x00000000b2180000, 0x00000000d5580000)
  object space 820736K, 84% used [0x0000000080000000,0x00000000aa22a4e0,0x00000000b2180000)
 Metaspace       used 6707K, capacity 7384K, committed 7680K, reserved 1056768K
  class space    used 622K, capacity 656K, committed 768K, reserved 1048576K
Event: 29,050 GC heap after
Heap after GC invocations=27 (full 5):
 PSYoungGen      total 465920K, used 36085K [0x00000000d5580000, 0x0000000100000000, 0x0000000100000000)
  eden space 232960K, 0% used [0x00000000d5580000,0x00000000d5580000,0x00000000e3900000)
  from space 232960K, 15% used [0x00000000f1c80000,0x00000000f3fbd778,0x0000000100000000)
  to   space 232960K, 0% used [0x00000000e3900000,0x00000000e3900000,0x00000000f1c80000)
 ParOldGen       total 820736K, used 723371K [0x0000000080000000, 0x00000000b2180000, 0x00000000d5580000)
  object space 820736K, 88% used [0x0000000080000000,0x00000000ac26afe8,0x00000000b2180000)
 Metaspace       used 6707K, capacity 7384K, committed 7680K, reserved 1056768K
  class space    used 622K, capacity 656K, committed 768K, reserved 1048576K
}
Event: 29,050 GC heap before
{Heap before GC invocations=28 (full 6):
 PSYoungGen      total 465920K, used 36085K [0x00000000d5580000, 0x0000000100000000, 0x0000000100000000)
  eden space 232960K, 0% used [0x00000000d5580000,0x00000000d5580000,0x00000000e3900000)
  from space 232960K, 15% used [0x00000000f1c80000,0x00000000f3fbd778,0x0000000100000000)
  to   space 232960K, 0% used [0x00000000e3900000,0x00000000e3900000,0x00000000f1c80000)
 ParOldGen       total 820736K, used 723371K [0x0000000080000000, 0x00000000b2180000, 0x00000000d5580000)
  object space 820736K, 88% used [0x0000000080000000,0x00000000ac26afe8,0x00000000b2180000)
 Metaspace       used 6707K, capacity 7384K, committed 7680K, reserved 1056768K
  class space    used 622K, capacity 656K, committed 768K, reserved 1048576K

Deoptimization events (10 events):
Event: 27,700 Thread 0x00007ff4c000a000 Uncommon trap: reason=unstable_if action=reinterpret pc=0x00007ff4b06cf404 method=com.android.dx.ssa.SCCP.replaceBranches()V @ 14
Event: 27,883 Thread 0x00007ff4c0133000 Uncommon trap: reason=unstable_if action=reinterpret pc=0x00007ff4b0d59270 method=com.android.dx.dex.code.OutputFinisher.addConstants(Ljava/util/HashSet;Lcom/android/dx/rop/code/RegisterSpec;)V @ 57
Event: 28,457 Thread 0x00007ff4c01c1000 Uncommon trap: reason=unstable_if action=reinterpret pc=0x00007ff4b048a960 method=com.android.dx.ssa.SsaMethod.makeExitBlock()V @ 103
Event: 28,457 Thread 0x00007ff4c01c1000 Uncommon trap: reason=unstable_if action=reinterpret pc=0x00007ff4b06304f4 method=com.android.dx.ssa.SsaMethod.getExitBlock()Lcom/android/dx/ssa/SsaBasicBlock; @ 4
Event: 28,457 Thread 0x00007ff4c01c1000 Uncommon trap: reason=unstable_if action=reinterpret pc=0x00007ff4b0480358 method=com.android.dx.ssa.SsaMethod.getExitBlock()Lcom/android/dx/ssa/SsaBasicBlock; @ 4
Event: 28,457 Thread 0x00007ff4c01c1000 Uncommon trap: reason=unstable_if action=reinterpret pc=0x00007ff4b05d79d8 method=com.android.dx.ssa.SsaMethod.getExitBlock()Lcom/android/dx/ssa/SsaBasicBlock; @ 4
Event: 28,567 Thread 0x00007ff4c0133000 Uncommon trap: reason=unstable_if action=reinterpret pc=0x00007ff4b0d8650c method=com.android.dx.dex.code.OutputFinisher.addConstants(Ljava/util/HashSet;Lcom/android/dx/rop/code/RegisterSpec;)V @ 32
Event: 28,569 Thread 0x00007ff4c01bf800 Uncommon trap: reason=bimorphic action=maybe_recompile pc=0x00007ff4b0d8c78c method=com.android.dx.cf.code.BytecodeArray.parseInstruction(ILcom/android/dx/cf/code/BytecodeArray$Visitor;)I @ 1612
Event: 28,569 Thread 0x00007ff4c01bf800 Uncommon trap: reason=bimorphic action=maybe_recompile pc=0x00007ff4b0d8c78c method=com.android.dx.cf.code.BytecodeArray.parseInstruction(ILcom/android/dx/cf/code/BytecodeArray$Visitor;)I @ 1612
Event: 28,791 Thread 0x00007ff4c01c1000 Uncommon trap: reason=null_check action=make_not_entrant pc=0x00007ff4b0dcdb3c method=com.android.dx.dex.file.StringIdsSection.intern(Lcom/android/dx/dex/file/StringIdItem;)Lcom/android/dx/dex/file/StringIdItem; @ 31

Internal exceptions (10 events):
Event: 0,028 Thread 0x00007ff4c000a000 Exception <a 'java/lang/NoSuchMethodError': Method sun.misc.Unsafe.defineClass(Ljava/lang/String;[BII)Ljava/lang/Class; name or signature does not match> (0x00000000d5592b98) thrown at [/HUDSON/workspace/8-2-build-linux-amd64/jdk8u66/4988/hotspot/src/shar
Event: 0,028 Thread 0x00007ff4c000a000 Exception <a 'java/lang/NoSuchMethodError': Method sun.misc.Unsafe.prefetchRead(Ljava/lang/Object;J)V name or signature does not match> (0x00000000d5592e80) thrown at [/HUDSON/workspace/8-2-build-linux-amd64/jdk8u66/4988/hotspot/src/share/vm/prims/jni.cpp
Event: 1,118 Thread 0x00007ff4c01c3000 Implicit null exception at 0x00007ff4b04d1e44 to 0x00007ff4b04d45bd
Event: 1,341 Thread 0x00007ff4c01c3000 Exception <a 'java/lang/ArrayIndexOutOfBoundsException': 18> (0x00000000d928faf0) thrown at [/HUDSON/workspace/8-2-build-linux-amd64/jdk8u66/4988/hotspot/src/share/vm/interpreter/interpreterRuntime.cpp, line 366]
Event: 1,342 Thread 0x00007ff4c01c3000 Exception <a 'java/lang/ArrayIndexOutOfBoundsException': 145> (0x00000000d9291670) thrown at [/HUDSON/workspace/8-2-build-linux-amd64/jdk8u66/4988/hotspot/src/share/vm/interpreter/interpreterRuntime.cpp, line 366]
Event: 1,343 Thread 0x00007ff4c01c3000 Exception <a 'java/lang/ArrayIndexOutOfBoundsException': 40> (0x00000000d9292958) thrown at [/HUDSON/workspace/8-2-build-linux-amd64/jdk8u66/4988/hotspot/src/share/vm/interpreter/interpreterRuntime.cpp, line 366]
Event: 2,006 Thread 0x00007ff4c000a000 Implicit null exception at 0x00007ff4b06c9a38 to 0x00007ff4b06ca3ed
Event: 10,349 Thread 0x00007ff4c01bf800 Implicit null exception at 0x00007ff4b05d491d to 0x00007ff4b05d7a11
Event: 22,642 Thread 0x00007ff4c01bc000 Implicit null exception at 0x00007ff4b04dfea3 to 0x00007ff4b04e0209
Event: 27,568 Thread 0x00007ff4c01bf800 Implicit null exception at 0x00007ff4b0450bd8 to 0x00007ff4b0451fb9

Events (10 events):
Event: 28,791 Thread 0x00007ff4c01c1000 DEOPT UNPACKING pc=0x00007ff4b0173229 sp=0x00007ff46bffdd98 mode 2
Event: 28,832 Thread 0x00007ff4c000a000 DEOPT PACKING pc=0x00007ff4b093dc4b sp=0x00007ff4c61e7c50
Event: 28,832 Thread 0x00007ff4c000a000 DEOPT UNPACKING pc=0x00007ff4b01b5633 sp=0x00007ff4c61e7a80 mode 0
Event: 28,834 Thread 0x00007ff4c000a000 DEOPT PACKING pc=0x00007ff4b089b924 sp=0x00007ff4c61e7b50
Event: 28,834 Thread 0x00007ff4c000a000 DEOPT UNPACKING pc=0x00007ff4b01b5633 sp=0x00007ff4c61e7930 mode 0
Event: 28,853 Thread 0x00007ff4c000a000 DEOPT PACKING pc=0x00007ff4b05c5471 sp=0x00007ff4c61e77e0
Event: 28,853 Thread 0x00007ff4c000a000 DEOPT UNPACKING pc=0x00007ff4b01b5633 sp=0x00007ff4c61e7590 mode 0
Event: 28,879 Thread 0x00007ff4c01c1000 DEOPT PACKING pc=0x00007ff4b05c5471 sp=0x00007ff46bffe0d0
Event: 28,879 Thread 0x00007ff4c01c1000 DEOPT UNPACKING pc=0x00007ff4b01b5633 sp=0x00007ff46bffde80 mode 0
Event: 28,890 Executing VM operation: ParallelGCFailedAllocation


Dynamic libraries:
00400000-00401000 r-xp 00000000 08:01 4591374                            /usr/lib/jvm/java-8-oracle/bin/java
00600000-00601000 rw-p 00000000 08:01 4591374                            /usr/lib/jvm/java-8-oracle/bin/java
0241a000-0243b000 rw-p 00000000 00:00 0                                  [heap]
80000000-b2180000 rw-p 00000000 00:00 0 
c0500000-d5580000 ---p 00000000 00:00 0 
d5580000-100000000 rw-p 00000000 00:00 0 
100000000-1000c0000 rw-p 00000000 00:00 0 
1000c0000-140000000 ---p 00000000 00:00 0 
7ff454000000-7ff454021000 rw-p 00000000 00:00 0 
7ff454021000-7ff458000000 ---p 00000000 00:00 0 
7ff45c000000-7ff45c026000 rw-p 00000000 00:00 0 
7ff45c026000-7ff460000000 ---p 00000000 00:00 0 
7ff460000000-7ff46003b000 rw-p 00000000 00:00 0 
7ff46003b000-7ff464000000 ---p 00000000 00:00 0 
7ff464000000-7ff464042000 rw-p 00000000 00:00 0 
7ff464042000-7ff468000000 ---p 00000000 00:00 0 
7ff46bcfd000-7ff46bd00000 ---p 00000000 00:00 0 
7ff46bd00000-7ff46bdfe000 rw-p 00000000 00:00 0                          [stack:581]
7ff46bdfe000-7ff46be01000 ---p 00000000 00:00 0 
7ff46be01000-7ff46beff000 rw-p 00000000 00:00 0                          [stack:575]
7ff46beff000-7ff46bf02000 ---p 00000000 00:00 0 
7ff46bf02000-7ff46c000000 rw-p 00000000 00:00 0                          [stack:574]
7ff46c000000-7ff46c034000 rw-p 00000000 00:00 0 
7ff46c034000-7ff470000000 ---p 00000000 00:00 0 
7ff470000000-7ff470021000 rw-p 00000000 00:00 0 
7ff470021000-7ff474000000 ---p 00000000 00:00 0 
7ff474000000-7ff474021000 rw-p 00000000 00:00 0 
7ff474021000-7ff478000000 ---p 00000000 00:00 0 
7ff478000000-7ff478021000 rw-p 00000000 00:00 0 
7ff478021000-7ff47c000000 ---p 00000000 00:00 0 
7ff47c000000-7ff47d8ee000 rw-p 00000000 00:00 0 
7ff47d8ee000-7ff480000000 ---p 00000000 00:00 0 
7ff480000000-7ff480b63000 rw-p 00000000 00:00 0 
7ff480b63000-7ff484000000 ---p 00000000 00:00 0 
7ff484000000-7ff484021000 rw-p 00000000 00:00 0 
7ff484021000-7ff488000000 ---p 00000000 00:00 0 
7ff488000000-7ff489b89000 rw-p 00000000 00:00 0 
7ff489b89000-7ff48c000000 ---p 00000000 00:00 0 
7ff48c000000-7ff48c021000 rw-p 00000000 00:00 0 
7ff48c021000-7ff490000000 ---p 00000000 00:00 0 
7ff490000000-7ff490021000 rw-p 00000000 00:00 0 
7ff490021000-7ff494000000 ---p 00000000 00:00 0 
7ff494000000-7ff494021000 rw-p 00000000 00:00 0 
7ff494021000-7ff498000000 ---p 00000000 00:00 0 
7ff498000000-7ff498290000 rw-p 00000000 00:00 0 
7ff498290000-7ff49c000000 ---p 00000000 00:00 0 
7ff49c000000-7ff49c021000 rw-p 00000000 00:00 0 
7ff49c021000-7ff4a0000000 ---p 00000000 00:00 0 
7ff4a0000000-7ff4a0021000 rw-p 00000000 00:00 0 
7ff4a0021000-7ff4a4000000 ---p 00000000 00:00 0 
7ff4a4000000-7ff4a4021000 rw-p 00000000 00:00 0 
7ff4a4021000-7ff4a8000000 ---p 00000000 00:00 0 
7ff4a80be000-7ff4a80e3000 r--p 00000000 08:01 2361987                    /usr/share/locale-langpack/pl/LC_MESSAGES/libc.mo
7ff4a80e3000-7ff4a80e6000 ---p 00000000 00:00 0 
7ff4a80e6000-7ff4a81e4000 rw-p 00000000 00:00 0                          [stack:573]
7ff4a81e4000-7ff4a81e7000 ---p 00000000 00:00 0 
7ff4a81e7000-7ff4a82e5000 rw-p 00000000 00:00 0                          [stack:572]
7ff4a82e5000-7ff4a82e8000 ---p 00000000 00:00 0 
7ff4a82e8000-7ff4a83e6000 rw-p 00000000 00:00 0                          [stack:571]
7ff4a83e6000-7ff4a84b2000 r--s 00ac5000 08:01 8263661                    /home/tomasz/AndroidStudioProjects/ITAssistant/app/build/intermediates/transforms/jarMerging/debug/jars/1/1f/combined.jar
7ff4a84b2000-7ff4a84b3000 ---p 00000000 00:00 0 
7ff4a84b3000-7ff4a85b3000 rw-p 00000000 00:00 0                          [stack:570]
7ff4a85b3000-7ff4a85b6000 ---p 00000000 00:00 0 
7ff4a85b6000-7ff4a86b4000 rw-p 00000000 00:00 0                          [stack:569]
7ff4a86b4000-7ff4a86b7000 ---p 00000000 00:00 0 
7ff4a86b7000-7ff4a87b5000 rw-p 00000000 00:00 0                          [stack:568]
7ff4a87b5000-7ff4a87b8000 ---p 00000000 00:00 0 
7ff4a87b8000-7ff4a88b6000 rw-p 00000000 00:00 0                          [stack:567]
7ff4a88b6000-7ff4a88b9000 ---p 00000000 00:00 0 
7ff4a88b9000-7ff4a89b7000 rw-p 00000000 00:00 0                          [stack:566]
7ff4a89b7000-7ff4a89ba000 ---p 00000000 00:00 0 
7ff4a89ba000-7ff4a8ab8000 rw-p 00000000 00:00 0                          [stack:565]
7ff4a8ab8000-7ff4a92cb000 r--p 00000000 08:01 1579663                    /usr/lib/locale/locale-archive
7ff4a92cb000-7ff4a92ce000 ---p 00000000 00:00 0 
7ff4a92ce000-7ff4a93cc000 rw-p 00000000 00:00 0                          [stack:564]
7ff4a93cc000-7ff4a93cf000 ---p 00000000 00:00 0 
7ff4a93cf000-7ff4a94cd000 rw-p 00000000 00:00 0                          [stack:563]
7ff4a94cd000-7ff4a94ce000 ---p 00000000 00:00 0 
7ff4a94ce000-7ff4aa5b0000 rw-p 00000000 00:00 0                          [stack:562]
7ff4aa5b0000-7ff4aa789000 r--s 03d20000 08:01 4069182                    /usr/lib/jvm/java-8-oracle/jre/lib/rt.jar
7ff4aa789000-7ff4aaebf000 rw-p 00000000 00:00 0 
7ff4aaebf000-7ff4aafff000 ---p 00000000 00:00 0 
7ff4aafff000-7ff4af3ff000 rw-p 00000000 00:00 0 
7ff4af3ff000-7ff4af400000 ---p 00000000 00:00 0 
7ff4af400000-7ff4af500000 rw-p 00000000 00:00 0                          [stack:560]
7ff4af500000-7ff4af501000 ---p 00000000 00:00 0 
7ff4af501000-7ff4af601000 rw-p 00000000 00:00 0                          [stack:559]
7ff4af601000-7ff4af602000 ---p 00000000 00:00 0 
7ff4af602000-7ff4af893000 rw-p 00000000 00:00 0                          [stack:558]
7ff4af893000-7ff4af9ad000 ---p 00000000 00:00 0 
7ff4af9ad000-7ff4afb3e000 rw-p 00000000 00:00 0 
7ff4afb3e000-7ff4afc57000 ---p 00000000 00:00 0 
7ff4afc57000-7ff4afdad000 rw-p 00000000 00:00 0 
7ff4afdad000-7ff4afde0000 rw-p 00000000 00:00 0 
7ff4afde0000-7ff4b016e000 ---p 00000000 00:00 0 
7ff4b016e000-7ff4b0dde000 rwxp 00000000 00:00 0 
7ff4b0dde000-7ff4bf16e000 ---p 00000000 00:00 0 
7ff4bf16e000-7ff4bf188000 r-xp 00000000 08:01 4069168                    /usr/lib/jvm/java-8-oracle/jre/lib/amd64/libzip.so
7ff4bf188000-7ff4bf388000 ---p 0001a000 08:01 4069168                    /usr/lib/jvm/java-8-oracle/jre/lib/amd64/libzip.so
7ff4bf388000-7ff4bf389000 rw-p 0001a000 08:01 4069168                    /usr/lib/jvm/java-8-oracle/jre/lib/amd64/libzip.so
7ff4bf389000-7ff4bf394000 r-xp 00000000 08:01 5771445                    /lib/x86_64-linux-gnu/libnss_files-2.19.so
7ff4bf394000-7ff4bf593000 ---p 0000b000 08:01 5771445                    /lib/x86_64-linux-gnu/libnss_files-2.19.so
7ff4bf593000-7ff4bf594000 r--p 0000a000 08:01 5771445                    /lib/x86_64-linux-gnu/libnss_files-2.19.so
7ff4bf594000-7ff4bf595000 rw-p 0000b000 08:01 5771445                    /lib/x86_64-linux-gnu/libnss_files-2.19.so
7ff4bf595000-7ff4bf5a0000 r-xp 00000000 08:01 5771455                    /lib/x86_64-linux-gnu/libnss_nis-2.19.so
7ff4bf5a0000-7ff4bf79f000 ---p 0000b000 08:01 5771455                    /lib/x86_64-linux-gnu/libnss_nis-2.19.so
7ff4bf79f000-7ff4bf7a0000 r--p 0000a000 08:01 5771455                    /lib/x86_64-linux-gnu/libnss_nis-2.19.so
7ff4bf7a0000-7ff4bf7a1000 rw-p 0000b000 08:01 5771455                    /lib/x86_64-linux-gnu/libnss_nis-2.19.so
7ff4bf7a1000-7ff4bf7b8000 r-xp 00000000 08:01 5771439                    /lib/x86_64-linux-gnu/libnsl-2.19.so
7ff4bf7b8000-7ff4bf9b7000 ---p 00017000 08:01 5771439                    /lib/x86_64-linux-gnu/libnsl-2.19.so
7ff4bf9b7000-7ff4bf9b8000 r--p 00016000 08:01 5771439                    /lib/x86_64-linux-gnu/libnsl-2.19.so
7ff4bf9b8000-7ff4bf9b9000 rw-p 00017000 08:01 5771439                    /lib/x86_64-linux-gnu/libnsl-2.19.so
7ff4bf9b9000-7ff4bf9bb000 rw-p 00000000 00:00 0 
7ff4bf9bb000-7ff4bf9c4000 r-xp 00000000 08:01 5771441                    /lib/x86_64-linux-gnu/libnss_compat-2.19.so
7ff4bf9c4000-7ff4bfbc3000 ---p 00009000 08:01 5771441                    /lib/x86_64-linux-gnu/libnss_compat-2.19.so
7ff4bfbc3000-7ff4bfbc4000 r--p 00008000 08:01 5771441                    /lib/x86_64-linux-gnu/libnss_compat-2.19.so
7ff4bfbc4000-7ff4bfbc5000 rw-p 00009000 08:01 5771441                    /lib/x86_64-linux-gnu/libnss_compat-2.19.so
7ff4bfbc5000-7ff4bfbef000 r-xp 00000000 08:01 4069157                    /usr/lib/jvm/java-8-oracle/jre/lib/amd64/libjava.so
7ff4bfbef000-7ff4bfdef000 ---p 0002a000 08:01 4069157                    /usr/lib/jvm/java-8-oracle/jre/lib/amd64/libjava.so
7ff4bfdef000-7ff4bfdf1000 rw-p 0002a000 08:01 4069157                    /usr/lib/jvm/java-8-oracle/jre/lib/amd64/libjava.so
7ff4bfdf1000-7ff4bfdfe000 r-xp 00000000 08:01 4069118                    /usr/lib/jvm/java-8-oracle/jre/lib/amd64/libverify.so
7ff4bfdfe000-7ff4bfffe000 ---p 0000d000 08:01 4069118                    /usr/lib/jvm/java-8-oracle/jre/lib/amd64/libverify.so
7ff4bfffe000-7ff4c0000000 rw-p 0000d000 08:01 4069118                    /usr/lib/jvm/java-8-oracle/jre/lib/amd64/libverify.so
7ff4c0000000-7ff4c03ee000 rw-p 00000000 00:00 0 
7ff4c03ee000-7ff4c4000000 ---p 00000000 00:00 0 
7ff4c4007000-7ff4c4008000 ---p 00000000 00:00 0 
7ff4c4008000-7ff4c4108000 rw-p 00000000 00:00 0                          [stack:557]
7ff4c4108000-7ff4c410f000 r-xp 00000000 08:01 5771498                    /lib/x86_64-linux-gnu/librt-2.19.so
7ff4c410f000-7ff4c430e000 ---p 00007000 08:01 5771498                    /lib/x86_64-linux-gnu/librt-2.19.so
7ff4c430e000-7ff4c430f000 r--p 00006000 08:01 5771498                    /lib/x86_64-linux-gnu/librt-2.19.so
7ff4c430f000-7ff4c4310000 rw-p 00007000 08:01 5771498                    /lib/x86_64-linux-gnu/librt-2.19.so
7ff4c4310000-7ff4c4415000 r-xp 00000000 08:01 5771420                    /lib/x86_64-linux-gnu/libm-2.19.so
7ff4c4415000-7ff4c4614000 ---p 00105000 08:01 5771420                    /lib/x86_64-linux-gnu/libm-2.19.so
7ff4c4614000-7ff4c4615000 r--p 00104000 08:01 5771420                    /lib/x86_64-linux-gnu/libm-2.19.so
7ff4c4615000-7ff4c4616000 rw-p 00105000 08:01 5771420                    /lib/x86_64-linux-gnu/libm-2.19.so
7ff4c4616000-7ff4c52d4000 r-xp 00000000 08:01 4069167                    /usr/lib/jvm/java-8-oracle/jre/lib/amd64/server/libjvm.so
7ff4c52d4000-7ff4c54d3000 ---p 00cbe000 08:01 4069167                    /usr/lib/jvm/java-8-oracle/jre/lib/amd64/server/libjvm.so
7ff4c54d3000-7ff4c55ac000 rw-p 00cbd000 08:01 4069167                    /usr/lib/jvm/java-8-oracle/jre/lib/amd64/server/libjvm.so
7ff4c55ac000-7ff4c55f0000 rw-p 00000000 00:00 0 
7ff4c55f0000-7ff4c57ab000 r-xp 00000000 08:01 5771370                    /lib/x86_64-linux-gnu/libc-2.19.so
7ff4c57ab000-7ff4c59aa000 ---p 001bb000 08:01 5771370                    /lib/x86_64-linux-gnu/libc-2.19.so
7ff4c59aa000-7ff4c59ae000 r--p 001ba000 08:01 5771370                    /lib/x86_64-linux-gnu/libc-2.19.so
7ff4c59ae000-7ff4c59b0000 rw-p 001be000 08:01 5771370                    /lib/x86_64-linux-gnu/libc-2.19.so
7ff4c59b0000-7ff4c59b5000 rw-p 00000000 00:00 0 
7ff4c59b5000-7ff4c59b8000 r-xp 00000000 08:01 5771387                    /lib/x86_64-linux-gnu/libdl-2.19.so
7ff4c59b8000-7ff4c5bb7000 ---p 00003000 08:01 5771387                    /lib/x86_64-linux-gnu/libdl-2.19.so
7ff4c5bb7000-7ff4c5bb8000 r--p 00002000 08:01 5771387                    /lib/x86_64-linux-gnu/libdl-2.19.so
7ff4c5bb8000-7ff4c5bb9000 rw-p 00003000 08:01 5771387                    /lib/x86_64-linux-gnu/libdl-2.19.so
7ff4c5bb9000-7ff4c5bce000 r-xp 00000000 08:01 4727160                    /usr/lib/jvm/java-8-oracle/lib/amd64/jli/libjli.so
7ff4c5bce000-7ff4c5dce000 ---p 00015000 08:01 4727160                    /usr/lib/jvm/java-8-oracle/lib/amd64/jli/libjli.so
7ff4c5dce000-7ff4c5dcf000 rw-p 00015000 08:01 4727160                    /usr/lib/jvm/java-8-oracle/lib/amd64/jli/libjli.so
7ff4c5dcf000-7ff4c5de8000 r-xp 00000000 08:01 5771490                    /lib/x86_64-linux-gnu/libpthread-2.19.so
7ff4c5de8000-7ff4c5fe7000 ---p 00019000 08:01 5771490                    /lib/x86_64-linux-gnu/libpthread-2.19.so
7ff4c5fe7000-7ff4c5fe8000 r--p 00018000 08:01 5771490                    /lib/x86_64-linux-gnu/libpthread-2.19.so
7ff4c5fe8000-7ff4c5fe9000 rw-p 00019000 08:01 5771490                    /lib/x86_64-linux-gnu/libpthread-2.19.so
7ff4c5fe9000-7ff4c5fed000 rw-p 00000000 00:00 0 
7ff4c5fed000-7ff4c6010000 r-xp 00000000 08:01 5771346                    /lib/x86_64-linux-gnu/ld-2.19.so
7ff4c6016000-7ff4c601d000 r--s 00000000 08:01 1967077                    /usr/lib/x86_64-linux-gnu/gconv/gconv-modules.cache
7ff4c601d000-7ff4c60e9000 rw-p 00000000 00:00 0 
7ff4c60e9000-7ff4c60ec000 ---p 00000000 00:00 0 
7ff4c60ec000-7ff4c61ee000 rw-p 00000000 00:00 0                          [stack:555]
7ff4c61f3000-7ff4c61f4000 rw-p 00000000 00:00 0 
7ff4c61f4000-7ff4c6203000 r--s 000df000 08:01 10635452                   /home/tomasz/Android/Sdk/build-tools/23.0.2/lib/dx.jar
7ff4c6203000-7ff4c620b000 rw-s 00000000 08:01 6949417                    /tmp/hsperfdata_tomasz/552
7ff4c620b000-7ff4c620c000 rw-p 00000000 00:00 0 
7ff4c620c000-7ff4c620d000 ---p 00000000 00:00 0 
7ff4c620d000-7ff4c620f000 rw-p 00000000 00:00 0 
7ff4c620f000-7ff4c6210000 r--p 00022000 08:01 5771346                    /lib/x86_64-linux-gnu/ld-2.19.so
7ff4c6210000-7ff4c6211000 rw-p 00023000 08:01 5771346                    /lib/x86_64-linux-gnu/ld-2.19.so
7ff4c6211000-7ff4c6212000 rw-p 00000000 00:00 0 
7ffff228e000-7ffff22af000 rw-p 00000000 00:00 0                          [stack]
7ffff2330000-7ffff2332000 r--p 00000000 00:00 0                          [vvar]
7ffff2332000-7ffff2334000 r-xp 00000000 00:00 0                          [vdso]
ffffffffff600000-ffffffffff601000 r-xp 00000000 00:00 0                  [vsyscall]

VM Arguments:
jvm_args: -Djava.awt.headless=true -Xmx2g -Dfile.encoding=UTF-8 -Duser.country=PL -Duser.language=pl -Duser.variant 
java_command: com.android.dx.command.Main --dex --num-threads=4 --multi-dex --main-dex-list /home/tomasz/AndroidStudioProjects/ITAssistant/app/build/intermediates/multi-dex/debug/maindexlist.txt --output /home/tomasz/AndroidStudioProjects/ITAssistant/app/build/intermediates/transforms/dex/debug/folders/1000/1f/main /home/tomasz/AndroidStudioProjects/ITAssistant/app/build/intermediates/transforms/jarMerging/debug/jars/1/1f/combined.jar
java_class_path (initial): /home/tomasz/Android/Sdk/build-tools/23.0.2/lib/dx.jar
Launcher Type: SUN_STANDARD

Environment Variables:
PATH=/usr/local/sbin:/usr/local/bin:/usr/sbin:/usr/bin:/sbin:/bin:/usr/games:/usr/local/games
LD_LIBRARY_PATH=.:
SHELL=/bin/bash
DISPLAY=:0

Signal Handlers:
SIGSEGV: [libjvm.so+0xaba2a0], sa_mask[0]=11111111011111111101111111111110, sa_flags=SA_RESTART|SA_SIGINFO
SIGBUS: [libjvm.so+0xaba2a0], sa_mask[0]=11111111011111111101111111111110, sa_flags=SA_RESTART|SA_SIGINFO
SIGFPE: [libjvm.so+0x917710], sa_mask[0]=11111111011111111101111111111110, sa_flags=SA_RESTART|SA_SIGINFO
SIGPIPE: [libjvm.so+0x917710], sa_mask[0]=11111111011111111101111111111110, sa_flags=SA_RESTART|SA_SIGINFO
SIGXFSZ: [libjvm.so+0x917710], sa_mask[0]=11111111011111111101111111111110, sa_flags=SA_RESTART|SA_SIGINFO
SIGILL: [libjvm.so+0x917710], sa_mask[0]=11111111011111111101111111111110, sa_flags=SA_RESTART|SA_SIGINFO
SIGUSR1: SIG_DFL, sa_mask[0]=00000000000000000000000000000000, sa_flags=none
SIGUSR2: [libjvm.so+0x918d40], sa_mask[0]=00100000000000000000000000000000, sa_flags=SA_RESTART|SA_SIGINFO
SIGHUP: [libjvm.so+0x91a140], sa_mask[0]=11111111011111111101111111111110, sa_flags=SA_RESTART|SA_SIGINFO
SIGINT: [libjvm.so+0x91a140], sa_mask[0]=11111111011111111101111111111110, sa_flags=SA_RESTART|SA_SIGINFO
SIGTERM: [libjvm.so+0x91a140], sa_mask[0]=11111111011111111101111111111110, sa_flags=SA_RESTART|SA_SIGINFO
SIGQUIT: [libjvm.so+0x91a140], sa_mask[0]=11111111011111111101111111111110, sa_flags=SA_RESTART|SA_SIGINFO


---------------  S Y S T E M  ---------------

OS:DISTRIB_ID=Ubuntu
DISTRIB_RELEASE=14.04
DISTRIB_CODENAME=trusty
DISTRIB_DESCRIPTION="Ubuntu 14.04.3 LTS"

uname:Linux 3.19.0-42-generic #48~14.04.1-Ubuntu SMP Fri Dec 18 10:24:49 UTC 2015 x86_64
libc:glibc 2.19 NPTL 2.19 
rlimit: STACK 8192k, CORE 0k, NPROC 23202, NOFILE 4096, AS infinity
load average:4,60 4,24 3,72

/proc/meminfo:
MemTotal:        5961332 kB
MemFree:          145664 kB
MemAvailable:      98468 kB
Buffers:             852 kB
Cached:           411432 kB
SwapCached:            0 kB
Active:          5199304 kB
Inactive:         382212 kB
Active(anon):    5190104 kB
Inactive(anon):   369540 kB
Active(file):       9200 kB
Inactive(file):    12672 kB
Unevictable:        6228 kB
Mlocked:            6228 kB
SwapTotal:             0 kB
SwapFree:              0 kB
Dirty:                36 kB
Writeback:             0 kB
AnonPages:       5175952 kB
Mapped:            81472 kB
Shmem:            389524 kB
Slab:              96132 kB
SReclaimable:      52660 kB
SUnreclaim:        43472 kB
KernelStack:       11536 kB
PageTables:        53404 kB
NFS_Unstable:          0 kB
Bounce:                0 kB
WritebackTmp:          0 kB
CommitLimit:     2980664 kB
Committed_AS:   10154844 kB
VmallocTotal:   34359738367 kB
VmallocUsed:      558016 kB
VmallocChunk:   34359165916 kB
HardwareCorrupted:     0 kB
AnonHugePages:   2492416 kB
CmaTotal:              0 kB
CmaFree:               0 kB
HugePages_Total:       0
HugePages_Free:        0
HugePages_Rsvd:        0
HugePages_Surp:        0
Hugepagesize:       2048 kB
DirectMap4k:      217344 kB
DirectMap2M:     5922816 kB


CPU:total 4 (2 cores per cpu, 2 threads per core) family 6 model 42 stepping 7, cmov, cx8, fxsr, mmx, sse, sse2, sse3, ssse3, sse4.1, sse4.2, popcnt, avx, aes, clmul, ht, tsc, tscinvbit

/proc/cpuinfo:
processor	: 0
vendor_id	: GenuineIntel
cpu family	: 6
model		: 42
model name	: Intel(R) Core(TM) i5-2450M CPU @ 2.50GHz
stepping	: 7
microcode	: 0x25
cpu MHz		: 1934.277
cache size	: 3072 KB
physical id	: 0
siblings	: 4
core id		: 0
cpu cores	: 2
apicid		: 0
initial apicid	: 0
fpu		: yes
fpu_exception	: yes
cpuid level	: 13
wp		: yes
flags		: fpu vme de pse tsc msr pae mce cx8 apic sep mtrr pge mca cmov pat pse36 clflush dts acpi mmx fxsr sse sse2 ss ht tm pbe syscall nx rdtscp lm constant_tsc arch_perfmon pebs bts rep_good nopl xtopology nonstop_tsc aperfmperf eagerfpu pni pclmulqdq dtes64 monitor ds_cpl vmx est tm2 ssse3 cx16 xtpr pdcm pcid sse4_1 sse4_2 x2apic popcnt tsc_deadline_timer aes xsave avx lahf_lm ida arat epb pln pts dtherm tpr_shadow vnmi flexpriority ept vpid xsaveopt
bugs		:
bogomips	: 4988.20
clflush size	: 64
cache_alignment	: 64
address sizes	: 36 bits physical, 48 bits virtual
power management:

processor	: 1
vendor_id	: GenuineIntel
cpu family	: 6
model		: 42
model name	: Intel(R) Core(TM) i5-2450M CPU @ 2.50GHz
stepping	: 7
microcode	: 0x25
cpu MHz		: 3080.761
cache size	: 3072 KB
physical id	: 0
siblings	: 4
core id		: 0
cpu cores	: 2
apicid		: 1
initial apicid	: 1
fpu		: yes
fpu_exception	: yes
cpuid level	: 13
wp		: yes
flags		: fpu vme de pse tsc msr pae mce cx8 apic sep mtrr pge mca cmov pat pse36 clflush dts acpi mmx fxsr sse sse2 ss ht tm pbe syscall nx rdtscp lm constant_tsc arch_perfmon pebs bts rep_good nopl xtopology nonstop_tsc aperfmperf eagerfpu pni pclmulqdq dtes64 monitor ds_cpl vmx est tm2 ssse3 cx16 xtpr pdcm pcid sse4_1 sse4_2 x2apic popcnt tsc_deadline_timer aes xsave avx lahf_lm ida arat epb pln pts dtherm tpr_shadow vnmi flexpriority ept vpid xsaveopt
bugs		:
bogomips	: 4988.20
clflush size	: 64
cache_alignment	: 64
address sizes	: 36 bits physical, 48 bits virtual
power management:

processor	: 2
vendor_id	: GenuineIntel
cpu family	: 6
model		: 42
model name	: Intel(R) Core(TM) i5-2450M CPU @ 2.50GHz
stepping	: 7
microcode	: 0x25
cpu MHz		: 2210.937
cache size	: 3072 KB
physical id	: 0
siblings	: 4
core id		: 1
cpu cores	: 2
apicid		: 2
initial apicid	: 2
fpu		: yes
fpu_exception	: yes
cpuid level	: 13
wp		: yes
flags		: fpu vme de pse tsc msr pae mce cx8 apic sep mtrr pge mca cmov pat pse36 clflush dts acpi mmx fxsr sse sse2 ss ht tm pbe syscall nx rdtscp lm constant_tsc arch_perfmon pebs bts rep_good nopl xtopology nonstop_tsc aperfmperf eagerfpu pni pclmulqdq dtes64 monitor ds_cpl vmx est tm2 ssse3 cx16 xtpr pdcm pcid sse4_1 sse4_2 x2apic popcnt tsc_deadline_timer aes xsave avx lahf_lm ida arat epb pln pts dtherm tpr_shadow vnmi flexpriority ept vpid xsaveopt
bugs		:
bogomips	: 4988.20
clflush size	: 64
cache_alignment	: 64
address sizes	: 36 bits physical, 48 bits virtual
power management:

processor	: 3
vendor_id	: GenuineIntel
cpu family	: 6
model		: 42
model name	: Intel(R) Core(TM) i5-2450M CPU @ 2.50GHz
stepping	: 7
microcode	: 0x25
cpu MHz		: 2880.664
cache size	: 3072 KB
physical id	: 0
siblings	: 4
core id		: 1
cpu cores	: 2
apicid		: 3
initial apicid	: 3
fpu		: yes
fpu_exception	: yes
cpuid level	: 13
wp		: yes
flags		: fpu vme de pse tsc msr pae mce cx8 apic sep mtrr pge mca cmov pat pse36 clflush dts acpi mmx fxsr sse sse2 ss ht tm pbe syscall nx rdtscp lm constant_tsc arch_perfmon pebs bts rep_good nopl xtopology nonstop_tsc aperfmperf eagerfpu pni pclmulqdq dtes64 monitor ds_cpl vmx est tm2 ssse3 cx16 xtpr pdcm pcid sse4_1 sse4_2 x2apic popcnt tsc_deadline_timer aes xsave avx lahf_lm ida arat epb pln pts dtherm tpr_shadow vnmi flexpriority ept vpid xsaveopt
bugs		:
bogomips	: 4988.20
clflush size	: 64
cache_alignment	: 64
address sizes	: 36 bits physical, 48 bits virtual
power management:



Memory: 4k page, physical 5961332k(145664k free), swap 0k(0k free)

vm_info: Java HotSpot(TM) 64-Bit Server VM (25.66-b17) for linux-amd64 JRE (1.8.0_66-b17), built on Oct  6 2015 17:28:34 by "java_re" with gcc 4.3.0 20080428 (Red Hat 4.3.0-8)

time: Sat Jan  2 00:37:16 2016
elapsed time: 34 seconds (0d 0h 0m 34s)

