#
# There is insufficient memory for the Java Runtime Environment to continue.
# Native memory allocation (mmap) failed to map 176685056 bytes for committing reserved memory.
# Possible reasons:
#   The system is out of physical RAM or swap space
#   In 32 bit mode, the process size limit was hit
# Possible solutions:
#   Reduce memory load on the system
#   Increase physical memory or swap space
#   Check if swap backing store is full
#   Use 64 bit Java on a 64 bit OS
#   Decrease Java heap size (-Xmx/-Xms)
#   Decrease number of Java threads
#   Decrease Java thread stack sizes (-Xss)
#   Set larger code cache with -XX:ReservedCodeCacheSize=
# This output file may be truncated or incomplete.
#
#  Out of Memory Error (os_linux.cpp:2627), pid=7061, tid=140630256883456
#
# JRE version: Java(TM) SE Runtime Environment (8.0_60-b27) (build 1.8.0_60-b27)
# Java VM: Java HotSpot(TM) 64-Bit Server VM (25.60-b23 mixed mode linux-amd64 compressed oops)
# Failed to write core dump. Core dumps have been disabled. To enable core dumping, try "ulimit -c unlimited" before starting Java again
#

---------------  T H R E A D  ---------------

Current thread (0x00007fe720078000):  VMThread [stack: 0x00007fe708719000,0x00007fe70881a000] [id=7071]

Stack: [0x00007fe708719000,0x00007fe70881a000],  sp=0x00007fe7088182e0,  free space=1020k
Native frames: (J=compiled Java code, j=interpreted, Vv=VM code, C=native code)
V  [libjvm.so+0xab97ea]  VMError::report_and_die()+0x2ba
V  [libjvm.so+0x4f9dab]  report_vm_out_of_memory(char const*, int, unsigned long, VMErrorType, char const*)+0x8b
V  [libjvm.so+0x91a7c3]  os::Linux::commit_memory_impl(char*, unsigned long, bool)+0x103
V  [libjvm.so+0x91ad19]  os::pd_commit_memory(char*, unsigned long, unsigned long, bool)+0x29
V  [libjvm.so+0x91502a]  os::commit_memory(char*, unsigned long, unsigned long, bool)+0x2a
V  [libjvm.so+0x9886d3]  PSVirtualSpace::expand_by(unsigned long)+0x53
V  [libjvm.so+0x978fc0]  PSOldGen::expand(unsigned long)+0x170
V  [libjvm.so+0x9791cb]  PSOldGen::resize(unsigned long)+0x1cb
V  [libjvm.so+0x980ea1]  PSParallelCompact::invoke_no_policy(bool)+0x991
V  [libjvm.so+0x9867fd]  PSScavenge::invoke()+0x1ad
V  [libjvm.so+0x93e430]  ParallelScavengeHeap::failed_mem_allocate(unsigned long)+0x70
V  [libjvm.so+0xabb207]  VM_ParallelGCFailedAllocation::doit()+0x97
V  [libjvm.so+0xac2c35]  VM_Operation::evaluate()+0x55
V  [libjvm.so+0xac100a]  VMThread::evaluate_operation(VM_Operation*)+0xba
V  [libjvm.so+0xac138e]  VMThread::loop()+0x1ce
V  [libjvm.so+0xac1800]  VMThread::run()+0x70
V  [libjvm.so+0x91cb88]  java_start(Thread*)+0x108

VM_Operation (0x00007fe6f325ce90): ParallelGCFailedAllocation, mode: safepoint, requested by thread 0x00007fe72019c000


---------------  P R O C E S S  ---------------

Java Threads: ( => current thread )
  0x00007fe72019c000 JavaThread "pool-2-thread-4" [_thread_blocked, id=7084, stack(0x00007fe6f315e000,0x00007fe6f325f000)]
  0x00007fe72019a000 JavaThread "pool-2-thread-3" [_thread_blocked, id=7083, stack(0x00007fe6f325f000,0x00007fe6f3360000)]
  0x00007fe720199000 JavaThread "pool-2-thread-2" [_thread_blocked, id=7082, stack(0x00007fe6f3360000,0x00007fe6f3461000)]
  0x00007fe720195800 JavaThread "pool-3-thread-1" [_thread_blocked, id=7081, stack(0x00007fe6f3461000,0x00007fe6f3562000)]
  0x00007fe720193000 JavaThread "pool-2-thread-1" [_thread_blocked, id=7080, stack(0x00007fe6f3562000,0x00007fe6f3663000)]
  0x00007fe7200c8800 JavaThread "Service Thread" daemon [_thread_blocked, id=7078, stack(0x00007fe708012000,0x00007fe708113000)]
  0x00007fe7200bb000 JavaThread "C1 CompilerThread2" daemon [_thread_blocked, id=7077, stack(0x00007fe708113000,0x00007fe708214000)]
  0x00007fe7200b9800 JavaThread "C2 CompilerThread1" daemon [_thread_blocked, id=7076, stack(0x00007fe708214000,0x00007fe708315000)]
  0x00007fe7200b6800 JavaThread "C2 CompilerThread0" daemon [_thread_blocked, id=7075, stack(0x00007fe708315000,0x00007fe708416000)]
  0x00007fe7200b5000 JavaThread "Signal Dispatcher" daemon [_thread_blocked, id=7074, stack(0x00007fe708416000,0x00007fe708517000)]
  0x00007fe72007f000 JavaThread "Finalizer" daemon [_thread_blocked, id=7073, stack(0x00007fe708517000,0x00007fe708618000)]
  0x00007fe72007d000 JavaThread "Reference Handler" daemon [_thread_blocked, id=7072, stack(0x00007fe708618000,0x00007fe708719000)]
  0x00007fe72000a000 JavaThread "main" [_thread_blocked, id=7065, stack(0x00007fe726dfa000,0x00007fe726efb000)]

Other Threads:
=>0x00007fe720078000 VMThread [stack: 0x00007fe708719000,0x00007fe70881a000] [id=7071]
  0x00007fe7200cb000 WatcherThread [stack: 0x00007fe6f36ec000,0x00007fe6f37ed000] [id=7079]

VM state:at safepoint (normal execution)

VM Mutex/Monitor currently owned by a thread:  ([mutex/lock_event])
[0x00007fe720005e10] ExpandHeap_lock - owner thread: 0x00007fe720078000
[0x00007fe720006490] Threads_lock - owner thread: 0x00007fe720078000
[0x00007fe720006990] Heap_lock - owner thread: 0x00007fe72019c000

Heap:
 PSYoungGen      total 232960K, used 0K [0x00000000eab00000, 0x0000000100000000, 0x0000000100000000)
  eden space 116736K, 0% used [0x00000000eab00000,0x00000000eab00000,0x00000000f1d00000)
  from space 116224K, 0% used [0x00000000f8e80000,0x00000000f8e80000,0x0000000100000000)
  to   space 116224K, 0% used [0x00000000f1d00000,0x00000000f1d00000,0x00000000f8e80000)
 ParOldGen       total 502272K, used 480601K [0x00000000c0000000, 0x00000000dea80000, 0x00000000eab00000)
  object space 502272K, 95% used [0x00000000c0000000,0x00000000dd5566e8,0x00000000dea80000)
 Metaspace       used 6466K, capacity 7282K, committed 7552K, reserved 1056768K
  class space    used 606K, capacity 618K, committed 640K, reserved 1048576K

Card table byte_map: [0x00007fe710824000,0x00007fe710a25000] byte_map_base: 0x00007fe710224000

Marking Bits: (ParMarkBitMap*) 0x00007fe7262cdde0
 Begin Bits: [0x00007fe70a000000, 0x00007fe70b000000)
 End Bits:   [0x00007fe70b000000, 0x00007fe70c000000)

Polling page: 0x00007fe726f15000

CodeCache: size=245760Kb used=9763Kb max_used=11413Kb free=235997Kb
 bounds [0x00007fe710de5000, 0x00007fe711955000, 0x00007fe71fde5000]
 total_blobs=2387 nmethods=2118 adapters=182
 compilation: enabled

Compilation events (10 events):
Event: 23,849 Thread 0x00007fe7200b9800 nmethod 2472 0x00007fe7118ecbd0 code [0x00007fe7118ecd40, 0x00007fe7118ecf18]
Event: 23,849 Thread 0x00007fe7200b9800 2543       4       com.android.dx.cf.code.Ropper::addExceptionSetupBlocks (203 bytes)
Event: 23,985 Thread 0x00007fe7200b9800 nmethod 2543 0x00007fe7110bd650 code [0x00007fe7110bda40, 0x00007fe7110c03e0]
Event: 23,985 Thread 0x00007fe7200b9800 2752       4       com.android.dx.rop.code.LocalVariableExtractor::processBlock (327 bytes)
Event: 23,987 Thread 0x00007fe7200b6800 nmethod 2623 0x00007fe7113b8fd0 code [0x00007fe7113b9400, 0x00007fe7113bce38]
Event: 23,987 Thread 0x00007fe7200b6800 2542       4       com.android.dx.ssa.SsaMethod::forEachBlockDepthFirstDom (128 bytes)
Event: 24,020 Thread 0x00007fe7200bb000 2754       2       java.util.Arrays::sort (19 bytes)
Event: 24,020 Thread 0x00007fe7200bb000 nmethod 2754 0x00007fe710f54c10 code [0x00007fe710f54d80, 0x00007fe710f54f38]
Event: 24,033 Thread 0x00007fe7200b6800 nmethod 2542 0x00007fe7110282d0 code [0x00007fe711028520, 0x00007fe7110293f8]
Event: 24,033 Thread 0x00007fe7200b6800 2714 %     4       com.android.dx.ssa.SCCP::run @ 93 (298 bytes)

GC Heap History (10 events):
Event: 21,815 GC heap after
Heap after GC invocations=24 (full 4):
 PSYoungGen      total 232960K, used 34126K [0x00000000eab00000, 0x0000000100000000, 0x0000000100000000)
  eden space 116736K, 0% used [0x00000000eab00000,0x00000000eab00000,0x00000000f1d00000)
  from space 116224K, 29% used [0x00000000f8e80000,0x00000000fafd3bd8,0x0000000100000000)
  to   space 116224K, 0% used [0x00000000f1d00000,0x00000000f1d00000,0x00000000f8e80000)
 ParOldGen       total 502272K, used 374244K [0x00000000c0000000, 0x00000000dea80000, 0x00000000eab00000)
  object space 502272K, 74% used [0x00000000c0000000,0x00000000d6d79260,0x00000000dea80000)
 Metaspace       used 6465K, capacity 7282K, committed 7552K, reserved 1056768K
  class space    used 606K, capacity 618K, committed 640K, reserved 1048576K
}
Event: 22,403 GC heap before
{Heap before GC invocations=25 (full 4):
 PSYoungGen      total 232960K, used 150862K [0x00000000eab00000, 0x0000000100000000, 0x0000000100000000)
  eden space 116736K, 100% used [0x00000000eab00000,0x00000000f1d00000,0x00000000f1d00000)
  from space 116224K, 29% used [0x00000000f8e80000,0x00000000fafd3bd8,0x0000000100000000)
  to   space 116224K, 0% used [0x00000000f1d00000,0x00000000f1d00000,0x00000000f8e80000)
 ParOldGen       total 502272K, used 374244K [0x00000000c0000000, 0x00000000dea80000, 0x00000000eab00000)
  object space 502272K, 74% used [0x00000000c0000000,0x00000000d6d79260,0x00000000dea80000)
 Metaspace       used 6466K, capacity 7282K, committed 7552K, reserved 1056768K
  class space    used 606K, capacity 618K, committed 640K, reserved 1048576K
Event: 22,570 GC heap after
Heap after GC invocations=25 (full 4):
 PSYoungGen      total 232960K, used 18008K [0x00000000eab00000, 0x0000000100000000, 0x0000000100000000)
  eden space 116736K, 0% used [0x00000000eab00000,0x00000000eab00000,0x00000000f1d00000)
  from space 116224K, 15% used [0x00000000f1d00000,0x00000000f2e96200,0x00000000f8e80000)
  to   space 116224K, 0% used [0x00000000f8e80000,0x00000000f8e80000,0x0000000100000000)
 ParOldGen       total 502272K, used 407857K [0x00000000c0000000, 0x00000000dea80000, 0x00000000eab00000)
  object space 502272K, 81% used [0x00000000c0000000,0x00000000d8e4c448,0x00000000dea80000)
 Metaspace       used 6466K, capacity 7282K, committed 7552K, reserved 1056768K
  class space    used 606K, capacity 618K, committed 640K, reserved 1048576K
}
Event: 23,084 GC heap before
{Heap before GC invocations=26 (full 4):
 PSYoungGen      total 232960K, used 134744K [0x00000000eab00000, 0x0000000100000000, 0x0000000100000000)
  eden space 116736K, 100% used [0x00000000eab00000,0x00000000f1d00000,0x00000000f1d00000)
  from space 116224K, 15% used [0x00000000f1d00000,0x00000000f2e96200,0x00000000f8e80000)
  to   space 116224K, 0% used [0x00000000f8e80000,0x00000000f8e80000,0x0000000100000000)
 ParOldGen       total 502272K, used 407857K [0x00000000c0000000, 0x00000000dea80000, 0x00000000eab00000)
  object space 502272K, 81% used [0x00000000c0000000,0x00000000d8e4c448,0x00000000dea80000)
 Metaspace       used 6466K, capacity 7282K, committed 7552K, reserved 1056768K
  class space    used 606K, capacity 618K, committed 640K, reserved 1048576K
Event: 23,166 GC heap after
Heap after GC invocations=26 (full 4):
 PSYoungGen      total 232960K, used 19040K [0x00000000eab00000, 0x0000000100000000, 0x0000000100000000)
  eden space 116736K, 0% used [0x00000000eab00000,0x00000000eab00000,0x00000000f1d00000)
  from space 116224K, 16% used [0x00000000f8e80000,0x00000000fa118000,0x0000000100000000)
  to   space 116224K, 0% used [0x00000000f1d00000,0x00000000f1d00000,0x00000000f8e80000)
 ParOldGen       total 502272K, used 425013K [0x00000000c0000000, 0x00000000dea80000, 0x00000000eab00000)
  object space 502272K, 84% used [0x00000000c0000000,0x00000000d9f0d498,0x00000000dea80000)
 Metaspace       used 6466K, capacity 7282K, committed 7552K, reserved 1056768K
  class space    used 606K, capacity 618K, committed 640K, reserved 1048576K
}
Event: 23,583 GC heap before
{Heap before GC invocations=27 (full 4):
 PSYoungGen      total 232960K, used 135776K [0x00000000eab00000, 0x0000000100000000, 0x0000000100000000)
  eden space 116736K, 100% used [0x00000000eab00000,0x00000000f1d00000,0x00000000f1d00000)
  from space 116224K, 16% used [0x00000000f8e80000,0x00000000fa118000,0x0000000100000000)
  to   space 116224K, 0% used [0x00000000f1d00000,0x00000000f1d00000,0x00000000f8e80000)
 ParOldGen       total 502272K, used 425013K [0x00000000c0000000, 0x00000000dea80000, 0x00000000eab00000)
  object space 502272K, 84% used [0x00000000c0000000,0x00000000d9f0d498,0x00000000dea80000)
 Metaspace       used 6466K, capacity 7282K, committed 7552K, reserved 1056768K
  class space    used 606K, capacity 618K, committed 640K, reserved 1048576K
Event: 23,680 GC heap after
Heap after GC invocations=27 (full 4):
 PSYoungGen      total 232960K, used 20004K [0x00000000eab00000, 0x0000000100000000, 0x0000000100000000)
  eden space 116736K, 0% used [0x00000000eab00000,0x00000000eab00000,0x00000000f1d00000)
  from space 116224K, 17% used [0x00000000f1d00000,0x00000000f3089120,0x00000000f8e80000)
  to   space 116224K, 0% used [0x00000000f8e80000,0x00000000f8e80000,0x0000000100000000)
 ParOldGen       total 502272K, used 443174K [0x00000000c0000000, 0x00000000dea80000, 0x00000000eab00000)
  object space 502272K, 88% used [0x00000000c0000000,0x00000000db0c9a40,0x00000000dea80000)
 Metaspace       used 6466K, capacity 7282K, committed 7552K, reserved 1056768K
  class space    used 606K, capacity 618K, committed 640K, reserved 1048576K
}
Event: 24,071 GC heap before
{Heap before GC invocations=28 (full 4):
 PSYoungGen      total 232960K, used 136740K [0x00000000eab00000, 0x0000000100000000, 0x0000000100000000)
  eden space 116736K, 100% used [0x00000000eab00000,0x00000000f1d00000,0x00000000f1d00000)
  from space 116224K, 17% used [0x00000000f1d00000,0x00000000f3089120,0x00000000f8e80000)
  to   space 116224K, 0% used [0x00000000f8e80000,0x00000000f8e80000,0x0000000100000000)
 ParOldGen       total 502272K, used 443174K [0x00000000c0000000, 0x00000000dea80000, 0x00000000eab00000)
  object space 502272K, 88% used [0x00000000c0000000,0x00000000db0c9a40,0x00000000dea80000)
 Metaspace       used 6466K, capacity 7282K, committed 7552K, reserved 1056768K
  class space    used 606K, capacity 618K, committed 640K, reserved 1048576K
Event: 24,153 GC heap after
Heap after GC invocations=28 (full 4):
 PSYoungGen      total 232960K, used 19982K [0x00000000eab00000, 0x0000000100000000, 0x0000000100000000)
  eden space 116736K, 0% used [0x00000000eab00000,0x00000000eab00000,0x00000000f1d00000)
  from space 116224K, 17% used [0x00000000f8e80000,0x00000000fa203938,0x0000000100000000)
  to   space 116224K, 0% used [0x00000000f1d00000,0x00000000f1d00000,0x00000000f8e80000)
 ParOldGen       total 502272K, used 462196K [0x00000000c0000000, 0x00000000dea80000, 0x00000000eab00000)
  object space 502272K, 92% used [0x00000000c0000000,0x00000000dc35d1d8,0x00000000dea80000)
 Metaspace       used 6466K, capacity 7282K, committed 7552K, reserved 1056768K
  class space    used 606K, capacity 618K, committed 640K, reserved 1048576K
}
Event: 24,153 GC heap before
{Heap before GC invocations=29 (full 5):
 PSYoungGen      total 232960K, used 19982K [0x00000000eab00000, 0x0000000100000000, 0x0000000100000000)
  eden space 116736K, 0% used [0x00000000eab00000,0x00000000eab00000,0x00000000f1d00000)
  from space 116224K, 17% used [0x00000000f8e80000,0x00000000fa203938,0x0000000100000000)
  to   space 116224K, 0% used [0x00000000f1d00000,0x00000000f1d00000,0x00000000f8e80000)
 ParOldGen       total 502272K, used 462196K [0x00000000c0000000, 0x00000000dea80000, 0x00000000eab00000)
  object space 502272K, 92% used [0x00000000c0000000,0x00000000dc35d1d8,0x00000000dea80000)
 Metaspace       used 6466K, capacity 7282K, committed 7552K, reserved 1056768K
  class space    used 606K, capacity 618K, committed 640K, reserved 1048576K

Deoptimization events (10 events):
Event: 7,441 Thread 0x00007fe72019c000 Uncommon trap: reason=unstable_if action=reinterpret pc=0x00007fe7114cbb2c method=com.android.dx.ssa.SCCP.simulateBranch(Lcom/android/dx/ssa/SsaInsn;)V @ 548
Event: 12,242 Thread 0x00007fe720193000 Uncommon trap: reason=unstable_if action=reinterpret pc=0x00007fe7118737f0 method=com.android.dx.ssa.SsaMethod.blockIndexToRopLabel(I)I @ 1
Event: 12,550 Thread 0x00007fe72019a000 Uncommon trap: reason=unstable_if action=reinterpret pc=0x00007fe71184f2c8 method=com.android.dx.rop.code.LocalVariableExtractor.processBlock(I)V @ 208
Event: 12,705 Thread 0x00007fe72019a000 Uncommon trap: reason=unstable_if action=reinterpret pc=0x00007fe711892910 method=com.android.dx.util.BitIntSet.has(I)Z @ 8
Event: 13,438 Thread 0x00007fe72019c000 Uncommon trap: reason=unstable_if action=reinterpret pc=0x00007fe7118b5c90 method=com.android.dx.rop.type.Type.isReference()Z @ 6
Event: 20,519 Thread 0x00007fe720193000 Uncommon trap: reason=unstable_if action=reinterpret pc=0x00007fe7118a42b0 method=com.android.dx.ssa.LocalVariableExtractor.doit()Lcom/android/dx/ssa/LocalVariableInfo; @ 7
Event: 20,519 Thread 0x00007fe720193000 Uncommon trap: reason=unstable_if action=reinterpret pc=0x00007fe710f23c74 method=java.util.ArrayList.<init>(I)V @ 5
Event: 20,531 Thread 0x00007fe72019a000 Uncommon trap: reason=unstable_if action=reinterpret pc=0x00007fe71190d4d0 method=com.android.dx.rop.code.RegisterSpecSet.<init>(I)V @ 2
Event: 21,597 Thread 0x00007fe720199000 Uncommon trap: reason=unstable_if action=reinterpret pc=0x00007fe711924304 method=com.android.dx.dex.code.OutputFinisher.hasLocalInfo(Lcom/android/dx/dex/code/DalvInsn;)Z @ 35
Event: 22,859 Thread 0x00007fe72019a000 Uncommon trap: reason=unstable_if action=reinterpret pc=0x00007fe7111db1f4 method=com.android.dx.cf.code.ByteCatchList.toRopCatchList()Lcom/android/dx/rop/type/TypeList; @ 6

Internal exceptions (10 events):
Event: 0,031 Thread 0x00007fe72000a000 Exception <a 'java/lang/NoSuchMethodError': Method sun.misc.Unsafe.prefetchRead(Ljava/lang/Object;J)V name or signature does not match> (0x00000000eab12b50) thrown at [/HUDSON/workspace/8-2-build-linux-amd64/jdk8u60/4407/hotspot/src/share/vm/prims/jni.cpp
Event: 0,958 Thread 0x00007fe72000a000 Implicit null exception at 0x00007fe7110b1629 to 0x00007fe7110b4779
Event: 1,513 Thread 0x00007fe72019c000 Exception <a 'java/lang/ArrayIndexOutOfBoundsException': 18> (0x00000000ec019fb8) thrown at [/HUDSON/workspace/8-2-build-linux-amd64/jdk8u60/4407/hotspot/src/share/vm/interpreter/interpreterRuntime.cpp, line 366]
Event: 1,514 Thread 0x00007fe72019c000 Exception <a 'java/lang/ArrayIndexOutOfBoundsException': 145> (0x00000000ec01bb38) thrown at [/HUDSON/workspace/8-2-build-linux-amd64/jdk8u60/4407/hotspot/src/share/vm/interpreter/interpreterRuntime.cpp, line 366]
Event: 1,515 Thread 0x00007fe72019c000 Exception <a 'java/lang/ArrayIndexOutOfBoundsException': 40> (0x00000000ec01ce20) thrown at [/HUDSON/workspace/8-2-build-linux-amd64/jdk8u60/4407/hotspot/src/share/vm/interpreter/interpreterRuntime.cpp, line 366]
Event: 4,702 Thread 0x00007fe72019c000 Implicit null exception at 0x00007fe711681833 to 0x00007fe711681af1
Event: 5,156 Thread 0x00007fe72019c000 Implicit null exception at 0x00007fe71168616b to 0x00007fe711689791
Event: 6,835 Thread 0x00007fe72019c000 Implicit null exception at 0x00007fe7110fb18a to 0x00007fe7110fb5e9
Event: 6,835 Thread 0x00007fe72019c000 Implicit null exception at 0x00007fe7110e4ba9 to 0x00007fe7110e4f85
Event: 21,597 Thread 0x00007fe720199000 Implicit null exception at 0x00007fe7119234b5 to 0x00007fe7119242e9

Events (10 events):
Event: 23,944 Thread 0x00007fe720199000 DEOPT UNPACKING pc=0x00007fe710e2c633 sp=0x00007fe6f345ec00 mode 0
Event: 23,977 Thread 0x00007fe72019a000 DEOPT PACKING pc=0x00007fe711164f6c sp=0x00007fe6f335de90
Event: 23,977 Thread 0x00007fe72019a000 DEOPT UNPACKING pc=0x00007fe710e2c633 sp=0x00007fe6f335db90 mode 0
Event: 23,984 Thread 0x00007fe72019c000 DEOPT PACKING pc=0x00007fe71131fc1a sp=0x00007fe6f325cca0
Event: 23,984 Thread 0x00007fe72019c000 DEOPT UNPACKING pc=0x00007fe710e2c633 sp=0x00007fe6f325cb00 mode 0
Event: 24,035 Thread 0x00007fe720199000 DEOPT PACKING pc=0x00007fe711164f6c sp=0x00007fe6f345efc0
Event: 24,035 Thread 0x00007fe720199000 DEOPT UNPACKING pc=0x00007fe710e2c633 sp=0x00007fe6f345ecc0 mode 0
Event: 24,058 Thread 0x00007fe72019c000 DEOPT PACKING pc=0x00007fe71131fc1a sp=0x00007fe6f325cca0
Event: 24,058 Thread 0x00007fe72019c000 DEOPT UNPACKING pc=0x00007fe710e2c633 sp=0x00007fe6f325cb00 mode 0
Event: 24,070 Executing VM operation: ParallelGCFailedAllocation


Dynamic libraries:
00400000-00401000 r-xp 00000000 08:01 2362311                            /usr/lib/jvm/java-8-oracle/bin/java
00600000-00601000 rw-p 00000000 08:01 2362311                            /usr/lib/jvm/java-8-oracle/bin/java
009cf000-009f0000 rw-p 00000000 00:00 0                                  [heap]
c0000000-dea80000 rw-p 00000000 00:00 0 
e9300000-eab00000 ---p 00000000 00:00 0 
eab00000-100000000 rw-p 00000000 00:00 0 
100000000-1000a0000 rw-p 00000000 00:00 0 
1000a0000-140000000 ---p 00000000 00:00 0 
7fe6c0000000-7fe6c0030000 rw-p 00000000 00:00 0 
7fe6c0030000-7fe6c4000000 ---p 00000000 00:00 0 
7fe6c4000000-7fe6c4043000 rw-p 00000000 00:00 0 
7fe6c4043000-7fe6c8000000 ---p 00000000 00:00 0 
7fe6c8000000-7fe6c8021000 rw-p 00000000 00:00 0 
7fe6c8021000-7fe6cc000000 ---p 00000000 00:00 0 
7fe6cc000000-7fe6cc02e000 rw-p 00000000 00:00 0 
7fe6cc02e000-7fe6d0000000 ---p 00000000 00:00 0 
7fe6d0000000-7fe6d0021000 rw-p 00000000 00:00 0 
7fe6d0021000-7fe6d4000000 ---p 00000000 00:00 0 
7fe6d4000000-7fe6d4057000 rw-p 00000000 00:00 0 
7fe6d4057000-7fe6d8000000 ---p 00000000 00:00 0 
7fe6d8000000-7fe6d8caa000 rw-p 00000000 00:00 0 
7fe6d8caa000-7fe6dc000000 ---p 00000000 00:00 0 
7fe6dc000000-7fe6dc021000 rw-p 00000000 00:00 0 
7fe6dc021000-7fe6e0000000 ---p 00000000 00:00 0 
7fe6e0000000-7fe6e188e000 rw-p 00000000 00:00 0 
7fe6e188e000-7fe6e4000000 ---p 00000000 00:00 0 
7fe6e4000000-7fe6e626c000 rw-p 00000000 00:00 0 
7fe6e626c000-7fe6e8000000 ---p 00000000 00:00 0 
7fe6e8000000-7fe6e8021000 rw-p 00000000 00:00 0 
7fe6e8021000-7fe6ec000000 ---p 00000000 00:00 0 
7fe6ec000000-7fe6ec021000 rw-p 00000000 00:00 0 
7fe6ec021000-7fe6f0000000 ---p 00000000 00:00 0 
7fe6f315e000-7fe6f3161000 ---p 00000000 00:00 0 
7fe6f3161000-7fe6f325f000 rw-p 00000000 00:00 0                          [stack:7084]
7fe6f325f000-7fe6f3262000 ---p 00000000 00:00 0 
7fe6f3262000-7fe6f3360000 rw-p 00000000 00:00 0                          [stack:7083]
7fe6f3360000-7fe6f3363000 ---p 00000000 00:00 0 
7fe6f3363000-7fe6f3461000 rw-p 00000000 00:00 0                          [stack:7082]
7fe6f3461000-7fe6f3464000 ---p 00000000 00:00 0 
7fe6f3464000-7fe6f3562000 rw-p 00000000 00:00 0                          [stack:7081]
7fe6f3562000-7fe6f3565000 ---p 00000000 00:00 0 
7fe6f3565000-7fe6f3663000 rw-p 00000000 00:00 0                          [stack:7080]
7fe6f3663000-7fe6f36ec000 r--s 006cd000 08:01 1839033                    /home/tomasz/AndroidStudioProjects/ITAssistant/app/build/intermediates/transforms/CLASSES/FULL_PROJECT/jarMerging/debug/classes.jar
7fe6f36ec000-7fe6f36ed000 ---p 00000000 00:00 0 
7fe6f36ed000-7fe6f37ed000 rw-p 00000000 00:00 0                          [stack:7079]
7fe6f37ed000-7fe6f4000000 r--p 00000000 08:01 1579663                    /usr/lib/locale/locale-archive
7fe6f4000000-7fe6f428f000 rw-p 00000000 00:00 0 
7fe6f428f000-7fe6f8000000 ---p 00000000 00:00 0 
7fe6f8000000-7fe6f8021000 rw-p 00000000 00:00 0 
7fe6f8021000-7fe6fc000000 ---p 00000000 00:00 0 
7fe6fc000000-7fe6fc021000 rw-p 00000000 00:00 0 
7fe6fc021000-7fe700000000 ---p 00000000 00:00 0 
7fe700000000-7fe700021000 rw-p 00000000 00:00 0 
7fe700021000-7fe704000000 ---p 00000000 00:00 0 
7fe704000000-7fe704021000 rw-p 00000000 00:00 0 
7fe704021000-7fe708000000 ---p 00000000 00:00 0 
7fe708012000-7fe708015000 ---p 00000000 00:00 0 
7fe708015000-7fe708113000 rw-p 00000000 00:00 0                          [stack:7078]
7fe708113000-7fe708116000 ---p 00000000 00:00 0 
7fe708116000-7fe708214000 rw-p 00000000 00:00 0                          [stack:7077]
7fe708214000-7fe708217000 ---p 00000000 00:00 0 
7fe708217000-7fe708315000 rw-p 00000000 00:00 0                          [stack:7076]
7fe708315000-7fe708318000 ---p 00000000 00:00 0 
7fe708318000-7fe708416000 rw-p 00000000 00:00 0                          [stack:7075]
7fe708416000-7fe708419000 ---p 00000000 00:00 0 
7fe708419000-7fe708517000 rw-p 00000000 00:00 0                          [stack:7074]
7fe708517000-7fe70851a000 ---p 00000000 00:00 0 
7fe70851a000-7fe708618000 rw-p 00000000 00:00 0                          [stack:7073]
7fe708618000-7fe70861b000 ---p 00000000 00:00 0 
7fe70861b000-7fe708719000 rw-p 00000000 00:00 0                          [stack:7072]
7fe708719000-7fe70871a000 ---p 00000000 00:00 0 
7fe70871a000-7fe709628000 rw-p 00000000 00:00 0                          [stack:7071]
7fe709628000-7fe709800000 r--s 03d17000 08:01 2107729                    /usr/lib/jvm/java-8-oracle/jre/lib/rt.jar
7fe709800000-7fe709ec0000 rw-p 00000000 00:00 0 
7fe709ec0000-7fe70a000000 ---p 00000000 00:00 0 
7fe70a000000-7fe70c000000 rw-p 00000000 00:00 0 
7fe70c000000-7fe70c021000 rw-p 00000000 00:00 0 
7fe70c021000-7fe710000000 ---p 00000000 00:00 0 
7fe710005000-7fe71002a000 r--p 00000000 08:01 2361987                    /usr/share/locale-langpack/pl/LC_MESSAGES/libc.mo
7fe71002a000-7fe710039000 r--s 000df000 08:01 656243                     /home/tomasz/Android/Sdk/build-tools/23.0.1/lib/dx.jar
7fe710039000-7fe710420000 rw-p 00000000 00:00 0 
7fe710420000-7fe710421000 ---p 00000000 00:00 0 
7fe710421000-7fe710521000 rw-p 00000000 00:00 0                          [stack:7069]
7fe710521000-7fe710522000 ---p 00000000 00:00 0 
7fe710522000-7fe710622000 rw-p 00000000 00:00 0                          [stack:7068]
7fe710622000-7fe710623000 ---p 00000000 00:00 0 
7fe710623000-7fe710723000 rw-p 00000000 00:00 0                          [stack:7067]
7fe710723000-7fe710724000 ---p 00000000 00:00 0 
7fe710724000-7fe71091a000 rw-p 00000000 00:00 0                          [stack:7066]
7fe71091a000-7fe710979000 ---p 00000000 00:00 0 
7fe710979000-7fe710a24000 rw-p 00000000 00:00 0 
7fe710a24000-7fe710a53000 rw-p 00000000 00:00 0 
7fe710a53000-7fe710de5000 ---p 00000000 00:00 0 
7fe710de5000-7fe711955000 rwxp 00000000 00:00 0 
7fe711955000-7fe71fde5000 ---p 00000000 00:00 0 
7fe71fde5000-7fe71fdff000 r-xp 00000000 08:01 2107706                    /usr/lib/jvm/java-8-oracle/jre/lib/amd64/libzip.so
7fe71fdff000-7fe71ffff000 ---p 0001a000 08:01 2107706                    /usr/lib/jvm/java-8-oracle/jre/lib/amd64/libzip.so
7fe71ffff000-7fe720000000 rw-p 0001a000 08:01 2107706                    /usr/lib/jvm/java-8-oracle/jre/lib/amd64/libzip.so
7fe720000000-7fe7203b4000 rw-p 00000000 00:00 0 
7fe7203b4000-7fe724000000 ---p 00000000 00:00 0 
7fe724002000-7fe72413a000 rw-p 00000000 00:00 0 
7fe72413a000-7fe72419a000 ---p 00000000 00:00 0 
7fe72419a000-7fe7241a5000 r-xp 00000000 08:01 5771445                    /lib/x86_64-linux-gnu/libnss_files-2.19.so
7fe7241a5000-7fe7243a4000 ---p 0000b000 08:01 5771445                    /lib/x86_64-linux-gnu/libnss_files-2.19.so
7fe7243a4000-7fe7243a5000 r--p 0000a000 08:01 5771445                    /lib/x86_64-linux-gnu/libnss_files-2.19.so
7fe7243a5000-7fe7243a6000 rw-p 0000b000 08:01 5771445                    /lib/x86_64-linux-gnu/libnss_files-2.19.so
7fe7243a6000-7fe7243b1000 r-xp 00000000 08:01 5771455                    /lib/x86_64-linux-gnu/libnss_nis-2.19.so
7fe7243b1000-7fe7245b0000 ---p 0000b000 08:01 5771455                    /lib/x86_64-linux-gnu/libnss_nis-2.19.so
7fe7245b0000-7fe7245b1000 r--p 0000a000 08:01 5771455                    /lib/x86_64-linux-gnu/libnss_nis-2.19.so
7fe7245b1000-7fe7245b2000 rw-p 0000b000 08:01 5771455                    /lib/x86_64-linux-gnu/libnss_nis-2.19.so
7fe7245b2000-7fe7245c9000 r-xp 00000000 08:01 5771439                    /lib/x86_64-linux-gnu/libnsl-2.19.so
7fe7245c9000-7fe7247c8000 ---p 00017000 08:01 5771439                    /lib/x86_64-linux-gnu/libnsl-2.19.so
7fe7247c8000-7fe7247c9000 r--p 00016000 08:01 5771439                    /lib/x86_64-linux-gnu/libnsl-2.19.so
7fe7247c9000-7fe7247ca000 rw-p 00017000 08:01 5771439                    /lib/x86_64-linux-gnu/libnsl-2.19.so
7fe7247ca000-7fe7247cc000 rw-p 00000000 00:00 0 
7fe7247cc000-7fe7247d5000 r-xp 00000000 08:01 5771441                    /lib/x86_64-linux-gnu/libnss_compat-2.19.so
7fe7247d5000-7fe7249d4000 ---p 00009000 08:01 5771441                    /lib/x86_64-linux-gnu/libnss_compat-2.19.so
7fe7249d4000-7fe7249d5000 r--p 00008000 08:01 5771441                    /lib/x86_64-linux-gnu/libnss_compat-2.19.so
7fe7249d5000-7fe7249d6000 rw-p 00009000 08:01 5771441                    /lib/x86_64-linux-gnu/libnss_compat-2.19.so
7fe7249d6000-7fe724a00000 r-xp 00000000 08:01 2107695                    /usr/lib/jvm/java-8-oracle/jre/lib/amd64/libjava.so
7fe724a00000-7fe724c00000 ---p 0002a000 08:01 2107695                    /usr/lib/jvm/java-8-oracle/jre/lib/amd64/libjava.so
7fe724c00000-7fe724c02000 rw-p 0002a000 08:01 2107695                    /usr/lib/jvm/java-8-oracle/jre/lib/amd64/libjava.so
7fe724c02000-7fe724c0f000 r-xp 00000000 08:01 2107656                    /usr/lib/jvm/java-8-oracle/jre/lib/amd64/libverify.so
7fe724c0f000-7fe724e0f000 ---p 0000d000 08:01 2107656                    /usr/lib/jvm/java-8-oracle/jre/lib/amd64/libverify.so
7fe724e0f000-7fe724e11000 rw-p 0000d000 08:01 2107656                    /usr/lib/jvm/java-8-oracle/jre/lib/amd64/libverify.so
7fe724e11000-7fe724e18000 r-xp 00000000 08:01 5771498                    /lib/x86_64-linux-gnu/librt-2.19.so
7fe724e18000-7fe725017000 ---p 00007000 08:01 5771498                    /lib/x86_64-linux-gnu/librt-2.19.so
7fe725017000-7fe725018000 r--p 00006000 08:01 5771498                    /lib/x86_64-linux-gnu/librt-2.19.so
7fe725018000-7fe725019000 rw-p 00007000 08:01 5771498                    /lib/x86_64-linux-gnu/librt-2.19.so
7fe725019000-7fe72511e000 r-xp 00000000 08:01 5771420                    /lib/x86_64-linux-gnu/libm-2.19.so
7fe72511e000-7fe72531d000 ---p 00105000 08:01 5771420                    /lib/x86_64-linux-gnu/libm-2.19.so
7fe72531d000-7fe72531e000 r--p 00104000 08:01 5771420                    /lib/x86_64-linux-gnu/libm-2.19.so
7fe72531e000-7fe72531f000 rw-p 00105000 08:01 5771420                    /lib/x86_64-linux-gnu/libm-2.19.so
7fe72531f000-7fe725fdd000 r-xp 00000000 08:01 2107705                    /usr/lib/jvm/java-8-oracle/jre/lib/amd64/server/libjvm.so
7fe725fdd000-7fe7261dc000 ---p 00cbe000 08:01 2107705                    /usr/lib/jvm/java-8-oracle/jre/lib/amd64/server/libjvm.so
7fe7261dc000-7fe7262b4000 rw-p 00cbd000 08:01 2107705                    /usr/lib/jvm/java-8-oracle/jre/lib/amd64/server/libjvm.so
7fe7262b4000-7fe7262f9000 rw-p 00000000 00:00 0 
7fe7262f9000-7fe7264b4000 r-xp 00000000 08:01 5771370                    /lib/x86_64-linux-gnu/libc-2.19.so
7fe7264b4000-7fe7266b3000 ---p 001bb000 08:01 5771370                    /lib/x86_64-linux-gnu/libc-2.19.so
7fe7266b3000-7fe7266b7000 r--p 001ba000 08:01 5771370                    /lib/x86_64-linux-gnu/libc-2.19.so
7fe7266b7000-7fe7266b9000 rw-p 001be000 08:01 5771370                    /lib/x86_64-linux-gnu/libc-2.19.so
7fe7266b9000-7fe7266be000 rw-p 00000000 00:00 0 
7fe7266be000-7fe7266c1000 r-xp 00000000 08:01 5771387                    /lib/x86_64-linux-gnu/libdl-2.19.so
7fe7266c1000-7fe7268c0000 ---p 00003000 08:01 5771387                    /lib/x86_64-linux-gnu/libdl-2.19.so
7fe7268c0000-7fe7268c1000 r--p 00002000 08:01 5771387                    /lib/x86_64-linux-gnu/libdl-2.19.so
7fe7268c1000-7fe7268c2000 rw-p 00003000 08:01 5771387                    /lib/x86_64-linux-gnu/libdl-2.19.so
7fe7268c2000-7fe7268d7000 r-xp 00000000 08:01 3039267                    /usr/lib/jvm/java-8-oracle/lib/amd64/jli/libjli.so
7fe7268d7000-7fe726ad7000 ---p 00015000 08:01 3039267                    /usr/lib/jvm/java-8-oracle/lib/amd64/jli/libjli.so
7fe726ad7000-7fe726ad8000 rw-p 00015000 08:01 3039267                    /usr/lib/jvm/java-8-oracle/lib/amd64/jli/libjli.so
7fe726ad8000-7fe726af1000 r-xp 00000000 08:01 5771490                    /lib/x86_64-linux-gnu/libpthread-2.19.so
7fe726af1000-7fe726cf0000 ---p 00019000 08:01 5771490                    /lib/x86_64-linux-gnu/libpthread-2.19.so
7fe726cf0000-7fe726cf1000 r--p 00018000 08:01 5771490                    /lib/x86_64-linux-gnu/libpthread-2.19.so
7fe726cf1000-7fe726cf2000 rw-p 00019000 08:01 5771490                    /lib/x86_64-linux-gnu/libpthread-2.19.so
7fe726cf2000-7fe726cf6000 rw-p 00000000 00:00 0 
7fe726cf6000-7fe726d19000 r-xp 00000000 08:01 5771346                    /lib/x86_64-linux-gnu/ld-2.19.so
7fe726d21000-7fe726dfa000 rw-p 00000000 00:00 0 
7fe726dfa000-7fe726dfd000 ---p 00000000 00:00 0 
7fe726dfd000-7fe726eff000 rw-p 00000000 00:00 0                          [stack:7065]
7fe726f04000-7fe726f05000 rw-p 00000000 00:00 0 
7fe726f05000-7fe726f0c000 r--s 00000000 08:01 1967077                    /usr/lib/x86_64-linux-gnu/gconv/gconv-modules.cache
7fe726f0c000-7fe726f14000 rw-s 00000000 08:01 6031473                    /tmp/hsperfdata_tomasz/7061
7fe726f14000-7fe726f15000 rw-p 00000000 00:00 0 
7fe726f15000-7fe726f16000 ---p 00000000 00:00 0 
7fe726f16000-7fe726f18000 rw-p 00000000 00:00 0 
7fe726f18000-7fe726f19000 r--p 00022000 08:01 5771346                    /lib/x86_64-linux-gnu/ld-2.19.so
7fe726f19000-7fe726f1a000 rw-p 00023000 08:01 5771346                    /lib/x86_64-linux-gnu/ld-2.19.so
7fe726f1a000-7fe726f1b000 rw-p 00000000 00:00 0 
7ffc6bf66000-7ffc6bf87000 rw-p 00000000 00:00 0                          [stack]
7ffc6bf88000-7ffc6bf8a000 r--p 00000000 00:00 0                          [vvar]
7ffc6bf8a000-7ffc6bf8c000 r-xp 00000000 00:00 0                          [vdso]
ffffffffff600000-ffffffffff601000 r-xp 00000000 00:00 0                  [vsyscall]

VM Arguments:
jvm_args: -Xmx1024M -Dfile.encoding=UTF-8 -Duser.country=PL -Duser.language=pl -Duser.variant 
java_command: com.android.dx.command.Main --dex --num-threads=4 --multi-dex --main-dex-list /home/tomasz/AndroidStudioProjects/ITAssistant/app/build/intermediates/multi-dex/debug/maindexlist.txt --output /home/tomasz/AndroidStudioProjects/ITAssistant/app/build/intermediates/transforms/DEX/FULL_PROJECT/dex/debug /home/tomasz/AndroidStudioProjects/ITAssistant/app/build/intermediates/transforms/CLASSES/FULL_PROJECT/jarMerging/debug/classes.jar
java_class_path (initial): /home/tomasz/Android/Sdk/build-tools/23.0.1/lib/dx.jar
Launcher Type: SUN_STANDARD

Environment Variables:
PATH=/usr/local/sbin:/usr/local/bin:/usr/sbin:/usr/bin:/sbin:/bin:/usr/games:/usr/local/games
LD_LIBRARY_PATH=/opt/android-studio/bin:
SHELL=/bin/bash
DISPLAY=:0

Signal Handlers:
SIGSEGV: [libjvm.so+0xaba070], sa_mask[0]=11111111011111111101111111111110, sa_flags=SA_RESTART|SA_SIGINFO
SIGBUS: [libjvm.so+0xaba070], sa_mask[0]=11111111011111111101111111111110, sa_flags=SA_RESTART|SA_SIGINFO
SIGFPE: [libjvm.so+0x917630], sa_mask[0]=11111111011111111101111111111110, sa_flags=SA_RESTART|SA_SIGINFO
SIGPIPE: [libjvm.so+0x917630], sa_mask[0]=11111111011111111101111111111110, sa_flags=SA_RESTART|SA_SIGINFO
SIGXFSZ: [libjvm.so+0x917630], sa_mask[0]=11111111011111111101111111111110, sa_flags=SA_RESTART|SA_SIGINFO
SIGILL: [libjvm.so+0x917630], sa_mask[0]=11111111011111111101111111111110, sa_flags=SA_RESTART|SA_SIGINFO
SIGUSR1: SIG_DFL, sa_mask[0]=00000000000000000000000000000000, sa_flags=none
SIGUSR2: [libjvm.so+0x918c60], sa_mask[0]=00100000000000000000000000000000, sa_flags=SA_RESTART|SA_SIGINFO
SIGHUP: [libjvm.so+0x91a060], sa_mask[0]=11111111011111111101111111111110, sa_flags=SA_RESTART|SA_SIGINFO
SIGINT: [libjvm.so+0x91a060], sa_mask[0]=11111111011111111101111111111110, sa_flags=SA_RESTART|SA_SIGINFO
SIGTERM: [libjvm.so+0x91a060], sa_mask[0]=11111111011111111101111111111110, sa_flags=SA_RESTART|SA_SIGINFO
SIGQUIT: [libjvm.so+0x91a060], sa_mask[0]=11111111011111111101111111111110, sa_flags=SA_RESTART|SA_SIGINFO


---------------  S Y S T E M  ---------------

OS:DISTRIB_ID=Ubuntu
DISTRIB_RELEASE=14.04
DISTRIB_CODENAME=trusty
DISTRIB_DESCRIPTION="Ubuntu 14.04.3 LTS"

uname:Linux 3.19.0-25-generic #26~14.04.1-Ubuntu SMP Fri Jul 24 21:16:20 UTC 2015 x86_64
libc:glibc 2.19 NPTL 2.19 
rlimit: STACK 8192k, CORE 0k, NPROC 23202, NOFILE 4096, AS infinity
load average:2,98 1,08 0,79

/proc/meminfo:
MemTotal:        5961340 kB
MemFree:          137444 kB
MemAvailable:     129012 kB
Buffers:            4092 kB
Cached:           623180 kB
SwapCached:            0 kB
Active:          5094132 kB
Inactive:         525312 kB
Active(anon):    5038096 kB
Inactive(anon):   473372 kB
Active(file):      56036 kB
Inactive(file):    51940 kB
Unevictable:         852 kB
Mlocked:             852 kB
SwapTotal:             0 kB
SwapFree:              0 kB
Dirty:               448 kB
Writeback:             0 kB
AnonPages:       4993128 kB
Mapped:           308408 kB
Shmem:            519372 kB
Slab:              82184 kB
SReclaimable:      44088 kB
SUnreclaim:        38096 kB
KernelStack:       12752 kB
PageTables:        58104 kB
NFS_Unstable:          0 kB
Bounce:                0 kB
WritebackTmp:          0 kB
CommitLimit:     2980668 kB
Committed_AS:   11176500 kB
VmallocTotal:   34359738367 kB
VmallocUsed:      552108 kB
VmallocChunk:   34359174652 kB
HardwareCorrupted:     0 kB
AnonHugePages:   2101248 kB
CmaTotal:              0 kB
CmaFree:               0 kB
HugePages_Total:       0
HugePages_Free:        0
HugePages_Rsvd:        0
HugePages_Surp:        0
Hugepagesize:       2048 kB
DirectMap4k:      160000 kB
DirectMap2M:     5980160 kB


CPU:total 4 (2 cores per cpu, 2 threads per core) family 6 model 42 stepping 7, cmov, cx8, fxsr, mmx, sse, sse2, sse3, ssse3, sse4.1, sse4.2, popcnt, avx, aes, clmul, ht, tsc, tscinvbit

/proc/cpuinfo:
processor	: 0
vendor_id	: GenuineIntel
cpu family	: 6
model		: 42
model name	: Intel(R) Core(TM) i5-2450M CPU @ 2.50GHz
stepping	: 7
microcode	: 0x25
cpu MHz		: 2645.117
cache size	: 3072 KB
physical id	: 0
siblings	: 4
core id		: 0
cpu cores	: 2
apicid		: 0
initial apicid	: 0
fpu		: yes
fpu_exception	: yes
cpuid level	: 13
wp		: yes
flags		: fpu vme de pse tsc msr pae mce cx8 apic sep mtrr pge mca cmov pat pse36 clflush dts acpi mmx fxsr sse sse2 ss ht tm pbe syscall nx rdtscp lm constant_tsc arch_perfmon pebs bts rep_good nopl xtopology nonstop_tsc aperfmperf eagerfpu pni pclmulqdq dtes64 monitor ds_cpl vmx est tm2 ssse3 cx16 xtpr pdcm pcid sse4_1 sse4_2 x2apic popcnt tsc_deadline_timer aes xsave avx lahf_lm ida arat epb pln pts dtherm tpr_shadow vnmi flexpriority ept vpid xsaveopt
bugs		:
bogomips	: 4988.71
clflush size	: 64
cache_alignment	: 64
address sizes	: 36 bits physical, 48 bits virtual
power management:

processor	: 1
vendor_id	: GenuineIntel
cpu family	: 6
model		: 42
model name	: Intel(R) Core(TM) i5-2450M CPU @ 2.50GHz
stepping	: 7
microcode	: 0x25
cpu MHz		: 2333.398
cache size	: 3072 KB
physical id	: 0
siblings	: 4
core id		: 0
cpu cores	: 2
apicid		: 1
initial apicid	: 1
fpu		: yes
fpu_exception	: yes
cpuid level	: 13
wp		: yes
flags		: fpu vme de pse tsc msr pae mce cx8 apic sep mtrr pge mca cmov pat pse36 clflush dts acpi mmx fxsr sse sse2 ss ht tm pbe syscall nx rdtscp lm constant_tsc arch_perfmon pebs bts rep_good nopl xtopology nonstop_tsc aperfmperf eagerfpu pni pclmulqdq dtes64 monitor ds_cpl vmx est tm2 ssse3 cx16 xtpr pdcm pcid sse4_1 sse4_2 x2apic popcnt tsc_deadline_timer aes xsave avx lahf_lm ida arat epb pln pts dtherm tpr_shadow vnmi flexpriority ept vpid xsaveopt
bugs		:
bogomips	: 4988.71
clflush size	: 64
cache_alignment	: 64
address sizes	: 36 bits physical, 48 bits virtual
power management:

processor	: 2
vendor_id	: GenuineIntel
cpu family	: 6
model		: 42
model name	: Intel(R) Core(TM) i5-2450M CPU @ 2.50GHz
stepping	: 7
microcode	: 0x25
cpu MHz		: 2897.656
cache size	: 3072 KB
physical id	: 0
siblings	: 4
core id		: 1
cpu cores	: 2
apicid		: 2
initial apicid	: 2
fpu		: yes
fpu_exception	: yes
cpuid level	: 13
wp		: yes
flags		: fpu vme de pse tsc msr pae mce cx8 apic sep mtrr pge mca cmov pat pse36 clflush dts acpi mmx fxsr sse sse2 ss ht tm pbe syscall nx rdtscp lm constant_tsc arch_perfmon pebs bts rep_good nopl xtopology nonstop_tsc aperfmperf eagerfpu pni pclmulqdq dtes64 monitor ds_cpl vmx est tm2 ssse3 cx16 xtpr pdcm pcid sse4_1 sse4_2 x2apic popcnt tsc_deadline_timer aes xsave avx lahf_lm ida arat epb pln pts dtherm tpr_shadow vnmi flexpriority ept vpid xsaveopt
bugs		:
bogomips	: 4988.71
clflush size	: 64
cache_alignment	: 64
address sizes	: 36 bits physical, 48 bits virtual
power management:

processor	: 3
vendor_id	: GenuineIntel
cpu family	: 6
model		: 42
model name	: Intel(R) Core(TM) i5-2450M CPU @ 2.50GHz
stepping	: 7
microcode	: 0x25
cpu MHz		: 2998.828
cache size	: 3072 KB
physical id	: 0
siblings	: 4
core id		: 1
cpu cores	: 2
apicid		: 3
initial apicid	: 3
fpu		: yes
fpu_exception	: yes
cpuid level	: 13
wp		: yes
flags		: fpu vme de pse tsc msr pae mce cx8 apic sep mtrr pge mca cmov pat pse36 clflush dts acpi mmx fxsr sse sse2 ss ht tm pbe syscall nx rdtscp lm constant_tsc arch_perfmon pebs bts rep_good nopl xtopology nonstop_tsc aperfmperf eagerfpu pni pclmulqdq dtes64 monitor ds_cpl vmx est tm2 ssse3 cx16 xtpr pdcm pcid sse4_1 sse4_2 x2apic popcnt tsc_deadline_timer aes xsave avx lahf_lm ida arat epb pln pts dtherm tpr_shadow vnmi flexpriority ept vpid xsaveopt
bugs		:
bogomips	: 4988.71
clflush size	: 64
cache_alignment	: 64
address sizes	: 36 bits physical, 48 bits virtual
power management:



Memory: 4k page, physical 5961340k(137444k free), swap 0k(0k free)

vm_info: Java HotSpot(TM) 64-Bit Server VM (25.60-b23) for linux-amd64 JRE (1.8.0_60-b27), built on Aug  4 2015 12:19:40 by "java_re" with gcc 4.3.0 20080428 (Red Hat 4.3.0-8)

time: Thu Oct  8 20:53:12 2015
elapsed time: 26 seconds (0d 0h 0m 26s)

