#
# There is insufficient memory for the Java Runtime Environment to continue.
# Native memory allocation (mmap) failed to map 343408640 bytes for committing reserved memory.
# Possible reasons:
#   The system is out of physical RAM or swap space
#   In 32 bit mode, the process size limit was hit
# Possible solutions:
#   Reduce memory load on the system
#   Increase physical memory or swap space
#   Check if swap backing store is full
#   Use 64 bit Java on a 64 bit OS
#   Decrease Java heap size (-Xmx/-Xms)
#   Decrease number of Java threads
#   Decrease Java thread stack sizes (-Xss)
#   Set larger code cache with -XX:ReservedCodeCacheSize=
# This output file may be truncated or incomplete.
#
#  Out of Memory Error (os_linux.cpp:2627), pid=12522, tid=139697563080448
#
# JRE version: Java(TM) SE Runtime Environment (8.0_66-b17) (build 1.8.0_66-b17)
# Java VM: Java HotSpot(TM) 64-Bit Server VM (25.66-b17 mixed mode linux-amd64 compressed oops)
# Failed to write core dump. Core dumps have been disabled. To enable core dumping, try "ulimit -c unlimited" before starting Java again
#

---------------  T H R E A D  ---------------

Current thread (0x00007f0dfc078000):  VMThread [stack: 0x00007f0ddf8f9000,0x00007f0ddf9fa000] [id=12532]

Stack: [0x00007f0ddf8f9000,0x00007f0ddf9fa000],  sp=0x00007f0ddf9f8060,  free space=1020k
Native frames: (J=compiled Java code, j=interpreted, Vv=VM code, C=native code)
V  [libjvm.so+0xab9a1a]  VMError::report_and_die()+0x2ba
V  [libjvm.so+0x4f9e0b]  report_vm_out_of_memory(char const*, int, unsigned long, VMErrorType, char const*)+0x8b
V  [libjvm.so+0x91a8a3]  os::Linux::commit_memory_impl(char*, unsigned long, bool)+0x103
V  [libjvm.so+0x91adf9]  os::pd_commit_memory(char*, unsigned long, unsigned long, bool)+0x29
V  [libjvm.so+0x91510a]  os::commit_memory(char*, unsigned long, unsigned long, bool)+0x2a
V  [libjvm.so+0x9887a3]  PSVirtualSpace::expand_by(unsigned long)+0x53
V  [libjvm.so+0x979090]  PSOldGen::expand(unsigned long)+0x170
V  [libjvm.so+0x97929b]  PSOldGen::resize(unsigned long)+0x1cb
V  [libjvm.so+0x980f71]  PSParallelCompact::invoke_no_policy(bool)+0x991
V  [libjvm.so+0x9868cd]  PSScavenge::invoke()+0x1ad
V  [libjvm.so+0x93e500]  ParallelScavengeHeap::failed_mem_allocate(unsigned long)+0x70
V  [libjvm.so+0xabb437]  VM_ParallelGCFailedAllocation::doit()+0x97
V  [libjvm.so+0xac2e65]  VM_Operation::evaluate()+0x55
V  [libjvm.so+0xac123a]  VMThread::evaluate_operation(VM_Operation*)+0xba
V  [libjvm.so+0xac15be]  VMThread::loop()+0x1ce
V  [libjvm.so+0xac1a30]  VMThread::run()+0x70
V  [libjvm.so+0x91cc68]  java_start(Thread*)+0x108

VM_Operation (0x00007f0e046ee6a0): ParallelGCFailedAllocation, mode: safepoint, requested by thread 0x00007f0dfc00a000


---------------  P R O C E S S  ---------------

Java Threads: ( => current thread )
  0x00007f0dfc24d000 JavaThread "pool-1-thread-1" [_thread_blocked, id=12791, stack(0x00007f0dde1f9000,0x00007f0dde2fa000)]
  0x00007f0dfc1cc000 JavaThread "pool-2-thread-4" [_thread_blocked, id=12545, stack(0x00007f0dde2fa000,0x00007f0dde3fb000)]
  0x00007f0dfc1ca800 JavaThread "pool-2-thread-3" [_thread_blocked, id=12544, stack(0x00007f0dde3fb000,0x00007f0dde4fc000)]
  0x00007f0dfc1c7800 JavaThread "pool-2-thread-2" [_thread_blocked, id=12543, stack(0x00007f0dde4fc000,0x00007f0dde5fd000)]
  0x00007f0dfc1b8800 JavaThread "pool-3-thread-1" [_thread_blocked, id=12542, stack(0x00007f0dde5fd000,0x00007f0dde6fe000)]
  0x00007f0dfc1b8000 JavaThread "pool-2-thread-1" [_thread_blocked, id=12541, stack(0x00007f0dde6fe000,0x00007f0dde7ff000)]
  0x00007f0dfc0ca800 JavaThread "Service Thread" daemon [_thread_blocked, id=12539, stack(0x00007f0dde9df000,0x00007f0ddeae0000)]
  0x00007f0dfc0bd800 JavaThread "C1 CompilerThread2" daemon [_thread_blocked, id=12538, stack(0x00007f0ddeae0000,0x00007f0ddebe1000)]
  0x00007f0dfc0bb800 JavaThread "C2 CompilerThread1" daemon [_thread_blocked, id=12537, stack(0x00007f0ddebe1000,0x00007f0ddece2000)]
  0x00007f0dfc0b8800 JavaThread "C2 CompilerThread0" daemon [_thread_blocked, id=12536, stack(0x00007f0ddece2000,0x00007f0ddede3000)]
  0x00007f0dfc0b7000 JavaThread "Signal Dispatcher" daemon [_thread_blocked, id=12535, stack(0x00007f0ddede3000,0x00007f0ddeee4000)]
  0x00007f0dfc07f000 JavaThread "Finalizer" daemon [_thread_blocked, id=12534, stack(0x00007f0ddf6f7000,0x00007f0ddf7f8000)]
  0x00007f0dfc07d000 JavaThread "Reference Handler" daemon [_thread_blocked, id=12533, stack(0x00007f0ddf7f8000,0x00007f0ddf8f9000)]
  0x00007f0dfc00a000 JavaThread "main" [_thread_blocked, id=12527, stack(0x00007f0e045f0000,0x00007f0e046f1000)]

Other Threads:
=>0x00007f0dfc078000 VMThread [stack: 0x00007f0ddf8f9000,0x00007f0ddf9fa000] [id=12532]
  0x00007f0dfc0cd800 WatcherThread [stack: 0x00007f0dde8de000,0x00007f0dde9df000] [id=12540]

VM state:at safepoint (normal execution)

VM Mutex/Monitor currently owned by a thread:  ([mutex/lock_event])
[0x00007f0dfc005e10] ExpandHeap_lock - owner thread: 0x00007f0dfc078000
[0x00007f0dfc006490] Threads_lock - owner thread: 0x00007f0dfc078000
[0x00007f0dfc006990] Heap_lock - owner thread: 0x00007f0dfc00a000

Heap:
 PSYoungGen      total 465920K, used 24351K [0x00000000d5580000, 0x0000000100000000, 0x0000000100000000)
  eden space 232960K, 0% used [0x00000000d5580000,0x00000000d5580000,0x00000000e3900000)
  from space 232960K, 10% used [0x00000000e3900000,0x00000000e50c7d40,0x00000000f1c80000)
  to   space 232960K, 0% used [0x00000000f1c80000,0x00000000f1c80000,0x0000000100000000)
 ParOldGen       total 840192K, used 839705K [0x0000000080000000, 0x00000000b3480000, 0x00000000d5580000)
  object space 840192K, 99% used [0x0000000080000000,0x00000000b3406638,0x00000000b3480000)
 Metaspace       used 6633K, capacity 7384K, committed 7680K, reserved 1056768K
  class space    used 618K, capacity 656K, committed 768K, reserved 1048576K

Card table byte_map: [0x00007f0e00fb7000,0x00007f0e013b8000] byte_map_base: 0x00007f0e00bb7000

Marking Bits: (ParMarkBitMap*) 0x00007f0e03ac7020
 Begin Bits: [0x00007f0de4000000, 0x00007f0de6000000)
 End Bits:   [0x00007f0de6000000, 0x00007f0de8000000)

Polling page: 0x00007f0e0470e000

CodeCache: size=245760Kb used=12529Kb max_used=12539Kb free=233230Kb
 bounds [0x00007f0ded000000, 0x00007f0dedc80000, 0x00007f0dfc000000]
 total_blobs=2825 nmethods=2553 adapters=185
 compilation: enabled

Compilation events (10 events):
Event: 38,658 Thread 0x00007f0dfc0bd800 3260       2       com.android.dx.dex.file.CatchStructs::<init> (30 bytes)
Event: 38,658 Thread 0x00007f0dfc0bd800 nmethod 3260 0x00007f0ded1c5450 code [0x00007f0ded1c55a0, 0x00007f0ded1c5750]
Event: 38,682 Thread 0x00007f0dfc0bd800 3261       1       com.android.dx.rop.code.SwitchInsn::getCatches (4 bytes)
Event: 38,682 Thread 0x00007f0dfc0bd800 nmethod 3261 0x00007f0ded4a7ad0 code [0x00007f0ded4a7c20, 0x00007f0ded4a7d30]
Event: 38,685 Thread 0x00007f0dfc0b8800 nmethod 3204 0x00007f0ded54db90 code [0x00007f0ded54de80, 0x00007f0ded54f7a0]
Event: 38,685 Thread 0x00007f0dfc0b8800 3254       4       com.android.dx.dex.file.CodeItem::addContents (174 bytes)
Event: 38,686 Thread 0x00007f0dfc0bd800 3262       3       com.android.dx.dex.code.OutputFinisher::addConstants (93 bytes)
Event: 38,687 Thread 0x00007f0dfc0bd800 nmethod 3262 0x00007f0ded7a7e50 code [0x00007f0ded7a80a0, 0x00007f0ded7a9238]
Event: 38,689 Thread 0x00007f0dfc0bd800 3263       2       com.android.dx.dex.code.DalvCode::getCatchTypes (10 bytes)
Event: 38,689 Thread 0x00007f0dfc0bd800 nmethod 3263 0x00007f0ded47cfd0 code [0x00007f0ded47d140, 0x00007f0ded47d2e8]

GC Heap History (10 events):
Event: 33,840 GC heap after
Heap after GC invocations=31 (full 6):
 PSYoungGen      total 460800K, used 113419K [0x00000000d5580000, 0x00000000ff100000, 0x0000000100000000)
  eden space 246272K, 0% used [0x00000000d5580000,0x00000000d5580000,0x00000000e4600000)
  from space 214528K, 52% used [0x00000000e4600000,0x00000000eb4c2f10,0x00000000f1780000)
  to   space 213504K, 0% used [0x00000000f2080000,0x00000000f2080000,0x00000000ff100000)
 ParOldGen       total 840192K, used 623088K [0x0000000080000000, 0x00000000b3480000, 0x00000000d5580000)
  object space 840192K, 74% used [0x0000000080000000,0x00000000a607c3a0,0x00000000b3480000)
 Metaspace       used 6512K, capacity 7284K, committed 7552K, reserved 1056768K
  class space    used 611K, capacity 620K, committed 640K, reserved 1048576K
}
Event: 35,313 GC heap before
{Heap before GC invocations=32 (full 6):
 PSYoungGen      total 460800K, used 359691K [0x00000000d5580000, 0x00000000ff100000, 0x0000000100000000)
  eden space 246272K, 100% used [0x00000000d5580000,0x00000000e4600000,0x00000000e4600000)
  from space 214528K, 52% used [0x00000000e4600000,0x00000000eb4c2f10,0x00000000f1780000)
  to   space 213504K, 0% used [0x00000000f2080000,0x00000000f2080000,0x00000000ff100000)
 ParOldGen       total 840192K, used 623088K [0x0000000080000000, 0x00000000b3480000, 0x00000000d5580000)
  object space 840192K, 74% used [0x0000000080000000,0x00000000a607c3a0,0x00000000b3480000)
 Metaspace       used 6602K, capacity 7384K, committed 7680K, reserved 1056768K
  class space    used 616K, capacity 656K, committed 768K, reserved 1048576K
Event: 35,613 GC heap after
Heap after GC invocations=32 (full 6):
 PSYoungGen      total 456192K, used 154017K [0x00000000d5580000, 0x0000000100000000, 0x0000000100000000)
  eden space 242688K, 0% used [0x00000000d5580000,0x00000000d5580000,0x00000000e4280000)
  from space 213504K, 72% used [0x00000000f2080000,0x00000000fb6e87f8,0x00000000ff100000)
  to   space 227328K, 0% used [0x00000000e4280000,0x00000000e4280000,0x00000000f2080000)
 ParOldGen       total 840192K, used 623088K [0x0000000080000000, 0x00000000b3480000, 0x00000000d5580000)
  object space 840192K, 74% used [0x0000000080000000,0x00000000a607c3a0,0x00000000b3480000)
 Metaspace       used 6602K, capacity 7384K, committed 7680K, reserved 1056768K
  class space    used 616K, capacity 656K, committed 768K, reserved 1048576K
}
Event: 36,661 GC heap before
{Heap before GC invocations=33 (full 6):
 PSYoungGen      total 456192K, used 396705K [0x00000000d5580000, 0x0000000100000000, 0x0000000100000000)
  eden space 242688K, 100% used [0x00000000d5580000,0x00000000e4280000,0x00000000e4280000)
  from space 213504K, 72% used [0x00000000f2080000,0x00000000fb6e87f8,0x00000000ff100000)
  to   space 227328K, 0% used [0x00000000e4280000,0x00000000e4280000,0x00000000f2080000)
 ParOldGen       total 840192K, used 623088K [0x0000000080000000, 0x00000000b3480000, 0x00000000d5580000)
  object space 840192K, 74% used [0x0000000080000000,0x00000000a607c3a0,0x00000000b3480000)
 Metaspace       used 6632K, capacity 7384K, committed 7680K, reserved 1056768K
  class space    used 618K, capacity 656K, committed 768K, reserved 1048576K
Event: 36,975 GC heap after
Heap after GC invocations=33 (full 6):
 PSYoungGen      total 434688K, used 191580K [0x00000000d5580000, 0x0000000100000000, 0x0000000100000000)
  eden space 242688K, 0% used [0x00000000d5580000,0x00000000d5580000,0x00000000e4280000)
  from space 192000K, 99% used [0x00000000e4280000,0x00000000efd972b8,0x00000000efe00000)
  to   space 232960K, 0% used [0x00000000f1c80000,0x00000000f1c80000,0x0000000100000000)
 ParOldGen       total 840192K, used 623096K [0x0000000080000000, 0x00000000b3480000, 0x00000000d5580000)
  object space 840192K, 74% used [0x0000000080000000,0x00000000a607e3a0,0x00000000b3480000)
 Metaspace       used 6632K, capacity 7384K, committed 7680K, reserved 1056768K
  class space    used 618K, capacity 656K, committed 768K, reserved 1048576K
}
Event: 37,703 GC heap before
{Heap before GC invocations=34 (full 6):
 PSYoungGen      total 434688K, used 434268K [0x00000000d5580000, 0x0000000100000000, 0x0000000100000000)
  eden space 242688K, 100% used [0x00000000d5580000,0x00000000e4280000,0x00000000e4280000)
  from space 192000K, 99% used [0x00000000e4280000,0x00000000efd972b8,0x00000000efe00000)
  to   space 232960K, 0% used [0x00000000f1c80000,0x00000000f1c80000,0x0000000100000000)
 ParOldGen       total 840192K, used 623096K [0x0000000080000000, 0x00000000b3480000, 0x00000000d5580000)
  object space 840192K, 74% used [0x0000000080000000,0x00000000a607e3a0,0x00000000b3480000)
 Metaspace       used 6633K, capacity 7384K, committed 7680K, reserved 1056768K
  class space    used 618K, capacity 656K, committed 768K, reserved 1048576K
Event: 38,005 GC heap after
Heap after GC invocations=34 (full 6):
 PSYoungGen      total 465920K, used 154773K [0x00000000d5580000, 0x0000000100000000, 0x0000000100000000)
  eden space 232960K, 0% used [0x00000000d5580000,0x00000000d5580000,0x00000000e3900000)
  from space 232960K, 66% used [0x00000000f1c80000,0x00000000fb3a5600,0x0000000100000000)
  to   space 232960K, 0% used [0x00000000e3900000,0x00000000e3900000,0x00000000f1c80000)
 ParOldGen       total 840192K, used 692577K [0x0000000080000000, 0x00000000b3480000, 0x00000000d5580000)
  object space 840192K, 82% used [0x0000000080000000,0x00000000aa4584e0,0x00000000b3480000)
 Metaspace       used 6633K, capacity 7384K, committed 7680K, reserved 1056768K
  class space    used 618K, capacity 656K, committed 768K, reserved 1048576K
}
Event: 38,745 GC heap before
{Heap before GC invocations=35 (full 6):
 PSYoungGen      total 465920K, used 387733K [0x00000000d5580000, 0x0000000100000000, 0x0000000100000000)
  eden space 232960K, 100% used [0x00000000d5580000,0x00000000e3900000,0x00000000e3900000)
  from space 232960K, 66% used [0x00000000f1c80000,0x00000000fb3a5600,0x0000000100000000)
  to   space 232960K, 0% used [0x00000000e3900000,0x00000000e3900000,0x00000000f1c80000)
 ParOldGen       total 840192K, used 692577K [0x0000000080000000, 0x00000000b3480000, 0x00000000d5580000)
  object space 840192K, 82% used [0x0000000080000000,0x00000000aa4584e0,0x00000000b3480000)
 Metaspace       used 6633K, capacity 7384K, committed 7680K, reserved 1056768K
  class space    used 618K, capacity 656K, committed 768K, reserved 1048576K
Event: 40,309 GC heap after
Heap after GC invocations=35 (full 6):
 PSYoungGen      total 465920K, used 107005K [0x00000000d5580000, 0x0000000100000000, 0x0000000100000000)
  eden space 232960K, 0% used [0x00000000d5580000,0x00000000d5580000,0x00000000e3900000)
  from space 232960K, 45% used [0x00000000e3900000,0x00000000ea17f520,0x00000000f1c80000)
  to   space 232960K, 0% used [0x00000000f1c80000,0x00000000f1c80000,0x0000000100000000)
 ParOldGen       total 840192K, used 774138K [0x0000000080000000, 0x00000000b3480000, 0x00000000d5580000)
  object space 840192K, 92% used [0x0000000080000000,0x00000000af3feb60,0x00000000b3480000)
 Metaspace       used 6633K, capacity 7384K, committed 7680K, reserved 1056768K
  class space    used 618K, capacity 656K, committed 768K, reserved 1048576K
}
Event: 42,158 GC heap before
{Heap before GC invocations=36 (full 7):
 PSYoungGen      total 465920K, used 107005K [0x00000000d5580000, 0x0000000100000000, 0x0000000100000000)
  eden space 232960K, 0% used [0x00000000d5580000,0x00000000d5580000,0x00000000e3900000)
  from space 232960K, 45% used [0x00000000e3900000,0x00000000ea17f520,0x00000000f1c80000)
  to   space 232960K, 0% used [0x00000000f1c80000,0x00000000f1c80000,0x0000000100000000)
 ParOldGen       total 840192K, used 774138K [0x0000000080000000, 0x00000000b3480000, 0x00000000d5580000)
  object space 840192K, 92% used [0x0000000080000000,0x00000000af3feb60,0x00000000b3480000)
 Metaspace       used 6633K, capacity 7384K, committed 7680K, reserved 1056768K
  class space    used 618K, capacity 656K, committed 768K, reserved 1048576K

Deoptimization events (10 events):
Event: 37,490 Thread 0x00007f0dfc1b8000 Uncommon trap: reason=unstable_if action=reinterpret pc=0x00007f0deda0be00 method=com.android.dx.ssa.SsaMethod.updateOneDefinition(Lcom/android/dx/ssa/SsaInsn;Lcom/android/dx/rop/code/RegisterSpec;)V @ 30
Event: 37,624 Thread 0x00007f0dfc1b8000 Uncommon trap: reason=class_check action=maybe_recompile pc=0x00007f0dedadfba0 method=com.android.dx.ssa.SCCP.replaceConstants()V @ 182
Event: 37,629 Thread 0x00007f0dfc1b8000 Uncommon trap: reason=class_check action=maybe_recompile pc=0x00007f0dedadfba0 method=com.android.dx.ssa.SCCP.replaceConstants()V @ 182
Event: 37,632 Thread 0x00007f0dfc1cc000 Uncommon trap: reason=bimorphic action=maybe_recompile pc=0x00007f0ded3b412c method=com.android.dx.ssa.LiteralOpUpgrader.tryReplacingWithConstant(Lcom/android/dx/ssa/NormalSsaInsn;)Z @ 62
Event: 38,580 Thread 0x00007f0dfc24d000 Uncommon trap: reason=null_check action=make_not_entrant pc=0x00007f0ded7ac200 method=com.android.dx.dex.file.StringIdsSection.intern(Lcom/android/dx/dex/file/StringIdItem;)Lcom/android/dx/dex/file/StringIdItem; @ 31
Event: 38,615 Thread 0x00007f0dfc00a000 Uncommon trap: reason=bimorphic action=maybe_recompile pc=0x00007f0dedc6e500 method=com.android.dx.cf.code.BytecodeArray.parseInstruction(ILcom/android/dx/cf/code/BytecodeArray$Visitor;)I @ 1525
Event: 38,616 Thread 0x00007f0dfc00a000 Uncommon trap: reason=bimorphic action=maybe_recompile pc=0x00007f0dedc6e500 method=com.android.dx.cf.code.BytecodeArray.parseInstruction(ILcom/android/dx/cf/code/BytecodeArray$Visitor;)I @ 1525
Event: 38,641 Thread 0x00007f0dfc1cc000 Uncommon trap: reason=bimorphic action=maybe_recompile pc=0x00007f0ded3b412c method=com.android.dx.ssa.LiteralOpUpgrader.tryReplacingWithConstant(Lcom/android/dx/ssa/NormalSsaInsn;)Z @ 62
Event: 38,664 Thread 0x00007f0dfc1ca800 Uncommon trap: reason=class_check action=maybe_recompile pc=0x00007f0ded827e2c method=com.android.dx.ssa.SCCP.simulateBranch(Lcom/android/dx/ssa/SsaInsn;)V @ 339
Event: 38,685 Thread 0x00007f0dfc24d000 Uncommon trap: reason=unstable_if action=reinterpret pc=0x00007f0ded54e7b8 method=com.android.dx.dex.code.OutputFinisher.addConstants(Ljava/util/HashSet;Lcom/android/dx/rop/code/RegisterSpec;)V @ 57

Internal exceptions (10 events):
Event: 0,722 Thread 0x00007f0dfc1cc000 Implicit null exception at 0x00007f0ded2ba1a2 to 0x00007f0ded2ba293
Event: 0,840 Thread 0x00007f0dfc1b8000 Implicit null exception at 0x00007f0ded2c749b to 0x00007f0ded2c9b09
Event: 1,004 Thread 0x00007f0dfc1ca800 Exception <a 'java/lang/ArrayIndexOutOfBoundsException': 18> (0x00000000d6ca1f18) thrown at [/HUDSON/workspace/8-2-build-linux-amd64/jdk8u66/4988/hotspot/src/share/vm/interpreter/interpreterRuntime.cpp, line 366]
Event: 1,005 Thread 0x00007f0dfc1ca800 Exception <a 'java/lang/ArrayIndexOutOfBoundsException': 145> (0x00000000d6ca3a98) thrown at [/HUDSON/workspace/8-2-build-linux-amd64/jdk8u66/4988/hotspot/src/share/vm/interpreter/interpreterRuntime.cpp, line 366]
Event: 1,006 Thread 0x00007f0dfc1ca800 Exception <a 'java/lang/ArrayIndexOutOfBoundsException': 40> (0x00000000d6ca4d80) thrown at [/HUDSON/workspace/8-2-build-linux-amd64/jdk8u66/4988/hotspot/src/share/vm/interpreter/interpreterRuntime.cpp, line 366]
Event: 10,479 Thread 0x00007f0dfc1ca800 Implicit null exception at 0x00007f0ded3e4f70 to 0x00007f0ded3e54fd
Event: 10,479 Thread 0x00007f0dfc1ca800 Implicit null exception at 0x00007f0ded32482a to 0x00007f0ded324c05
Event: 14,978 Thread 0x00007f0dfc1cc000 Implicit null exception at 0x00007f0dedb86303 to 0x00007f0dedb88312
Event: 31,246 Thread 0x00007f0dfc00a000 Implicit null exception at 0x00007f0ded407c0c to 0x00007f0ded4094a5
Event: 36,142 Thread 0x00007f0dfc1b8000 Implicit null exception at 0x00007f0ded4d49a2 to 0x00007f0ded4d4b77

Events (10 events):
Event: 38,702 Thread 0x00007f0dfc24d000 DEOPT UNPACKING pc=0x00007f0ded047633 sp=0x00007f0dde2f8110 mode 0
Event: 38,722 Thread 0x00007f0dfc24d000 DEOPT PACKING pc=0x00007f0ded8033a9 sp=0x00007f0dde2f8360
Event: 38,722 Thread 0x00007f0dfc24d000 DEOPT UNPACKING pc=0x00007f0ded047633 sp=0x00007f0dde2f8110 mode 0
Event: 38,731 Thread 0x00007f0dfc24d000 DEOPT PACKING pc=0x00007f0ded8033a9 sp=0x00007f0dde2f8360
Event: 38,731 Thread 0x00007f0dfc24d000 DEOPT UNPACKING pc=0x00007f0ded047633 sp=0x00007f0dde2f8110 mode 0
Event: 38,738 Thread 0x00007f0dfc24d000 DEOPT PACKING pc=0x00007f0ded8033a9 sp=0x00007f0dde2f8360
Event: 38,738 Thread 0x00007f0dfc24d000 DEOPT UNPACKING pc=0x00007f0ded047633 sp=0x00007f0dde2f8110 mode 0
Event: 38,743 Thread 0x00007f0dfc24d000 DEOPT PACKING pc=0x00007f0ded8033a9 sp=0x00007f0dde2f8360
Event: 38,743 Thread 0x00007f0dfc24d000 DEOPT UNPACKING pc=0x00007f0ded047633 sp=0x00007f0dde2f8110 mode 0
Event: 38,745 Executing VM operation: ParallelGCFailedAllocation


Dynamic libraries:
00400000-00401000 r-xp 00000000 08:01 4591374                            /usr/lib/jvm/java-8-oracle/bin/java
00600000-00601000 rw-p 00000000 08:01 4591374                            /usr/lib/jvm/java-8-oracle/bin/java
0116b000-0118c000 rw-p 00000000 00:00 0                                  [heap]
80000000-b3480000 rw-p 00000000 00:00 0 
c7c00000-d5580000 ---p 00000000 00:00 0 
d5580000-100000000 rw-p 00000000 00:00 0 
100000000-1000c0000 rw-p 00000000 00:00 0 
1000c0000-140000000 ---p 00000000 00:00 0 
7f0d98000000-7f0d9803a000 rw-p 00000000 00:00 0 
7f0d9803a000-7f0d9c000000 ---p 00000000 00:00 0 
7f0d9c000000-7f0d9c021000 rw-p 00000000 00:00 0 
7f0d9c021000-7f0da0000000 ---p 00000000 00:00 0 
7f0da0000000-7f0da002d000 rw-p 00000000 00:00 0 
7f0da002d000-7f0da4000000 ---p 00000000 00:00 0 
7f0da4000000-7f0da4049000 rw-p 00000000 00:00 0 
7f0da4049000-7f0da8000000 ---p 00000000 00:00 0 
7f0da8000000-7f0da8063000 rw-p 00000000 00:00 0 
7f0da8063000-7f0dac000000 ---p 00000000 00:00 0 
7f0dac000000-7f0dac021000 rw-p 00000000 00:00 0 
7f0dac021000-7f0db0000000 ---p 00000000 00:00 0 
7f0db0000000-7f0db0021000 rw-p 00000000 00:00 0 
7f0db0021000-7f0db4000000 ---p 00000000 00:00 0 
7f0db4000000-7f0db4021000 rw-p 00000000 00:00 0 
7f0db4021000-7f0db8000000 ---p 00000000 00:00 0 
7f0db8000000-7f0db946c000 rw-p 00000000 00:00 0 
7f0db946c000-7f0dbc000000 ---p 00000000 00:00 0 
7f0dbc000000-7f0dbc927000 rw-p 00000000 00:00 0 
7f0dbc927000-7f0dc0000000 ---p 00000000 00:00 0 
7f0dc0000000-7f0dc0021000 rw-p 00000000 00:00 0 
7f0dc0021000-7f0dc4000000 ---p 00000000 00:00 0 
7f0dc4000000-7f0dc5d01000 rw-p 00000000 00:00 0 
7f0dc5d01000-7f0dc8000000 ---p 00000000 00:00 0 
7f0dc8000000-7f0dc8021000 rw-p 00000000 00:00 0 
7f0dc8021000-7f0dcc000000 ---p 00000000 00:00 0 
7f0dcc000000-7f0dcc021000 rw-p 00000000 00:00 0 
7f0dcc021000-7f0dd0000000 ---p 00000000 00:00 0 
7f0dd0000000-7f0dd0021000 rw-p 00000000 00:00 0 
7f0dd0021000-7f0dd4000000 ---p 00000000 00:00 0 
7f0dd4000000-7f0dd42b8000 rw-p 00000000 00:00 0 
7f0dd42b8000-7f0dd8000000 ---p 00000000 00:00 0 
7f0dd8000000-7f0dd8021000 rw-p 00000000 00:00 0 
7f0dd8021000-7f0ddc000000 ---p 00000000 00:00 0 
7f0dde1f9000-7f0dde1fc000 ---p 00000000 00:00 0 
7f0dde1fc000-7f0dde2fa000 rw-p 00000000 00:00 0                          [stack:12791]
7f0dde2fa000-7f0dde2fd000 ---p 00000000 00:00 0 
7f0dde2fd000-7f0dde3fb000 rw-p 00000000 00:00 0                          [stack:12545]
7f0dde3fb000-7f0dde3fe000 ---p 00000000 00:00 0 
7f0dde3fe000-7f0dde4fc000 rw-p 00000000 00:00 0                          [stack:12544]
7f0dde4fc000-7f0dde4ff000 ---p 00000000 00:00 0 
7f0dde4ff000-7f0dde5fd000 rw-p 00000000 00:00 0                          [stack:12543]
7f0dde5fd000-7f0dde600000 ---p 00000000 00:00 0 
7f0dde600000-7f0dde6fe000 rw-p 00000000 00:00 0                          [stack:12542]
7f0dde6fe000-7f0dde701000 ---p 00000000 00:00 0 
7f0dde701000-7f0dde7ff000 rw-p 00000000 00:00 0                          [stack:12541]
7f0dde7ff000-7f0dde8de000 r--s 00ab6000 08:01 1835236                    /home/tomasz/AndroidStudioProjects/ITAssistant/app/build/intermediates/transforms/CLASSES/FULL_PROJECT/jarMerging/debug/classes.jar
7f0dde8de000-7f0dde8df000 ---p 00000000 00:00 0 
7f0dde8df000-7f0dde9df000 rw-p 00000000 00:00 0                          [stack:12540]
7f0dde9df000-7f0dde9e2000 ---p 00000000 00:00 0 
7f0dde9e2000-7f0ddeae0000 rw-p 00000000 00:00 0                          [stack:12539]
7f0ddeae0000-7f0ddeae3000 ---p 00000000 00:00 0 
7f0ddeae3000-7f0ddebe1000 rw-p 00000000 00:00 0                          [stack:12538]
7f0ddebe1000-7f0ddebe4000 ---p 00000000 00:00 0 
7f0ddebe4000-7f0ddece2000 rw-p 00000000 00:00 0                          [stack:12537]
7f0ddece2000-7f0ddece5000 ---p 00000000 00:00 0 
7f0ddece5000-7f0ddede3000 rw-p 00000000 00:00 0                          [stack:12536]
7f0ddede3000-7f0ddede6000 ---p 00000000 00:00 0 
7f0ddede6000-7f0ddeee4000 rw-p 00000000 00:00 0                          [stack:12535]
7f0ddeee4000-7f0ddf6f7000 r--p 00000000 08:01 1579663                    /usr/lib/locale/locale-archive
7f0ddf6f7000-7f0ddf6fa000 ---p 00000000 00:00 0 
7f0ddf6fa000-7f0ddf7f8000 rw-p 00000000 00:00 0                          [stack:12534]
7f0ddf7f8000-7f0ddf7fb000 ---p 00000000 00:00 0 
7f0ddf7fb000-7f0ddf8f9000 rw-p 00000000 00:00 0                          [stack:12533]
7f0ddf8f9000-7f0ddf8fa000 ---p 00000000 00:00 0 
7f0ddf8fa000-7f0de0000000 rw-p 00000000 00:00 0                          [stack:12532]
7f0de0000000-7f0de0021000 rw-p 00000000 00:00 0 
7f0de0021000-7f0de4000000 ---p 00000000 00:00 0 
7f0de4000000-7f0de8000000 rw-p 00000000 00:00 0 
7f0de8000000-7f0de8021000 rw-p 00000000 00:00 0 
7f0de8021000-7f0dec000000 ---p 00000000 00:00 0 
7f0dec0b3000-7f0dec0d8000 r--p 00000000 08:01 2361987                    /usr/share/locale-langpack/pl/LC_MESSAGES/libc.mo
7f0dec0d8000-7f0decec0000 rw-p 00000000 00:00 0 
7f0decec0000-7f0ded000000 ---p 00000000 00:00 0 
7f0ded000000-7f0dedc80000 rwxp 00000000 00:00 0 
7f0dedc80000-7f0dfc000000 ---p 00000000 00:00 0 
7f0dfc000000-7f0dfc3ee000 rw-p 00000000 00:00 0 
7f0dfc3ee000-7f0e00000000 ---p 00000000 00:00 0 
7f0e00005000-7f0e002b9000 rw-p 00000000 00:00 0 
7f0e002b9000-7f0e00492000 r--s 03d20000 08:01 4069182                    /usr/lib/jvm/java-8-oracle/jre/lib/rt.jar
7f0e00492000-7f0e00908000 rw-p 00000000 00:00 0 
7f0e00908000-7f0e00909000 ---p 00000000 00:00 0 
7f0e00909000-7f0e00a09000 rw-p 00000000 00:00 0                          [stack:12531]
7f0e00a09000-7f0e00a0a000 ---p 00000000 00:00 0 
7f0e00a0a000-7f0e00b0a000 rw-p 00000000 00:00 0                          [stack:12530]
7f0e00b0a000-7f0e00b0b000 ---p 00000000 00:00 0 
7f0e00b0b000-7f0e00c0b000 rw-p 00000000 00:00 0                          [stack:12529]
7f0e00c0b000-7f0e00c0c000 ---p 00000000 00:00 0 
7f0e00c0c000-7f0e00ea7000 rw-p 00000000 00:00 0                          [stack:12528]
7f0e00ea7000-7f0e00fb7000 ---p 00000000 00:00 0 
7f0e00fb7000-7f0e01152000 rw-p 00000000 00:00 0 
7f0e01152000-7f0e01261000 ---p 00000000 00:00 0 
7f0e01261000-7f0e013b7000 rw-p 00000000 00:00 0 
7f0e013b7000-7f0e013ea000 rw-p 00000000 00:00 0 
7f0e013ea000-7f0e01778000 ---p 00000000 00:00 0 
7f0e01778000-7f0e01792000 r-xp 00000000 08:01 4069168                    /usr/lib/jvm/java-8-oracle/jre/lib/amd64/libzip.so
7f0e01792000-7f0e01992000 ---p 0001a000 08:01 4069168                    /usr/lib/jvm/java-8-oracle/jre/lib/amd64/libzip.so
7f0e01992000-7f0e01993000 rw-p 0001a000 08:01 4069168                    /usr/lib/jvm/java-8-oracle/jre/lib/amd64/libzip.so
7f0e01993000-7f0e0199e000 r-xp 00000000 08:01 5771445                    /lib/x86_64-linux-gnu/libnss_files-2.19.so
7f0e0199e000-7f0e01b9d000 ---p 0000b000 08:01 5771445                    /lib/x86_64-linux-gnu/libnss_files-2.19.so
7f0e01b9d000-7f0e01b9e000 r--p 0000a000 08:01 5771445                    /lib/x86_64-linux-gnu/libnss_files-2.19.so
7f0e01b9e000-7f0e01b9f000 rw-p 0000b000 08:01 5771445                    /lib/x86_64-linux-gnu/libnss_files-2.19.so
7f0e01b9f000-7f0e01baa000 r-xp 00000000 08:01 5771455                    /lib/x86_64-linux-gnu/libnss_nis-2.19.so
7f0e01baa000-7f0e01da9000 ---p 0000b000 08:01 5771455                    /lib/x86_64-linux-gnu/libnss_nis-2.19.so
7f0e01da9000-7f0e01daa000 r--p 0000a000 08:01 5771455                    /lib/x86_64-linux-gnu/libnss_nis-2.19.so
7f0e01daa000-7f0e01dab000 rw-p 0000b000 08:01 5771455                    /lib/x86_64-linux-gnu/libnss_nis-2.19.so
7f0e01dab000-7f0e01dc2000 r-xp 00000000 08:01 5771439                    /lib/x86_64-linux-gnu/libnsl-2.19.so
7f0e01dc2000-7f0e01fc1000 ---p 00017000 08:01 5771439                    /lib/x86_64-linux-gnu/libnsl-2.19.so
7f0e01fc1000-7f0e01fc2000 r--p 00016000 08:01 5771439                    /lib/x86_64-linux-gnu/libnsl-2.19.so
7f0e01fc2000-7f0e01fc3000 rw-p 00017000 08:01 5771439                    /lib/x86_64-linux-gnu/libnsl-2.19.so
7f0e01fc3000-7f0e01fc5000 rw-p 00000000 00:00 0 
7f0e01fc5000-7f0e01fce000 r-xp 00000000 08:01 5771441                    /lib/x86_64-linux-gnu/libnss_compat-2.19.so
7f0e01fce000-7f0e021cd000 ---p 00009000 08:01 5771441                    /lib/x86_64-linux-gnu/libnss_compat-2.19.so
7f0e021cd000-7f0e021ce000 r--p 00008000 08:01 5771441                    /lib/x86_64-linux-gnu/libnss_compat-2.19.so
7f0e021ce000-7f0e021cf000 rw-p 00009000 08:01 5771441                    /lib/x86_64-linux-gnu/libnss_compat-2.19.so
7f0e021cf000-7f0e021f9000 r-xp 00000000 08:01 4069157                    /usr/lib/jvm/java-8-oracle/jre/lib/amd64/libjava.so
7f0e021f9000-7f0e023f9000 ---p 0002a000 08:01 4069157                    /usr/lib/jvm/java-8-oracle/jre/lib/amd64/libjava.so
7f0e023f9000-7f0e023fb000 rw-p 0002a000 08:01 4069157                    /usr/lib/jvm/java-8-oracle/jre/lib/amd64/libjava.so
7f0e023fb000-7f0e02408000 r-xp 00000000 08:01 4069118                    /usr/lib/jvm/java-8-oracle/jre/lib/amd64/libverify.so
7f0e02408000-7f0e02608000 ---p 0000d000 08:01 4069118                    /usr/lib/jvm/java-8-oracle/jre/lib/amd64/libverify.so
7f0e02608000-7f0e0260a000 rw-p 0000d000 08:01 4069118                    /usr/lib/jvm/java-8-oracle/jre/lib/amd64/libverify.so
7f0e0260a000-7f0e02611000 r-xp 00000000 08:01 5771498                    /lib/x86_64-linux-gnu/librt-2.19.so
7f0e02611000-7f0e02810000 ---p 00007000 08:01 5771498                    /lib/x86_64-linux-gnu/librt-2.19.so
7f0e02810000-7f0e02811000 r--p 00006000 08:01 5771498                    /lib/x86_64-linux-gnu/librt-2.19.so
7f0e02811000-7f0e02812000 rw-p 00007000 08:01 5771498                    /lib/x86_64-linux-gnu/librt-2.19.so
7f0e02812000-7f0e02917000 r-xp 00000000 08:01 5771420                    /lib/x86_64-linux-gnu/libm-2.19.so
7f0e02917000-7f0e02b16000 ---p 00105000 08:01 5771420                    /lib/x86_64-linux-gnu/libm-2.19.so
7f0e02b16000-7f0e02b17000 r--p 00104000 08:01 5771420                    /lib/x86_64-linux-gnu/libm-2.19.so
7f0e02b17000-7f0e02b18000 rw-p 00105000 08:01 5771420                    /lib/x86_64-linux-gnu/libm-2.19.so
7f0e02b18000-7f0e037d6000 r-xp 00000000 08:01 4069167                    /usr/lib/jvm/java-8-oracle/jre/lib/amd64/server/libjvm.so
7f0e037d6000-7f0e039d5000 ---p 00cbe000 08:01 4069167                    /usr/lib/jvm/java-8-oracle/jre/lib/amd64/server/libjvm.so
7f0e039d5000-7f0e03aae000 rw-p 00cbd000 08:01 4069167                    /usr/lib/jvm/java-8-oracle/jre/lib/amd64/server/libjvm.so
7f0e03aae000-7f0e03af2000 rw-p 00000000 00:00 0 
7f0e03af2000-7f0e03cad000 r-xp 00000000 08:01 5771370                    /lib/x86_64-linux-gnu/libc-2.19.so
7f0e03cad000-7f0e03eac000 ---p 001bb000 08:01 5771370                    /lib/x86_64-linux-gnu/libc-2.19.so
7f0e03eac000-7f0e03eb0000 r--p 001ba000 08:01 5771370                    /lib/x86_64-linux-gnu/libc-2.19.so
7f0e03eb0000-7f0e03eb2000 rw-p 001be000 08:01 5771370                    /lib/x86_64-linux-gnu/libc-2.19.so
7f0e03eb2000-7f0e03eb7000 rw-p 00000000 00:00 0 
7f0e03eb7000-7f0e03eba000 r-xp 00000000 08:01 5771387                    /lib/x86_64-linux-gnu/libdl-2.19.so
7f0e03eba000-7f0e040b9000 ---p 00003000 08:01 5771387                    /lib/x86_64-linux-gnu/libdl-2.19.so
7f0e040b9000-7f0e040ba000 r--p 00002000 08:01 5771387                    /lib/x86_64-linux-gnu/libdl-2.19.so
7f0e040ba000-7f0e040bb000 rw-p 00003000 08:01 5771387                    /lib/x86_64-linux-gnu/libdl-2.19.so
7f0e040bb000-7f0e040d0000 r-xp 00000000 08:01 4727160                    /usr/lib/jvm/java-8-oracle/lib/amd64/jli/libjli.so
7f0e040d0000-7f0e042d0000 ---p 00015000 08:01 4727160                    /usr/lib/jvm/java-8-oracle/lib/amd64/jli/libjli.so
7f0e042d0000-7f0e042d1000 rw-p 00015000 08:01 4727160                    /usr/lib/jvm/java-8-oracle/lib/amd64/jli/libjli.so
7f0e042d1000-7f0e042ea000 r-xp 00000000 08:01 5771490                    /lib/x86_64-linux-gnu/libpthread-2.19.so
7f0e042ea000-7f0e044e9000 ---p 00019000 08:01 5771490                    /lib/x86_64-linux-gnu/libpthread-2.19.so
7f0e044e9000-7f0e044ea000 r--p 00018000 08:01 5771490                    /lib/x86_64-linux-gnu/libpthread-2.19.so
7f0e044ea000-7f0e044eb000 rw-p 00019000 08:01 5771490                    /lib/x86_64-linux-gnu/libpthread-2.19.so
7f0e044eb000-7f0e044ef000 rw-p 00000000 00:00 0 
7f0e044ef000-7f0e04512000 r-xp 00000000 08:01 5771346                    /lib/x86_64-linux-gnu/ld-2.19.so
7f0e0451d000-7f0e04524000 r--s 00000000 08:01 1967077                    /usr/lib/x86_64-linux-gnu/gconv/gconv-modules.cache
7f0e04524000-7f0e045f0000 rw-p 00000000 00:00 0 
7f0e045f0000-7f0e045f3000 ---p 00000000 00:00 0 
7f0e045f3000-7f0e046f6000 rw-p 00000000 00:00 0                          [stack:12527]
7f0e046f6000-7f0e04705000 r--s 000df000 08:01 656243                     /home/tomasz/Android/Sdk/build-tools/23.0.1/lib/dx.jar
7f0e04705000-7f0e0470d000 rw-s 00000000 08:01 6032730                    /tmp/hsperfdata_tomasz/12522
7f0e0470d000-7f0e0470e000 rw-p 00000000 00:00 0 
7f0e0470e000-7f0e0470f000 ---p 00000000 00:00 0 
7f0e0470f000-7f0e04711000 rw-p 00000000 00:00 0 
7f0e04711000-7f0e04712000 r--p 00022000 08:01 5771346                    /lib/x86_64-linux-gnu/ld-2.19.so
7f0e04712000-7f0e04713000 rw-p 00023000 08:01 5771346                    /lib/x86_64-linux-gnu/ld-2.19.so
7f0e04713000-7f0e04714000 rw-p 00000000 00:00 0 
7ffd486e0000-7ffd48701000 rw-p 00000000 00:00 0                          [stack]
7ffd48716000-7ffd48718000 r--p 00000000 00:00 0                          [vvar]
7ffd48718000-7ffd4871a000 r-xp 00000000 00:00 0                          [vdso]
ffffffffff600000-ffffffffff601000 r-xp 00000000 00:00 0                  [vsyscall]

VM Arguments:
jvm_args: -Xmx2g -Dfile.encoding=UTF-8 -Duser.country=PL -Duser.language=pl -Duser.variant 
java_command: com.android.dx.command.Main --dex --num-threads=4 --multi-dex --main-dex-list /home/tomasz/AndroidStudioProjects/ITAssistant/app/build/intermediates/multi-dex/debug/maindexlist.txt --output /home/tomasz/AndroidStudioProjects/ITAssistant/app/build/intermediates/transforms/DEX/FULL_PROJECT/dex/debug /home/tomasz/AndroidStudioProjects/ITAssistant/app/build/intermediates/transforms/CLASSES/FULL_PROJECT/jarMerging/debug/classes.jar
java_class_path (initial): /home/tomasz/Android/Sdk/build-tools/23.0.1/lib/dx.jar
Launcher Type: SUN_STANDARD

Environment Variables:
PATH=/usr/local/sbin:/usr/local/bin:/usr/sbin:/usr/bin:/sbin:/bin:/usr/games:/usr/local/games
LD_LIBRARY_PATH=/opt/android-studio/bin:
SHELL=/bin/bash
DISPLAY=:0.0

Signal Handlers:
SIGSEGV: [libjvm.so+0xaba2a0], sa_mask[0]=11111111011111111101111111111110, sa_flags=SA_RESTART|SA_SIGINFO
SIGBUS: [libjvm.so+0xaba2a0], sa_mask[0]=11111111011111111101111111111110, sa_flags=SA_RESTART|SA_SIGINFO
SIGFPE: [libjvm.so+0x917710], sa_mask[0]=11111111011111111101111111111110, sa_flags=SA_RESTART|SA_SIGINFO
SIGPIPE: [libjvm.so+0x917710], sa_mask[0]=11111111011111111101111111111110, sa_flags=SA_RESTART|SA_SIGINFO
SIGXFSZ: [libjvm.so+0x917710], sa_mask[0]=11111111011111111101111111111110, sa_flags=SA_RESTART|SA_SIGINFO
SIGILL: [libjvm.so+0x917710], sa_mask[0]=11111111011111111101111111111110, sa_flags=SA_RESTART|SA_SIGINFO
SIGUSR1: SIG_DFL, sa_mask[0]=00000000000000000000000000000000, sa_flags=none
SIGUSR2: [libjvm.so+0x918d40], sa_mask[0]=00100000000000000000000000000000, sa_flags=SA_RESTART|SA_SIGINFO
SIGHUP: [libjvm.so+0x91a140], sa_mask[0]=11111111011111111101111111111110, sa_flags=SA_RESTART|SA_SIGINFO
SIGINT: [libjvm.so+0x91a140], sa_mask[0]=11111111011111111101111111111110, sa_flags=SA_RESTART|SA_SIGINFO
SIGTERM: [libjvm.so+0x91a140], sa_mask[0]=11111111011111111101111111111110, sa_flags=SA_RESTART|SA_SIGINFO
SIGQUIT: [libjvm.so+0x91a140], sa_mask[0]=11111111011111111101111111111110, sa_flags=SA_RESTART|SA_SIGINFO


---------------  S Y S T E M  ---------------

OS:DISTRIB_ID=Ubuntu
DISTRIB_RELEASE=14.04
DISTRIB_CODENAME=trusty
DISTRIB_DESCRIPTION="Ubuntu 14.04.3 LTS"

uname:Linux 3.19.0-31-generic #36~14.04.1-Ubuntu SMP Thu Oct 8 10:21:08 UTC 2015 x86_64
libc:glibc 2.19 NPTL 2.19 
rlimit: STACK 8192k, CORE 0k, NPROC 23202, NOFILE 4096, AS infinity
load average:15,16 5,05 2,71

/proc/meminfo:
MemTotal:        5961336 kB
MemFree:          156540 kB
MemAvailable:     165864 kB
Buffers:            6256 kB
Cached:           214960 kB
SwapCached:            0 kB
Active:          5444060 kB
Inactive:         192076 kB
Active(anon):    5428852 kB
Inactive(anon):    59248 kB
Active(file):      15208 kB
Inactive(file):   132828 kB
Unevictable:         328 kB
Mlocked:             328 kB
SwapTotal:             0 kB
SwapFree:              0 kB
Dirty:              2764 kB
Writeback:             0 kB
AnonPages:       5417552 kB
Mapped:           149176 kB
Shmem:             72980 kB
Slab:              71712 kB
SReclaimable:      39536 kB
SUnreclaim:        32176 kB
KernelStack:       10128 kB
PageTables:        42860 kB
NFS_Unstable:          0 kB
Bounce:                0 kB
WritebackTmp:          0 kB
CommitLimit:     2980668 kB
Committed_AS:    8510160 kB
VmallocTotal:   34359738367 kB
VmallocUsed:      551548 kB
VmallocChunk:   34359162332 kB
HardwareCorrupted:     0 kB
AnonHugePages:   2371584 kB
CmaTotal:              0 kB
CmaFree:               0 kB
HugePages_Total:       0
HugePages_Free:        0
HugePages_Rsvd:        0
HugePages_Surp:        0
Hugepagesize:       2048 kB
DirectMap4k:      139520 kB
DirectMap2M:     6000640 kB


CPU:total 4 (2 cores per cpu, 2 threads per core) family 6 model 42 stepping 7, cmov, cx8, fxsr, mmx, sse, sse2, sse3, ssse3, sse4.1, sse4.2, popcnt, avx, aes, clmul, ht, tsc, tscinvbit

/proc/cpuinfo:
processor	: 0
vendor_id	: GenuineIntel
cpu family	: 6
model		: 42
model name	: Intel(R) Core(TM) i5-2450M CPU @ 2.50GHz
stepping	: 7
microcode	: 0x25
cpu MHz		: 1661.621
cache size	: 3072 KB
physical id	: 0
siblings	: 4
core id		: 0
cpu cores	: 2
apicid		: 0
initial apicid	: 0
fpu		: yes
fpu_exception	: yes
cpuid level	: 13
wp		: yes
flags		: fpu vme de pse tsc msr pae mce cx8 apic sep mtrr pge mca cmov pat pse36 clflush dts acpi mmx fxsr sse sse2 ss ht tm pbe syscall nx rdtscp lm constant_tsc arch_perfmon pebs bts rep_good nopl xtopology nonstop_tsc aperfmperf eagerfpu pni pclmulqdq dtes64 monitor ds_cpl vmx est tm2 ssse3 cx16 xtpr pdcm pcid sse4_1 sse4_2 x2apic popcnt tsc_deadline_timer aes xsave avx lahf_lm ida arat epb pln pts dtherm tpr_shadow vnmi flexpriority ept vpid xsaveopt
bugs		:
bogomips	: 4988.56
clflush size	: 64
cache_alignment	: 64
address sizes	: 36 bits physical, 48 bits virtual
power management:

processor	: 1
vendor_id	: GenuineIntel
cpu family	: 6
model		: 42
model name	: Intel(R) Core(TM) i5-2450M CPU @ 2.50GHz
stepping	: 7
microcode	: 0x25
cpu MHz		: 2763.476
cache size	: 3072 KB
physical id	: 0
siblings	: 4
core id		: 0
cpu cores	: 2
apicid		: 1
initial apicid	: 1
fpu		: yes
fpu_exception	: yes
cpuid level	: 13
wp		: yes
flags		: fpu vme de pse tsc msr pae mce cx8 apic sep mtrr pge mca cmov pat pse36 clflush dts acpi mmx fxsr sse sse2 ss ht tm pbe syscall nx rdtscp lm constant_tsc arch_perfmon pebs bts rep_good nopl xtopology nonstop_tsc aperfmperf eagerfpu pni pclmulqdq dtes64 monitor ds_cpl vmx est tm2 ssse3 cx16 xtpr pdcm pcid sse4_1 sse4_2 x2apic popcnt tsc_deadline_timer aes xsave avx lahf_lm ida arat epb pln pts dtherm tpr_shadow vnmi flexpriority ept vpid xsaveopt
bugs		:
bogomips	: 4988.56
clflush size	: 64
cache_alignment	: 64
address sizes	: 36 bits physical, 48 bits virtual
power management:

processor	: 2
vendor_id	: GenuineIntel
cpu family	: 6
model		: 42
model name	: Intel(R) Core(TM) i5-2450M CPU @ 2.50GHz
stepping	: 7
microcode	: 0x25
cpu MHz		: 2288.671
cache size	: 3072 KB
physical id	: 0
siblings	: 4
core id		: 1
cpu cores	: 2
apicid		: 2
initial apicid	: 2
fpu		: yes
fpu_exception	: yes
cpuid level	: 13
wp		: yes
flags		: fpu vme de pse tsc msr pae mce cx8 apic sep mtrr pge mca cmov pat pse36 clflush dts acpi mmx fxsr sse sse2 ss ht tm pbe syscall nx rdtscp lm constant_tsc arch_perfmon pebs bts rep_good nopl xtopology nonstop_tsc aperfmperf eagerfpu pni pclmulqdq dtes64 monitor ds_cpl vmx est tm2 ssse3 cx16 xtpr pdcm pcid sse4_1 sse4_2 x2apic popcnt tsc_deadline_timer aes xsave avx lahf_lm ida arat epb pln pts dtherm tpr_shadow vnmi flexpriority ept vpid xsaveopt
bugs		:
bogomips	: 4988.56
clflush size	: 64
cache_alignment	: 64
address sizes	: 36 bits physical, 48 bits virtual
power management:

processor	: 3
vendor_id	: GenuineIntel
cpu family	: 6
model		: 42
model name	: Intel(R) Core(TM) i5-2450M CPU @ 2.50GHz
stepping	: 7
microcode	: 0x25
cpu MHz		: 2901.171
cache size	: 3072 KB
physical id	: 0
siblings	: 4
core id		: 1
cpu cores	: 2
apicid		: 3
initial apicid	: 3
fpu		: yes
fpu_exception	: yes
cpuid level	: 13
wp		: yes
flags		: fpu vme de pse tsc msr pae mce cx8 apic sep mtrr pge mca cmov pat pse36 clflush dts acpi mmx fxsr sse sse2 ss ht tm pbe syscall nx rdtscp lm constant_tsc arch_perfmon pebs bts rep_good nopl xtopology nonstop_tsc aperfmperf eagerfpu pni pclmulqdq dtes64 monitor ds_cpl vmx est tm2 ssse3 cx16 xtpr pdcm pcid sse4_1 sse4_2 x2apic popcnt tsc_deadline_timer aes xsave avx lahf_lm ida arat epb pln pts dtherm tpr_shadow vnmi flexpriority ept vpid xsaveopt
bugs		:
bogomips	: 4988.56
clflush size	: 64
cache_alignment	: 64
address sizes	: 36 bits physical, 48 bits virtual
power management:



Memory: 4k page, physical 5961336k(156540k free), swap 0k(0k free)

vm_info: Java HotSpot(TM) 64-Bit Server VM (25.66-b17) for linux-amd64 JRE (1.8.0_66-b17), built on Oct  6 2015 17:28:34 by "java_re" with gcc 4.3.0 20080428 (Red Hat 4.3.0-8)

time: Sun Nov  8 00:24:34 2015
elapsed time: 61 seconds (0d 0h 1m 1s)

