#
# There is insufficient memory for the Java Runtime Environment to continue.
# Native memory allocation (mmap) failed to map 182976512 bytes for committing reserved memory.
# Possible reasons:
#   The system is out of physical RAM or swap space
#   In 32 bit mode, the process size limit was hit
# Possible solutions:
#   Reduce memory load on the system
#   Increase physical memory or swap space
#   Check if swap backing store is full
#   Use 64 bit Java on a 64 bit OS
#   Decrease Java heap size (-Xmx/-Xms)
#   Decrease number of Java threads
#   Decrease Java thread stack sizes (-Xss)
#   Set larger code cache with -XX:ReservedCodeCacheSize=
# This output file may be truncated or incomplete.
#
#  Out of Memory Error (os_linux.cpp:2627), pid=15068, tid=140498770409216
#
# JRE version: Java(TM) SE Runtime Environment (8.0_60-b27) (build 1.8.0_60-b27)
# Java VM: Java HotSpot(TM) 64-Bit Server VM (25.60-b23 mixed mode linux-amd64 compressed oops)
# Failed to write core dump. Core dumps have been disabled. To enable core dumping, try "ulimit -c unlimited" before starting Java again
#

---------------  T H R E A D  ---------------

Current thread (0x00007fc880078000):  VMThread [stack: 0x00007fc86b3d3000,0x00007fc86b4d4000] [id=15078]

Stack: [0x00007fc86b3d3000,0x00007fc86b4d4000],  sp=0x00007fc86b4d2360,  free space=1020k
Native frames: (J=compiled Java code, j=interpreted, Vv=VM code, C=native code)
V  [libjvm.so+0xab97ea]  VMError::report_and_die()+0x2ba
V  [libjvm.so+0x4f9dab]  report_vm_out_of_memory(char const*, int, unsigned long, VMErrorType, char const*)+0x8b
V  [libjvm.so+0x91a7c3]  os::Linux::commit_memory_impl(char*, unsigned long, bool)+0x103
V  [libjvm.so+0x91ad19]  os::pd_commit_memory(char*, unsigned long, unsigned long, bool)+0x29
V  [libjvm.so+0x91502a]  os::commit_memory(char*, unsigned long, unsigned long, bool)+0x2a
V  [libjvm.so+0x9886d3]  PSVirtualSpace::expand_by(unsigned long)+0x53
V  [libjvm.so+0x978fc0]  PSOldGen::expand(unsigned long)+0x170
V  [libjvm.so+0x9791cb]  PSOldGen::resize(unsigned long)+0x1cb
V  [libjvm.so+0x980ea1]  PSParallelCompact::invoke_no_policy(bool)+0x991
V  [libjvm.so+0x9867fd]  PSScavenge::invoke()+0x1ad
V  [libjvm.so+0x93e430]  ParallelScavengeHeap::failed_mem_allocate(unsigned long)+0x70
V  [libjvm.so+0xabb207]  VM_ParallelGCFailedAllocation::doit()+0x97
V  [libjvm.so+0xac2c35]  VM_Operation::evaluate()+0x55
V  [libjvm.so+0xac100a]  VMThread::evaluate_operation(VM_Operation*)+0xba
V  [libjvm.so+0xac138e]  VMThread::loop()+0x1ce
V  [libjvm.so+0xac1800]  VMThread::run()+0x70
V  [libjvm.so+0x91cb88]  java_start(Thread*)+0x108

VM_Operation (0x00007fc86a129c20): ParallelGCFailedAllocation, mode: safepoint, requested by thread 0x00007fc8801af000


---------------  P R O C E S S  ---------------

Java Threads: ( => current thread )
  0x00007fc8801b2000 JavaThread "pool-2-thread-4" [_thread_blocked, id=15091, stack(0x00007fc869e29000,0x00007fc869f2a000)]
  0x00007fc8801b0000 JavaThread "pool-2-thread-3" [_thread_blocked, id=15090, stack(0x00007fc869f2a000,0x00007fc86a02b000)]
  0x00007fc8801af000 JavaThread "pool-2-thread-2" [_thread_blocked, id=15089, stack(0x00007fc86a02b000,0x00007fc86a12c000)]
  0x00007fc8801a9000 JavaThread "pool-3-thread-1" [_thread_blocked, id=15088, stack(0x00007fc86a12c000,0x00007fc86a22d000)]
  0x00007fc8801a4000 JavaThread "pool-2-thread-1" [_thread_blocked, id=15087, stack(0x00007fc86a22d000,0x00007fc86a32e000)]
  0x00007fc8800ca800 JavaThread "Service Thread" daemon [_thread_blocked, id=15085, stack(0x00007fc86a4b9000,0x00007fc86a5ba000)]
  0x00007fc8800bd800 JavaThread "C1 CompilerThread2" daemon [_thread_blocked, id=15084, stack(0x00007fc86a5ba000,0x00007fc86a6bb000)]
  0x00007fc8800bb800 JavaThread "C2 CompilerThread1" daemon [_thread_blocked, id=15083, stack(0x00007fc86a6bb000,0x00007fc86a7bc000)]
  0x00007fc8800b8800 JavaThread "C2 CompilerThread0" daemon [_thread_blocked, id=15082, stack(0x00007fc86a7bc000,0x00007fc86a8bd000)]
  0x00007fc8800b7000 JavaThread "Signal Dispatcher" daemon [_thread_blocked, id=15081, stack(0x00007fc86a8bd000,0x00007fc86a9be000)]
  0x00007fc88007f000 JavaThread "Finalizer" daemon [_thread_blocked, id=15080, stack(0x00007fc86b1d1000,0x00007fc86b2d2000)]
  0x00007fc88007d000 JavaThread "Reference Handler" daemon [_thread_blocked, id=15079, stack(0x00007fc86b2d2000,0x00007fc86b3d3000)]
  0x00007fc88000a000 JavaThread "main" [_thread_blocked, id=15070, stack(0x00007fc889a94000,0x00007fc889b95000)]

Other Threads:
=>0x00007fc880078000 VMThread [stack: 0x00007fc86b3d3000,0x00007fc86b4d4000] [id=15078]
  0x00007fc8800cd800 WatcherThread [stack: 0x00007fc86a3b8000,0x00007fc86a4b9000] [id=15086]

VM state:at safepoint (normal execution)

VM Mutex/Monitor currently owned by a thread:  ([mutex/lock_event])
[0x00007fc880005e10] ExpandHeap_lock - owner thread: 0x00007fc880078000
[0x00007fc880006490] Threads_lock - owner thread: 0x00007fc880078000
[0x00007fc880006990] Heap_lock - owner thread: 0x00007fc8801af000

Heap:
 PSYoungGen      total 232960K, used 0K [0x00000000eab00000, 0x0000000100000000, 0x0000000100000000)
  eden space 116736K, 0% used [0x00000000eab00000,0x00000000eab00000,0x00000000f1d00000)
  from space 116224K, 0% used [0x00000000f8e80000,0x00000000f8e80000,0x0000000100000000)
  to   space 116224K, 0% used [0x00000000f1d00000,0x00000000f1d00000,0x00000000f8e80000)
 ParOldGen       total 486912K, used 480279K [0x00000000c0000000, 0x00000000ddb80000, 0x00000000eab00000)
  object space 486912K, 98% used [0x00000000c0000000,0x00000000dd505c40,0x00000000ddb80000)
 Metaspace       used 6440K, capacity 7282K, committed 7552K, reserved 1056768K
  class space    used 606K, capacity 618K, committed 640K, reserved 1048576K

Card table byte_map: [0x00007fc88665b000,0x00007fc88685c000] byte_map_base: 0x00007fc88605b000

Marking Bits: (ParMarkBitMap*) 0x00007fc888f6ade0
 Begin Bits: [0x00007fc884101000, 0x00007fc885101000)
 End Bits:   [0x00007fc885101000, 0x00007fc886101000)

Polling page: 0x00007fc889bb2000

CodeCache: size=245760Kb used=11596Kb max_used=11622Kb free=234163Kb
 bounds [0x00007fc871000000, 0x00007fc871b80000, 0x00007fc880000000]
 total_blobs=2754 nmethods=2485 adapters=182
 compilation: enabled

Compilation events (10 events):
Event: 24,819 Thread 0x00007fc8800bd800 2762       3       com.android.dx.cf.code.ByteCatchList::toTargetList (114 bytes)
Event: 24,820 Thread 0x00007fc8800bd800 nmethod 2762 0x00007fc871aab110 code [0x00007fc871aab340, 0x00007fc871aac0c8]
Event: 24,843 Thread 0x00007fc8800bb800 nmethod 2611 0x00007fc871b50650 code [0x00007fc871b50b40, 0x00007fc871b54dd8]
Event: 24,844 Thread 0x00007fc8800bb800 2714       4       com.android.dx.cf.code.ByteCatchList::listFor (120 bytes)
Event: 24,860 Thread 0x00007fc8800bb800 nmethod 2714 0x00007fc871b02390 code [0x00007fc871b02520, 0x00007fc871b02c78]
Event: 24,860 Thread 0x00007fc8800bb800 2638       4       com.android.dx.ssa.ConstCollector::updateConstUses (248 bytes)
Event: 25,009 Thread 0x00007fc8800b8800 nmethod 2754 0x00007fc871b5b090 code [0x00007fc871b5b520, 0x00007fc871b5f7a8]
Event: 25,009 Thread 0x00007fc8800b8800 2500       4       com.android.dx.ssa.SCCP::run (298 bytes)
Event: 25,144 Thread 0x00007fc8800bb800 nmethod 2638 0x00007fc871b663d0 code [0x00007fc871b668a0, 0x00007fc871b6a4c0]
Event: 25,144 Thread 0x00007fc8800bb800 2531       4       com.android.dx.ssa.InterferenceRegisterMapper::addInterfence (62 bytes)

GC Heap History (10 events):
Event: 22,477 GC heap after
Heap after GC invocations=24 (full 4):
 PSYoungGen      total 232960K, used 34493K [0x00000000eab00000, 0x0000000100000000, 0x0000000100000000)
  eden space 116736K, 0% used [0x00000000eab00000,0x00000000eab00000,0x00000000f1d00000)
  from space 116224K, 29% used [0x00000000f8e80000,0x00000000fb02f430,0x0000000100000000)
  to   space 116224K, 0% used [0x00000000f1d00000,0x00000000f1d00000,0x00000000f8e80000)
 ParOldGen       total 486912K, used 373106K [0x00000000c0000000, 0x00000000ddb80000, 0x00000000eab00000)
  object space 486912K, 76% used [0x00000000c0000000,0x00000000d6c5c898,0x00000000ddb80000)
 Metaspace       used 6439K, capacity 7282K, committed 7552K, reserved 1056768K
  class space    used 606K, capacity 618K, committed 640K, reserved 1048576K
}
Event: 23,092 GC heap before
{Heap before GC invocations=25 (full 4):
 PSYoungGen      total 232960K, used 151229K [0x00000000eab00000, 0x0000000100000000, 0x0000000100000000)
  eden space 116736K, 100% used [0x00000000eab00000,0x00000000f1d00000,0x00000000f1d00000)
  from space 116224K, 29% used [0x00000000f8e80000,0x00000000fb02f430,0x0000000100000000)
  to   space 116224K, 0% used [0x00000000f1d00000,0x00000000f1d00000,0x00000000f8e80000)
 ParOldGen       total 486912K, used 373129K [0x00000000c0000000, 0x00000000ddb80000, 0x00000000eab00000)
  object space 486912K, 76% used [0x00000000c0000000,0x00000000d6c624e8,0x00000000ddb80000)
 Metaspace       used 6440K, capacity 7282K, committed 7552K, reserved 1056768K
  class space    used 606K, capacity 618K, committed 640K, reserved 1048576K
Event: 23,256 GC heap after
Heap after GC invocations=25 (full 4):
 PSYoungGen      total 232960K, used 18808K [0x00000000eab00000, 0x0000000100000000, 0x0000000100000000)
  eden space 116736K, 0% used [0x00000000eab00000,0x00000000eab00000,0x00000000f1d00000)
  from space 116224K, 16% used [0x00000000f1d00000,0x00000000f2f5e200,0x00000000f8e80000)
  to   space 116224K, 0% used [0x00000000f8e80000,0x00000000f8e80000,0x0000000100000000)
 ParOldGen       total 486912K, used 406180K [0x00000000c0000000, 0x00000000ddb80000, 0x00000000eab00000)
  object space 486912K, 83% used [0x00000000c0000000,0x00000000d8ca90e8,0x00000000ddb80000)
 Metaspace       used 6440K, capacity 7282K, committed 7552K, reserved 1056768K
  class space    used 606K, capacity 618K, committed 640K, reserved 1048576K
}
Event: 23,864 GC heap before
{Heap before GC invocations=26 (full 4):
 PSYoungGen      total 232960K, used 135544K [0x00000000eab00000, 0x0000000100000000, 0x0000000100000000)
  eden space 116736K, 100% used [0x00000000eab00000,0x00000000f1d00000,0x00000000f1d00000)
  from space 116224K, 16% used [0x00000000f1d00000,0x00000000f2f5e200,0x00000000f8e80000)
  to   space 116224K, 0% used [0x00000000f8e80000,0x00000000f8e80000,0x0000000100000000)
 ParOldGen       total 486912K, used 406181K [0x00000000c0000000, 0x00000000ddb80000, 0x00000000eab00000)
  object space 486912K, 83% used [0x00000000c0000000,0x00000000d8ca9730,0x00000000ddb80000)
 Metaspace       used 6440K, capacity 7282K, committed 7552K, reserved 1056768K
  class space    used 606K, capacity 618K, committed 640K, reserved 1048576K
Event: 23,957 GC heap after
Heap after GC invocations=26 (full 4):
 PSYoungGen      total 232960K, used 19544K [0x00000000eab00000, 0x0000000100000000, 0x0000000100000000)
  eden space 116736K, 0% used [0x00000000eab00000,0x00000000eab00000,0x00000000f1d00000)
  from space 116224K, 16% used [0x00000000f8e80000,0x00000000fa1961a8,0x0000000100000000)
  to   space 116224K, 0% used [0x00000000f1d00000,0x00000000f1d00000,0x00000000f8e80000)
 ParOldGen       total 486912K, used 424137K [0x00000000c0000000, 0x00000000ddb80000, 0x00000000eab00000)
  object space 486912K, 87% used [0x00000000c0000000,0x00000000d9e32768,0x00000000ddb80000)
 Metaspace       used 6440K, capacity 7282K, committed 7552K, reserved 1056768K
  class space    used 606K, capacity 618K, committed 640K, reserved 1048576K
}
Event: 24,525 GC heap before
{Heap before GC invocations=27 (full 4):
 PSYoungGen      total 232960K, used 136280K [0x00000000eab00000, 0x0000000100000000, 0x0000000100000000)
  eden space 116736K, 100% used [0x00000000eab00000,0x00000000f1d00000,0x00000000f1d00000)
  from space 116224K, 16% used [0x00000000f8e80000,0x00000000fa1961a8,0x0000000100000000)
  to   space 116224K, 0% used [0x00000000f1d00000,0x00000000f1d00000,0x00000000f8e80000)
 ParOldGen       total 486912K, used 424137K [0x00000000c0000000, 0x00000000ddb80000, 0x00000000eab00000)
  object space 486912K, 87% used [0x00000000c0000000,0x00000000d9e32768,0x00000000ddb80000)
 Metaspace       used 6440K, capacity 7282K, committed 7552K, reserved 1056768K
  class space    used 606K, capacity 618K, committed 640K, reserved 1048576K
Event: 24,596 GC heap after
Heap after GC invocations=27 (full 4):
 PSYoungGen      total 232960K, used 20130K [0x00000000eab00000, 0x0000000100000000, 0x0000000100000000)
  eden space 116736K, 0% used [0x00000000eab00000,0x00000000eab00000,0x00000000f1d00000)
  from space 116224K, 17% used [0x00000000f1d00000,0x00000000f30a8a30,0x00000000f8e80000)
  to   space 116224K, 0% used [0x00000000f8e80000,0x00000000f8e80000,0x0000000100000000)
 ParOldGen       total 486912K, used 442634K [0x00000000c0000000, 0x00000000ddb80000, 0x00000000eab00000)
  object space 486912K, 90% used [0x00000000c0000000,0x00000000db042ae8,0x00000000ddb80000)
 Metaspace       used 6440K, capacity 7282K, committed 7552K, reserved 1056768K
  class space    used 606K, capacity 618K, committed 640K, reserved 1048576K
}
Event: 25,167 GC heap before
{Heap before GC invocations=28 (full 4):
 PSYoungGen      total 232960K, used 136866K [0x00000000eab00000, 0x0000000100000000, 0x0000000100000000)
  eden space 116736K, 100% used [0x00000000eab00000,0x00000000f1d00000,0x00000000f1d00000)
  from space 116224K, 17% used [0x00000000f1d00000,0x00000000f30a8a30,0x00000000f8e80000)
  to   space 116224K, 0% used [0x00000000f8e80000,0x00000000f8e80000,0x0000000100000000)
 ParOldGen       total 486912K, used 442634K [0x00000000c0000000, 0x00000000ddb80000, 0x00000000eab00000)
  object space 486912K, 90% used [0x00000000c0000000,0x00000000db042ae8,0x00000000ddb80000)
 Metaspace       used 6440K, capacity 7282K, committed 7552K, reserved 1056768K
  class space    used 606K, capacity 618K, committed 640K, reserved 1048576K
Event: 25,281 GC heap after
Heap after GC invocations=28 (full 4):
 PSYoungGen      total 232960K, used 20059K [0x00000000eab00000, 0x0000000100000000, 0x0000000100000000)
  eden space 116736K, 0% used [0x00000000eab00000,0x00000000eab00000,0x00000000f1d00000)
  from space 116224K, 17% used [0x00000000f8e80000,0x00000000fa216c38,0x0000000100000000)
  to   space 116224K, 0% used [0x00000000f1d00000,0x00000000f1d00000,0x00000000f8e80000)
 ParOldGen       total 486912K, used 461848K [0x00000000c0000000, 0x00000000ddb80000, 0x00000000eab00000)
  object space 486912K, 94% used [0x00000000c0000000,0x00000000dc306140,0x00000000ddb80000)
 Metaspace       used 6440K, capacity 7282K, committed 7552K, reserved 1056768K
  class space    used 606K, capacity 618K, committed 640K, reserved 1048576K
}
Event: 25,281 GC heap before
{Heap before GC invocations=29 (full 5):
 PSYoungGen      total 232960K, used 20059K [0x00000000eab00000, 0x0000000100000000, 0x0000000100000000)
  eden space 116736K, 0% used [0x00000000eab00000,0x00000000eab00000,0x00000000f1d00000)
  from space 116224K, 17% used [0x00000000f8e80000,0x00000000fa216c38,0x0000000100000000)
  to   space 116224K, 0% used [0x00000000f1d00000,0x00000000f1d00000,0x00000000f8e80000)
 ParOldGen       total 486912K, used 461848K [0x00000000c0000000, 0x00000000ddb80000, 0x00000000eab00000)
  object space 486912K, 94% used [0x00000000c0000000,0x00000000dc306140,0x00000000ddb80000)
 Metaspace       used 6440K, capacity 7282K, committed 7552K, reserved 1056768K
  class space    used 606K, capacity 618K, committed 640K, reserved 1048576K

Deoptimization events (10 events):
Event: 8,728 Thread 0x00007fc8801a4000 Uncommon trap: reason=unstable_if action=reinterpret pc=0x00007fc8713f4e28 method=com.android.dx.rop.code.RegisterSpec.equals(ILcom/android/dx/rop/type/TypeBearer;Lcom/android/dx/rop/code/LocalItem;)Z @ 31
Event: 8,728 Thread 0x00007fc8801a4000 Uncommon trap: reason=unstable_if action=reinterpret pc=0x00007fc871331b40 method=com.android.dx.rop.code.RegisterSpec.equals(ILcom/android/dx/rop/type/TypeBearer;Lcom/android/dx/rop/code/LocalItem;)Z @ 31
Event: 13,647 Thread 0x00007fc8801af000 Uncommon trap: reason=unstable_if action=reinterpret pc=0x00007fc871a0a00c method=com.android.dx.ssa.SsaMethod.blockIndexToRopLabel(I)I @ 1
Event: 14,079 Thread 0x00007fc88000a000 Uncommon trap: reason=unstable_if action=reinterpret pc=0x00007fc8719e8d18 method=com.android.dx.rop.code.LocalVariableExtractor.processBlock(I)V @ 208
Event: 14,214 Thread 0x00007fc8801af000 Uncommon trap: reason=unstable_if action=reinterpret pc=0x00007fc871a05ad0 method=com.android.dx.ssa.SsaBasicBlock.scheduleMovesFromPhis()V @ 63
Event: 14,974 Thread 0x00007fc8801b2000 Uncommon trap: reason=unstable_if action=reinterpret pc=0x00007fc871a485ac method=com.android.dx.ssa.InterferenceRegisterMapper.interferes(III)Z @ 35
Event: 16,299 Thread 0x00007fc88000a000 Uncommon trap: reason=unstable_if action=reinterpret pc=0x00007fc871a738e0 method=com.android.dx.rop.type.Type.isReference()Z @ 6
Event: 17,334 Thread 0x00007fc8801b0000 Uncommon trap: reason=unstable_if action=reinterpret pc=0x00007fc871a94358 method=com.android.dx.dex.code.RopTranslator.outputBlock(Lcom/android/dx/rop/code/BasicBlock;I)V @ 140
Event: 21,269 Thread 0x00007fc8801b2000 Uncommon trap: reason=unstable_if action=reinterpret pc=0x00007fc871a5c284 method=com.android.dx.ssa.LocalVariableExtractor.doit()Lcom/android/dx/ssa/LocalVariableInfo; @ 7
Event: 24,460 Thread 0x00007fc8801a4000 Uncommon trap: reason=unstable_if action=reinterpret pc=0x00007fc8711377c4 method=com.android.dx.util.BitIntSet.has(I)Z @ 8

Internal exceptions (10 events):
Event: 0,034 Thread 0x00007fc88000a000 Exception <a 'java/lang/NoSuchMethodError': Method sun.misc.Unsafe.prefetchRead(Ljava/lang/Object;J)V name or signature does not match> (0x00000000eab12e80) thrown at [/HUDSON/workspace/8-2-build-linux-amd64/jdk8u60/4407/hotspot/src/share/vm/prims/jni.cpp
Event: 1,556 Thread 0x00007fc8801b0000 Exception <a 'java/lang/ArrayIndexOutOfBoundsException': 18> (0x00000000eb465860) thrown at [/HUDSON/workspace/8-2-build-linux-amd64/jdk8u60/4407/hotspot/src/share/vm/interpreter/interpreterRuntime.cpp, line 366]
Event: 1,556 Thread 0x00007fc8801b0000 Exception <a 'java/lang/ArrayIndexOutOfBoundsException': 145> (0x00000000eb4673e0) thrown at [/HUDSON/workspace/8-2-build-linux-amd64/jdk8u60/4407/hotspot/src/share/vm/interpreter/interpreterRuntime.cpp, line 366]
Event: 1,558 Thread 0x00007fc8801b0000 Exception <a 'java/lang/ArrayIndexOutOfBoundsException': 40> (0x00000000eb4686c8) thrown at [/HUDSON/workspace/8-2-build-linux-amd64/jdk8u60/4407/hotspot/src/share/vm/interpreter/interpreterRuntime.cpp, line 366]
Event: 2,896 Thread 0x00007fc8801a4000 Implicit null exception at 0x00007fc87139073b to 0x00007fc8713908c5
Event: 5,943 Thread 0x00007fc8801b0000 Implicit null exception at 0x00007fc871730c33 to 0x00007fc871730ef1
Event: 6,574 Thread 0x00007fc8801b2000 Implicit null exception at 0x00007fc871855032 to 0x00007fc871857c75
Event: 6,575 Thread 0x00007fc8801b2000 Implicit null exception at 0x00007fc871866951 to 0x00007fc8718691ad
Event: 8,728 Thread 0x00007fc8801a4000 Implicit null exception at 0x00007fc8713f4a52 to 0x00007fc8713f4ded
Event: 8,728 Thread 0x00007fc8801a4000 Implicit null exception at 0x00007fc871331799 to 0x00007fc871331af5

Events (10 events):
Event: 24,972 Thread 0x00007fc8801af000 DEOPT UNPACKING pc=0x00007fc871047633 sp=0x00007fc86a129d00 mode 0
Event: 24,995 Thread 0x00007fc8801b2000 DEOPT PACKING pc=0x00007fc8712c02a0 sp=0x00007fc869f27d00
Event: 24,995 Thread 0x00007fc8801b2000 DEOPT UNPACKING pc=0x00007fc871047633 sp=0x00007fc869f27b00 mode 0
Event: 25,021 Thread 0x00007fc8801b2000 DEOPT PACKING pc=0x00007fc8712c02a0 sp=0x00007fc869f27d00
Event: 25,021 Thread 0x00007fc8801b2000 DEOPT UNPACKING pc=0x00007fc871047633 sp=0x00007fc869f27b00 mode 0
Event: 25,104 Thread 0x00007fc8801a4000 DEOPT PACKING pc=0x00007fc8712c02a0 sp=0x00007fc86a32bf00
Event: 25,104 Thread 0x00007fc8801a4000 DEOPT UNPACKING pc=0x00007fc871047633 sp=0x00007fc86a32bd00 mode 0
Event: 25,118 Thread 0x00007fc8801b0000 DEOPT PACKING pc=0x00007fc8714b2e42 sp=0x00007fc86a029040
Event: 25,118 Thread 0x00007fc8801b0000 DEOPT UNPACKING pc=0x00007fc871047633 sp=0x00007fc86a028d80 mode 0
Event: 25,165 Executing VM operation: ParallelGCFailedAllocation


Dynamic libraries:
00400000-00401000 r-xp 00000000 08:01 2362311                            /usr/lib/jvm/java-8-oracle/bin/java
00600000-00601000 rw-p 00000000 08:01 2362311                            /usr/lib/jvm/java-8-oracle/bin/java
01df0000-01e11000 rw-p 00000000 00:00 0                                  [heap]
c0000000-ddb80000 rw-p 00000000 00:00 0 
e8a00000-eab00000 ---p 00000000 00:00 0 
eab00000-100000000 rw-p 00000000 00:00 0 
100000000-1000a0000 rw-p 00000000 00:00 0 
1000a0000-140000000 ---p 00000000 00:00 0 
7fc824000000-7fc824054000 rw-p 00000000 00:00 0 
7fc824054000-7fc828000000 ---p 00000000 00:00 0 
7fc828000000-7fc828024000 rw-p 00000000 00:00 0 
7fc828024000-7fc82c000000 ---p 00000000 00:00 0 
7fc82c000000-7fc82c021000 rw-p 00000000 00:00 0 
7fc82c021000-7fc830000000 ---p 00000000 00:00 0 
7fc830000000-7fc830047000 rw-p 00000000 00:00 0 
7fc830047000-7fc834000000 ---p 00000000 00:00 0 
7fc834000000-7fc834021000 rw-p 00000000 00:00 0 
7fc834021000-7fc838000000 ---p 00000000 00:00 0 
7fc838000000-7fc838068000 rw-p 00000000 00:00 0 
7fc838068000-7fc83c000000 ---p 00000000 00:00 0 
7fc83c000000-7fc83cd12000 rw-p 00000000 00:00 0 
7fc83cd12000-7fc840000000 ---p 00000000 00:00 0 
7fc840000000-7fc840021000 rw-p 00000000 00:00 0 
7fc840021000-7fc844000000 ---p 00000000 00:00 0 
7fc844000000-7fc84534c000 rw-p 00000000 00:00 0 
7fc84534c000-7fc848000000 ---p 00000000 00:00 0 
7fc848000000-7fc84ade4000 rw-p 00000000 00:00 0 
7fc84ade4000-7fc84c000000 ---p 00000000 00:00 0 
7fc84c000000-7fc84c021000 rw-p 00000000 00:00 0 
7fc84c021000-7fc850000000 ---p 00000000 00:00 0 
7fc850000000-7fc850021000 rw-p 00000000 00:00 0 
7fc850021000-7fc854000000 ---p 00000000 00:00 0 
7fc854000000-7fc8542c7000 rw-p 00000000 00:00 0 
7fc8542c7000-7fc858000000 ---p 00000000 00:00 0 
7fc858000000-7fc858021000 rw-p 00000000 00:00 0 
7fc858021000-7fc85c000000 ---p 00000000 00:00 0 
7fc85c000000-7fc85c021000 rw-p 00000000 00:00 0 
7fc85c021000-7fc860000000 ---p 00000000 00:00 0 
7fc860000000-7fc860021000 rw-p 00000000 00:00 0 
7fc860021000-7fc864000000 ---p 00000000 00:00 0 
7fc864000000-7fc864021000 rw-p 00000000 00:00 0 
7fc864021000-7fc868000000 ---p 00000000 00:00 0 
7fc869e04000-7fc869e29000 r--p 00000000 08:01 2361987                    /usr/share/locale-langpack/pl/LC_MESSAGES/libc.mo
7fc869e29000-7fc869e2c000 ---p 00000000 00:00 0 
7fc869e2c000-7fc869f2a000 rw-p 00000000 00:00 0                          [stack:15091]
7fc869f2a000-7fc869f2d000 ---p 00000000 00:00 0 
7fc869f2d000-7fc86a02b000 rw-p 00000000 00:00 0                          [stack:15090]
7fc86a02b000-7fc86a02e000 ---p 00000000 00:00 0 
7fc86a02e000-7fc86a12c000 rw-p 00000000 00:00 0                          [stack:15089]
7fc86a12c000-7fc86a12f000 ---p 00000000 00:00 0 
7fc86a12f000-7fc86a22d000 rw-p 00000000 00:00 0                          [stack:15088]
7fc86a22d000-7fc86a230000 ---p 00000000 00:00 0 
7fc86a230000-7fc86a32e000 rw-p 00000000 00:00 0                          [stack:15087]
7fc86a32e000-7fc86a3b8000 r--s 006d6000 08:01 1837400                    /home/tomasz/AndroidStudioProjects/ITAssistant/app/build/intermediates/transforms/CLASSES/FULL_PROJECT/jarMerging/debug/classes.jar
7fc86a3b8000-7fc86a3b9000 ---p 00000000 00:00 0 
7fc86a3b9000-7fc86a4b9000 rw-p 00000000 00:00 0                          [stack:15086]
7fc86a4b9000-7fc86a4bc000 ---p 00000000 00:00 0 
7fc86a4bc000-7fc86a5ba000 rw-p 00000000 00:00 0                          [stack:15085]
7fc86a5ba000-7fc86a5bd000 ---p 00000000 00:00 0 
7fc86a5bd000-7fc86a6bb000 rw-p 00000000 00:00 0                          [stack:15084]
7fc86a6bb000-7fc86a6be000 ---p 00000000 00:00 0 
7fc86a6be000-7fc86a7bc000 rw-p 00000000 00:00 0                          [stack:15083]
7fc86a7bc000-7fc86a7bf000 ---p 00000000 00:00 0 
7fc86a7bf000-7fc86a8bd000 rw-p 00000000 00:00 0                          [stack:15082]
7fc86a8bd000-7fc86a8c0000 ---p 00000000 00:00 0 
7fc86a8c0000-7fc86a9be000 rw-p 00000000 00:00 0                          [stack:15081]
7fc86a9be000-7fc86b1d1000 r--p 00000000 08:01 1579663                    /usr/lib/locale/locale-archive
7fc86b1d1000-7fc86b1d4000 ---p 00000000 00:00 0 
7fc86b1d4000-7fc86b2d2000 rw-p 00000000 00:00 0                          [stack:15080]
7fc86b2d2000-7fc86b2d5000 ---p 00000000 00:00 0 
7fc86b2d5000-7fc86b3d3000 rw-p 00000000 00:00 0                          [stack:15079]
7fc86b3d3000-7fc86b3d4000 ---p 00000000 00:00 0 
7fc86b3d4000-7fc86c000000 rw-p 00000000 00:00 0                          [stack:15078]
7fc86c000000-7fc86c021000 rw-p 00000000 00:00 0 
7fc86c021000-7fc870000000 ---p 00000000 00:00 0 
7fc870003000-7fc870428000 rw-p 00000000 00:00 0 
7fc870428000-7fc870600000 r--s 03d17000 08:01 2107729                    /usr/lib/jvm/java-8-oracle/jre/lib/rt.jar
7fc870600000-7fc870cc0000 rw-p 00000000 00:00 0 
7fc870cc0000-7fc870e00000 ---p 00000000 00:00 0 
7fc870e00000-7fc871000000 rw-p 00000000 00:00 0 
7fc871000000-7fc871b80000 rwxp 00000000 00:00 0 
7fc871b80000-7fc880000000 ---p 00000000 00:00 0 
7fc880000000-7fc8803be000 rw-p 00000000 00:00 0 
7fc8803be000-7fc884000000 ---p 00000000 00:00 0 
7fc884014000-7fc88401b000 r--s 00000000 08:01 1967077                    /usr/lib/x86_64-linux-gnu/gconv/gconv-modules.cache
7fc88401b000-7fc886101000 rw-p 00000000 00:00 0 
7fc886101000-7fc886102000 ---p 00000000 00:00 0 
7fc886102000-7fc886202000 rw-p 00000000 00:00 0                          [stack:15077]
7fc886202000-7fc886203000 ---p 00000000 00:00 0 
7fc886203000-7fc886303000 rw-p 00000000 00:00 0                          [stack:15076]
7fc886303000-7fc886304000 ---p 00000000 00:00 0 
7fc886304000-7fc886404000 rw-p 00000000 00:00 0                          [stack:15075]
7fc886404000-7fc886405000 ---p 00000000 00:00 0 
7fc886405000-7fc8865f3000 rw-p 00000000 00:00 0                          [stack:15074]
7fc8865f3000-7fc88665b000 ---p 00000000 00:00 0 
7fc88665b000-7fc886749000 rw-p 00000000 00:00 0 
7fc886749000-7fc8867b0000 ---p 00000000 00:00 0 
7fc8867b0000-7fc88685b000 rw-p 00000000 00:00 0 
7fc88685b000-7fc88688a000 rw-p 00000000 00:00 0 
7fc88688a000-7fc886c1c000 ---p 00000000 00:00 0 
7fc886c1c000-7fc886c36000 r-xp 00000000 08:01 2107706                    /usr/lib/jvm/java-8-oracle/jre/lib/amd64/libzip.so
7fc886c36000-7fc886e36000 ---p 0001a000 08:01 2107706                    /usr/lib/jvm/java-8-oracle/jre/lib/amd64/libzip.so
7fc886e36000-7fc886e37000 rw-p 0001a000 08:01 2107706                    /usr/lib/jvm/java-8-oracle/jre/lib/amd64/libzip.so
7fc886e37000-7fc886e42000 r-xp 00000000 08:01 5771445                    /lib/x86_64-linux-gnu/libnss_files-2.19.so
7fc886e42000-7fc887041000 ---p 0000b000 08:01 5771445                    /lib/x86_64-linux-gnu/libnss_files-2.19.so
7fc887041000-7fc887042000 r--p 0000a000 08:01 5771445                    /lib/x86_64-linux-gnu/libnss_files-2.19.so
7fc887042000-7fc887043000 rw-p 0000b000 08:01 5771445                    /lib/x86_64-linux-gnu/libnss_files-2.19.so
7fc887043000-7fc88704e000 r-xp 00000000 08:01 5771455                    /lib/x86_64-linux-gnu/libnss_nis-2.19.so
7fc88704e000-7fc88724d000 ---p 0000b000 08:01 5771455                    /lib/x86_64-linux-gnu/libnss_nis-2.19.so
7fc88724d000-7fc88724e000 r--p 0000a000 08:01 5771455                    /lib/x86_64-linux-gnu/libnss_nis-2.19.so
7fc88724e000-7fc88724f000 rw-p 0000b000 08:01 5771455                    /lib/x86_64-linux-gnu/libnss_nis-2.19.so
7fc88724f000-7fc887266000 r-xp 00000000 08:01 5771439                    /lib/x86_64-linux-gnu/libnsl-2.19.so
7fc887266000-7fc887465000 ---p 00017000 08:01 5771439                    /lib/x86_64-linux-gnu/libnsl-2.19.so
7fc887465000-7fc887466000 r--p 00016000 08:01 5771439                    /lib/x86_64-linux-gnu/libnsl-2.19.so
7fc887466000-7fc887467000 rw-p 00017000 08:01 5771439                    /lib/x86_64-linux-gnu/libnsl-2.19.so
7fc887467000-7fc887469000 rw-p 00000000 00:00 0 
7fc887469000-7fc887472000 r-xp 00000000 08:01 5771441                    /lib/x86_64-linux-gnu/libnss_compat-2.19.so
7fc887472000-7fc887671000 ---p 00009000 08:01 5771441                    /lib/x86_64-linux-gnu/libnss_compat-2.19.so
7fc887671000-7fc887672000 r--p 00008000 08:01 5771441                    /lib/x86_64-linux-gnu/libnss_compat-2.19.so
7fc887672000-7fc887673000 rw-p 00009000 08:01 5771441                    /lib/x86_64-linux-gnu/libnss_compat-2.19.so
7fc887673000-7fc88769d000 r-xp 00000000 08:01 2107695                    /usr/lib/jvm/java-8-oracle/jre/lib/amd64/libjava.so
7fc88769d000-7fc88789d000 ---p 0002a000 08:01 2107695                    /usr/lib/jvm/java-8-oracle/jre/lib/amd64/libjava.so
7fc88789d000-7fc88789f000 rw-p 0002a000 08:01 2107695                    /usr/lib/jvm/java-8-oracle/jre/lib/amd64/libjava.so
7fc88789f000-7fc8878ac000 r-xp 00000000 08:01 2107656                    /usr/lib/jvm/java-8-oracle/jre/lib/amd64/libverify.so
7fc8878ac000-7fc887aac000 ---p 0000d000 08:01 2107656                    /usr/lib/jvm/java-8-oracle/jre/lib/amd64/libverify.so
7fc887aac000-7fc887aae000 rw-p 0000d000 08:01 2107656                    /usr/lib/jvm/java-8-oracle/jre/lib/amd64/libverify.so
7fc887aae000-7fc887ab5000 r-xp 00000000 08:01 5771498                    /lib/x86_64-linux-gnu/librt-2.19.so
7fc887ab5000-7fc887cb4000 ---p 00007000 08:01 5771498                    /lib/x86_64-linux-gnu/librt-2.19.so
7fc887cb4000-7fc887cb5000 r--p 00006000 08:01 5771498                    /lib/x86_64-linux-gnu/librt-2.19.so
7fc887cb5000-7fc887cb6000 rw-p 00007000 08:01 5771498                    /lib/x86_64-linux-gnu/librt-2.19.so
7fc887cb6000-7fc887dbb000 r-xp 00000000 08:01 5771420                    /lib/x86_64-linux-gnu/libm-2.19.so
7fc887dbb000-7fc887fba000 ---p 00105000 08:01 5771420                    /lib/x86_64-linux-gnu/libm-2.19.so
7fc887fba000-7fc887fbb000 r--p 00104000 08:01 5771420                    /lib/x86_64-linux-gnu/libm-2.19.so
7fc887fbb000-7fc887fbc000 rw-p 00105000 08:01 5771420                    /lib/x86_64-linux-gnu/libm-2.19.so
7fc887fbc000-7fc888c7a000 r-xp 00000000 08:01 2107705                    /usr/lib/jvm/java-8-oracle/jre/lib/amd64/server/libjvm.so
7fc888c7a000-7fc888e79000 ---p 00cbe000 08:01 2107705                    /usr/lib/jvm/java-8-oracle/jre/lib/amd64/server/libjvm.so
7fc888e79000-7fc888f51000 rw-p 00cbd000 08:01 2107705                    /usr/lib/jvm/java-8-oracle/jre/lib/amd64/server/libjvm.so
7fc888f51000-7fc888f96000 rw-p 00000000 00:00 0 
7fc888f96000-7fc889151000 r-xp 00000000 08:01 5771370                    /lib/x86_64-linux-gnu/libc-2.19.so
7fc889151000-7fc889350000 ---p 001bb000 08:01 5771370                    /lib/x86_64-linux-gnu/libc-2.19.so
7fc889350000-7fc889354000 r--p 001ba000 08:01 5771370                    /lib/x86_64-linux-gnu/libc-2.19.so
7fc889354000-7fc889356000 rw-p 001be000 08:01 5771370                    /lib/x86_64-linux-gnu/libc-2.19.so
7fc889356000-7fc88935b000 rw-p 00000000 00:00 0 
7fc88935b000-7fc88935e000 r-xp 00000000 08:01 5771387                    /lib/x86_64-linux-gnu/libdl-2.19.so
7fc88935e000-7fc88955d000 ---p 00003000 08:01 5771387                    /lib/x86_64-linux-gnu/libdl-2.19.so
7fc88955d000-7fc88955e000 r--p 00002000 08:01 5771387                    /lib/x86_64-linux-gnu/libdl-2.19.so
7fc88955e000-7fc88955f000 rw-p 00003000 08:01 5771387                    /lib/x86_64-linux-gnu/libdl-2.19.so
7fc88955f000-7fc889574000 r-xp 00000000 08:01 3039267                    /usr/lib/jvm/java-8-oracle/lib/amd64/jli/libjli.so
7fc889574000-7fc889774000 ---p 00015000 08:01 3039267                    /usr/lib/jvm/java-8-oracle/lib/amd64/jli/libjli.so
7fc889774000-7fc889775000 rw-p 00015000 08:01 3039267                    /usr/lib/jvm/java-8-oracle/lib/amd64/jli/libjli.so
7fc889775000-7fc88978e000 r-xp 00000000 08:01 5771490                    /lib/x86_64-linux-gnu/libpthread-2.19.so
7fc88978e000-7fc88998d000 ---p 00019000 08:01 5771490                    /lib/x86_64-linux-gnu/libpthread-2.19.so
7fc88998d000-7fc88998e000 r--p 00018000 08:01 5771490                    /lib/x86_64-linux-gnu/libpthread-2.19.so
7fc88998e000-7fc88998f000 rw-p 00019000 08:01 5771490                    /lib/x86_64-linux-gnu/libpthread-2.19.so
7fc88998f000-7fc889993000 rw-p 00000000 00:00 0 
7fc889993000-7fc8899b6000 r-xp 00000000 08:01 5771346                    /lib/x86_64-linux-gnu/ld-2.19.so
7fc8899bb000-7fc889a94000 rw-p 00000000 00:00 0 
7fc889a94000-7fc889a97000 ---p 00000000 00:00 0 
7fc889a97000-7fc889b9a000 rw-p 00000000 00:00 0                          [stack:15070]
7fc889b9a000-7fc889ba9000 r--s 000df000 08:01 656243                     /home/tomasz/Android/Sdk/build-tools/23.0.1/lib/dx.jar
7fc889ba9000-7fc889bb1000 rw-s 00000000 08:01 6032256                    /tmp/hsperfdata_tomasz/15068
7fc889bb1000-7fc889bb2000 rw-p 00000000 00:00 0 
7fc889bb2000-7fc889bb3000 ---p 00000000 00:00 0 
7fc889bb3000-7fc889bb5000 rw-p 00000000 00:00 0 
7fc889bb5000-7fc889bb6000 r--p 00022000 08:01 5771346                    /lib/x86_64-linux-gnu/ld-2.19.so
7fc889bb6000-7fc889bb7000 rw-p 00023000 08:01 5771346                    /lib/x86_64-linux-gnu/ld-2.19.so
7fc889bb7000-7fc889bb8000 rw-p 00000000 00:00 0 
7ffe34a8f000-7ffe34ab0000 rw-p 00000000 00:00 0                          [stack]
7ffe34af1000-7ffe34af3000 r--p 00000000 00:00 0                          [vvar]
7ffe34af3000-7ffe34af5000 r-xp 00000000 00:00 0                          [vdso]
ffffffffff600000-ffffffffff601000 r-xp 00000000 00:00 0                  [vsyscall]

VM Arguments:
jvm_args: -Xmx1024M -Dfile.encoding=UTF-8 -Duser.country=PL -Duser.language=pl -Duser.variant 
java_command: com.android.dx.command.Main --dex --num-threads=4 --multi-dex --main-dex-list /home/tomasz/AndroidStudioProjects/ITAssistant/app/build/intermediates/multi-dex/debug/maindexlist.txt --output /home/tomasz/AndroidStudioProjects/ITAssistant/app/build/intermediates/transforms/DEX/FULL_PROJECT/dex/debug /home/tomasz/AndroidStudioProjects/ITAssistant/app/build/intermediates/transforms/CLASSES/FULL_PROJECT/jarMerging/debug/classes.jar
java_class_path (initial): /home/tomasz/Android/Sdk/build-tools/23.0.1/lib/dx.jar
Launcher Type: SUN_STANDARD

Environment Variables:
PATH=/usr/local/sbin:/usr/local/bin:/usr/sbin:/usr/bin:/sbin:/bin:/usr/games:/usr/local/games
LD_LIBRARY_PATH=/opt/android-studio/bin:
SHELL=/bin/bash
DISPLAY=:0

Signal Handlers:
SIGSEGV: [libjvm.so+0xaba070], sa_mask[0]=11111111011111111101111111111110, sa_flags=SA_RESTART|SA_SIGINFO
SIGBUS: [libjvm.so+0xaba070], sa_mask[0]=11111111011111111101111111111110, sa_flags=SA_RESTART|SA_SIGINFO
SIGFPE: [libjvm.so+0x917630], sa_mask[0]=11111111011111111101111111111110, sa_flags=SA_RESTART|SA_SIGINFO
SIGPIPE: [libjvm.so+0x917630], sa_mask[0]=11111111011111111101111111111110, sa_flags=SA_RESTART|SA_SIGINFO
SIGXFSZ: [libjvm.so+0x917630], sa_mask[0]=11111111011111111101111111111110, sa_flags=SA_RESTART|SA_SIGINFO
SIGILL: [libjvm.so+0x917630], sa_mask[0]=11111111011111111101111111111110, sa_flags=SA_RESTART|SA_SIGINFO
SIGUSR1: SIG_DFL, sa_mask[0]=00000000000000000000000000000000, sa_flags=none
SIGUSR2: [libjvm.so+0x918c60], sa_mask[0]=00100000000000000000000000000000, sa_flags=SA_RESTART|SA_SIGINFO
SIGHUP: [libjvm.so+0x91a060], sa_mask[0]=11111111011111111101111111111110, sa_flags=SA_RESTART|SA_SIGINFO
SIGINT: [libjvm.so+0x91a060], sa_mask[0]=11111111011111111101111111111110, sa_flags=SA_RESTART|SA_SIGINFO
SIGTERM: [libjvm.so+0x91a060], sa_mask[0]=11111111011111111101111111111110, sa_flags=SA_RESTART|SA_SIGINFO
SIGQUIT: [libjvm.so+0x91a060], sa_mask[0]=11111111011111111101111111111110, sa_flags=SA_RESTART|SA_SIGINFO


---------------  S Y S T E M  ---------------

OS:DISTRIB_ID=Ubuntu
DISTRIB_RELEASE=14.04
DISTRIB_CODENAME=trusty
DISTRIB_DESCRIPTION="Ubuntu 14.04.3 LTS"

uname:Linux 3.19.0-25-generic #26~14.04.1-Ubuntu SMP Fri Jul 24 21:16:20 UTC 2015 x86_64
libc:glibc 2.19 NPTL 2.19 
rlimit: STACK 8192k, CORE 0k, NPROC 23202, NOFILE 4096, AS infinity
load average:5,13 3,47 2,15

/proc/meminfo:
MemTotal:        5961340 kB
MemFree:          115244 kB
MemAvailable:     112004 kB
Buffers:            5924 kB
Cached:           809580 kB
SwapCached:            0 kB
Active:          4947596 kB
Inactive:         694096 kB
Active(anon):    4895528 kB
Inactive(anon):   636368 kB
Active(file):      52068 kB
Inactive(file):    57728 kB
Unevictable:        1652 kB
Mlocked:            1652 kB
SwapTotal:             0 kB
SwapFree:              0 kB
Dirty:              1316 kB
Writeback:             0 kB
AnonPages:       4827672 kB
Mapped:           441372 kB
Shmem:            705668 kB
Slab:              92480 kB
SReclaimable:      52648 kB
SUnreclaim:        39832 kB
KernelStack:       12272 kB
PageTables:        53084 kB
NFS_Unstable:          0 kB
Bounce:                0 kB
WritebackTmp:          0 kB
CommitLimit:     2980668 kB
Committed_AS:   11085096 kB
VmallocTotal:   34359738367 kB
VmallocUsed:      551984 kB
VmallocChunk:   34359176188 kB
HardwareCorrupted:     0 kB
AnonHugePages:   2029568 kB
CmaTotal:              0 kB
CmaFree:               0 kB
HugePages_Total:       0
HugePages_Free:        0
HugePages_Rsvd:        0
HugePages_Surp:        0
Hugepagesize:       2048 kB
DirectMap4k:      172288 kB
DirectMap2M:     5967872 kB


CPU:total 4 (2 cores per cpu, 2 threads per core) family 6 model 42 stepping 7, cmov, cx8, fxsr, mmx, sse, sse2, sse3, ssse3, sse4.1, sse4.2, popcnt, avx, aes, clmul, ht, tsc, tscinvbit

/proc/cpuinfo:
processor	: 0
vendor_id	: GenuineIntel
cpu family	: 6
model		: 42
model name	: Intel(R) Core(TM) i5-2450M CPU @ 2.50GHz
stepping	: 7
microcode	: 0x25
cpu MHz		: 2626.855
cache size	: 3072 KB
physical id	: 0
siblings	: 4
core id		: 0
cpu cores	: 2
apicid		: 0
initial apicid	: 0
fpu		: yes
fpu_exception	: yes
cpuid level	: 13
wp		: yes
flags		: fpu vme de pse tsc msr pae mce cx8 apic sep mtrr pge mca cmov pat pse36 clflush dts acpi mmx fxsr sse sse2 ss ht tm pbe syscall nx rdtscp lm constant_tsc arch_perfmon pebs bts rep_good nopl xtopology nonstop_tsc aperfmperf eagerfpu pni pclmulqdq dtes64 monitor ds_cpl vmx est tm2 ssse3 cx16 xtpr pdcm pcid sse4_1 sse4_2 x2apic popcnt tsc_deadline_timer aes xsave avx lahf_lm ida arat epb pln pts dtherm tpr_shadow vnmi flexpriority ept vpid xsaveopt
bugs		:
bogomips	: 4989.01
clflush size	: 64
cache_alignment	: 64
address sizes	: 36 bits physical, 48 bits virtual
power management:

processor	: 1
vendor_id	: GenuineIntel
cpu family	: 6
model		: 42
model name	: Intel(R) Core(TM) i5-2450M CPU @ 2.50GHz
stepping	: 7
microcode	: 0x25
cpu MHz		: 2900.000
cache size	: 3072 KB
physical id	: 0
siblings	: 4
core id		: 0
cpu cores	: 2
apicid		: 1
initial apicid	: 1
fpu		: yes
fpu_exception	: yes
cpuid level	: 13
wp		: yes
flags		: fpu vme de pse tsc msr pae mce cx8 apic sep mtrr pge mca cmov pat pse36 clflush dts acpi mmx fxsr sse sse2 ss ht tm pbe syscall nx rdtscp lm constant_tsc arch_perfmon pebs bts rep_good nopl xtopology nonstop_tsc aperfmperf eagerfpu pni pclmulqdq dtes64 monitor ds_cpl vmx est tm2 ssse3 cx16 xtpr pdcm pcid sse4_1 sse4_2 x2apic popcnt tsc_deadline_timer aes xsave avx lahf_lm ida arat epb pln pts dtherm tpr_shadow vnmi flexpriority ept vpid xsaveopt
bugs		:
bogomips	: 4989.01
clflush size	: 64
cache_alignment	: 64
address sizes	: 36 bits physical, 48 bits virtual
power management:

processor	: 2
vendor_id	: GenuineIntel
cpu family	: 6
model		: 42
model name	: Intel(R) Core(TM) i5-2450M CPU @ 2.50GHz
stepping	: 7
microcode	: 0x25
cpu MHz		: 2877.246
cache size	: 3072 KB
physical id	: 0
siblings	: 4
core id		: 1
cpu cores	: 2
apicid		: 2
initial apicid	: 2
fpu		: yes
fpu_exception	: yes
cpuid level	: 13
wp		: yes
flags		: fpu vme de pse tsc msr pae mce cx8 apic sep mtrr pge mca cmov pat pse36 clflush dts acpi mmx fxsr sse sse2 ss ht tm pbe syscall nx rdtscp lm constant_tsc arch_perfmon pebs bts rep_good nopl xtopology nonstop_tsc aperfmperf eagerfpu pni pclmulqdq dtes64 monitor ds_cpl vmx est tm2 ssse3 cx16 xtpr pdcm pcid sse4_1 sse4_2 x2apic popcnt tsc_deadline_timer aes xsave avx lahf_lm ida arat epb pln pts dtherm tpr_shadow vnmi flexpriority ept vpid xsaveopt
bugs		:
bogomips	: 4989.01
clflush size	: 64
cache_alignment	: 64
address sizes	: 36 bits physical, 48 bits virtual
power management:

processor	: 3
vendor_id	: GenuineIntel
cpu family	: 6
model		: 42
model name	: Intel(R) Core(TM) i5-2450M CPU @ 2.50GHz
stepping	: 7
microcode	: 0x25
cpu MHz		: 2883.593
cache size	: 3072 KB
physical id	: 0
siblings	: 4
core id		: 1
cpu cores	: 2
apicid		: 3
initial apicid	: 3
fpu		: yes
fpu_exception	: yes
cpuid level	: 13
wp		: yes
flags		: fpu vme de pse tsc msr pae mce cx8 apic sep mtrr pge mca cmov pat pse36 clflush dts acpi mmx fxsr sse sse2 ss ht tm pbe syscall nx rdtscp lm constant_tsc arch_perfmon pebs bts rep_good nopl xtopology nonstop_tsc aperfmperf eagerfpu pni pclmulqdq dtes64 monitor ds_cpl vmx est tm2 ssse3 cx16 xtpr pdcm pcid sse4_1 sse4_2 x2apic popcnt tsc_deadline_timer aes xsave avx lahf_lm ida arat epb pln pts dtherm tpr_shadow vnmi flexpriority ept vpid xsaveopt
bugs		:
bogomips	: 4989.01
clflush size	: 64
cache_alignment	: 64
address sizes	: 36 bits physical, 48 bits virtual
power management:



Memory: 4k page, physical 5961340k(115244k free), swap 0k(0k free)

vm_info: Java HotSpot(TM) 64-Bit Server VM (25.60-b23) for linux-amd64 JRE (1.8.0_60-b27), built on Aug  4 2015 12:19:40 by "java_re" with gcc 4.3.0 20080428 (Red Hat 4.3.0-8)

time: Fri Oct 16 13:39:02 2015
elapsed time: 27 seconds (0d 0h 0m 27s)

