#
# There is insufficient memory for the Java Runtime Environment to continue.
# Native memory allocation (mmap) failed to map 156762112 bytes for committing reserved memory.
# Possible reasons:
#   The system is out of physical RAM or swap space
#   In 32 bit mode, the process size limit was hit
# Possible solutions:
#   Reduce memory load on the system
#   Increase physical memory or swap space
#   Check if swap backing store is full
#   Use 64 bit Java on a 64 bit OS
#   Decrease Java heap size (-Xmx/-Xms)
#   Decrease number of Java threads
#   Decrease Java thread stack sizes (-Xss)
#   Set larger code cache with -XX:ReservedCodeCacheSize=
# This output file may be truncated or incomplete.
#
#  Out of Memory Error (os_linux.cpp:2627), pid=23533, tid=139864741451520
#
# JRE version: Java(TM) SE Runtime Environment (8.0_66-b17) (build 1.8.0_66-b17)
# Java VM: Java HotSpot(TM) 64-Bit Server VM (25.66-b17 mixed mode linux-amd64 compressed oops)
# Failed to write core dump. Core dumps have been disabled. To enable core dumping, try "ulimit -c unlimited" before starting Java again
#

---------------  T H R E A D  ---------------

Current thread (0x00007f34dc078000):  VMThread [stack: 0x00007f34cc2b1000,0x00007f34cc3b2000] [id=23543]

Stack: [0x00007f34cc2b1000,0x00007f34cc3b2000],  sp=0x00007f34cc3b02e0,  free space=1020k
Native frames: (J=compiled Java code, j=interpreted, Vv=VM code, C=native code)
V  [libjvm.so+0xab9a1a]  VMError::report_and_die()+0x2ba
V  [libjvm.so+0x4f9e0b]  report_vm_out_of_memory(char const*, int, unsigned long, VMErrorType, char const*)+0x8b
V  [libjvm.so+0x91a8a3]  os::Linux::commit_memory_impl(char*, unsigned long, bool)+0x103
V  [libjvm.so+0x91adf9]  os::pd_commit_memory(char*, unsigned long, unsigned long, bool)+0x29
V  [libjvm.so+0x91510a]  os::commit_memory(char*, unsigned long, unsigned long, bool)+0x2a
V  [libjvm.so+0x9887a3]  PSVirtualSpace::expand_by(unsigned long)+0x53
V  [libjvm.so+0x979090]  PSOldGen::expand(unsigned long)+0x170
V  [libjvm.so+0x97929b]  PSOldGen::resize(unsigned long)+0x1cb
V  [libjvm.so+0x980f71]  PSParallelCompact::invoke_no_policy(bool)+0x991
V  [libjvm.so+0x9868cd]  PSScavenge::invoke()+0x1ad
V  [libjvm.so+0x93e500]  ParallelScavengeHeap::failed_mem_allocate(unsigned long)+0x70
V  [libjvm.so+0xabb437]  VM_ParallelGCFailedAllocation::doit()+0x97
V  [libjvm.so+0xac2e65]  VM_Operation::evaluate()+0x55
V  [libjvm.so+0xac123a]  VMThread::evaluate_operation(VM_Operation*)+0xba
V  [libjvm.so+0xac15be]  VMThread::loop()+0x1ce
V  [libjvm.so+0xac1a30]  VMThread::run()+0x70
V  [libjvm.so+0x91cc68]  java_start(Thread*)+0x108

VM_Operation (0x00007f34bee15820): ParallelGCFailedAllocation, mode: safepoint, requested by thread 0x00007f34dc1b1800


---------------  P R O C E S S  ---------------

Java Threads: ( => current thread )
  0x00007f34dc1b3000 JavaThread "pool-2-thread-4" [_thread_blocked, id=23558, stack(0x00007f34bec16000,0x00007f34bed17000)]
  0x00007f34dc1b1800 JavaThread "pool-2-thread-3" [_thread_blocked, id=23557, stack(0x00007f34bed17000,0x00007f34bee18000)]
  0x00007f34dc1b0000 JavaThread "pool-2-thread-2" [_thread_blocked, id=23556, stack(0x00007f34bee18000,0x00007f34bef19000)]
  0x00007f34dc1af000 JavaThread "pool-3-thread-1" [_thread_blocked, id=23555, stack(0x00007f34bef19000,0x00007f34bf01a000)]
  0x00007f34dc1ac800 JavaThread "pool-2-thread-1" [_thread_blocked, id=23554, stack(0x00007f34bf01a000,0x00007f34bf11b000)]
  0x00007f34dc0ca800 JavaThread "Service Thread" daemon [_thread_blocked, id=23550, stack(0x00007f34bf2e8000,0x00007f34bf3e9000)]
  0x00007f34dc0bd800 JavaThread "C1 CompilerThread2" daemon [_thread_blocked, id=23549, stack(0x00007f34bf3e9000,0x00007f34bf4ea000)]
  0x00007f34dc0bb800 JavaThread "C2 CompilerThread1" daemon [_thread_in_native, id=23548, stack(0x00007f34bf4ea000,0x00007f34bf5eb000)]
  0x00007f34dc0b8800 JavaThread "C2 CompilerThread0" daemon [_thread_blocked, id=23547, stack(0x00007f34bf5eb000,0x00007f34bf6ec000)]
  0x00007f34dc0b7800 JavaThread "Signal Dispatcher" daemon [_thread_blocked, id=23546, stack(0x00007f34bf6ec000,0x00007f34bf7ed000)]
  0x00007f34dc07f000 JavaThread "Finalizer" daemon [_thread_blocked, id=23545, stack(0x00007f34cc0af000,0x00007f34cc1b0000)]
  0x00007f34dc07d000 JavaThread "Reference Handler" daemon [_thread_blocked, id=23544, stack(0x00007f34cc1b0000,0x00007f34cc2b1000)]
  0x00007f34dc00a000 JavaThread "main" [_thread_blocked, id=23538, stack(0x00007f34e4ec8000,0x00007f34e4fc9000)]

Other Threads:
=>0x00007f34dc078000 VMThread [stack: 0x00007f34cc2b1000,0x00007f34cc3b2000] [id=23543]
  0x00007f34dc0cd800 WatcherThread [stack: 0x00007f34bf1e7000,0x00007f34bf2e8000] [id=23551]

VM state:at safepoint (normal execution)

VM Mutex/Monitor currently owned by a thread:  ([mutex/lock_event])
[0x00007f34dc005ef0] ExpandHeap_lock - owner thread: 0x00007f34dc078000
[0x00007f34dc006570] Threads_lock - owner thread: 0x00007f34dc078000
[0x00007f34dc006a70] Heap_lock - owner thread: 0x00007f34dc1b1800

Heap:
 PSYoungGen      total 513536K, used 23465K [0x00000000d5580000, 0x0000000100000000, 0x0000000100000000)
  eden space 419328K, 0% used [0x00000000d5580000,0x00000000d5580000,0x00000000eef00000)
  from space 94208K, 24% used [0x00000000eef00000,0x00000000f05ea600,0x00000000f4b00000)
  to   space 102400K, 0% used [0x00000000f9c00000,0x00000000f9c00000,0x0000000100000000)
 ParOldGen       total 226304K, used 226065K [0x0000000080000000, 0x000000008dd00000, 0x00000000d5580000)
  object space 226304K, 99% used [0x0000000080000000,0x000000008dcc44c8,0x000000008dd00000)
 Metaspace       used 6567K, capacity 7320K, committed 7680K, reserved 1056768K
  class space    used 616K, capacity 656K, committed 768K, reserved 1048576K

Card table byte_map: [0x00007f34e1894000,0x00007f34e1c95000] byte_map_base: 0x00007f34e1494000

Marking Bits: (ParMarkBitMap*) 0x00007f34e43a4020
 Begin Bits: [0x00007f34c4000000, 0x00007f34c6000000)
 End Bits:   [0x00007f34c6000000, 0x00007f34c8000000)

Polling page: 0x00007f34e4feb000

CodeCache: size=245760Kb used=10838Kb max_used=10838Kb free=234921Kb
 bounds [0x00007f34cd000000, 0x00007f34cdaa0000, 0x00007f34dc000000]
 total_blobs=2712 nmethods=2443 adapters=182
 compilation: enabled

Compilation events (10 events):
Event: 15,107 Thread 0x00007f34dc0bd800 2634       2       java.util.concurrent.ThreadPoolExecutor::isShutdown (19 bytes)
Event: 15,107 Thread 0x00007f34dc0bd800 nmethod 2634 0x00007f34cda955d0 code [0x00007f34cda95720, 0x00007f34cda95890]
Event: 15,321 Thread 0x00007f34dc0bd800 2641       2       com.android.dx.ssa.NormalSsaInsn::accept (25 bytes)
Event: 15,339 Thread 0x00007f34dc0bd800 nmethod 2641 0x00007f34cda95950 code [0x00007f34cda95ac0, 0x00007f34cda95c98]
Event: 15,339 Thread 0x00007f34dc0bd800 2642       3       com.android.dx.ssa.SCCP::simulateBranch (666 bytes)
Event: 15,347 Thread 0x00007f34dc0bd800 nmethod 2642 0x00007f34cda95dd0 code [0x00007f34cda96280, 0x00007f34cda99d58]
Event: 15,456 Thread 0x00007f34dc0bd800 2644       2       com.android.dx.rop.code.Rops::opMarkLocal (69 bytes)
Event: 15,488 Thread 0x00007f34dc0bd800 nmethod 2644 0x00007f34cda9b990 code [0x00007f34cda9bb60, 0x00007f34cda9c038]
Event: 15,534 Thread 0x00007f34dc0bd800 2645 %     3       sun.util.calendar.ZoneInfo::getTransitionIndex @ 12 (156 bytes)
Event: 15,545 Thread 0x00007f34dc0bd800 nmethod 2645% 0x00007f34cda9c350 code [0x00007f34cda9c4e0, 0x00007f34cda9ca10]

GC Heap History (10 events):
Event: 5,906 GC heap after
Heap after GC invocations=9 (full 1):
 PSYoungGen      total 399872K, used 20834K [0x00000000d5580000, 0x00000000f2180000, 0x0000000100000000)
  eden space 364032K, 0% used [0x00000000d5580000,0x00000000d5580000,0x00000000eb900000)
  from space 35840K, 58% used [0x00000000ee780000,0x00000000efbd8b08,0x00000000f0a80000)
  to   space 47616K, 0% used [0x00000000eb900000,0x00000000eb900000,0x00000000ee780000)
 ParOldGen       total 122368K, used 62703K [0x0000000080000000, 0x0000000087780000, 0x00000000d5580000)
  object space 122368K, 51% used [0x0000000080000000,0x0000000083d3bd98,0x0000000087780000)
 Metaspace       used 6452K, capacity 7256K, committed 7424K, reserved 1056768K
  class space    used 615K, capacity 656K, committed 768K, reserved 1048576K
}
Event: 7,658 GC heap before
{Heap before GC invocations=10 (full 1):
 PSYoungGen      total 399872K, used 384866K [0x00000000d5580000, 0x00000000f2180000, 0x0000000100000000)
  eden space 364032K, 100% used [0x00000000d5580000,0x00000000eb900000,0x00000000eb900000)
  from space 35840K, 58% used [0x00000000ee780000,0x00000000efbd8b08,0x00000000f0a80000)
  to   space 47616K, 0% used [0x00000000eb900000,0x00000000eb900000,0x00000000ee780000)
 ParOldGen       total 122368K, used 62703K [0x0000000080000000, 0x0000000087780000, 0x00000000d5580000)
  object space 122368K, 51% used [0x0000000080000000,0x0000000083d3bd98,0x0000000087780000)
 Metaspace       used 6521K, capacity 7256K, committed 7424K, reserved 1056768K
  class space    used 616K, capacity 656K, committed 768K, reserved 1048576K
Event: 7,909 GC heap after
Heap after GC invocations=10 (full 1):
 PSYoungGen      total 411648K, used 47584K [0x00000000d5580000, 0x00000000f9f80000, 0x0000000100000000)
  eden space 364032K, 0% used [0x00000000d5580000,0x00000000d5580000,0x00000000eb900000)
  from space 47616K, 99% used [0x00000000eb900000,0x00000000ee778200,0x00000000ee780000)
  to   space 74752K, 0% used [0x00000000f5680000,0x00000000f5680000,0x00000000f9f80000)
 ParOldGen       total 122368K, used 108212K [0x0000000080000000, 0x0000000087780000, 0x00000000d5580000)
  object space 122368K, 88% used [0x0000000080000000,0x00000000869ad1c0,0x0000000087780000)
 Metaspace       used 6521K, capacity 7256K, committed 7424K, reserved 1056768K
  class space    used 616K, capacity 656K, committed 768K, reserved 1048576K
}
Event: 7,909 GC heap before
{Heap before GC invocations=11 (full 2):
 PSYoungGen      total 411648K, used 47584K [0x00000000d5580000, 0x00000000f9f80000, 0x0000000100000000)
  eden space 364032K, 0% used [0x00000000d5580000,0x00000000d5580000,0x00000000eb900000)
  from space 47616K, 99% used [0x00000000eb900000,0x00000000ee778200,0x00000000ee780000)
  to   space 74752K, 0% used [0x00000000f5680000,0x00000000f5680000,0x00000000f9f80000)
 ParOldGen       total 122368K, used 108212K [0x0000000080000000, 0x0000000087780000, 0x00000000d5580000)
  object space 122368K, 88% used [0x0000000080000000,0x00000000869ad1c0,0x0000000087780000)
 Metaspace       used 6521K, capacity 7256K, committed 7424K, reserved 1056768K
  class space    used 616K, capacity 656K, committed 768K, reserved 1048576K
Event: 9,022 GC heap after
Heap after GC invocations=11 (full 2):
 PSYoungGen      total 411648K, used 31121K [0x00000000d5580000, 0x00000000f9f80000, 0x0000000100000000)
  eden space 364032K, 0% used [0x00000000d5580000,0x00000000d5580000,0x00000000eb900000)
  from space 47616K, 65% used [0x00000000eb900000,0x00000000ed764400,0x00000000ee780000)
  to   space 74752K, 0% used [0x00000000f5680000,0x00000000f5680000,0x00000000f9f80000)
 ParOldGen       total 226304K, used 122341K [0x0000000080000000, 0x000000008dd00000, 0x00000000d5580000)
  object space 226304K, 54% used [0x0000000080000000,0x0000000087779620,0x000000008dd00000)
 Metaspace       used 6521K, capacity 7256K, committed 7424K, reserved 1056768K
  class space    used 616K, capacity 656K, committed 768K, reserved 1048576K
}
Event: 11,837 GC heap before
{Heap before GC invocations=12 (full 2):
 PSYoungGen      total 411648K, used 395153K [0x00000000d5580000, 0x00000000f9f80000, 0x0000000100000000)
  eden space 364032K, 100% used [0x00000000d5580000,0x00000000eb900000,0x00000000eb900000)
  from space 47616K, 65% used [0x00000000eb900000,0x00000000ed764400,0x00000000ee780000)
  to   space 74752K, 0% used [0x00000000f5680000,0x00000000f5680000,0x00000000f9f80000)
 ParOldGen       total 226304K, used 122341K [0x0000000080000000, 0x000000008dd00000, 0x00000000d5580000)
  object space 226304K, 54% used [0x0000000080000000,0x0000000087779620,0x000000008dd00000)
 Metaspace       used 6548K, capacity 7320K, committed 7680K, reserved 1056768K
  class space    used 616K, capacity 656K, committed 768K, reserved 1048576K
Event: 12,267 GC heap after
Heap after GC invocations=12 (full 2):
 PSYoungGen      total 494080K, used 74744K [0x00000000d5580000, 0x00000000fa700000, 0x0000000100000000)
  eden space 419328K, 0% used [0x00000000d5580000,0x00000000d5580000,0x00000000eef00000)
  from space 74752K, 99% used [0x00000000f5680000,0x00000000f9f7e370,0x00000000f9f80000)
  to   space 94208K, 0% used [0x00000000eef00000,0x00000000eef00000,0x00000000f4b00000)
 ParOldGen       total 226304K, used 139285K [0x0000000080000000, 0x000000008dd00000, 0x00000000d5580000)
  object space 226304K, 61% used [0x0000000080000000,0x0000000088805440,0x000000008dd00000)
 Metaspace       used 6548K, capacity 7320K, committed 7680K, reserved 1056768K
  class space    used 616K, capacity 656K, committed 768K, reserved 1048576K
}
Event: 15,783 GC heap before
{Heap before GC invocations=13 (full 2):
 PSYoungGen      total 494080K, used 494072K [0x00000000d5580000, 0x00000000fa700000, 0x0000000100000000)
  eden space 419328K, 100% used [0x00000000d5580000,0x00000000eef00000,0x00000000eef00000)
  from space 74752K, 99% used [0x00000000f5680000,0x00000000f9f7e370,0x00000000f9f80000)
  to   space 94208K, 0% used [0x00000000eef00000,0x00000000eef00000,0x00000000f4b00000)
 ParOldGen       total 226304K, used 139285K [0x0000000080000000, 0x000000008dd00000, 0x00000000d5580000)
  object space 226304K, 61% used [0x0000000080000000,0x0000000088805440,0x000000008dd00000)
 Metaspace       used 6567K, capacity 7320K, committed 7680K, reserved 1056768K
  class space    used 616K, capacity 656K, committed 768K, reserved 1048576K
Event: 16,995 GC heap after
Heap after GC invocations=13 (full 2):
 PSYoungGen      total 513536K, used 69748K [0x00000000d5580000, 0x0000000100000000, 0x0000000100000000)
  eden space 419328K, 0% used [0x00000000d5580000,0x00000000d5580000,0x00000000eef00000)
  from space 94208K, 74% used [0x00000000eef00000,0x00000000f331d048,0x00000000f4b00000)
  to   space 102400K, 0% used [0x00000000f9c00000,0x00000000f9c00000,0x0000000100000000)
 ParOldGen       total 226304K, used 214118K [0x0000000080000000, 0x000000008dd00000, 0x00000000d5580000)
  object space 226304K, 94% used [0x0000000080000000,0x000000008d119840,0x000000008dd00000)
 Metaspace       used 6567K, capacity 7320K, committed 7680K, reserved 1056768K
  class space    used 616K, capacity 656K, committed 768K, reserved 1048576K
}
Event: 16,995 GC heap before
{Heap before GC invocations=14 (full 3):
 PSYoungGen      total 513536K, used 69748K [0x00000000d5580000, 0x0000000100000000, 0x0000000100000000)
  eden space 419328K, 0% used [0x00000000d5580000,0x00000000d5580000,0x00000000eef00000)
  from space 94208K, 74% used [0x00000000eef00000,0x00000000f331d048,0x00000000f4b00000)
  to   space 102400K, 0% used [0x00000000f9c00000,0x00000000f9c00000,0x0000000100000000)
 ParOldGen       total 226304K, used 214118K [0x0000000080000000, 0x000000008dd00000, 0x00000000d5580000)
  object space 226304K, 94% used [0x0000000080000000,0x000000008d119840,0x000000008dd00000)
 Metaspace       used 6567K, capacity 7320K, committed 7680K, reserved 1056768K
  class space    used 616K, capacity 656K, committed 768K, reserved 1048576K

Deoptimization events (10 events):
Event: 7,570 Thread 0x00007f34dc1b1800 Uncommon trap: reason=class_check action=maybe_recompile pc=0x00007f34cd937188 method=com.android.dx.ssa.SsaConverter.placePhiFunctions(Lcom/android/dx/ssa/SsaMethod;Lcom/android/dx/ssa/LocalVariableInfo;I)V @ 257
Event: 10,013 Thread 0x00007f34dc1ac800 Uncommon trap: reason=bimorphic action=maybe_recompile pc=0x00007f34cd92a270 method=com.android.dx.rop.code.RegisterSpec.withSimpleType()Lcom/android/dx/rop/code/RegisterSpec; @ 21
Event: 10,029 Thread 0x00007f34dc1ac800 Uncommon trap: reason=bimorphic action=maybe_recompile pc=0x00007f34cd92a270 method=com.android.dx.rop.code.RegisterSpec.withSimpleType()Lcom/android/dx/rop/code/RegisterSpec; @ 21
Event: 10,052 Thread 0x00007f34dc1ac800 Uncommon trap: reason=bimorphic action=maybe_recompile pc=0x00007f34cd92a270 method=com.android.dx.rop.code.RegisterSpec.withSimpleType()Lcom/android/dx/rop/code/RegisterSpec; @ 21
Event: 13,498 Thread 0x00007f34dc1b1800 Uncommon trap: reason=unstable_if action=reinterpret pc=0x00007f34cda3b9f0 method=com.android.dx.ssa.back.IdenticalBlockCombiner.combineBlocks(ILcom/android/dx/util/IntList;)V @ 11
Event: 13,712 Thread 0x00007f34dc1b3000 Uncommon trap: reason=bimorphic action=maybe_recompile pc=0x00007f34cd92a270 method=com.android.dx.rop.code.RegisterSpec.withSimpleType()Lcom/android/dx/rop/code/RegisterSpec; @ 21
Event: 14,203 Thread 0x00007f34dc1b1800 Uncommon trap: reason=unstable_if action=reinterpret pc=0x00007f34cd460818 method=com.android.dx.cf.code.LineNumberList.pcToLine(I)I @ 43
Event: 14,204 Thread 0x00007f34dc1b0000 Uncommon trap: reason=unstable_if action=reinterpret pc=0x00007f34cd460818 method=com.android.dx.cf.code.LineNumberList.pcToLine(I)I @ 43
Event: 15,312 Thread 0x00007f34dc1b1800 Uncommon trap: reason=unstable_if action=reinterpret pc=0x00007f34cd489e18 method=com.android.dx.ssa.SsaRenamer$BlockRenamer.visitMoveInsn(Lcom/android/dx/ssa/NormalSsaInsn;)V @ 94
Event: 15,319 Thread 0x00007f34dc1b1800 Uncommon trap: reason=unstable_if action=reinterpret pc=0x00007f34cd9d4a2c method=com.android.dx.ssa.SCCP.simulateBranch(Lcom/android/dx/ssa/SsaInsn;)V @ 140

Internal exceptions (9 events):
Event: 0,029 Thread 0x00007f34dc00a000 Exception <a 'java/lang/NoSuchMethodError': Method sun.misc.Unsafe.defineClass(Ljava/lang/String;[BII)Ljava/lang/Class; name or signature does not match> (0x00000000d5592b98) thrown at [/HUDSON/workspace/8-2-build-linux-amd64/jdk8u66/4988/hotspot/src/shar
Event: 0,029 Thread 0x00007f34dc00a000 Exception <a 'java/lang/NoSuchMethodError': Method sun.misc.Unsafe.prefetchRead(Ljava/lang/Object;J)V name or signature does not match> (0x00000000d5592e80) thrown at [/HUDSON/workspace/8-2-build-linux-amd64/jdk8u66/4988/hotspot/src/share/vm/prims/jni.cpp
Event: 1,358 Thread 0x00007f34dc00a000 Implicit null exception at 0x00007f34cd3ea0ac to 0x00007f34cd3ec8cd
Event: 1,615 Thread 0x00007f34dc1b0000 Exception <a 'java/lang/ArrayIndexOutOfBoundsException': 18> (0x00000000d9558700) thrown at [/HUDSON/workspace/8-2-build-linux-amd64/jdk8u66/4988/hotspot/src/share/vm/interpreter/interpreterRuntime.cpp, line 366]
Event: 1,615 Thread 0x00007f34dc1b0000 Exception <a 'java/lang/ArrayIndexOutOfBoundsException': 145> (0x00000000d955a280) thrown at [/HUDSON/workspace/8-2-build-linux-amd64/jdk8u66/4988/hotspot/src/share/vm/interpreter/interpreterRuntime.cpp, line 366]
Event: 1,616 Thread 0x00007f34dc1b0000 Exception <a 'java/lang/ArrayIndexOutOfBoundsException': 40> (0x00000000d955b568) thrown at [/HUDSON/workspace/8-2-build-linux-amd64/jdk8u66/4988/hotspot/src/share/vm/interpreter/interpreterRuntime.cpp, line 366]
Event: 6,273 Thread 0x00007f34dc1b0000 Implicit null exception at 0x00007f34cd402bfb to 0x00007f34cd402d85
Event: 6,498 Thread 0x00007f34dc00a000 Implicit null exception at 0x00007f34cd7cb46b to 0x00007f34cd7cd215
Event: 15,309 Thread 0x00007f34dc1b1800 Implicit null exception at 0x00007f34cd486fca to 0x00007f34cd489de1

Events (10 events):
Event: 15,303 Thread 0x00007f34dc1b3000 DEOPT UNPACKING pc=0x00007f34cd047633 sp=0x00007f34bed14668 mode 0
Event: 15,310 Thread 0x00007f34dc1b1800 Uncommon trap: trap_request=0xffffff65 fr.pc=0x00007f34cd489e18
Event: 15,314 Thread 0x00007f34dc1b1800 DEOPT PACKING pc=0x00007f34cd489e18 sp=0x00007f34bee15cc0
Event: 15,314 Thread 0x00007f34dc1b1800 DEOPT UNPACKING pc=0x00007f34cd005229 sp=0x00007f34bee15c48 mode 2
Event: 15,319 Thread 0x00007f34dc1b1800 Uncommon trap: trap_request=0xffffff65 fr.pc=0x00007f34cd9d4a2c
Event: 15,319 Thread 0x00007f34dc1b1800 DEOPT PACKING pc=0x00007f34cd9d4a2c sp=0x00007f34bee15bd0
Event: 15,320 Thread 0x00007f34dc1b1800 DEOPT UNPACKING pc=0x00007f34cd005229 sp=0x00007f34bee15be0 mode 2
Event: 15,391 Thread 0x00007f34dc1b0000 DEOPT PACKING pc=0x00007f34cd59e116 sp=0x00007f34bef16d00
Event: 15,394 Thread 0x00007f34dc1b0000 DEOPT UNPACKING pc=0x00007f34cd047633 sp=0x00007f34bef16b60 mode 0
Event: 15,765 Executing VM operation: ParallelGCFailedAllocation


Dynamic libraries:
00400000-00401000 r-xp 00000000 08:01 4591374                            /usr/lib/jvm/java-8-oracle/bin/java
00600000-00601000 rw-p 00000000 08:01 4591374                            /usr/lib/jvm/java-8-oracle/bin/java
02243000-02264000 rw-p 00000000 00:00 0                                  [heap]
80000000-8dd00000 rw-p 00000000 00:00 0 
97280000-d5580000 ---p 00000000 00:00 0 
d5580000-100000000 rw-p 00000000 00:00 0 
100000000-1000c0000 rw-p 00000000 00:00 0 
1000c0000-140000000 ---p 00000000 00:00 0 
7f3478000000-7f347802b000 rw-p 00000000 00:00 0 
7f347802b000-7f347c000000 ---p 00000000 00:00 0 
7f3480000000-7f3480046000 rw-p 00000000 00:00 0 
7f3480046000-7f3484000000 ---p 00000000 00:00 0 
7f3484000000-7f3484036000 rw-p 00000000 00:00 0 
7f3484036000-7f3488000000 ---p 00000000 00:00 0 
7f3488000000-7f3488021000 rw-p 00000000 00:00 0 
7f3488021000-7f348c000000 ---p 00000000 00:00 0 
7f348c000000-7f348c021000 rw-p 00000000 00:00 0 
7f348c021000-7f3490000000 ---p 00000000 00:00 0 
7f3490000000-7f3490021000 rw-p 00000000 00:00 0 
7f3490021000-7f3494000000 ---p 00000000 00:00 0 
7f3494000000-7f3494021000 rw-p 00000000 00:00 0 
7f3494021000-7f3498000000 ---p 00000000 00:00 0 
7f3498000000-7f34993cb000 rw-p 00000000 00:00 0 
7f34993cb000-7f349c000000 ---p 00000000 00:00 0 
7f349c000000-7f349c924000 rw-p 00000000 00:00 0 
7f349c924000-7f34a0000000 ---p 00000000 00:00 0 
7f34a0000000-7f34a0021000 rw-p 00000000 00:00 0 
7f34a0021000-7f34a4000000 ---p 00000000 00:00 0 
7f34a4000000-7f34a5566000 rw-p 00000000 00:00 0 
7f34a5566000-7f34a8000000 ---p 00000000 00:00 0 
7f34a8000000-7f34a8021000 rw-p 00000000 00:00 0 
7f34a8021000-7f34ac000000 ---p 00000000 00:00 0 
7f34ac000000-7f34ac021000 rw-p 00000000 00:00 0 
7f34ac021000-7f34b0000000 ---p 00000000 00:00 0 
7f34b0000000-7f34b0021000 rw-p 00000000 00:00 0 
7f34b0021000-7f34b4000000 ---p 00000000 00:00 0 
7f34b4000000-7f34b428f000 rw-p 00000000 00:00 0 
7f34b428f000-7f34b8000000 ---p 00000000 00:00 0 
7f34b8000000-7f34b8021000 rw-p 00000000 00:00 0 
7f34b8021000-7f34bc000000 ---p 00000000 00:00 0 
7f34bec16000-7f34bec19000 ---p 00000000 00:00 0 
7f34bec19000-7f34bed17000 rw-p 00000000 00:00 0                          [stack:23558]
7f34bed17000-7f34bed1a000 ---p 00000000 00:00 0 
7f34bed1a000-7f34bee18000 rw-p 00000000 00:00 0                          [stack:23557]
7f34bee18000-7f34bee1b000 ---p 00000000 00:00 0 
7f34bee1b000-7f34bef19000 rw-p 00000000 00:00 0                          [stack:23556]
7f34bef19000-7f34bef1c000 ---p 00000000 00:00 0 
7f34bef1c000-7f34bf01a000 rw-p 00000000 00:00 0                          [stack:23555]
7f34bf01a000-7f34bf01d000 ---p 00000000 00:00 0 
7f34bf01d000-7f34bf11b000 rw-p 00000000 00:00 0                          [stack:23554]
7f34bf11b000-7f34bf1e7000 r--s 00ace000 08:01 13108380                   /home/tomasz/AndroidStudioProjects/ITAssistant/app/build/intermediates/transforms/jarMerging/debug/jars/1/1f/combined.jar
7f34bf1e7000-7f34bf1e8000 ---p 00000000 00:00 0 
7f34bf1e8000-7f34bf2e8000 rw-p 00000000 00:00 0                          [stack:23551]
7f34bf2e8000-7f34bf2eb000 ---p 00000000 00:00 0 
7f34bf2eb000-7f34bf3e9000 rw-p 00000000 00:00 0                          [stack:23550]
7f34bf3e9000-7f34bf3ec000 ---p 00000000 00:00 0 
7f34bf3ec000-7f34bf4ea000 rw-p 00000000 00:00 0                          [stack:23549]
7f34bf4ea000-7f34bf4ed000 ---p 00000000 00:00 0 
7f34bf4ed000-7f34bf5eb000 rw-p 00000000 00:00 0                          [stack:23548]
7f34bf5eb000-7f34bf5ee000 ---p 00000000 00:00 0 
7f34bf5ee000-7f34bf6ec000 rw-p 00000000 00:00 0                          [stack:23547]
7f34bf6ec000-7f34bf6ef000 ---p 00000000 00:00 0 
7f34bf6ef000-7f34bf7ed000 rw-p 00000000 00:00 0                          [stack:23546]
7f34bf7ed000-7f34c0000000 r--p 00000000 08:01 1579663                    /usr/lib/locale/locale-archive
7f34c0000000-7f34c0021000 rw-p 00000000 00:00 0 
7f34c0021000-7f34c4000000 ---p 00000000 00:00 0 
7f34c4000000-7f34c8000000 rw-p 00000000 00:00 0 
7f34c8000000-7f34c8021000 rw-p 00000000 00:00 0 
7f34c8021000-7f34cc000000 ---p 00000000 00:00 0 
7f34cc08a000-7f34cc0af000 r--p 00000000 08:01 2361987                    /usr/share/locale-langpack/pl/LC_MESSAGES/libc.mo
7f34cc0af000-7f34cc0b2000 ---p 00000000 00:00 0 
7f34cc0b2000-7f34cc1b0000 rw-p 00000000 00:00 0                          [stack:23545]
7f34cc1b0000-7f34cc1b3000 ---p 00000000 00:00 0 
7f34cc1b3000-7f34cc2b1000 rw-p 00000000 00:00 0                          [stack:23544]
7f34cc2b1000-7f34cc2b2000 ---p 00000000 00:00 0 
7f34cc2b2000-7f34cd000000 rw-p 00000000 00:00 0                          [stack:23543]
7f34cd000000-7f34cdaa0000 rwxp 00000000 00:00 0 
7f34cdaa0000-7f34dc000000 ---p 00000000 00:00 0 
7f34dc000000-7f34dc3e6000 rw-p 00000000 00:00 0 
7f34dc3e6000-7f34e0000000 ---p 00000000 00:00 0 
7f34e0002000-7f34e0396000 rw-p 00000000 00:00 0 
7f34e0396000-7f34e056f000 r--s 03d20000 08:01 4069182                    /usr/lib/jvm/java-8-oracle/jre/lib/rt.jar
7f34e056f000-7f34e0ca5000 rw-p 00000000 00:00 0 
7f34e0ca5000-7f34e0de5000 ---p 00000000 00:00 0 
7f34e0de5000-7f34e11e5000 rw-p 00000000 00:00 0 
7f34e11e5000-7f34e11e6000 ---p 00000000 00:00 0 
7f34e11e6000-7f34e12e6000 rw-p 00000000 00:00 0                          [stack:23542]
7f34e12e6000-7f34e12e7000 ---p 00000000 00:00 0 
7f34e12e7000-7f34e13e7000 rw-p 00000000 00:00 0                          [stack:23541]
7f34e13e7000-7f34e13e8000 ---p 00000000 00:00 0 
7f34e13e8000-7f34e14e8000 rw-p 00000000 00:00 0                          [stack:23540]
7f34e14e8000-7f34e14e9000 ---p 00000000 00:00 0 
7f34e14e9000-7f34e1658000 rw-p 00000000 00:00 0                          [stack:23539]
7f34e1658000-7f34e1894000 ---p 00000000 00:00 0 
7f34e1894000-7f34e1903000 rw-p 00000000 00:00 0 
7f34e1903000-7f34e1b3e000 ---p 00000000 00:00 0 
7f34e1b3e000-7f34e1c94000 rw-p 00000000 00:00 0 
7f34e1c94000-7f34e1cc0000 rw-p 00000000 00:00 0 
7f34e1cc0000-7f34e2055000 ---p 00000000 00:00 0 
7f34e2055000-7f34e206f000 r-xp 00000000 08:01 4069168                    /usr/lib/jvm/java-8-oracle/jre/lib/amd64/libzip.so
7f34e206f000-7f34e226f000 ---p 0001a000 08:01 4069168                    /usr/lib/jvm/java-8-oracle/jre/lib/amd64/libzip.so
7f34e226f000-7f34e2270000 rw-p 0001a000 08:01 4069168                    /usr/lib/jvm/java-8-oracle/jre/lib/amd64/libzip.so
7f34e2270000-7f34e227b000 r-xp 00000000 08:01 5771445                    /lib/x86_64-linux-gnu/libnss_files-2.19.so
7f34e227b000-7f34e247a000 ---p 0000b000 08:01 5771445                    /lib/x86_64-linux-gnu/libnss_files-2.19.so
7f34e247a000-7f34e247b000 r--p 0000a000 08:01 5771445                    /lib/x86_64-linux-gnu/libnss_files-2.19.so
7f34e247b000-7f34e247c000 rw-p 0000b000 08:01 5771445                    /lib/x86_64-linux-gnu/libnss_files-2.19.so
7f34e247c000-7f34e2487000 r-xp 00000000 08:01 5771455                    /lib/x86_64-linux-gnu/libnss_nis-2.19.so
7f34e2487000-7f34e2686000 ---p 0000b000 08:01 5771455                    /lib/x86_64-linux-gnu/libnss_nis-2.19.so
7f34e2686000-7f34e2687000 r--p 0000a000 08:01 5771455                    /lib/x86_64-linux-gnu/libnss_nis-2.19.so
7f34e2687000-7f34e2688000 rw-p 0000b000 08:01 5771455                    /lib/x86_64-linux-gnu/libnss_nis-2.19.so
7f34e2688000-7f34e269f000 r-xp 00000000 08:01 5771439                    /lib/x86_64-linux-gnu/libnsl-2.19.so
7f34e269f000-7f34e289e000 ---p 00017000 08:01 5771439                    /lib/x86_64-linux-gnu/libnsl-2.19.so
7f34e289e000-7f34e289f000 r--p 00016000 08:01 5771439                    /lib/x86_64-linux-gnu/libnsl-2.19.so
7f34e289f000-7f34e28a0000 rw-p 00017000 08:01 5771439                    /lib/x86_64-linux-gnu/libnsl-2.19.so
7f34e28a0000-7f34e28a2000 rw-p 00000000 00:00 0 
7f34e28a2000-7f34e28ab000 r-xp 00000000 08:01 5771441                    /lib/x86_64-linux-gnu/libnss_compat-2.19.so
7f34e28ab000-7f34e2aaa000 ---p 00009000 08:01 5771441                    /lib/x86_64-linux-gnu/libnss_compat-2.19.so
7f34e2aaa000-7f34e2aab000 r--p 00008000 08:01 5771441                    /lib/x86_64-linux-gnu/libnss_compat-2.19.so
7f34e2aab000-7f34e2aac000 rw-p 00009000 08:01 5771441                    /lib/x86_64-linux-gnu/libnss_compat-2.19.so
7f34e2aac000-7f34e2ad6000 r-xp 00000000 08:01 4069157                    /usr/lib/jvm/java-8-oracle/jre/lib/amd64/libjava.so
7f34e2ad6000-7f34e2cd6000 ---p 0002a000 08:01 4069157                    /usr/lib/jvm/java-8-oracle/jre/lib/amd64/libjava.so
7f34e2cd6000-7f34e2cd8000 rw-p 0002a000 08:01 4069157                    /usr/lib/jvm/java-8-oracle/jre/lib/amd64/libjava.so
7f34e2cd8000-7f34e2ce5000 r-xp 00000000 08:01 4069118                    /usr/lib/jvm/java-8-oracle/jre/lib/amd64/libverify.so
7f34e2ce5000-7f34e2ee5000 ---p 0000d000 08:01 4069118                    /usr/lib/jvm/java-8-oracle/jre/lib/amd64/libverify.so
7f34e2ee5000-7f34e2ee7000 rw-p 0000d000 08:01 4069118                    /usr/lib/jvm/java-8-oracle/jre/lib/amd64/libverify.so
7f34e2ee7000-7f34e2eee000 r-xp 00000000 08:01 5771498                    /lib/x86_64-linux-gnu/librt-2.19.so
7f34e2eee000-7f34e30ed000 ---p 00007000 08:01 5771498                    /lib/x86_64-linux-gnu/librt-2.19.so
7f34e30ed000-7f34e30ee000 r--p 00006000 08:01 5771498                    /lib/x86_64-linux-gnu/librt-2.19.so
7f34e30ee000-7f34e30ef000 rw-p 00007000 08:01 5771498                    /lib/x86_64-linux-gnu/librt-2.19.so
7f34e30ef000-7f34e31f4000 r-xp 00000000 08:01 5771420                    /lib/x86_64-linux-gnu/libm-2.19.so
7f34e31f4000-7f34e33f3000 ---p 00105000 08:01 5771420                    /lib/x86_64-linux-gnu/libm-2.19.so
7f34e33f3000-7f34e33f4000 r--p 00104000 08:01 5771420                    /lib/x86_64-linux-gnu/libm-2.19.so
7f34e33f4000-7f34e33f5000 rw-p 00105000 08:01 5771420                    /lib/x86_64-linux-gnu/libm-2.19.so
7f34e33f5000-7f34e40b3000 r-xp 00000000 08:01 4069167                    /usr/lib/jvm/java-8-oracle/jre/lib/amd64/server/libjvm.so
7f34e40b3000-7f34e42b2000 ---p 00cbe000 08:01 4069167                    /usr/lib/jvm/java-8-oracle/jre/lib/amd64/server/libjvm.so
7f34e42b2000-7f34e438b000 rw-p 00cbd000 08:01 4069167                    /usr/lib/jvm/java-8-oracle/jre/lib/amd64/server/libjvm.so
7f34e438b000-7f34e43cf000 rw-p 00000000 00:00 0 
7f34e43cf000-7f34e458a000 r-xp 00000000 08:01 5771370                    /lib/x86_64-linux-gnu/libc-2.19.so
7f34e458a000-7f34e4789000 ---p 001bb000 08:01 5771370                    /lib/x86_64-linux-gnu/libc-2.19.so
7f34e4789000-7f34e478d000 r--p 001ba000 08:01 5771370                    /lib/x86_64-linux-gnu/libc-2.19.so
7f34e478d000-7f34e478f000 rw-p 001be000 08:01 5771370                    /lib/x86_64-linux-gnu/libc-2.19.so
7f34e478f000-7f34e4794000 rw-p 00000000 00:00 0 
7f34e4794000-7f34e4797000 r-xp 00000000 08:01 5771387                    /lib/x86_64-linux-gnu/libdl-2.19.so
7f34e4797000-7f34e4996000 ---p 00003000 08:01 5771387                    /lib/x86_64-linux-gnu/libdl-2.19.so
7f34e4996000-7f34e4997000 r--p 00002000 08:01 5771387                    /lib/x86_64-linux-gnu/libdl-2.19.so
7f34e4997000-7f34e4998000 rw-p 00003000 08:01 5771387                    /lib/x86_64-linux-gnu/libdl-2.19.so
7f34e4998000-7f34e49ad000 r-xp 00000000 08:01 4727160                    /usr/lib/jvm/java-8-oracle/lib/amd64/jli/libjli.so
7f34e49ad000-7f34e4bad000 ---p 00015000 08:01 4727160                    /usr/lib/jvm/java-8-oracle/lib/amd64/jli/libjli.so
7f34e4bad000-7f34e4bae000 rw-p 00015000 08:01 4727160                    /usr/lib/jvm/java-8-oracle/lib/amd64/jli/libjli.so
7f34e4bae000-7f34e4bc7000 r-xp 00000000 08:01 5771490                    /lib/x86_64-linux-gnu/libpthread-2.19.so
7f34e4bc7000-7f34e4dc6000 ---p 00019000 08:01 5771490                    /lib/x86_64-linux-gnu/libpthread-2.19.so
7f34e4dc6000-7f34e4dc7000 r--p 00018000 08:01 5771490                    /lib/x86_64-linux-gnu/libpthread-2.19.so
7f34e4dc7000-7f34e4dc8000 rw-p 00019000 08:01 5771490                    /lib/x86_64-linux-gnu/libpthread-2.19.so
7f34e4dc8000-7f34e4dcc000 rw-p 00000000 00:00 0 
7f34e4dcc000-7f34e4def000 r-xp 00000000 08:01 5771346                    /lib/x86_64-linux-gnu/ld-2.19.so
7f34e4df5000-7f34e4dfc000 r--s 00000000 08:01 1967077                    /usr/lib/x86_64-linux-gnu/gconv/gconv-modules.cache
7f34e4dfc000-7f34e4ec8000 rw-p 00000000 00:00 0 
7f34e4ec8000-7f34e4ecb000 ---p 00000000 00:00 0 
7f34e4ecb000-7f34e4fcd000 rw-p 00000000 00:00 0                          [stack:23538]
7f34e4fd2000-7f34e4fd3000 rw-p 00000000 00:00 0 
7f34e4fd3000-7f34e4fe2000 r--s 000df000 08:01 10635452                   /home/tomasz/Android/Sdk/build-tools/23.0.2/lib/dx.jar
7f34e4fe2000-7f34e4fea000 rw-s 00000000 08:01 6951966                    /tmp/hsperfdata_tomasz/23533
7f34e4fea000-7f34e4feb000 rw-p 00000000 00:00 0 
7f34e4feb000-7f34e4fec000 ---p 00000000 00:00 0 
7f34e4fec000-7f34e4fee000 rw-p 00000000 00:00 0 
7f34e4fee000-7f34e4fef000 r--p 00022000 08:01 5771346                    /lib/x86_64-linux-gnu/ld-2.19.so
7f34e4fef000-7f34e4ff0000 rw-p 00023000 08:01 5771346                    /lib/x86_64-linux-gnu/ld-2.19.so
7f34e4ff0000-7f34e4ff1000 rw-p 00000000 00:00 0 
7ffcd2ea6000-7ffcd2ec7000 rw-p 00000000 00:00 0                          [stack]
7ffcd2f47000-7ffcd2f49000 r--p 00000000 00:00 0                          [vvar]
7ffcd2f49000-7ffcd2f4b000 r-xp 00000000 00:00 0                          [vdso]
ffffffffff600000-ffffffffff601000 r-xp 00000000 00:00 0                  [vsyscall]

VM Arguments:
jvm_args: -Djava.awt.headless=true -Xmx2g -Dfile.encoding=UTF-8 -Duser.country=PL -Duser.language=pl -Duser.variant 
java_command: com.android.dx.command.Main --dex --num-threads=4 --multi-dex --main-dex-list /home/tomasz/AndroidStudioProjects/ITAssistant/app/build/intermediates/multi-dex/debug/maindexlist.txt --output /home/tomasz/AndroidStudioProjects/ITAssistant/app/build/intermediates/transforms/dex/debug/folders/1000/1f/main /home/tomasz/AndroidStudioProjects/ITAssistant/app/build/intermediates/transforms/jarMerging/debug/jars/1/1f/combined.jar
java_class_path (initial): /home/tomasz/Android/Sdk/build-tools/23.0.2/lib/dx.jar
Launcher Type: SUN_STANDARD

Environment Variables:
PATH=/usr/local/sbin:/usr/local/bin:/usr/sbin:/usr/bin:/sbin:/bin:/usr/games:/usr/local/games
LD_LIBRARY_PATH=.:
SHELL=/bin/bash
DISPLAY=:0

Signal Handlers:
SIGSEGV: [libjvm.so+0xaba2a0], sa_mask[0]=11111111011111111101111111111110, sa_flags=SA_RESTART|SA_SIGINFO
SIGBUS: [libjvm.so+0xaba2a0], sa_mask[0]=11111111011111111101111111111110, sa_flags=SA_RESTART|SA_SIGINFO
SIGFPE: [libjvm.so+0x917710], sa_mask[0]=11111111011111111101111111111110, sa_flags=SA_RESTART|SA_SIGINFO
SIGPIPE: [libjvm.so+0x917710], sa_mask[0]=11111111011111111101111111111110, sa_flags=SA_RESTART|SA_SIGINFO
SIGXFSZ: [libjvm.so+0x917710], sa_mask[0]=11111111011111111101111111111110, sa_flags=SA_RESTART|SA_SIGINFO
SIGILL: [libjvm.so+0x917710], sa_mask[0]=11111111011111111101111111111110, sa_flags=SA_RESTART|SA_SIGINFO
SIGUSR1: SIG_DFL, sa_mask[0]=00000000000000000000000000000000, sa_flags=none
SIGUSR2: [libjvm.so+0x918d40], sa_mask[0]=00100000000000000000000000000000, sa_flags=SA_RESTART|SA_SIGINFO
SIGHUP: [libjvm.so+0x91a140], sa_mask[0]=11111111011111111101111111111110, sa_flags=SA_RESTART|SA_SIGINFO
SIGINT: [libjvm.so+0x91a140], sa_mask[0]=11111111011111111101111111111110, sa_flags=SA_RESTART|SA_SIGINFO
SIGTERM: [libjvm.so+0x91a140], sa_mask[0]=11111111011111111101111111111110, sa_flags=SA_RESTART|SA_SIGINFO
SIGQUIT: [libjvm.so+0x91a140], sa_mask[0]=11111111011111111101111111111110, sa_flags=SA_RESTART|SA_SIGINFO


---------------  S Y S T E M  ---------------

OS:DISTRIB_ID=Ubuntu
DISTRIB_RELEASE=14.04
DISTRIB_CODENAME=trusty
DISTRIB_DESCRIPTION="Ubuntu 14.04.3 LTS"

uname:Linux 3.19.0-42-generic #48~14.04.1-Ubuntu SMP Fri Dec 18 10:24:49 UTC 2015 x86_64
libc:glibc 2.19 NPTL 2.19 
rlimit: STACK 8192k, CORE 0k, NPROC 23202, NOFILE 4096, AS infinity
load average:6,03 2,59 1,58

/proc/meminfo:
MemTotal:        5961332 kB
MemFree:          121148 kB
MemAvailable:      79432 kB
Buffers:             784 kB
Cached:           458280 kB
SwapCached:            0 kB
Active:          5175112 kB
Inactive:         419436 kB
Active(anon):    5158392 kB
Inactive(anon):   404904 kB
Active(file):      16720 kB
Inactive(file):    14532 kB
Unevictable:        6244 kB
Mlocked:            6244 kB
SwapTotal:             0 kB
SwapFree:              0 kB
Dirty:               824 kB
Writeback:             0 kB
AnonPages:       5142412 kB
Mapped:           112212 kB
Shmem:            427000 kB
Slab:              98904 kB
SReclaimable:      54240 kB
SUnreclaim:        44664 kB
KernelStack:       12832 kB
PageTables:        58060 kB
NFS_Unstable:          0 kB
Bounce:                0 kB
WritebackTmp:          0 kB
CommitLimit:     2980664 kB
Committed_AS:   11115440 kB
VmallocTotal:   34359738367 kB
VmallocUsed:      558088 kB
VmallocChunk:   34359165916 kB
HardwareCorrupted:     0 kB
AnonHugePages:   1605632 kB
CmaTotal:              0 kB
CmaFree:               0 kB
HugePages_Total:       0
HugePages_Free:        0
HugePages_Rsvd:        0
HugePages_Surp:        0
Hugepagesize:       2048 kB
DirectMap4k:      237824 kB
DirectMap2M:     5902336 kB


CPU:total 4 (2 cores per cpu, 2 threads per core) family 6 model 42 stepping 7, cmov, cx8, fxsr, mmx, sse, sse2, sse3, ssse3, sse4.1, sse4.2, popcnt, avx, aes, clmul, ht, tsc, tscinvbit

/proc/cpuinfo:
processor	: 0
vendor_id	: GenuineIntel
cpu family	: 6
model		: 42
model name	: Intel(R) Core(TM) i5-2450M CPU @ 2.50GHz
stepping	: 7
microcode	: 0x25
cpu MHz		: 2581.250
cache size	: 3072 KB
physical id	: 0
siblings	: 4
core id		: 0
cpu cores	: 2
apicid		: 0
initial apicid	: 0
fpu		: yes
fpu_exception	: yes
cpuid level	: 13
wp		: yes
flags		: fpu vme de pse tsc msr pae mce cx8 apic sep mtrr pge mca cmov pat pse36 clflush dts acpi mmx fxsr sse sse2 ss ht tm pbe syscall nx rdtscp lm constant_tsc arch_perfmon pebs bts rep_good nopl xtopology nonstop_tsc aperfmperf eagerfpu pni pclmulqdq dtes64 monitor ds_cpl vmx est tm2 ssse3 cx16 xtpr pdcm pcid sse4_1 sse4_2 x2apic popcnt tsc_deadline_timer aes xsave avx lahf_lm ida arat epb pln pts dtherm tpr_shadow vnmi flexpriority ept vpid xsaveopt
bugs		:
bogomips	: 4988.20
clflush size	: 64
cache_alignment	: 64
address sizes	: 36 bits physical, 48 bits virtual
power management:

processor	: 1
vendor_id	: GenuineIntel
cpu family	: 6
model		: 42
model name	: Intel(R) Core(TM) i5-2450M CPU @ 2.50GHz
stepping	: 7
microcode	: 0x25
cpu MHz		: 2501.171
cache size	: 3072 KB
physical id	: 0
siblings	: 4
core id		: 0
cpu cores	: 2
apicid		: 1
initial apicid	: 1
fpu		: yes
fpu_exception	: yes
cpuid level	: 13
wp		: yes
flags		: fpu vme de pse tsc msr pae mce cx8 apic sep mtrr pge mca cmov pat pse36 clflush dts acpi mmx fxsr sse sse2 ss ht tm pbe syscall nx rdtscp lm constant_tsc arch_perfmon pebs bts rep_good nopl xtopology nonstop_tsc aperfmperf eagerfpu pni pclmulqdq dtes64 monitor ds_cpl vmx est tm2 ssse3 cx16 xtpr pdcm pcid sse4_1 sse4_2 x2apic popcnt tsc_deadline_timer aes xsave avx lahf_lm ida arat epb pln pts dtherm tpr_shadow vnmi flexpriority ept vpid xsaveopt
bugs		:
bogomips	: 4988.20
clflush size	: 64
cache_alignment	: 64
address sizes	: 36 bits physical, 48 bits virtual
power management:

processor	: 2
vendor_id	: GenuineIntel
cpu family	: 6
model		: 42
model name	: Intel(R) Core(TM) i5-2450M CPU @ 2.50GHz
stepping	: 7
microcode	: 0x25
cpu MHz		: 2500.878
cache size	: 3072 KB
physical id	: 0
siblings	: 4
core id		: 1
cpu cores	: 2
apicid		: 2
initial apicid	: 2
fpu		: yes
fpu_exception	: yes
cpuid level	: 13
wp		: yes
flags		: fpu vme de pse tsc msr pae mce cx8 apic sep mtrr pge mca cmov pat pse36 clflush dts acpi mmx fxsr sse sse2 ss ht tm pbe syscall nx rdtscp lm constant_tsc arch_perfmon pebs bts rep_good nopl xtopology nonstop_tsc aperfmperf eagerfpu pni pclmulqdq dtes64 monitor ds_cpl vmx est tm2 ssse3 cx16 xtpr pdcm pcid sse4_1 sse4_2 x2apic popcnt tsc_deadline_timer aes xsave avx lahf_lm ida arat epb pln pts dtherm tpr_shadow vnmi flexpriority ept vpid xsaveopt
bugs		:
bogomips	: 4988.20
clflush size	: 64
cache_alignment	: 64
address sizes	: 36 bits physical, 48 bits virtual
power management:

processor	: 3
vendor_id	: GenuineIntel
cpu family	: 6
model		: 42
model name	: Intel(R) Core(TM) i5-2450M CPU @ 2.50GHz
stepping	: 7
microcode	: 0x25
cpu MHz		: 2518.945
cache size	: 3072 KB
physical id	: 0
siblings	: 4
core id		: 1
cpu cores	: 2
apicid		: 3
initial apicid	: 3
fpu		: yes
fpu_exception	: yes
cpuid level	: 13
wp		: yes
flags		: fpu vme de pse tsc msr pae mce cx8 apic sep mtrr pge mca cmov pat pse36 clflush dts acpi mmx fxsr sse sse2 ss ht tm pbe syscall nx rdtscp lm constant_tsc arch_perfmon pebs bts rep_good nopl xtopology nonstop_tsc aperfmperf eagerfpu pni pclmulqdq dtes64 monitor ds_cpl vmx est tm2 ssse3 cx16 xtpr pdcm pcid sse4_1 sse4_2 x2apic popcnt tsc_deadline_timer aes xsave avx lahf_lm ida arat epb pln pts dtherm tpr_shadow vnmi flexpriority ept vpid xsaveopt
bugs		:
bogomips	: 4988.20
clflush size	: 64
cache_alignment	: 64
address sizes	: 36 bits physical, 48 bits virtual
power management:



Memory: 4k page, physical 5961332k(121444k free), swap 0k(0k free)

vm_info: Java HotSpot(TM) 64-Bit Server VM (25.66-b17) for linux-amd64 JRE (1.8.0_66-b17), built on Oct  6 2015 17:28:34 by "java_re" with gcc 4.3.0 20080428 (Red Hat 4.3.0-8)

time: Sun Jan  3 14:36:02 2016
elapsed time: 19 seconds (0d 0h 0m 19s)

