#
# There is insufficient memory for the Java Runtime Environment to continue.
# Native memory allocation (mmap) failed to map 304611328 bytes for committing reserved memory.
# Possible reasons:
#   The system is out of physical RAM or swap space
#   In 32 bit mode, the process size limit was hit
# Possible solutions:
#   Reduce memory load on the system
#   Increase physical memory or swap space
#   Check if swap backing store is full
#   Use 64 bit Java on a 64 bit OS
#   Decrease Java heap size (-Xmx/-Xms)
#   Decrease number of Java threads
#   Decrease Java thread stack sizes (-Xss)
#   Set larger code cache with -XX:ReservedCodeCacheSize=
# This output file may be truncated or incomplete.
#
#  Out of Memory Error (os_linux.cpp:2627), pid=17704, tid=139730327525120
#
# JRE version: Java(TM) SE Runtime Environment (8.0_66-b17) (build 1.8.0_66-b17)
# Java VM: Java HotSpot(TM) 64-Bit Server VM (25.66-b17 mixed mode linux-amd64 compressed oops)
# Failed to write core dump. Core dumps have been disabled. To enable core dumping, try "ulimit -c unlimited" before starting Java again
#

---------------  T H R E A D  ---------------

Current thread (0x00007f1590078000):  VMThread [stack: 0x00007f1580795000,0x00007f1580896000] [id=17714]

Stack: [0x00007f1580795000,0x00007f1580896000],  sp=0x00007f1580894160,  free space=1020k
Native frames: (J=compiled Java code, j=interpreted, Vv=VM code, C=native code)
V  [libjvm.so+0xab9a1a]  VMError::report_and_die()+0x2ba
V  [libjvm.so+0x4f9e0b]  report_vm_out_of_memory(char const*, int, unsigned long, VMErrorType, char const*)+0x8b
V  [libjvm.so+0x91a8a3]  os::Linux::commit_memory_impl(char*, unsigned long, bool)+0x103
V  [libjvm.so+0x91adf9]  os::pd_commit_memory(char*, unsigned long, unsigned long, bool)+0x29
V  [libjvm.so+0x91510a]  os::commit_memory(char*, unsigned long, unsigned long, bool)+0x2a
V  [libjvm.so+0x9887a3]  PSVirtualSpace::expand_by(unsigned long)+0x53
V  [libjvm.so+0x979090]  PSOldGen::expand(unsigned long)+0x170
V  [libjvm.so+0x97929b]  PSOldGen::resize(unsigned long)+0x1cb
V  [libjvm.so+0x980f71]  PSParallelCompact::invoke_no_policy(bool)+0x991
V  [libjvm.so+0x9868cd]  PSScavenge::invoke()+0x1ad
V  [libjvm.so+0x93e500]  ParallelScavengeHeap::failed_mem_allocate(unsigned long)+0x70
V  [libjvm.so+0xabb437]  VM_ParallelGCFailedAllocation::doit()+0x97
V  [libjvm.so+0xac2e65]  VM_Operation::evaluate()+0x55
V  [libjvm.so+0xac123a]  VMThread::evaluate_operation(VM_Operation*)+0xba
V  [libjvm.so+0xac15be]  VMThread::loop()+0x1ce
V  [libjvm.so+0xac1a30]  VMThread::run()+0x70
V  [libjvm.so+0x91cc68]  java_start(Thread*)+0x108

VM_Operation (0x00007f1573308fd0): ParallelGCFailedAllocation, mode: safepoint, requested by thread 0x00007f15901b5800


---------------  P R O C E S S  ---------------

Java Threads: ( => current thread )
  0x00007f15901da000 JavaThread "pool-1-thread-1" [_thread_blocked, id=17739, stack(0x00007f1573008000,0x00007f1573109000)]
  0x00007f15901b7000 JavaThread "pool-2-thread-4" [_thread_blocked, id=17727, stack(0x00007f1573109000,0x00007f157320a000)]
  0x00007f15901b5800 JavaThread "pool-2-thread-3" [_thread_blocked, id=17726, stack(0x00007f157320a000,0x00007f157330b000)]
  0x00007f15901b4800 JavaThread "pool-2-thread-2" [_thread_blocked, id=17725, stack(0x00007f157330b000,0x00007f157340c000)]
  0x00007f15901b1800 JavaThread "pool-3-thread-1" [_thread_blocked, id=17724, stack(0x00007f157340c000,0x00007f157350d000)]
  0x00007f15901ac000 JavaThread "pool-2-thread-1" [_thread_blocked, id=17723, stack(0x00007f157350d000,0x00007f157360e000)]
  0x00007f15900ca800 JavaThread "Service Thread" daemon [_thread_blocked, id=17721, stack(0x00007f158008e000,0x00007f158018f000)]
  0x00007f15900bd800 JavaThread "C1 CompilerThread2" daemon [_thread_blocked, id=17720, stack(0x00007f158018f000,0x00007f1580290000)]
  0x00007f15900bb800 JavaThread "C2 CompilerThread1" daemon [_thread_blocked, id=17719, stack(0x00007f1580290000,0x00007f1580391000)]
  0x00007f15900b8800 JavaThread "C2 CompilerThread0" daemon [_thread_blocked, id=17718, stack(0x00007f1580391000,0x00007f1580492000)]
  0x00007f15900b7000 JavaThread "Signal Dispatcher" daemon [_thread_blocked, id=17717, stack(0x00007f1580492000,0x00007f1580593000)]
  0x00007f159007f000 JavaThread "Finalizer" daemon [_thread_blocked, id=17716, stack(0x00007f1580593000,0x00007f1580694000)]
  0x00007f159007d000 JavaThread "Reference Handler" daemon [_thread_blocked, id=17715, stack(0x00007f1580694000,0x00007f1580795000)]
  0x00007f159000a000 JavaThread "main" [_thread_blocked, id=17706, stack(0x00007f15993c0000,0x00007f15994c1000)]

Other Threads:
=>0x00007f1590078000 VMThread [stack: 0x00007f1580795000,0x00007f1580896000] [id=17714]
  0x00007f15900cd800 WatcherThread [stack: 0x00007f15736ec000,0x00007f15737ed000] [id=17722]

VM state:at safepoint (normal execution)

VM Mutex/Monitor currently owned by a thread:  ([mutex/lock_event])
[0x00007f1590005e10] ExpandHeap_lock - owner thread: 0x00007f1590078000
[0x00007f1590006490] Threads_lock - owner thread: 0x00007f1590078000
[0x00007f1590006990] Heap_lock - owner thread: 0x00007f15901b5800

Heap:
 PSYoungGen      total 465920K, used 0K [0x00000000d5580000, 0x0000000100000000, 0x0000000100000000)
  eden space 232960K, 0% used [0x00000000d5580000,0x00000000d5580000,0x00000000e3900000)
  from space 232960K, 0% used [0x00000000e3900000,0x00000000e3900000,0x00000000f1c80000)
  to   space 232960K, 0% used [0x00000000f1c80000,0x00000000f1c80000,0x0000000100000000)
 ParOldGen       total 783872K, used 778368K [0x0000000080000000, 0x00000000afd80000, 0x00000000d5580000)
  object space 783872K, 99% used [0x0000000080000000,0x00000000af820078,0x00000000afd80000)
 Metaspace       used 6832K, capacity 7608K, committed 7936K, reserved 1056768K
  class space    used 629K, capacity 688K, committed 768K, reserved 1048576K

Card table byte_map: [0x00007f1595d87000,0x00007f1596188000] byte_map_base: 0x00007f1595987000

Marking Bits: (ParMarkBitMap*) 0x00007f1598897020
 Begin Bits: [0x00007f1578000000, 0x00007f157a000000)
 End Bits:   [0x00007f157a000000, 0x00007f157c000000)

Polling page: 0x00007f15994de000

CodeCache: size=245760Kb used=12391Kb max_used=13152Kb free=233368Kb
 bounds [0x00007f1581000000, 0x00007f1581d00000, 0x00007f1590000000]
 total_blobs=3005 nmethods=2736 adapters=182
 compilation: enabled

Compilation events (10 events):
Event: 37,731 Thread 0x00007f15900bd800 3371       1       com.android.dx.util.ByteArrayAnnotatedOutput::getCursor (5 bytes)
Event: 37,732 Thread 0x00007f15900bd800 nmethod 3371 0x00007f15813e9b90 code [0x00007f15813e9ce0, 0x00007f15813e9df0]
Event: 37,764 Thread 0x00007f15900bd800 3372 %     3       java.util.Arrays::fill @ 5 (21 bytes)
Event: 37,764 Thread 0x00007f15900bd800 nmethod 3372% 0x00007f15813e9650 code [0x00007f15813e97c0, 0x00007f15813e9a10]
Event: 37,805 Thread 0x00007f15900bd800 3373       2       java.util.ComparableTimSort::<init> (160 bytes)
Event: 37,805 Thread 0x00007f15900bd800 nmethod 3373 0x00007f15814c1310 code [0x00007f15814c1480, 0x00007f15814c1890]
Event: 37,806 Thread 0x00007f15900bd800 3374       2       java.util.ComparableTimSort::minRunLength (43 bytes)
Event: 37,806 Thread 0x00007f15900bd800 nmethod 3374 0x00007f15814c0f50 code [0x00007f15814c10c0, 0x00007f15814c1250]
Event: 37,806 Thread 0x00007f15900bd800 3375       2       java.util.ComparableTimSort::mergeForceCollapse (50 bytes)
Event: 37,806 Thread 0x00007f15900bd800 nmethod 3375 0x00007f15814c0a50 code [0x00007f15814c0bc0, 0x00007f15814c0de8]

GC Heap History (10 events):
Event: 32,191 GC heap after
Heap after GC invocations=24 (full 5):
 PSYoungGen      total 465920K, used 109575K [0x00000000d5580000, 0x0000000100000000, 0x0000000100000000)
  eden space 232960K, 0% used [0x00000000d5580000,0x00000000d5580000,0x00000000e3900000)
  from space 232960K, 47% used [0x00000000e3900000,0x00000000ea401e08,0x00000000f1c80000)
  to   space 232960K, 0% used [0x00000000f1c80000,0x00000000f1c80000,0x0000000100000000)
 ParOldGen       total 783872K, used 534606K [0x0000000080000000, 0x00000000afd80000, 0x00000000d5580000)
  object space 783872K, 68% used [0x0000000080000000,0x00000000a0a13828,0x00000000afd80000)
 Metaspace       used 6539K, capacity 7286K, committed 7552K, reserved 1056768K
  class space    used 611K, capacity 622K, committed 640K, reserved 1048576K
}
Event: 34,457 GC heap before
{Heap before GC invocations=25 (full 5):
 PSYoungGen      total 465920K, used 342535K [0x00000000d5580000, 0x0000000100000000, 0x0000000100000000)
  eden space 232960K, 100% used [0x00000000d5580000,0x00000000e3900000,0x00000000e3900000)
  from space 232960K, 47% used [0x00000000e3900000,0x00000000ea401e08,0x00000000f1c80000)
  to   space 232960K, 0% used [0x00000000f1c80000,0x00000000f1c80000,0x0000000100000000)
 ParOldGen       total 783872K, used 534606K [0x0000000080000000, 0x00000000afd80000, 0x00000000d5580000)
  object space 783872K, 68% used [0x0000000080000000,0x00000000a0a13828,0x00000000afd80000)
 Metaspace       used 6581K, capacity 7352K, committed 7552K, reserved 1056768K
  class space    used 614K, capacity 624K, committed 640K, reserved 1048576K
Event: 34,781 GC heap after
Heap after GC invocations=25 (full 5):
 PSYoungGen      total 452608K, used 72743K [0x00000000d5580000, 0x00000000ff300000, 0x0000000100000000)
  eden space 232960K, 0% used [0x00000000d5580000,0x00000000d5580000,0x00000000e3900000)
  from space 219648K, 33% used [0x00000000f1c80000,0x00000000f6389d70,0x00000000ff300000)
  to   space 226304K, 0% used [0x00000000e3900000,0x00000000e3900000,0x00000000f1600000)
 ParOldGen       total 783872K, used 616976K [0x0000000080000000, 0x00000000afd80000, 0x00000000d5580000)
  object space 783872K, 78% used [0x0000000080000000,0x00000000a5a84028,0x00000000afd80000)
 Metaspace       used 6581K, capacity 7352K, committed 7552K, reserved 1056768K
  class space    used 614K, capacity 624K, committed 640K, reserved 1048576K
}
Event: 35,690 GC heap before
{Heap before GC invocations=26 (full 5):
 PSYoungGen      total 452608K, used 305703K [0x00000000d5580000, 0x00000000ff300000, 0x0000000100000000)
  eden space 232960K, 100% used [0x00000000d5580000,0x00000000e3900000,0x00000000e3900000)
  from space 219648K, 33% used [0x00000000f1c80000,0x00000000f6389d70,0x00000000ff300000)
  to   space 226304K, 0% used [0x00000000e3900000,0x00000000e3900000,0x00000000f1600000)
 ParOldGen       total 783872K, used 616976K [0x0000000080000000, 0x00000000afd80000, 0x00000000d5580000)
  object space 783872K, 78% used [0x0000000080000000,0x00000000a5a84028,0x00000000afd80000)
 Metaspace       used 6608K, capacity 7352K, committed 7552K, reserved 1056768K
  class space    used 616K, capacity 624K, committed 640K, reserved 1048576K
Event: 35,823 GC heap after
Heap after GC invocations=26 (full 5):
 PSYoungGen      total 459264K, used 182056K [0x00000000d5580000, 0x0000000100000000, 0x0000000100000000)
  eden space 232960K, 0% used [0x00000000d5580000,0x00000000d5580000,0x00000000e3900000)
  from space 226304K, 80% used [0x00000000e3900000,0x00000000eeaca340,0x00000000f1600000)
  to   space 232960K, 0% used [0x00000000f1c80000,0x00000000f1c80000,0x0000000100000000)
 ParOldGen       total 783872K, used 616976K [0x0000000080000000, 0x00000000afd80000, 0x00000000d5580000)
  object space 783872K, 78% used [0x0000000080000000,0x00000000a5a84028,0x00000000afd80000)
 Metaspace       used 6608K, capacity 7352K, committed 7552K, reserved 1056768K
  class space    used 616K, capacity 624K, committed 640K, reserved 1048576K
}
Event: 36,369 GC heap before
{Heap before GC invocations=27 (full 5):
 PSYoungGen      total 459264K, used 415016K [0x00000000d5580000, 0x0000000100000000, 0x0000000100000000)
  eden space 232960K, 100% used [0x00000000d5580000,0x00000000e3900000,0x00000000e3900000)
  from space 226304K, 80% used [0x00000000e3900000,0x00000000eeaca340,0x00000000f1600000)
  to   space 232960K, 0% used [0x00000000f1c80000,0x00000000f1c80000,0x0000000100000000)
 ParOldGen       total 783872K, used 616976K [0x0000000080000000, 0x00000000afd80000, 0x00000000d5580000)
  object space 783872K, 78% used [0x0000000080000000,0x00000000a5a84028,0x00000000afd80000)
 Metaspace       used 6615K, capacity 7352K, committed 7552K, reserved 1056768K
  class space    used 616K, capacity 624K, committed 640K, reserved 1048576K
Event: 36,549 GC heap after
Heap after GC invocations=27 (full 5):
 PSYoungGen      total 465920K, used 37570K [0x00000000d5580000, 0x0000000100000000, 0x0000000100000000)
  eden space 232960K, 0% used [0x00000000d5580000,0x00000000d5580000,0x00000000e3900000)
  from space 232960K, 16% used [0x00000000f1c80000,0x00000000f4130820,0x0000000100000000)
  to   space 232960K, 0% used [0x00000000e3900000,0x00000000e3900000,0x00000000f1c80000)
 ParOldGen       total 783872K, used 674191K [0x0000000080000000, 0x00000000afd80000, 0x00000000d5580000)
  object space 783872K, 86% used [0x0000000080000000,0x00000000a9263ee8,0x00000000afd80000)
 Metaspace       used 6615K, capacity 7352K, committed 7552K, reserved 1056768K
  class space    used 616K, capacity 624K, committed 640K, reserved 1048576K
}
Event: 37,900 GC heap before
{Heap before GC invocations=28 (full 5):
 PSYoungGen      total 465920K, used 270530K [0x00000000d5580000, 0x0000000100000000, 0x0000000100000000)
  eden space 232960K, 100% used [0x00000000d5580000,0x00000000e3900000,0x00000000e3900000)
  from space 232960K, 16% used [0x00000000f1c80000,0x00000000f4130820,0x0000000100000000)
  to   space 232960K, 0% used [0x00000000e3900000,0x00000000e3900000,0x00000000f1c80000)
 ParOldGen       total 783872K, used 674191K [0x0000000080000000, 0x00000000afd80000, 0x00000000d5580000)
  object space 783872K, 86% used [0x0000000080000000,0x00000000a9263ee8,0x00000000afd80000)
 Metaspace       used 6832K, capacity 7608K, committed 7936K, reserved 1056768K
  class space    used 629K, capacity 688K, committed 768K, reserved 1048576K
Event: 38,064 GC heap after
Heap after GC invocations=28 (full 5):
 PSYoungGen      total 465920K, used 113829K [0x00000000d5580000, 0x0000000100000000, 0x0000000100000000)
  eden space 232960K, 0% used [0x00000000d5580000,0x00000000d5580000,0x00000000e3900000)
  from space 232960K, 48% used [0x00000000e3900000,0x00000000ea829760,0x00000000f1c80000)
  to   space 232960K, 0% used [0x00000000f1c80000,0x00000000f1c80000,0x0000000100000000)
 ParOldGen       total 783872K, used 709958K [0x0000000080000000, 0x00000000afd80000, 0x00000000d5580000)
  object space 783872K, 90% used [0x0000000080000000,0x00000000ab551a80,0x00000000afd80000)
 Metaspace       used 6832K, capacity 7608K, committed 7936K, reserved 1056768K
  class space    used 629K, capacity 688K, committed 768K, reserved 1048576K
}
Event: 38,064 GC heap before
{Heap before GC invocations=29 (full 6):
 PSYoungGen      total 465920K, used 113829K [0x00000000d5580000, 0x0000000100000000, 0x0000000100000000)
  eden space 232960K, 0% used [0x00000000d5580000,0x00000000d5580000,0x00000000e3900000)
  from space 232960K, 48% used [0x00000000e3900000,0x00000000ea829760,0x00000000f1c80000)
  to   space 232960K, 0% used [0x00000000f1c80000,0x00000000f1c80000,0x0000000100000000)
 ParOldGen       total 783872K, used 709958K [0x0000000080000000, 0x00000000afd80000, 0x00000000d5580000)
  object space 783872K, 90% used [0x0000000080000000,0x00000000ab551a80,0x00000000afd80000)
 Metaspace       used 6832K, capacity 7608K, committed 7936K, reserved 1056768K
  class space    used 629K, capacity 688K, committed 768K, reserved 1048576K

Deoptimization events (10 events):
Event: 36,173 Thread 0x00007f15901ac000 Uncommon trap: reason=class_check action=maybe_recompile pc=0x00007f15813cb278 method=com.android.dx.util.BitIntSet.merge(Lcom/android/dx/util/IntSet;)V @ 1
Event: 36,195 Thread 0x00007f15901b4800 Uncommon trap: reason=class_check action=maybe_recompile pc=0x00007f1581ab1668 method=com.android.dx.ssa.back.InterferenceGraph.mergeInterferenceSet(ILcom/android/dx/util/IntSet;)V @ 20
Event: 36,975 Thread 0x00007f15901da000 Uncommon trap: reason=unstable_if action=reinterpret pc=0x00007f15812a543c method=java.util.TreeMap.put(Ljava/lang/Object;Ljava/lang/Object;)Ljava/lang/Object; @ 163
Event: 37,477 Thread 0x00007f15901da000 Uncommon trap: reason=predicate action=maybe_recompile pc=0x00007f1581821f20 method=java.util.ComparableTimSort.binarySort([Ljava/lang/Object;III)V @ 37
Event: 37,622 Thread 0x00007f15901da000 Uncommon trap: reason=unstable_if action=reinterpret pc=0x00007f15813eb808 method=com.android.dx.rop.code.RegisterSpec.equalsUsingSimpleType(Lcom/android/dx/rop/code/RegisterSpec;)Z @ 5
Event: 37,684 Thread 0x00007f15901da000 Uncommon trap: reason=array_check action=maybe_recompile pc=0x00007f15813eda68 method=java.util.ComparableTimSort.binarySort([Ljava/lang/Object;III)V @ 193
Event: 37,773 Thread 0x00007f15901da000 Uncommon trap: reason=array_check action=maybe_recompile pc=0x00007f15813eda68 method=java.util.ComparableTimSort.binarySort([Ljava/lang/Object;III)V @ 193
Event: 37,794 Thread 0x00007f15901da000 Uncommon trap: reason=array_check action=maybe_recompile pc=0x00007f15813eda68 method=java.util.ComparableTimSort.binarySort([Ljava/lang/Object;III)V @ 193
Event: 37,826 Thread 0x00007f15901da000 Uncommon trap: reason=array_check action=maybe_recompile pc=0x00007f15813edb24 method=java.util.ComparableTimSort.binarySort([Ljava/lang/Object;III)V @ 183
Event: 37,893 Thread 0x00007f15901da000 Uncommon trap: reason=array_check action=maybe_recompile pc=0x00007f15813eda68 method=java.util.ComparableTimSort.binarySort([Ljava/lang/Object;III)V @ 193

Internal exceptions (10 events):
Event: 0,872 Thread 0x00007f159000a000 Implicit null exception at 0x00007f15812be0f0 to 0x00007f15812c0621
Event: 1,338 Thread 0x00007f15901b7000 Exception <a 'java/lang/ArrayIndexOutOfBoundsException': 18> (0x00000000d6ff6430) thrown at [/HUDSON/workspace/8-2-build-linux-amd64/jdk8u66/4988/hotspot/src/share/vm/interpreter/interpreterRuntime.cpp, line 366]
Event: 1,339 Thread 0x00007f15901b7000 Exception <a 'java/lang/ArrayIndexOutOfBoundsException': 145> (0x00000000d6ff7fb0) thrown at [/HUDSON/workspace/8-2-build-linux-amd64/jdk8u66/4988/hotspot/src/share/vm/interpreter/interpreterRuntime.cpp, line 366]
Event: 1,340 Thread 0x00007f15901b7000 Exception <a 'java/lang/ArrayIndexOutOfBoundsException': 40> (0x00000000d6ff9298) thrown at [/HUDSON/workspace/8-2-build-linux-amd64/jdk8u66/4988/hotspot/src/share/vm/interpreter/interpreterRuntime.cpp, line 366]
Event: 2,865 Thread 0x00007f15901b7000 Implicit null exception at 0x00007f15813db592 to 0x00007f15813ddbb9
Event: 7,127 Thread 0x00007f15901ac000 Implicit null exception at 0x00007f1581551a2f to 0x00007f1581551ba9
Event: 8,829 Thread 0x00007f15901b4800 Implicit null exception at 0x00007f15819e2b03 to 0x00007f15819e7185
Event: 15,609 Thread 0x00007f159000a000 Implicit null exception at 0x00007f1581320cea to 0x00007f15813210c5
Event: 23,749 Thread 0x00007f159000a000 Implicit null exception at 0x00007f1581c1892f to 0x00007f1581c18b07
Event: 32,365 Thread 0x00007f15901b7000 Implicit null exception at 0x00007f1581c8bc93 to 0x00007f1581c8cdfd

Events (10 events):
Event: 37,794 Thread 0x00007f15901da000 DEOPT UNPACKING pc=0x00007f1581005229 sp=0x00007f1573106f98 mode 2
Event: 37,826 Thread 0x00007f15901da000 Uncommon trap: trap_request=0xffffffd6 fr.pc=0x00007f15813edb24
Event: 37,827 Thread 0x00007f15901da000 DEOPT PACKING pc=0x00007f15813edb24 sp=0x00007f1573106ff0
Event: 37,827 Thread 0x00007f15901da000 DEOPT UNPACKING pc=0x00007f1581005229 sp=0x00007f1573106f98 mode 2
Event: 37,893 Thread 0x00007f15901da000 Uncommon trap: trap_request=0xffffffd6 fr.pc=0x00007f15813eda68
Event: 37,893 Thread 0x00007f15901da000 DEOPT PACKING pc=0x00007f15813eda68 sp=0x00007f1573106e70
Event: 37,893 Thread 0x00007f15901da000 DEOPT UNPACKING pc=0x00007f1581005229 sp=0x00007f1573106e18 mode 2
Event: 37,893 Thread 0x00007f15901b4800 DEOPT PACKING pc=0x00007f158156803d sp=0x00007f1573409c20
Event: 37,893 Thread 0x00007f15901b4800 DEOPT UNPACKING pc=0x00007f1581047633 sp=0x00007f1573409a20 mode 0
Event: 37,900 Executing VM operation: ParallelGCFailedAllocation


Dynamic libraries:
00400000-00401000 r-xp 00000000 08:01 4591374                            /usr/lib/jvm/java-8-oracle/bin/java
00600000-00601000 rw-p 00000000 08:01 4591374                            /usr/lib/jvm/java-8-oracle/bin/java
00d1a000-00d3b000 rw-p 00000000 00:00 0                                  [heap]
80000000-afd80000 rw-p 00000000 00:00 0 
c2000000-d5580000 ---p 00000000 00:00 0 
d5580000-100000000 rw-p 00000000 00:00 0 
100000000-1000c0000 rw-p 00000000 00:00 0 
1000c0000-140000000 ---p 00000000 00:00 0 
7f152c000000-7f152c068000 rw-p 00000000 00:00 0 
7f152c068000-7f1530000000 ---p 00000000 00:00 0 
7f1530000000-7f1530058000 rw-p 00000000 00:00 0 
7f1530058000-7f1534000000 ---p 00000000 00:00 0 
7f1534000000-7f1534050000 rw-p 00000000 00:00 0 
7f1534050000-7f1538000000 ---p 00000000 00:00 0 
7f1538000000-7f1538037000 rw-p 00000000 00:00 0 
7f1538037000-7f153c000000 ---p 00000000 00:00 0 
7f153c000000-7f153c04d000 rw-p 00000000 00:00 0 
7f153c04d000-7f1540000000 ---p 00000000 00:00 0 
7f1540000000-7f1540021000 rw-p 00000000 00:00 0 
7f1540021000-7f1544000000 ---p 00000000 00:00 0 
7f1544000000-7f1544021000 rw-p 00000000 00:00 0 
7f1544021000-7f1548000000 ---p 00000000 00:00 0 
7f1548000000-7f1548021000 rw-p 00000000 00:00 0 
7f1548021000-7f154c000000 ---p 00000000 00:00 0 
7f154c000000-7f154d82e000 rw-p 00000000 00:00 0 
7f154d82e000-7f1550000000 ---p 00000000 00:00 0 
7f1550000000-7f1550a20000 rw-p 00000000 00:00 0 
7f1550a20000-7f1554000000 ---p 00000000 00:00 0 
7f1554000000-7f1554021000 rw-p 00000000 00:00 0 
7f1554021000-7f1558000000 ---p 00000000 00:00 0 
7f1558000000-7f15596e0000 rw-p 00000000 00:00 0 
7f15596e0000-7f155c000000 ---p 00000000 00:00 0 
7f155c000000-7f155c021000 rw-p 00000000 00:00 0 
7f155c021000-7f1560000000 ---p 00000000 00:00 0 
7f1560000000-7f1560021000 rw-p 00000000 00:00 0 
7f1560021000-7f1564000000 ---p 00000000 00:00 0 
7f1564000000-7f1564021000 rw-p 00000000 00:00 0 
7f1564021000-7f1568000000 ---p 00000000 00:00 0 
7f1568000000-7f1568297000 rw-p 00000000 00:00 0 
7f1568297000-7f156c000000 ---p 00000000 00:00 0 
7f156c000000-7f156c021000 rw-p 00000000 00:00 0 
7f156c021000-7f1570000000 ---p 00000000 00:00 0 
7f1573008000-7f157300b000 ---p 00000000 00:00 0 
7f157300b000-7f1573109000 rw-p 00000000 00:00 0                          [stack:17739]
7f1573109000-7f157310c000 ---p 00000000 00:00 0 
7f157310c000-7f157320a000 rw-p 00000000 00:00 0                          [stack:17727]
7f157320a000-7f157320d000 ---p 00000000 00:00 0 
7f157320d000-7f157330b000 rw-p 00000000 00:00 0                          [stack:17726]
7f157330b000-7f157330e000 ---p 00000000 00:00 0 
7f157330e000-7f157340c000 rw-p 00000000 00:00 0                          [stack:17725]
7f157340c000-7f157340f000 ---p 00000000 00:00 0 
7f157340f000-7f157350d000 rw-p 00000000 00:00 0                          [stack:17724]
7f157350d000-7f1573510000 ---p 00000000 00:00 0 
7f1573510000-7f157360e000 rw-p 00000000 00:00 0                          [stack:17723]
7f157360e000-7f15736ec000 r--s 00ab5000 08:01 1835236                    /home/tomasz/AndroidStudioProjects/ITAssistant/app/build/intermediates/transforms/CLASSES/FULL_PROJECT/jarMerging/debug/classes.jar
7f15736ec000-7f15736ed000 ---p 00000000 00:00 0 
7f15736ed000-7f15737ed000 rw-p 00000000 00:00 0                          [stack:17722]
7f15737ed000-7f1574000000 r--p 00000000 08:01 1579663                    /usr/lib/locale/locale-archive
7f1574000000-7f1574021000 rw-p 00000000 00:00 0 
7f1574021000-7f1578000000 ---p 00000000 00:00 0 
7f1578000000-7f157c000000 rw-p 00000000 00:00 0 
7f157c000000-7f157c021000 rw-p 00000000 00:00 0 
7f157c021000-7f1580000000 ---p 00000000 00:00 0 
7f1580069000-7f158008e000 r--p 00000000 08:01 2361987                    /usr/share/locale-langpack/pl/LC_MESSAGES/libc.mo
7f158008e000-7f1580091000 ---p 00000000 00:00 0 
7f1580091000-7f158018f000 rw-p 00000000 00:00 0                          [stack:17721]
7f158018f000-7f1580192000 ---p 00000000 00:00 0 
7f1580192000-7f1580290000 rw-p 00000000 00:00 0                          [stack:17720]
7f1580290000-7f1580293000 ---p 00000000 00:00 0 
7f1580293000-7f1580391000 rw-p 00000000 00:00 0                          [stack:17719]
7f1580391000-7f1580394000 ---p 00000000 00:00 0 
7f1580394000-7f1580492000 rw-p 00000000 00:00 0                          [stack:17718]
7f1580492000-7f1580495000 ---p 00000000 00:00 0 
7f1580495000-7f1580593000 rw-p 00000000 00:00 0                          [stack:17717]
7f1580593000-7f1580596000 ---p 00000000 00:00 0 
7f1580596000-7f1580694000 rw-p 00000000 00:00 0                          [stack:17716]
7f1580694000-7f1580697000 ---p 00000000 00:00 0 
7f1580697000-7f1580795000 rw-p 00000000 00:00 0                          [stack:17715]
7f1580795000-7f1580796000 ---p 00000000 00:00 0 
7f1580796000-7f1581000000 rw-p 00000000 00:00 0                          [stack:17714]
7f1581000000-7f1581d00000 rwxp 00000000 00:00 0 
7f1581d00000-7f1590000000 ---p 00000000 00:00 0 
7f1590000000-7f15903e6000 rw-p 00000000 00:00 0 
7f15903e6000-7f1594000000 ---p 00000000 00:00 0 
7f1594011000-7f1594889000 rw-p 00000000 00:00 0 
7f1594889000-7f1594a62000 r--s 03d20000 08:01 4069182                    /usr/lib/jvm/java-8-oracle/jre/lib/rt.jar
7f1594a62000-7f15951d8000 rw-p 00000000 00:00 0 
7f15951d8000-7f15952d8000 ---p 00000000 00:00 0 
7f15952d8000-7f15956d8000 rw-p 00000000 00:00 0 
7f15956d8000-7f15956d9000 ---p 00000000 00:00 0 
7f15956d9000-7f15957d9000 rw-p 00000000 00:00 0                          [stack:17713]
7f15957d9000-7f15957da000 ---p 00000000 00:00 0 
7f15957da000-7f15958da000 rw-p 00000000 00:00 0                          [stack:17712]
7f15958da000-7f15958db000 ---p 00000000 00:00 0 
7f15958db000-7f15959db000 rw-p 00000000 00:00 0                          [stack:17711]
7f15959db000-7f15959dc000 ---p 00000000 00:00 0 
7f15959dc000-7f1595c5b000 rw-p 00000000 00:00 0                          [stack:17710]
7f1595c5b000-7f1595d87000 ---p 00000000 00:00 0 
7f1595d87000-7f1595f06000 rw-p 00000000 00:00 0 
7f1595f06000-7f1596031000 ---p 00000000 00:00 0 
7f1596031000-7f1596187000 rw-p 00000000 00:00 0 
7f1596187000-7f15961bc000 rw-p 00000000 00:00 0 
7f15961bc000-7f1596548000 ---p 00000000 00:00 0 
7f1596548000-7f1596562000 r-xp 00000000 08:01 4069168                    /usr/lib/jvm/java-8-oracle/jre/lib/amd64/libzip.so
7f1596562000-7f1596762000 ---p 0001a000 08:01 4069168                    /usr/lib/jvm/java-8-oracle/jre/lib/amd64/libzip.so
7f1596762000-7f1596763000 rw-p 0001a000 08:01 4069168                    /usr/lib/jvm/java-8-oracle/jre/lib/amd64/libzip.so
7f1596763000-7f159676e000 r-xp 00000000 08:01 5771445                    /lib/x86_64-linux-gnu/libnss_files-2.19.so
7f159676e000-7f159696d000 ---p 0000b000 08:01 5771445                    /lib/x86_64-linux-gnu/libnss_files-2.19.so
7f159696d000-7f159696e000 r--p 0000a000 08:01 5771445                    /lib/x86_64-linux-gnu/libnss_files-2.19.so
7f159696e000-7f159696f000 rw-p 0000b000 08:01 5771445                    /lib/x86_64-linux-gnu/libnss_files-2.19.so
7f159696f000-7f159697a000 r-xp 00000000 08:01 5771455                    /lib/x86_64-linux-gnu/libnss_nis-2.19.so
7f159697a000-7f1596b79000 ---p 0000b000 08:01 5771455                    /lib/x86_64-linux-gnu/libnss_nis-2.19.so
7f1596b79000-7f1596b7a000 r--p 0000a000 08:01 5771455                    /lib/x86_64-linux-gnu/libnss_nis-2.19.so
7f1596b7a000-7f1596b7b000 rw-p 0000b000 08:01 5771455                    /lib/x86_64-linux-gnu/libnss_nis-2.19.so
7f1596b7b000-7f1596b92000 r-xp 00000000 08:01 5771439                    /lib/x86_64-linux-gnu/libnsl-2.19.so
7f1596b92000-7f1596d91000 ---p 00017000 08:01 5771439                    /lib/x86_64-linux-gnu/libnsl-2.19.so
7f1596d91000-7f1596d92000 r--p 00016000 08:01 5771439                    /lib/x86_64-linux-gnu/libnsl-2.19.so
7f1596d92000-7f1596d93000 rw-p 00017000 08:01 5771439                    /lib/x86_64-linux-gnu/libnsl-2.19.so
7f1596d93000-7f1596d95000 rw-p 00000000 00:00 0 
7f1596d95000-7f1596d9e000 r-xp 00000000 08:01 5771441                    /lib/x86_64-linux-gnu/libnss_compat-2.19.so
7f1596d9e000-7f1596f9d000 ---p 00009000 08:01 5771441                    /lib/x86_64-linux-gnu/libnss_compat-2.19.so
7f1596f9d000-7f1596f9e000 r--p 00008000 08:01 5771441                    /lib/x86_64-linux-gnu/libnss_compat-2.19.so
7f1596f9e000-7f1596f9f000 rw-p 00009000 08:01 5771441                    /lib/x86_64-linux-gnu/libnss_compat-2.19.so
7f1596f9f000-7f1596fc9000 r-xp 00000000 08:01 4069157                    /usr/lib/jvm/java-8-oracle/jre/lib/amd64/libjava.so
7f1596fc9000-7f15971c9000 ---p 0002a000 08:01 4069157                    /usr/lib/jvm/java-8-oracle/jre/lib/amd64/libjava.so
7f15971c9000-7f15971cb000 rw-p 0002a000 08:01 4069157                    /usr/lib/jvm/java-8-oracle/jre/lib/amd64/libjava.so
7f15971cb000-7f15971d8000 r-xp 00000000 08:01 4069118                    /usr/lib/jvm/java-8-oracle/jre/lib/amd64/libverify.so
7f15971d8000-7f15973d8000 ---p 0000d000 08:01 4069118                    /usr/lib/jvm/java-8-oracle/jre/lib/amd64/libverify.so
7f15973d8000-7f15973da000 rw-p 0000d000 08:01 4069118                    /usr/lib/jvm/java-8-oracle/jre/lib/amd64/libverify.so
7f15973da000-7f15973e1000 r-xp 00000000 08:01 5771498                    /lib/x86_64-linux-gnu/librt-2.19.so
7f15973e1000-7f15975e0000 ---p 00007000 08:01 5771498                    /lib/x86_64-linux-gnu/librt-2.19.so
7f15975e0000-7f15975e1000 r--p 00006000 08:01 5771498                    /lib/x86_64-linux-gnu/librt-2.19.so
7f15975e1000-7f15975e2000 rw-p 00007000 08:01 5771498                    /lib/x86_64-linux-gnu/librt-2.19.so
7f15975e2000-7f15976e7000 r-xp 00000000 08:01 5771420                    /lib/x86_64-linux-gnu/libm-2.19.so
7f15976e7000-7f15978e6000 ---p 00105000 08:01 5771420                    /lib/x86_64-linux-gnu/libm-2.19.so
7f15978e6000-7f15978e7000 r--p 00104000 08:01 5771420                    /lib/x86_64-linux-gnu/libm-2.19.so
7f15978e7000-7f15978e8000 rw-p 00105000 08:01 5771420                    /lib/x86_64-linux-gnu/libm-2.19.so
7f15978e8000-7f15985a6000 r-xp 00000000 08:01 4069167                    /usr/lib/jvm/java-8-oracle/jre/lib/amd64/server/libjvm.so
7f15985a6000-7f15987a5000 ---p 00cbe000 08:01 4069167                    /usr/lib/jvm/java-8-oracle/jre/lib/amd64/server/libjvm.so
7f15987a5000-7f159887e000 rw-p 00cbd000 08:01 4069167                    /usr/lib/jvm/java-8-oracle/jre/lib/amd64/server/libjvm.so
7f159887e000-7f15988c2000 rw-p 00000000 00:00 0 
7f15988c2000-7f1598a7d000 r-xp 00000000 08:01 5771370                    /lib/x86_64-linux-gnu/libc-2.19.so
7f1598a7d000-7f1598c7c000 ---p 001bb000 08:01 5771370                    /lib/x86_64-linux-gnu/libc-2.19.so
7f1598c7c000-7f1598c80000 r--p 001ba000 08:01 5771370                    /lib/x86_64-linux-gnu/libc-2.19.so
7f1598c80000-7f1598c82000 rw-p 001be000 08:01 5771370                    /lib/x86_64-linux-gnu/libc-2.19.so
7f1598c82000-7f1598c87000 rw-p 00000000 00:00 0 
7f1598c87000-7f1598c8a000 r-xp 00000000 08:01 5771387                    /lib/x86_64-linux-gnu/libdl-2.19.so
7f1598c8a000-7f1598e89000 ---p 00003000 08:01 5771387                    /lib/x86_64-linux-gnu/libdl-2.19.so
7f1598e89000-7f1598e8a000 r--p 00002000 08:01 5771387                    /lib/x86_64-linux-gnu/libdl-2.19.so
7f1598e8a000-7f1598e8b000 rw-p 00003000 08:01 5771387                    /lib/x86_64-linux-gnu/libdl-2.19.so
7f1598e8b000-7f1598ea0000 r-xp 00000000 08:01 4727160                    /usr/lib/jvm/java-8-oracle/lib/amd64/jli/libjli.so
7f1598ea0000-7f15990a0000 ---p 00015000 08:01 4727160                    /usr/lib/jvm/java-8-oracle/lib/amd64/jli/libjli.so
7f15990a0000-7f15990a1000 rw-p 00015000 08:01 4727160                    /usr/lib/jvm/java-8-oracle/lib/amd64/jli/libjli.so
7f15990a1000-7f15990ba000 r-xp 00000000 08:01 5771490                    /lib/x86_64-linux-gnu/libpthread-2.19.so
7f15990ba000-7f15992b9000 ---p 00019000 08:01 5771490                    /lib/x86_64-linux-gnu/libpthread-2.19.so
7f15992b9000-7f15992ba000 r--p 00018000 08:01 5771490                    /lib/x86_64-linux-gnu/libpthread-2.19.so
7f15992ba000-7f15992bb000 rw-p 00019000 08:01 5771490                    /lib/x86_64-linux-gnu/libpthread-2.19.so
7f15992bb000-7f15992bf000 rw-p 00000000 00:00 0 
7f15992bf000-7f15992e2000 r-xp 00000000 08:01 5771346                    /lib/x86_64-linux-gnu/ld-2.19.so
7f15992ed000-7f15992f4000 r--s 00000000 08:01 1967077                    /usr/lib/x86_64-linux-gnu/gconv/gconv-modules.cache
7f15992f4000-7f15993c0000 rw-p 00000000 00:00 0 
7f15993c0000-7f15993c3000 ---p 00000000 00:00 0 
7f15993c3000-7f15994c6000 rw-p 00000000 00:00 0                          [stack:17706]
7f15994c6000-7f15994d5000 r--s 000df000 08:01 656243                     /home/tomasz/Android/Sdk/build-tools/23.0.1/lib/dx.jar
7f15994d5000-7f15994dd000 rw-s 00000000 08:01 6032731                    /tmp/hsperfdata_tomasz/17704
7f15994dd000-7f15994de000 rw-p 00000000 00:00 0 
7f15994de000-7f15994df000 ---p 00000000 00:00 0 
7f15994df000-7f15994e1000 rw-p 00000000 00:00 0 
7f15994e1000-7f15994e2000 r--p 00022000 08:01 5771346                    /lib/x86_64-linux-gnu/ld-2.19.so
7f15994e2000-7f15994e3000 rw-p 00023000 08:01 5771346                    /lib/x86_64-linux-gnu/ld-2.19.so
7f15994e3000-7f15994e4000 rw-p 00000000 00:00 0 
7ffc218a7000-7ffc218c8000 rw-p 00000000 00:00 0                          [stack]
7ffc2191f000-7ffc21921000 r--p 00000000 00:00 0                          [vvar]
7ffc21921000-7ffc21923000 r-xp 00000000 00:00 0                          [vdso]
ffffffffff600000-ffffffffff601000 r-xp 00000000 00:00 0                  [vsyscall]

VM Arguments:
jvm_args: -Xmx2g -Dfile.encoding=UTF-8 -Duser.country=PL -Duser.language=pl -Duser.variant 
java_command: com.android.dx.command.Main --dex --num-threads=4 --multi-dex --main-dex-list /home/tomasz/AndroidStudioProjects/ITAssistant/app/build/intermediates/multi-dex/debug/maindexlist.txt --output /home/tomasz/AndroidStudioProjects/ITAssistant/app/build/intermediates/transforms/DEX/FULL_PROJECT/dex/debug /home/tomasz/AndroidStudioProjects/ITAssistant/app/build/intermediates/transforms/CLASSES/FULL_PROJECT/jarMerging/debug/classes.jar
java_class_path (initial): /home/tomasz/Android/Sdk/build-tools/23.0.1/lib/dx.jar
Launcher Type: SUN_STANDARD

Environment Variables:
PATH=/usr/local/sbin:/usr/local/bin:/usr/sbin:/usr/bin:/sbin:/bin:/usr/games:/usr/local/games
LD_LIBRARY_PATH=/opt/android-studio/bin:
SHELL=/bin/bash
DISPLAY=:0

Signal Handlers:
SIGSEGV: [libjvm.so+0xaba2a0], sa_mask[0]=11111111011111111101111111111110, sa_flags=SA_RESTART|SA_SIGINFO
SIGBUS: [libjvm.so+0xaba2a0], sa_mask[0]=11111111011111111101111111111110, sa_flags=SA_RESTART|SA_SIGINFO
SIGFPE: [libjvm.so+0x917710], sa_mask[0]=11111111011111111101111111111110, sa_flags=SA_RESTART|SA_SIGINFO
SIGPIPE: [libjvm.so+0x917710], sa_mask[0]=11111111011111111101111111111110, sa_flags=SA_RESTART|SA_SIGINFO
SIGXFSZ: [libjvm.so+0x917710], sa_mask[0]=11111111011111111101111111111110, sa_flags=SA_RESTART|SA_SIGINFO
SIGILL: [libjvm.so+0x917710], sa_mask[0]=11111111011111111101111111111110, sa_flags=SA_RESTART|SA_SIGINFO
SIGUSR1: SIG_DFL, sa_mask[0]=00000000000000000000000000000000, sa_flags=none
SIGUSR2: [libjvm.so+0x918d40], sa_mask[0]=00100000000000000000000000000000, sa_flags=SA_RESTART|SA_SIGINFO
SIGHUP: [libjvm.so+0x91a140], sa_mask[0]=11111111011111111101111111111110, sa_flags=SA_RESTART|SA_SIGINFO
SIGINT: [libjvm.so+0x91a140], sa_mask[0]=11111111011111111101111111111110, sa_flags=SA_RESTART|SA_SIGINFO
SIGTERM: [libjvm.so+0x91a140], sa_mask[0]=11111111011111111101111111111110, sa_flags=SA_RESTART|SA_SIGINFO
SIGQUIT: [libjvm.so+0x91a140], sa_mask[0]=11111111011111111101111111111110, sa_flags=SA_RESTART|SA_SIGINFO


---------------  S Y S T E M  ---------------

OS:DISTRIB_ID=Ubuntu
DISTRIB_RELEASE=14.04
DISTRIB_CODENAME=trusty
DISTRIB_DESCRIPTION="Ubuntu 14.04.3 LTS"

uname:Linux 3.19.0-30-generic #34~14.04.1-Ubuntu SMP Fri Oct 2 22:09:39 UTC 2015 x86_64
libc:glibc 2.19 NPTL 2.19 
rlimit: STACK 8192k, CORE 0k, NPROC 23202, NOFILE 4096, AS infinity
load average:5,12 2,30 1,61

/proc/meminfo:
MemTotal:        5961336 kB
MemFree:          109204 kB
MemAvailable:      71476 kB
Buffers:             904 kB
Cached:           451732 kB
SwapCached:            0 kB
Active:          5227140 kB
Inactive:         408984 kB
Active(anon):    5208028 kB
Inactive(anon):   392364 kB
Active(file):      19112 kB
Inactive(file):    16620 kB
Unevictable:        1416 kB
Mlocked:            1416 kB
SwapTotal:             0 kB
SwapFree:              0 kB
Dirty:               192 kB
Writeback:             0 kB
AnonPages:       5185532 kB
Mapped:           175860 kB
Shmem:            416208 kB
Slab:              97088 kB
SReclaimable:      57736 kB
SUnreclaim:        39352 kB
KernelStack:       11536 kB
PageTables:        52444 kB
NFS_Unstable:          0 kB
Bounce:                0 kB
WritebackTmp:          0 kB
CommitLimit:     2980668 kB
Committed_AS:   10873564 kB
VmallocTotal:   34359738367 kB
VmallocUsed:      557916 kB
VmallocChunk:   34359167996 kB
HardwareCorrupted:     0 kB
AnonHugePages:   1400832 kB
CmaTotal:              0 kB
CmaFree:               0 kB
HugePages_Total:       0
HugePages_Free:        0
HugePages_Rsvd:        0
HugePages_Surp:        0
Hugepagesize:       2048 kB
DirectMap4k:      180480 kB
DirectMap2M:     5959680 kB


CPU:total 4 (2 cores per cpu, 2 threads per core) family 6 model 42 stepping 7, cmov, cx8, fxsr, mmx, sse, sse2, sse3, ssse3, sse4.1, sse4.2, popcnt, avx, aes, clmul, ht, tsc, tscinvbit

/proc/cpuinfo:
processor	: 0
vendor_id	: GenuineIntel
cpu family	: 6
model		: 42
model name	: Intel(R) Core(TM) i5-2450M CPU @ 2.50GHz
stepping	: 7
microcode	: 0x25
cpu MHz		: 1079.687
cache size	: 3072 KB
physical id	: 0
siblings	: 4
core id		: 0
cpu cores	: 2
apicid		: 0
initial apicid	: 0
fpu		: yes
fpu_exception	: yes
cpuid level	: 13
wp		: yes
flags		: fpu vme de pse tsc msr pae mce cx8 apic sep mtrr pge mca cmov pat pse36 clflush dts acpi mmx fxsr sse sse2 ss ht tm pbe syscall nx rdtscp lm constant_tsc arch_perfmon pebs bts rep_good nopl xtopology nonstop_tsc aperfmperf eagerfpu pni pclmulqdq dtes64 monitor ds_cpl vmx est tm2 ssse3 cx16 xtpr pdcm pcid sse4_1 sse4_2 x2apic popcnt tsc_deadline_timer aes xsave avx lahf_lm ida arat epb pln pts dtherm tpr_shadow vnmi flexpriority ept vpid xsaveopt
bugs		:
bogomips	: 4988.38
clflush size	: 64
cache_alignment	: 64
address sizes	: 36 bits physical, 48 bits virtual
power management:

processor	: 1
vendor_id	: GenuineIntel
cpu family	: 6
model		: 42
model name	: Intel(R) Core(TM) i5-2450M CPU @ 2.50GHz
stepping	: 7
microcode	: 0x25
cpu MHz		: 1183.300
cache size	: 3072 KB
physical id	: 0
siblings	: 4
core id		: 0
cpu cores	: 2
apicid		: 1
initial apicid	: 1
fpu		: yes
fpu_exception	: yes
cpuid level	: 13
wp		: yes
flags		: fpu vme de pse tsc msr pae mce cx8 apic sep mtrr pge mca cmov pat pse36 clflush dts acpi mmx fxsr sse sse2 ss ht tm pbe syscall nx rdtscp lm constant_tsc arch_perfmon pebs bts rep_good nopl xtopology nonstop_tsc aperfmperf eagerfpu pni pclmulqdq dtes64 monitor ds_cpl vmx est tm2 ssse3 cx16 xtpr pdcm pcid sse4_1 sse4_2 x2apic popcnt tsc_deadline_timer aes xsave avx lahf_lm ida arat epb pln pts dtherm tpr_shadow vnmi flexpriority ept vpid xsaveopt
bugs		:
bogomips	: 4988.38
clflush size	: 64
cache_alignment	: 64
address sizes	: 36 bits physical, 48 bits virtual
power management:

processor	: 2
vendor_id	: GenuineIntel
cpu family	: 6
model		: 42
model name	: Intel(R) Core(TM) i5-2450M CPU @ 2.50GHz
stepping	: 7
microcode	: 0x25
cpu MHz		: 1144.921
cache size	: 3072 KB
physical id	: 0
siblings	: 4
core id		: 1
cpu cores	: 2
apicid		: 2
initial apicid	: 2
fpu		: yes
fpu_exception	: yes
cpuid level	: 13
wp		: yes
flags		: fpu vme de pse tsc msr pae mce cx8 apic sep mtrr pge mca cmov pat pse36 clflush dts acpi mmx fxsr sse sse2 ss ht tm pbe syscall nx rdtscp lm constant_tsc arch_perfmon pebs bts rep_good nopl xtopology nonstop_tsc aperfmperf eagerfpu pni pclmulqdq dtes64 monitor ds_cpl vmx est tm2 ssse3 cx16 xtpr pdcm pcid sse4_1 sse4_2 x2apic popcnt tsc_deadline_timer aes xsave avx lahf_lm ida arat epb pln pts dtherm tpr_shadow vnmi flexpriority ept vpid xsaveopt
bugs		:
bogomips	: 4988.38
clflush size	: 64
cache_alignment	: 64
address sizes	: 36 bits physical, 48 bits virtual
power management:

processor	: 3
vendor_id	: GenuineIntel
cpu family	: 6
model		: 42
model name	: Intel(R) Core(TM) i5-2450M CPU @ 2.50GHz
stepping	: 7
microcode	: 0x25
cpu MHz		: 2699.902
cache size	: 3072 KB
physical id	: 0
siblings	: 4
core id		: 1
cpu cores	: 2
apicid		: 3
initial apicid	: 3
fpu		: yes
fpu_exception	: yes
cpuid level	: 13
wp		: yes
flags		: fpu vme de pse tsc msr pae mce cx8 apic sep mtrr pge mca cmov pat pse36 clflush dts acpi mmx fxsr sse sse2 ss ht tm pbe syscall nx rdtscp lm constant_tsc arch_perfmon pebs bts rep_good nopl xtopology nonstop_tsc aperfmperf eagerfpu pni pclmulqdq dtes64 monitor ds_cpl vmx est tm2 ssse3 cx16 xtpr pdcm pcid sse4_1 sse4_2 x2apic popcnt tsc_deadline_timer aes xsave avx lahf_lm ida arat epb pln pts dtherm tpr_shadow vnmi flexpriority ept vpid xsaveopt
bugs		:
bogomips	: 4988.38
clflush size	: 64
cache_alignment	: 64
address sizes	: 36 bits physical, 48 bits virtual
power management:



Memory: 4k page, physical 5961336k(108956k free), swap 0k(0k free)

vm_info: Java HotSpot(TM) 64-Bit Server VM (25.66-b17) for linux-amd64 JRE (1.8.0_66-b17), built on Oct  6 2015 17:28:34 by "java_re" with gcc 4.3.0 20080428 (Red Hat 4.3.0-8)

time: Thu Nov  5 21:51:45 2015
elapsed time: 42 seconds (0d 0h 0m 42s)

