#
# There is insufficient memory for the Java Runtime Environment to continue.
# Native memory allocation (mmap) failed to map 218103808 bytes for committing reserved memory.
# Possible reasons:
#   The system is out of physical RAM or swap space
#   In 32 bit mode, the process size limit was hit
# Possible solutions:
#   Reduce memory load on the system
#   Increase physical memory or swap space
#   Check if swap backing store is full
#   Use 64 bit Java on a 64 bit OS
#   Decrease Java heap size (-Xmx/-Xms)
#   Decrease number of Java threads
#   Decrease Java thread stack sizes (-Xss)
#   Set larger code cache with -XX:ReservedCodeCacheSize=
# This output file may be truncated or incomplete.
#
#  Out of Memory Error (os_linux.cpp:2627), pid=22498, tid=140097184278272
#
# JRE version: Java(TM) SE Runtime Environment (8.0_66-b17) (build 1.8.0_66-b17)
# Java VM: Java HotSpot(TM) 64-Bit Server VM (25.66-b17 mixed mode linux-amd64 compressed oops)
# Failed to write core dump. Core dumps have been disabled. To enable core dumping, try "ulimit -c unlimited" before starting Java again
#

---------------  T H R E A D  ---------------

Current thread (0x00007f6b08078000):  VMThread [stack: 0x00007f6aead72000,0x00007f6aeae73000] [id=22508]

Stack: [0x00007f6aead72000,0x00007f6aeae73000],  sp=0x00007f6aeae70fe0,  free space=1019k
Native frames: (J=compiled Java code, j=interpreted, Vv=VM code, C=native code)
V  [libjvm.so+0xab9a1a]  VMError::report_and_die()+0x2ba
V  [libjvm.so+0x4f9e0b]  report_vm_out_of_memory(char const*, int, unsigned long, VMErrorType, char const*)+0x8b
V  [libjvm.so+0x91a8a3]  os::Linux::commit_memory_impl(char*, unsigned long, bool)+0x103
V  [libjvm.so+0x91adf9]  os::pd_commit_memory(char*, unsigned long, unsigned long, bool)+0x29
V  [libjvm.so+0x91510a]  os::commit_memory(char*, unsigned long, unsigned long, bool)+0x2a
V  [libjvm.so+0x9887a3]  PSVirtualSpace::expand_by(unsigned long)+0x53
V  [libjvm.so+0x989ba8]  PSYoungGen::resize_generation(unsigned long, unsigned long)+0xf8
V  [libjvm.so+0x988d02]  PSYoungGen::resize(unsigned long, unsigned long)+0x22
V  [libjvm.so+0x985fdb]  PSScavenge::invoke_no_policy()+0xf3b
V  [libjvm.so+0x986761]  PSScavenge::invoke()+0x41
V  [libjvm.so+0x93e500]  ParallelScavengeHeap::failed_mem_allocate(unsigned long)+0x70
V  [libjvm.so+0xabb437]  VM_ParallelGCFailedAllocation::doit()+0x97
V  [libjvm.so+0xac2e65]  VM_Operation::evaluate()+0x55
V  [libjvm.so+0xac123a]  VMThread::evaluate_operation(VM_Operation*)+0xba
V  [libjvm.so+0xac15be]  VMThread::loop()+0x1ce
V  [libjvm.so+0xac1a30]  VMThread::run()+0x70
V  [libjvm.so+0x91cc68]  java_start(Thread*)+0x108

VM_Operation (0x00007f6ae9883bd0): ParallelGCFailedAllocation, mode: safepoint, requested by thread 0x00007f6b0818b000


---------------  P R O C E S S  ---------------

Java Threads: ( => current thread )
  0x00007f6b0818b000 JavaThread "pool-2-thread-4" [_thread_blocked, id=22522, stack(0x00007f6ae9785000,0x00007f6ae9886000)]
  0x00007f6b08189800 JavaThread "pool-2-thread-3" [_thread_blocked, id=22521, stack(0x00007f6ae9886000,0x00007f6ae9987000)]
  0x00007f6b08187800 JavaThread "pool-2-thread-2" [_thread_blocked, id=22520, stack(0x00007f6ae9987000,0x00007f6ae9a88000)]
  0x00007f6b08186800 JavaThread "pool-3-thread-1" [_thread_blocked, id=22519, stack(0x00007f6ae9a88000,0x00007f6ae9b89000)]
  0x00007f6b08184000 JavaThread "pool-2-thread-1" [_thread_blocked, id=22518, stack(0x00007f6ae9b89000,0x00007f6ae9c8a000)]
  0x00007f6b080ca800 JavaThread "Service Thread" daemon [_thread_blocked, id=22515, stack(0x00007f6ae9e58000,0x00007f6ae9f59000)]
  0x00007f6b080bd800 JavaThread "C1 CompilerThread2" daemon [_thread_blocked, id=22514, stack(0x00007f6ae9f59000,0x00007f6aea05a000)]
  0x00007f6b080bb800 JavaThread "C2 CompilerThread1" daemon [_thread_blocked, id=22513, stack(0x00007f6aea05a000,0x00007f6aea15b000)]
  0x00007f6b080b8800 JavaThread "C2 CompilerThread0" daemon [_thread_blocked, id=22512, stack(0x00007f6aea15b000,0x00007f6aea25c000)]
  0x00007f6b080b7800 JavaThread "Signal Dispatcher" daemon [_thread_blocked, id=22511, stack(0x00007f6aea25c000,0x00007f6aea35d000)]
  0x00007f6b0807f000 JavaThread "Finalizer" daemon [_thread_blocked, id=22510, stack(0x00007f6aeab70000,0x00007f6aeac71000)]
  0x00007f6b0807d000 JavaThread "Reference Handler" daemon [_thread_blocked, id=22509, stack(0x00007f6aeac71000,0x00007f6aead72000)]
  0x00007f6b0800a000 JavaThread "main" [_thread_blocked, id=22503, stack(0x00007f6b0f9ad000,0x00007f6b0faae000)]

Other Threads:
=>0x00007f6b08078000 VMThread [stack: 0x00007f6aead72000,0x00007f6aeae73000] [id=22508]
  0x00007f6b080cd800 WatcherThread [stack: 0x00007f6ae9d57000,0x00007f6ae9e58000] [id=22516]

VM state:at safepoint (normal execution)

VM Mutex/Monitor currently owned by a thread:  ([mutex/lock_event])
[0x00007f6b08006570] Threads_lock - owner thread: 0x00007f6b08078000
[0x00007f6b08006a70] Heap_lock - owner thread: 0x00007f6b0818b000

Heap:
 PSYoungGen      total 208384K, used 20473K [0x00000000d5580000, 0x00000000e3980000, 0x0000000100000000)
  eden space 187904K, 0% used [0x00000000d5580000,0x00000000d5580000,0x00000000e0d00000)
  from space 20480K, 99% used [0x00000000e0d00000,0x00000000e20fe570,0x00000000e2100000)
  to   space 15872K, 0% used [0x00000000e2100000,0x00000000e2100000,0x00000000e3080000)
 ParOldGen       total 62976K, used 41168K [0x0000000080000000, 0x0000000083d80000, 0x00000000d5580000)
  object space 62976K, 65% used [0x0000000080000000,0x00000000828343e8,0x0000000083d80000)
 Metaspace       used 6292K, capacity 7192K, committed 7424K, reserved 1056768K
  class space    used 613K, capacity 656K, committed 768K, reserved 1048576K

Card table byte_map: [0x00007f6b0c379000,0x00007f6b0c77a000] byte_map_base: 0x00007f6b0bf79000

Marking Bits: (ParMarkBitMap*) 0x00007f6b0ee89020
 Begin Bits: [0x00007f6af0000000, 0x00007f6af2000000)
 End Bits:   [0x00007f6af2000000, 0x00007f6af4000000)

Polling page: 0x00007f6b0fad0000

CodeCache: size=245760Kb used=7413Kb max_used=7413Kb free=238346Kb
 bounds [0x00007f6af9000000, 0x00007f6af9750000, 0x00007f6b08000000]
 total_blobs=2089 nmethods=1821 adapters=182
 compilation: enabled

Compilation events (10 events):
Event: 3,714 Thread 0x00007f6b080bd800 2030       2       com.android.dx.ssa.back.FirstFitLocalCombiningAllocator::ssaSetToSpecs (57 bytes)
Event: 3,717 Thread 0x00007f6b080bd800 nmethod 2030 0x00007f6af973ce10 code [0x00007f6af973d020, 0x00007f6af973d818]
Event: 3,723 Thread 0x00007f6b080bd800 2031       3       com.android.dx.ssa.SsaBasicBlock::replaceSuccessor (125 bytes)
Event: 3,724 Thread 0x00007f6b080bd800 nmethod 2031 0x00007f6af973e210 code [0x00007f6af973e4a0, 0x00007f6af973f2b8]
Event: 3,730 Thread 0x00007f6b080bd800 2032       2       com.android.dx.ssa.NormalSsaInsn::changeOneSource (120 bytes)
Event: 3,736 Thread 0x00007f6b080bd800 nmethod 2032 0x00007f6af973fb90 code [0x00007f6af973fda0, 0x00007f6af97404f8]
Event: 3,741 Thread 0x00007f6b080bd800 2034       2       com.android.dx.rop.code.SwitchInsn::<init> (49 bytes)
Event: 3,742 Thread 0x00007f6b080bd800 nmethod 2034 0x00007f6af97272d0 code [0x00007f6af9727460, 0x00007f6af9727768]
Event: 3,744 Thread 0x00007f6b080bd800 2035       2       com.android.dx.rop.cst.CstLiteral32::getLongBits (6 bytes)
Event: 3,744 Thread 0x00007f6b080bd800 nmethod 2035 0x00007f6af9740ed0 code [0x00007f6af9741020, 0x00007f6af9741170]

GC Heap History (10 events):
Event: 0,415 GC heap after
Heap after GC invocations=2 (full 0):
 PSYoungGen      total 51712K, used 2692K [0x00000000d5580000, 0x00000000d8b80000, 0x0000000100000000)
  eden space 48128K, 0% used [0x00000000d5580000,0x00000000d5580000,0x00000000d8480000)
  from space 3584K, 75% used [0x00000000d8800000,0x00000000d8aa1278,0x00000000d8b80000)
  to   space 3584K, 0% used [0x00000000d8480000,0x00000000d8480000,0x00000000d8800000)
 ParOldGen       total 62976K, used 16K [0x0000000080000000, 0x0000000083d80000, 0x00000000d5580000)
  object space 62976K, 0% used [0x0000000080000000,0x0000000080004000,0x0000000083d80000)
 Metaspace       used 3351K, capacity 4720K, committed 4864K, reserved 1056768K
  class space    used 357K, capacity 424K, committed 512K, reserved 1048576K
}
Event: 0,460 GC heap before
{Heap before GC invocations=3 (full 0):
 PSYoungGen      total 51712K, used 50820K [0x00000000d5580000, 0x00000000d8b80000, 0x0000000100000000)
  eden space 48128K, 100% used [0x00000000d5580000,0x00000000d8480000,0x00000000d8480000)
  from space 3584K, 75% used [0x00000000d8800000,0x00000000d8aa1278,0x00000000d8b80000)
  to   space 3584K, 0% used [0x00000000d8480000,0x00000000d8480000,0x00000000d8800000)
 ParOldGen       total 62976K, used 16K [0x0000000080000000, 0x0000000083d80000, 0x00000000d5580000)
  object space 62976K, 0% used [0x0000000080000000,0x0000000080004000,0x0000000083d80000)
 Metaspace       used 3360K, capacity 4720K, committed 4864K, reserved 1056768K
  class space    used 357K, capacity 424K, committed 512K, reserved 1048576K
Event: 0,464 GC heap after
Heap after GC invocations=3 (full 0):
 PSYoungGen      total 51712K, used 2676K [0x00000000d5580000, 0x00000000dba80000, 0x0000000100000000)
  eden space 48128K, 0% used [0x00000000d5580000,0x00000000d5580000,0x00000000d8480000)
  from space 3584K, 74% used [0x00000000d8480000,0x00000000d871d288,0x00000000d8800000)
  to   space 3584K, 0% used [0x00000000db700000,0x00000000db700000,0x00000000dba80000)
 ParOldGen       total 62976K, used 16K [0x0000000080000000, 0x0000000083d80000, 0x00000000d5580000)
  object space 62976K, 0% used [0x0000000080000000,0x0000000080004000,0x0000000083d80000)
 Metaspace       used 3360K, capacity 4720K, committed 4864K, reserved 1056768K
  class space    used 357K, capacity 424K, committed 512K, reserved 1048576K
}
Event: 1,019 GC heap before
{Heap before GC invocations=4 (full 0):
 PSYoungGen      total 51712K, used 50804K [0x00000000d5580000, 0x00000000dba80000, 0x0000000100000000)
  eden space 48128K, 100% used [0x00000000d5580000,0x00000000d8480000,0x00000000d8480000)
  from space 3584K, 74% used [0x00000000d8480000,0x00000000d871d288,0x00000000d8800000)
  to   space 3584K, 0% used [0x00000000db700000,0x00000000db700000,0x00000000dba80000)
 ParOldGen       total 62976K, used 16K [0x0000000080000000, 0x0000000083d80000, 0x00000000d5580000)
  object space 62976K, 0% used [0x0000000080000000,0x0000000080004000,0x0000000083d80000)
 Metaspace       used 5782K, capacity 6768K, committed 7040K, reserved 1056768K
  class space    used 589K, capacity 616K, committed 640K, reserved 1048576K
Event: 1,035 GC heap after
Heap after GC invocations=4 (full 0):
 PSYoungGen      total 99840K, used 3573K [0x00000000d5580000, 0x00000000dba80000, 0x0000000100000000)
  eden space 96256K, 0% used [0x00000000d5580000,0x00000000d5580000,0x00000000db380000)
  from space 3584K, 99% used [0x00000000db700000,0x00000000dba7d758,0x00000000dba80000)
  to   space 3584K, 0% used [0x00000000db380000,0x00000000db380000,0x00000000db700000)
 ParOldGen       total 62976K, used 4352K [0x0000000080000000, 0x0000000083d80000, 0x00000000d5580000)
  object space 62976K, 6% used [0x0000000080000000,0x0000000080440390,0x0000000083d80000)
 Metaspace       used 5782K, capacity 6768K, committed 7040K, reserved 1056768K
  class space    used 589K, capacity 616K, committed 640K, reserved 1048576K
}
Event: 2,036 GC heap before
{Heap before GC invocations=5 (full 0):
 PSYoungGen      total 99840K, used 99829K [0x00000000d5580000, 0x00000000dba80000, 0x0000000100000000)
  eden space 96256K, 100% used [0x00000000d5580000,0x00000000db380000,0x00000000db380000)
  from space 3584K, 99% used [0x00000000db700000,0x00000000dba7d758,0x00000000dba80000)
  to   space 3584K, 0% used [0x00000000db380000,0x00000000db380000,0x00000000db700000)
 ParOldGen       total 62976K, used 4352K [0x0000000080000000, 0x0000000083d80000, 0x00000000d5580000)
  object space 62976K, 6% used [0x0000000080000000,0x0000000080440390,0x0000000083d80000)
 Metaspace       used 6050K, capacity 6936K, committed 7168K, reserved 1056768K
  class space    used 612K, capacity 656K, committed 768K, reserved 1048576K
Event: 2,076 GC heap after
Heap after GC invocations=5 (full 0):
 PSYoungGen      total 99840K, used 3561K [0x00000000d5580000, 0x00000000e3080000, 0x0000000100000000)
  eden space 96256K, 0% used [0x00000000d5580000,0x00000000d5580000,0x00000000db380000)
  from space 3584K, 99% used [0x00000000db380000,0x00000000db6fa568,0x00000000db700000)
  to   space 15872K, 0% used [0x00000000e2100000,0x00000000e2100000,0x00000000e3080000)
 ParOldGen       total 62976K, used 18543K [0x0000000080000000, 0x0000000083d80000, 0x00000000d5580000)
  object space 62976K, 29% used [0x0000000080000000,0x000000008121be90,0x0000000083d80000)
 Metaspace       used 6050K, capacity 6936K, committed 7168K, reserved 1056768K
  class space    used 612K, capacity 656K, committed 768K, reserved 1048576K
}
Event: 2,633 GC heap before
{Heap before GC invocations=6 (full 0):
 PSYoungGen      total 99840K, used 99817K [0x00000000d5580000, 0x00000000e3080000, 0x0000000100000000)
  eden space 96256K, 100% used [0x00000000d5580000,0x00000000db380000,0x00000000db380000)
  from space 3584K, 99% used [0x00000000db380000,0x00000000db6fa568,0x00000000db700000)
  to   space 15872K, 0% used [0x00000000e2100000,0x00000000e2100000,0x00000000e3080000)
 ParOldGen       total 62976K, used 18543K [0x0000000080000000, 0x0000000083d80000, 0x00000000d5580000)
  object space 62976K, 29% used [0x0000000080000000,0x000000008121be90,0x0000000083d80000)
 Metaspace       used 6108K, capacity 7000K, committed 7168K, reserved 1056768K
  class space    used 613K, capacity 656K, committed 768K, reserved 1048576K
Event: 2,681 GC heap after
Heap after GC invocations=6 (full 0):
 PSYoungGen      total 203776K, used 15869K [0x00000000d5580000, 0x00000000e3980000, 0x0000000100000000)
  eden space 187904K, 0% used [0x00000000d5580000,0x00000000d5580000,0x00000000e0d00000)
  from space 15872K, 99% used [0x00000000e2100000,0x00000000e307f710,0x00000000e3080000)
  to   space 20480K, 0% used [0x00000000e0d00000,0x00000000e0d00000,0x00000000e2100000)
 ParOldGen       total 62976K, used 20290K [0x0000000080000000, 0x0000000083d80000, 0x00000000d5580000)
  object space 62976K, 32% used [0x0000000080000000,0x00000000813d08e0,0x0000000083d80000)
 Metaspace       used 6108K, capacity 7000K, committed 7168K, reserved 1056768K
  class space    used 613K, capacity 656K, committed 768K, reserved 1048576K
}
Event: 3,757 GC heap before
{Heap before GC invocations=7 (full 0):
 PSYoungGen      total 203776K, used 203773K [0x00000000d5580000, 0x00000000e3980000, 0x0000000100000000)
  eden space 187904K, 100% used [0x00000000d5580000,0x00000000e0d00000,0x00000000e0d00000)
  from space 15872K, 99% used [0x00000000e2100000,0x00000000e307f710,0x00000000e3080000)
  to   space 20480K, 0% used [0x00000000e0d00000,0x00000000e0d00000,0x00000000e2100000)
 ParOldGen       total 62976K, used 20290K [0x0000000080000000, 0x0000000083d80000, 0x00000000d5580000)
  object space 62976K, 32% used [0x0000000080000000,0x00000000813d08e0,0x0000000083d80000)
 Metaspace       used 6292K, capacity 7192K, committed 7424K, reserved 1056768K
  class space    used 613K, capacity 656K, committed 768K, reserved 1048576K

Deoptimization events (10 events):
Event: 1,715 Thread 0x00007f6b08189800 Uncommon trap: reason=unstable_if action=reinterpret pc=0x00007f6af92fdcac method=java.util.HashMap.getNode(ILjava/lang/Object;)Ljava/util/HashMap$Node; @ 84
Event: 1,787 Thread 0x00007f6b08189800 Uncommon trap: reason=unstable_if action=reinterpret pc=0x00007f6af940ab84 method=java.util.HashMap.getNode(ILjava/lang/Object;)Ljava/util/HashMap$Node; @ 84
Event: 2,609 Thread 0x00007f6b0818b000 Uncommon trap: reason=unstable_if action=reinterpret pc=0x00007f6af940f67c method=com.android.dx.ssa.SsaMethod.updateOneDefinition(Lcom/android/dx/ssa/SsaInsn;Lcom/android/dx/rop/code/RegisterSpec;)V @ 4
Event: 3,065 Thread 0x00007f6b08184000 Uncommon trap: reason=unstable_if action=reinterpret pc=0x00007f6af943aacc method=java.util.HashMap.putVal(ILjava/lang/Object;Ljava/lang/Object;ZZ)Ljava/lang/Object; @ 109
Event: 3,130 Thread 0x00007f6b08189800 Uncommon trap: reason=unstable_if action=reinterpret pc=0x00007f6af956edc8 method=com.android.dx.ssa.SCCP.simulateStmt(Lcom/android/dx/ssa/SsaInsn;)V @ 59
Event: 3,284 Thread 0x00007f6b08189800 Uncommon trap: reason=bimorphic action=maybe_recompile pc=0x00007f6af966aae0 method=com.android.dx.cf.code.BytecodeArray.parseInstruction(ILcom/android/dx/cf/code/BytecodeArray$Visitor;)I @ 2281
Event: 3,284 Thread 0x00007f6b08189800 Uncommon trap: reason=bimorphic action=maybe_recompile pc=0x00007f6af966aae0 method=com.android.dx.cf.code.BytecodeArray.parseInstruction(ILcom/android/dx/cf/code/BytecodeArray$Visitor;)I @ 2281
Event: 3,380 Thread 0x00007f6b08189800 Uncommon trap: reason=unstable_if action=reinterpret pc=0x00007f6af93afecc method=java.util.HashMap.getNode(ILjava/lang/Object;)Ljava/util/HashMap$Node; @ 84
Event: 3,601 Thread 0x00007f6b08189800 Uncommon trap: reason=unstable_if action=reinterpret pc=0x00007f6af94b2adc method=java.util.HashMap.putVal(ILjava/lang/Object;Ljava/lang/Object;ZZ)Ljava/lang/Object; @ 162
Event: 3,705 Thread 0x00007f6b0818b000 Uncommon trap: reason=bimorphic action=maybe_recompile pc=0x00007f6af97330a4 method=com.android.dx.rop.code.RegisterSpec.withSimpleType()Lcom/android/dx/rop/code/RegisterSpec; @ 21

Internal exceptions (6 events):
Event: 0,104 Thread 0x00007f6b0800a000 Exception <a 'java/lang/NoSuchMethodError': Method sun.misc.Unsafe.defineClass(Ljava/lang/String;[BII)Ljava/lang/Class; name or signature does not match> (0x00000000d5592b98) thrown at [/HUDSON/workspace/8-2-build-linux-amd64/jdk8u66/4988/hotspot/src/shar
Event: 0,104 Thread 0x00007f6b0800a000 Exception <a 'java/lang/NoSuchMethodError': Method sun.misc.Unsafe.prefetchRead(Ljava/lang/Object;J)V name or signature does not match> (0x00000000d5592e80) thrown at [/HUDSON/workspace/8-2-build-linux-amd64/jdk8u66/4988/hotspot/src/share/vm/prims/jni.cpp
Event: 1,597 Thread 0x00007f6b08189800 Implicit null exception at 0x00007f6af93bfc6c to 0x00007f6af93c2481
Event: 1,713 Thread 0x00007f6b08189800 Exception <a 'java/lang/ArrayIndexOutOfBoundsException': 18> (0x00000000d8f9cf90) thrown at [/HUDSON/workspace/8-2-build-linux-amd64/jdk8u66/4988/hotspot/src/share/vm/interpreter/interpreterRuntime.cpp, line 366]
Event: 1,713 Thread 0x00007f6b08189800 Exception <a 'java/lang/ArrayIndexOutOfBoundsException': 145> (0x00000000d8f9eb10) thrown at [/HUDSON/workspace/8-2-build-linux-amd64/jdk8u66/4988/hotspot/src/share/vm/interpreter/interpreterRuntime.cpp, line 366]
Event: 1,714 Thread 0x00007f6b08189800 Exception <a 'java/lang/ArrayIndexOutOfBoundsException': 40> (0x00000000d8f9fdf8) thrown at [/HUDSON/workspace/8-2-build-linux-amd64/jdk8u66/4988/hotspot/src/share/vm/interpreter/interpreterRuntime.cpp, line 366]

Events (10 events):
Event: 3,693 Thread 0x00007f6b0818b000 DEOPT PACKING pc=0x00007f6af93fb010 sp=0x00007f6ae9883c60
Event: 3,694 Thread 0x00007f6b0818b000 DEOPT UNPACKING pc=0x00007f6af9047633 sp=0x00007f6ae98839a0 mode 0
Event: 3,705 Thread 0x00007f6b0818b000 Uncommon trap: trap_request=0xffffffc6 fr.pc=0x00007f6af97330a4
Event: 3,705 Thread 0x00007f6b0818b000 DEOPT PACKING pc=0x00007f6af97330a4 sp=0x00007f6ae9883e90
Event: 3,705 Thread 0x00007f6b0818b000 DEOPT UNPACKING pc=0x00007f6af9005229 sp=0x00007f6ae9883e28 mode 2
Event: 3,707 Thread 0x00007f6b08189800 DEOPT PACKING pc=0x00007f6af93decec sp=0x00007f6ae9984ff0
Event: 3,707 Thread 0x00007f6b08189800 DEOPT UNPACKING pc=0x00007f6af9047633 sp=0x00007f6ae9984cf0 mode 0
Event: 3,725 Thread 0x00007f6b0800a000 DEOPT PACKING pc=0x00007f6af9261839 sp=0x00007f6b0faab870
Event: 3,725 Thread 0x00007f6b0800a000 DEOPT UNPACKING pc=0x00007f6af9047633 sp=0x00007f6b0faab5c0 mode 0
Event: 3,752 Executing VM operation: ParallelGCFailedAllocation


Dynamic libraries:
00400000-00401000 r-xp 00000000 08:01 4591374                            /usr/lib/jvm/java-8-oracle/bin/java
00600000-00601000 rw-p 00000000 08:01 4591374                            /usr/lib/jvm/java-8-oracle/bin/java
01def000-01e10000 rw-p 00000000 00:00 0                                  [heap]
80000000-83d80000 rw-p 00000000 00:00 0 
83d80000-d5580000 ---p 00000000 00:00 0 
d5580000-e3980000 rw-p 00000000 00:00 0 
f0980000-100000000 ---p 00000000 00:00 0 
100000000-1000c0000 rw-p 00000000 00:00 0 
1000c0000-140000000 ---p 00000000 00:00 0 
7f6aa4000000-7f6aa402d000 rw-p 00000000 00:00 0 
7f6aa402d000-7f6aa8000000 ---p 00000000 00:00 0 
7f6aac000000-7f6aac021000 rw-p 00000000 00:00 0 
7f6aac021000-7f6ab0000000 ---p 00000000 00:00 0 
7f6ab0000000-7f6ab0021000 rw-p 00000000 00:00 0 
7f6ab0021000-7f6ab4000000 ---p 00000000 00:00 0 
7f6ab4000000-7f6ab402b000 rw-p 00000000 00:00 0 
7f6ab402b000-7f6ab8000000 ---p 00000000 00:00 0 
7f6ab8000000-7f6ab8021000 rw-p 00000000 00:00 0 
7f6ab8021000-7f6abc000000 ---p 00000000 00:00 0 
7f6abc000000-7f6abc021000 rw-p 00000000 00:00 0 
7f6abc021000-7f6ac0000000 ---p 00000000 00:00 0 
7f6ac0000000-7f6ac0021000 rw-p 00000000 00:00 0 
7f6ac0021000-7f6ac4000000 ---p 00000000 00:00 0 
7f6ac4000000-7f6ac4ea7000 rw-p 00000000 00:00 0 
7f6ac4ea7000-7f6ac8000000 ---p 00000000 00:00 0 
7f6ac8000000-7f6ac866d000 rw-p 00000000 00:00 0 
7f6ac866d000-7f6acc000000 ---p 00000000 00:00 0 
7f6acc000000-7f6acc021000 rw-p 00000000 00:00 0 
7f6acc021000-7f6ad0000000 ---p 00000000 00:00 0 
7f6ad0000000-7f6ad0a6a000 rw-p 00000000 00:00 0 
7f6ad0a6a000-7f6ad4000000 ---p 00000000 00:00 0 
7f6ad4000000-7f6ad4021000 rw-p 00000000 00:00 0 
7f6ad4021000-7f6ad8000000 ---p 00000000 00:00 0 
7f6ad8000000-7f6ad8021000 rw-p 00000000 00:00 0 
7f6ad8021000-7f6adc000000 ---p 00000000 00:00 0 
7f6adc000000-7f6adc021000 rw-p 00000000 00:00 0 
7f6adc021000-7f6ae0000000 ---p 00000000 00:00 0 
7f6ae0000000-7f6ae0296000 rw-p 00000000 00:00 0 
7f6ae0296000-7f6ae4000000 ---p 00000000 00:00 0 
7f6ae4000000-7f6ae4021000 rw-p 00000000 00:00 0 
7f6ae4021000-7f6ae8000000 ---p 00000000 00:00 0 
7f6ae9760000-7f6ae9785000 r--p 00000000 08:01 2361987                    /usr/share/locale-langpack/pl/LC_MESSAGES/libc.mo
7f6ae9785000-7f6ae9788000 ---p 00000000 00:00 0 
7f6ae9788000-7f6ae9886000 rw-p 00000000 00:00 0                          [stack:22522]
7f6ae9886000-7f6ae9889000 ---p 00000000 00:00 0 
7f6ae9889000-7f6ae9987000 rw-p 00000000 00:00 0                          [stack:22521]
7f6ae9987000-7f6ae998a000 ---p 00000000 00:00 0 
7f6ae998a000-7f6ae9a88000 rw-p 00000000 00:00 0                          [stack:22520]
7f6ae9a88000-7f6ae9a8b000 ---p 00000000 00:00 0 
7f6ae9a8b000-7f6ae9b89000 rw-p 00000000 00:00 0                          [stack:22519]
7f6ae9b89000-7f6ae9b8c000 ---p 00000000 00:00 0 
7f6ae9b8c000-7f6ae9c8a000 rw-p 00000000 00:00 0                          [stack:22518]
7f6ae9c8a000-7f6ae9d57000 r--s 00acd000 08:01 13108380                   /home/tomasz/AndroidStudioProjects/ITAssistant/app/build/intermediates/transforms/jarMerging/debug/jars/1/1f/combined.jar
7f6ae9d57000-7f6ae9d58000 ---p 00000000 00:00 0 
7f6ae9d58000-7f6ae9e58000 rw-p 00000000 00:00 0                          [stack:22516]
7f6ae9e58000-7f6ae9e5b000 ---p 00000000 00:00 0 
7f6ae9e5b000-7f6ae9f59000 rw-p 00000000 00:00 0                          [stack:22515]
7f6ae9f59000-7f6ae9f5c000 ---p 00000000 00:00 0 
7f6ae9f5c000-7f6aea05a000 rw-p 00000000 00:00 0                          [stack:22514]
7f6aea05a000-7f6aea05d000 ---p 00000000 00:00 0 
7f6aea05d000-7f6aea15b000 rw-p 00000000 00:00 0                          [stack:22513]
7f6aea15b000-7f6aea15e000 ---p 00000000 00:00 0 
7f6aea15e000-7f6aea25c000 rw-p 00000000 00:00 0                          [stack:22512]
7f6aea25c000-7f6aea25f000 ---p 00000000 00:00 0 
7f6aea25f000-7f6aea35d000 rw-p 00000000 00:00 0                          [stack:22511]
7f6aea35d000-7f6aeab70000 r--p 00000000 08:01 1579663                    /usr/lib/locale/locale-archive
7f6aeab70000-7f6aeab73000 ---p 00000000 00:00 0 
7f6aeab73000-7f6aeac71000 rw-p 00000000 00:00 0                          [stack:22510]
7f6aeac71000-7f6aeac74000 ---p 00000000 00:00 0 
7f6aeac74000-7f6aead72000 rw-p 00000000 00:00 0                          [stack:22509]
7f6aead72000-7f6aead73000 ---p 00000000 00:00 0 
7f6aead73000-7f6aebe80000 rw-p 00000000 00:00 0                          [stack:22508]
7f6aebe80000-7f6aec000000 ---p 00000000 00:00 0 
7f6aec000000-7f6aec021000 rw-p 00000000 00:00 0 
7f6aec021000-7f6af0000000 ---p 00000000 00:00 0 
7f6af0000000-7f6af4000000 rw-p 00000000 00:00 0 
7f6af4000000-7f6af4021000 rw-p 00000000 00:00 0 
7f6af4021000-7f6af8000000 ---p 00000000 00:00 0 
7f6af801d000-7f6af8623000 rw-p 00000000 00:00 0 
7f6af8623000-7f6af87fc000 r--s 03d20000 08:01 4069182                    /usr/lib/jvm/java-8-oracle/jre/lib/rt.jar
7f6af87fc000-7f6af8bfc000 rw-p 00000000 00:00 0 
7f6af8bfc000-7f6af8bfd000 ---p 00000000 00:00 0 
7f6af8bfd000-7f6af8cfd000 rw-p 00000000 00:00 0                          [stack:22507]
7f6af8cfd000-7f6af8cfe000 ---p 00000000 00:00 0 
7f6af8cfe000-7f6af8dfe000 rw-p 00000000 00:00 0                          [stack:22506]
7f6af8dfe000-7f6af8dff000 ---p 00000000 00:00 0 
7f6af8dff000-7f6af8eff000 rw-p 00000000 00:00 0                          [stack:22505]
7f6af8eff000-7f6af8f00000 ---p 00000000 00:00 0 
7f6af8f00000-7f6af9000000 rw-p 00000000 00:00 0                          [stack:22504]
7f6af9000000-7f6af9750000 rwxp 00000000 00:00 0 
7f6af9750000-7f6b08000000 ---p 00000000 00:00 0 
7f6b08000000-7f6b083be000 rw-p 00000000 00:00 0 
7f6b083be000-7f6b0c000000 ---p 00000000 00:00 0 
7f6b0c009000-7f6b0c0ed000 rw-p 00000000 00:00 0 
7f6b0c0ed000-7f6b0c379000 ---p 00000000 00:00 0 
7f6b0c379000-7f6b0c398000 rw-p 00000000 00:00 0 
7f6b0c398000-7f6b0c623000 ---p 00000000 00:00 0 
7f6b0c623000-7f6b0c696000 rw-p 00000000 00:00 0 
7f6b0c696000-7f6b0c779000 ---p 00000000 00:00 0 
7f6b0c779000-7f6b0c798000 rw-p 00000000 00:00 0 
7f6b0c798000-7f6b0cb3a000 ---p 00000000 00:00 0 
7f6b0cb3a000-7f6b0cb54000 r-xp 00000000 08:01 4069168                    /usr/lib/jvm/java-8-oracle/jre/lib/amd64/libzip.so
7f6b0cb54000-7f6b0cd54000 ---p 0001a000 08:01 4069168                    /usr/lib/jvm/java-8-oracle/jre/lib/amd64/libzip.so
7f6b0cd54000-7f6b0cd55000 rw-p 0001a000 08:01 4069168                    /usr/lib/jvm/java-8-oracle/jre/lib/amd64/libzip.so
7f6b0cd55000-7f6b0cd60000 r-xp 00000000 08:01 5771445                    /lib/x86_64-linux-gnu/libnss_files-2.19.so
7f6b0cd60000-7f6b0cf5f000 ---p 0000b000 08:01 5771445                    /lib/x86_64-linux-gnu/libnss_files-2.19.so
7f6b0cf5f000-7f6b0cf60000 r--p 0000a000 08:01 5771445                    /lib/x86_64-linux-gnu/libnss_files-2.19.so
7f6b0cf60000-7f6b0cf61000 rw-p 0000b000 08:01 5771445                    /lib/x86_64-linux-gnu/libnss_files-2.19.so
7f6b0cf61000-7f6b0cf6c000 r-xp 00000000 08:01 5771455                    /lib/x86_64-linux-gnu/libnss_nis-2.19.so
7f6b0cf6c000-7f6b0d16b000 ---p 0000b000 08:01 5771455                    /lib/x86_64-linux-gnu/libnss_nis-2.19.so
7f6b0d16b000-7f6b0d16c000 r--p 0000a000 08:01 5771455                    /lib/x86_64-linux-gnu/libnss_nis-2.19.so
7f6b0d16c000-7f6b0d16d000 rw-p 0000b000 08:01 5771455                    /lib/x86_64-linux-gnu/libnss_nis-2.19.so
7f6b0d16d000-7f6b0d184000 r-xp 00000000 08:01 5771439                    /lib/x86_64-linux-gnu/libnsl-2.19.so
7f6b0d184000-7f6b0d383000 ---p 00017000 08:01 5771439                    /lib/x86_64-linux-gnu/libnsl-2.19.so
7f6b0d383000-7f6b0d384000 r--p 00016000 08:01 5771439                    /lib/x86_64-linux-gnu/libnsl-2.19.so
7f6b0d384000-7f6b0d385000 rw-p 00017000 08:01 5771439                    /lib/x86_64-linux-gnu/libnsl-2.19.so
7f6b0d385000-7f6b0d387000 rw-p 00000000 00:00 0 
7f6b0d387000-7f6b0d390000 r-xp 00000000 08:01 5771441                    /lib/x86_64-linux-gnu/libnss_compat-2.19.so
7f6b0d390000-7f6b0d58f000 ---p 00009000 08:01 5771441                    /lib/x86_64-linux-gnu/libnss_compat-2.19.so
7f6b0d58f000-7f6b0d590000 r--p 00008000 08:01 5771441                    /lib/x86_64-linux-gnu/libnss_compat-2.19.so
7f6b0d590000-7f6b0d591000 rw-p 00009000 08:01 5771441                    /lib/x86_64-linux-gnu/libnss_compat-2.19.so
7f6b0d591000-7f6b0d5bb000 r-xp 00000000 08:01 4069157                    /usr/lib/jvm/java-8-oracle/jre/lib/amd64/libjava.so
7f6b0d5bb000-7f6b0d7bb000 ---p 0002a000 08:01 4069157                    /usr/lib/jvm/java-8-oracle/jre/lib/amd64/libjava.so
7f6b0d7bb000-7f6b0d7bd000 rw-p 0002a000 08:01 4069157                    /usr/lib/jvm/java-8-oracle/jre/lib/amd64/libjava.so
7f6b0d7bd000-7f6b0d7ca000 r-xp 00000000 08:01 4069118                    /usr/lib/jvm/java-8-oracle/jre/lib/amd64/libverify.so
7f6b0d7ca000-7f6b0d9ca000 ---p 0000d000 08:01 4069118                    /usr/lib/jvm/java-8-oracle/jre/lib/amd64/libverify.so
7f6b0d9ca000-7f6b0d9cc000 rw-p 0000d000 08:01 4069118                    /usr/lib/jvm/java-8-oracle/jre/lib/amd64/libverify.so
7f6b0d9cc000-7f6b0d9d3000 r-xp 00000000 08:01 5771498                    /lib/x86_64-linux-gnu/librt-2.19.so
7f6b0d9d3000-7f6b0dbd2000 ---p 00007000 08:01 5771498                    /lib/x86_64-linux-gnu/librt-2.19.so
7f6b0dbd2000-7f6b0dbd3000 r--p 00006000 08:01 5771498                    /lib/x86_64-linux-gnu/librt-2.19.so
7f6b0dbd3000-7f6b0dbd4000 rw-p 00007000 08:01 5771498                    /lib/x86_64-linux-gnu/librt-2.19.so
7f6b0dbd4000-7f6b0dcd9000 r-xp 00000000 08:01 5771420                    /lib/x86_64-linux-gnu/libm-2.19.so
7f6b0dcd9000-7f6b0ded8000 ---p 00105000 08:01 5771420                    /lib/x86_64-linux-gnu/libm-2.19.so
7f6b0ded8000-7f6b0ded9000 r--p 00104000 08:01 5771420                    /lib/x86_64-linux-gnu/libm-2.19.so
7f6b0ded9000-7f6b0deda000 rw-p 00105000 08:01 5771420                    /lib/x86_64-linux-gnu/libm-2.19.so
7f6b0deda000-7f6b0eb98000 r-xp 00000000 08:01 4069167                    /usr/lib/jvm/java-8-oracle/jre/lib/amd64/server/libjvm.so
7f6b0eb98000-7f6b0ed97000 ---p 00cbe000 08:01 4069167                    /usr/lib/jvm/java-8-oracle/jre/lib/amd64/server/libjvm.so
7f6b0ed97000-7f6b0ee70000 rw-p 00cbd000 08:01 4069167                    /usr/lib/jvm/java-8-oracle/jre/lib/amd64/server/libjvm.so
7f6b0ee70000-7f6b0eeb4000 rw-p 00000000 00:00 0 
7f6b0eeb4000-7f6b0f06f000 r-xp 00000000 08:01 5771370                    /lib/x86_64-linux-gnu/libc-2.19.so
7f6b0f06f000-7f6b0f26e000 ---p 001bb000 08:01 5771370                    /lib/x86_64-linux-gnu/libc-2.19.so
7f6b0f26e000-7f6b0f272000 r--p 001ba000 08:01 5771370                    /lib/x86_64-linux-gnu/libc-2.19.so
7f6b0f272000-7f6b0f274000 rw-p 001be000 08:01 5771370                    /lib/x86_64-linux-gnu/libc-2.19.so
7f6b0f274000-7f6b0f279000 rw-p 00000000 00:00 0 
7f6b0f279000-7f6b0f27c000 r-xp 00000000 08:01 5771387                    /lib/x86_64-linux-gnu/libdl-2.19.so
7f6b0f27c000-7f6b0f47b000 ---p 00003000 08:01 5771387                    /lib/x86_64-linux-gnu/libdl-2.19.so
7f6b0f47b000-7f6b0f47c000 r--p 00002000 08:01 5771387                    /lib/x86_64-linux-gnu/libdl-2.19.so
7f6b0f47c000-7f6b0f47d000 rw-p 00003000 08:01 5771387                    /lib/x86_64-linux-gnu/libdl-2.19.so
7f6b0f47d000-7f6b0f492000 r-xp 00000000 08:01 4727160                    /usr/lib/jvm/java-8-oracle/lib/amd64/jli/libjli.so
7f6b0f492000-7f6b0f692000 ---p 00015000 08:01 4727160                    /usr/lib/jvm/java-8-oracle/lib/amd64/jli/libjli.so
7f6b0f692000-7f6b0f693000 rw-p 00015000 08:01 4727160                    /usr/lib/jvm/java-8-oracle/lib/amd64/jli/libjli.so
7f6b0f693000-7f6b0f6ac000 r-xp 00000000 08:01 5771490                    /lib/x86_64-linux-gnu/libpthread-2.19.so
7f6b0f6ac000-7f6b0f8ab000 ---p 00019000 08:01 5771490                    /lib/x86_64-linux-gnu/libpthread-2.19.so
7f6b0f8ab000-7f6b0f8ac000 r--p 00018000 08:01 5771490                    /lib/x86_64-linux-gnu/libpthread-2.19.so
7f6b0f8ac000-7f6b0f8ad000 rw-p 00019000 08:01 5771490                    /lib/x86_64-linux-gnu/libpthread-2.19.so
7f6b0f8ad000-7f6b0f8b1000 rw-p 00000000 00:00 0 
7f6b0f8b1000-7f6b0f8d4000 r-xp 00000000 08:01 5771346                    /lib/x86_64-linux-gnu/ld-2.19.so
7f6b0f8da000-7f6b0f8e1000 r--s 00000000 08:01 1967077                    /usr/lib/x86_64-linux-gnu/gconv/gconv-modules.cache
7f6b0f8e1000-7f6b0f9ad000 rw-p 00000000 00:00 0 
7f6b0f9ad000-7f6b0f9b0000 ---p 00000000 00:00 0 
7f6b0f9b0000-7f6b0fab2000 rw-p 00000000 00:00 0                          [stack:22503]
7f6b0fab7000-7f6b0fab8000 rw-p 00000000 00:00 0 
7f6b0fab8000-7f6b0fac7000 r--s 000df000 08:01 10635452                   /home/tomasz/Android/Sdk/build-tools/23.0.2/lib/dx.jar
7f6b0fac7000-7f6b0facf000 rw-s 00000000 08:01 6951965                    /tmp/hsperfdata_tomasz/22498
7f6b0facf000-7f6b0fad0000 rw-p 00000000 00:00 0 
7f6b0fad0000-7f6b0fad1000 ---p 00000000 00:00 0 
7f6b0fad1000-7f6b0fad3000 rw-p 00000000 00:00 0 
7f6b0fad3000-7f6b0fad4000 r--p 00022000 08:01 5771346                    /lib/x86_64-linux-gnu/ld-2.19.so
7f6b0fad4000-7f6b0fad5000 rw-p 00023000 08:01 5771346                    /lib/x86_64-linux-gnu/ld-2.19.so
7f6b0fad5000-7f6b0fad6000 rw-p 00000000 00:00 0 
7ffd05be9000-7ffd05c0a000 rw-p 00000000 00:00 0                          [stack]
7ffd05c9e000-7ffd05ca0000 r--p 00000000 00:00 0                          [vvar]
7ffd05ca0000-7ffd05ca2000 r-xp 00000000 00:00 0                          [vdso]
ffffffffff600000-ffffffffff601000 r-xp 00000000 00:00 0                  [vsyscall]

VM Arguments:
jvm_args: -Djava.awt.headless=true -Xmx2g -Dfile.encoding=UTF-8 -Duser.country=PL -Duser.language=pl -Duser.variant 
java_command: com.android.dx.command.Main --dex --num-threads=4 --multi-dex --main-dex-list /home/tomasz/AndroidStudioProjects/ITAssistant/app/build/intermediates/multi-dex/debug/maindexlist.txt --output /home/tomasz/AndroidStudioProjects/ITAssistant/app/build/intermediates/transforms/dex/debug/folders/1000/1f/main /home/tomasz/AndroidStudioProjects/ITAssistant/app/build/intermediates/transforms/jarMerging/debug/jars/1/1f/combined.jar
java_class_path (initial): /home/tomasz/Android/Sdk/build-tools/23.0.2/lib/dx.jar
Launcher Type: SUN_STANDARD

Environment Variables:
PATH=/usr/local/sbin:/usr/local/bin:/usr/sbin:/usr/bin:/sbin:/bin:/usr/games:/usr/local/games
LD_LIBRARY_PATH=.:
SHELL=/bin/bash
DISPLAY=:0

Signal Handlers:
SIGSEGV: [libjvm.so+0xaba2a0], sa_mask[0]=11111111011111111101111111111110, sa_flags=SA_RESTART|SA_SIGINFO
SIGBUS: [libjvm.so+0xaba2a0], sa_mask[0]=11111111011111111101111111111110, sa_flags=SA_RESTART|SA_SIGINFO
SIGFPE: [libjvm.so+0x917710], sa_mask[0]=11111111011111111101111111111110, sa_flags=SA_RESTART|SA_SIGINFO
SIGPIPE: [libjvm.so+0x917710], sa_mask[0]=11111111011111111101111111111110, sa_flags=SA_RESTART|SA_SIGINFO
SIGXFSZ: [libjvm.so+0x917710], sa_mask[0]=11111111011111111101111111111110, sa_flags=SA_RESTART|SA_SIGINFO
SIGILL: [libjvm.so+0x917710], sa_mask[0]=11111111011111111101111111111110, sa_flags=SA_RESTART|SA_SIGINFO
SIGUSR1: SIG_DFL, sa_mask[0]=00000000000000000000000000000000, sa_flags=none
SIGUSR2: [libjvm.so+0x918d40], sa_mask[0]=00100000000000000000000000000000, sa_flags=SA_RESTART|SA_SIGINFO
SIGHUP: [libjvm.so+0x91a140], sa_mask[0]=11111111011111111101111111111110, sa_flags=SA_RESTART|SA_SIGINFO
SIGINT: [libjvm.so+0x91a140], sa_mask[0]=11111111011111111101111111111110, sa_flags=SA_RESTART|SA_SIGINFO
SIGTERM: [libjvm.so+0x91a140], sa_mask[0]=11111111011111111101111111111110, sa_flags=SA_RESTART|SA_SIGINFO
SIGQUIT: [libjvm.so+0x91a140], sa_mask[0]=11111111011111111101111111111110, sa_flags=SA_RESTART|SA_SIGINFO


---------------  S Y S T E M  ---------------

OS:DISTRIB_ID=Ubuntu
DISTRIB_RELEASE=14.04
DISTRIB_CODENAME=trusty
DISTRIB_DESCRIPTION="Ubuntu 14.04.3 LTS"

uname:Linux 3.19.0-42-generic #48~14.04.1-Ubuntu SMP Fri Dec 18 10:24:49 UTC 2015 x86_64
libc:glibc 2.19 NPTL 2.19 
rlimit: STACK 8192k, CORE 0k, NPROC 23202, NOFILE 4096, AS infinity
load average:3,16 1,52 1,09

/proc/meminfo:
MemTotal:        5961332 kB
MemFree:          120816 kB
MemAvailable:     109472 kB
Buffers:            2780 kB
Cached:           711312 kB
SwapCached:            0 kB
Active:          4943228 kB
Inactive:         651548 kB
Active(anon):    4898992 kB
Inactive(anon):   605548 kB
Active(file):      44236 kB
Inactive(file):    46000 kB
Unevictable:        6276 kB
Mlocked:            6276 kB
SwapTotal:             0 kB
SwapFree:              0 kB
Dirty:               456 kB
Writeback:             0 kB
AnonPages:       4886592 kB
Mapped:           351464 kB
Shmem:            624136 kB
Slab:             100944 kB
SReclaimable:      56000 kB
SUnreclaim:        44944 kB
KernelStack:       12416 kB
PageTables:        59700 kB
NFS_Unstable:          0 kB
Bounce:                0 kB
WritebackTmp:          0 kB
CommitLimit:     2980664 kB
Committed_AS:   11411288 kB
VmallocTotal:   34359738367 kB
VmallocUsed:      558100 kB
VmallocChunk:   34359165916 kB
HardwareCorrupted:     0 kB
AnonHugePages:   1634304 kB
CmaTotal:              0 kB
CmaFree:               0 kB
HugePages_Total:       0
HugePages_Free:        0
HugePages_Rsvd:        0
HugePages_Surp:        0
Hugepagesize:       2048 kB
DirectMap4k:      235776 kB
DirectMap2M:     5904384 kB


CPU:total 4 (2 cores per cpu, 2 threads per core) family 6 model 42 stepping 7, cmov, cx8, fxsr, mmx, sse, sse2, sse3, ssse3, sse4.1, sse4.2, popcnt, avx, aes, clmul, ht, tsc, tscinvbit

/proc/cpuinfo:
processor	: 0
vendor_id	: GenuineIntel
cpu family	: 6
model		: 42
model name	: Intel(R) Core(TM) i5-2450M CPU @ 2.50GHz
stepping	: 7
microcode	: 0x25
cpu MHz		: 2526.562
cache size	: 3072 KB
physical id	: 0
siblings	: 4
core id		: 0
cpu cores	: 2
apicid		: 0
initial apicid	: 0
fpu		: yes
fpu_exception	: yes
cpuid level	: 13
wp		: yes
flags		: fpu vme de pse tsc msr pae mce cx8 apic sep mtrr pge mca cmov pat pse36 clflush dts acpi mmx fxsr sse sse2 ss ht tm pbe syscall nx rdtscp lm constant_tsc arch_perfmon pebs bts rep_good nopl xtopology nonstop_tsc aperfmperf eagerfpu pni pclmulqdq dtes64 monitor ds_cpl vmx est tm2 ssse3 cx16 xtpr pdcm pcid sse4_1 sse4_2 x2apic popcnt tsc_deadline_timer aes xsave avx lahf_lm ida arat epb pln pts dtherm tpr_shadow vnmi flexpriority ept vpid xsaveopt
bugs		:
bogomips	: 4988.20
clflush size	: 64
cache_alignment	: 64
address sizes	: 36 bits physical, 48 bits virtual
power management:

processor	: 1
vendor_id	: GenuineIntel
cpu family	: 6
model		: 42
model name	: Intel(R) Core(TM) i5-2450M CPU @ 2.50GHz
stepping	: 7
microcode	: 0x25
cpu MHz		: 1673.535
cache size	: 3072 KB
physical id	: 0
siblings	: 4
core id		: 0
cpu cores	: 2
apicid		: 1
initial apicid	: 1
fpu		: yes
fpu_exception	: yes
cpuid level	: 13
wp		: yes
flags		: fpu vme de pse tsc msr pae mce cx8 apic sep mtrr pge mca cmov pat pse36 clflush dts acpi mmx fxsr sse sse2 ss ht tm pbe syscall nx rdtscp lm constant_tsc arch_perfmon pebs bts rep_good nopl xtopology nonstop_tsc aperfmperf eagerfpu pni pclmulqdq dtes64 monitor ds_cpl vmx est tm2 ssse3 cx16 xtpr pdcm pcid sse4_1 sse4_2 x2apic popcnt tsc_deadline_timer aes xsave avx lahf_lm ida arat epb pln pts dtherm tpr_shadow vnmi flexpriority ept vpid xsaveopt
bugs		:
bogomips	: 4988.20
clflush size	: 64
cache_alignment	: 64
address sizes	: 36 bits physical, 48 bits virtual
power management:

processor	: 2
vendor_id	: GenuineIntel
cpu family	: 6
model		: 42
model name	: Intel(R) Core(TM) i5-2450M CPU @ 2.50GHz
stepping	: 7
microcode	: 0x25
cpu MHz		: 2135.546
cache size	: 3072 KB
physical id	: 0
siblings	: 4
core id		: 1
cpu cores	: 2
apicid		: 2
initial apicid	: 2
fpu		: yes
fpu_exception	: yes
cpuid level	: 13
wp		: yes
flags		: fpu vme de pse tsc msr pae mce cx8 apic sep mtrr pge mca cmov pat pse36 clflush dts acpi mmx fxsr sse sse2 ss ht tm pbe syscall nx rdtscp lm constant_tsc arch_perfmon pebs bts rep_good nopl xtopology nonstop_tsc aperfmperf eagerfpu pni pclmulqdq dtes64 monitor ds_cpl vmx est tm2 ssse3 cx16 xtpr pdcm pcid sse4_1 sse4_2 x2apic popcnt tsc_deadline_timer aes xsave avx lahf_lm ida arat epb pln pts dtherm tpr_shadow vnmi flexpriority ept vpid xsaveopt
bugs		:
bogomips	: 4988.20
clflush size	: 64
cache_alignment	: 64
address sizes	: 36 bits physical, 48 bits virtual
power management:

processor	: 3
vendor_id	: GenuineIntel
cpu family	: 6
model		: 42
model name	: Intel(R) Core(TM) i5-2450M CPU @ 2.50GHz
stepping	: 7
microcode	: 0x25
cpu MHz		: 2500.000
cache size	: 3072 KB
physical id	: 0
siblings	: 4
core id		: 1
cpu cores	: 2
apicid		: 3
initial apicid	: 3
fpu		: yes
fpu_exception	: yes
cpuid level	: 13
wp		: yes
flags		: fpu vme de pse tsc msr pae mce cx8 apic sep mtrr pge mca cmov pat pse36 clflush dts acpi mmx fxsr sse sse2 ss ht tm pbe syscall nx rdtscp lm constant_tsc arch_perfmon pebs bts rep_good nopl xtopology nonstop_tsc aperfmperf eagerfpu pni pclmulqdq dtes64 monitor ds_cpl vmx est tm2 ssse3 cx16 xtpr pdcm pcid sse4_1 sse4_2 x2apic popcnt tsc_deadline_timer aes xsave avx lahf_lm ida arat epb pln pts dtherm tpr_shadow vnmi flexpriority ept vpid xsaveopt
bugs		:
bogomips	: 4988.20
clflush size	: 64
cache_alignment	: 64
address sizes	: 36 bits physical, 48 bits virtual
power management:



Memory: 4k page, physical 5961332k(120816k free), swap 0k(0k free)

vm_info: Java HotSpot(TM) 64-Bit Server VM (25.66-b17) for linux-amd64 JRE (1.8.0_66-b17), built on Oct  6 2015 17:28:34 by "java_re" with gcc 4.3.0 20080428 (Red Hat 4.3.0-8)

time: Sun Jan  3 14:27:01 2016
elapsed time: 3 seconds (0d 0h 0m 3s)

