#
# There is insufficient memory for the Java Runtime Environment to continue.
# Native memory allocation (mmap) failed to map 137363456 bytes for committing reserved memory.
# Possible reasons:
#   The system is out of physical RAM or swap space
#   In 32 bit mode, the process size limit was hit
# Possible solutions:
#   Reduce memory load on the system
#   Increase physical memory or swap space
#   Check if swap backing store is full
#   Use 64 bit Java on a 64 bit OS
#   Decrease Java heap size (-Xmx/-Xms)
#   Decrease number of Java threads
#   Decrease Java thread stack sizes (-Xss)
#   Set larger code cache with -XX:ReservedCodeCacheSize=
# This output file may be truncated or incomplete.
#
#  Out of Memory Error (os_linux.cpp:2627), pid=12277, tid=140635666073344
#
# JRE version: Java(TM) SE Runtime Environment (8.0_66-b17) (build 1.8.0_66-b17)
# Java VM: Java HotSpot(TM) 64-Bit Server VM (25.66-b17 mixed mode linux-amd64 compressed oops)
# Failed to write core dump. Core dumps have been disabled. To enable core dumping, try "ulimit -c unlimited" before starting Java again
#

---------------  T H R E A D  ---------------

Current thread (0x00007fe868078000):  VMThread [stack: 0x00007fe84adb4000,0x00007fe84aeb5000] [id=12302]

Stack: [0x00007fe84adb4000,0x00007fe84aeb5000],  sp=0x00007fe84aeb3260,  free space=1020k
Native frames: (J=compiled Java code, j=interpreted, Vv=VM code, C=native code)
V  [libjvm.so+0xab9a1a]  VMError::report_and_die()+0x2ba
V  [libjvm.so+0x4f9e0b]  report_vm_out_of_memory(char const*, int, unsigned long, VMErrorType, char const*)+0x8b
V  [libjvm.so+0x91a8a3]  os::Linux::commit_memory_impl(char*, unsigned long, bool)+0x103
V  [libjvm.so+0x91adf9]  os::pd_commit_memory(char*, unsigned long, unsigned long, bool)+0x29
V  [libjvm.so+0x91510a]  os::commit_memory(char*, unsigned long, unsigned long, bool)+0x2a
V  [libjvm.so+0x9887a3]  PSVirtualSpace::expand_by(unsigned long)+0x53
V  [libjvm.so+0x989ba8]  PSYoungGen::resize_generation(unsigned long, unsigned long)+0xf8
V  [libjvm.so+0x988d02]  PSYoungGen::resize(unsigned long, unsigned long)+0x22
V  [libjvm.so+0x985fdb]  PSScavenge::invoke_no_policy()+0xf3b
V  [libjvm.so+0x986761]  PSScavenge::invoke()+0x41
V  [libjvm.so+0x93e500]  ParallelScavengeHeap::failed_mem_allocate(unsigned long)+0x70
V  [libjvm.so+0xabb437]  VM_ParallelGCFailedAllocation::doit()+0x97
V  [libjvm.so+0xac2e65]  VM_Operation::evaluate()+0x55
V  [libjvm.so+0xac123a]  VMThread::evaluate_operation(VM_Operation*)+0xba
V  [libjvm.so+0xac15be]  VMThread::loop()+0x1ce
V  [libjvm.so+0xac1a30]  VMThread::run()+0x70
V  [libjvm.so+0x91cc68]  java_start(Thread*)+0x108

VM_Operation (0x00007fe849a939d0): ParallelGCFailedAllocation, mode: safepoint, requested by thread 0x00007fe86814a000


---------------  P R O C E S S  ---------------

Java Threads: ( => current thread )
  0x00007fe86814b000 JavaThread "pool-2-thread-4" [_thread_blocked, id=12335, stack(0x00007fe849894000,0x00007fe849995000)]
  0x00007fe86814a000 JavaThread "pool-2-thread-3" [_thread_blocked, id=12334, stack(0x00007fe849995000,0x00007fe849a96000)]
  0x00007fe868147800 JavaThread "pool-2-thread-2" [_thread_blocked, id=12332, stack(0x00007fe849a96000,0x00007fe849b97000)]
  0x00007fe86813c800 JavaThread "pool-3-thread-1" [_thread_blocked, id=12331, stack(0x00007fe849b97000,0x00007fe849c98000)]
  0x00007fe86813a000 JavaThread "pool-2-thread-1" [_thread_blocked, id=12330, stack(0x00007fe849c98000,0x00007fe849d99000)]
  0x00007fe8680c0800 JavaThread "Service Thread" daemon [_thread_blocked, id=12317, stack(0x00007fe849e9a000,0x00007fe849f9b000)]
  0x00007fe8680bb800 JavaThread "C1 CompilerThread2" daemon [_thread_blocked, id=12315, stack(0x00007fe849f9b000,0x00007fe84a09c000)]
  0x00007fe8680b9800 JavaThread "C2 CompilerThread1" daemon [_thread_blocked, id=12314, stack(0x00007fe84a09c000,0x00007fe84a19d000)]
  0x00007fe8680b6800 JavaThread "C2 CompilerThread0" daemon [_thread_in_native, id=12313, stack(0x00007fe84a19d000,0x00007fe84a29e000)]
  0x00007fe8680b5800 JavaThread "Signal Dispatcher" daemon [_thread_blocked, id=12312, stack(0x00007fe84a29e000,0x00007fe84a39f000)]
  0x00007fe86807f000 JavaThread "Finalizer" daemon [_thread_blocked, id=12306, stack(0x00007fe84abb2000,0x00007fe84acb3000)]
  0x00007fe86807d000 JavaThread "Reference Handler" daemon [_thread_blocked, id=12304, stack(0x00007fe84acb3000,0x00007fe84adb4000)]
  0x00007fe86800a000 JavaThread "main" [_thread_blocked, id=12280, stack(0x00007fe86f9f8000,0x00007fe86faf9000)]

Other Threads:
=>0x00007fe868078000 VMThread [stack: 0x00007fe84adb4000,0x00007fe84aeb5000] [id=12302]
  0x00007fe8680c3000 WatcherThread [stack: 0x00007fe849d99000,0x00007fe849e9a000] [id=12319]

VM state:at safepoint (normal execution)

VM Mutex/Monitor currently owned by a thread:  ([mutex/lock_event])
[0x00007fe868006570] Threads_lock - owner thread: 0x00007fe868078000
[0x00007fe868006a70] Heap_lock - owner thread: 0x00007fe86814a000

Heap:
 PSYoungGen      total 99840K, used 3557K [0x00000000d5580000, 0x00000000dba80000, 0x0000000100000000)
  eden space 96256K, 0% used [0x00000000d5580000,0x00000000d5580000,0x00000000db380000)
  from space 3584K, 99% used [0x00000000db380000,0x00000000db6f9718,0x00000000db700000)
  to   space 3584K, 0% used [0x00000000db700000,0x00000000db700000,0x00000000dba80000)
 ParOldGen       total 62976K, used 37878K [0x0000000080000000, 0x0000000083d80000, 0x00000000d5580000)
  object space 62976K, 60% used [0x0000000080000000,0x00000000824fdbb8,0x0000000083d80000)
 Metaspace       used 6052K, capacity 7000K, committed 7168K, reserved 1056768K
  class space    used 606K, capacity 656K, committed 768K, reserved 1048576K

Card table byte_map: [0x00007fe86c3c4000,0x00007fe86c7c5000] byte_map_base: 0x00007fe86bfc4000

Marking Bits: (ParMarkBitMap*) 0x00007fe86eed4020
 Begin Bits: [0x00007fe850000000, 0x00007fe852000000)
 End Bits:   [0x00007fe852000000, 0x00007fe854000000)

Polling page: 0x00007fe86fb1b000

CodeCache: size=245760Kb used=5421Kb max_used=5421Kb free=240338Kb
 bounds [0x00007fe859000000, 0x00007fe859550000, 0x00007fe868000000]
 total_blobs=1604 nmethods=1335 adapters=182
 compilation: enabled

Compilation events (10 events):
Event: 11,677 Thread 0x00007fe8680bb800 nmethod 1957 0x00007fe85954d050 code [0x00007fe85954d1e0, 0x00007fe85954d4c8]
Event: 11,677 Thread 0x00007fe8680bb800 1961       2       com.android.dx.cf.attrib.BaseAttribute::<init> (24 bytes)
Event: 11,693 Thread 0x00007fe8680bb800 nmethod 1961 0x00007fe85954d710 code [0x00007fe85954d880, 0x00007fe85954da88]
Event: 11,693 Thread 0x00007fe8680bb800 1967       2       com.android.dx.dex.file.ValueEncoder::addContents (75 bytes)
Event: 11,694 Thread 0x00007fe8680bb800 nmethod 1967 0x00007fe85954db50 code [0x00007fe85954dd00, 0x00007fe85954e088]
Event: 11,694 Thread 0x00007fe8680bb800 1971  s    2       com.android.dx.dex.file.StringIdsSection::intern (53 bytes)
Event: 11,695 Thread 0x00007fe8680bb800 nmethod 1971 0x00007fe85954e350 code [0x00007fe85954e500, 0x00007fe85954ea58]
Event: 11,695 Thread 0x00007fe8680bb800 1970       2       com.android.dx.util.ByteArray::<init> (9 bytes)
Event: 11,695 Thread 0x00007fe8680bb800 nmethod 1970 0x00007fe85954ed90 code [0x00007fe85954ef00, 0x00007fe85954f088]
Event: 11,695 Thread 0x00007fe8680bb800 1959   !   2       com.android.dx.cf.direct.AttributeFactory::parse (248 bytes)

GC Heap History (9 events):
Event: 2,859 GC heap before
{Heap before GC invocations=1 (full 0):
 PSYoungGen      total 27648K, used 24064K [0x00000000d5580000, 0x00000000d7400000, 0x0000000100000000)
  eden space 24064K, 100% used [0x00000000d5580000,0x00000000d6d00000,0x00000000d6d00000)
  from space 3584K, 0% used [0x00000000d7080000,0x00000000d7080000,0x00000000d7400000)
  to   space 3584K, 0% used [0x00000000d6d00000,0x00000000d6d00000,0x00000000d7080000)
 ParOldGen       total 62976K, used 0K [0x0000000080000000, 0x0000000083d80000, 0x00000000d5580000)
  object space 62976K, 0% used [0x0000000080000000,0x0000000080000000,0x0000000083d80000)
 Metaspace       used 5641K, capacity 6640K, committed 6784K, reserved 1056768K
  class space    used 583K, capacity 616K, committed 640K, reserved 1048576K
Event: 2,896 GC heap after
Heap after GC invocations=1 (full 0):
 PSYoungGen      total 27648K, used 3552K [0x00000000d5580000, 0x00000000d8b80000, 0x0000000100000000)
  eden space 24064K, 0% used [0x00000000d5580000,0x00000000d5580000,0x00000000d6d00000)
  from space 3584K, 99% used [0x00000000d6d00000,0x00000000d70783c0,0x00000000d7080000)
  to   space 3584K, 0% used [0x00000000d8800000,0x00000000d8800000,0x00000000d8b80000)
 ParOldGen       total 62976K, used 853K [0x0000000080000000, 0x0000000083d80000, 0x00000000d5580000)
  object space 62976K, 1% used [0x0000000080000000,0x00000000800d57a0,0x0000000083d80000)
 Metaspace       used 5641K, capacity 6640K, committed 6784K, reserved 1056768K
  class space    used 583K, capacity 616K, committed 640K, reserved 1048576K
}
Event: 4,900 GC heap before
{Heap before GC invocations=2 (full 0):
 PSYoungGen      total 27648K, used 27616K [0x00000000d5580000, 0x00000000d8b80000, 0x0000000100000000)
  eden space 24064K, 100% used [0x00000000d5580000,0x00000000d6d00000,0x00000000d6d00000)
  from space 3584K, 99% used [0x00000000d6d00000,0x00000000d70783c0,0x00000000d7080000)
  to   space 3584K, 0% used [0x00000000d8800000,0x00000000d8800000,0x00000000d8b80000)
 ParOldGen       total 62976K, used 853K [0x0000000080000000, 0x0000000083d80000, 0x00000000d5580000)
  object space 62976K, 1% used [0x0000000080000000,0x00000000800d57a0,0x0000000083d80000)
 Metaspace       used 5765K, capacity 6768K, committed 7040K, reserved 1056768K
  class space    used 586K, capacity 616K, committed 640K, reserved 1048576K
Event: 5,006 GC heap after
Heap after GC invocations=2 (full 0):
 PSYoungGen      total 51712K, used 3559K [0x00000000d5580000, 0x00000000d8b80000, 0x0000000100000000)
  eden space 48128K, 0% used [0x00000000d5580000,0x00000000d5580000,0x00000000d8480000)
  from space 3584K, 99% used [0x00000000d8800000,0x00000000d8b79c78,0x00000000d8b80000)
  to   space 3584K, 0% used [0x00000000d8480000,0x00000000d8480000,0x00000000d8800000)
 ParOldGen       total 62976K, used 3830K [0x0000000080000000, 0x0000000083d80000, 0x00000000d5580000)
  object space 62976K, 6% used [0x0000000080000000,0x00000000803bdaa8,0x0000000083d80000)
 Metaspace       used 5765K, capacity 6768K, committed 7040K, reserved 1056768K
  class space    used 586K, capacity 616K, committed 640K, reserved 1048576K
}
Event: 7,132 GC heap before
{Heap before GC invocations=3 (full 0):
 PSYoungGen      total 51712K, used 51687K [0x00000000d5580000, 0x00000000d8b80000, 0x0000000100000000)
  eden space 48128K, 100% used [0x00000000d5580000,0x00000000d8480000,0x00000000d8480000)
  from space 3584K, 99% used [0x00000000d8800000,0x00000000d8b79c78,0x00000000d8b80000)
  to   space 3584K, 0% used [0x00000000d8480000,0x00000000d8480000,0x00000000d8800000)
 ParOldGen       total 62976K, used 3830K [0x0000000080000000, 0x0000000083d80000, 0x00000000d5580000)
  object space 62976K, 6% used [0x0000000080000000,0x00000000803bdaa8,0x0000000083d80000)
 Metaspace       used 5846K, capacity 6832K, committed 7040K, reserved 1056768K
  class space    used 586K, capacity 616K, committed 640K, reserved 1048576K
Event: 7,270 GC heap after
Heap after GC invocations=3 (full 0):
 PSYoungGen      total 51712K, used 3554K [0x00000000d5580000, 0x00000000dba80000, 0x0000000100000000)
  eden space 48128K, 0% used [0x00000000d5580000,0x00000000d5580000,0x00000000d8480000)
  from space 3584K, 99% used [0x00000000d8480000,0x00000000d87f8bd8,0x00000000d8800000)
  to   space 3584K, 0% used [0x00000000db700000,0x00000000db700000,0x00000000dba80000)
 ParOldGen       total 62976K, used 10518K [0x0000000080000000, 0x0000000083d80000, 0x00000000d5580000)
  object space 62976K, 16% used [0x0000000080000000,0x0000000080a45b38,0x0000000083d80000)
 Metaspace       used 5846K, capacity 6832K, committed 7040K, reserved 1056768K
  class space    used 586K, capacity 616K, committed 640K, reserved 1048576K
}
Event: 8,347 GC heap before
{Heap before GC invocations=4 (full 0):
 PSYoungGen      total 51712K, used 51682K [0x00000000d5580000, 0x00000000dba80000, 0x0000000100000000)
  eden space 48128K, 100% used [0x00000000d5580000,0x00000000d8480000,0x00000000d8480000)
  from space 3584K, 99% used [0x00000000d8480000,0x00000000d87f8bd8,0x00000000d8800000)
  to   space 3584K, 0% used [0x00000000db700000,0x00000000db700000,0x00000000dba80000)
 ParOldGen       total 62976K, used 10518K [0x0000000080000000, 0x0000000083d80000, 0x00000000d5580000)
  object space 62976K, 16% used [0x0000000080000000,0x0000000080a45b38,0x0000000083d80000)
 Metaspace       used 5868K, capacity 6896K, committed 7040K, reserved 1056768K
  class space    used 586K, capacity 616K, committed 640K, reserved 1048576K
Event: 8,679 GC heap after
Heap after GC invocations=4 (full 0):
 PSYoungGen      total 99840K, used 3568K [0x00000000d5580000, 0x00000000dba80000, 0x0000000100000000)
  eden space 96256K, 0% used [0x00000000d5580000,0x00000000d5580000,0x00000000db380000)
  from space 3584K, 99% used [0x00000000db700000,0x00000000dba7c038,0x00000000dba80000)
  to   space 3584K, 0% used [0x00000000db380000,0x00000000db380000,0x00000000db700000)
 ParOldGen       total 62976K, used 21427K [0x0000000080000000, 0x0000000083d80000, 0x00000000d5580000)
  object space 62976K, 34% used [0x0000000080000000,0x00000000814ecc98,0x0000000083d80000)
 Metaspace       used 5868K, capacity 6896K, committed 7040K, reserved 1056768K
  class space    used 586K, capacity 616K, committed 640K, reserved 1048576K
}
Event: 11,764 GC heap before
{Heap before GC invocations=5 (full 0):
 PSYoungGen      total 99840K, used 99824K [0x00000000d5580000, 0x00000000dba80000, 0x0000000100000000)
  eden space 96256K, 100% used [0x00000000d5580000,0x00000000db380000,0x00000000db380000)
  from space 3584K, 99% used [0x00000000db700000,0x00000000dba7c038,0x00000000dba80000)
  to   space 3584K, 0% used [0x00000000db380000,0x00000000db380000,0x00000000db700000)
 ParOldGen       total 62976K, used 21427K [0x0000000080000000, 0x0000000083d80000, 0x00000000d5580000)
  object space 62976K, 34% used [0x0000000080000000,0x00000000814ecc98,0x0000000083d80000)
 Metaspace       used 6052K, capacity 7000K, committed 7168K, reserved 1056768K
  class space    used 606K, capacity 656K, committed 768K, reserved 1048576K

Deoptimization events (10 events):
Event: 6,351 Thread 0x00007fe86814a000 Uncommon trap: reason=bimorphic action=maybe_recompile pc=0x00007fe8591f2e58 method=java.util.HashMap.getNode(ILjava/lang/Object;)Ljava/util/HashMap$Node; @ 126
Event: 7,490 Thread 0x00007fe86813a000 Uncommon trap: reason=bimorphic action=maybe_recompile pc=0x00007fe8591f2e58 method=java.util.HashMap.getNode(ILjava/lang/Object;)Ljava/util/HashMap$Node; @ 126
Event: 7,490 Thread 0x00007fe86813a000 Uncommon trap: reason=class_check action=maybe_recompile pc=0x00007fe85935f124 method=java.util.HashMap.putVal(ILjava/lang/Object;Ljava/lang/Object;ZZ)Ljava/lang/Object; @ 203
Event: 7,490 Thread 0x00007fe86813a000 Uncommon trap: reason=bimorphic action=maybe_recompile pc=0x00007fe8591f2e58 method=java.util.HashMap.getNode(ILjava/lang/Object;)Ljava/util/HashMap$Node; @ 126
Event: 7,527 Thread 0x00007fe86800a000 Uncommon trap: reason=unstable_if action=reinterpret pc=0x00007fe859336dbc method=com.android.dx.ssa.SsaMethod.updateOneDefinition(Lcom/android/dx/ssa/SsaInsn;Lcom/android/dx/rop/code/RegisterSpec;)V @ 4
Event: 7,995 Thread 0x00007fe86813a000 Uncommon trap: reason=unstable_if action=reinterpret pc=0x00007fe85935f0d8 method=java.util.HashMap.putVal(ILjava/lang/Object;Ljava/lang/Object;ZZ)Ljava/lang/Object; @ 94
Event: 9,620 Thread 0x00007fe86800a000 Uncommon trap: reason=bimorphic action=maybe_recompile pc=0x00007fe8591f2e58 method=java.util.HashMap.getNode(ILjava/lang/Object;)Ljava/util/HashMap$Node; @ 126
Event: 9,620 Thread 0x00007fe86800a000 Uncommon trap: reason=bimorphic action=maybe_recompile pc=0x00007fe85921cbc0 method=java.util.HashMap.getNode(ILjava/lang/Object;)Ljava/util/HashMap$Node; @ 126
Event: 10,245 Thread 0x00007fe86800a000 Uncommon trap: reason=unstable_if action=reinterpret pc=0x00007fe85928dc40 method=java.util.HashMap.putVal(ILjava/lang/Object;Ljava/lang/Object;ZZ)Ljava/lang/Object; @ 162
Event: 10,313 Thread 0x00007fe86800a000 Uncommon trap: reason=unstable_if action=reinterpret pc=0x00007fe8594db12c method=java.util.HashMap.getNode(ILjava/lang/Object;)Ljava/util/HashMap$Node; @ 84

Internal exceptions (5 events):
Event: 0,142 Thread 0x00007fe86800a000 Exception <a 'java/lang/NoSuchMethodError': Method sun.misc.Unsafe.defineClass(Ljava/lang/String;[BII)Ljava/lang/Class; name or signature does not match> (0x00000000d5592b98) thrown at [/HUDSON/workspace/8-2-build-linux-amd64/jdk8u66/4988/hotspot/src/shar
Event: 0,143 Thread 0x00007fe86800a000 Exception <a 'java/lang/NoSuchMethodError': Method sun.misc.Unsafe.prefetchRead(Ljava/lang/Object;J)V name or signature does not match> (0x00000000d5592e80) thrown at [/HUDSON/workspace/8-2-build-linux-amd64/jdk8u66/4988/hotspot/src/share/vm/prims/jni.cpp
Event: 10,293 Thread 0x00007fe86800a000 Exception <a 'java/lang/ArrayIndexOutOfBoundsException': 18> (0x00000000d92b4068) thrown at [/HUDSON/workspace/8-2-build-linux-amd64/jdk8u66/4988/hotspot/src/share/vm/interpreter/interpreterRuntime.cpp, line 366]
Event: 10,300 Thread 0x00007fe86800a000 Exception <a 'java/lang/ArrayIndexOutOfBoundsException': 145> (0x00000000d92b5be8) thrown at [/HUDSON/workspace/8-2-build-linux-amd64/jdk8u66/4988/hotspot/src/share/vm/interpreter/interpreterRuntime.cpp, line 366]
Event: 10,309 Thread 0x00007fe86800a000 Exception <a 'java/lang/ArrayIndexOutOfBoundsException': 40> (0x00000000d92b6ed0) thrown at [/HUDSON/workspace/8-2-build-linux-amd64/jdk8u66/4988/hotspot/src/share/vm/interpreter/interpreterRuntime.cpp, line 366]

Events (10 events):
Event: 10,847 Thread 0x00007fe86814a000 DEOPT UNPACKING pc=0x00007fe859047633 sp=0x00007fe849a93ce0 mode 0
Event: 11,024 Thread 0x00007fe86814a000 DEOPT PACKING pc=0x00007fe85945b021 sp=0x00007fe849a93f90
Event: 11,024 Thread 0x00007fe86814a000 DEOPT UNPACKING pc=0x00007fe859047633 sp=0x00007fe849a93da0 mode 0
Event: 11,176 Thread 0x00007fe86814b000 DEOPT PACKING pc=0x00007fe85937342c sp=0x00007fe849993060
Event: 11,176 Thread 0x00007fe86814b000 DEOPT UNPACKING pc=0x00007fe859047633 sp=0x00007fe849992d60 mode 0
Event: 11,326 Thread 0x00007fe868147800 DEOPT PACKING pc=0x00007fe85945dd5f sp=0x00007fe849b94c80
Event: 11,326 Thread 0x00007fe868147800 DEOPT UNPACKING pc=0x00007fe859047633 sp=0x00007fe849b94ae0 mode 0
Event: 11,444 Thread 0x00007fe868147800 DEOPT PACKING pc=0x00007fe85945831f sp=0x00007fe849b95040
Event: 11,444 Thread 0x00007fe868147800 DEOPT UNPACKING pc=0x00007fe859047633 sp=0x00007fe849b94df0 mode 0
Event: 11,750 Executing VM operation: ParallelGCFailedAllocation


Dynamic libraries:
00400000-00401000 r-xp 00000000 08:01 4591374                            /usr/lib/jvm/java-8-oracle/bin/java
00600000-00601000 rw-p 00000000 08:01 4591374                            /usr/lib/jvm/java-8-oracle/bin/java
00932000-00953000 rw-p 00000000 00:00 0                                  [heap]
80000000-83d80000 rw-p 00000000 00:00 0 
83d80000-d5580000 ---p 00000000 00:00 0 
d5580000-dba80000 rw-p 00000000 00:00 0 
e3d80000-100000000 ---p 00000000 00:00 0 
100000000-1000c0000 rw-p 00000000 00:00 0 
1000c0000-140000000 ---p 00000000 00:00 0 
7fe808000000-7fe808021000 rw-p 00000000 00:00 0 
7fe808021000-7fe80c000000 ---p 00000000 00:00 0 
7fe80c000000-7fe80c028000 rw-p 00000000 00:00 0 
7fe80c028000-7fe810000000 ---p 00000000 00:00 0 
7fe810000000-7fe810021000 rw-p 00000000 00:00 0 
7fe810021000-7fe814000000 ---p 00000000 00:00 0 
7fe814000000-7fe814021000 rw-p 00000000 00:00 0 
7fe814021000-7fe818000000 ---p 00000000 00:00 0 
7fe818000000-7fe818021000 rw-p 00000000 00:00 0 
7fe818021000-7fe81c000000 ---p 00000000 00:00 0 
7fe81c000000-7fe81c025000 rw-p 00000000 00:00 0 
7fe81c025000-7fe820000000 ---p 00000000 00:00 0 
7fe820000000-7fe8207b0000 rw-p 00000000 00:00 0 
7fe8207b0000-7fe824000000 ---p 00000000 00:00 0 
7fe824000000-7fe824021000 rw-p 00000000 00:00 0 
7fe824021000-7fe828000000 ---p 00000000 00:00 0 
7fe828000000-7fe8288e0000 rw-p 00000000 00:00 0 
7fe8288e0000-7fe82c000000 ---p 00000000 00:00 0 
7fe82c000000-7fe82c8db000 rw-p 00000000 00:00 0 
7fe82c8db000-7fe830000000 ---p 00000000 00:00 0 
7fe830000000-7fe830021000 rw-p 00000000 00:00 0 
7fe830021000-7fe834000000 ---p 00000000 00:00 0 
7fe834000000-7fe834021000 rw-p 00000000 00:00 0 
7fe834021000-7fe838000000 ---p 00000000 00:00 0 
7fe838000000-7fe83828e000 rw-p 00000000 00:00 0 
7fe83828e000-7fe83c000000 ---p 00000000 00:00 0 
7fe83c000000-7fe83c021000 rw-p 00000000 00:00 0 
7fe83c021000-7fe840000000 ---p 00000000 00:00 0 
7fe840000000-7fe840021000 rw-p 00000000 00:00 0 
7fe840021000-7fe844000000 ---p 00000000 00:00 0 
7fe844000000-7fe844021000 rw-p 00000000 00:00 0 
7fe844021000-7fe848000000 ---p 00000000 00:00 0 
7fe84986f000-7fe849894000 r--p 00000000 08:01 2361987                    /usr/share/locale-langpack/pl/LC_MESSAGES/libc.mo
7fe849894000-7fe849897000 ---p 00000000 00:00 0 
7fe849897000-7fe849995000 rw-p 00000000 00:00 0                          [stack:12335]
7fe849995000-7fe849998000 ---p 00000000 00:00 0 
7fe849998000-7fe849a96000 rw-p 00000000 00:00 0                          [stack:12334]
7fe849a96000-7fe849a99000 ---p 00000000 00:00 0 
7fe849a99000-7fe849b97000 rw-p 00000000 00:00 0                          [stack:12332]
7fe849b97000-7fe849b9a000 ---p 00000000 00:00 0 
7fe849b9a000-7fe849c98000 rw-p 00000000 00:00 0                          [stack:12331]
7fe849c98000-7fe849c9b000 ---p 00000000 00:00 0 
7fe849c9b000-7fe849d99000 rw-p 00000000 00:00 0                          [stack:12330]
7fe849d99000-7fe849d9a000 ---p 00000000 00:00 0 
7fe849d9a000-7fe849e9a000 rw-p 00000000 00:00 0                          [stack:12319]
7fe849e9a000-7fe849e9d000 ---p 00000000 00:00 0 
7fe849e9d000-7fe849f9b000 rw-p 00000000 00:00 0                          [stack:12317]
7fe849f9b000-7fe849f9e000 ---p 00000000 00:00 0 
7fe849f9e000-7fe84a09c000 rw-p 00000000 00:00 0                          [stack:12315]
7fe84a09c000-7fe84a09f000 ---p 00000000 00:00 0 
7fe84a09f000-7fe84a19d000 rw-p 00000000 00:00 0                          [stack:12314]
7fe84a19d000-7fe84a1a0000 ---p 00000000 00:00 0 
7fe84a1a0000-7fe84a29e000 rw-p 00000000 00:00 0                          [stack:12313]
7fe84a29e000-7fe84a2a1000 ---p 00000000 00:00 0 
7fe84a2a1000-7fe84a39f000 rw-p 00000000 00:00 0                          [stack:12312]
7fe84a39f000-7fe84abb2000 r--p 00000000 08:01 1579663                    /usr/lib/locale/locale-archive
7fe84abb2000-7fe84abb5000 ---p 00000000 00:00 0 
7fe84abb5000-7fe84acb3000 rw-p 00000000 00:00 0                          [stack:12306]
7fe84acb3000-7fe84acb6000 ---p 00000000 00:00 0 
7fe84acb6000-7fe84adb4000 rw-p 00000000 00:00 0                          [stack:12304]
7fe84adb4000-7fe84adb5000 ---p 00000000 00:00 0 
7fe84adb5000-7fe84be27000 rw-p 00000000 00:00 0                          [stack:12302]
7fe84be27000-7fe84c000000 r--s 03d20000 08:01 4069182                    /usr/lib/jvm/java-8-oracle/jre/lib/rt.jar
7fe84c000000-7fe84c021000 rw-p 00000000 00:00 0 
7fe84c021000-7fe850000000 ---p 00000000 00:00 0 
7fe850000000-7fe854000000 rw-p 00000000 00:00 0 
7fe854000000-7fe854021000 rw-p 00000000 00:00 0 
7fe854021000-7fe858000000 ---p 00000000 00:00 0 
7fe858017000-7fe85873d000 rw-p 00000000 00:00 0 
7fe85873d000-7fe8588fd000 ---p 00000000 00:00 0 
7fe8588fd000-7fe858cfd000 rw-p 00000000 00:00 0 
7fe858cfd000-7fe858cfe000 ---p 00000000 00:00 0 
7fe858cfe000-7fe858dfe000 rw-p 00000000 00:00 0                          [stack:12292]
7fe858dfe000-7fe858dff000 ---p 00000000 00:00 0 
7fe858dff000-7fe858eff000 rw-p 00000000 00:00 0                          [stack:12289]
7fe858eff000-7fe858f00000 ---p 00000000 00:00 0 
7fe858f00000-7fe859000000 rw-p 00000000 00:00 0                          [stack:12287]
7fe859000000-7fe859550000 rwxp 00000000 00:00 0 
7fe859550000-7fe868000000 ---p 00000000 00:00 0 
7fe868000000-7fe86838c000 rw-p 00000000 00:00 0 
7fe86838c000-7fe86c000000 ---p 00000000 00:00 0 
7fe86c011000-7fe86c018000 r--s 00000000 08:01 1967077                    /usr/lib/x86_64-linux-gnu/gconv/gconv-modules.cache
7fe86c018000-7fe86c019000 ---p 00000000 00:00 0 
7fe86c019000-7fe86c138000 rw-p 00000000 00:00 0                          [stack:12285]
7fe86c138000-7fe86c3c4000 ---p 00000000 00:00 0 
7fe86c3c4000-7fe86c3e3000 rw-p 00000000 00:00 0 
7fe86c3e3000-7fe86c66e000 ---p 00000000 00:00 0 
7fe86c66e000-7fe86c6a2000 rw-p 00000000 00:00 0 
7fe86c6a2000-7fe86c7c4000 ---p 00000000 00:00 0 
7fe86c7c4000-7fe86c7db000 rw-p 00000000 00:00 0 
7fe86c7db000-7fe86cb85000 ---p 00000000 00:00 0 
7fe86cb85000-7fe86cb9f000 r-xp 00000000 08:01 4069168                    /usr/lib/jvm/java-8-oracle/jre/lib/amd64/libzip.so
7fe86cb9f000-7fe86cd9f000 ---p 0001a000 08:01 4069168                    /usr/lib/jvm/java-8-oracle/jre/lib/amd64/libzip.so
7fe86cd9f000-7fe86cda0000 rw-p 0001a000 08:01 4069168                    /usr/lib/jvm/java-8-oracle/jre/lib/amd64/libzip.so
7fe86cda0000-7fe86cdab000 r-xp 00000000 08:01 5771445                    /lib/x86_64-linux-gnu/libnss_files-2.19.so
7fe86cdab000-7fe86cfaa000 ---p 0000b000 08:01 5771445                    /lib/x86_64-linux-gnu/libnss_files-2.19.so
7fe86cfaa000-7fe86cfab000 r--p 0000a000 08:01 5771445                    /lib/x86_64-linux-gnu/libnss_files-2.19.so
7fe86cfab000-7fe86cfac000 rw-p 0000b000 08:01 5771445                    /lib/x86_64-linux-gnu/libnss_files-2.19.so
7fe86cfac000-7fe86cfb7000 r-xp 00000000 08:01 5771455                    /lib/x86_64-linux-gnu/libnss_nis-2.19.so
7fe86cfb7000-7fe86d1b6000 ---p 0000b000 08:01 5771455                    /lib/x86_64-linux-gnu/libnss_nis-2.19.so
7fe86d1b6000-7fe86d1b7000 r--p 0000a000 08:01 5771455                    /lib/x86_64-linux-gnu/libnss_nis-2.19.so
7fe86d1b7000-7fe86d1b8000 rw-p 0000b000 08:01 5771455                    /lib/x86_64-linux-gnu/libnss_nis-2.19.so
7fe86d1b8000-7fe86d1cf000 r-xp 00000000 08:01 5771439                    /lib/x86_64-linux-gnu/libnsl-2.19.so
7fe86d1cf000-7fe86d3ce000 ---p 00017000 08:01 5771439                    /lib/x86_64-linux-gnu/libnsl-2.19.so
7fe86d3ce000-7fe86d3cf000 r--p 00016000 08:01 5771439                    /lib/x86_64-linux-gnu/libnsl-2.19.so
7fe86d3cf000-7fe86d3d0000 rw-p 00017000 08:01 5771439                    /lib/x86_64-linux-gnu/libnsl-2.19.so
7fe86d3d0000-7fe86d3d2000 rw-p 00000000 00:00 0 
7fe86d3d2000-7fe86d3db000 r-xp 00000000 08:01 5771441                    /lib/x86_64-linux-gnu/libnss_compat-2.19.so
7fe86d3db000-7fe86d5da000 ---p 00009000 08:01 5771441                    /lib/x86_64-linux-gnu/libnss_compat-2.19.so
7fe86d5da000-7fe86d5db000 r--p 00008000 08:01 5771441                    /lib/x86_64-linux-gnu/libnss_compat-2.19.so
7fe86d5db000-7fe86d5dc000 rw-p 00009000 08:01 5771441                    /lib/x86_64-linux-gnu/libnss_compat-2.19.so
7fe86d5dc000-7fe86d606000 r-xp 00000000 08:01 4069157                    /usr/lib/jvm/java-8-oracle/jre/lib/amd64/libjava.so
7fe86d606000-7fe86d806000 ---p 0002a000 08:01 4069157                    /usr/lib/jvm/java-8-oracle/jre/lib/amd64/libjava.so
7fe86d806000-7fe86d808000 rw-p 0002a000 08:01 4069157                    /usr/lib/jvm/java-8-oracle/jre/lib/amd64/libjava.so
7fe86d808000-7fe86d815000 r-xp 00000000 08:01 4069118                    /usr/lib/jvm/java-8-oracle/jre/lib/amd64/libverify.so
7fe86d815000-7fe86da15000 ---p 0000d000 08:01 4069118                    /usr/lib/jvm/java-8-oracle/jre/lib/amd64/libverify.so
7fe86da15000-7fe86da17000 rw-p 0000d000 08:01 4069118                    /usr/lib/jvm/java-8-oracle/jre/lib/amd64/libverify.so
7fe86da17000-7fe86da1e000 r-xp 00000000 08:01 5771498                    /lib/x86_64-linux-gnu/librt-2.19.so
7fe86da1e000-7fe86dc1d000 ---p 00007000 08:01 5771498                    /lib/x86_64-linux-gnu/librt-2.19.so
7fe86dc1d000-7fe86dc1e000 r--p 00006000 08:01 5771498                    /lib/x86_64-linux-gnu/librt-2.19.so
7fe86dc1e000-7fe86dc1f000 rw-p 00007000 08:01 5771498                    /lib/x86_64-linux-gnu/librt-2.19.so
7fe86dc1f000-7fe86dd24000 r-xp 00000000 08:01 5771420                    /lib/x86_64-linux-gnu/libm-2.19.so
7fe86dd24000-7fe86df23000 ---p 00105000 08:01 5771420                    /lib/x86_64-linux-gnu/libm-2.19.so
7fe86df23000-7fe86df24000 r--p 00104000 08:01 5771420                    /lib/x86_64-linux-gnu/libm-2.19.so
7fe86df24000-7fe86df25000 rw-p 00105000 08:01 5771420                    /lib/x86_64-linux-gnu/libm-2.19.so
7fe86df25000-7fe86ebe3000 r-xp 00000000 08:01 4069167                    /usr/lib/jvm/java-8-oracle/jre/lib/amd64/server/libjvm.so
7fe86ebe3000-7fe86ede2000 ---p 00cbe000 08:01 4069167                    /usr/lib/jvm/java-8-oracle/jre/lib/amd64/server/libjvm.so
7fe86ede2000-7fe86eebb000 rw-p 00cbd000 08:01 4069167                    /usr/lib/jvm/java-8-oracle/jre/lib/amd64/server/libjvm.so
7fe86eebb000-7fe86eeff000 rw-p 00000000 00:00 0 
7fe86eeff000-7fe86f0ba000 r-xp 00000000 08:01 5771370                    /lib/x86_64-linux-gnu/libc-2.19.so
7fe86f0ba000-7fe86f2b9000 ---p 001bb000 08:01 5771370                    /lib/x86_64-linux-gnu/libc-2.19.so
7fe86f2b9000-7fe86f2bd000 r--p 001ba000 08:01 5771370                    /lib/x86_64-linux-gnu/libc-2.19.so
7fe86f2bd000-7fe86f2bf000 rw-p 001be000 08:01 5771370                    /lib/x86_64-linux-gnu/libc-2.19.so
7fe86f2bf000-7fe86f2c4000 rw-p 00000000 00:00 0 
7fe86f2c4000-7fe86f2c7000 r-xp 00000000 08:01 5771387                    /lib/x86_64-linux-gnu/libdl-2.19.so
7fe86f2c7000-7fe86f4c6000 ---p 00003000 08:01 5771387                    /lib/x86_64-linux-gnu/libdl-2.19.so
7fe86f4c6000-7fe86f4c7000 r--p 00002000 08:01 5771387                    /lib/x86_64-linux-gnu/libdl-2.19.so
7fe86f4c7000-7fe86f4c8000 rw-p 00003000 08:01 5771387                    /lib/x86_64-linux-gnu/libdl-2.19.so
7fe86f4c8000-7fe86f4dd000 r-xp 00000000 08:01 4727160                    /usr/lib/jvm/java-8-oracle/lib/amd64/jli/libjli.so
7fe86f4dd000-7fe86f6dd000 ---p 00015000 08:01 4727160                    /usr/lib/jvm/java-8-oracle/lib/amd64/jli/libjli.so
7fe86f6dd000-7fe86f6de000 rw-p 00015000 08:01 4727160                    /usr/lib/jvm/java-8-oracle/lib/amd64/jli/libjli.so
7fe86f6de000-7fe86f6f7000 r-xp 00000000 08:01 5771490                    /lib/x86_64-linux-gnu/libpthread-2.19.so
7fe86f6f7000-7fe86f8f6000 ---p 00019000 08:01 5771490                    /lib/x86_64-linux-gnu/libpthread-2.19.so
7fe86f8f6000-7fe86f8f7000 r--p 00018000 08:01 5771490                    /lib/x86_64-linux-gnu/libpthread-2.19.so
7fe86f8f7000-7fe86f8f8000 rw-p 00019000 08:01 5771490                    /lib/x86_64-linux-gnu/libpthread-2.19.so
7fe86f8f8000-7fe86f8fc000 rw-p 00000000 00:00 0 
7fe86f8fc000-7fe86f91f000 r-xp 00000000 08:01 5771346                    /lib/x86_64-linux-gnu/ld-2.19.so
7fe86f923000-7fe86f92c000 r--s 0005a000 08:01 5900454                    /home/tomasz/AndroidStudioProjects/ITAssistant/app/build/intermediates/exploded-aar/com.google.android.gms/play-services-analytics/8.1.0/jars/classes.jar
7fe86f92c000-7fe86f9f8000 rw-p 00000000 00:00 0 
7fe86f9f8000-7fe86f9fb000 ---p 00000000 00:00 0 
7fe86f9fb000-7fe86fafd000 rw-p 00000000 00:00 0                          [stack:12280]
7fe86fb02000-7fe86fb03000 rw-p 00000000 00:00 0 
7fe86fb03000-7fe86fb12000 r--s 000df000 08:01 10635452                   /home/tomasz/Android/Sdk/build-tools/23.0.2/lib/dx.jar
7fe86fb12000-7fe86fb1a000 rw-s 00000000 08:01 6035067                    /tmp/hsperfdata_tomasz/12277
7fe86fb1a000-7fe86fb1b000 rw-p 00000000 00:00 0 
7fe86fb1b000-7fe86fb1c000 ---p 00000000 00:00 0 
7fe86fb1c000-7fe86fb1e000 rw-p 00000000 00:00 0 
7fe86fb1e000-7fe86fb1f000 r--p 00022000 08:01 5771346                    /lib/x86_64-linux-gnu/ld-2.19.so
7fe86fb1f000-7fe86fb20000 rw-p 00023000 08:01 5771346                    /lib/x86_64-linux-gnu/ld-2.19.so
7fe86fb20000-7fe86fb21000 rw-p 00000000 00:00 0 
7ffd62594000-7ffd625b5000 rw-p 00000000 00:00 0                          [stack]
7ffd625d2000-7ffd625d4000 r--p 00000000 00:00 0                          [vvar]
7ffd625d4000-7ffd625d6000 r-xp 00000000 00:00 0                          [vdso]
ffffffffff600000-ffffffffff601000 r-xp 00000000 00:00 0                  [vsyscall]

VM Arguments:
jvm_args: -Djava.awt.headless=true -Xmx2g -Dfile.encoding=UTF-8 -Duser.country=PL -Duser.language=pl -Duser.variant 
java_command: com.android.dx.command.Main --dex --num-threads=4 --multi-dex --output /home/tomasz/AndroidStudioProjects/ITAssistant/app/build/intermediates/transforms/dex/dev/debug/folders/1000/10/com.google.android.gms-play-services-analytics-8.1.0_a20ec702ef37edc99050e129f234e6742bdfd839 /home/tomasz/AndroidStudioProjects/ITAssistant/app/build/intermediates/exploded-aar/com.google.android.gms/play-services-analytics/8.1.0/jars/classes.jar
java_class_path (initial): /home/tomasz/Android/Sdk/build-tools/23.0.2/lib/dx.jar
Launcher Type: SUN_STANDARD

Environment Variables:
PATH=/usr/local/sbin:/usr/local/bin:/usr/sbin:/usr/bin:/sbin:/bin:/usr/games:/usr/local/games
LD_LIBRARY_PATH=.:
SHELL=/bin/bash
DISPLAY=:0

Signal Handlers:
SIGSEGV: [libjvm.so+0xaba2a0], sa_mask[0]=11111111011111111101111111111110, sa_flags=SA_RESTART|SA_SIGINFO
SIGBUS: [libjvm.so+0xaba2a0], sa_mask[0]=11111111011111111101111111111110, sa_flags=SA_RESTART|SA_SIGINFO
SIGFPE: [libjvm.so+0x917710], sa_mask[0]=11111111011111111101111111111110, sa_flags=SA_RESTART|SA_SIGINFO
SIGPIPE: [libjvm.so+0x917710], sa_mask[0]=11111111011111111101111111111110, sa_flags=SA_RESTART|SA_SIGINFO
SIGXFSZ: [libjvm.so+0x917710], sa_mask[0]=11111111011111111101111111111110, sa_flags=SA_RESTART|SA_SIGINFO
SIGILL: [libjvm.so+0x917710], sa_mask[0]=11111111011111111101111111111110, sa_flags=SA_RESTART|SA_SIGINFO
SIGUSR1: SIG_DFL, sa_mask[0]=00000000000000000000000000000000, sa_flags=none
SIGUSR2: [libjvm.so+0x918d40], sa_mask[0]=00100000000000000000000000000000, sa_flags=SA_RESTART|SA_SIGINFO
SIGHUP: [libjvm.so+0x91a140], sa_mask[0]=11111111011111111101111111111110, sa_flags=SA_RESTART|SA_SIGINFO
SIGINT: [libjvm.so+0x91a140], sa_mask[0]=11111111011111111101111111111110, sa_flags=SA_RESTART|SA_SIGINFO
SIGTERM: [libjvm.so+0x91a140], sa_mask[0]=11111111011111111101111111111110, sa_flags=SA_RESTART|SA_SIGINFO
SIGQUIT: [libjvm.so+0x91a140], sa_mask[0]=11111111011111111101111111111110, sa_flags=SA_RESTART|SA_SIGINFO


---------------  S Y S T E M  ---------------

OS:DISTRIB_ID=Ubuntu
DISTRIB_RELEASE=14.04
DISTRIB_CODENAME=trusty
DISTRIB_DESCRIPTION="Ubuntu 14.04.3 LTS"

uname:Linux 3.19.0-33-generic #38~14.04.1-Ubuntu SMP Fri Nov 6 18:17:28 UTC 2015 x86_64
libc:glibc 2.19 NPTL 2.19 
rlimit: STACK 8192k, CORE 0k, NPROC 23202, NOFILE 4096, AS infinity
load average:19,23 8,81 4,42

/proc/meminfo:
MemTotal:        5961336 kB
MemFree:          108884 kB
MemAvailable:      90084 kB
Buffers:             684 kB
Cached:           442772 kB
SwapCached:            0 kB
Active:          5265368 kB
Inactive:         384772 kB
Active(anon):    5223760 kB
Inactive(anon):   345244 kB
Active(file):      41608 kB
Inactive(file):    39528 kB
Unevictable:         868 kB
Mlocked:             868 kB
SwapTotal:             0 kB
SwapFree:              0 kB
Dirty:                24 kB
Writeback:             0 kB
AnonPages:       5209988 kB
Mapped:           143160 kB
Shmem:            361644 kB
Slab:              89328 kB
SReclaimable:      50188 kB
SUnreclaim:        39140 kB
KernelStack:       12480 kB
PageTables:        52532 kB
NFS_Unstable:          0 kB
Bounce:                0 kB
WritebackTmp:          0 kB
CommitLimit:     2980668 kB
Committed_AS:   10584268 kB
VmallocTotal:   34359738367 kB
VmallocUsed:      551968 kB
VmallocChunk:   34359168476 kB
HardwareCorrupted:     0 kB
AnonHugePages:   2385920 kB
CmaTotal:              0 kB
CmaFree:               0 kB
HugePages_Total:       0
HugePages_Free:        0
HugePages_Rsvd:        0
HugePages_Surp:        0
Hugepagesize:       2048 kB
DirectMap4k:      258304 kB
DirectMap2M:     5881856 kB


CPU:total 4 (2 cores per cpu, 2 threads per core) family 6 model 42 stepping 7, cmov, cx8, fxsr, mmx, sse, sse2, sse3, ssse3, sse4.1, sse4.2, popcnt, avx, aes, clmul, ht, tsc, tscinvbit

/proc/cpuinfo:
processor	: 0
vendor_id	: GenuineIntel
cpu family	: 6
model		: 42
model name	: Intel(R) Core(TM) i5-2450M CPU @ 2.50GHz
stepping	: 7
microcode	: 0x25
cpu MHz		: 1862.304
cache size	: 3072 KB
physical id	: 0
siblings	: 4
core id		: 0
cpu cores	: 2
apicid		: 0
initial apicid	: 0
fpu		: yes
fpu_exception	: yes
cpuid level	: 13
wp		: yes
flags		: fpu vme de pse tsc msr pae mce cx8 apic sep mtrr pge mca cmov pat pse36 clflush dts acpi mmx fxsr sse sse2 ss ht tm pbe syscall nx rdtscp lm constant_tsc arch_perfmon pebs bts rep_good nopl xtopology nonstop_tsc aperfmperf eagerfpu pni pclmulqdq dtes64 monitor ds_cpl vmx est tm2 ssse3 cx16 xtpr pdcm pcid sse4_1 sse4_2 x2apic popcnt tsc_deadline_timer aes xsave avx lahf_lm ida arat epb pln pts dtherm tpr_shadow vnmi flexpriority ept vpid xsaveopt
bugs		:
bogomips	: 4988.85
clflush size	: 64
cache_alignment	: 64
address sizes	: 36 bits physical, 48 bits virtual
power management:

processor	: 1
vendor_id	: GenuineIntel
cpu family	: 6
model		: 42
model name	: Intel(R) Core(TM) i5-2450M CPU @ 2.50GHz
stepping	: 7
microcode	: 0x25
cpu MHz		: 1880.761
cache size	: 3072 KB
physical id	: 0
siblings	: 4
core id		: 0
cpu cores	: 2
apicid		: 1
initial apicid	: 1
fpu		: yes
fpu_exception	: yes
cpuid level	: 13
wp		: yes
flags		: fpu vme de pse tsc msr pae mce cx8 apic sep mtrr pge mca cmov pat pse36 clflush dts acpi mmx fxsr sse sse2 ss ht tm pbe syscall nx rdtscp lm constant_tsc arch_perfmon pebs bts rep_good nopl xtopology nonstop_tsc aperfmperf eagerfpu pni pclmulqdq dtes64 monitor ds_cpl vmx est tm2 ssse3 cx16 xtpr pdcm pcid sse4_1 sse4_2 x2apic popcnt tsc_deadline_timer aes xsave avx lahf_lm ida arat epb pln pts dtherm tpr_shadow vnmi flexpriority ept vpid xsaveopt
bugs		:
bogomips	: 4988.85
clflush size	: 64
cache_alignment	: 64
address sizes	: 36 bits physical, 48 bits virtual
power management:

processor	: 2
vendor_id	: GenuineIntel
cpu family	: 6
model		: 42
model name	: Intel(R) Core(TM) i5-2450M CPU @ 2.50GHz
stepping	: 7
microcode	: 0x25
cpu MHz		: 1880.761
cache size	: 3072 KB
physical id	: 0
siblings	: 4
core id		: 1
cpu cores	: 2
apicid		: 2
initial apicid	: 2
fpu		: yes
fpu_exception	: yes
cpuid level	: 13
wp		: yes
flags		: fpu vme de pse tsc msr pae mce cx8 apic sep mtrr pge mca cmov pat pse36 clflush dts acpi mmx fxsr sse sse2 ss ht tm pbe syscall nx rdtscp lm constant_tsc arch_perfmon pebs bts rep_good nopl xtopology nonstop_tsc aperfmperf eagerfpu pni pclmulqdq dtes64 monitor ds_cpl vmx est tm2 ssse3 cx16 xtpr pdcm pcid sse4_1 sse4_2 x2apic popcnt tsc_deadline_timer aes xsave avx lahf_lm ida arat epb pln pts dtherm tpr_shadow vnmi flexpriority ept vpid xsaveopt
bugs		:
bogomips	: 4988.85
clflush size	: 64
cache_alignment	: 64
address sizes	: 36 bits physical, 48 bits virtual
power management:

processor	: 3
vendor_id	: GenuineIntel
cpu family	: 6
model		: 42
model name	: Intel(R) Core(TM) i5-2450M CPU @ 2.50GHz
stepping	: 7
microcode	: 0x25
cpu MHz		: 1880.761
cache size	: 3072 KB
physical id	: 0
siblings	: 4
core id		: 1
cpu cores	: 2
apicid		: 3
initial apicid	: 3
fpu		: yes
fpu_exception	: yes
cpuid level	: 13
wp		: yes
flags		: fpu vme de pse tsc msr pae mce cx8 apic sep mtrr pge mca cmov pat pse36 clflush dts acpi mmx fxsr sse sse2 ss ht tm pbe syscall nx rdtscp lm constant_tsc arch_perfmon pebs bts rep_good nopl xtopology nonstop_tsc aperfmperf eagerfpu pni pclmulqdq dtes64 monitor ds_cpl vmx est tm2 ssse3 cx16 xtpr pdcm pcid sse4_1 sse4_2 x2apic popcnt tsc_deadline_timer aes xsave avx lahf_lm ida arat epb pln pts dtherm tpr_shadow vnmi flexpriority ept vpid xsaveopt
bugs		:
bogomips	: 4988.85
clflush size	: 64
cache_alignment	: 64
address sizes	: 36 bits physical, 48 bits virtual
power management:



Memory: 4k page, physical 5961336k(110260k free), swap 0k(0k free)

vm_info: Java HotSpot(TM) 64-Bit Server VM (25.66-b17) for linux-amd64 JRE (1.8.0_66-b17), built on Oct  6 2015 17:28:34 by "java_re" with gcc 4.3.0 20080428 (Red Hat 4.3.0-8)

time: Tue Dec  1 01:19:41 2015
elapsed time: 14 seconds (0d 0h 0m 14s)

