#
# There is insufficient memory for the Java Runtime Environment to continue.
# Native memory allocation (mmap) failed to map 119537664 bytes for committing reserved memory.
# Possible reasons:
#   The system is out of physical RAM or swap space
#   In 32 bit mode, the process size limit was hit
# Possible solutions:
#   Reduce memory load on the system
#   Increase physical memory or swap space
#   Check if swap backing store is full
#   Use 64 bit Java on a 64 bit OS
#   Decrease Java heap size (-Xmx/-Xms)
#   Decrease number of Java threads
#   Decrease Java thread stack sizes (-Xss)
#   Set larger code cache with -XX:ReservedCodeCacheSize=
# This output file may be truncated or incomplete.
#
#  Out of Memory Error (os_linux.cpp:2627), pid=11390, tid=139891991725824
#
# JRE version: Java(TM) SE Runtime Environment (8.0_60-b27) (build 1.8.0_60-b27)
# Java VM: Java HotSpot(TM) 64-Bit Server VM (25.60-b23 mixed mode linux-amd64 compressed oops)
# Failed to write core dump. Core dumps have been disabled. To enable core dumping, try "ulimit -c unlimited" before starting Java again
#

---------------  T H R E A D  ---------------

Current thread (0x00007f3b34078000):  VMThread [stack: 0x00007f3b24694000,0x00007f3b24795000] [id=11400]

Stack: [0x00007f3b24694000,0x00007f3b24795000],  sp=0x00007f3b24793260,  free space=1020k
Native frames: (J=compiled Java code, j=interpreted, Vv=VM code, C=native code)
V  [libjvm.so+0xab97ea]  VMError::report_and_die()+0x2ba
V  [libjvm.so+0x4f9dab]  report_vm_out_of_memory(char const*, int, unsigned long, VMErrorType, char const*)+0x8b
V  [libjvm.so+0x91a7c3]  os::Linux::commit_memory_impl(char*, unsigned long, bool)+0x103
V  [libjvm.so+0x91ad19]  os::pd_commit_memory(char*, unsigned long, unsigned long, bool)+0x29
V  [libjvm.so+0x91502a]  os::commit_memory(char*, unsigned long, unsigned long, bool)+0x2a
V  [libjvm.so+0x9886d3]  PSVirtualSpace::expand_by(unsigned long)+0x53
V  [libjvm.so+0x978fc0]  PSOldGen::expand(unsigned long)+0x170
V  [libjvm.so+0x9791cb]  PSOldGen::resize(unsigned long)+0x1cb
V  [libjvm.so+0x980ea1]  PSParallelCompact::invoke_no_policy(bool)+0x991
V  [libjvm.so+0x9867fd]  PSScavenge::invoke()+0x1ad
V  [libjvm.so+0x93e430]  ParallelScavengeHeap::failed_mem_allocate(unsigned long)+0x70
V  [libjvm.so+0xabb207]  VM_ParallelGCFailedAllocation::doit()+0x97
V  [libjvm.so+0xac2c35]  VM_Operation::evaluate()+0x55
V  [libjvm.so+0xac100a]  VMThread::evaluate_operation(VM_Operation*)+0xba
V  [libjvm.so+0xac138e]  VMThread::loop()+0x1ce
V  [libjvm.so+0xac1800]  VMThread::run()+0x70
V  [libjvm.so+0x91cb88]  java_start(Thread*)+0x108

VM_Operation (0x00007f3b1d15af50): ParallelGCFailedAllocation, mode: safepoint, requested by thread 0x00007f3b34189000


---------------  P R O C E S S  ---------------

Java Threads: ( => current thread )
  0x00007f3b34189000 JavaThread "pool-1-thread-1" [_thread_blocked, id=11416, stack(0x00007f3b1d05c000,0x00007f3b1d15d000)]
  0x00007f3b340ca800 JavaThread "Service Thread" daemon [_thread_blocked, id=11407, stack(0x00007f3b1d6ec000,0x00007f3b1d7ed000)]
  0x00007f3b340bd800 JavaThread "C1 CompilerThread2" daemon [_thread_blocked, id=11406, stack(0x00007f3b2408e000,0x00007f3b2418f000)]
  0x00007f3b340bb800 JavaThread "C2 CompilerThread1" daemon [_thread_blocked, id=11405, stack(0x00007f3b2418f000,0x00007f3b24290000)]
  0x00007f3b340b8800 JavaThread "C2 CompilerThread0" daemon [_thread_blocked, id=11404, stack(0x00007f3b24290000,0x00007f3b24391000)]
  0x00007f3b340b7000 JavaThread "Signal Dispatcher" daemon [_thread_blocked, id=11403, stack(0x00007f3b24391000,0x00007f3b24492000)]
  0x00007f3b3407f000 JavaThread "Finalizer" daemon [_thread_blocked, id=11402, stack(0x00007f3b24492000,0x00007f3b24593000)]
  0x00007f3b3407d000 JavaThread "Reference Handler" daemon [_thread_blocked, id=11401, stack(0x00007f3b24593000,0x00007f3b24694000)]
  0x00007f3b3400a000 JavaThread "main" [_thread_blocked, id=11395, stack(0x00007f3b3cd45000,0x00007f3b3ce46000)]

Other Threads:
=>0x00007f3b34078000 VMThread [stack: 0x00007f3b24694000,0x00007f3b24795000] [id=11400]
  0x00007f3b340cd800 WatcherThread [stack: 0x00007f3b1d5eb000,0x00007f3b1d6ec000] [id=11408]

VM state:at safepoint (normal execution)

VM Mutex/Monitor currently owned by a thread:  ([mutex/lock_event])
[0x00007f3b34005e10] ExpandHeap_lock - owner thread: 0x00007f3b34078000
[0x00007f3b34006490] Threads_lock - owner thread: 0x00007f3b34078000
[0x00007f3b34006990] Heap_lock - owner thread: 0x00007f3b34189000

Heap:
 PSYoungGen      total 232960K, used 0K [0x00000000eab00000, 0x0000000100000000, 0x0000000100000000)
  eden space 116736K, 0% used [0x00000000eab00000,0x00000000eab00000,0x00000000f1d00000)
  from space 116224K, 0% used [0x00000000f1d00000,0x00000000f1d00000,0x00000000f8e80000)
  to   space 116224K, 0% used [0x00000000f8e80000,0x00000000f8e80000,0x0000000100000000)
 ParOldGen       total 517632K, used 429530K [0x00000000c0000000, 0x00000000df980000, 0x00000000eab00000)
  object space 517632K, 82% used [0x00000000c0000000,0x00000000da376aa0,0x00000000df980000)
 Metaspace       used 6830K, capacity 7672K, committed 7936K, reserved 1056768K
  class space    used 628K, capacity 688K, committed 768K, reserved 1048576K

Card table byte_map: [0x00007f3b39909000,0x00007f3b39b0a000] byte_map_base: 0x00007f3b39309000

Marking Bits: (ParMarkBitMap*) 0x00007f3b3c218de0
 Begin Bits: [0x00007f3b1e000000, 0x00007f3b1f000000)
 End Bits:   [0x00007f3b1f000000, 0x00007f3b20000000)

Polling page: 0x00007f3b3ce60000

CodeCache: size=245760Kb used=14101Kb max_used=14114Kb free=231658Kb
 bounds [0x00007f3b25000000, 0x00007f3b25de0000, 0x00007f3b34000000]
 total_blobs=3295 nmethods=3026 adapters=182
 compilation: enabled

Compilation events (10 events):
Event: 23,965 Thread 0x00007f3b340b8800 nmethod 959 0x00007f3b25d83d50 code [0x00007f3b25d83ea0, 0x00007f3b25d83ff8]
Event: 23,965 Thread 0x00007f3b340b8800 1412       4       com.android.dx.cf.code.Ropper::getAvailableLabel (54 bytes)
Event: 23,974 Thread 0x00007f3b340b8800 nmethod 1412 0x00007f3b25da7350 code [0x00007f3b25da74e0, 0x00007f3b25da7938]
Event: 23,974 Thread 0x00007f3b340b8800 1460 %     4       com.android.dx.rop.code.RopMethod::calcPredecessors @ 91 (227 bytes)
Event: 24,017 Thread 0x00007f3b340b8800 nmethod 1460% 0x00007f3b25dd08d0 code [0x00007f3b25dd0b20, 0x00007f3b25dd1ff0]
Event: 24,017 Thread 0x00007f3b340b8800  904 %     4       com.android.dx.cf.code.Ropper::labelToResultIndex @ 10 (47 bytes)
Event: 24,019 Thread 0x00007f3b340bd800 3238 %     3       com.android.dx.dex.code.OutputFinisher::assignAddressesAndFixBranches @ 0 (15 bytes)
Event: 24,020 Thread 0x00007f3b340bd800 nmethod 3238% 0x00007f3b25dab310 code [0x00007f3b25dab4a0, 0x00007f3b25dab758]
Event: 24,024 Thread 0x00007f3b340b8800 nmethod 904% 0x00007f3b25da4a50 code [0x00007f3b25da4be0, 0x00007f3b25da4f38]
Event: 24,024 Thread 0x00007f3b340b8800 2613 %     4       com.android.dx.rop.code.RegisterSpecSet::equals @ 49 (106 bytes)

GC Heap History (10 events):
Event: 19,687 GC heap after
Heap after GC invocations=27 (full 4):
 PSYoungGen      total 223232K, used 98291K [0x00000000eab00000, 0x0000000100000000, 0x0000000100000000)
  eden space 124928K, 0% used [0x00000000eab00000,0x00000000eab00000,0x00000000f2500000)
  from space 98304K, 99% used [0x00000000f2500000,0x00000000f84fcd30,0x00000000f8500000)
  to   space 116224K, 0% used [0x00000000f8e80000,0x00000000f8e80000,0x0000000100000000)
 ParOldGen       total 517632K, used 357674K [0x00000000c0000000, 0x00000000df980000, 0x00000000eab00000)
  object space 517632K, 69% used [0x00000000c0000000,0x00000000d5d4abc0,0x00000000df980000)
 Metaspace       used 6461K, capacity 7282K, committed 7552K, reserved 1056768K
  class space    used 607K, capacity 618K, committed 640K, reserved 1048576K
}
Event: 20,078 GC heap before
{Heap before GC invocations=28 (full 4):
 PSYoungGen      total 223232K, used 223219K [0x00000000eab00000, 0x0000000100000000, 0x0000000100000000)
  eden space 124928K, 100% used [0x00000000eab00000,0x00000000f2500000,0x00000000f2500000)
  from space 98304K, 99% used [0x00000000f2500000,0x00000000f84fcd30,0x00000000f8500000)
  to   space 116224K, 0% used [0x00000000f8e80000,0x00000000f8e80000,0x0000000100000000)
 ParOldGen       total 517632K, used 357674K [0x00000000c0000000, 0x00000000df980000, 0x00000000eab00000)
  object space 517632K, 69% used [0x00000000c0000000,0x00000000d5d4abc0,0x00000000df980000)
 Metaspace       used 6461K, capacity 7282K, committed 7552K, reserved 1056768K
  class space    used 607K, capacity 618K, committed 640K, reserved 1048576K
Event: 20,250 GC heap after
Heap after GC invocations=28 (full 4):
 PSYoungGen      total 232960K, used 90633K [0x00000000eab00000, 0x0000000100000000, 0x0000000100000000)
  eden space 116736K, 0% used [0x00000000eab00000,0x00000000eab00000,0x00000000f1d00000)
  from space 116224K, 77% used [0x00000000f8e80000,0x00000000fe7026f8,0x0000000100000000)
  to   space 116224K, 0% used [0x00000000f1d00000,0x00000000f1d00000,0x00000000f8e80000)
 ParOldGen       total 517632K, used 384640K [0x00000000c0000000, 0x00000000df980000, 0x00000000eab00000)
  object space 517632K, 74% used [0x00000000c0000000,0x00000000d77a0260,0x00000000df980000)
 Metaspace       used 6461K, capacity 7282K, committed 7552K, reserved 1056768K
  class space    used 607K, capacity 618K, committed 640K, reserved 1048576K
}
Event: 20,632 GC heap before
{Heap before GC invocations=29 (full 4):
 PSYoungGen      total 232960K, used 207369K [0x00000000eab00000, 0x0000000100000000, 0x0000000100000000)
  eden space 116736K, 100% used [0x00000000eab00000,0x00000000f1d00000,0x00000000f1d00000)
  from space 116224K, 77% used [0x00000000f8e80000,0x00000000fe7026f8,0x0000000100000000)
  to   space 116224K, 0% used [0x00000000f1d00000,0x00000000f1d00000,0x00000000f8e80000)
 ParOldGen       total 517632K, used 384640K [0x00000000c0000000, 0x00000000df980000, 0x00000000eab00000)
  object space 517632K, 74% used [0x00000000c0000000,0x00000000d77a0260,0x00000000df980000)
 Metaspace       used 6461K, capacity 7282K, committed 7552K, reserved 1056768K
  class space    used 607K, capacity 618K, committed 640K, reserved 1048576K
Event: 20,838 GC heap after
Heap after GC invocations=29 (full 4):
 PSYoungGen      total 232960K, used 74981K [0x00000000eab00000, 0x0000000100000000, 0x0000000100000000)
  eden space 116736K, 0% used [0x00000000eab00000,0x00000000eab00000,0x00000000f1d00000)
  from space 116224K, 64% used [0x00000000f1d00000,0x00000000f6639590,0x00000000f8e80000)
  to   space 116224K, 0% used [0x00000000f8e80000,0x00000000f8e80000,0x0000000100000000)
 ParOldGen       total 517632K, used 418284K [0x00000000c0000000, 0x00000000df980000, 0x00000000eab00000)
  object space 517632K, 80% used [0x00000000c0000000,0x00000000d987b240,0x00000000df980000)
 Metaspace       used 6461K, capacity 7282K, committed 7552K, reserved 1056768K
  class space    used 607K, capacity 618K, committed 640K, reserved 1048576K
}
Event: 21,210 GC heap before
{Heap before GC invocations=30 (full 4):
 PSYoungGen      total 232960K, used 191717K [0x00000000eab00000, 0x0000000100000000, 0x0000000100000000)
  eden space 116736K, 100% used [0x00000000eab00000,0x00000000f1d00000,0x00000000f1d00000)
  from space 116224K, 64% used [0x00000000f1d00000,0x00000000f6639590,0x00000000f8e80000)
  to   space 116224K, 0% used [0x00000000f8e80000,0x00000000f8e80000,0x0000000100000000)
 ParOldGen       total 517632K, used 418284K [0x00000000c0000000, 0x00000000df980000, 0x00000000eab00000)
  object space 517632K, 80% used [0x00000000c0000000,0x00000000d987b240,0x00000000df980000)
 Metaspace       used 6461K, capacity 7282K, committed 7552K, reserved 1056768K
  class space    used 607K, capacity 618K, committed 640K, reserved 1048576K
Event: 21,391 GC heap after
Heap after GC invocations=30 (full 4):
 PSYoungGen      total 232960K, used 57062K [0x00000000eab00000, 0x0000000100000000, 0x0000000100000000)
  eden space 116736K, 0% used [0x00000000eab00000,0x00000000eab00000,0x00000000f1d00000)
  from space 116224K, 49% used [0x00000000f8e80000,0x00000000fc639960,0x0000000100000000)
  to   space 116224K, 0% used [0x00000000f1d00000,0x00000000f1d00000,0x00000000f8e80000)
 ParOldGen       total 517632K, used 455414K [0x00000000c0000000, 0x00000000df980000, 0x00000000eab00000)
  object space 517632K, 87% used [0x00000000c0000000,0x00000000dbcbd910,0x00000000df980000)
 Metaspace       used 6461K, capacity 7282K, committed 7552K, reserved 1056768K
  class space    used 607K, capacity 618K, committed 640K, reserved 1048576K
}
Event: 24,029 GC heap before
{Heap before GC invocations=31 (full 4):
 PSYoungGen      total 232960K, used 173798K [0x00000000eab00000, 0x0000000100000000, 0x0000000100000000)
  eden space 116736K, 100% used [0x00000000eab00000,0x00000000f1d00000,0x00000000f1d00000)
  from space 116224K, 49% used [0x00000000f8e80000,0x00000000fc639960,0x0000000100000000)
  to   space 116224K, 0% used [0x00000000f1d00000,0x00000000f1d00000,0x00000000f8e80000)
 ParOldGen       total 517632K, used 455414K [0x00000000c0000000, 0x00000000df980000, 0x00000000eab00000)
  object space 517632K, 87% used [0x00000000c0000000,0x00000000dbcbd910,0x00000000df980000)
 Metaspace       used 6830K, capacity 7672K, committed 7936K, reserved 1056768K
  class space    used 628K, capacity 688K, committed 768K, reserved 1048576K
Event: 24,171 GC heap after
Heap after GC invocations=31 (full 4):
 PSYoungGen      total 232960K, used 49740K [0x00000000eab00000, 0x0000000100000000, 0x0000000100000000)
  eden space 116736K, 0% used [0x00000000eab00000,0x00000000eab00000,0x00000000f1d00000)
  from space 116224K, 42% used [0x00000000f1d00000,0x00000000f4d930b8,0x00000000f8e80000)
  to   space 116224K, 0% used [0x00000000f8e80000,0x00000000f8e80000,0x0000000100000000)
 ParOldGen       total 517632K, used 484754K [0x00000000c0000000, 0x00000000df980000, 0x00000000eab00000)
  object space 517632K, 93% used [0x00000000c0000000,0x00000000dd964ad8,0x00000000df980000)
 Metaspace       used 6830K, capacity 7672K, committed 7936K, reserved 1056768K
  class space    used 628K, capacity 688K, committed 768K, reserved 1048576K
}
Event: 24,171 GC heap before
{Heap before GC invocations=32 (full 5):
 PSYoungGen      total 232960K, used 49740K [0x00000000eab00000, 0x0000000100000000, 0x0000000100000000)
  eden space 116736K, 0% used [0x00000000eab00000,0x00000000eab00000,0x00000000f1d00000)
  from space 116224K, 42% used [0x00000000f1d00000,0x00000000f4d930b8,0x00000000f8e80000)
  to   space 116224K, 0% used [0x00000000f8e80000,0x00000000f8e80000,0x0000000100000000)
 ParOldGen       total 517632K, used 484754K [0x00000000c0000000, 0x00000000df980000, 0x00000000eab00000)
  object space 517632K, 93% used [0x00000000c0000000,0x00000000dd964ad8,0x00000000df980000)
 Metaspace       used 6830K, capacity 7672K, committed 7936K, reserved 1056768K
  class space    used 628K, capacity 688K, committed 768K, reserved 1048576K

Deoptimization events (10 events):
Event: 21,498 Thread 0x00007f3b34189000 Uncommon trap: reason=class_check action=maybe_recompile pc=0x00007f3b254c7bfc method=java.util.Arrays.hashCode([Ljava/lang/Object;)I @ 43
Event: 21,498 Thread 0x00007f3b34189000 Uncommon trap: reason=class_check action=maybe_recompile pc=0x00007f3b254c7bfc method=java.util.Arrays.hashCode([Ljava/lang/Object;)I @ 43
Event: 21,498 Thread 0x00007f3b34189000 Uncommon trap: reason=class_check action=maybe_recompile pc=0x00007f3b254c7bfc method=java.util.Arrays.hashCode([Ljava/lang/Object;)I @ 43
Event: 21,498 Thread 0x00007f3b34189000 Uncommon trap: reason=class_check action=maybe_recompile pc=0x00007f3b254c7bfc method=java.util.Arrays.hashCode([Ljava/lang/Object;)I @ 43
Event: 21,498 Thread 0x00007f3b34189000 Uncommon trap: reason=class_check action=maybe_recompile pc=0x00007f3b254c1af4 method=java.util.Arrays.hashCode([Ljava/lang/Object;)I @ 43
Event: 22,090 Thread 0x00007f3b34189000 Uncommon trap: reason=unstable_if action=reinterpret pc=0x00007f3b25c3d3cc method=com.android.dx.dex.code.OutputFinisher.addConstants(Ljava/util/HashSet;Lcom/android/dx/rop/code/RegisterSpec;)V @ 32
Event: 23,170 Thread 0x00007f3b34189000 Uncommon trap: reason=unstable_if action=reinterpret pc=0x00007f3b259d0fcc method=java.util.TreeMap.put(Ljava/lang/Object;Ljava/lang/Object;)Ljava/lang/Object; @ 163
Event: 23,348 Thread 0x00007f3b34189000 Uncommon trap: reason=unstable_if action=reinterpret pc=0x00007f3b25d569fc method=com.android.dx.dex.code.LocalList$MakeState.snapshot(ILcom/android/dx/rop/code/RegisterSpecSet;)V @ 86
Event: 23,942 Thread 0x00007f3b34189000 Uncommon trap: reason=unstable_if action=reinterpret pc=0x00007f3b25dc8938 method=com.android.dx.dex.code.LocalList$MakeState.filterSpec(Lcom/android/dx/rop/code/RegisterSpec;)Lcom/android/dx/rop/code/RegisterSpec; @ 11
Event: 23,942 Thread 0x00007f3b34189000 Uncommon trap: reason=unstable_if action=reinterpret pc=0x00007f3b25d7e6f8 method=com.android.dx.dex.code.LocalList$MakeState.filterSpec(Lcom/android/dx/rop/code/RegisterSpec;)Lcom/android/dx/rop/code/RegisterSpec; @ 11

Internal exceptions (10 events):
Event: 0,038 Thread 0x00007f3b3400a000 Exception <a 'java/lang/NoSuchMethodError': Method sun.misc.Unsafe.defineClass(Ljava/lang/String;[BII)Ljava/lang/Class; name or signature does not match> (0x00000000eab12b98) thrown at [/HUDSON/workspace/8-2-build-linux-amd64/jdk8u60/4407/hotspot/src/shar
Event: 0,038 Thread 0x00007f3b3400a000 Exception <a 'java/lang/NoSuchMethodError': Method sun.misc.Unsafe.prefetchRead(Ljava/lang/Object;J)V name or signature does not match> (0x00000000eab12e80) thrown at [/HUDSON/workspace/8-2-build-linux-amd64/jdk8u60/4407/hotspot/src/share/vm/prims/jni.cpp
Event: 0,627 Thread 0x00007f3b3418f800 Implicit null exception at 0x00007f3b2527c585 to 0x00007f3b2527f311
Event: 1,187 Thread 0x00007f3b3400a000 Exception <a 'java/lang/ArrayIndexOutOfBoundsException': 18> (0x00000000ed4fca00) thrown at [/HUDSON/workspace/8-2-build-linux-amd64/jdk8u60/4407/hotspot/src/share/vm/interpreter/interpreterRuntime.cpp, line 366]
Event: 1,188 Thread 0x00007f3b3400a000 Exception <a 'java/lang/ArrayIndexOutOfBoundsException': 145> (0x00000000ed4fe580) thrown at [/HUDSON/workspace/8-2-build-linux-amd64/jdk8u60/4407/hotspot/src/share/vm/interpreter/interpreterRuntime.cpp, line 366]
Event: 1,188 Thread 0x00007f3b3400a000 Exception <a 'java/lang/ArrayIndexOutOfBoundsException': 40> (0x00000000ed4ff868) thrown at [/HUDSON/workspace/8-2-build-linux-amd64/jdk8u60/4407/hotspot/src/share/vm/interpreter/interpreterRuntime.cpp, line 366]
Event: 6,892 Thread 0x00007f3b3400a000 Implicit null exception at 0x00007f3b25439192 to 0x00007f3b2543952d
Event: 6,892 Thread 0x00007f3b3400a000 Implicit null exception at 0x00007f3b253913a5 to 0x00007f3b25391701
Event: 14,366 Thread 0x00007f3b3400a000 Implicit null exception at 0x00007f3b25adec82 to 0x00007f3b25ae11bc
Event: 17,696 Thread 0x00007f3b3418d000 Implicit null exception at 0x00007f3b25b21ddb to 0x00007f3b25b22c31

Events (10 events):
Event: 23,935 Thread 0x00007f3b34189000 DEOPT UNPACKING pc=0x00007f3b25047633 sp=0x00007f3b1d15adb0 mode 0
Event: 23,942 Thread 0x00007f3b34189000 Uncommon trap: trap_request=0xffffff65 fr.pc=0x00007f3b25dc8938
Event: 23,942 Thread 0x00007f3b34189000 DEOPT PACKING pc=0x00007f3b25dc8938 sp=0x00007f3b1d15afa0
Event: 23,942 Thread 0x00007f3b34189000 DEOPT UNPACKING pc=0x00007f3b25005229 sp=0x00007f3b1d15ae98 mode 2
Event: 23,942 Thread 0x00007f3b34189000 Uncommon trap: trap_request=0xffffff65 fr.pc=0x00007f3b25d7e6f8
Event: 23,942 Thread 0x00007f3b34189000 DEOPT PACKING pc=0x00007f3b25d7e6f8 sp=0x00007f3b1d15aef0
Event: 23,942 Thread 0x00007f3b34189000 DEOPT UNPACKING pc=0x00007f3b25005229 sp=0x00007f3b1d15ae98 mode 2
Event: 23,956 Thread 0x00007f3b34189000 DEOPT PACKING pc=0x00007f3b25caf528 sp=0x00007f3b1d15af60
Event: 23,956 Thread 0x00007f3b34189000 DEOPT UNPACKING pc=0x00007f3b25047633 sp=0x00007f3b1d15ac68 mode 0
Event: 24,029 Executing VM operation: ParallelGCFailedAllocation


Dynamic libraries:
00400000-00401000 r-xp 00000000 08:01 2362311                            /usr/lib/jvm/java-8-oracle/bin/java
00600000-00601000 rw-p 00000000 08:01 2362311                            /usr/lib/jvm/java-8-oracle/bin/java
024b2000-024d3000 rw-p 00000000 00:00 0                                  [heap]
c0000000-df980000 rw-p 00000000 00:00 0 
e6b80000-eab00000 ---p 00000000 00:00 0 
eab00000-100000000 rw-p 00000000 00:00 0 
100000000-1000c0000 rw-p 00000000 00:00 0 
1000c0000-140000000 ---p 00000000 00:00 0 
7f3ad0000000-7f3ad006d000 rw-p 00000000 00:00 0 
7f3ad006d000-7f3ad4000000 ---p 00000000 00:00 0 
7f3ad8000000-7f3ad807c000 rw-p 00000000 00:00 0 
7f3ad807c000-7f3adc000000 ---p 00000000 00:00 0 
7f3adc000000-7f3adc02e000 rw-p 00000000 00:00 0 
7f3adc02e000-7f3ae0000000 ---p 00000000 00:00 0 
7f3ae0000000-7f3ae00ae000 rw-p 00000000 00:00 0 
7f3ae00ae000-7f3ae4000000 ---p 00000000 00:00 0 
7f3ae4000000-7f3ae4021000 rw-p 00000000 00:00 0 
7f3ae4021000-7f3ae8000000 ---p 00000000 00:00 0 
7f3ae8000000-7f3ae8021000 rw-p 00000000 00:00 0 
7f3ae8021000-7f3aec000000 ---p 00000000 00:00 0 
7f3aec000000-7f3aec021000 rw-p 00000000 00:00 0 
7f3aec021000-7f3af0000000 ---p 00000000 00:00 0 
7f3af0000000-7f3af2eb7000 rw-p 00000000 00:00 0 
7f3af2eb7000-7f3af4000000 ---p 00000000 00:00 0 
7f3af4000000-7f3af494f000 rw-p 00000000 00:00 0 
7f3af494f000-7f3af8000000 ---p 00000000 00:00 0 
7f3af8000000-7f3af8021000 rw-p 00000000 00:00 0 
7f3af8021000-7f3afc000000 ---p 00000000 00:00 0 
7f3afc000000-7f3afd3a0000 rw-p 00000000 00:00 0 
7f3afd3a0000-7f3b00000000 ---p 00000000 00:00 0 
7f3b00000000-7f3b00021000 rw-p 00000000 00:00 0 
7f3b00021000-7f3b04000000 ---p 00000000 00:00 0 
7f3b04000000-7f3b04021000 rw-p 00000000 00:00 0 
7f3b04021000-7f3b08000000 ---p 00000000 00:00 0 
7f3b08000000-7f3b08021000 rw-p 00000000 00:00 0 
7f3b08021000-7f3b0c000000 ---p 00000000 00:00 0 
7f3b0c000000-7f3b0c290000 rw-p 00000000 00:00 0 
7f3b0c290000-7f3b10000000 ---p 00000000 00:00 0 
7f3b10000000-7f3b10021000 rw-p 00000000 00:00 0 
7f3b10021000-7f3b14000000 ---p 00000000 00:00 0 
7f3b18000000-7f3b1802c000 rw-p 00000000 00:00 0 
7f3b1802c000-7f3b1c000000 ---p 00000000 00:00 0 
7f3b1d05c000-7f3b1d05f000 ---p 00000000 00:00 0 
7f3b1d05f000-7f3b1d15d000 rw-p 00000000 00:00 0                          [stack:11416]
7f3b1d15d000-7f3b1d160000 ---p 00000000 00:00 0 
7f3b1d160000-7f3b1d25e000 rw-p 00000000 00:00 0 
7f3b1d25e000-7f3b1d261000 ---p 00000000 00:00 0 
7f3b1d261000-7f3b1d35f000 rw-p 00000000 00:00 0 
7f3b1d35f000-7f3b1d362000 ---p 00000000 00:00 0 
7f3b1d362000-7f3b1d460000 rw-p 00000000 00:00 0 
7f3b1d460000-7f3b1d463000 ---p 00000000 00:00 0 
7f3b1d463000-7f3b1d561000 rw-p 00000000 00:00 0 
7f3b1d5eb000-7f3b1d5ec000 ---p 00000000 00:00 0 
7f3b1d5ec000-7f3b1d6ec000 rw-p 00000000 00:00 0                          [stack:11408]
7f3b1d6ec000-7f3b1d6ef000 ---p 00000000 00:00 0 
7f3b1d6ef000-7f3b1d7ed000 rw-p 00000000 00:00 0                          [stack:11407]
7f3b1d7ed000-7f3b1e000000 r--p 00000000 08:01 1579663                    /usr/lib/locale/locale-archive
7f3b1e000000-7f3b20000000 rw-p 00000000 00:00 0 
7f3b20000000-7f3b20021000 rw-p 00000000 00:00 0 
7f3b20021000-7f3b24000000 ---p 00000000 00:00 0 
7f3b2405a000-7f3b2407f000 r--p 00000000 08:01 2361987                    /usr/share/locale-langpack/pl/LC_MESSAGES/libc.mo
7f3b2407f000-7f3b2408e000 r--s 000df000 08:01 656243                     /home/tomasz/Android/Sdk/build-tools/23.0.1/lib/dx.jar
7f3b2408e000-7f3b24091000 ---p 00000000 00:00 0 
7f3b24091000-7f3b2418f000 rw-p 00000000 00:00 0                          [stack:11406]
7f3b2418f000-7f3b24192000 ---p 00000000 00:00 0 
7f3b24192000-7f3b24290000 rw-p 00000000 00:00 0                          [stack:11405]
7f3b24290000-7f3b24293000 ---p 00000000 00:00 0 
7f3b24293000-7f3b24391000 rw-p 00000000 00:00 0                          [stack:11404]
7f3b24391000-7f3b24394000 ---p 00000000 00:00 0 
7f3b24394000-7f3b24492000 rw-p 00000000 00:00 0                          [stack:11403]
7f3b24492000-7f3b24495000 ---p 00000000 00:00 0 
7f3b24495000-7f3b24593000 rw-p 00000000 00:00 0                          [stack:11402]
7f3b24593000-7f3b24596000 ---p 00000000 00:00 0 
7f3b24596000-7f3b24694000 rw-p 00000000 00:00 0                          [stack:11401]
7f3b24694000-7f3b24695000 ---p 00000000 00:00 0 
7f3b24695000-7f3b25000000 rw-p 00000000 00:00 0                          [stack:11400]
7f3b25000000-7f3b25de0000 rwxp 00000000 00:00 0 
7f3b25de0000-7f3b34000000 ---p 00000000 00:00 0 
7f3b34000000-7f3b343be000 rw-p 00000000 00:00 0 
7f3b343be000-7f3b38000000 ---p 00000000 00:00 0 
7f3b3800b000-7f3b38761000 rw-p 00000000 00:00 0 
7f3b38761000-7f3b38939000 r--s 03d17000 08:01 2107729                    /usr/lib/jvm/java-8-oracle/jre/lib/rt.jar
7f3b38939000-7f3b390af000 rw-p 00000000 00:00 0 
7f3b390af000-7f3b391af000 ---p 00000000 00:00 0 
7f3b391af000-7f3b393af000 rw-p 00000000 00:00 0 
7f3b393af000-7f3b393b0000 ---p 00000000 00:00 0 
7f3b393b0000-7f3b394b0000 rw-p 00000000 00:00 0                          [stack:11399]
7f3b394b0000-7f3b394b1000 ---p 00000000 00:00 0 
7f3b394b1000-7f3b395b1000 rw-p 00000000 00:00 0                          [stack:11398]
7f3b395b1000-7f3b395b2000 ---p 00000000 00:00 0 
7f3b395b2000-7f3b396b2000 rw-p 00000000 00:00 0                          [stack:11397]
7f3b396b2000-7f3b396b3000 ---p 00000000 00:00 0 
7f3b396b3000-7f3b398b0000 rw-p 00000000 00:00 0                          [stack:11396]
7f3b398b0000-7f3b39909000 ---p 00000000 00:00 0 
7f3b39909000-7f3b39a06000 rw-p 00000000 00:00 0 
7f3b39a06000-7f3b39a5e000 ---p 00000000 00:00 0 
7f3b39a5e000-7f3b39b09000 rw-p 00000000 00:00 0 
7f3b39b09000-7f3b39b42000 rw-p 00000000 00:00 0 
7f3b39b42000-7f3b39eca000 ---p 00000000 00:00 0 
7f3b39eca000-7f3b39ee4000 r-xp 00000000 08:01 2107706                    /usr/lib/jvm/java-8-oracle/jre/lib/amd64/libzip.so
7f3b39ee4000-7f3b3a0e4000 ---p 0001a000 08:01 2107706                    /usr/lib/jvm/java-8-oracle/jre/lib/amd64/libzip.so
7f3b3a0e4000-7f3b3a0e5000 rw-p 0001a000 08:01 2107706                    /usr/lib/jvm/java-8-oracle/jre/lib/amd64/libzip.so
7f3b3a0e5000-7f3b3a0f0000 r-xp 00000000 08:01 5771445                    /lib/x86_64-linux-gnu/libnss_files-2.19.so
7f3b3a0f0000-7f3b3a2ef000 ---p 0000b000 08:01 5771445                    /lib/x86_64-linux-gnu/libnss_files-2.19.so
7f3b3a2ef000-7f3b3a2f0000 r--p 0000a000 08:01 5771445                    /lib/x86_64-linux-gnu/libnss_files-2.19.so
7f3b3a2f0000-7f3b3a2f1000 rw-p 0000b000 08:01 5771445                    /lib/x86_64-linux-gnu/libnss_files-2.19.so
7f3b3a2f1000-7f3b3a2fc000 r-xp 00000000 08:01 5771455                    /lib/x86_64-linux-gnu/libnss_nis-2.19.so
7f3b3a2fc000-7f3b3a4fb000 ---p 0000b000 08:01 5771455                    /lib/x86_64-linux-gnu/libnss_nis-2.19.so
7f3b3a4fb000-7f3b3a4fc000 r--p 0000a000 08:01 5771455                    /lib/x86_64-linux-gnu/libnss_nis-2.19.so
7f3b3a4fc000-7f3b3a4fd000 rw-p 0000b000 08:01 5771455                    /lib/x86_64-linux-gnu/libnss_nis-2.19.so
7f3b3a4fd000-7f3b3a514000 r-xp 00000000 08:01 5771439                    /lib/x86_64-linux-gnu/libnsl-2.19.so
7f3b3a514000-7f3b3a713000 ---p 00017000 08:01 5771439                    /lib/x86_64-linux-gnu/libnsl-2.19.so
7f3b3a713000-7f3b3a714000 r--p 00016000 08:01 5771439                    /lib/x86_64-linux-gnu/libnsl-2.19.so
7f3b3a714000-7f3b3a715000 rw-p 00017000 08:01 5771439                    /lib/x86_64-linux-gnu/libnsl-2.19.so
7f3b3a715000-7f3b3a717000 rw-p 00000000 00:00 0 
7f3b3a717000-7f3b3a720000 r-xp 00000000 08:01 5771441                    /lib/x86_64-linux-gnu/libnss_compat-2.19.so
7f3b3a720000-7f3b3a91f000 ---p 00009000 08:01 5771441                    /lib/x86_64-linux-gnu/libnss_compat-2.19.so
7f3b3a91f000-7f3b3a920000 r--p 00008000 08:01 5771441                    /lib/x86_64-linux-gnu/libnss_compat-2.19.so
7f3b3a920000-7f3b3a921000 rw-p 00009000 08:01 5771441                    /lib/x86_64-linux-gnu/libnss_compat-2.19.so
7f3b3a921000-7f3b3a94b000 r-xp 00000000 08:01 2107695                    /usr/lib/jvm/java-8-oracle/jre/lib/amd64/libjava.so
7f3b3a94b000-7f3b3ab4b000 ---p 0002a000 08:01 2107695                    /usr/lib/jvm/java-8-oracle/jre/lib/amd64/libjava.so
7f3b3ab4b000-7f3b3ab4d000 rw-p 0002a000 08:01 2107695                    /usr/lib/jvm/java-8-oracle/jre/lib/amd64/libjava.so
7f3b3ab4d000-7f3b3ab5a000 r-xp 00000000 08:01 2107656                    /usr/lib/jvm/java-8-oracle/jre/lib/amd64/libverify.so
7f3b3ab5a000-7f3b3ad5a000 ---p 0000d000 08:01 2107656                    /usr/lib/jvm/java-8-oracle/jre/lib/amd64/libverify.so
7f3b3ad5a000-7f3b3ad5c000 rw-p 0000d000 08:01 2107656                    /usr/lib/jvm/java-8-oracle/jre/lib/amd64/libverify.so
7f3b3ad5c000-7f3b3ad63000 r-xp 00000000 08:01 5771498                    /lib/x86_64-linux-gnu/librt-2.19.so
7f3b3ad63000-7f3b3af62000 ---p 00007000 08:01 5771498                    /lib/x86_64-linux-gnu/librt-2.19.so
7f3b3af62000-7f3b3af63000 r--p 00006000 08:01 5771498                    /lib/x86_64-linux-gnu/librt-2.19.so
7f3b3af63000-7f3b3af64000 rw-p 00007000 08:01 5771498                    /lib/x86_64-linux-gnu/librt-2.19.so
7f3b3af64000-7f3b3b069000 r-xp 00000000 08:01 5771420                    /lib/x86_64-linux-gnu/libm-2.19.so
7f3b3b069000-7f3b3b268000 ---p 00105000 08:01 5771420                    /lib/x86_64-linux-gnu/libm-2.19.so
7f3b3b268000-7f3b3b269000 r--p 00104000 08:01 5771420                    /lib/x86_64-linux-gnu/libm-2.19.so
7f3b3b269000-7f3b3b26a000 rw-p 00105000 08:01 5771420                    /lib/x86_64-linux-gnu/libm-2.19.so
7f3b3b26a000-7f3b3bf28000 r-xp 00000000 08:01 2107705                    /usr/lib/jvm/java-8-oracle/jre/lib/amd64/server/libjvm.so
7f3b3bf28000-7f3b3c127000 ---p 00cbe000 08:01 2107705                    /usr/lib/jvm/java-8-oracle/jre/lib/amd64/server/libjvm.so
7f3b3c127000-7f3b3c1ff000 rw-p 00cbd000 08:01 2107705                    /usr/lib/jvm/java-8-oracle/jre/lib/amd64/server/libjvm.so
7f3b3c1ff000-7f3b3c244000 rw-p 00000000 00:00 0 
7f3b3c244000-7f3b3c3ff000 r-xp 00000000 08:01 5771370                    /lib/x86_64-linux-gnu/libc-2.19.so
7f3b3c3ff000-7f3b3c5fe000 ---p 001bb000 08:01 5771370                    /lib/x86_64-linux-gnu/libc-2.19.so
7f3b3c5fe000-7f3b3c602000 r--p 001ba000 08:01 5771370                    /lib/x86_64-linux-gnu/libc-2.19.so
7f3b3c602000-7f3b3c604000 rw-p 001be000 08:01 5771370                    /lib/x86_64-linux-gnu/libc-2.19.so
7f3b3c604000-7f3b3c609000 rw-p 00000000 00:00 0 
7f3b3c609000-7f3b3c60c000 r-xp 00000000 08:01 5771387                    /lib/x86_64-linux-gnu/libdl-2.19.so
7f3b3c60c000-7f3b3c80b000 ---p 00003000 08:01 5771387                    /lib/x86_64-linux-gnu/libdl-2.19.so
7f3b3c80b000-7f3b3c80c000 r--p 00002000 08:01 5771387                    /lib/x86_64-linux-gnu/libdl-2.19.so
7f3b3c80c000-7f3b3c80d000 rw-p 00003000 08:01 5771387                    /lib/x86_64-linux-gnu/libdl-2.19.so
7f3b3c80d000-7f3b3c822000 r-xp 00000000 08:01 3039267                    /usr/lib/jvm/java-8-oracle/lib/amd64/jli/libjli.so
7f3b3c822000-7f3b3ca22000 ---p 00015000 08:01 3039267                    /usr/lib/jvm/java-8-oracle/lib/amd64/jli/libjli.so
7f3b3ca22000-7f3b3ca23000 rw-p 00015000 08:01 3039267                    /usr/lib/jvm/java-8-oracle/lib/amd64/jli/libjli.so
7f3b3ca23000-7f3b3ca3c000 r-xp 00000000 08:01 5771490                    /lib/x86_64-linux-gnu/libpthread-2.19.so
7f3b3ca3c000-7f3b3cc3b000 ---p 00019000 08:01 5771490                    /lib/x86_64-linux-gnu/libpthread-2.19.so
7f3b3cc3b000-7f3b3cc3c000 r--p 00018000 08:01 5771490                    /lib/x86_64-linux-gnu/libpthread-2.19.so
7f3b3cc3c000-7f3b3cc3d000 rw-p 00019000 08:01 5771490                    /lib/x86_64-linux-gnu/libpthread-2.19.so
7f3b3cc3d000-7f3b3cc41000 rw-p 00000000 00:00 0 
7f3b3cc41000-7f3b3cc64000 r-xp 00000000 08:01 5771346                    /lib/x86_64-linux-gnu/ld-2.19.so
7f3b3cc6c000-7f3b3cd45000 rw-p 00000000 00:00 0 
7f3b3cd45000-7f3b3cd48000 ---p 00000000 00:00 0 
7f3b3cd48000-7f3b3ce4a000 rw-p 00000000 00:00 0                          [stack:11395]
7f3b3ce4f000-7f3b3ce50000 rw-p 00000000 00:00 0 
7f3b3ce50000-7f3b3ce57000 r--s 00000000 08:01 1967077                    /usr/lib/x86_64-linux-gnu/gconv/gconv-modules.cache
7f3b3ce57000-7f3b3ce5f000 rw-s 00000000 08:01 6030633                    /tmp/hsperfdata_tomasz/11390
7f3b3ce5f000-7f3b3ce60000 rw-p 00000000 00:00 0 
7f3b3ce60000-7f3b3ce61000 ---p 00000000 00:00 0 
7f3b3ce61000-7f3b3ce63000 rw-p 00000000 00:00 0 
7f3b3ce63000-7f3b3ce64000 r--p 00022000 08:01 5771346                    /lib/x86_64-linux-gnu/ld-2.19.so
7f3b3ce64000-7f3b3ce65000 rw-p 00023000 08:01 5771346                    /lib/x86_64-linux-gnu/ld-2.19.so
7f3b3ce65000-7f3b3ce66000 rw-p 00000000 00:00 0 
7ffe0220e000-7ffe0222f000 rw-p 00000000 00:00 0                          [stack]
7ffe023f1000-7ffe023f3000 r--p 00000000 00:00 0                          [vvar]
7ffe023f3000-7ffe023f5000 r-xp 00000000 00:00 0                          [vdso]
ffffffffff600000-ffffffffff601000 r-xp 00000000 00:00 0                  [vsyscall]

VM Arguments:
jvm_args: -Xmx1024M -Dfile.encoding=UTF-8 -Duser.country=PL -Duser.language=pl -Duser.variant 
java_command: com.android.dx.command.Main --dex --num-threads=4 --multi-dex --main-dex-list /home/tomasz/AndroidStudioProjects/ITAssistant/app/build/intermediates/multi-dex/debug/maindexlist.txt --output /home/tomasz/AndroidStudioProjects/ITAssistant/app/build/intermediates/transforms/DEX/FULL_PROJECT/dex/debug /home/tomasz/AndroidStudioProjects/ITAssistant/app/build/intermediates/transforms/CLASSES/FULL_PROJECT/jarMerging/debug/classes.jar
java_class_path (initial): /home/tomasz/Android/Sdk/build-tools/23.0.1/lib/dx.jar
Launcher Type: SUN_STANDARD

Environment Variables:
PATH=/usr/local/sbin:/usr/local/bin:/usr/sbin:/usr/bin:/sbin:/bin:/usr/games:/usr/local/games
LD_LIBRARY_PATH=/opt/android-studio/bin:
SHELL=/bin/bash
DISPLAY=:0

Signal Handlers:
SIGSEGV: [libjvm.so+0xaba070], sa_mask[0]=11111111011111111101111111111110, sa_flags=SA_RESTART|SA_SIGINFO
SIGBUS: [libjvm.so+0xaba070], sa_mask[0]=11111111011111111101111111111110, sa_flags=SA_RESTART|SA_SIGINFO
SIGFPE: [libjvm.so+0x917630], sa_mask[0]=11111111011111111101111111111110, sa_flags=SA_RESTART|SA_SIGINFO
SIGPIPE: [libjvm.so+0x917630], sa_mask[0]=11111111011111111101111111111110, sa_flags=SA_RESTART|SA_SIGINFO
SIGXFSZ: [libjvm.so+0x917630], sa_mask[0]=11111111011111111101111111111110, sa_flags=SA_RESTART|SA_SIGINFO
SIGILL: [libjvm.so+0x917630], sa_mask[0]=11111111011111111101111111111110, sa_flags=SA_RESTART|SA_SIGINFO
SIGUSR1: SIG_DFL, sa_mask[0]=00000000000000000000000000000000, sa_flags=none
SIGUSR2: [libjvm.so+0x918c60], sa_mask[0]=00100000000000000000000000000000, sa_flags=SA_RESTART|SA_SIGINFO
SIGHUP: [libjvm.so+0x91a060], sa_mask[0]=11111111011111111101111111111110, sa_flags=SA_RESTART|SA_SIGINFO
SIGINT: [libjvm.so+0x91a060], sa_mask[0]=11111111011111111101111111111110, sa_flags=SA_RESTART|SA_SIGINFO
SIGTERM: [libjvm.so+0x91a060], sa_mask[0]=11111111011111111101111111111110, sa_flags=SA_RESTART|SA_SIGINFO
SIGQUIT: [libjvm.so+0x91a060], sa_mask[0]=11111111011111111101111111111110, sa_flags=SA_RESTART|SA_SIGINFO


---------------  S Y S T E M  ---------------

OS:DISTRIB_ID=Ubuntu
DISTRIB_RELEASE=14.04
DISTRIB_CODENAME=trusty
DISTRIB_DESCRIPTION="Ubuntu 14.04.3 LTS"

uname:Linux 3.19.0-25-generic #26~14.04.1-Ubuntu SMP Fri Jul 24 21:16:20 UTC 2015 x86_64
libc:glibc 2.19 NPTL 2.19 
rlimit: STACK 8192k, CORE 0k, NPROC 23202, NOFILE 4096, AS infinity
load average:2,49 0,93 0,67

/proc/meminfo:
MemTotal:        5961340 kB
MemFree:          114976 kB
MemAvailable:      71752 kB
Buffers:            1748 kB
Cached:           442380 kB
SwapCached:            0 kB
Active:          5256940 kB
Inactive:         400540 kB
Active(anon):    5238688 kB
Inactive(anon):   378392 kB
Active(file):      18252 kB
Inactive(file):    22148 kB
Unevictable:        1376 kB
Mlocked:            1376 kB
SwapTotal:             0 kB
SwapFree:              0 kB
Dirty:               520 kB
Writeback:             0 kB
AnonPages:       5215220 kB
Mapped:           171612 kB
Shmem:            403268 kB
Slab:              78968 kB
SReclaimable:      42080 kB
SUnreclaim:        36888 kB
KernelStack:       12464 kB
PageTables:        50944 kB
NFS_Unstable:          0 kB
Bounce:                0 kB
WritebackTmp:          0 kB
CommitLimit:     2980668 kB
Committed_AS:    9912312 kB
VmallocTotal:   34359738367 kB
VmallocUsed:      551940 kB
VmallocChunk:   34359176188 kB
HardwareCorrupted:     0 kB
AnonHugePages:   2627584 kB
CmaTotal:              0 kB
CmaFree:               0 kB
HugePages_Total:       0
HugePages_Free:        0
HugePages_Rsvd:        0
HugePages_Surp:        0
Hugepagesize:       2048 kB
DirectMap4k:      160000 kB
DirectMap2M:     5980160 kB


CPU:total 4 (2 cores per cpu, 2 threads per core) family 6 model 42 stepping 7, cmov, cx8, fxsr, mmx, sse, sse2, sse3, ssse3, sse4.1, sse4.2, popcnt, avx, aes, clmul, ht, tsc, tscinvbit

/proc/cpuinfo:
processor	: 0
vendor_id	: GenuineIntel
cpu family	: 6
model		: 42
model name	: Intel(R) Core(TM) i5-2450M CPU @ 2.50GHz
stepping	: 7
microcode	: 0x25
cpu MHz		: 2051.367
cache size	: 3072 KB
physical id	: 0
siblings	: 4
core id		: 0
cpu cores	: 2
apicid		: 0
initial apicid	: 0
fpu		: yes
fpu_exception	: yes
cpuid level	: 13
wp		: yes
flags		: fpu vme de pse tsc msr pae mce cx8 apic sep mtrr pge mca cmov pat pse36 clflush dts acpi mmx fxsr sse sse2 ss ht tm pbe syscall nx rdtscp lm constant_tsc arch_perfmon pebs bts rep_good nopl xtopology nonstop_tsc aperfmperf eagerfpu pni pclmulqdq dtes64 monitor ds_cpl vmx est tm2 ssse3 cx16 xtpr pdcm pcid sse4_1 sse4_2 x2apic popcnt tsc_deadline_timer aes xsave avx lahf_lm ida arat epb pln pts dtherm tpr_shadow vnmi flexpriority ept vpid xsaveopt
bugs		:
bogomips	: 4989.01
clflush size	: 64
cache_alignment	: 64
address sizes	: 36 bits physical, 48 bits virtual
power management:

processor	: 1
vendor_id	: GenuineIntel
cpu family	: 6
model		: 42
model name	: Intel(R) Core(TM) i5-2450M CPU @ 2.50GHz
stepping	: 7
microcode	: 0x25
cpu MHz		: 2763.769
cache size	: 3072 KB
physical id	: 0
siblings	: 4
core id		: 0
cpu cores	: 2
apicid		: 1
initial apicid	: 1
fpu		: yes
fpu_exception	: yes
cpuid level	: 13
wp		: yes
flags		: fpu vme de pse tsc msr pae mce cx8 apic sep mtrr pge mca cmov pat pse36 clflush dts acpi mmx fxsr sse sse2 ss ht tm pbe syscall nx rdtscp lm constant_tsc arch_perfmon pebs bts rep_good nopl xtopology nonstop_tsc aperfmperf eagerfpu pni pclmulqdq dtes64 monitor ds_cpl vmx est tm2 ssse3 cx16 xtpr pdcm pcid sse4_1 sse4_2 x2apic popcnt tsc_deadline_timer aes xsave avx lahf_lm ida arat epb pln pts dtherm tpr_shadow vnmi flexpriority ept vpid xsaveopt
bugs		:
bogomips	: 4989.01
clflush size	: 64
cache_alignment	: 64
address sizes	: 36 bits physical, 48 bits virtual
power management:

processor	: 2
vendor_id	: GenuineIntel
cpu family	: 6
model		: 42
model name	: Intel(R) Core(TM) i5-2450M CPU @ 2.50GHz
stepping	: 7
microcode	: 0x25
cpu MHz		: 2899.902
cache size	: 3072 KB
physical id	: 0
siblings	: 4
core id		: 1
cpu cores	: 2
apicid		: 2
initial apicid	: 2
fpu		: yes
fpu_exception	: yes
cpuid level	: 13
wp		: yes
flags		: fpu vme de pse tsc msr pae mce cx8 apic sep mtrr pge mca cmov pat pse36 clflush dts acpi mmx fxsr sse sse2 ss ht tm pbe syscall nx rdtscp lm constant_tsc arch_perfmon pebs bts rep_good nopl xtopology nonstop_tsc aperfmperf eagerfpu pni pclmulqdq dtes64 monitor ds_cpl vmx est tm2 ssse3 cx16 xtpr pdcm pcid sse4_1 sse4_2 x2apic popcnt tsc_deadline_timer aes xsave avx lahf_lm ida arat epb pln pts dtherm tpr_shadow vnmi flexpriority ept vpid xsaveopt
bugs		:
bogomips	: 4989.01
clflush size	: 64
cache_alignment	: 64
address sizes	: 36 bits physical, 48 bits virtual
power management:

processor	: 3
vendor_id	: GenuineIntel
cpu family	: 6
model		: 42
model name	: Intel(R) Core(TM) i5-2450M CPU @ 2.50GHz
stepping	: 7
microcode	: 0x25
cpu MHz		: 1054.199
cache size	: 3072 KB
physical id	: 0
siblings	: 4
core id		: 1
cpu cores	: 2
apicid		: 3
initial apicid	: 3
fpu		: yes
fpu_exception	: yes
cpuid level	: 13
wp		: yes
flags		: fpu vme de pse tsc msr pae mce cx8 apic sep mtrr pge mca cmov pat pse36 clflush dts acpi mmx fxsr sse sse2 ss ht tm pbe syscall nx rdtscp lm constant_tsc arch_perfmon pebs bts rep_good nopl xtopology nonstop_tsc aperfmperf eagerfpu pni pclmulqdq dtes64 monitor ds_cpl vmx est tm2 ssse3 cx16 xtpr pdcm pcid sse4_1 sse4_2 x2apic popcnt tsc_deadline_timer aes xsave avx lahf_lm ida arat epb pln pts dtherm tpr_shadow vnmi flexpriority ept vpid xsaveopt
bugs		:
bogomips	: 4989.01
clflush size	: 64
cache_alignment	: 64
address sizes	: 36 bits physical, 48 bits virtual
power management:



Memory: 4k page, physical 5961340k(114976k free), swap 0k(0k free)

vm_info: Java HotSpot(TM) 64-Bit Server VM (25.60-b23) for linux-amd64 JRE (1.8.0_60-b27), built on Aug  4 2015 12:19:40 by "java_re" with gcc 4.3.0 20080428 (Red Hat 4.3.0-8)

time: Wed Oct 14 22:37:35 2015
elapsed time: 26 seconds (0d 0h 0m 26s)

