#
# There is insufficient memory for the Java Runtime Environment to continue.
# Native memory allocation (mmap) failed to map 258473984 bytes for committing reserved memory.
# Possible reasons:
#   The system is out of physical RAM or swap space
#   In 32 bit mode, the process size limit was hit
# Possible solutions:
#   Reduce memory load on the system
#   Increase physical memory or swap space
#   Check if swap backing store is full
#   Use 64 bit Java on a 64 bit OS
#   Decrease Java heap size (-Xmx/-Xms)
#   Decrease number of Java threads
#   Decrease Java thread stack sizes (-Xss)
#   Set larger code cache with -XX:ReservedCodeCacheSize=
# This output file may be truncated or incomplete.
#
#  Out of Memory Error (os_linux.cpp:2627), pid=20074, tid=139650445936384
#
# JRE version: Java(TM) SE Runtime Environment (8.0_66-b17) (build 1.8.0_66-b17)
# Java VM: Java HotSpot(TM) 64-Bit Server VM (25.66-b17 mixed mode linux-amd64 compressed oops)
# Failed to write core dump. Core dumps have been disabled. To enable core dumping, try "ulimit -c unlimited" before starting Java again
#

---------------  T H R E A D  ---------------

Current thread (0x00007f0308078000):  VMThread [stack: 0x00007f02e7290000,0x00007f02e7391000] [id=20083]

Stack: [0x00007f02e7290000,0x00007f02e7391000],  sp=0x00007f02e738f060,  free space=1020k
Native frames: (J=compiled Java code, j=interpreted, Vv=VM code, C=native code)
V  [libjvm.so+0xab9a1a]  VMError::report_and_die()+0x2ba
V  [libjvm.so+0x4f9e0b]  report_vm_out_of_memory(char const*, int, unsigned long, VMErrorType, char const*)+0x8b
V  [libjvm.so+0x91a8a3]  os::Linux::commit_memory_impl(char*, unsigned long, bool)+0x103
V  [libjvm.so+0x91adf9]  os::pd_commit_memory(char*, unsigned long, unsigned long, bool)+0x29
V  [libjvm.so+0x91510a]  os::commit_memory(char*, unsigned long, unsigned long, bool)+0x2a
V  [libjvm.so+0x9887a3]  PSVirtualSpace::expand_by(unsigned long)+0x53
V  [libjvm.so+0x979090]  PSOldGen::expand(unsigned long)+0x170
V  [libjvm.so+0x97929b]  PSOldGen::resize(unsigned long)+0x1cb
V  [libjvm.so+0x980f71]  PSParallelCompact::invoke_no_policy(bool)+0x991
V  [libjvm.so+0x9868cd]  PSScavenge::invoke()+0x1ad
V  [libjvm.so+0x93e500]  ParallelScavengeHeap::failed_mem_allocate(unsigned long)+0x70
V  [libjvm.so+0xabb437]  VM_ParallelGCFailedAllocation::doit()+0x97
V  [libjvm.so+0xac2e65]  VM_Operation::evaluate()+0x55
V  [libjvm.so+0xac123a]  VMThread::evaluate_operation(VM_Operation*)+0xba
V  [libjvm.so+0xac15be]  VMThread::loop()+0x1ce
V  [libjvm.so+0xac1a30]  VMThread::run()+0x70
V  [libjvm.so+0x91cc68]  java_start(Thread*)+0x108

VM_Operation (0x00007f02e5fa3db0): ParallelGCFailedAllocation, mode: safepoint, requested by thread 0x00007f03081d0000


---------------  P R O C E S S  ---------------

Java Threads: ( => current thread )
  0x00007f03081d3800 JavaThread "pool-2-thread-4" [_thread_blocked, id=20096, stack(0x00007f02e5ca3000,0x00007f02e5da4000)]
  0x00007f03081d1800 JavaThread "pool-2-thread-3" [_thread_blocked, id=20095, stack(0x00007f02e5da4000,0x00007f02e5ea5000)]
  0x00007f03081d0000 JavaThread "pool-2-thread-2" [_thread_blocked, id=20094, stack(0x00007f02e5ea5000,0x00007f02e5fa6000)]
  0x00007f03081cf000 JavaThread "pool-3-thread-1" [_thread_blocked, id=20093, stack(0x00007f02e5fa6000,0x00007f02e60a7000)]
  0x00007f03081cc800 JavaThread "pool-2-thread-1" [_thread_blocked, id=20092, stack(0x00007f02e60a7000,0x00007f02e61a8000)]
  0x00007f03080ca800 JavaThread "Service Thread" daemon [_thread_blocked, id=20090, stack(0x00007f02e6376000,0x00007f02e6477000)]
  0x00007f03080bd800 JavaThread "C1 CompilerThread2" daemon [_thread_blocked, id=20089, stack(0x00007f02e6477000,0x00007f02e6578000)]
  0x00007f03080bb800 JavaThread "C2 CompilerThread1" daemon [_thread_blocked, id=20088, stack(0x00007f02e6578000,0x00007f02e6679000)]
  0x00007f03080b8800 JavaThread "C2 CompilerThread0" daemon [_thread_blocked, id=20087, stack(0x00007f02e6679000,0x00007f02e677a000)]
  0x00007f03080b7800 JavaThread "Signal Dispatcher" daemon [_thread_blocked, id=20086, stack(0x00007f02e677a000,0x00007f02e687b000)]
  0x00007f030807f000 JavaThread "Finalizer" daemon [_thread_blocked, id=20085, stack(0x00007f02e708e000,0x00007f02e718f000)]
  0x00007f030807d000 JavaThread "Reference Handler" daemon [_thread_blocked, id=20084, stack(0x00007f02e718f000,0x00007f02e7290000)]
  0x00007f030800a000 JavaThread "main" [_thread_blocked, id=20078, stack(0x00007f030feb9000,0x00007f030ffba000)]

Other Threads:
=>0x00007f0308078000 VMThread [stack: 0x00007f02e7290000,0x00007f02e7391000] [id=20083]
  0x00007f03080cd800 WatcherThread [stack: 0x00007f02e6275000,0x00007f02e6376000] [id=20091]

VM state:at safepoint (normal execution)

VM Mutex/Monitor currently owned by a thread:  ([mutex/lock_event])
[0x00007f0308005ef0] ExpandHeap_lock - owner thread: 0x00007f0308078000
[0x00007f0308006570] Threads_lock - owner thread: 0x00007f0308078000
[0x00007f0308006a70] Heap_lock - owner thread: 0x00007f03081d0000

Heap:
 PSYoungGen      total 465920K, used 106824K [0x00000000d5580000, 0x0000000100000000, 0x0000000100000000)
  eden space 232960K, 0% used [0x00000000d5580000,0x00000000d5580000,0x00000000e3900000)
  from space 232960K, 45% used [0x00000000e3900000,0x00000000ea1522e8,0x00000000f1c80000)
  to   space 232960K, 0% used [0x00000000f1c80000,0x00000000f1c80000,0x0000000100000000)
 ParOldGen       total 551424K, used 551187K [0x0000000080000000, 0x00000000a1a80000, 0x00000000d5580000)
  object space 551424K, 99% used [0x0000000080000000,0x00000000a1a44c30,0x00000000a1a80000)
 Metaspace       used 6599K, capacity 7320K, committed 7680K, reserved 1056768K
  class space    used 616K, capacity 656K, committed 768K, reserved 1048576K

Card table byte_map: [0x00007f030c885000,0x00007f030cc86000] byte_map_base: 0x00007f030c485000

Marking Bits: (ParMarkBitMap*) 0x00007f030f395020
 Begin Bits: [0x00007f02f5000000, 0x00007f02f7000000)
 End Bits:   [0x00007f02f7000000, 0x00007f02f9000000)

Polling page: 0x00007f030ffdc000

CodeCache: size=245760Kb used=14641Kb max_used=14679Kb free=231118Kb
 bounds [0x00007f02f9000000, 0x00007f02f9e80000, 0x00007f0308000000]
 total_blobs=3026 nmethods=2757 adapters=182
 compilation: enabled

Compilation events (10 events):
Event: 22,273 Thread 0x00007f03080bd800 2994       2       com.android.dx.util.FixedSizeList::equals (41 bytes)
Event: 22,275 Thread 0x00007f03080bd800 nmethod 2994 0x00007f02f9166f90 code [0x00007f02f9167100, 0x00007f02f9167308]
Event: 22,280 Thread 0x00007f03080bd800 2995 %     3       com.android.dx.ssa.back.FirstFitLocalCombiningAllocator::findNextUnreservedRopReg @ 14 (68 bytes)
Event: 22,281 Thread 0x00007f03080bd800 nmethod 2995% 0x00007f02f9138dd0 code [0x00007f02f9138f80, 0x00007f02f9139528]
Event: 22,293 Thread 0x00007f03080bd800 2997       1       com.android.dx.rop.code.Rop::getResult (5 bytes)
Event: 22,294 Thread 0x00007f03080bd800 nmethod 2997 0x00007f02f911b110 code [0x00007f02f911b260, 0x00007f02f911b370]
Event: 22,301 Thread 0x00007f03080bd800 2998       3       com.android.dx.ssa.back.FirstFitLocalCombiningAllocator::findNextUnreservedRopReg (68 bytes)
Event: 22,302 Thread 0x00007f03080bd800 nmethod 2998 0x00007f02f916e490 code [0x00007f02f916e640, 0x00007f02f916eb28]
Event: 22,305 Thread 0x00007f03080bd800 2999       2       com.android.dx.dex.code.OddSpacer::<init> (9 bytes)
Event: 22,305 Thread 0x00007f03080bd800 nmethod 2999 0x00007f02f916e010 code [0x00007f02f916e180, 0x00007f02f916e308]

GC Heap History (10 events):
Event: 18,240 GC heap after
Heap after GC invocations=19 (full 4):
 PSYoungGen      total 480768K, used 113558K [0x00000000d5580000, 0x0000000100000000, 0x0000000100000000)
  eden space 367104K, 0% used [0x00000000d5580000,0x00000000d5580000,0x00000000ebc00000)
  from space 113664K, 99% used [0x00000000ebc00000,0x00000000f2ae5bf8,0x00000000f2b00000)
  to   space 175104K, 0% used [0x00000000f5500000,0x00000000f5500000,0x0000000100000000)
 ParOldGen       total 551424K, used 359356K [0x0000000080000000, 0x00000000a1a80000, 0x00000000d5580000)
  object space 551424K, 65% used [0x0000000080000000,0x0000000095eef3a8,0x00000000a1a80000)
 Metaspace       used 6596K, capacity 7320K, committed 7680K, reserved 1056768K
  class space    used 616K, capacity 656K, committed 768K, reserved 1048576K
}
Event: 19,206 GC heap before
{Heap before GC invocations=20 (full 4):
 PSYoungGen      total 480768K, used 480662K [0x00000000d5580000, 0x0000000100000000, 0x0000000100000000)
  eden space 367104K, 100% used [0x00000000d5580000,0x00000000ebc00000,0x00000000ebc00000)
  from space 113664K, 99% used [0x00000000ebc00000,0x00000000f2ae5bf8,0x00000000f2b00000)
  to   space 175104K, 0% used [0x00000000f5500000,0x00000000f5500000,0x0000000100000000)
 ParOldGen       total 551424K, used 359356K [0x0000000080000000, 0x00000000a1a80000, 0x00000000d5580000)
  object space 551424K, 65% used [0x0000000080000000,0x0000000095eef3a8,0x00000000a1a80000)
 Metaspace       used 6598K, capacity 7320K, committed 7680K, reserved 1056768K
  class space    used 616K, capacity 656K, committed 768K, reserved 1048576K
Event: 19,412 GC heap after
Heap after GC invocations=20 (full 4):
 PSYoungGen      total 467456K, used 170423K [0x00000000d5580000, 0x0000000100000000, 0x0000000100000000)
  eden space 292352K, 0% used [0x00000000d5580000,0x00000000d5580000,0x00000000e7300000)
  from space 175104K, 97% used [0x00000000f5500000,0x00000000ffb6dd60,0x0000000100000000)
  to   space 203264K, 0% used [0x00000000e7300000,0x00000000e7300000,0x00000000f3980000)
 ParOldGen       total 551424K, used 359356K [0x0000000080000000, 0x00000000a1a80000, 0x00000000d5580000)
  object space 551424K, 65% used [0x0000000080000000,0x0000000095eef3a8,0x00000000a1a80000)
 Metaspace       used 6598K, capacity 7320K, committed 7680K, reserved 1056768K
  class space    used 616K, capacity 656K, committed 768K, reserved 1048576K
}
Event: 20,209 GC heap before
{Heap before GC invocations=21 (full 4):
 PSYoungGen      total 467456K, used 462775K [0x00000000d5580000, 0x0000000100000000, 0x0000000100000000)
  eden space 292352K, 100% used [0x00000000d5580000,0x00000000e7300000,0x00000000e7300000)
  from space 175104K, 97% used [0x00000000f5500000,0x00000000ffb6dd60,0x0000000100000000)
  to   space 203264K, 0% used [0x00000000e7300000,0x00000000e7300000,0x00000000f3980000)
 ParOldGen       total 551424K, used 359356K [0x0000000080000000, 0x00000000a1a80000, 0x00000000d5580000)
  object space 551424K, 65% used [0x0000000080000000,0x0000000095eef3a8,0x00000000a1a80000)
 Metaspace       used 6598K, capacity 7320K, committed 7680K, reserved 1056768K
  class space    used 616K, capacity 656K, committed 768K, reserved 1048576K
Event: 20,441 GC heap after
Heap after GC invocations=21 (full 4):
 PSYoungGen      total 495616K, used 203234K [0x00000000d5580000, 0x0000000100000000, 0x0000000100000000)
  eden space 292352K, 0% used [0x00000000d5580000,0x00000000d5580000,0x00000000e7300000)
  from space 203264K, 99% used [0x00000000e7300000,0x00000000f3978af0,0x00000000f3980000)
  to   space 203264K, 0% used [0x00000000f3980000,0x00000000f3980000,0x0000000100000000)
 ParOldGen       total 551424K, used 372908K [0x0000000080000000, 0x00000000a1a80000, 0x00000000d5580000)
  object space 551424K, 67% used [0x0000000080000000,0x0000000096c2b0f0,0x00000000a1a80000)
 Metaspace       used 6598K, capacity 7320K, committed 7680K, reserved 1056768K
  class space    used 616K, capacity 656K, committed 768K, reserved 1048576K
}
Event: 21,236 GC heap before
{Heap before GC invocations=22 (full 4):
 PSYoungGen      total 495616K, used 495586K [0x00000000d5580000, 0x0000000100000000, 0x0000000100000000)
  eden space 292352K, 100% used [0x00000000d5580000,0x00000000e7300000,0x00000000e7300000)
  from space 203264K, 99% used [0x00000000e7300000,0x00000000f3978af0,0x00000000f3980000)
  to   space 203264K, 0% used [0x00000000f3980000,0x00000000f3980000,0x0000000100000000)
 ParOldGen       total 551424K, used 372908K [0x0000000080000000, 0x00000000a1a80000, 0x00000000d5580000)
  object space 551424K, 67% used [0x0000000080000000,0x0000000096c2b0f0,0x00000000a1a80000)
 Metaspace       used 6599K, capacity 7320K, committed 7680K, reserved 1056768K
  class space    used 616K, capacity 656K, committed 768K, reserved 1048576K
Event: 21,715 GC heap after
Heap after GC invocations=22 (full 4):
 PSYoungGen      total 436224K, used 203246K [0x00000000d5580000, 0x0000000100000000, 0x0000000100000000)
  eden space 232960K, 0% used [0x00000000d5580000,0x00000000d5580000,0x00000000e3900000)
  from space 203264K, 99% used [0x00000000f3980000,0x00000000ffffba00,0x0000000100000000)
  to   space 232960K, 0% used [0x00000000e3900000,0x00000000e3900000,0x00000000f1c80000)
 ParOldGen       total 551424K, used 422349K [0x0000000080000000, 0x00000000a1a80000, 0x00000000d5580000)
  object space 551424K, 76% used [0x0000000080000000,0x0000000099c73588,0x00000000a1a80000)
 Metaspace       used 6599K, capacity 7320K, committed 7680K, reserved 1056768K
  class space    used 616K, capacity 656K, committed 768K, reserved 1048576K
}
Event: 22,333 GC heap before
{Heap before GC invocations=23 (full 4):
 PSYoungGen      total 436224K, used 436206K [0x00000000d5580000, 0x0000000100000000, 0x0000000100000000)
  eden space 232960K, 100% used [0x00000000d5580000,0x00000000e3900000,0x00000000e3900000)
  from space 203264K, 99% used [0x00000000f3980000,0x00000000ffffba00,0x0000000100000000)
  to   space 232960K, 0% used [0x00000000e3900000,0x00000000e3900000,0x00000000f1c80000)
 ParOldGen       total 551424K, used 422349K [0x0000000080000000, 0x00000000a1a80000, 0x00000000d5580000)
  object space 551424K, 76% used [0x0000000080000000,0x0000000099c73588,0x00000000a1a80000)
 Metaspace       used 6599K, capacity 7320K, committed 7680K, reserved 1056768K
  class space    used 616K, capacity 656K, committed 768K, reserved 1048576K
Event: 22,834 GC heap after
Heap after GC invocations=23 (full 4):
 PSYoungGen      total 465920K, used 132860K [0x00000000d5580000, 0x0000000100000000, 0x0000000100000000)
  eden space 232960K, 0% used [0x00000000d5580000,0x00000000d5580000,0x00000000e3900000)
  from space 232960K, 57% used [0x00000000e3900000,0x00000000ebabf1c0,0x00000000f1c80000)
  to   space 232960K, 0% used [0x00000000f1c80000,0x00000000f1c80000,0x0000000100000000)
 ParOldGen       total 551424K, used 532265K [0x0000000080000000, 0x00000000a1a80000, 0x00000000d5580000)
  object space 551424K, 96% used [0x0000000080000000,0x00000000a07ca4e8,0x00000000a1a80000)
 Metaspace       used 6599K, capacity 7320K, committed 7680K, reserved 1056768K
  class space    used 616K, capacity 656K, committed 768K, reserved 1048576K
}
Event: 22,841 GC heap before
{Heap before GC invocations=24 (full 5):
 PSYoungGen      total 465920K, used 132860K [0x00000000d5580000, 0x0000000100000000, 0x0000000100000000)
  eden space 232960K, 0% used [0x00000000d5580000,0x00000000d5580000,0x00000000e3900000)
  from space 232960K, 57% used [0x00000000e3900000,0x00000000ebabf1c0,0x00000000f1c80000)
  to   space 232960K, 0% used [0x00000000f1c80000,0x00000000f1c80000,0x0000000100000000)
 ParOldGen       total 551424K, used 532265K [0x0000000080000000, 0x00000000a1a80000, 0x00000000d5580000)
  object space 551424K, 96% used [0x0000000080000000,0x00000000a07ca4e8,0x00000000a1a80000)
 Metaspace       used 6599K, capacity 7320K, committed 7680K, reserved 1056768K
  class space    used 616K, capacity 656K, committed 768K, reserved 1048576K

Deoptimization events (10 events):
Event: 20,957 Thread 0x00007f03081d3800 Uncommon trap: reason=bimorphic action=maybe_recompile pc=0x00007f02f9de72e0 method=com.android.dx.cf.code.BytecodeArray.parseInstruction(ILcom/android/dx/cf/code/BytecodeArray$Visitor;)I @ 1327
Event: 20,969 Thread 0x00007f03081d0000 Uncommon trap: reason=unstable_if action=reinterpret pc=0x00007f02f9167d20 method=com.android.dx.cf.code.Ropper.labelToResultIndex(I)I @ 34
Event: 21,743 Thread 0x00007f03081d3800 Uncommon trap: reason=null_check action=make_not_entrant pc=0x00007f02f9e3b2f0 method=com.android.dx.dex.file.MethodIdsSection.intern(Lcom/android/dx/rop/cst/CstBaseMethodRef;)Lcom/android/dx/dex/file/MethodIdItem; @ 26
Event: 21,747 Thread 0x00007f030800a000 Uncommon trap: reason=null_check action=make_not_entrant pc=0x00007f02f9e3b2f0 method=com.android.dx.dex.file.MethodIdsSection.intern(Lcom/android/dx/rop/cst/CstBaseMethodRef;)Lcom/android/dx/dex/file/MethodIdItem; @ 26
Event: 21,754 Thread 0x00007f030800a000 Uncommon trap: reason=bimorphic action=maybe_recompile pc=0x00007f02f9d36efc method=com.android.dx.ssa.back.FirstFitLocalCombiningAllocator.findNextUnreservedRopReg(IILcom/android/dx/ssa/back/FirstFitLocalCombiningAllocator$Alignment;)I @ 60
Event: 21,770 Thread 0x00007f03081d3800 Uncommon trap: reason=null_check action=make_not_entrant pc=0x00007f02f9e09318 method=com.android.dx.dex.file.MethodIdsSection.intern(Lcom/android/dx/rop/cst/CstBaseMethodRef;)Lcom/android/dx/dex/file/MethodIdItem; @ 26
Event: 22,155 Thread 0x00007f03081d0000 Uncommon trap: reason=bimorphic action=maybe_recompile pc=0x00007f02f9d36efc method=com.android.dx.ssa.back.FirstFitLocalCombiningAllocator.findNextUnreservedRopReg(IILcom/android/dx/ssa/back/FirstFitLocalCombiningAllocator$Alignment;)I @ 60
Event: 22,218 Thread 0x00007f03081d1800 Uncommon trap: reason=unstable_if action=reinterpret pc=0x00007f02f94d8cd8 method=com.android.dx.rop.code.RegisterSpec.equals(ILcom/android/dx/rop/type/TypeBearer;Lcom/android/dx/rop/code/LocalItem;)Z @ 31
Event: 22,218 Thread 0x00007f03081d1800 Uncommon trap: reason=unstable_if action=reinterpret pc=0x00007f02f9442b94 method=com.android.dx.rop.code.RegisterSpec.equals(ILcom/android/dx/rop/type/TypeBearer;Lcom/android/dx/rop/code/LocalItem;)Z @ 31
Event: 22,241 Thread 0x00007f03081cc800 Uncommon trap: reason=bimorphic action=maybe_recompile pc=0x00007f02f9d36efc method=com.android.dx.ssa.back.FirstFitLocalCombiningAllocator.findNextUnreservedRopReg(IILcom/android/dx/ssa/back/FirstFitLocalCombiningAllocator$Alignment;)I @ 60

Internal exceptions (10 events):
Event: 0,975 Thread 0x00007f03081cc800 Implicit null exception at 0x00007f02f935e7c4 to 0x00007f02f9360ecd
Event: 1,456 Thread 0x00007f03081d1800 Exception <a 'java/lang/ArrayIndexOutOfBoundsException': 18> (0x00000000d91d0d98) thrown at [/HUDSON/workspace/8-2-build-linux-amd64/jdk8u66/4988/hotspot/src/share/vm/interpreter/interpreterRuntime.cpp, line 366]
Event: 1,456 Thread 0x00007f03081d1800 Exception <a 'java/lang/ArrayIndexOutOfBoundsException': 145> (0x00000000d91d2918) thrown at [/HUDSON/workspace/8-2-build-linux-amd64/jdk8u66/4988/hotspot/src/share/vm/interpreter/interpreterRuntime.cpp, line 366]
Event: 1,457 Thread 0x00007f03081d1800 Exception <a 'java/lang/ArrayIndexOutOfBoundsException': 40> (0x00000000d91d3c00) thrown at [/HUDSON/workspace/8-2-build-linux-amd64/jdk8u66/4988/hotspot/src/share/vm/interpreter/interpreterRuntime.cpp, line 366]
Event: 5,063 Thread 0x00007f03081d0000 Implicit null exception at 0x00007f02f9898cad to 0x00007f02f989e1c1
Event: 5,063 Thread 0x00007f03081d0000 Implicit null exception at 0x00007f02f9443678 to 0x00007f02f94438f9
Event: 11,149 Thread 0x00007f03081d1800 Implicit null exception at 0x00007f02f973d975 to 0x00007f02f9740875
Event: 19,729 Thread 0x00007f03081d0000 Implicit null exception at 0x00007f02f9d290df to 0x00007f02f9d292bc
Event: 22,218 Thread 0x00007f03081d1800 Implicit null exception at 0x00007f02f94d8913 to 0x00007f02f94d8cad
Event: 22,218 Thread 0x00007f03081d1800 Implicit null exception at 0x00007f02f9442817 to 0x00007f02f9442b49

Events (10 events):
Event: 22,218 Thread 0x00007f03081d1800 DEOPT UNPACKING pc=0x00007f02f9005229 sp=0x00007f02e5ea2e48 mode 2
Event: 22,218 Thread 0x00007f03081d1800 Uncommon trap: trap_request=0xffffff65 fr.pc=0x00007f02f9442b94
Event: 22,218 Thread 0x00007f03081d1800 DEOPT PACKING pc=0x00007f02f9442b94 sp=0x00007f02e5ea2f40
Event: 22,218 Thread 0x00007f03081d1800 DEOPT UNPACKING pc=0x00007f02f9005229 sp=0x00007f02e5ea2e30 mode 2
Event: 22,241 Thread 0x00007f03081cc800 Uncommon trap: trap_request=0xffffffc6 fr.pc=0x00007f02f9d36efc
Event: 22,241 Thread 0x00007f03081cc800 DEOPT PACKING pc=0x00007f02f9d36efc sp=0x00007f02e61a5d60
Event: 22,241 Thread 0x00007f03081cc800 DEOPT UNPACKING pc=0x00007f02f9005229 sp=0x00007f02e61a5c80 mode 2
Event: 22,301 Thread 0x00007f03081d0000 DEOPT PACKING pc=0x00007f02f93cca6b sp=0x00007f02e5fa3c90
Event: 22,301 Thread 0x00007f03081d0000 DEOPT UNPACKING pc=0x00007f02f9047633 sp=0x00007f02e5fa39d0 mode 0
Event: 22,330 Executing VM operation: ParallelGCFailedAllocation


Dynamic libraries:
00400000-00401000 r-xp 00000000 08:01 4591374                            /usr/lib/jvm/java-8-oracle/bin/java
00600000-00601000 rw-p 00000000 08:01 4591374                            /usr/lib/jvm/java-8-oracle/bin/java
017c2000-017e3000 rw-p 00000000 00:00 0                                  [heap]
80000000-a1a80000 rw-p 00000000 00:00 0 
b1100000-d5580000 ---p 00000000 00:00 0 
d5580000-100000000 rw-p 00000000 00:00 0 
100000000-1000c0000 rw-p 00000000 00:00 0 
1000c0000-140000000 ---p 00000000 00:00 0 
7f02a4000000-7f02a4030000 rw-p 00000000 00:00 0 
7f02a4030000-7f02a8000000 ---p 00000000 00:00 0 
7f02ac000000-7f02ac022000 rw-p 00000000 00:00 0 
7f02ac022000-7f02b0000000 ---p 00000000 00:00 0 
7f02b0000000-7f02b0051000 rw-p 00000000 00:00 0 
7f02b0051000-7f02b4000000 ---p 00000000 00:00 0 
7f02b4000000-7f02b4028000 rw-p 00000000 00:00 0 
7f02b4028000-7f02b8000000 ---p 00000000 00:00 0 
7f02b8000000-7f02b8021000 rw-p 00000000 00:00 0 
7f02b8021000-7f02bc000000 ---p 00000000 00:00 0 
7f02bc000000-7f02bc021000 rw-p 00000000 00:00 0 
7f02bc021000-7f02c0000000 ---p 00000000 00:00 0 
7f02c0000000-7f02c0021000 rw-p 00000000 00:00 0 
7f02c0021000-7f02c4000000 ---p 00000000 00:00 0 
7f02c4000000-7f02c598f000 rw-p 00000000 00:00 0 
7f02c598f000-7f02c8000000 ---p 00000000 00:00 0 
7f02c8000000-7f02c8a94000 rw-p 00000000 00:00 0 
7f02c8a94000-7f02cc000000 ---p 00000000 00:00 0 
7f02cc000000-7f02cc021000 rw-p 00000000 00:00 0 
7f02cc021000-7f02d0000000 ---p 00000000 00:00 0 
7f02d0000000-7f02d1583000 rw-p 00000000 00:00 0 
7f02d1583000-7f02d4000000 ---p 00000000 00:00 0 
7f02d4000000-7f02d4021000 rw-p 00000000 00:00 0 
7f02d4021000-7f02d8000000 ---p 00000000 00:00 0 
7f02d8000000-7f02d8021000 rw-p 00000000 00:00 0 
7f02d8021000-7f02dc000000 ---p 00000000 00:00 0 
7f02dc000000-7f02dc28f000 rw-p 00000000 00:00 0 
7f02dc28f000-7f02e0000000 ---p 00000000 00:00 0 
7f02e0000000-7f02e0021000 rw-p 00000000 00:00 0 
7f02e0021000-7f02e4000000 ---p 00000000 00:00 0 
7f02e5c7e000-7f02e5ca3000 r--p 00000000 08:01 2361987                    /usr/share/locale-langpack/pl/LC_MESSAGES/libc.mo
7f02e5ca3000-7f02e5ca6000 ---p 00000000 00:00 0 
7f02e5ca6000-7f02e5da4000 rw-p 00000000 00:00 0                          [stack:20096]
7f02e5da4000-7f02e5da7000 ---p 00000000 00:00 0 
7f02e5da7000-7f02e5ea5000 rw-p 00000000 00:00 0                          [stack:20095]
7f02e5ea5000-7f02e5ea8000 ---p 00000000 00:00 0 
7f02e5ea8000-7f02e5fa6000 rw-p 00000000 00:00 0                          [stack:20094]
7f02e5fa6000-7f02e5fa9000 ---p 00000000 00:00 0 
7f02e5fa9000-7f02e60a7000 rw-p 00000000 00:00 0                          [stack:20093]
7f02e60a7000-7f02e60aa000 ---p 00000000 00:00 0 
7f02e60aa000-7f02e61a8000 rw-p 00000000 00:00 0                          [stack:20092]
7f02e61a8000-7f02e6275000 r--s 00ae6000 08:01 7215640                    /home/tomasz/AndroidStudioProjects/ITAssistant/app/build/intermediates/transforms/jarMerging/debug/jars/1/1f/combined.jar
7f02e6275000-7f02e6276000 ---p 00000000 00:00 0 
7f02e6276000-7f02e6376000 rw-p 00000000 00:00 0                          [stack:20091]
7f02e6376000-7f02e6379000 ---p 00000000 00:00 0 
7f02e6379000-7f02e6477000 rw-p 00000000 00:00 0                          [stack:20090]
7f02e6477000-7f02e647a000 ---p 00000000 00:00 0 
7f02e647a000-7f02e6578000 rw-p 00000000 00:00 0                          [stack:20089]
7f02e6578000-7f02e657b000 ---p 00000000 00:00 0 
7f02e657b000-7f02e6679000 rw-p 00000000 00:00 0                          [stack:20088]
7f02e6679000-7f02e667c000 ---p 00000000 00:00 0 
7f02e667c000-7f02e677a000 rw-p 00000000 00:00 0                          [stack:20087]
7f02e677a000-7f02e677d000 ---p 00000000 00:00 0 
7f02e677d000-7f02e687b000 rw-p 00000000 00:00 0                          [stack:20086]
7f02e687b000-7f02e708e000 r--p 00000000 08:01 1579663                    /usr/lib/locale/locale-archive
7f02e708e000-7f02e7091000 ---p 00000000 00:00 0 
7f02e7091000-7f02e718f000 rw-p 00000000 00:00 0                          [stack:20085]
7f02e718f000-7f02e7192000 ---p 00000000 00:00 0 
7f02e7192000-7f02e7290000 rw-p 00000000 00:00 0                          [stack:20084]
7f02e7290000-7f02e7291000 ---p 00000000 00:00 0 
7f02e7291000-7f02e8000000 rw-p 00000000 00:00 0                          [stack:20083]
7f02e8000000-7f02e8021000 rw-p 00000000 00:00 0 
7f02e8021000-7f02ec000000 ---p 00000000 00:00 0 
7f02ec000000-7f02ec021000 rw-p 00000000 00:00 0 
7f02ec021000-7f02f0000000 ---p 00000000 00:00 0 
7f02f0000000-7f02f0021000 rw-p 00000000 00:00 0 
7f02f0021000-7f02f4000000 ---p 00000000 00:00 0 
7f02f4004000-7f02f4227000 rw-p 00000000 00:00 0 
7f02f4227000-7f02f4400000 r--s 03d20000 08:01 4069182                    /usr/lib/jvm/java-8-oracle/jre/lib/rt.jar
7f02f4400000-7f02f4ac0000 rw-p 00000000 00:00 0 
7f02f4ac0000-7f02f4c00000 ---p 00000000 00:00 0 
7f02f4c00000-7f02f9000000 rw-p 00000000 00:00 0 
7f02f9000000-7f02f9e80000 rwxp 00000000 00:00 0 
7f02f9e80000-7f0308000000 ---p 00000000 00:00 0 
7f0308000000-7f03083e5000 rw-p 00000000 00:00 0 
7f03083e5000-7f030c000000 ---p 00000000 00:00 0 
7f030c010000-7f030c1d6000 rw-p 00000000 00:00 0 
7f030c1d6000-7f030c1d7000 ---p 00000000 00:00 0 
7f030c1d7000-7f030c2d7000 rw-p 00000000 00:00 0                          [stack:20082]
7f030c2d7000-7f030c2d8000 ---p 00000000 00:00 0 
7f030c2d8000-7f030c3d8000 rw-p 00000000 00:00 0                          [stack:20081]
7f030c3d8000-7f030c3d9000 ---p 00000000 00:00 0 
7f030c3d9000-7f030c4d9000 rw-p 00000000 00:00 0                          [stack:20080]
7f030c4d9000-7f030c4da000 ---p 00000000 00:00 0 
7f030c4da000-7f030c6e8000 rw-p 00000000 00:00 0                          [stack:20079]
7f030c6e8000-7f030c885000 ---p 00000000 00:00 0 
7f030c885000-7f030c993000 rw-p 00000000 00:00 0 
7f030c993000-7f030cb2f000 ---p 00000000 00:00 0 
7f030cb2f000-7f030cc85000 rw-p 00000000 00:00 0 
7f030cc85000-7f030ccc0000 rw-p 00000000 00:00 0 
7f030ccc0000-7f030d046000 ---p 00000000 00:00 0 
7f030d046000-7f030d060000 r-xp 00000000 08:01 4069168                    /usr/lib/jvm/java-8-oracle/jre/lib/amd64/libzip.so
7f030d060000-7f030d260000 ---p 0001a000 08:01 4069168                    /usr/lib/jvm/java-8-oracle/jre/lib/amd64/libzip.so
7f030d260000-7f030d261000 rw-p 0001a000 08:01 4069168                    /usr/lib/jvm/java-8-oracle/jre/lib/amd64/libzip.so
7f030d261000-7f030d26c000 r-xp 00000000 08:01 5771445                    /lib/x86_64-linux-gnu/libnss_files-2.19.so
7f030d26c000-7f030d46b000 ---p 0000b000 08:01 5771445                    /lib/x86_64-linux-gnu/libnss_files-2.19.so
7f030d46b000-7f030d46c000 r--p 0000a000 08:01 5771445                    /lib/x86_64-linux-gnu/libnss_files-2.19.so
7f030d46c000-7f030d46d000 rw-p 0000b000 08:01 5771445                    /lib/x86_64-linux-gnu/libnss_files-2.19.so
7f030d46d000-7f030d478000 r-xp 00000000 08:01 5771455                    /lib/x86_64-linux-gnu/libnss_nis-2.19.so
7f030d478000-7f030d677000 ---p 0000b000 08:01 5771455                    /lib/x86_64-linux-gnu/libnss_nis-2.19.so
7f030d677000-7f030d678000 r--p 0000a000 08:01 5771455                    /lib/x86_64-linux-gnu/libnss_nis-2.19.so
7f030d678000-7f030d679000 rw-p 0000b000 08:01 5771455                    /lib/x86_64-linux-gnu/libnss_nis-2.19.so
7f030d679000-7f030d690000 r-xp 00000000 08:01 5771439                    /lib/x86_64-linux-gnu/libnsl-2.19.so
7f030d690000-7f030d88f000 ---p 00017000 08:01 5771439                    /lib/x86_64-linux-gnu/libnsl-2.19.so
7f030d88f000-7f030d890000 r--p 00016000 08:01 5771439                    /lib/x86_64-linux-gnu/libnsl-2.19.so
7f030d890000-7f030d891000 rw-p 00017000 08:01 5771439                    /lib/x86_64-linux-gnu/libnsl-2.19.so
7f030d891000-7f030d893000 rw-p 00000000 00:00 0 
7f030d893000-7f030d89c000 r-xp 00000000 08:01 5771441                    /lib/x86_64-linux-gnu/libnss_compat-2.19.so
7f030d89c000-7f030da9b000 ---p 00009000 08:01 5771441                    /lib/x86_64-linux-gnu/libnss_compat-2.19.so
7f030da9b000-7f030da9c000 r--p 00008000 08:01 5771441                    /lib/x86_64-linux-gnu/libnss_compat-2.19.so
7f030da9c000-7f030da9d000 rw-p 00009000 08:01 5771441                    /lib/x86_64-linux-gnu/libnss_compat-2.19.so
7f030da9d000-7f030dac7000 r-xp 00000000 08:01 4069157                    /usr/lib/jvm/java-8-oracle/jre/lib/amd64/libjava.so
7f030dac7000-7f030dcc7000 ---p 0002a000 08:01 4069157                    /usr/lib/jvm/java-8-oracle/jre/lib/amd64/libjava.so
7f030dcc7000-7f030dcc9000 rw-p 0002a000 08:01 4069157                    /usr/lib/jvm/java-8-oracle/jre/lib/amd64/libjava.so
7f030dcc9000-7f030dcd6000 r-xp 00000000 08:01 4069118                    /usr/lib/jvm/java-8-oracle/jre/lib/amd64/libverify.so
7f030dcd6000-7f030ded6000 ---p 0000d000 08:01 4069118                    /usr/lib/jvm/java-8-oracle/jre/lib/amd64/libverify.so
7f030ded6000-7f030ded8000 rw-p 0000d000 08:01 4069118                    /usr/lib/jvm/java-8-oracle/jre/lib/amd64/libverify.so
7f030ded8000-7f030dedf000 r-xp 00000000 08:01 5771498                    /lib/x86_64-linux-gnu/librt-2.19.so
7f030dedf000-7f030e0de000 ---p 00007000 08:01 5771498                    /lib/x86_64-linux-gnu/librt-2.19.so
7f030e0de000-7f030e0df000 r--p 00006000 08:01 5771498                    /lib/x86_64-linux-gnu/librt-2.19.so
7f030e0df000-7f030e0e0000 rw-p 00007000 08:01 5771498                    /lib/x86_64-linux-gnu/librt-2.19.so
7f030e0e0000-7f030e1e5000 r-xp 00000000 08:01 5771420                    /lib/x86_64-linux-gnu/libm-2.19.so
7f030e1e5000-7f030e3e4000 ---p 00105000 08:01 5771420                    /lib/x86_64-linux-gnu/libm-2.19.so
7f030e3e4000-7f030e3e5000 r--p 00104000 08:01 5771420                    /lib/x86_64-linux-gnu/libm-2.19.so
7f030e3e5000-7f030e3e6000 rw-p 00105000 08:01 5771420                    /lib/x86_64-linux-gnu/libm-2.19.so
7f030e3e6000-7f030f0a4000 r-xp 00000000 08:01 4069167                    /usr/lib/jvm/java-8-oracle/jre/lib/amd64/server/libjvm.so
7f030f0a4000-7f030f2a3000 ---p 00cbe000 08:01 4069167                    /usr/lib/jvm/java-8-oracle/jre/lib/amd64/server/libjvm.so
7f030f2a3000-7f030f37c000 rw-p 00cbd000 08:01 4069167                    /usr/lib/jvm/java-8-oracle/jre/lib/amd64/server/libjvm.so
7f030f37c000-7f030f3c0000 rw-p 00000000 00:00 0 
7f030f3c0000-7f030f57b000 r-xp 00000000 08:01 5771370                    /lib/x86_64-linux-gnu/libc-2.19.so
7f030f57b000-7f030f77a000 ---p 001bb000 08:01 5771370                    /lib/x86_64-linux-gnu/libc-2.19.so
7f030f77a000-7f030f77e000 r--p 001ba000 08:01 5771370                    /lib/x86_64-linux-gnu/libc-2.19.so
7f030f77e000-7f030f780000 rw-p 001be000 08:01 5771370                    /lib/x86_64-linux-gnu/libc-2.19.so
7f030f780000-7f030f785000 rw-p 00000000 00:00 0 
7f030f785000-7f030f788000 r-xp 00000000 08:01 5771387                    /lib/x86_64-linux-gnu/libdl-2.19.so
7f030f788000-7f030f987000 ---p 00003000 08:01 5771387                    /lib/x86_64-linux-gnu/libdl-2.19.so
7f030f987000-7f030f988000 r--p 00002000 08:01 5771387                    /lib/x86_64-linux-gnu/libdl-2.19.so
7f030f988000-7f030f989000 rw-p 00003000 08:01 5771387                    /lib/x86_64-linux-gnu/libdl-2.19.so
7f030f989000-7f030f99e000 r-xp 00000000 08:01 4727160                    /usr/lib/jvm/java-8-oracle/lib/amd64/jli/libjli.so
7f030f99e000-7f030fb9e000 ---p 00015000 08:01 4727160                    /usr/lib/jvm/java-8-oracle/lib/amd64/jli/libjli.so
7f030fb9e000-7f030fb9f000 rw-p 00015000 08:01 4727160                    /usr/lib/jvm/java-8-oracle/lib/amd64/jli/libjli.so
7f030fb9f000-7f030fbb8000 r-xp 00000000 08:01 5771490                    /lib/x86_64-linux-gnu/libpthread-2.19.so
7f030fbb8000-7f030fdb7000 ---p 00019000 08:01 5771490                    /lib/x86_64-linux-gnu/libpthread-2.19.so
7f030fdb7000-7f030fdb8000 r--p 00018000 08:01 5771490                    /lib/x86_64-linux-gnu/libpthread-2.19.so
7f030fdb8000-7f030fdb9000 rw-p 00019000 08:01 5771490                    /lib/x86_64-linux-gnu/libpthread-2.19.so
7f030fdb9000-7f030fdbd000 rw-p 00000000 00:00 0 
7f030fdbd000-7f030fde0000 r-xp 00000000 08:01 5771346                    /lib/x86_64-linux-gnu/ld-2.19.so
7f030fde6000-7f030fded000 r--s 00000000 08:01 1967077                    /usr/lib/x86_64-linux-gnu/gconv/gconv-modules.cache
7f030fded000-7f030feb9000 rw-p 00000000 00:00 0 
7f030feb9000-7f030febc000 ---p 00000000 00:00 0 
7f030febc000-7f030ffbe000 rw-p 00000000 00:00 0                          [stack:20078]
7f030ffc3000-7f030ffc4000 rw-p 00000000 00:00 0 
7f030ffc4000-7f030ffd3000 r--s 000df000 08:01 10635452                   /home/tomasz/Android/Sdk/build-tools/23.0.2/lib/dx.jar
7f030ffd3000-7f030ffdb000 rw-s 00000000 08:01 6691542                    /tmp/hsperfdata_tomasz/20074
7f030ffdb000-7f030ffdc000 rw-p 00000000 00:00 0 
7f030ffdc000-7f030ffdd000 ---p 00000000 00:00 0 
7f030ffdd000-7f030ffdf000 rw-p 00000000 00:00 0 
7f030ffdf000-7f030ffe0000 r--p 00022000 08:01 5771346                    /lib/x86_64-linux-gnu/ld-2.19.so
7f030ffe0000-7f030ffe1000 rw-p 00023000 08:01 5771346                    /lib/x86_64-linux-gnu/ld-2.19.so
7f030ffe1000-7f030ffe2000 rw-p 00000000 00:00 0 
7ffdd5ddd000-7ffdd5dfe000 rw-p 00000000 00:00 0                          [stack]
7ffdd5f9e000-7ffdd5fa0000 r--p 00000000 00:00 0                          [vvar]
7ffdd5fa0000-7ffdd5fa2000 r-xp 00000000 00:00 0                          [vdso]
ffffffffff600000-ffffffffff601000 r-xp 00000000 00:00 0                  [vsyscall]

VM Arguments:
jvm_args: -Djava.awt.headless=true -Xmx2g -Dfile.encoding=UTF-8 -Duser.country=PL -Duser.language=pl -Duser.variant 
java_command: com.android.dx.command.Main --dex --num-threads=4 --multi-dex --main-dex-list /home/tomasz/AndroidStudioProjects/ITAssistant/app/build/intermediates/multi-dex/debug/maindexlist.txt --output /home/tomasz/AndroidStudioProjects/ITAssistant/app/build/intermediates/transforms/dex/debug/folders/1000/1f/main /home/tomasz/AndroidStudioProjects/ITAssistant/app/build/intermediates/transforms/jarMerging/debug/jars/1/1f/combined.jar
java_class_path (initial): /home/tomasz/Android/Sdk/build-tools/23.0.2/lib/dx.jar
Launcher Type: SUN_STANDARD

Environment Variables:
PATH=/usr/local/sbin:/usr/local/bin:/usr/sbin:/usr/bin:/sbin:/bin:/usr/games:/usr/local/games
LD_LIBRARY_PATH=.:
SHELL=/bin/bash
DISPLAY=:0

Signal Handlers:
SIGSEGV: [libjvm.so+0xaba2a0], sa_mask[0]=11111111011111111101111111111110, sa_flags=SA_RESTART|SA_SIGINFO
SIGBUS: [libjvm.so+0xaba2a0], sa_mask[0]=11111111011111111101111111111110, sa_flags=SA_RESTART|SA_SIGINFO
SIGFPE: [libjvm.so+0x917710], sa_mask[0]=11111111011111111101111111111110, sa_flags=SA_RESTART|SA_SIGINFO
SIGPIPE: [libjvm.so+0x917710], sa_mask[0]=11111111011111111101111111111110, sa_flags=SA_RESTART|SA_SIGINFO
SIGXFSZ: [libjvm.so+0x917710], sa_mask[0]=11111111011111111101111111111110, sa_flags=SA_RESTART|SA_SIGINFO
SIGILL: [libjvm.so+0x917710], sa_mask[0]=11111111011111111101111111111110, sa_flags=SA_RESTART|SA_SIGINFO
SIGUSR1: SIG_DFL, sa_mask[0]=00000000000000000000000000000000, sa_flags=none
SIGUSR2: [libjvm.so+0x918d40], sa_mask[0]=00100000000000000000000000000000, sa_flags=SA_RESTART|SA_SIGINFO
SIGHUP: [libjvm.so+0x91a140], sa_mask[0]=11111111011111111101111111111110, sa_flags=SA_RESTART|SA_SIGINFO
SIGINT: [libjvm.so+0x91a140], sa_mask[0]=11111111011111111101111111111110, sa_flags=SA_RESTART|SA_SIGINFO
SIGTERM: [libjvm.so+0x91a140], sa_mask[0]=11111111011111111101111111111110, sa_flags=SA_RESTART|SA_SIGINFO
SIGQUIT: [libjvm.so+0x91a140], sa_mask[0]=11111111011111111101111111111110, sa_flags=SA_RESTART|SA_SIGINFO


---------------  S Y S T E M  ---------------

OS:DISTRIB_ID=Ubuntu
DISTRIB_RELEASE=14.04
DISTRIB_CODENAME=trusty
DISTRIB_DESCRIPTION="Ubuntu 14.04.3 LTS"

uname:Linux 3.19.0-42-generic #48~14.04.1-Ubuntu SMP Fri Dec 18 10:24:49 UTC 2015 x86_64
libc:glibc 2.19 NPTL 2.19 
rlimit: STACK 8192k, CORE 0k, NPROC 23202, NOFILE 4096, AS infinity
load average:34,54 15,41 6,74

/proc/meminfo:
MemTotal:        5961332 kB
MemFree:           97844 kB
MemAvailable:      44572 kB
Buffers:             404 kB
Cached:           419636 kB
SwapCached:            0 kB
Active:          5242944 kB
Inactive:         401572 kB
Active(anon):    5236236 kB
Inactive(anon):   396084 kB
Active(file):       6708 kB
Inactive(file):     5488 kB
Unevictable:        2552 kB
Mlocked:            2552 kB
SwapTotal:             0 kB
SwapFree:              0 kB
Dirty:                 0 kB
Writeback:            20 kB
AnonPages:       5227808 kB
Mapped:           121176 kB
Shmem:            407064 kB
Slab:              90352 kB
SReclaimable:      50184 kB
SUnreclaim:        40168 kB
KernelStack:       12256 kB
PageTables:        56584 kB
NFS_Unstable:          0 kB
Bounce:                0 kB
WritebackTmp:          0 kB
CommitLimit:     2980664 kB
Committed_AS:   10725388 kB
VmallocTotal:   34359738367 kB
VmallocUsed:      557964 kB
VmallocChunk:   34359165916 kB
HardwareCorrupted:     0 kB
AnonHugePages:   2289664 kB
CmaTotal:              0 kB
CmaFree:               0 kB
HugePages_Total:       0
HugePages_Free:        0
HugePages_Rsvd:        0
HugePages_Surp:        0
Hugepagesize:       2048 kB
DirectMap4k:      207104 kB
DirectMap2M:     5933056 kB


CPU:total 4 (2 cores per cpu, 2 threads per core) family 6 model 42 stepping 7, cmov, cx8, fxsr, mmx, sse, sse2, sse3, ssse3, sse4.1, sse4.2, popcnt, avx, aes, clmul, ht, tsc, tscinvbit

/proc/cpuinfo:
processor	: 0
vendor_id	: GenuineIntel
cpu family	: 6
model		: 42
model name	: Intel(R) Core(TM) i5-2450M CPU @ 2.50GHz
stepping	: 7
microcode	: 0x25
cpu MHz		: 2900.000
cache size	: 3072 KB
physical id	: 0
siblings	: 4
core id		: 0
cpu cores	: 2
apicid		: 0
initial apicid	: 0
fpu		: yes
fpu_exception	: yes
cpuid level	: 13
wp		: yes
flags		: fpu vme de pse tsc msr pae mce cx8 apic sep mtrr pge mca cmov pat pse36 clflush dts acpi mmx fxsr sse sse2 ss ht tm pbe syscall nx rdtscp lm constant_tsc arch_perfmon pebs bts rep_good nopl xtopology nonstop_tsc aperfmperf eagerfpu pni pclmulqdq dtes64 monitor ds_cpl vmx est tm2 ssse3 cx16 xtpr pdcm pcid sse4_1 sse4_2 x2apic popcnt tsc_deadline_timer aes xsave avx lahf_lm ida arat epb pln pts dtherm tpr_shadow vnmi flexpriority ept vpid xsaveopt
bugs		:
bogomips	: 4989.09
clflush size	: 64
cache_alignment	: 64
address sizes	: 36 bits physical, 48 bits virtual
power management:

processor	: 1
vendor_id	: GenuineIntel
cpu family	: 6
model		: 42
model name	: Intel(R) Core(TM) i5-2450M CPU @ 2.50GHz
stepping	: 7
microcode	: 0x25
cpu MHz		: 2899.902
cache size	: 3072 KB
physical id	: 0
siblings	: 4
core id		: 0
cpu cores	: 2
apicid		: 1
initial apicid	: 1
fpu		: yes
fpu_exception	: yes
cpuid level	: 13
wp		: yes
flags		: fpu vme de pse tsc msr pae mce cx8 apic sep mtrr pge mca cmov pat pse36 clflush dts acpi mmx fxsr sse sse2 ss ht tm pbe syscall nx rdtscp lm constant_tsc arch_perfmon pebs bts rep_good nopl xtopology nonstop_tsc aperfmperf eagerfpu pni pclmulqdq dtes64 monitor ds_cpl vmx est tm2 ssse3 cx16 xtpr pdcm pcid sse4_1 sse4_2 x2apic popcnt tsc_deadline_timer aes xsave avx lahf_lm ida arat epb pln pts dtherm tpr_shadow vnmi flexpriority ept vpid xsaveopt
bugs		:
bogomips	: 4989.09
clflush size	: 64
cache_alignment	: 64
address sizes	: 36 bits physical, 48 bits virtual
power management:

processor	: 2
vendor_id	: GenuineIntel
cpu family	: 6
model		: 42
model name	: Intel(R) Core(TM) i5-2450M CPU @ 2.50GHz
stepping	: 7
microcode	: 0x25
cpu MHz		: 2723.046
cache size	: 3072 KB
physical id	: 0
siblings	: 4
core id		: 1
cpu cores	: 2
apicid		: 2
initial apicid	: 2
fpu		: yes
fpu_exception	: yes
cpuid level	: 13
wp		: yes
flags		: fpu vme de pse tsc msr pae mce cx8 apic sep mtrr pge mca cmov pat pse36 clflush dts acpi mmx fxsr sse sse2 ss ht tm pbe syscall nx rdtscp lm constant_tsc arch_perfmon pebs bts rep_good nopl xtopology nonstop_tsc aperfmperf eagerfpu pni pclmulqdq dtes64 monitor ds_cpl vmx est tm2 ssse3 cx16 xtpr pdcm pcid sse4_1 sse4_2 x2apic popcnt tsc_deadline_timer aes xsave avx lahf_lm ida arat epb pln pts dtherm tpr_shadow vnmi flexpriority ept vpid xsaveopt
bugs		:
bogomips	: 4989.09
clflush size	: 64
cache_alignment	: 64
address sizes	: 36 bits physical, 48 bits virtual
power management:

processor	: 3
vendor_id	: GenuineIntel
cpu family	: 6
model		: 42
model name	: Intel(R) Core(TM) i5-2450M CPU @ 2.50GHz
stepping	: 7
microcode	: 0x25
cpu MHz		: 2900.000
cache size	: 3072 KB
physical id	: 0
siblings	: 4
core id		: 1
cpu cores	: 2
apicid		: 3
initial apicid	: 3
fpu		: yes
fpu_exception	: yes
cpuid level	: 13
wp		: yes
flags		: fpu vme de pse tsc msr pae mce cx8 apic sep mtrr pge mca cmov pat pse36 clflush dts acpi mmx fxsr sse sse2 ss ht tm pbe syscall nx rdtscp lm constant_tsc arch_perfmon pebs bts rep_good nopl xtopology nonstop_tsc aperfmperf eagerfpu pni pclmulqdq dtes64 monitor ds_cpl vmx est tm2 ssse3 cx16 xtpr pdcm pcid sse4_1 sse4_2 x2apic popcnt tsc_deadline_timer aes xsave avx lahf_lm ida arat epb pln pts dtherm tpr_shadow vnmi flexpriority ept vpid xsaveopt
bugs		:
bogomips	: 4989.09
clflush size	: 64
cache_alignment	: 64
address sizes	: 36 bits physical, 48 bits virtual
power management:



Memory: 4k page, physical 5961332k(104868k free), swap 0k(0k free)

vm_info: Java HotSpot(TM) 64-Bit Server VM (25.66-b17) for linux-amd64 JRE (1.8.0_66-b17), built on Oct  6 2015 17:28:34 by "java_re" with gcc 4.3.0 20080428 (Red Hat 4.3.0-8)

time: Wed Jan  6 23:08:21 2016
elapsed time: 171 seconds (0d 0h 2m 51s)

