#
# There is insufficient memory for the Java Runtime Environment to continue.
# Native memory allocation (mmap) failed to map 269484032 bytes for committing reserved memory.
# Possible reasons:
#   The system is out of physical RAM or swap space
#   In 32 bit mode, the process size limit was hit
# Possible solutions:
#   Reduce memory load on the system
#   Increase physical memory or swap space
#   Check if swap backing store is full
#   Use 64 bit Java on a 64 bit OS
#   Decrease Java heap size (-Xmx/-Xms)
#   Decrease number of Java threads
#   Decrease Java thread stack sizes (-Xss)
#   Set larger code cache with -XX:ReservedCodeCacheSize=
# This output file may be truncated or incomplete.
#
#  Out of Memory Error (os_linux.cpp:2627), pid=2472, tid=139838100420352
#
# JRE version: Java(TM) SE Runtime Environment (8.0_66-b17) (build 1.8.0_66-b17)
# Java VM: Java HotSpot(TM) 64-Bit Server VM (25.66-b17 mixed mode linux-amd64 compressed oops)
# Failed to write core dump. Core dumps have been disabled. To enable core dumping, try "ulimit -c unlimited" before starting Java again
#

---------------  T H R E A D  ---------------

Current thread (0x00007f2ea8078000):  VMThread [stack: 0x00007f2e983d3000,0x00007f2e984d4000] [id=2482]

Stack: [0x00007f2e983d3000,0x00007f2e984d4000],  sp=0x00007f2e984d2160,  free space=1020k
Native frames: (J=compiled Java code, j=interpreted, Vv=VM code, C=native code)
V  [libjvm.so+0xab9a1a]  VMError::report_and_die()+0x2ba
V  [libjvm.so+0x4f9e0b]  report_vm_out_of_memory(char const*, int, unsigned long, VMErrorType, char const*)+0x8b
V  [libjvm.so+0x91a8a3]  os::Linux::commit_memory_impl(char*, unsigned long, bool)+0x103
V  [libjvm.so+0x91adf9]  os::pd_commit_memory(char*, unsigned long, unsigned long, bool)+0x29
V  [libjvm.so+0x91510a]  os::commit_memory(char*, unsigned long, unsigned long, bool)+0x2a
V  [libjvm.so+0x9887a3]  PSVirtualSpace::expand_by(unsigned long)+0x53
V  [libjvm.so+0x979090]  PSOldGen::expand(unsigned long)+0x170
V  [libjvm.so+0x97929b]  PSOldGen::resize(unsigned long)+0x1cb
V  [libjvm.so+0x980f71]  PSParallelCompact::invoke_no_policy(bool)+0x991
V  [libjvm.so+0x9868cd]  PSScavenge::invoke()+0x1ad
V  [libjvm.so+0x93e500]  ParallelScavengeHeap::failed_mem_allocate(unsigned long)+0x70
V  [libjvm.so+0xabb437]  VM_ParallelGCFailedAllocation::doit()+0x97
V  [libjvm.so+0xac2e65]  VM_Operation::evaluate()+0x55
V  [libjvm.so+0xac123a]  VMThread::evaluate_operation(VM_Operation*)+0xba
V  [libjvm.so+0xac15be]  VMThread::loop()+0x1ce
V  [libjvm.so+0xac1a30]  VMThread::run()+0x70
V  [libjvm.so+0x91cc68]  java_start(Thread*)+0x108

VM_Operation (0x00007f2e8acff170): ParallelGCFailedAllocation, mode: safepoint, requested by thread 0x00007f2ea8155800


---------------  P R O C E S S  ---------------

Java Threads: ( => current thread )
  0x00007f2ea8155800 JavaThread "pool-1-thread-1" [_thread_blocked, id=2507, stack(0x00007f2e8ac00000,0x00007f2e8ad01000)]
  0x00007f2ea817a800 JavaThread "pool-2-thread-4" [_thread_blocked, id=2496, stack(0x00007f2e8ad01000,0x00007f2e8ae02000)]
  0x00007f2ea8178000 JavaThread "pool-2-thread-3" [_thread_blocked, id=2495, stack(0x00007f2e8ae02000,0x00007f2e8af03000)]
  0x00007f2ea8176800 JavaThread "pool-2-thread-2" [_thread_blocked, id=2494, stack(0x00007f2e8af03000,0x00007f2e8b004000)]
  0x00007f2ea8171800 JavaThread "pool-3-thread-1" [_thread_blocked, id=2493, stack(0x00007f2e8b004000,0x00007f2e8b105000)]
  0x00007f2ea815c800 JavaThread "pool-2-thread-1" [_thread_blocked, id=2492, stack(0x00007f2e8b105000,0x00007f2e8b206000)]
  0x00007f2ea80c2800 JavaThread "Service Thread" daemon [_thread_blocked, id=2489, stack(0x00007f2e8b3e9000,0x00007f2e8b4ea000)]
  0x00007f2ea80bd800 JavaThread "C1 CompilerThread2" daemon [_thread_blocked, id=2488, stack(0x00007f2e8b4ea000,0x00007f2e8b5eb000)]
  0x00007f2ea80bb800 JavaThread "C2 CompilerThread1" daemon [_thread_blocked, id=2487, stack(0x00007f2e8b5eb000,0x00007f2e8b6ec000)]
  0x00007f2ea80b8800 JavaThread "C2 CompilerThread0" daemon [_thread_blocked, id=2486, stack(0x00007f2e8b6ec000,0x00007f2e8b7ed000)]
  0x00007f2ea80b7000 JavaThread "Signal Dispatcher" daemon [_thread_blocked, id=2485, stack(0x00007f2e980d0000,0x00007f2e981d1000)]
  0x00007f2ea807f000 JavaThread "Finalizer" daemon [_thread_blocked, id=2484, stack(0x00007f2e981d1000,0x00007f2e982d2000)]
  0x00007f2ea807d000 JavaThread "Reference Handler" daemon [_thread_blocked, id=2483, stack(0x00007f2e982d2000,0x00007f2e983d3000)]
  0x00007f2ea800a000 JavaThread "main" [_thread_blocked, id=2477, stack(0x00007f2eb0ff6000,0x00007f2eb10f7000)]

Other Threads:
=>0x00007f2ea8078000 VMThread [stack: 0x00007f2e983d3000,0x00007f2e984d4000] [id=2482]
  0x00007f2ea80c5000 WatcherThread [stack: 0x00007f2e8b2e8000,0x00007f2e8b3e9000] [id=2491]

VM state:at safepoint (normal execution)

VM Mutex/Monitor currently owned by a thread:  ([mutex/lock_event])
[0x00007f2ea8005e10] ExpandHeap_lock - owner thread: 0x00007f2ea8078000
[0x00007f2ea8006490] Threads_lock - owner thread: 0x00007f2ea8078000
[0x00007f2ea8006990] Heap_lock - owner thread: 0x00007f2ea8155800

Heap:
 PSYoungGen      total 465920K, used 0K [0x00000000d5580000, 0x0000000100000000, 0x0000000100000000)
  eden space 232960K, 0% used [0x00000000d5580000,0x00000000d5580000,0x00000000e3900000)
  from space 232960K, 0% used [0x00000000e3900000,0x00000000e3900000,0x00000000f1c80000)
  to   space 232960K, 0% used [0x00000000f1c80000,0x00000000f1c80000,0x0000000100000000)
 ParOldGen       total 829440K, used 781120K [0x0000000080000000, 0x00000000b2a00000, 0x00000000d5580000)
  object space 829440K, 94% used [0x0000000080000000,0x00000000afad0108,0x00000000b2a00000)
 Metaspace       used 6588K, capacity 7352K, committed 7552K, reserved 1056768K
  class space    used 616K, capacity 624K, committed 640K, reserved 1048576K

Card table byte_map: [0x00007f2ead9c0000,0x00007f2eaddc1000] byte_map_base: 0x00007f2ead5c0000

Marking Bits: (ParMarkBitMap*) 0x00007f2eb04d0020
 Begin Bits: [0x00007f2e90000000, 0x00007f2e92000000)
 End Bits:   [0x00007f2e92000000, 0x00007f2e94000000)

Polling page: 0x00007f2eb1117000

CodeCache: size=245760Kb used=12278Kb max_used=14057Kb free=233481Kb
 bounds [0x00007f2e99000000, 0x00007f2e99e00000, 0x00007f2ea8000000]
 total_blobs=2840 nmethods=2571 adapters=182
 compilation: enabled

Compilation events (10 events):
Event: 33,607 Thread 0x00007f2ea80b8800 nmethod 3442 0x00007f2e99bd7b50 code [0x00007f2e99bd7da0, 0x00007f2e99bd87c0]
Event: 33,607 Thread 0x00007f2ea80b8800 3446       4       com.android.dx.rop.type.Prototype::<init> (67 bytes)
Event: 33,614 Thread 0x00007f2ea80b8800 nmethod 3446 0x00007f2e99bdc810 code [0x00007f2e99bdc960, 0x00007f2e99bdca58]
Event: 33,614 Thread 0x00007f2ea80b8800 3443       4       java.util.HashMap$HashIterator::<init> (79 bytes)
Event: 33,634 Thread 0x00007f2ea80b8800 nmethod 3443 0x00007f2e99bdc310 code [0x00007f2e99bdc460, 0x00007f2e99bdc6b8]
Event: 33,634 Thread 0x00007f2ea80b8800 3448       4       com.android.dx.rop.type.Prototype::withFirstParameter (68 bytes)
Event: 33,691 Thread 0x00007f2ea80b8800 nmethod 3448 0x00007f2e99535590 code [0x00007f2e995357a0, 0x00007f2e99536b28]
Event: 33,691 Thread 0x00007f2ea80b8800 3449       4       com.android.dx.cf.attrib.AttLineNumberTable::byteLength (13 bytes)
Event: 33,692 Thread 0x00007f2ea80b8800 nmethod 3449 0x00007f2e995352d0 code [0x00007f2e99535420, 0x00007f2e995354b8]
Event: 33,692 Thread 0x00007f2ea80b8800 3451   !   4       com.android.dx.cf.code.BytecodeArray::parseInstruction (2764 bytes)

GC Heap History (10 events):
Event: 30,709 GC heap after
Heap after GC invocations=27 (full 6):
 PSYoungGen      total 485376K, used 166350K [0x00000000d5580000, 0x0000000100000000, 0x0000000100000000)
  eden space 291840K, 0% used [0x00000000d5580000,0x00000000d5580000,0x00000000e7280000)
  from space 193536K, 85% used [0x00000000e7280000,0x00000000f14f3bf0,0x00000000f2f80000)
  to   space 212480K, 0% used [0x00000000f3080000,0x00000000f3080000,0x0000000100000000)
 ParOldGen       total 829440K, used 562551K [0x0000000080000000, 0x00000000b2a00000, 0x00000000d5580000)
  object space 829440K, 67% used [0x0000000080000000,0x00000000a255de08,0x00000000b2a00000)
 Metaspace       used 6469K, capacity 7282K, committed 7552K, reserved 1056768K
  class space    used 608K, capacity 618K, committed 640K, reserved 1048576K
}
Event: 31,356 GC heap before
{Heap before GC invocations=28 (full 6):
 PSYoungGen      total 485376K, used 458190K [0x00000000d5580000, 0x0000000100000000, 0x0000000100000000)
  eden space 291840K, 100% used [0x00000000d5580000,0x00000000e7280000,0x00000000e7280000)
  from space 193536K, 85% used [0x00000000e7280000,0x00000000f14f3bf0,0x00000000f2f80000)
  to   space 212480K, 0% used [0x00000000f3080000,0x00000000f3080000,0x0000000100000000)
 ParOldGen       total 829440K, used 562551K [0x0000000080000000, 0x00000000b2a00000, 0x00000000d5580000)
  object space 829440K, 67% used [0x0000000080000000,0x00000000a255de08,0x00000000b2a00000)
 Metaspace       used 6470K, capacity 7282K, committed 7552K, reserved 1056768K
  class space    used 608K, capacity 618K, committed 640K, reserved 1048576K
Event: 31,588 GC heap after
Heap after GC invocations=28 (full 6):
 PSYoungGen      total 445440K, used 211055K [0x00000000d5580000, 0x0000000100000000, 0x0000000100000000)
  eden space 232960K, 0% used [0x00000000d5580000,0x00000000d5580000,0x00000000e3900000)
  from space 212480K, 99% used [0x00000000f3080000,0x00000000ffe9bf48,0x0000000100000000)
  to   space 232960K, 0% used [0x00000000e3900000,0x00000000e3900000,0x00000000f1c80000)
 ParOldGen       total 829440K, used 562551K [0x0000000080000000, 0x00000000b2a00000, 0x00000000d5580000)
  object space 829440K, 67% used [0x0000000080000000,0x00000000a255de08,0x00000000b2a00000)
 Metaspace       used 6470K, capacity 7282K, committed 7552K, reserved 1056768K
  class space    used 608K, capacity 618K, committed 640K, reserved 1048576K
}
Event: 32,080 GC heap before
{Heap before GC invocations=29 (full 6):
 PSYoungGen      total 445440K, used 444015K [0x00000000d5580000, 0x0000000100000000, 0x0000000100000000)
  eden space 232960K, 100% used [0x00000000d5580000,0x00000000e3900000,0x00000000e3900000)
  from space 212480K, 99% used [0x00000000f3080000,0x00000000ffe9bf48,0x0000000100000000)
  to   space 232960K, 0% used [0x00000000e3900000,0x00000000e3900000,0x00000000f1c80000)
 ParOldGen       total 829440K, used 562551K [0x0000000080000000, 0x00000000b2a00000, 0x00000000d5580000)
  object space 829440K, 67% used [0x0000000080000000,0x00000000a255de08,0x00000000b2a00000)
 Metaspace       used 6470K, capacity 7282K, committed 7552K, reserved 1056768K
  class space    used 608K, capacity 618K, committed 640K, reserved 1048576K
Event: 32,318 GC heap after
Heap after GC invocations=29 (full 6):
 PSYoungGen      total 465920K, used 190580K [0x00000000d5580000, 0x0000000100000000, 0x0000000100000000)
  eden space 232960K, 0% used [0x00000000d5580000,0x00000000d5580000,0x00000000e3900000)
  from space 232960K, 81% used [0x00000000e3900000,0x00000000ef31d020,0x00000000f1c80000)
  to   space 232960K, 0% used [0x00000000f1c80000,0x00000000f1c80000,0x0000000100000000)
 ParOldGen       total 829440K, used 618693K [0x0000000080000000, 0x00000000b2a00000, 0x00000000d5580000)
  object space 829440K, 74% used [0x0000000080000000,0x00000000a5c31530,0x00000000b2a00000)
 Metaspace       used 6470K, capacity 7282K, committed 7552K, reserved 1056768K
  class space    used 608K, capacity 618K, committed 640K, reserved 1048576K
}
Event: 32,886 GC heap before
{Heap before GC invocations=30 (full 6):
 PSYoungGen      total 465920K, used 423540K [0x00000000d5580000, 0x0000000100000000, 0x0000000100000000)
  eden space 232960K, 100% used [0x00000000d5580000,0x00000000e3900000,0x00000000e3900000)
  from space 232960K, 81% used [0x00000000e3900000,0x00000000ef31d020,0x00000000f1c80000)
  to   space 232960K, 0% used [0x00000000f1c80000,0x00000000f1c80000,0x0000000100000000)
 ParOldGen       total 829440K, used 618693K [0x0000000080000000, 0x00000000b2a00000, 0x00000000d5580000)
  object space 829440K, 74% used [0x0000000080000000,0x00000000a5c31530,0x00000000b2a00000)
 Metaspace       used 6560K, capacity 7350K, committed 7552K, reserved 1056768K
  class space    used 613K, capacity 622K, committed 640K, reserved 1048576K
Event: 33,158 GC heap after
Heap after GC invocations=30 (full 6):
 PSYoungGen      total 465920K, used 165071K [0x00000000d5580000, 0x0000000100000000, 0x0000000100000000)
  eden space 232960K, 0% used [0x00000000d5580000,0x00000000d5580000,0x00000000e3900000)
  from space 232960K, 70% used [0x00000000f1c80000,0x00000000fbdb3f08,0x0000000100000000)
  to   space 232960K, 0% used [0x00000000e3900000,0x00000000e3900000,0x00000000f1c80000)
 ParOldGen       total 829440K, used 682252K [0x0000000080000000, 0x00000000b2a00000, 0x00000000d5580000)
  object space 829440K, 82% used [0x0000000080000000,0x00000000a9a43330,0x00000000b2a00000)
 Metaspace       used 6560K, capacity 7350K, committed 7552K, reserved 1056768K
  class space    used 613K, capacity 622K, committed 640K, reserved 1048576K
}
Event: 33,723 GC heap before
{Heap before GC invocations=31 (full 6):
 PSYoungGen      total 465920K, used 398031K [0x00000000d5580000, 0x0000000100000000, 0x0000000100000000)
  eden space 232960K, 100% used [0x00000000d5580000,0x00000000e3900000,0x00000000e3900000)
  from space 232960K, 70% used [0x00000000f1c80000,0x00000000fbdb3f08,0x0000000100000000)
  to   space 232960K, 0% used [0x00000000e3900000,0x00000000e3900000,0x00000000f1c80000)
 ParOldGen       total 829440K, used 682252K [0x0000000080000000, 0x00000000b2a00000, 0x00000000d5580000)
  object space 829440K, 82% used [0x0000000080000000,0x00000000a9a43330,0x00000000b2a00000)
 Metaspace       used 6588K, capacity 7352K, committed 7552K, reserved 1056768K
  class space    used 616K, capacity 624K, committed 640K, reserved 1048576K
Event: 33,962 GC heap after
Heap after GC invocations=31 (full 6):
 PSYoungGen      total 465920K, used 107547K [0x00000000d5580000, 0x0000000100000000, 0x0000000100000000)
  eden space 232960K, 0% used [0x00000000d5580000,0x00000000d5580000,0x00000000e3900000)
  from space 232960K, 46% used [0x00000000e3900000,0x00000000ea206d30,0x00000000f1c80000)
  to   space 232960K, 0% used [0x00000000f1c80000,0x00000000f1c80000,0x0000000100000000)
 ParOldGen       total 829440K, used 771756K [0x0000000080000000, 0x00000000b2a00000, 0x00000000d5580000)
  object space 829440K, 93% used [0x0000000080000000,0x00000000af1ab370,0x00000000b2a00000)
 Metaspace       used 6588K, capacity 7352K, committed 7552K, reserved 1056768K
  class space    used 616K, capacity 624K, committed 640K, reserved 1048576K
}
Event: 33,962 GC heap before
{Heap before GC invocations=32 (full 7):
 PSYoungGen      total 465920K, used 107547K [0x00000000d5580000, 0x0000000100000000, 0x0000000100000000)
  eden space 232960K, 0% used [0x00000000d5580000,0x00000000d5580000,0x00000000e3900000)
  from space 232960K, 46% used [0x00000000e3900000,0x00000000ea206d30,0x00000000f1c80000)
  to   space 232960K, 0% used [0x00000000f1c80000,0x00000000f1c80000,0x0000000100000000)
 ParOldGen       total 829440K, used 771756K [0x0000000080000000, 0x00000000b2a00000, 0x00000000d5580000)
  object space 829440K, 93% used [0x0000000080000000,0x00000000af1ab370,0x00000000b2a00000)
 Metaspace       used 6588K, capacity 7352K, committed 7552K, reserved 1056768K
  class space    used 616K, capacity 624K, committed 640K, reserved 1048576K

Deoptimization events (10 events):
Event: 32,611 Thread 0x00007f2ea8155800 Uncommon trap: reason=class_check action=maybe_recompile pc=0x00007f2e9960e2fc method=java.util.Arrays.hashCode([Ljava/lang/Object;)I @ 43
Event: 32,611 Thread 0x00007f2ea8155800 Uncommon trap: reason=class_check action=maybe_recompile pc=0x00007f2e9954e2f4 method=java.util.Arrays.hashCode([Ljava/lang/Object;)I @ 43
Event: 32,627 Thread 0x00007f2ea8178000 Uncommon trap: reason=bimorphic action=maybe_recompile pc=0x00007f2e99aa1934 method=com.android.dx.cf.code.BytecodeArray.parseInstruction(ILcom/android/dx/cf/code/BytecodeArray$Visitor;)I @ 1525
Event: 32,627 Thread 0x00007f2ea8178000 Uncommon trap: reason=bimorphic action=maybe_recompile pc=0x00007f2e99aa1934 method=com.android.dx.cf.code.BytecodeArray.parseInstruction(ILcom/android/dx/cf/code/BytecodeArray$Visitor;)I @ 1525
Event: 32,711 Thread 0x00007f2ea8176800 Uncommon trap: reason=unstable_if action=reinterpret pc=0x00007f2e995f4d64 method=com.android.dx.ssa.InterferenceRegisterMapper.areAnyPinned(Lcom/android/dx/rop/code/RegisterSpecList;II)Z @ 55
Event: 33,270 Thread 0x00007f2ea817a800 Uncommon trap: reason=unstable_if action=reinterpret pc=0x00007f2e99baf830 method=java.lang.Integer.valueOf(I)Ljava/lang/Integer; @ 10
Event: 33,358 Thread 0x00007f2ea800a000 Uncommon trap: reason=unstable_if action=reinterpret pc=0x00007f2e9925cc48 method=com.android.dx.rop.code.RegisterSpec.equals(ILcom/android/dx/rop/type/TypeBearer;Lcom/android/dx/rop/code/LocalItem;)Z @ 31
Event: 33,358 Thread 0x00007f2ea800a000 Uncommon trap: reason=unstable_if action=reinterpret pc=0x00007f2e995a4cac method=com.android.dx.rop.code.RegisterSpec.equals(ILcom/android/dx/rop/type/TypeBearer;Lcom/android/dx/rop/code/LocalItem;)Z @ 31
Event: 33,691 Thread 0x00007f2ea817a800 Uncommon trap: reason=bimorphic action=maybe_recompile pc=0x00007f2e99ae3074 method=com.android.dx.cf.code.BytecodeArray.parseInstruction(ILcom/android/dx/cf/code/BytecodeArray$Visitor;)I @ 891
Event: 33,691 Thread 0x00007f2ea817a800 Uncommon trap: reason=bimorphic action=maybe_recompile pc=0x00007f2e99ae3074 method=com.android.dx.cf.code.BytecodeArray.parseInstruction(ILcom/android/dx/cf/code/BytecodeArray$Visitor;)I @ 891

Internal exceptions (10 events):
Event: 0,726 Thread 0x00007f2ea817a800 Implicit null exception at 0x00007f2e992e3ac2 to 0x00007f2e992e631d
Event: 0,840 Thread 0x00007f2ea815c800 Implicit null exception at 0x00007f2e99313dc9 to 0x00007f2e99316655
Event: 1,398 Thread 0x00007f2ea800a000 Exception <a 'java/lang/ArrayIndexOutOfBoundsException': 18> (0x00000000d8313838) thrown at [/HUDSON/workspace/8-2-build-linux-amd64/jdk8u66/4988/hotspot/src/share/vm/interpreter/interpreterRuntime.cpp, line 366]
Event: 1,398 Thread 0x00007f2ea800a000 Exception <a 'java/lang/ArrayIndexOutOfBoundsException': 145> (0x00000000d83153b8) thrown at [/HUDSON/workspace/8-2-build-linux-amd64/jdk8u66/4988/hotspot/src/share/vm/interpreter/interpreterRuntime.cpp, line 366]
Event: 1,399 Thread 0x00007f2ea800a000 Exception <a 'java/lang/ArrayIndexOutOfBoundsException': 40> (0x00000000d83166a0) thrown at [/HUDSON/workspace/8-2-build-linux-amd64/jdk8u66/4988/hotspot/src/share/vm/interpreter/interpreterRuntime.cpp, line 366]
Event: 5,124 Thread 0x00007f2ea8176800 Implicit null exception at 0x00007f2e99795978 to 0x00007f2e99797461
Event: 17,655 Thread 0x00007f2ea8176800 Implicit null exception at 0x00007f2e99c70deb to 0x00007f2e99c72d7a
Event: 29,292 Thread 0x00007f2ea8178000 Implicit null exception at 0x00007f2e99408a20 to 0x00007f2e9940ba71
Event: 33,358 Thread 0x00007f2ea800a000 Implicit null exception at 0x00007f2e9925c59d to 0x00007f2e9925cc0d
Event: 33,358 Thread 0x00007f2ea800a000 Implicit null exception at 0x00007f2e995a46f0 to 0x00007f2e995a4c7d

Events (10 events):
Event: 33,600 Thread 0x00007f2ea8155800 DEOPT UNPACKING pc=0x00007f2e99047633 sp=0x00007f2e8acff020 mode 0
Event: 33,604 Thread 0x00007f2ea8155800 DEOPT PACKING pc=0x00007f2e994c5ce9 sp=0x00007f2e8acff270
Event: 33,604 Thread 0x00007f2ea8155800 DEOPT UNPACKING pc=0x00007f2e99047633 sp=0x00007f2e8acff020 mode 0
Event: 33,691 Thread 0x00007f2ea817a800 Uncommon trap: trap_request=0xffffffc6 fr.pc=0x00007f2e99ae3074
Event: 33,691 Thread 0x00007f2ea817a800 DEOPT PACKING pc=0x00007f2e99ae3074 sp=0x00007f2e8adfffd0
Event: 33,691 Thread 0x00007f2ea817a800 DEOPT UNPACKING pc=0x00007f2e99005229 sp=0x00007f2e8adfff90 mode 2
Event: 33,691 Thread 0x00007f2ea817a800 Uncommon trap: trap_request=0xffffffc6 fr.pc=0x00007f2e99ae3074
Event: 33,691 Thread 0x00007f2ea817a800 DEOPT PACKING pc=0x00007f2e99ae3074 sp=0x00007f2e8adfffd0
Event: 33,691 Thread 0x00007f2ea817a800 DEOPT UNPACKING pc=0x00007f2e99005229 sp=0x00007f2e8adfff90 mode 2
Event: 33,723 Executing VM operation: ParallelGCFailedAllocation


Dynamic libraries:
00400000-00401000 r-xp 00000000 08:01 4591374                            /usr/lib/jvm/java-8-oracle/bin/java
00600000-00601000 rw-p 00000000 08:01 4591374                            /usr/lib/jvm/java-8-oracle/bin/java
0256f000-02590000 rw-p 00000000 00:00 0                                  [heap]
80000000-b2a00000 rw-p 00000000 00:00 0 
c2b00000-d5580000 ---p 00000000 00:00 0 
d5580000-100000000 rw-p 00000000 00:00 0 
100000000-1000a0000 rw-p 00000000 00:00 0 
1000a0000-140000000 ---p 00000000 00:00 0 
7f2e44000000-7f2e44021000 rw-p 00000000 00:00 0 
7f2e44021000-7f2e48000000 ---p 00000000 00:00 0 
7f2e48000000-7f2e48021000 rw-p 00000000 00:00 0 
7f2e48021000-7f2e4c000000 ---p 00000000 00:00 0 
7f2e4c000000-7f2e4c03b000 rw-p 00000000 00:00 0 
7f2e4c03b000-7f2e50000000 ---p 00000000 00:00 0 
7f2e50000000-7f2e5003a000 rw-p 00000000 00:00 0 
7f2e5003a000-7f2e54000000 ---p 00000000 00:00 0 
7f2e54000000-7f2e54046000 rw-p 00000000 00:00 0 
7f2e54046000-7f2e58000000 ---p 00000000 00:00 0 
7f2e58000000-7f2e58021000 rw-p 00000000 00:00 0 
7f2e58021000-7f2e5c000000 ---p 00000000 00:00 0 
7f2e5c000000-7f2e5c021000 rw-p 00000000 00:00 0 
7f2e5c021000-7f2e60000000 ---p 00000000 00:00 0 
7f2e60000000-7f2e60021000 rw-p 00000000 00:00 0 
7f2e60021000-7f2e64000000 ---p 00000000 00:00 0 
7f2e64000000-7f2e65b07000 rw-p 00000000 00:00 0 
7f2e65b07000-7f2e68000000 ---p 00000000 00:00 0 
7f2e68000000-7f2e68b0d000 rw-p 00000000 00:00 0 
7f2e68b0d000-7f2e6c000000 ---p 00000000 00:00 0 
7f2e6c000000-7f2e6c021000 rw-p 00000000 00:00 0 
7f2e6c021000-7f2e70000000 ---p 00000000 00:00 0 
7f2e70000000-7f2e715b7000 rw-p 00000000 00:00 0 
7f2e715b7000-7f2e74000000 ---p 00000000 00:00 0 
7f2e74000000-7f2e74021000 rw-p 00000000 00:00 0 
7f2e74021000-7f2e78000000 ---p 00000000 00:00 0 
7f2e78000000-7f2e78021000 rw-p 00000000 00:00 0 
7f2e78021000-7f2e7c000000 ---p 00000000 00:00 0 
7f2e7c000000-7f2e7c021000 rw-p 00000000 00:00 0 
7f2e7c021000-7f2e80000000 ---p 00000000 00:00 0 
7f2e80000000-7f2e80290000 rw-p 00000000 00:00 0 
7f2e80290000-7f2e84000000 ---p 00000000 00:00 0 
7f2e84000000-7f2e84021000 rw-p 00000000 00:00 0 
7f2e84021000-7f2e88000000 ---p 00000000 00:00 0 
7f2e8ac00000-7f2e8ac03000 ---p 00000000 00:00 0 
7f2e8ac03000-7f2e8ad01000 rw-p 00000000 00:00 0                          [stack:2507]
7f2e8ad01000-7f2e8ad04000 ---p 00000000 00:00 0 
7f2e8ad04000-7f2e8ae02000 rw-p 00000000 00:00 0                          [stack:2496]
7f2e8ae02000-7f2e8ae05000 ---p 00000000 00:00 0 
7f2e8ae05000-7f2e8af03000 rw-p 00000000 00:00 0                          [stack:2495]
7f2e8af03000-7f2e8af06000 ---p 00000000 00:00 0 
7f2e8af06000-7f2e8b004000 rw-p 00000000 00:00 0                          [stack:2494]
7f2e8b004000-7f2e8b007000 ---p 00000000 00:00 0 
7f2e8b007000-7f2e8b105000 rw-p 00000000 00:00 0                          [stack:2493]
7f2e8b105000-7f2e8b108000 ---p 00000000 00:00 0 
7f2e8b108000-7f2e8b206000 rw-p 00000000 00:00 0                          [stack:2492]
7f2e8b206000-7f2e8b2e8000 r--s 00ade000 08:01 9186198                    /home/tomasz/AndroidStudioProjects/ITAssistant/app/build/intermediates/transforms/CLASSES/FULL_PROJECT/jarMerging/debug/classes.jar
7f2e8b2e8000-7f2e8b2e9000 ---p 00000000 00:00 0 
7f2e8b2e9000-7f2e8b3e9000 rw-p 00000000 00:00 0                          [stack:2491]
7f2e8b3e9000-7f2e8b3ec000 ---p 00000000 00:00 0 
7f2e8b3ec000-7f2e8b4ea000 rw-p 00000000 00:00 0                          [stack:2489]
7f2e8b4ea000-7f2e8b4ed000 ---p 00000000 00:00 0 
7f2e8b4ed000-7f2e8b5eb000 rw-p 00000000 00:00 0                          [stack:2488]
7f2e8b5eb000-7f2e8b5ee000 ---p 00000000 00:00 0 
7f2e8b5ee000-7f2e8b6ec000 rw-p 00000000 00:00 0                          [stack:2487]
7f2e8b6ec000-7f2e8b6ef000 ---p 00000000 00:00 0 
7f2e8b6ef000-7f2e8b7ed000 rw-p 00000000 00:00 0                          [stack:2486]
7f2e8b7ed000-7f2e8c000000 r--p 00000000 08:01 1579663                    /usr/lib/locale/locale-archive
7f2e8c000000-7f2e8c021000 rw-p 00000000 00:00 0 
7f2e8c021000-7f2e90000000 ---p 00000000 00:00 0 
7f2e90000000-7f2e94000000 rw-p 00000000 00:00 0 
7f2e94000000-7f2e94021000 rw-p 00000000 00:00 0 
7f2e94021000-7f2e98000000 ---p 00000000 00:00 0 
7f2e980ab000-7f2e980d0000 r--p 00000000 08:01 2361987                    /usr/share/locale-langpack/pl/LC_MESSAGES/libc.mo
7f2e980d0000-7f2e980d3000 ---p 00000000 00:00 0 
7f2e980d3000-7f2e981d1000 rw-p 00000000 00:00 0                          [stack:2485]
7f2e981d1000-7f2e981d4000 ---p 00000000 00:00 0 
7f2e981d4000-7f2e982d2000 rw-p 00000000 00:00 0                          [stack:2484]
7f2e982d2000-7f2e982d5000 ---p 00000000 00:00 0 
7f2e982d5000-7f2e983d3000 rw-p 00000000 00:00 0                          [stack:2483]
7f2e983d3000-7f2e983d4000 ---p 00000000 00:00 0 
7f2e983d4000-7f2e99000000 rw-p 00000000 00:00 0                          [stack:2482]
7f2e99000000-7f2e99e00000 rwxp 00000000 00:00 0 
7f2e99e00000-7f2ea8000000 ---p 00000000 00:00 0 
7f2ea8000000-7f2ea83a6000 rw-p 00000000 00:00 0 
7f2ea83a6000-7f2eac000000 ---p 00000000 00:00 0 
7f2eac00c000-7f2eac4c2000 rw-p 00000000 00:00 0 
7f2eac4c2000-7f2eac69b000 r--s 03d20000 08:01 4069182                    /usr/lib/jvm/java-8-oracle/jre/lib/rt.jar
7f2eac69b000-7f2eacdd1000 rw-p 00000000 00:00 0 
7f2eacdd1000-7f2eacf11000 ---p 00000000 00:00 0 
7f2eacf11000-7f2ead311000 rw-p 00000000 00:00 0 
7f2ead311000-7f2ead312000 ---p 00000000 00:00 0 
7f2ead312000-7f2ead412000 rw-p 00000000 00:00 0                          [stack:2481]
7f2ead412000-7f2ead413000 ---p 00000000 00:00 0 
7f2ead413000-7f2ead513000 rw-p 00000000 00:00 0                          [stack:2480]
7f2ead513000-7f2ead514000 ---p 00000000 00:00 0 
7f2ead514000-7f2ead614000 rw-p 00000000 00:00 0                          [stack:2479]
7f2ead614000-7f2ead615000 ---p 00000000 00:00 0 
7f2ead615000-7f2ead8aa000 rw-p 00000000 00:00 0                          [stack:2478]
7f2ead8aa000-7f2ead9c0000 ---p 00000000 00:00 0 
7f2ead9c0000-7f2eadb55000 rw-p 00000000 00:00 0 
7f2eadb55000-7f2eadc6a000 ---p 00000000 00:00 0 
7f2eadc6a000-7f2eaddc0000 rw-p 00000000 00:00 0 
7f2eaddc0000-7f2eaddf9000 rw-p 00000000 00:00 0 
7f2eaddf9000-7f2eae181000 ---p 00000000 00:00 0 
7f2eae181000-7f2eae19b000 r-xp 00000000 08:01 4069168                    /usr/lib/jvm/java-8-oracle/jre/lib/amd64/libzip.so
7f2eae19b000-7f2eae39b000 ---p 0001a000 08:01 4069168                    /usr/lib/jvm/java-8-oracle/jre/lib/amd64/libzip.so
7f2eae39b000-7f2eae39c000 rw-p 0001a000 08:01 4069168                    /usr/lib/jvm/java-8-oracle/jre/lib/amd64/libzip.so
7f2eae39c000-7f2eae3a7000 r-xp 00000000 08:01 5771445                    /lib/x86_64-linux-gnu/libnss_files-2.19.so
7f2eae3a7000-7f2eae5a6000 ---p 0000b000 08:01 5771445                    /lib/x86_64-linux-gnu/libnss_files-2.19.so
7f2eae5a6000-7f2eae5a7000 r--p 0000a000 08:01 5771445                    /lib/x86_64-linux-gnu/libnss_files-2.19.so
7f2eae5a7000-7f2eae5a8000 rw-p 0000b000 08:01 5771445                    /lib/x86_64-linux-gnu/libnss_files-2.19.so
7f2eae5a8000-7f2eae5b3000 r-xp 00000000 08:01 5771455                    /lib/x86_64-linux-gnu/libnss_nis-2.19.so
7f2eae5b3000-7f2eae7b2000 ---p 0000b000 08:01 5771455                    /lib/x86_64-linux-gnu/libnss_nis-2.19.so
7f2eae7b2000-7f2eae7b3000 r--p 0000a000 08:01 5771455                    /lib/x86_64-linux-gnu/libnss_nis-2.19.so
7f2eae7b3000-7f2eae7b4000 rw-p 0000b000 08:01 5771455                    /lib/x86_64-linux-gnu/libnss_nis-2.19.so
7f2eae7b4000-7f2eae7cb000 r-xp 00000000 08:01 5771439                    /lib/x86_64-linux-gnu/libnsl-2.19.so
7f2eae7cb000-7f2eae9ca000 ---p 00017000 08:01 5771439                    /lib/x86_64-linux-gnu/libnsl-2.19.so
7f2eae9ca000-7f2eae9cb000 r--p 00016000 08:01 5771439                    /lib/x86_64-linux-gnu/libnsl-2.19.so
7f2eae9cb000-7f2eae9cc000 rw-p 00017000 08:01 5771439                    /lib/x86_64-linux-gnu/libnsl-2.19.so
7f2eae9cc000-7f2eae9ce000 rw-p 00000000 00:00 0 
7f2eae9ce000-7f2eae9d7000 r-xp 00000000 08:01 5771441                    /lib/x86_64-linux-gnu/libnss_compat-2.19.so
7f2eae9d7000-7f2eaebd6000 ---p 00009000 08:01 5771441                    /lib/x86_64-linux-gnu/libnss_compat-2.19.so
7f2eaebd6000-7f2eaebd7000 r--p 00008000 08:01 5771441                    /lib/x86_64-linux-gnu/libnss_compat-2.19.so
7f2eaebd7000-7f2eaebd8000 rw-p 00009000 08:01 5771441                    /lib/x86_64-linux-gnu/libnss_compat-2.19.so
7f2eaebd8000-7f2eaec02000 r-xp 00000000 08:01 4069157                    /usr/lib/jvm/java-8-oracle/jre/lib/amd64/libjava.so
7f2eaec02000-7f2eaee02000 ---p 0002a000 08:01 4069157                    /usr/lib/jvm/java-8-oracle/jre/lib/amd64/libjava.so
7f2eaee02000-7f2eaee04000 rw-p 0002a000 08:01 4069157                    /usr/lib/jvm/java-8-oracle/jre/lib/amd64/libjava.so
7f2eaee04000-7f2eaee11000 r-xp 00000000 08:01 4069118                    /usr/lib/jvm/java-8-oracle/jre/lib/amd64/libverify.so
7f2eaee11000-7f2eaf011000 ---p 0000d000 08:01 4069118                    /usr/lib/jvm/java-8-oracle/jre/lib/amd64/libverify.so
7f2eaf011000-7f2eaf013000 rw-p 0000d000 08:01 4069118                    /usr/lib/jvm/java-8-oracle/jre/lib/amd64/libverify.so
7f2eaf013000-7f2eaf01a000 r-xp 00000000 08:01 5771498                    /lib/x86_64-linux-gnu/librt-2.19.so
7f2eaf01a000-7f2eaf219000 ---p 00007000 08:01 5771498                    /lib/x86_64-linux-gnu/librt-2.19.so
7f2eaf219000-7f2eaf21a000 r--p 00006000 08:01 5771498                    /lib/x86_64-linux-gnu/librt-2.19.so
7f2eaf21a000-7f2eaf21b000 rw-p 00007000 08:01 5771498                    /lib/x86_64-linux-gnu/librt-2.19.so
7f2eaf21b000-7f2eaf320000 r-xp 00000000 08:01 5771420                    /lib/x86_64-linux-gnu/libm-2.19.so
7f2eaf320000-7f2eaf51f000 ---p 00105000 08:01 5771420                    /lib/x86_64-linux-gnu/libm-2.19.so
7f2eaf51f000-7f2eaf520000 r--p 00104000 08:01 5771420                    /lib/x86_64-linux-gnu/libm-2.19.so
7f2eaf520000-7f2eaf521000 rw-p 00105000 08:01 5771420                    /lib/x86_64-linux-gnu/libm-2.19.so
7f2eaf521000-7f2eb01df000 r-xp 00000000 08:01 4069167                    /usr/lib/jvm/java-8-oracle/jre/lib/amd64/server/libjvm.so
7f2eb01df000-7f2eb03de000 ---p 00cbe000 08:01 4069167                    /usr/lib/jvm/java-8-oracle/jre/lib/amd64/server/libjvm.so
7f2eb03de000-7f2eb04b7000 rw-p 00cbd000 08:01 4069167                    /usr/lib/jvm/java-8-oracle/jre/lib/amd64/server/libjvm.so
7f2eb04b7000-7f2eb04fb000 rw-p 00000000 00:00 0 
7f2eb04fb000-7f2eb06b6000 r-xp 00000000 08:01 5771370                    /lib/x86_64-linux-gnu/libc-2.19.so
7f2eb06b6000-7f2eb08b5000 ---p 001bb000 08:01 5771370                    /lib/x86_64-linux-gnu/libc-2.19.so
7f2eb08b5000-7f2eb08b9000 r--p 001ba000 08:01 5771370                    /lib/x86_64-linux-gnu/libc-2.19.so
7f2eb08b9000-7f2eb08bb000 rw-p 001be000 08:01 5771370                    /lib/x86_64-linux-gnu/libc-2.19.so
7f2eb08bb000-7f2eb08c0000 rw-p 00000000 00:00 0 
7f2eb08c0000-7f2eb08c3000 r-xp 00000000 08:01 5771387                    /lib/x86_64-linux-gnu/libdl-2.19.so
7f2eb08c3000-7f2eb0ac2000 ---p 00003000 08:01 5771387                    /lib/x86_64-linux-gnu/libdl-2.19.so
7f2eb0ac2000-7f2eb0ac3000 r--p 00002000 08:01 5771387                    /lib/x86_64-linux-gnu/libdl-2.19.so
7f2eb0ac3000-7f2eb0ac4000 rw-p 00003000 08:01 5771387                    /lib/x86_64-linux-gnu/libdl-2.19.so
7f2eb0ac4000-7f2eb0ad9000 r-xp 00000000 08:01 4727160                    /usr/lib/jvm/java-8-oracle/lib/amd64/jli/libjli.so
7f2eb0ad9000-7f2eb0cd9000 ---p 00015000 08:01 4727160                    /usr/lib/jvm/java-8-oracle/lib/amd64/jli/libjli.so
7f2eb0cd9000-7f2eb0cda000 rw-p 00015000 08:01 4727160                    /usr/lib/jvm/java-8-oracle/lib/amd64/jli/libjli.so
7f2eb0cda000-7f2eb0cf3000 r-xp 00000000 08:01 5771490                    /lib/x86_64-linux-gnu/libpthread-2.19.so
7f2eb0cf3000-7f2eb0ef2000 ---p 00019000 08:01 5771490                    /lib/x86_64-linux-gnu/libpthread-2.19.so
7f2eb0ef2000-7f2eb0ef3000 r--p 00018000 08:01 5771490                    /lib/x86_64-linux-gnu/libpthread-2.19.so
7f2eb0ef3000-7f2eb0ef4000 rw-p 00019000 08:01 5771490                    /lib/x86_64-linux-gnu/libpthread-2.19.so
7f2eb0ef4000-7f2eb0ef8000 rw-p 00000000 00:00 0 
7f2eb0ef8000-7f2eb0f1b000 r-xp 00000000 08:01 5771346                    /lib/x86_64-linux-gnu/ld-2.19.so
7f2eb0f23000-7f2eb0f2a000 r--s 00000000 08:01 1967077                    /usr/lib/x86_64-linux-gnu/gconv/gconv-modules.cache
7f2eb0f2a000-7f2eb0ff6000 rw-p 00000000 00:00 0 
7f2eb0ff6000-7f2eb0ff9000 ---p 00000000 00:00 0 
7f2eb0ff9000-7f2eb10fb000 rw-p 00000000 00:00 0                          [stack:2477]
7f2eb10fe000-7f2eb10ff000 rw-p 00000000 00:00 0 
7f2eb10ff000-7f2eb110e000 r--s 000df000 08:01 656243                     /home/tomasz/Android/Sdk/build-tools/23.0.1/lib/dx.jar
7f2eb110e000-7f2eb1116000 rw-s 00000000 08:01 6818683                    /tmp/hsperfdata_tomasz/2472
7f2eb1116000-7f2eb1117000 rw-p 00000000 00:00 0 
7f2eb1117000-7f2eb1118000 ---p 00000000 00:00 0 
7f2eb1118000-7f2eb111a000 rw-p 00000000 00:00 0 
7f2eb111a000-7f2eb111b000 r--p 00022000 08:01 5771346                    /lib/x86_64-linux-gnu/ld-2.19.so
7f2eb111b000-7f2eb111c000 rw-p 00023000 08:01 5771346                    /lib/x86_64-linux-gnu/ld-2.19.so
7f2eb111c000-7f2eb111d000 rw-p 00000000 00:00 0 
7fffdfed2000-7fffdfef3000 rw-p 00000000 00:00 0                          [stack]
7fffdff74000-7fffdff76000 r--p 00000000 00:00 0                          [vvar]
7fffdff76000-7fffdff78000 r-xp 00000000 00:00 0                          [vdso]
ffffffffff600000-ffffffffff601000 r-xp 00000000 00:00 0                  [vsyscall]

VM Arguments:
jvm_args: -Xmx2g -Dfile.encoding=UTF-8 -Duser.country=PL -Duser.language=pl -Duser.variant 
java_command: com.android.dx.command.Main --dex --num-threads=4 --multi-dex --main-dex-list /home/tomasz/AndroidStudioProjects/ITAssistant/app/build/intermediates/multi-dex/debug/maindexlist.txt --output /home/tomasz/AndroidStudioProjects/ITAssistant/app/build/intermediates/transforms/DEX/FULL_PROJECT/dex/debug /home/tomasz/AndroidStudioProjects/ITAssistant/app/build/intermediates/transforms/CLASSES/FULL_PROJECT/jarMerging/debug/classes.jar
java_class_path (initial): /home/tomasz/Android/Sdk/build-tools/23.0.1/lib/dx.jar
Launcher Type: SUN_STANDARD

Environment Variables:
PATH=/usr/local/sbin:/usr/local/bin:/usr/sbin:/usr/bin:/sbin:/bin:/usr/games:/usr/local/games
LD_LIBRARY_PATH=/opt/android-studio/bin:
SHELL=/bin/bash
DISPLAY=:0

Signal Handlers:
SIGSEGV: [libjvm.so+0xaba2a0], sa_mask[0]=11111111011111111101111111111110, sa_flags=SA_RESTART|SA_SIGINFO
SIGBUS: [libjvm.so+0xaba2a0], sa_mask[0]=11111111011111111101111111111110, sa_flags=SA_RESTART|SA_SIGINFO
SIGFPE: [libjvm.so+0x917710], sa_mask[0]=11111111011111111101111111111110, sa_flags=SA_RESTART|SA_SIGINFO
SIGPIPE: [libjvm.so+0x917710], sa_mask[0]=11111111011111111101111111111110, sa_flags=SA_RESTART|SA_SIGINFO
SIGXFSZ: [libjvm.so+0x917710], sa_mask[0]=11111111011111111101111111111110, sa_flags=SA_RESTART|SA_SIGINFO
SIGILL: [libjvm.so+0x917710], sa_mask[0]=11111111011111111101111111111110, sa_flags=SA_RESTART|SA_SIGINFO
SIGUSR1: SIG_DFL, sa_mask[0]=00000000000000000000000000000000, sa_flags=none
SIGUSR2: [libjvm.so+0x918d40], sa_mask[0]=00100000000000000000000000000000, sa_flags=SA_RESTART|SA_SIGINFO
SIGHUP: [libjvm.so+0x91a140], sa_mask[0]=11111111011111111101111111111110, sa_flags=SA_RESTART|SA_SIGINFO
SIGINT: [libjvm.so+0x91a140], sa_mask[0]=11111111011111111101111111111110, sa_flags=SA_RESTART|SA_SIGINFO
SIGTERM: [libjvm.so+0x91a140], sa_mask[0]=11111111011111111101111111111110, sa_flags=SA_RESTART|SA_SIGINFO
SIGQUIT: [libjvm.so+0x91a140], sa_mask[0]=11111111011111111101111111111110, sa_flags=SA_RESTART|SA_SIGINFO


---------------  S Y S T E M  ---------------

OS:DISTRIB_ID=Ubuntu
DISTRIB_RELEASE=14.04
DISTRIB_CODENAME=trusty
DISTRIB_DESCRIPTION="Ubuntu 14.04.3 LTS"

uname:Linux 3.19.0-31-generic #36~14.04.1-Ubuntu SMP Thu Oct 8 10:21:08 UTC 2015 x86_64
libc:glibc 2.19 NPTL 2.19 
rlimit: STACK 8192k, CORE 0k, NPROC 23202, NOFILE 4096, AS infinity
load average:3,09 1,61 1,25

/proc/meminfo:
MemTotal:        5961336 kB
MemFree:          116600 kB
MemAvailable:     136092 kB
Buffers:            6840 kB
Cached:           458612 kB
SwapCached:            0 kB
Active:          5229864 kB
Inactive:         388180 kB
Active(anon):    5170740 kB
Inactive(anon):   323744 kB
Active(file):      59124 kB
Inactive(file):    64436 kB
Unevictable:         824 kB
Mlocked:             824 kB
SwapTotal:             0 kB
SwapFree:              0 kB
Dirty:                 0 kB
Writeback:           128 kB
AnonPages:       5153536 kB
Mapped:           130356 kB
Shmem:            341796 kB
Slab:             123788 kB
SReclaimable:      84352 kB
SUnreclaim:        39436 kB
KernelStack:       10240 kB
PageTables:        43324 kB
NFS_Unstable:          0 kB
Bounce:                0 kB
WritebackTmp:          0 kB
CommitLimit:     2980668 kB
Committed_AS:    8926044 kB
VmallocTotal:   34359738367 kB
VmallocUsed:      557796 kB
VmallocChunk:   34359162844 kB
HardwareCorrupted:     0 kB
AnonHugePages:   1722368 kB
CmaTotal:              0 kB
CmaFree:               0 kB
HugePages_Total:       0
HugePages_Free:        0
HugePages_Rsvd:        0
HugePages_Surp:        0
Hugepagesize:       2048 kB
DirectMap4k:      196864 kB
DirectMap2M:     5943296 kB


CPU:total 4 (2 cores per cpu, 2 threads per core) family 6 model 42 stepping 7, cmov, cx8, fxsr, mmx, sse, sse2, sse3, ssse3, sse4.1, sse4.2, popcnt, avx, aes, clmul, ht, tsc, tscinvbit

/proc/cpuinfo:
processor	: 0
vendor_id	: GenuineIntel
cpu family	: 6
model		: 42
model name	: Intel(R) Core(TM) i5-2450M CPU @ 2.50GHz
stepping	: 7
microcode	: 0x25
cpu MHz		: 2489.746
cache size	: 3072 KB
physical id	: 0
siblings	: 4
core id		: 0
cpu cores	: 2
apicid		: 0
initial apicid	: 0
fpu		: yes
fpu_exception	: yes
cpuid level	: 13
wp		: yes
flags		: fpu vme de pse tsc msr pae mce cx8 apic sep mtrr pge mca cmov pat pse36 clflush dts acpi mmx fxsr sse sse2 ss ht tm pbe syscall nx rdtscp lm constant_tsc arch_perfmon pebs bts rep_good nopl xtopology nonstop_tsc aperfmperf eagerfpu pni pclmulqdq dtes64 monitor ds_cpl vmx est tm2 ssse3 cx16 xtpr pdcm pcid sse4_1 sse4_2 x2apic popcnt tsc_deadline_timer aes xsave avx lahf_lm ida arat epb pln pts dtherm tpr_shadow vnmi flexpriority ept vpid xsaveopt
bugs		:
bogomips	: 4988.61
clflush size	: 64
cache_alignment	: 64
address sizes	: 36 bits physical, 48 bits virtual
power management:

processor	: 1
vendor_id	: GenuineIntel
cpu family	: 6
model		: 42
model name	: Intel(R) Core(TM) i5-2450M CPU @ 2.50GHz
stepping	: 7
microcode	: 0x25
cpu MHz		: 2899.902
cache size	: 3072 KB
physical id	: 0
siblings	: 4
core id		: 0
cpu cores	: 2
apicid		: 1
initial apicid	: 1
fpu		: yes
fpu_exception	: yes
cpuid level	: 13
wp		: yes
flags		: fpu vme de pse tsc msr pae mce cx8 apic sep mtrr pge mca cmov pat pse36 clflush dts acpi mmx fxsr sse sse2 ss ht tm pbe syscall nx rdtscp lm constant_tsc arch_perfmon pebs bts rep_good nopl xtopology nonstop_tsc aperfmperf eagerfpu pni pclmulqdq dtes64 monitor ds_cpl vmx est tm2 ssse3 cx16 xtpr pdcm pcid sse4_1 sse4_2 x2apic popcnt tsc_deadline_timer aes xsave avx lahf_lm ida arat epb pln pts dtherm tpr_shadow vnmi flexpriority ept vpid xsaveopt
bugs		:
bogomips	: 4988.61
clflush size	: 64
cache_alignment	: 64
address sizes	: 36 bits physical, 48 bits virtual
power management:

processor	: 2
vendor_id	: GenuineIntel
cpu family	: 6
model		: 42
model name	: Intel(R) Core(TM) i5-2450M CPU @ 2.50GHz
stepping	: 7
microcode	: 0x25
cpu MHz		: 2671.191
cache size	: 3072 KB
physical id	: 0
siblings	: 4
core id		: 1
cpu cores	: 2
apicid		: 2
initial apicid	: 2
fpu		: yes
fpu_exception	: yes
cpuid level	: 13
wp		: yes
flags		: fpu vme de pse tsc msr pae mce cx8 apic sep mtrr pge mca cmov pat pse36 clflush dts acpi mmx fxsr sse sse2 ss ht tm pbe syscall nx rdtscp lm constant_tsc arch_perfmon pebs bts rep_good nopl xtopology nonstop_tsc aperfmperf eagerfpu pni pclmulqdq dtes64 monitor ds_cpl vmx est tm2 ssse3 cx16 xtpr pdcm pcid sse4_1 sse4_2 x2apic popcnt tsc_deadline_timer aes xsave avx lahf_lm ida arat epb pln pts dtherm tpr_shadow vnmi flexpriority ept vpid xsaveopt
bugs		:
bogomips	: 4988.61
clflush size	: 64
cache_alignment	: 64
address sizes	: 36 bits physical, 48 bits virtual
power management:

processor	: 3
vendor_id	: GenuineIntel
cpu family	: 6
model		: 42
model name	: Intel(R) Core(TM) i5-2450M CPU @ 2.50GHz
stepping	: 7
microcode	: 0x25
cpu MHz		: 2899.902
cache size	: 3072 KB
physical id	: 0
siblings	: 4
core id		: 1
cpu cores	: 2
apicid		: 3
initial apicid	: 3
fpu		: yes
fpu_exception	: yes
cpuid level	: 13
wp		: yes
flags		: fpu vme de pse tsc msr pae mce cx8 apic sep mtrr pge mca cmov pat pse36 clflush dts acpi mmx fxsr sse sse2 ss ht tm pbe syscall nx rdtscp lm constant_tsc arch_perfmon pebs bts rep_good nopl xtopology nonstop_tsc aperfmperf eagerfpu pni pclmulqdq dtes64 monitor ds_cpl vmx est tm2 ssse3 cx16 xtpr pdcm pcid sse4_1 sse4_2 x2apic popcnt tsc_deadline_timer aes xsave avx lahf_lm ida arat epb pln pts dtherm tpr_shadow vnmi flexpriority ept vpid xsaveopt
bugs		:
bogomips	: 4988.61
clflush size	: 64
cache_alignment	: 64
address sizes	: 36 bits physical, 48 bits virtual
power management:



Memory: 4k page, physical 5961336k(116600k free), swap 0k(0k free)

vm_info: Java HotSpot(TM) 64-Bit Server VM (25.66-b17) for linux-amd64 JRE (1.8.0_66-b17), built on Oct  6 2015 17:28:34 by "java_re" with gcc 4.3.0 20080428 (Red Hat 4.3.0-8)

time: Fri Nov 13 22:49:06 2015
elapsed time: 37 seconds (0d 0h 0m 37s)

