#
# There is insufficient memory for the Java Runtime Environment to continue.
# Native memory allocation (mmap) failed to map 321912832 bytes for committing reserved memory.
# Possible reasons:
#   The system is out of physical RAM or swap space
#   In 32 bit mode, the process size limit was hit
# Possible solutions:
#   Reduce memory load on the system
#   Increase physical memory or swap space
#   Check if swap backing store is full
#   Use 64 bit Java on a 64 bit OS
#   Decrease Java heap size (-Xmx/-Xms)
#   Decrease number of Java threads
#   Decrease Java thread stack sizes (-Xss)
#   Set larger code cache with -XX:ReservedCodeCacheSize=
# This output file may be truncated or incomplete.
#
#  Out of Memory Error (os_linux.cpp:2627), pid=26003, tid=140306075039488
#
# JRE version: Java(TM) SE Runtime Environment (8.0_66-b17) (build 1.8.0_66-b17)
# Java VM: Java HotSpot(TM) 64-Bit Server VM (25.66-b17 mixed mode linux-amd64 compressed oops)
# Failed to write core dump. Core dumps have been disabled. To enable core dumping, try "ulimit -c unlimited" before starting Java again
#

---------------  T H R E A D  ---------------

Current thread (0x00007f9ba0078000):  VMThread [stack: 0x00007f9b8db33000,0x00007f9b8dc34000] [id=26013]

Stack: [0x00007f9b8db33000,0x00007f9b8dc34000],  sp=0x00007f9b8dc31fe0,  free space=1019k
Native frames: (J=compiled Java code, j=interpreted, Vv=VM code, C=native code)
V  [libjvm.so+0xab9a1a]  VMError::report_and_die()+0x2ba
V  [libjvm.so+0x4f9e0b]  report_vm_out_of_memory(char const*, int, unsigned long, VMErrorType, char const*)+0x8b
V  [libjvm.so+0x91a8a3]  os::Linux::commit_memory_impl(char*, unsigned long, bool)+0x103
V  [libjvm.so+0x91adf9]  os::pd_commit_memory(char*, unsigned long, unsigned long, bool)+0x29
V  [libjvm.so+0x91510a]  os::commit_memory(char*, unsigned long, unsigned long, bool)+0x2a
V  [libjvm.so+0x9887a3]  PSVirtualSpace::expand_by(unsigned long)+0x53
V  [libjvm.so+0x979090]  PSOldGen::expand(unsigned long)+0x170
V  [libjvm.so+0x97929b]  PSOldGen::resize(unsigned long)+0x1cb
V  [libjvm.so+0x980f71]  PSParallelCompact::invoke_no_policy(bool)+0x991
V  [libjvm.so+0x9868cd]  PSScavenge::invoke()+0x1ad
V  [libjvm.so+0x93e500]  ParallelScavengeHeap::failed_mem_allocate(unsigned long)+0x70
V  [libjvm.so+0xabb437]  VM_ParallelGCFailedAllocation::doit()+0x97
V  [libjvm.so+0xac2e65]  VM_Operation::evaluate()+0x55
V  [libjvm.so+0xac123a]  VMThread::evaluate_operation(VM_Operation*)+0xba
V  [libjvm.so+0xac15be]  VMThread::loop()+0x1ce
V  [libjvm.so+0xac1a30]  VMThread::run()+0x70
V  [libjvm.so+0x91cc68]  java_start(Thread*)+0x108

VM_Operation (0x00007f9b8c746a80): ParallelGCFailedAllocation, mode: safepoint, requested by thread 0x00007f9ba01b1800


---------------  P R O C E S S  ---------------

Java Threads: ( => current thread )
  0x00007f9ba0241800 JavaThread "pool-1-thread-1" [_thread_blocked, id=26052, stack(0x00007f9b8c446000,0x00007f9b8c547000)]
  0x00007f9ba01b3800 JavaThread "pool-2-thread-4" [_thread_blocked, id=26026, stack(0x00007f9b8c547000,0x00007f9b8c648000)]
  0x00007f9ba01b1800 JavaThread "pool-2-thread-3" [_thread_blocked, id=26025, stack(0x00007f9b8c648000,0x00007f9b8c749000)]
  0x00007f9ba01b0000 JavaThread "pool-2-thread-2" [_thread_blocked, id=26024, stack(0x00007f9b8c749000,0x00007f9b8c84a000)]
  0x00007f9ba01af000 JavaThread "pool-3-thread-1" [_thread_blocked, id=26023, stack(0x00007f9b8c84a000,0x00007f9b8c94b000)]
  0x00007f9ba01ac800 JavaThread "pool-2-thread-1" [_thread_blocked, id=26022, stack(0x00007f9b8c94b000,0x00007f9b8ca4c000)]
  0x00007f9ba00c2800 JavaThread "Service Thread" daemon [_thread_blocked, id=26020, stack(0x00007f9b8cc19000,0x00007f9b8cd1a000)]
  0x00007f9ba00bd800 JavaThread "C1 CompilerThread2" daemon [_thread_blocked, id=26019, stack(0x00007f9b8cd1a000,0x00007f9b8ce1b000)]
  0x00007f9ba00bb800 JavaThread "C2 CompilerThread1" daemon [_thread_blocked, id=26018, stack(0x00007f9b8ce1b000,0x00007f9b8cf1c000)]
  0x00007f9ba00b8800 JavaThread "C2 CompilerThread0" daemon [_thread_blocked, id=26017, stack(0x00007f9b8cf1c000,0x00007f9b8d01d000)]
  0x00007f9ba00b7800 JavaThread "Signal Dispatcher" daemon [_thread_blocked, id=26016, stack(0x00007f9b8d01d000,0x00007f9b8d11e000)]
  0x00007f9ba007f000 JavaThread "Finalizer" daemon [_thread_blocked, id=26015, stack(0x00007f9b8d931000,0x00007f9b8da32000)]
  0x00007f9ba007d000 JavaThread "Reference Handler" daemon [_thread_blocked, id=26014, stack(0x00007f9b8da32000,0x00007f9b8db33000)]
  0x00007f9ba000a000 JavaThread "main" [_thread_blocked, id=26005, stack(0x00007f9ba675c000,0x00007f9ba685d000)]

Other Threads:
=>0x00007f9ba0078000 VMThread [stack: 0x00007f9b8db33000,0x00007f9b8dc34000] [id=26013]
  0x00007f9ba00c5800 WatcherThread [stack: 0x00007f9b8cb18000,0x00007f9b8cc19000] [id=26021]

VM state:at safepoint (normal execution)

VM Mutex/Monitor currently owned by a thread:  ([mutex/lock_event])
[0x00007f9ba0005ef0] ExpandHeap_lock - owner thread: 0x00007f9ba0078000
[0x00007f9ba0006570] Threads_lock - owner thread: 0x00007f9ba0078000
[0x00007f9ba0006a70] Heap_lock - owner thread: 0x00007f9ba01b1800

Heap:
 PSYoungGen      total 347648K, used 0K [0x00000000d5580000, 0x00000000ff800000, 0x0000000100000000)
  eden space 232960K, 0% used [0x00000000d5580000,0x00000000d5580000,0x00000000e3900000)
  from space 114688K, 0% used [0x00000000e3900000,0x00000000e3900000,0x00000000ea900000)
  to   space 228864K, 0% used [0x00000000f1880000,0x00000000f1880000,0x00000000ff800000)
 ParOldGen       total 843264K, used 841503K [0x0000000080000000, 0x00000000b3780000, 0x00000000d5580000)
  object space 843264K, 99% used [0x0000000080000000,0x00000000b35c7cd8,0x00000000b3780000)
 Metaspace       used 6933K, capacity 7608K, committed 7936K, reserved 1056768K
  class space    used 636K, capacity 688K, committed 768K, reserved 1048576K

Card table byte_map: [0x00007f9b8fff2000,0x00007f9b903f3000] byte_map_base: 0x00007f9b8fbf2000

Marking Bits: (ParMarkBitMap*) 0x00007f9ba5c38020
 Begin Bits: [0x00007f9b84000000, 0x00007f9b86000000)
 End Bits:   [0x00007f9b86000000, 0x00007f9b88000000)

Polling page: 0x00007f9ba687f000

CodeCache: size=245760Kb used=14249Kb max_used=14249Kb free=231510Kb
 bounds [0x00007f9b907b3000, 0x00007f9b915b3000, 0x00007f9b9f7b3000]
 total_blobs=3074 nmethods=2805 adapters=182
 compilation: enabled

Compilation events (10 events):
Event: 32,302 Thread 0x00007f9ba00bd800 3464       1       com.android.dx.dex.code.CatchHandlerList$Entry::getHandler (5 bytes)
Event: 32,302 Thread 0x00007f9ba00bd800 nmethod 3464 0x00007f9b91596dd0 code [0x00007f9b91596f20, 0x00007f9b91597030]
Event: 32,303 Thread 0x00007f9ba00bd800 3465       1       com.android.dx.dex.code.CatchTable$Entry::getHandlers (5 bytes)
Event: 32,303 Thread 0x00007f9ba00bd800 nmethod 3465 0x00007f9b91596b10 code [0x00007f9b91596c60, 0x00007f9b91596d70]
Event: 32,321 Thread 0x00007f9ba00bd800 3467       3       com.android.dx.cf.direct.StdAttributeFactory::innerClasses (383 bytes)
Event: 32,331 Thread 0x00007f9ba00bd800 nmethod 3467 0x00007f9b9159e510 code [0x00007f9b9159ef80, 0x00007f9b915a69a8]
Event: 32,339 Thread 0x00007f9ba00bd800 3468       1       com.android.dx.util.ByteArrayAnnotatedOutput::getCursor (5 bytes)
Event: 32,339 Thread 0x00007f9ba00bd800 nmethod 3468 0x00007f9b91596850 code [0x00007f9b915969a0, 0x00007f9b91596ab0]
Event: 32,340 Thread 0x00007f9ba00bd800 3469       2       com.android.dex.Leb128::writeUnsignedLeb128 (46 bytes)
Event: 32,341 Thread 0x00007f9ba00bd800 nmethod 3469 0x00007f9b915963d0 code [0x00007f9b91596540, 0x00007f9b91596738]

GC Heap History (10 events):
Event: 29,060 GC heap after
Heap after GC invocations=26 (full 5):
 PSYoungGen      total 337920K, used 104685K [0x00000000d5580000, 0x00000000fee80000, 0x0000000100000000)
  eden space 232960K, 0% used [0x00000000d5580000,0x00000000d5580000,0x00000000e3900000)
  from space 104960K, 99% used [0x00000000e3900000,0x00000000e9f3b738,0x00000000e9f80000)
  to   space 221696K, 0% used [0x00000000f1600000,0x00000000f1600000,0x00000000fee80000)
 ParOldGen       total 843264K, used 637733K [0x0000000080000000, 0x00000000b3780000, 0x00000000d5580000)
  object space 843264K, 75% used [0x0000000080000000,0x00000000a6ec9478,0x00000000b3780000)
 Metaspace       used 6696K, capacity 7384K, committed 7680K, reserved 1056768K
  class space    used 623K, capacity 656K, committed 768K, reserved 1048576K
}
Event: 29,682 GC heap before
{Heap before GC invocations=27 (full 5):
 PSYoungGen      total 337920K, used 337645K [0x00000000d5580000, 0x00000000fee80000, 0x0000000100000000)
  eden space 232960K, 100% used [0x00000000d5580000,0x00000000e3900000,0x00000000e3900000)
  from space 104960K, 99% used [0x00000000e3900000,0x00000000e9f3b738,0x00000000e9f80000)
  to   space 221696K, 0% used [0x00000000f1600000,0x00000000f1600000,0x00000000fee80000)
 ParOldGen       total 843264K, used 637733K [0x0000000080000000, 0x00000000b3780000, 0x00000000d5580000)
  object space 843264K, 75% used [0x0000000080000000,0x00000000a6ec9478,0x00000000b3780000)
 Metaspace       used 6698K, capacity 7384K, committed 7680K, reserved 1056768K
  class space    used 623K, capacity 656K, committed 768K, reserved 1048576K
Event: 29,833 GC heap after
Heap after GC invocations=27 (full 5):
 PSYoungGen      total 455680K, used 137289K [0x00000000d5580000, 0x0000000100000000, 0x0000000100000000)
  eden space 233984K, 0% used [0x00000000d5580000,0x00000000d5580000,0x00000000e3a00000)
  from space 221696K, 61% used [0x00000000f1600000,0x00000000f9c12788,0x00000000fee80000)
  to   space 225280K, 0% used [0x00000000e3a00000,0x00000000e3a00000,0x00000000f1600000)
 ParOldGen       total 843264K, used 637733K [0x0000000080000000, 0x00000000b3780000, 0x00000000d5580000)
  object space 843264K, 75% used [0x0000000080000000,0x00000000a6ec9478,0x00000000b3780000)
 Metaspace       used 6698K, capacity 7384K, committed 7680K, reserved 1056768K
  class space    used 623K, capacity 656K, committed 768K, reserved 1048576K
}
Event: 30,430 GC heap before
{Heap before GC invocations=28 (full 5):
 PSYoungGen      total 455680K, used 371273K [0x00000000d5580000, 0x0000000100000000, 0x0000000100000000)
  eden space 233984K, 100% used [0x00000000d5580000,0x00000000e3a00000,0x00000000e3a00000)
  from space 221696K, 61% used [0x00000000f1600000,0x00000000f9c12788,0x00000000fee80000)
  to   space 225280K, 0% used [0x00000000e3a00000,0x00000000e3a00000,0x00000000f1600000)
 ParOldGen       total 843264K, used 637733K [0x0000000080000000, 0x00000000b3780000, 0x00000000d5580000)
  object space 843264K, 75% used [0x0000000080000000,0x00000000a6ec9478,0x00000000b3780000)
 Metaspace       used 6702K, capacity 7384K, committed 7680K, reserved 1056768K
  class space    used 623K, capacity 656K, committed 768K, reserved 1048576K
Event: 30,622 GC heap after
Heap after GC invocations=28 (full 5):
 PSYoungGen      total 459264K, used 171259K [0x00000000d5580000, 0x0000000100000000, 0x0000000100000000)
  eden space 233984K, 0% used [0x00000000d5580000,0x00000000d5580000,0x00000000e3a00000)
  from space 225280K, 76% used [0x00000000e3a00000,0x00000000ee13ee98,0x00000000f1600000)
  to   space 232960K, 0% used [0x00000000f1c80000,0x00000000f1c80000,0x0000000100000000)
 ParOldGen       total 843264K, used 637741K [0x0000000080000000, 0x00000000b3780000, 0x00000000d5580000)
  object space 843264K, 75% used [0x0000000080000000,0x00000000a6ecb478,0x00000000b3780000)
 Metaspace       used 6702K, capacity 7384K, committed 7680K, reserved 1056768K
  class space    used 623K, capacity 656K, committed 768K, reserved 1048576K
}
Event: 31,319 GC heap before
{Heap before GC invocations=29 (full 5):
 PSYoungGen      total 459264K, used 405243K [0x00000000d5580000, 0x0000000100000000, 0x0000000100000000)
  eden space 233984K, 100% used [0x00000000d5580000,0x00000000e3a00000,0x00000000e3a00000)
  from space 225280K, 76% used [0x00000000e3a00000,0x00000000ee13ee98,0x00000000f1600000)
  to   space 232960K, 0% used [0x00000000f1c80000,0x00000000f1c80000,0x0000000100000000)
 ParOldGen       total 843264K, used 637741K [0x0000000080000000, 0x00000000b3780000, 0x00000000d5580000)
  object space 843264K, 75% used [0x0000000080000000,0x00000000a6ecb478,0x00000000b3780000)
 Metaspace       used 6735K, capacity 7384K, committed 7680K, reserved 1056768K
  class space    used 625K, capacity 656K, committed 768K, reserved 1048576K
Event: 31,583 GC heap after
Heap after GC invocations=29 (full 5):
 PSYoungGen      total 465920K, used 144542K [0x00000000d5580000, 0x0000000100000000, 0x0000000100000000)
  eden space 232960K, 0% used [0x00000000d5580000,0x00000000d5580000,0x00000000e3900000)
  from space 232960K, 62% used [0x00000000f1c80000,0x00000000fa9a7a50,0x0000000100000000)
  to   space 232960K, 0% used [0x00000000e3900000,0x00000000e3900000,0x00000000f1c80000)
 ParOldGen       total 843264K, used 703825K [0x0000000080000000, 0x00000000b3780000, 0x00000000d5580000)
  object space 843264K, 83% used [0x0000000080000000,0x00000000aaf547a0,0x00000000b3780000)
 Metaspace       used 6735K, capacity 7384K, committed 7680K, reserved 1056768K
  class space    used 625K, capacity 656K, committed 768K, reserved 1048576K
}
Event: 32,346 GC heap before
{Heap before GC invocations=30 (full 5):
 PSYoungGen      total 465920K, used 377502K [0x00000000d5580000, 0x0000000100000000, 0x0000000100000000)
  eden space 232960K, 100% used [0x00000000d5580000,0x00000000e3900000,0x00000000e3900000)
  from space 232960K, 62% used [0x00000000f1c80000,0x00000000fa9a7a50,0x0000000100000000)
  to   space 232960K, 0% used [0x00000000e3900000,0x00000000e3900000,0x00000000f1c80000)
 ParOldGen       total 843264K, used 703825K [0x0000000080000000, 0x00000000b3780000, 0x00000000d5580000)
  object space 843264K, 83% used [0x0000000080000000,0x00000000aaf547a0,0x00000000b3780000)
 Metaspace       used 6933K, capacity 7608K, committed 7936K, reserved 1056768K
  class space    used 636K, capacity 688K, committed 768K, reserved 1048576K
Event: 32,661 GC heap after
Heap after GC invocations=30 (full 5):
 PSYoungGen      total 347648K, used 114309K [0x00000000d5580000, 0x00000000ff800000, 0x0000000100000000)
  eden space 232960K, 0% used [0x00000000d5580000,0x00000000d5580000,0x00000000e3900000)
  from space 114688K, 99% used [0x00000000e3900000,0x00000000ea8a16d8,0x00000000ea900000)
  to   space 228864K, 0% used [0x00000000f1880000,0x00000000f1880000,0x00000000ff800000)
 ParOldGen       total 843264K, used 774042K [0x0000000080000000, 0x00000000b3780000, 0x00000000d5580000)
  object space 843264K, 91% used [0x0000000080000000,0x00000000af3e6a58,0x00000000b3780000)
 Metaspace       used 6933K, capacity 7608K, committed 7936K, reserved 1056768K
  class space    used 636K, capacity 688K, committed 768K, reserved 1048576K
}
Event: 32,661 GC heap before
{Heap before GC invocations=31 (full 6):
 PSYoungGen      total 347648K, used 114309K [0x00000000d5580000, 0x00000000ff800000, 0x0000000100000000)
  eden space 232960K, 0% used [0x00000000d5580000,0x00000000d5580000,0x00000000e3900000)
  from space 114688K, 99% used [0x00000000e3900000,0x00000000ea8a16d8,0x00000000ea900000)
  to   space 228864K, 0% used [0x00000000f1880000,0x00000000f1880000,0x00000000ff800000)
 ParOldGen       total 843264K, used 774042K [0x0000000080000000, 0x00000000b3780000, 0x00000000d5580000)
  object space 843264K, 91% used [0x0000000080000000,0x00000000af3e6a58,0x00000000b3780000)
 Metaspace       used 6933K, capacity 7608K, committed 7936K, reserved 1056768K
  class space    used 636K, capacity 688K, committed 768K, reserved 1048576K

Deoptimization events (10 events):
Event: 30,839 Thread 0x00007f9ba01ac800 Uncommon trap: reason=bimorphic action=maybe_recompile pc=0x00007f9b914f362c method=com.android.dx.cf.code.BytecodeArray.parseInstruction(ILcom/android/dx/cf/code/BytecodeArray$Visitor;)I @ 1525
Event: 30,839 Thread 0x00007f9ba01ac800 Uncommon trap: reason=bimorphic action=maybe_recompile pc=0x00007f9b914f362c method=com.android.dx.cf.code.BytecodeArray.parseInstruction(ILcom/android/dx/cf/code/BytecodeArray$Visitor;)I @ 1525
Event: 30,969 Thread 0x00007f9ba01b0000 Uncommon trap: reason=class_check action=maybe_recompile pc=0x00007f9b90c4f0e0 method=com.android.dx.ssa.SCCP.simulateBranch(Lcom/android/dx/ssa/SsaInsn;)V @ 339
Event: 31,248 Thread 0x00007f9ba01b0000 Uncommon trap: reason=unstable_if action=reinterpret pc=0x00007f9b9150939c method=com.android.dx.cf.code.Ropper.processBlock(Lcom/android/dx/cf/code/ByteBlock;Lcom/android/dx/cf/code/Frame;[I)V @ 413
Event: 31,869 Thread 0x00007f9ba0241800 Uncommon trap: reason=speculate_class_check action=maybe_recompile pc=0x00007f9b909801f8 method=com.android.dx.util.FixedSizeList.equals(Ljava/lang/Object;)Z @ 25
Event: 31,869 Thread 0x00007f9ba0241800 Uncommon trap: reason=speculate_class_check action=maybe_recompile pc=0x00007f9b909801f8 method=com.android.dx.util.FixedSizeList.equals(Ljava/lang/Object;)Z @ 25
Event: 31,869 Thread 0x00007f9ba0241800 Uncommon trap: reason=speculate_class_check action=maybe_recompile pc=0x00007f9b909801f8 method=com.android.dx.util.FixedSizeList.equals(Ljava/lang/Object;)Z @ 25
Event: 31,869 Thread 0x00007f9ba0241800 Uncommon trap: reason=speculate_class_check action=maybe_recompile pc=0x00007f9b909801f8 method=com.android.dx.util.FixedSizeList.equals(Ljava/lang/Object;)Z @ 25
Event: 31,878 Thread 0x00007f9ba0241800 Uncommon trap: reason=unstable_if action=reinterpret pc=0x00007f9b90f40e0c method=java.util.TreeMap.put(Ljava/lang/Object;Ljava/lang/Object;)Ljava/lang/Object; @ 163
Event: 31,910 Thread 0x00007f9ba0241800 Uncommon trap: reason=unstable_if action=reinterpret pc=0x00007f9b90d89c8c method=com.android.dx.rop.code.RegisterSpecSet.equals(Ljava/lang/Object;)Z @ 30

Internal exceptions (10 events):
Event: 2,112 Thread 0x00007f9ba01b1800 Exception <a 'java/lang/ArrayIndexOutOfBoundsException': 18> (0x00000000d70ad610) thrown at [/HUDSON/workspace/8-2-build-linux-amd64/jdk8u66/4988/hotspot/src/share/vm/interpreter/interpreterRuntime.cpp, line 366]
Event: 2,112 Thread 0x00007f9ba01b1800 Exception <a 'java/lang/ArrayIndexOutOfBoundsException': 145> (0x00000000d70af190) thrown at [/HUDSON/workspace/8-2-build-linux-amd64/jdk8u66/4988/hotspot/src/share/vm/interpreter/interpreterRuntime.cpp, line 366]
Event: 2,113 Thread 0x00007f9ba01b1800 Exception <a 'java/lang/ArrayIndexOutOfBoundsException': 40> (0x00000000d70b0478) thrown at [/HUDSON/workspace/8-2-build-linux-amd64/jdk8u66/4988/hotspot/src/share/vm/interpreter/interpreterRuntime.cpp, line 366]
Event: 8,268 Thread 0x00007f9ba01b1800 Implicit null exception at 0x00007f9b910bfd89 to 0x00007f9b910c4cd5
Event: 8,887 Thread 0x00007f9ba01ac800 Implicit null exception at 0x00007f9b910a9259 to 0x00007f9b910ac349
Event: 11,736 Thread 0x00007f9ba01b3800 Implicit null exception at 0x00007f9b9127e926 to 0x00007f9b91282aed
Event: 23,192 Thread 0x00007f9ba01b0000 Implicit null exception at 0x00007f9b90d01ae3 to 0x00007f9b90d01e15
Event: 27,806 Thread 0x00007f9ba01b3800 Implicit null exception at 0x00007f9b90b0178c to 0x00007f9b90b03071
Event: 27,806 Thread 0x00007f9ba01b3800 Implicit null exception at 0x00007f9b90a3756a to 0x00007f9b90a376b5
Event: 27,806 Thread 0x00007f9ba01b3800 Implicit null exception at 0x00007f9b909a2b10 to 0x00007f9b909a2c29

Events (10 events):
Event: 31,922 Thread 0x00007f9ba0241800 DEOPT UNPACKING pc=0x00007f9b907fa633 sp=0x00007f9b8c544f58 mode 0
Event: 31,928 Thread 0x00007f9ba0241800 DEOPT PACKING pc=0x00007f9b90e249f4 sp=0x00007f9b8c545070
Event: 31,928 Thread 0x00007f9ba0241800 DEOPT UNPACKING pc=0x00007f9b907fa633 sp=0x00007f9b8c544ee0 mode 0
Event: 32,056 Thread 0x00007f9ba0241800 DEOPT PACKING pc=0x00007f9b90a6f204 sp=0x00007f9b8c545040
Event: 32,056 Thread 0x00007f9ba0241800 DEOPT UNPACKING pc=0x00007f9b907fa633 sp=0x00007f9b8c544dc0 mode 0
Event: 32,120 Thread 0x00007f9ba0241800 DEOPT PACKING pc=0x00007f9b90dbcc92 sp=0x00007f9b8c545170
Event: 32,120 Thread 0x00007f9ba0241800 DEOPT UNPACKING pc=0x00007f9b907fa633 sp=0x00007f9b8c544f98 mode 0
Event: 32,169 Thread 0x00007f9ba0241800 DEOPT PACKING pc=0x00007f9b910295c4 sp=0x00007f9b8c544fa0
Event: 32,169 Thread 0x00007f9ba0241800 DEOPT UNPACKING pc=0x00007f9b907fa633 sp=0x00007f9b8c544d08 mode 0
Event: 32,346 Executing VM operation: ParallelGCFailedAllocation


Dynamic libraries:
00400000-00401000 r-xp 00000000 08:01 4591374                            /usr/lib/jvm/java-8-oracle/bin/java
00600000-00601000 rw-p 00000000 08:01 4591374                            /usr/lib/jvm/java-8-oracle/bin/java
012d1000-012f2000 rw-p 00000000 00:00 0                                  [heap]
80000000-b3780000 rw-p 00000000 00:00 0 
c6a80000-d5580000 ---p 00000000 00:00 0 
d5580000-ff800000 rw-p 00000000 00:00 0 
ff800000-100000000 ---p 00000000 00:00 0 
100000000-1000c0000 rw-p 00000000 00:00 0 
1000c0000-140000000 ---p 00000000 00:00 0 
7f9b38000000-7f9b38022000 rw-p 00000000 00:00 0 
7f9b38022000-7f9b3c000000 ---p 00000000 00:00 0 
7f9b3c000000-7f9b3c035000 rw-p 00000000 00:00 0 
7f9b3c035000-7f9b40000000 ---p 00000000 00:00 0 
7f9b40000000-7f9b4002a000 rw-p 00000000 00:00 0 
7f9b4002a000-7f9b44000000 ---p 00000000 00:00 0 
7f9b44000000-7f9b44035000 rw-p 00000000 00:00 0 
7f9b44035000-7f9b48000000 ---p 00000000 00:00 0 
7f9b48000000-7f9b48040000 rw-p 00000000 00:00 0 
7f9b48040000-7f9b4c000000 ---p 00000000 00:00 0 
7f9b4c000000-7f9b4c021000 rw-p 00000000 00:00 0 
7f9b4c021000-7f9b50000000 ---p 00000000 00:00 0 
7f9b50000000-7f9b50021000 rw-p 00000000 00:00 0 
7f9b50021000-7f9b54000000 ---p 00000000 00:00 0 
7f9b54000000-7f9b54021000 rw-p 00000000 00:00 0 
7f9b54021000-7f9b58000000 ---p 00000000 00:00 0 
7f9b58000000-7f9b59936000 rw-p 00000000 00:00 0 
7f9b59936000-7f9b5c000000 ---p 00000000 00:00 0 
7f9b5c000000-7f9b5ca31000 rw-p 00000000 00:00 0 
7f9b5ca31000-7f9b60000000 ---p 00000000 00:00 0 
7f9b60000000-7f9b60021000 rw-p 00000000 00:00 0 
7f9b60021000-7f9b64000000 ---p 00000000 00:00 0 
7f9b64000000-7f9b658a5000 rw-p 00000000 00:00 0 
7f9b658a5000-7f9b68000000 ---p 00000000 00:00 0 
7f9b68000000-7f9b68021000 rw-p 00000000 00:00 0 
7f9b68021000-7f9b6c000000 ---p 00000000 00:00 0 
7f9b6c000000-7f9b6c021000 rw-p 00000000 00:00 0 
7f9b6c021000-7f9b70000000 ---p 00000000 00:00 0 
7f9b70000000-7f9b70021000 rw-p 00000000 00:00 0 
7f9b70021000-7f9b74000000 ---p 00000000 00:00 0 
7f9b74000000-7f9b742a6000 rw-p 00000000 00:00 0 
7f9b742a6000-7f9b78000000 ---p 00000000 00:00 0 
7f9b78000000-7f9b78021000 rw-p 00000000 00:00 0 
7f9b78021000-7f9b7c000000 ---p 00000000 00:00 0 
7f9b80000000-7f9b80021000 rw-p 00000000 00:00 0 
7f9b80021000-7f9b84000000 ---p 00000000 00:00 0 
7f9b84000000-7f9b88000000 rw-p 00000000 00:00 0 
7f9b88000000-7f9b88021000 rw-p 00000000 00:00 0 
7f9b88021000-7f9b8c000000 ---p 00000000 00:00 0 
7f9b8c421000-7f9b8c446000 r--p 00000000 08:01 2361987                    /usr/share/locale-langpack/pl/LC_MESSAGES/libc.mo
7f9b8c446000-7f9b8c449000 ---p 00000000 00:00 0 
7f9b8c449000-7f9b8c547000 rw-p 00000000 00:00 0                          [stack:26052]
7f9b8c547000-7f9b8c54a000 ---p 00000000 00:00 0 
7f9b8c54a000-7f9b8c648000 rw-p 00000000 00:00 0                          [stack:26026]
7f9b8c648000-7f9b8c64b000 ---p 00000000 00:00 0 
7f9b8c64b000-7f9b8c749000 rw-p 00000000 00:00 0                          [stack:26025]
7f9b8c749000-7f9b8c74c000 ---p 00000000 00:00 0 
7f9b8c74c000-7f9b8c84a000 rw-p 00000000 00:00 0                          [stack:26024]
7f9b8c84a000-7f9b8c84d000 ---p 00000000 00:00 0 
7f9b8c84d000-7f9b8c94b000 rw-p 00000000 00:00 0                          [stack:26023]
7f9b8c94b000-7f9b8c94e000 ---p 00000000 00:00 0 
7f9b8c94e000-7f9b8ca4c000 rw-p 00000000 00:00 0                          [stack:26022]
7f9b8ca4c000-7f9b8cb18000 r--s 00ac4000 08:01 7347507                    /home/tomasz/AndroidStudioProjects/ITAssistant/app/build/intermediates/transforms/jarMerging/debug/jars/1/1f/combined.jar
7f9b8cb18000-7f9b8cb19000 ---p 00000000 00:00 0 
7f9b8cb19000-7f9b8cc19000 rw-p 00000000 00:00 0                          [stack:26021]
7f9b8cc19000-7f9b8cc1c000 ---p 00000000 00:00 0 
7f9b8cc1c000-7f9b8cd1a000 rw-p 00000000 00:00 0                          [stack:26020]
7f9b8cd1a000-7f9b8cd1d000 ---p 00000000 00:00 0 
7f9b8cd1d000-7f9b8ce1b000 rw-p 00000000 00:00 0                          [stack:26019]
7f9b8ce1b000-7f9b8ce1e000 ---p 00000000 00:00 0 
7f9b8ce1e000-7f9b8cf1c000 rw-p 00000000 00:00 0                          [stack:26018]
7f9b8cf1c000-7f9b8cf1f000 ---p 00000000 00:00 0 
7f9b8cf1f000-7f9b8d01d000 rw-p 00000000 00:00 0                          [stack:26017]
7f9b8d01d000-7f9b8d020000 ---p 00000000 00:00 0 
7f9b8d020000-7f9b8d11e000 rw-p 00000000 00:00 0                          [stack:26016]
7f9b8d11e000-7f9b8d931000 r--p 00000000 08:01 1579663                    /usr/lib/locale/locale-archive
7f9b8d931000-7f9b8d934000 ---p 00000000 00:00 0 
7f9b8d934000-7f9b8da32000 rw-p 00000000 00:00 0                          [stack:26015]
7f9b8da32000-7f9b8da35000 ---p 00000000 00:00 0 
7f9b8da35000-7f9b8db33000 rw-p 00000000 00:00 0                          [stack:26014]
7f9b8db33000-7f9b8db34000 ---p 00000000 00:00 0 
7f9b8db34000-7f9b8ebf5000 rw-p 00000000 00:00 0                          [stack:26013]
7f9b8ebf5000-7f9b8edce000 r--s 03d20000 08:01 4069182                    /usr/lib/jvm/java-8-oracle/jre/lib/rt.jar
7f9b8edce000-7f9b8f544000 rw-p 00000000 00:00 0 
7f9b8f544000-7f9b8f644000 ---p 00000000 00:00 0 
7f9b8f644000-7f9b8fa44000 rw-p 00000000 00:00 0 
7f9b8fa44000-7f9b8fa45000 ---p 00000000 00:00 0 
7f9b8fa45000-7f9b8fb45000 rw-p 00000000 00:00 0                          [stack:26012]
7f9b8fb45000-7f9b8fb46000 ---p 00000000 00:00 0 
7f9b8fb46000-7f9b8fc46000 rw-p 00000000 00:00 0                          [stack:26011]
7f9b8fc46000-7f9b8fc47000 ---p 00000000 00:00 0 
7f9b8fc47000-7f9b8fee3000 rw-p 00000000 00:00 0                          [stack:26010]
7f9b8fee3000-7f9b8fff2000 ---p 00000000 00:00 0 
7f9b8fff2000-7f9b9018e000 rw-p 00000000 00:00 0 
7f9b9018e000-7f9b9029c000 ---p 00000000 00:00 0 
7f9b9029c000-7f9b903ee000 rw-p 00000000 00:00 0 
7f9b903ee000-7f9b903f2000 ---p 00000000 00:00 0 
7f9b903f2000-7f9b9042b000 rw-p 00000000 00:00 0 
7f9b9042b000-7f9b907b3000 ---p 00000000 00:00 0 
7f9b907b3000-7f9b915b3000 rwxp 00000000 00:00 0 
7f9b915b3000-7f9b9f7b3000 ---p 00000000 00:00 0 
7f9b9f7b3000-7f9b9f7cd000 r-xp 00000000 08:01 4069168                    /usr/lib/jvm/java-8-oracle/jre/lib/amd64/libzip.so
7f9b9f7cd000-7f9b9f9cd000 ---p 0001a000 08:01 4069168                    /usr/lib/jvm/java-8-oracle/jre/lib/amd64/libzip.so
7f9b9f9cd000-7f9b9f9ce000 rw-p 0001a000 08:01 4069168                    /usr/lib/jvm/java-8-oracle/jre/lib/amd64/libzip.so
7f9b9f9ce000-7f9b9f9d9000 r-xp 00000000 08:01 5771445                    /lib/x86_64-linux-gnu/libnss_files-2.19.so
7f9b9f9d9000-7f9b9fbd8000 ---p 0000b000 08:01 5771445                    /lib/x86_64-linux-gnu/libnss_files-2.19.so
7f9b9fbd8000-7f9b9fbd9000 r--p 0000a000 08:01 5771445                    /lib/x86_64-linux-gnu/libnss_files-2.19.so
7f9b9fbd9000-7f9b9fbda000 rw-p 0000b000 08:01 5771445                    /lib/x86_64-linux-gnu/libnss_files-2.19.so
7f9b9fbda000-7f9b9fbe5000 r-xp 00000000 08:01 5771455                    /lib/x86_64-linux-gnu/libnss_nis-2.19.so
7f9b9fbe5000-7f9b9fde4000 ---p 0000b000 08:01 5771455                    /lib/x86_64-linux-gnu/libnss_nis-2.19.so
7f9b9fde4000-7f9b9fde5000 r--p 0000a000 08:01 5771455                    /lib/x86_64-linux-gnu/libnss_nis-2.19.so
7f9b9fde5000-7f9b9fde6000 rw-p 0000b000 08:01 5771455                    /lib/x86_64-linux-gnu/libnss_nis-2.19.so
7f9b9fde6000-7f9b9fdfd000 r-xp 00000000 08:01 5771439                    /lib/x86_64-linux-gnu/libnsl-2.19.so
7f9b9fdfd000-7f9b9fffc000 ---p 00017000 08:01 5771439                    /lib/x86_64-linux-gnu/libnsl-2.19.so
7f9b9fffc000-7f9b9fffd000 r--p 00016000 08:01 5771439                    /lib/x86_64-linux-gnu/libnsl-2.19.so
7f9b9fffd000-7f9b9fffe000 rw-p 00017000 08:01 5771439                    /lib/x86_64-linux-gnu/libnsl-2.19.so
7f9b9fffe000-7f9ba0000000 rw-p 00000000 00:00 0 
7f9ba0000000-7f9ba03b6000 rw-p 00000000 00:00 0 
7f9ba03b6000-7f9ba4000000 ---p 00000000 00:00 0 
7f9ba4014000-7f9ba4035000 rw-p 00000000 00:00 0 
7f9ba4035000-7f9ba4036000 ---p 00000000 00:00 0 
7f9ba4036000-7f9ba4136000 rw-p 00000000 00:00 0                          [stack:26009]
7f9ba4136000-7f9ba413f000 r-xp 00000000 08:01 5771441                    /lib/x86_64-linux-gnu/libnss_compat-2.19.so
7f9ba413f000-7f9ba433e000 ---p 00009000 08:01 5771441                    /lib/x86_64-linux-gnu/libnss_compat-2.19.so
7f9ba433e000-7f9ba433f000 r--p 00008000 08:01 5771441                    /lib/x86_64-linux-gnu/libnss_compat-2.19.so
7f9ba433f000-7f9ba4340000 rw-p 00009000 08:01 5771441                    /lib/x86_64-linux-gnu/libnss_compat-2.19.so
7f9ba4340000-7f9ba436a000 r-xp 00000000 08:01 4069157                    /usr/lib/jvm/java-8-oracle/jre/lib/amd64/libjava.so
7f9ba436a000-7f9ba456a000 ---p 0002a000 08:01 4069157                    /usr/lib/jvm/java-8-oracle/jre/lib/amd64/libjava.so
7f9ba456a000-7f9ba456c000 rw-p 0002a000 08:01 4069157                    /usr/lib/jvm/java-8-oracle/jre/lib/amd64/libjava.so
7f9ba456c000-7f9ba4579000 r-xp 00000000 08:01 4069118                    /usr/lib/jvm/java-8-oracle/jre/lib/amd64/libverify.so
7f9ba4579000-7f9ba4779000 ---p 0000d000 08:01 4069118                    /usr/lib/jvm/java-8-oracle/jre/lib/amd64/libverify.so
7f9ba4779000-7f9ba477b000 rw-p 0000d000 08:01 4069118                    /usr/lib/jvm/java-8-oracle/jre/lib/amd64/libverify.so
7f9ba477b000-7f9ba4782000 r-xp 00000000 08:01 5771498                    /lib/x86_64-linux-gnu/librt-2.19.so
7f9ba4782000-7f9ba4981000 ---p 00007000 08:01 5771498                    /lib/x86_64-linux-gnu/librt-2.19.so
7f9ba4981000-7f9ba4982000 r--p 00006000 08:01 5771498                    /lib/x86_64-linux-gnu/librt-2.19.so
7f9ba4982000-7f9ba4983000 rw-p 00007000 08:01 5771498                    /lib/x86_64-linux-gnu/librt-2.19.so
7f9ba4983000-7f9ba4a88000 r-xp 00000000 08:01 5771420                    /lib/x86_64-linux-gnu/libm-2.19.so
7f9ba4a88000-7f9ba4c87000 ---p 00105000 08:01 5771420                    /lib/x86_64-linux-gnu/libm-2.19.so
7f9ba4c87000-7f9ba4c88000 r--p 00104000 08:01 5771420                    /lib/x86_64-linux-gnu/libm-2.19.so
7f9ba4c88000-7f9ba4c89000 rw-p 00105000 08:01 5771420                    /lib/x86_64-linux-gnu/libm-2.19.so
7f9ba4c89000-7f9ba5947000 r-xp 00000000 08:01 4069167                    /usr/lib/jvm/java-8-oracle/jre/lib/amd64/server/libjvm.so
7f9ba5947000-7f9ba5b46000 ---p 00cbe000 08:01 4069167                    /usr/lib/jvm/java-8-oracle/jre/lib/amd64/server/libjvm.so
7f9ba5b46000-7f9ba5c1f000 rw-p 00cbd000 08:01 4069167                    /usr/lib/jvm/java-8-oracle/jre/lib/amd64/server/libjvm.so
7f9ba5c1f000-7f9ba5c63000 rw-p 00000000 00:00 0 
7f9ba5c63000-7f9ba5e1e000 r-xp 00000000 08:01 5771370                    /lib/x86_64-linux-gnu/libc-2.19.so
7f9ba5e1e000-7f9ba601d000 ---p 001bb000 08:01 5771370                    /lib/x86_64-linux-gnu/libc-2.19.so
7f9ba601d000-7f9ba6021000 r--p 001ba000 08:01 5771370                    /lib/x86_64-linux-gnu/libc-2.19.so
7f9ba6021000-7f9ba6023000 rw-p 001be000 08:01 5771370                    /lib/x86_64-linux-gnu/libc-2.19.so
7f9ba6023000-7f9ba6028000 rw-p 00000000 00:00 0 
7f9ba6028000-7f9ba602b000 r-xp 00000000 08:01 5771387                    /lib/x86_64-linux-gnu/libdl-2.19.so
7f9ba602b000-7f9ba622a000 ---p 00003000 08:01 5771387                    /lib/x86_64-linux-gnu/libdl-2.19.so
7f9ba622a000-7f9ba622b000 r--p 00002000 08:01 5771387                    /lib/x86_64-linux-gnu/libdl-2.19.so
7f9ba622b000-7f9ba622c000 rw-p 00003000 08:01 5771387                    /lib/x86_64-linux-gnu/libdl-2.19.so
7f9ba622c000-7f9ba6241000 r-xp 00000000 08:01 4727160                    /usr/lib/jvm/java-8-oracle/lib/amd64/jli/libjli.so
7f9ba6241000-7f9ba6441000 ---p 00015000 08:01 4727160                    /usr/lib/jvm/java-8-oracle/lib/amd64/jli/libjli.so
7f9ba6441000-7f9ba6442000 rw-p 00015000 08:01 4727160                    /usr/lib/jvm/java-8-oracle/lib/amd64/jli/libjli.so
7f9ba6442000-7f9ba645b000 r-xp 00000000 08:01 5771490                    /lib/x86_64-linux-gnu/libpthread-2.19.so
7f9ba645b000-7f9ba665a000 ---p 00019000 08:01 5771490                    /lib/x86_64-linux-gnu/libpthread-2.19.so
7f9ba665a000-7f9ba665b000 r--p 00018000 08:01 5771490                    /lib/x86_64-linux-gnu/libpthread-2.19.so
7f9ba665b000-7f9ba665c000 rw-p 00019000 08:01 5771490                    /lib/x86_64-linux-gnu/libpthread-2.19.so
7f9ba665c000-7f9ba6660000 rw-p 00000000 00:00 0 
7f9ba6660000-7f9ba6683000 r-xp 00000000 08:01 5771346                    /lib/x86_64-linux-gnu/ld-2.19.so
7f9ba6689000-7f9ba6690000 r--s 00000000 08:01 1967077                    /usr/lib/x86_64-linux-gnu/gconv/gconv-modules.cache
7f9ba6690000-7f9ba675c000 rw-p 00000000 00:00 0 
7f9ba675c000-7f9ba675f000 ---p 00000000 00:00 0 
7f9ba675f000-7f9ba6861000 rw-p 00000000 00:00 0                          [stack:26005]
7f9ba6866000-7f9ba6867000 rw-p 00000000 00:00 0 
7f9ba6867000-7f9ba6876000 r--s 000df000 08:01 10635452                   /home/tomasz/Android/Sdk/build-tools/23.0.2/lib/dx.jar
7f9ba6876000-7f9ba687e000 rw-s 00000000 08:01 6949199                    /tmp/hsperfdata_tomasz/26003
7f9ba687e000-7f9ba687f000 rw-p 00000000 00:00 0 
7f9ba687f000-7f9ba6880000 ---p 00000000 00:00 0 
7f9ba6880000-7f9ba6882000 rw-p 00000000 00:00 0 
7f9ba6882000-7f9ba6883000 r--p 00022000 08:01 5771346                    /lib/x86_64-linux-gnu/ld-2.19.so
7f9ba6883000-7f9ba6884000 rw-p 00023000 08:01 5771346                    /lib/x86_64-linux-gnu/ld-2.19.so
7f9ba6884000-7f9ba6885000 rw-p 00000000 00:00 0 
7ffd9c82c000-7ffd9c84d000 rw-p 00000000 00:00 0                          [stack]
7ffd9c9c0000-7ffd9c9c2000 r--p 00000000 00:00 0                          [vvar]
7ffd9c9c2000-7ffd9c9c4000 r-xp 00000000 00:00 0                          [vdso]
ffffffffff600000-ffffffffff601000 r-xp 00000000 00:00 0                  [vsyscall]

VM Arguments:
jvm_args: -Djava.awt.headless=true -Xmx2g -Dfile.encoding=UTF-8 -Duser.country=PL -Duser.language=pl -Duser.variant 
java_command: com.android.dx.command.Main --dex --num-threads=4 --multi-dex --main-dex-list /home/tomasz/AndroidStudioProjects/ITAssistant/app/build/intermediates/multi-dex/debug/maindexlist.txt --output /home/tomasz/AndroidStudioProjects/ITAssistant/app/build/intermediates/transforms/dex/debug/folders/1000/1f/main /home/tomasz/AndroidStudioProjects/ITAssistant/app/build/intermediates/transforms/jarMerging/debug/jars/1/1f/combined.jar
java_class_path (initial): /home/tomasz/Android/Sdk/build-tools/23.0.2/lib/dx.jar
Launcher Type: SUN_STANDARD

Environment Variables:
PATH=/usr/local/sbin:/usr/local/bin:/usr/sbin:/usr/bin:/sbin:/bin:/usr/games:/usr/local/games
LD_LIBRARY_PATH=.:
SHELL=/bin/bash
DISPLAY=:0

Signal Handlers:
SIGSEGV: [libjvm.so+0xaba2a0], sa_mask[0]=11111111011111111101111111111110, sa_flags=SA_RESTART|SA_SIGINFO
SIGBUS: [libjvm.so+0xaba2a0], sa_mask[0]=11111111011111111101111111111110, sa_flags=SA_RESTART|SA_SIGINFO
SIGFPE: [libjvm.so+0x917710], sa_mask[0]=11111111011111111101111111111110, sa_flags=SA_RESTART|SA_SIGINFO
SIGPIPE: [libjvm.so+0x917710], sa_mask[0]=11111111011111111101111111111110, sa_flags=SA_RESTART|SA_SIGINFO
SIGXFSZ: [libjvm.so+0x917710], sa_mask[0]=11111111011111111101111111111110, sa_flags=SA_RESTART|SA_SIGINFO
SIGILL: [libjvm.so+0x917710], sa_mask[0]=11111111011111111101111111111110, sa_flags=SA_RESTART|SA_SIGINFO
SIGUSR1: SIG_DFL, sa_mask[0]=00000000000000000000000000000000, sa_flags=none
SIGUSR2: [libjvm.so+0x918d40], sa_mask[0]=00100000000000000000000000000000, sa_flags=SA_RESTART|SA_SIGINFO
SIGHUP: [libjvm.so+0x91a140], sa_mask[0]=11111111011111111101111111111110, sa_flags=SA_RESTART|SA_SIGINFO
SIGINT: [libjvm.so+0x91a140], sa_mask[0]=11111111011111111101111111111110, sa_flags=SA_RESTART|SA_SIGINFO
SIGTERM: [libjvm.so+0x91a140], sa_mask[0]=11111111011111111101111111111110, sa_flags=SA_RESTART|SA_SIGINFO
SIGQUIT: [libjvm.so+0x91a140], sa_mask[0]=11111111011111111101111111111110, sa_flags=SA_RESTART|SA_SIGINFO


---------------  S Y S T E M  ---------------

OS:DISTRIB_ID=Ubuntu
DISTRIB_RELEASE=14.04
DISTRIB_CODENAME=trusty
DISTRIB_DESCRIPTION="Ubuntu 14.04.3 LTS"

uname:Linux 3.19.0-42-generic #48~14.04.1-Ubuntu SMP Fri Dec 18 10:24:49 UTC 2015 x86_64
libc:glibc 2.19 NPTL 2.19 
rlimit: STACK 8192k, CORE 0k, NPROC 23202, NOFILE 4096, AS infinity
load average:4,50 3,45 2,09

/proc/meminfo:
MemTotal:        5961332 kB
MemFree:          125752 kB
MemAvailable:     158640 kB
Buffers:           11528 kB
Cached:           555220 kB
SwapCached:            0 kB
Active:          5138816 kB
Inactive:         460272 kB
Active(anon):    5049796 kB
Inactive(anon):   375952 kB
Active(file):      89020 kB
Inactive(file):    84320 kB
Unevictable:        6244 kB
Mlocked:            6244 kB
SwapTotal:             0 kB
SwapFree:              0 kB
Dirty:                56 kB
Writeback:             0 kB
AnonPages:       5038840 kB
Mapped:           185624 kB
Shmem:            393192 kB
Slab:              99524 kB
SReclaimable:      56948 kB
SUnreclaim:        42576 kB
KernelStack:       11712 kB
PageTables:        53152 kB
NFS_Unstable:          0 kB
Bounce:                0 kB
WritebackTmp:          0 kB
CommitLimit:     2980664 kB
Committed_AS:   10090292 kB
VmallocTotal:   34359738367 kB
VmallocUsed:      558016 kB
VmallocChunk:   34359165916 kB
HardwareCorrupted:     0 kB
AnonHugePages:   1675264 kB
CmaTotal:              0 kB
CmaFree:               0 kB
HugePages_Total:       0
HugePages_Free:        0
HugePages_Rsvd:        0
HugePages_Surp:        0
Hugepagesize:       2048 kB
DirectMap4k:      215296 kB
DirectMap2M:     5924864 kB


CPU:total 4 (2 cores per cpu, 2 threads per core) family 6 model 42 stepping 7, cmov, cx8, fxsr, mmx, sse, sse2, sse3, ssse3, sse4.1, sse4.2, popcnt, avx, aes, clmul, ht, tsc, tscinvbit

/proc/cpuinfo:
processor	: 0
vendor_id	: GenuineIntel
cpu family	: 6
model		: 42
model name	: Intel(R) Core(TM) i5-2450M CPU @ 2.50GHz
stepping	: 7
microcode	: 0x25
cpu MHz		: 2014.062
cache size	: 3072 KB
physical id	: 0
siblings	: 4
core id		: 0
cpu cores	: 2
apicid		: 0
initial apicid	: 0
fpu		: yes
fpu_exception	: yes
cpuid level	: 13
wp		: yes
flags		: fpu vme de pse tsc msr pae mce cx8 apic sep mtrr pge mca cmov pat pse36 clflush dts acpi mmx fxsr sse sse2 ss ht tm pbe syscall nx rdtscp lm constant_tsc arch_perfmon pebs bts rep_good nopl xtopology nonstop_tsc aperfmperf eagerfpu pni pclmulqdq dtes64 monitor ds_cpl vmx est tm2 ssse3 cx16 xtpr pdcm pcid sse4_1 sse4_2 x2apic popcnt tsc_deadline_timer aes xsave avx lahf_lm ida arat epb pln pts dtherm tpr_shadow vnmi flexpriority ept vpid xsaveopt
bugs		:
bogomips	: 4988.20
clflush size	: 64
cache_alignment	: 64
address sizes	: 36 bits physical, 48 bits virtual
power management:

processor	: 1
vendor_id	: GenuineIntel
cpu family	: 6
model		: 42
model name	: Intel(R) Core(TM) i5-2450M CPU @ 2.50GHz
stepping	: 7
microcode	: 0x25
cpu MHz		: 2900.000
cache size	: 3072 KB
physical id	: 0
siblings	: 4
core id		: 0
cpu cores	: 2
apicid		: 1
initial apicid	: 1
fpu		: yes
fpu_exception	: yes
cpuid level	: 13
wp		: yes
flags		: fpu vme de pse tsc msr pae mce cx8 apic sep mtrr pge mca cmov pat pse36 clflush dts acpi mmx fxsr sse sse2 ss ht tm pbe syscall nx rdtscp lm constant_tsc arch_perfmon pebs bts rep_good nopl xtopology nonstop_tsc aperfmperf eagerfpu pni pclmulqdq dtes64 monitor ds_cpl vmx est tm2 ssse3 cx16 xtpr pdcm pcid sse4_1 sse4_2 x2apic popcnt tsc_deadline_timer aes xsave avx lahf_lm ida arat epb pln pts dtherm tpr_shadow vnmi flexpriority ept vpid xsaveopt
bugs		:
bogomips	: 4988.20
clflush size	: 64
cache_alignment	: 64
address sizes	: 36 bits physical, 48 bits virtual
power management:

processor	: 2
vendor_id	: GenuineIntel
cpu family	: 6
model		: 42
model name	: Intel(R) Core(TM) i5-2450M CPU @ 2.50GHz
stepping	: 7
microcode	: 0x25
cpu MHz		: 3077.929
cache size	: 3072 KB
physical id	: 0
siblings	: 4
core id		: 1
cpu cores	: 2
apicid		: 2
initial apicid	: 2
fpu		: yes
fpu_exception	: yes
cpuid level	: 13
wp		: yes
flags		: fpu vme de pse tsc msr pae mce cx8 apic sep mtrr pge mca cmov pat pse36 clflush dts acpi mmx fxsr sse sse2 ss ht tm pbe syscall nx rdtscp lm constant_tsc arch_perfmon pebs bts rep_good nopl xtopology nonstop_tsc aperfmperf eagerfpu pni pclmulqdq dtes64 monitor ds_cpl vmx est tm2 ssse3 cx16 xtpr pdcm pcid sse4_1 sse4_2 x2apic popcnt tsc_deadline_timer aes xsave avx lahf_lm ida arat epb pln pts dtherm tpr_shadow vnmi flexpriority ept vpid xsaveopt
bugs		:
bogomips	: 4988.20
clflush size	: 64
cache_alignment	: 64
address sizes	: 36 bits physical, 48 bits virtual
power management:

processor	: 3
vendor_id	: GenuineIntel
cpu family	: 6
model		: 42
model name	: Intel(R) Core(TM) i5-2450M CPU @ 2.50GHz
stepping	: 7
microcode	: 0x25
cpu MHz		: 2900.000
cache size	: 3072 KB
physical id	: 0
siblings	: 4
core id		: 1
cpu cores	: 2
apicid		: 3
initial apicid	: 3
fpu		: yes
fpu_exception	: yes
cpuid level	: 13
wp		: yes
flags		: fpu vme de pse tsc msr pae mce cx8 apic sep mtrr pge mca cmov pat pse36 clflush dts acpi mmx fxsr sse sse2 ss ht tm pbe syscall nx rdtscp lm constant_tsc arch_perfmon pebs bts rep_good nopl xtopology nonstop_tsc aperfmperf eagerfpu pni pclmulqdq dtes64 monitor ds_cpl vmx est tm2 ssse3 cx16 xtpr pdcm pcid sse4_1 sse4_2 x2apic popcnt tsc_deadline_timer aes xsave avx lahf_lm ida arat epb pln pts dtherm tpr_shadow vnmi flexpriority ept vpid xsaveopt
bugs		:
bogomips	: 4988.20
clflush size	: 64
cache_alignment	: 64
address sizes	: 36 bits physical, 48 bits virtual
power management:



Memory: 4k page, physical 5961332k(125752k free), swap 0k(0k free)

vm_info: Java HotSpot(TM) 64-Bit Server VM (25.66-b17) for linux-amd64 JRE (1.8.0_66-b17), built on Oct  6 2015 17:28:34 by "java_re" with gcc 4.3.0 20080428 (Red Hat 4.3.0-8)

time: Fri Jan  1 22:28:43 2016
elapsed time: 37 seconds (0d 0h 0m 37s)

