#
# There is insufficient memory for the Java Runtime Environment to continue.
# Native memory allocation (mmap) failed to map 307232768 bytes for committing reserved memory.
# Possible reasons:
#   The system is out of physical RAM or swap space
#   In 32 bit mode, the process size limit was hit
# Possible solutions:
#   Reduce memory load on the system
#   Increase physical memory or swap space
#   Check if swap backing store is full
#   Use 64 bit Java on a 64 bit OS
#   Decrease Java heap size (-Xmx/-Xms)
#   Decrease number of Java threads
#   Decrease Java thread stack sizes (-Xss)
#   Set larger code cache with -XX:ReservedCodeCacheSize=
# This output file may be truncated or incomplete.
#
#  Out of Memory Error (os_linux.cpp:2627), pid=24395, tid=140096866084608
#
# JRE version: Java(TM) SE Runtime Environment (8.0_66-b17) (build 1.8.0_66-b17)
# Java VM: Java HotSpot(TM) 64-Bit Server VM (25.66-b17 mixed mode linux-amd64 compressed oops)
# Failed to write core dump. Core dumps have been disabled. To enable core dumping, try "ulimit -c unlimited" before starting Java again
#

---------------  T H R E A D  ---------------

Current thread (0x00007f6af0078000):  VMThread [stack: 0x00007f6ad7dfe000,0x00007f6ad7eff000] [id=24405]

Stack: [0x00007f6ad7dfe000,0x00007f6ad7eff000],  sp=0x00007f6ad7efcfe0,  free space=1019k
Native frames: (J=compiled Java code, j=interpreted, Vv=VM code, C=native code)
V  [libjvm.so+0xab9a1a]  VMError::report_and_die()+0x2ba
V  [libjvm.so+0x4f9e0b]  report_vm_out_of_memory(char const*, int, unsigned long, VMErrorType, char const*)+0x8b
V  [libjvm.so+0x91a8a3]  os::Linux::commit_memory_impl(char*, unsigned long, bool)+0x103
V  [libjvm.so+0x91adf9]  os::pd_commit_memory(char*, unsigned long, unsigned long, bool)+0x29
V  [libjvm.so+0x91510a]  os::commit_memory(char*, unsigned long, unsigned long, bool)+0x2a
V  [libjvm.so+0x9887a3]  PSVirtualSpace::expand_by(unsigned long)+0x53
V  [libjvm.so+0x979090]  PSOldGen::expand(unsigned long)+0x170
V  [libjvm.so+0x97929b]  PSOldGen::resize(unsigned long)+0x1cb
V  [libjvm.so+0x980f71]  PSParallelCompact::invoke_no_policy(bool)+0x991
V  [libjvm.so+0x9868cd]  PSScavenge::invoke()+0x1ad
V  [libjvm.so+0x93e500]  ParallelScavengeHeap::failed_mem_allocate(unsigned long)+0x70
V  [libjvm.so+0xabb437]  VM_ParallelGCFailedAllocation::doit()+0x97
V  [libjvm.so+0xac2e65]  VM_Operation::evaluate()+0x55
V  [libjvm.so+0xac123a]  VMThread::evaluate_operation(VM_Operation*)+0xba
V  [libjvm.so+0xac15be]  VMThread::loop()+0x1ce
V  [libjvm.so+0xac1a30]  VMThread::run()+0x70
V  [libjvm.so+0x91cc68]  java_start(Thread*)+0x108

VM_Operation (0x00007f6ad680fda0): ParallelGCFailedAllocation, mode: safepoint, requested by thread 0x00007f6af01db800


---------------  P R O C E S S  ---------------

Java Threads: ( => current thread )
  0x00007f6af01eb800 JavaThread "pool-1-thread-2" [_thread_blocked, id=24445, stack(0x00007f6ad6b15000,0x00007f6ad6c16000)]
  0x00007f6af01db800 JavaThread "pool-1-thread-1" [_thread_blocked, id=24441, stack(0x00007f6ad6711000,0x00007f6ad6812000)]
  0x00007f6af00c2800 JavaThread "Service Thread" daemon [_thread_blocked, id=24412, stack(0x00007f6ad6ee4000,0x00007f6ad6fe5000)]
  0x00007f6af00bd800 JavaThread "C1 CompilerThread2" daemon [_thread_blocked, id=24411, stack(0x00007f6ad6fe5000,0x00007f6ad70e6000)]
  0x00007f6af00bb800 JavaThread "C2 CompilerThread1" daemon [_thread_blocked, id=24410, stack(0x00007f6ad70e6000,0x00007f6ad71e7000)]
  0x00007f6af00b8800 JavaThread "C2 CompilerThread0" daemon [_thread_in_native, id=24409, stack(0x00007f6ad71e7000,0x00007f6ad72e8000)]
  0x00007f6af00b7800 JavaThread "Signal Dispatcher" daemon [_thread_blocked, id=24408, stack(0x00007f6ad72e8000,0x00007f6ad73e9000)]
  0x00007f6af007f000 JavaThread "Finalizer" daemon [_thread_blocked, id=24407, stack(0x00007f6ad7bfc000,0x00007f6ad7cfd000)]
  0x00007f6af007d000 JavaThread "Reference Handler" daemon [_thread_blocked, id=24406, stack(0x00007f6ad7cfd000,0x00007f6ad7dfe000)]
  0x00007f6af000a000 JavaThread "main" [_thread_blocked, id=24400, stack(0x00007f6af8a57000,0x00007f6af8b58000)]

Other Threads:
=>0x00007f6af0078000 VMThread [stack: 0x00007f6ad7dfe000,0x00007f6ad7eff000] [id=24405]
  0x00007f6af00c5800 WatcherThread [stack: 0x00007f6ad6de3000,0x00007f6ad6ee4000] [id=24413]

VM state:at safepoint (normal execution)

VM Mutex/Monitor currently owned by a thread:  ([mutex/lock_event])
[0x00007f6af0005ef0] ExpandHeap_lock - owner thread: 0x00007f6af0078000
[0x00007f6af0006570] Threads_lock - owner thread: 0x00007f6af0078000
[0x00007f6af0006a70] Heap_lock - owner thread: 0x00007f6af01db800

Heap:
 PSYoungGen      total 465920K, used 30030K [0x00000000d5580000, 0x0000000100000000, 0x0000000100000000)
  eden space 232960K, 0% used [0x00000000d5580000,0x00000000d5580000,0x00000000e3900000)
  from space 232960K, 12% used [0x00000000e3900000,0x00000000e5653980,0x00000000f1c80000)
  to   space 232960K, 0% used [0x00000000f1c80000,0x00000000f1c80000,0x0000000100000000)
 ParOldGen       total 818176K, used 818170K [0x0000000080000000, 0x00000000b1f00000, 0x00000000d5580000)
  object space 818176K, 99% used [0x0000000080000000,0x00000000b1efe978,0x00000000b1f00000)
 Metaspace       used 6965K, capacity 7608K, committed 7936K, reserved 1056768K
  class space    used 635K, capacity 688K, committed 768K, reserved 1048576K

Card table byte_map: [0x00007f6af5423000,0x00007f6af5824000] byte_map_base: 0x00007f6af5023000

Marking Bits: (ParMarkBitMap*) 0x00007f6af7f33020
 Begin Bits: [0x00007f6add000000, 0x00007f6adf000000)
 End Bits:   [0x00007f6adf000000, 0x00007f6ae1000000)

Polling page: 0x00007f6af8b7a000

CodeCache: size=245760Kb used=13233Kb max_used=13233Kb free=232526Kb
 bounds [0x00007f6ae1000000, 0x00007f6ae1d00000, 0x00007f6af0000000]
 total_blobs=2978 nmethods=2709 adapters=182
 compilation: enabled

Compilation events (10 events):
Event: 47,935 Thread 0x00007f6af00bd800 3506       3       com.android.dx.dex.code.form.Form35c::wordCount (74 bytes)
Event: 47,936 Thread 0x00007f6af00bd800 nmethod 3506 0x00007f6ae1cf38d0 code [0x00007f6ae1cf3ae0, 0x00007f6ae1cf4748]
Event: 47,940 Thread 0x00007f6af00bd800 3507       3       com.android.dx.dex.code.OutputFinisher::reserveRegisters (119 bytes)
Event: 47,942 Thread 0x00007f6af00bd800 nmethod 3507 0x00007f6ae1cf4c10 code [0x00007f6ae1cf4e60, 0x00007f6ae1cf5b98]
Event: 47,944 Thread 0x00007f6af00bd800 3508       2       com.android.dx.dex.code.form.Form21h::isCompatible (121 bytes)
Event: 47,945 Thread 0x00007f6af00bd800 nmethod 3508 0x00007f6ae1cf64d0 code [0x00007f6ae1cf66a0, 0x00007f6ae1cf6b18]
Event: 47,990 Thread 0x00007f6af00bd800 3509       2       com.android.dx.dex.code.form.Form20t::branchFits (22 bytes)
Event: 47,991 Thread 0x00007f6af00bd800 nmethod 3509 0x00007f6ae1cf6f10 code [0x00007f6ae1cf70a0, 0x00007f6ae1cf7398]
Event: 48,027 Thread 0x00007f6af00bd800 3511       1       com.android.dx.dex.code.form.Form31i::codeSize (2 bytes)
Event: 48,027 Thread 0x00007f6af00bd800 nmethod 3511 0x00007f6ae1cf75d0 code [0x00007f6ae1cf7720, 0x00007f6ae1cf7830]

GC Heap History (10 events):
Event: 41,826 GC heap after
Heap after GC invocations=28 (full 5):
 PSYoungGen      total 453120K, used 155223K [0x00000000d5580000, 0x0000000100000000, 0x0000000100000000)
  eden space 237056K, 0% used [0x00000000d5580000,0x00000000d5580000,0x00000000e3d00000)
  from space 216064K, 71% used [0x00000000e3d00000,0x00000000ed495fb0,0x00000000f1000000)
  to   space 226304K, 0% used [0x00000000f2300000,0x00000000f2300000,0x0000000100000000)
 ParOldGen       total 818176K, used 597985K [0x0000000080000000, 0x00000000b1f00000, 0x00000000d5580000)
  object space 818176K, 73% used [0x0000000080000000,0x00000000a47f84c0,0x00000000b1f00000)
 Metaspace       used 6675K, capacity 7384K, committed 7680K, reserved 1056768K
  class space    used 620K, capacity 656K, committed 768K, reserved 1048576K
}
Event: 42,788 GC heap before
{Heap before GC invocations=29 (full 5):
 PSYoungGen      total 453120K, used 392279K [0x00000000d5580000, 0x0000000100000000, 0x0000000100000000)
  eden space 237056K, 100% used [0x00000000d5580000,0x00000000e3d00000,0x00000000e3d00000)
  from space 216064K, 71% used [0x00000000e3d00000,0x00000000ed495fb0,0x00000000f1000000)
  to   space 226304K, 0% used [0x00000000f2300000,0x00000000f2300000,0x0000000100000000)
 ParOldGen       total 818176K, used 597985K [0x0000000080000000, 0x00000000b1f00000, 0x00000000d5580000)
  object space 818176K, 73% used [0x0000000080000000,0x00000000a47f84c0,0x00000000b1f00000)
 Metaspace       used 6709K, capacity 7384K, committed 7680K, reserved 1056768K
  class space    used 622K, capacity 656K, committed 768K, reserved 1048576K
Event: 43,184 GC heap after
Heap after GC invocations=29 (full 5):
 PSYoungGen      total 459264K, used 185742K [0x00000000d5580000, 0x0000000100000000, 0x0000000100000000)
  eden space 232960K, 0% used [0x00000000d5580000,0x00000000d5580000,0x00000000e3900000)
  from space 226304K, 82% used [0x00000000f2300000,0x00000000fd863b58,0x0000000100000000)
  to   space 232960K, 0% used [0x00000000e3900000,0x00000000e3900000,0x00000000f1c80000)
 ParOldGen       total 818176K, used 597993K [0x0000000080000000, 0x00000000b1f00000, 0x00000000d5580000)
  object space 818176K, 73% used [0x0000000080000000,0x00000000a47fa4c0,0x00000000b1f00000)
 Metaspace       used 6709K, capacity 7384K, committed 7680K, reserved 1056768K
  class space    used 622K, capacity 656K, committed 768K, reserved 1048576K
}
Event: 44,160 GC heap before
{Heap before GC invocations=30 (full 5):
 PSYoungGen      total 459264K, used 418702K [0x00000000d5580000, 0x0000000100000000, 0x0000000100000000)
  eden space 232960K, 100% used [0x00000000d5580000,0x00000000e3900000,0x00000000e3900000)
  from space 226304K, 82% used [0x00000000f2300000,0x00000000fd863b58,0x0000000100000000)
  to   space 232960K, 0% used [0x00000000e3900000,0x00000000e3900000,0x00000000f1c80000)
 ParOldGen       total 818176K, used 597993K [0x0000000080000000, 0x00000000b1f00000, 0x00000000d5580000)
  object space 818176K, 73% used [0x0000000080000000,0x00000000a47fa4c0,0x00000000b1f00000)
 Metaspace       used 6709K, capacity 7384K, committed 7680K, reserved 1056768K
  class space    used 622K, capacity 656K, committed 768K, reserved 1048576K
Event: 44,620 GC heap after
Heap after GC invocations=30 (full 5):
 PSYoungGen      total 465920K, used 171282K [0x00000000d5580000, 0x0000000100000000, 0x0000000100000000)
  eden space 232960K, 0% used [0x00000000d5580000,0x00000000d5580000,0x00000000e3900000)
  from space 232960K, 73% used [0x00000000e3900000,0x00000000ee044bc8,0x00000000f1c80000)
  to   space 232960K, 0% used [0x00000000f1c80000,0x00000000f1c80000,0x0000000100000000)
 ParOldGen       total 818176K, used 645998K [0x0000000080000000, 0x00000000b1f00000, 0x00000000d5580000)
  object space 818176K, 78% used [0x0000000080000000,0x00000000a76dbac8,0x00000000b1f00000)
 Metaspace       used 6709K, capacity 7384K, committed 7680K, reserved 1056768K
  class space    used 622K, capacity 656K, committed 768K, reserved 1048576K
}
Event: 45,685 GC heap before
{Heap before GC invocations=31 (full 5):
 PSYoungGen      total 465920K, used 404242K [0x00000000d5580000, 0x0000000100000000, 0x0000000100000000)
  eden space 232960K, 100% used [0x00000000d5580000,0x00000000e3900000,0x00000000e3900000)
  from space 232960K, 73% used [0x00000000e3900000,0x00000000ee044bc8,0x00000000f1c80000)
  to   space 232960K, 0% used [0x00000000f1c80000,0x00000000f1c80000,0x0000000100000000)
 ParOldGen       total 818176K, used 645998K [0x0000000080000000, 0x00000000b1f00000, 0x00000000d5580000)
  object space 818176K, 78% used [0x0000000080000000,0x00000000a76dbac8,0x00000000b1f00000)
 Metaspace       used 6709K, capacity 7384K, committed 7680K, reserved 1056768K
  class space    used 622K, capacity 656K, committed 768K, reserved 1048576K
Event: 46,091 GC heap after
Heap after GC invocations=31 (full 5):
 PSYoungGen      total 465920K, used 138983K [0x00000000d5580000, 0x0000000100000000, 0x0000000100000000)
  eden space 232960K, 0% used [0x00000000d5580000,0x00000000d5580000,0x00000000e3900000)
  from space 232960K, 59% used [0x00000000f1c80000,0x00000000fa439c78,0x0000000100000000)
  to   space 232960K, 0% used [0x00000000e3900000,0x00000000e3900000,0x00000000f1c80000)
 ParOldGen       total 818176K, used 711857K [0x0000000080000000, 0x00000000b1f00000, 0x00000000d5580000)
  object space 818176K, 87% used [0x0000000080000000,0x00000000ab72c7f0,0x00000000b1f00000)
 Metaspace       used 6709K, capacity 7384K, committed 7680K, reserved 1056768K
  class space    used 622K, capacity 656K, committed 768K, reserved 1048576K
}
Event: 48,035 GC heap before
{Heap before GC invocations=32 (full 5):
 PSYoungGen      total 465920K, used 371943K [0x00000000d5580000, 0x0000000100000000, 0x0000000100000000)
  eden space 232960K, 100% used [0x00000000d5580000,0x00000000e3900000,0x00000000e3900000)
  from space 232960K, 59% used [0x00000000f1c80000,0x00000000fa439c78,0x0000000100000000)
  to   space 232960K, 0% used [0x00000000e3900000,0x00000000e3900000,0x00000000f1c80000)
 ParOldGen       total 818176K, used 711857K [0x0000000080000000, 0x00000000b1f00000, 0x00000000d5580000)
  object space 818176K, 87% used [0x0000000080000000,0x00000000ab72c7f0,0x00000000b1f00000)
 Metaspace       used 6965K, capacity 7608K, committed 7936K, reserved 1056768K
  class space    used 635K, capacity 688K, committed 768K, reserved 1048576K
Event: 48,555 GC heap after
Heap after GC invocations=32 (full 5):
 PSYoungGen      total 465920K, used 110634K [0x00000000d5580000, 0x0000000100000000, 0x0000000100000000)
  eden space 232960K, 0% used [0x00000000d5580000,0x00000000d5580000,0x00000000e3900000)
  from space 232960K, 47% used [0x00000000e3900000,0x00000000ea50a940,0x00000000f1c80000)
  to   space 232960K, 0% used [0x00000000f1c80000,0x00000000f1c80000,0x0000000100000000)
 ParOldGen       total 818176K, used 770288K [0x0000000080000000, 0x00000000b1f00000, 0x00000000d5580000)
  object space 818176K, 94% used [0x0000000080000000,0x00000000af03c160,0x00000000b1f00000)
 Metaspace       used 6965K, capacity 7608K, committed 7936K, reserved 1056768K
  class space    used 635K, capacity 688K, committed 768K, reserved 1048576K
}
Event: 48,555 GC heap before
{Heap before GC invocations=33 (full 6):
 PSYoungGen      total 465920K, used 110634K [0x00000000d5580000, 0x0000000100000000, 0x0000000100000000)
  eden space 232960K, 0% used [0x00000000d5580000,0x00000000d5580000,0x00000000e3900000)
  from space 232960K, 47% used [0x00000000e3900000,0x00000000ea50a940,0x00000000f1c80000)
  to   space 232960K, 0% used [0x00000000f1c80000,0x00000000f1c80000,0x0000000100000000)
 ParOldGen       total 818176K, used 770288K [0x0000000080000000, 0x00000000b1f00000, 0x00000000d5580000)
  object space 818176K, 94% used [0x0000000080000000,0x00000000af03c160,0x00000000b1f00000)
 Metaspace       used 6965K, capacity 7608K, committed 7936K, reserved 1056768K
  class space    used 635K, capacity 688K, committed 768K, reserved 1048576K

Deoptimization events (10 events):
Event: 41,972 Thread 0x00007f6af01db800 Uncommon trap: reason=bimorphic action=maybe_recompile pc=0x00007f6ae12859d0 method=java.util.Arrays.hashCode([Ljava/lang/Object;)I @ 43
Event: 44,791 Thread 0x00007f6af01eb800 Uncommon trap: reason=bimorphic action=maybe_recompile pc=0x00007f6ae12f5a2c method=com.android.dx.cf.code.BytecodeArray.parseInstruction(ILcom/android/dx/cf/code/BytecodeArray$Visitor;)I @ 1525
Event: 44,792 Thread 0x00007f6af01eb800 Uncommon trap: reason=bimorphic action=maybe_recompile pc=0x00007f6ae12f5a2c method=com.android.dx.cf.code.BytecodeArray.parseInstruction(ILcom/android/dx/cf/code/BytecodeArray$Visitor;)I @ 1525
Event: 44,899 Thread 0x00007f6af01eb800 Uncommon trap: reason=class_check action=maybe_recompile pc=0x00007f6ae1b0ed20 method=com.android.dx.ssa.SCCP.simulateBranch(Lcom/android/dx/ssa/SsaInsn;)V @ 339
Event: 47,628 Thread 0x00007f6af01eb800 Uncommon trap: reason=class_check action=maybe_recompile pc=0x00007f6ae13227cc method=java.util.Arrays.equals([Ljava/lang/Object;[Ljava/lang/Object;)Z @ 62
Event: 47,628 Thread 0x00007f6af01eb800 Uncommon trap: reason=class_check action=maybe_recompile pc=0x00007f6ae13227cc method=java.util.Arrays.equals([Ljava/lang/Object;[Ljava/lang/Object;)Z @ 62
Event: 47,628 Thread 0x00007f6af01eb800 Uncommon trap: reason=class_check action=maybe_recompile pc=0x00007f6ae13227cc method=java.util.Arrays.equals([Ljava/lang/Object;[Ljava/lang/Object;)Z @ 62
Event: 47,628 Thread 0x00007f6af01eb800 Uncommon trap: reason=unstable_if action=reinterpret pc=0x00007f6ae1322804 method=java.util.Arrays.equals([Ljava/lang/Object;[Ljava/lang/Object;)Z @ 23
Event: 47,654 Thread 0x00007f6af01eb800 Uncommon trap: reason=unstable_if action=reinterpret pc=0x00007f6ae18fee0c method=com.android.dx.rop.code.RegisterSpecSet.equals(Ljava/lang/Object;)Z @ 30
Event: 47,656 Thread 0x00007f6af01eb800 Uncommon trap: reason=unstable_if action=reinterpret pc=0x00007f6ae132834c method=java.util.TreeMap.put(Ljava/lang/Object;Ljava/lang/Object;)Ljava/lang/Object; @ 163

Internal exceptions (10 events):
Event: 0,028 Thread 0x00007f6af000a000 Exception <a 'java/lang/NoSuchMethodError': Method sun.misc.Unsafe.defineClass(Ljava/lang/String;[BII)Ljava/lang/Class; name or signature does not match> (0x00000000d5592b98) thrown at [/HUDSON/workspace/8-2-build-linux-amd64/jdk8u66/4988/hotspot/src/shar
Event: 0,028 Thread 0x00007f6af000a000 Exception <a 'java/lang/NoSuchMethodError': Method sun.misc.Unsafe.prefetchRead(Ljava/lang/Object;J)V name or signature does not match> (0x00000000d5592e80) thrown at [/HUDSON/workspace/8-2-build-linux-amd64/jdk8u66/4988/hotspot/src/share/vm/prims/jni.cpp
Event: 3,716 Thread 0x00007f6af01e4800 Exception <a 'java/lang/ArrayIndexOutOfBoundsException': 18> (0x00000000d873e340) thrown at [/HUDSON/workspace/8-2-build-linux-amd64/jdk8u66/4988/hotspot/src/share/vm/interpreter/interpreterRuntime.cpp, line 366]
Event: 3,717 Thread 0x00007f6af01e4800 Exception <a 'java/lang/ArrayIndexOutOfBoundsException': 145> (0x00000000d873fec0) thrown at [/HUDSON/workspace/8-2-build-linux-amd64/jdk8u66/4988/hotspot/src/share/vm/interpreter/interpreterRuntime.cpp, line 366]
Event: 3,718 Thread 0x00007f6af01e4800 Exception <a 'java/lang/ArrayIndexOutOfBoundsException': 40> (0x00000000d87411a8) thrown at [/HUDSON/workspace/8-2-build-linux-amd64/jdk8u66/4988/hotspot/src/share/vm/interpreter/interpreterRuntime.cpp, line 366]
Event: 7,836 Thread 0x00007f6af01ea000 Implicit null exception at 0x00007f6ae18cf0e9 to 0x00007f6ae18d2efd
Event: 7,836 Thread 0x00007f6af01ea000 Implicit null exception at 0x00007f6ae17e1852 to 0x00007f6ae17e3be1
Event: 13,409 Thread 0x00007f6af01e8000 Implicit null exception at 0x00007f6ae14e0d10 to 0x00007f6ae14e4125
Event: 37,629 Thread 0x00007f6af000a000 Implicit null exception at 0x00007f6ae14541b0 to 0x00007f6ae1454715
Event: 37,629 Thread 0x00007f6af000a000 Implicit null exception at 0x00007f6ae1440b1f to 0x00007f6ae1440fdd

Events (10 events):
Event: 47,813 Thread 0x00007f6af01db800 DEOPT UNPACKING pc=0x00007f6ae1047633 sp=0x00007f6ad6810040 mode 0
Event: 47,815 Thread 0x00007f6af01eb800 DEOPT PACKING pc=0x00007f6ae171eb3d sp=0x00007f6ad6c141d0
Event: 47,815 Thread 0x00007f6af01eb800 DEOPT UNPACKING pc=0x00007f6ae1047633 sp=0x00007f6ad6c13f48 mode 0
Event: 47,829 Thread 0x00007f6af01db800 DEOPT PACKING pc=0x00007f6ae1920a34 sp=0x00007f6ad6810090
Event: 47,829 Thread 0x00007f6af01db800 DEOPT UNPACKING pc=0x00007f6ae1047633 sp=0x00007f6ad680fef8 mode 0
Event: 47,915 Thread 0x00007f6af01eb800 DEOPT PACKING pc=0x00007f6ae1927329 sp=0x00007f6ad6c14070
Event: 47,915 Thread 0x00007f6af01eb800 DEOPT UNPACKING pc=0x00007f6ae1047633 sp=0x00007f6ad6c13e98 mode 0
Event: 47,936 Thread 0x00007f6af01db800 DEOPT PACKING pc=0x00007f6ae16a2904 sp=0x00007f6ad680ffa0
Event: 47,936 Thread 0x00007f6af01db800 DEOPT UNPACKING pc=0x00007f6ae1047633 sp=0x00007f6ad680fd08 mode 0
Event: 48,035 Executing VM operation: ParallelGCFailedAllocation


Dynamic libraries:
00400000-00401000 r-xp 00000000 08:01 4591374                            /usr/lib/jvm/java-8-oracle/bin/java
00600000-00601000 rw-p 00000000 08:01 4591374                            /usr/lib/jvm/java-8-oracle/bin/java
010e8000-01109000 rw-p 00000000 00:00 0                                  [heap]
80000000-b1f00000 rw-p 00000000 00:00 0 
c4400000-d5580000 ---p 00000000 00:00 0 
d5580000-100000000 rw-p 00000000 00:00 0 
100000000-1000c0000 rw-p 00000000 00:00 0 
1000c0000-140000000 ---p 00000000 00:00 0 
7f6a88000000-7f6a8804d000 rw-p 00000000 00:00 0 
7f6a8804d000-7f6a8c000000 ---p 00000000 00:00 0 
7f6a8c000000-7f6a8c031000 rw-p 00000000 00:00 0 
7f6a8c031000-7f6a90000000 ---p 00000000 00:00 0 
7f6a90000000-7f6a90115000 rw-p 00000000 00:00 0 
7f6a90115000-7f6a94000000 ---p 00000000 00:00 0 
7f6a94000000-7f6a94052000 rw-p 00000000 00:00 0 
7f6a94052000-7f6a98000000 ---p 00000000 00:00 0 
7f6a98000000-7f6a98107000 rw-p 00000000 00:00 0 
7f6a98107000-7f6a9c000000 ---p 00000000 00:00 0 
7f6a9c000000-7f6a9c021000 rw-p 00000000 00:00 0 
7f6a9c021000-7f6aa0000000 ---p 00000000 00:00 0 
7f6aa0000000-7f6aa0021000 rw-p 00000000 00:00 0 
7f6aa0021000-7f6aa4000000 ---p 00000000 00:00 0 
7f6aa4000000-7f6aa4021000 rw-p 00000000 00:00 0 
7f6aa4021000-7f6aa8000000 ---p 00000000 00:00 0 
7f6aa8000000-7f6aa9a6b000 rw-p 00000000 00:00 0 
7f6aa9a6b000-7f6aac000000 ---p 00000000 00:00 0 
7f6aac000000-7f6aac9b2000 rw-p 00000000 00:00 0 
7f6aac9b2000-7f6ab0000000 ---p 00000000 00:00 0 
7f6ab0000000-7f6ab0021000 rw-p 00000000 00:00 0 
7f6ab0021000-7f6ab4000000 ---p 00000000 00:00 0 
7f6ab4000000-7f6ab57f7000 rw-p 00000000 00:00 0 
7f6ab57f7000-7f6ab8000000 ---p 00000000 00:00 0 
7f6ab8000000-7f6ab8021000 rw-p 00000000 00:00 0 
7f6ab8021000-7f6abc000000 ---p 00000000 00:00 0 
7f6abc000000-7f6abc021000 rw-p 00000000 00:00 0 
7f6abc021000-7f6ac0000000 ---p 00000000 00:00 0 
7f6ac0000000-7f6ac0021000 rw-p 00000000 00:00 0 
7f6ac0021000-7f6ac4000000 ---p 00000000 00:00 0 
7f6ac4000000-7f6ac42b0000 rw-p 00000000 00:00 0 
7f6ac42b0000-7f6ac8000000 ---p 00000000 00:00 0 
7f6ac8000000-7f6ac8021000 rw-p 00000000 00:00 0 
7f6ac8021000-7f6acc000000 ---p 00000000 00:00 0 
7f6ad0000000-7f6ad0021000 rw-p 00000000 00:00 0 
7f6ad0021000-7f6ad4000000 ---p 00000000 00:00 0 
7f6ad6711000-7f6ad6714000 ---p 00000000 00:00 0 
7f6ad6714000-7f6ad6812000 rw-p 00000000 00:00 0                          [stack:24441]
7f6ad6812000-7f6ad6815000 ---p 00000000 00:00 0 
7f6ad6815000-7f6ad6913000 rw-p 00000000 00:00 0 
7f6ad6913000-7f6ad6916000 ---p 00000000 00:00 0 
7f6ad6916000-7f6ad6a14000 rw-p 00000000 00:00 0 
7f6ad6a14000-7f6ad6a17000 ---p 00000000 00:00 0 
7f6ad6a17000-7f6ad6b15000 rw-p 00000000 00:00 0 
7f6ad6b15000-7f6ad6b18000 ---p 00000000 00:00 0 
7f6ad6b18000-7f6ad6c16000 rw-p 00000000 00:00 0                          [stack:24445]
7f6ad6c16000-7f6ad6c19000 ---p 00000000 00:00 0 
7f6ad6c19000-7f6ad6d17000 rw-p 00000000 00:00 0 
7f6ad6de3000-7f6ad6de4000 ---p 00000000 00:00 0 
7f6ad6de4000-7f6ad6ee4000 rw-p 00000000 00:00 0                          [stack:24413]
7f6ad6ee4000-7f6ad6ee7000 ---p 00000000 00:00 0 
7f6ad6ee7000-7f6ad6fe5000 rw-p 00000000 00:00 0                          [stack:24412]
7f6ad6fe5000-7f6ad6fe8000 ---p 00000000 00:00 0 
7f6ad6fe8000-7f6ad70e6000 rw-p 00000000 00:00 0                          [stack:24411]
7f6ad70e6000-7f6ad70e9000 ---p 00000000 00:00 0 
7f6ad70e9000-7f6ad71e7000 rw-p 00000000 00:00 0                          [stack:24410]
7f6ad71e7000-7f6ad71ea000 ---p 00000000 00:00 0 
7f6ad71ea000-7f6ad72e8000 rw-p 00000000 00:00 0                          [stack:24409]
7f6ad72e8000-7f6ad72eb000 ---p 00000000 00:00 0 
7f6ad72eb000-7f6ad73e9000 rw-p 00000000 00:00 0                          [stack:24408]
7f6ad73e9000-7f6ad7bfc000 r--p 00000000 08:01 1579663                    /usr/lib/locale/locale-archive
7f6ad7bfc000-7f6ad7bff000 ---p 00000000 00:00 0 
7f6ad7bff000-7f6ad7cfd000 rw-p 00000000 00:00 0                          [stack:24407]
7f6ad7cfd000-7f6ad7d00000 ---p 00000000 00:00 0 
7f6ad7d00000-7f6ad7dfe000 rw-p 00000000 00:00 0                          [stack:24406]
7f6ad7dfe000-7f6ad7dff000 ---p 00000000 00:00 0 
7f6ad7dff000-7f6ad8000000 rw-p 00000000 00:00 0                          [stack:24405]
7f6ad8000000-7f6ad8021000 rw-p 00000000 00:00 0 
7f6ad8021000-7f6adc000000 ---p 00000000 00:00 0 
7f6adc019000-7f6adce27000 rw-p 00000000 00:00 0 
7f6adce27000-7f6add000000 r--s 03d20000 08:01 4069182                    /usr/lib/jvm/java-8-oracle/jre/lib/rt.jar
7f6add000000-7f6ae1000000 rw-p 00000000 00:00 0 
7f6ae1000000-7f6ae1d00000 rwxp 00000000 00:00 0 
7f6ae1d00000-7f6af0000000 ---p 00000000 00:00 0 
7f6af0000000-7f6af047b000 rw-p 00000000 00:00 0 
7f6af047b000-7f6af4000000 ---p 00000000 00:00 0 
7f6af4006000-7f6af402b000 r--p 00000000 08:01 2361987                    /usr/share/locale-langpack/pl/LC_MESSAGES/libc.mo
7f6af402b000-7f6af4874000 rw-p 00000000 00:00 0 
7f6af4874000-7f6af4974000 ---p 00000000 00:00 0 
7f6af4974000-7f6af4d74000 rw-p 00000000 00:00 0 
7f6af4d74000-7f6af4d75000 ---p 00000000 00:00 0 
7f6af4d75000-7f6af4e75000 rw-p 00000000 00:00 0                          [stack:24404]
7f6af4e75000-7f6af4e76000 ---p 00000000 00:00 0 
7f6af4e76000-7f6af4f76000 rw-p 00000000 00:00 0                          [stack:24403]
7f6af4f76000-7f6af4f77000 ---p 00000000 00:00 0 
7f6af4f77000-7f6af5077000 rw-p 00000000 00:00 0                          [stack:24402]
7f6af5077000-7f6af5078000 ---p 00000000 00:00 0 
7f6af5078000-7f6af5308000 rw-p 00000000 00:00 0                          [stack:24401]
7f6af5308000-7f6af5423000 ---p 00000000 00:00 0 
7f6af5423000-7f6af55b3000 rw-p 00000000 00:00 0 
7f6af55b3000-7f6af56cd000 ---p 00000000 00:00 0 
7f6af56cd000-7f6af5823000 rw-p 00000000 00:00 0 
7f6af5823000-7f6af5858000 rw-p 00000000 00:00 0 
7f6af5858000-7f6af5be4000 ---p 00000000 00:00 0 
7f6af5be4000-7f6af5bfe000 r-xp 00000000 08:01 4069168                    /usr/lib/jvm/java-8-oracle/jre/lib/amd64/libzip.so
7f6af5bfe000-7f6af5dfe000 ---p 0001a000 08:01 4069168                    /usr/lib/jvm/java-8-oracle/jre/lib/amd64/libzip.so
7f6af5dfe000-7f6af5dff000 rw-p 0001a000 08:01 4069168                    /usr/lib/jvm/java-8-oracle/jre/lib/amd64/libzip.so
7f6af5dff000-7f6af5e0a000 r-xp 00000000 08:01 5771445                    /lib/x86_64-linux-gnu/libnss_files-2.19.so
7f6af5e0a000-7f6af6009000 ---p 0000b000 08:01 5771445                    /lib/x86_64-linux-gnu/libnss_files-2.19.so
7f6af6009000-7f6af600a000 r--p 0000a000 08:01 5771445                    /lib/x86_64-linux-gnu/libnss_files-2.19.so
7f6af600a000-7f6af600b000 rw-p 0000b000 08:01 5771445                    /lib/x86_64-linux-gnu/libnss_files-2.19.so
7f6af600b000-7f6af6016000 r-xp 00000000 08:01 5771455                    /lib/x86_64-linux-gnu/libnss_nis-2.19.so
7f6af6016000-7f6af6215000 ---p 0000b000 08:01 5771455                    /lib/x86_64-linux-gnu/libnss_nis-2.19.so
7f6af6215000-7f6af6216000 r--p 0000a000 08:01 5771455                    /lib/x86_64-linux-gnu/libnss_nis-2.19.so
7f6af6216000-7f6af6217000 rw-p 0000b000 08:01 5771455                    /lib/x86_64-linux-gnu/libnss_nis-2.19.so
7f6af6217000-7f6af622e000 r-xp 00000000 08:01 5771439                    /lib/x86_64-linux-gnu/libnsl-2.19.so
7f6af622e000-7f6af642d000 ---p 00017000 08:01 5771439                    /lib/x86_64-linux-gnu/libnsl-2.19.so
7f6af642d000-7f6af642e000 r--p 00016000 08:01 5771439                    /lib/x86_64-linux-gnu/libnsl-2.19.so
7f6af642e000-7f6af642f000 rw-p 00017000 08:01 5771439                    /lib/x86_64-linux-gnu/libnsl-2.19.so
7f6af642f000-7f6af6431000 rw-p 00000000 00:00 0 
7f6af6431000-7f6af643a000 r-xp 00000000 08:01 5771441                    /lib/x86_64-linux-gnu/libnss_compat-2.19.so
7f6af643a000-7f6af6639000 ---p 00009000 08:01 5771441                    /lib/x86_64-linux-gnu/libnss_compat-2.19.so
7f6af6639000-7f6af663a000 r--p 00008000 08:01 5771441                    /lib/x86_64-linux-gnu/libnss_compat-2.19.so
7f6af663a000-7f6af663b000 rw-p 00009000 08:01 5771441                    /lib/x86_64-linux-gnu/libnss_compat-2.19.so
7f6af663b000-7f6af6665000 r-xp 00000000 08:01 4069157                    /usr/lib/jvm/java-8-oracle/jre/lib/amd64/libjava.so
7f6af6665000-7f6af6865000 ---p 0002a000 08:01 4069157                    /usr/lib/jvm/java-8-oracle/jre/lib/amd64/libjava.so
7f6af6865000-7f6af6867000 rw-p 0002a000 08:01 4069157                    /usr/lib/jvm/java-8-oracle/jre/lib/amd64/libjava.so
7f6af6867000-7f6af6874000 r-xp 00000000 08:01 4069118                    /usr/lib/jvm/java-8-oracle/jre/lib/amd64/libverify.so
7f6af6874000-7f6af6a74000 ---p 0000d000 08:01 4069118                    /usr/lib/jvm/java-8-oracle/jre/lib/amd64/libverify.so
7f6af6a74000-7f6af6a76000 rw-p 0000d000 08:01 4069118                    /usr/lib/jvm/java-8-oracle/jre/lib/amd64/libverify.so
7f6af6a76000-7f6af6a7d000 r-xp 00000000 08:01 5771498                    /lib/x86_64-linux-gnu/librt-2.19.so
7f6af6a7d000-7f6af6c7c000 ---p 00007000 08:01 5771498                    /lib/x86_64-linux-gnu/librt-2.19.so
7f6af6c7c000-7f6af6c7d000 r--p 00006000 08:01 5771498                    /lib/x86_64-linux-gnu/librt-2.19.so
7f6af6c7d000-7f6af6c7e000 rw-p 00007000 08:01 5771498                    /lib/x86_64-linux-gnu/librt-2.19.so
7f6af6c7e000-7f6af6d83000 r-xp 00000000 08:01 5771420                    /lib/x86_64-linux-gnu/libm-2.19.so
7f6af6d83000-7f6af6f82000 ---p 00105000 08:01 5771420                    /lib/x86_64-linux-gnu/libm-2.19.so
7f6af6f82000-7f6af6f83000 r--p 00104000 08:01 5771420                    /lib/x86_64-linux-gnu/libm-2.19.so
7f6af6f83000-7f6af6f84000 rw-p 00105000 08:01 5771420                    /lib/x86_64-linux-gnu/libm-2.19.so
7f6af6f84000-7f6af7c42000 r-xp 00000000 08:01 4069167                    /usr/lib/jvm/java-8-oracle/jre/lib/amd64/server/libjvm.so
7f6af7c42000-7f6af7e41000 ---p 00cbe000 08:01 4069167                    /usr/lib/jvm/java-8-oracle/jre/lib/amd64/server/libjvm.so
7f6af7e41000-7f6af7f1a000 rw-p 00cbd000 08:01 4069167                    /usr/lib/jvm/java-8-oracle/jre/lib/amd64/server/libjvm.so
7f6af7f1a000-7f6af7f5e000 rw-p 00000000 00:00 0 
7f6af7f5e000-7f6af8119000 r-xp 00000000 08:01 5771370                    /lib/x86_64-linux-gnu/libc-2.19.so
7f6af8119000-7f6af8318000 ---p 001bb000 08:01 5771370                    /lib/x86_64-linux-gnu/libc-2.19.so
7f6af8318000-7f6af831c000 r--p 001ba000 08:01 5771370                    /lib/x86_64-linux-gnu/libc-2.19.so
7f6af831c000-7f6af831e000 rw-p 001be000 08:01 5771370                    /lib/x86_64-linux-gnu/libc-2.19.so
7f6af831e000-7f6af8323000 rw-p 00000000 00:00 0 
7f6af8323000-7f6af8326000 r-xp 00000000 08:01 5771387                    /lib/x86_64-linux-gnu/libdl-2.19.so
7f6af8326000-7f6af8525000 ---p 00003000 08:01 5771387                    /lib/x86_64-linux-gnu/libdl-2.19.so
7f6af8525000-7f6af8526000 r--p 00002000 08:01 5771387                    /lib/x86_64-linux-gnu/libdl-2.19.so
7f6af8526000-7f6af8527000 rw-p 00003000 08:01 5771387                    /lib/x86_64-linux-gnu/libdl-2.19.so
7f6af8527000-7f6af853c000 r-xp 00000000 08:01 4727160                    /usr/lib/jvm/java-8-oracle/lib/amd64/jli/libjli.so
7f6af853c000-7f6af873c000 ---p 00015000 08:01 4727160                    /usr/lib/jvm/java-8-oracle/lib/amd64/jli/libjli.so
7f6af873c000-7f6af873d000 rw-p 00015000 08:01 4727160                    /usr/lib/jvm/java-8-oracle/lib/amd64/jli/libjli.so
7f6af873d000-7f6af8756000 r-xp 00000000 08:01 5771490                    /lib/x86_64-linux-gnu/libpthread-2.19.so
7f6af8756000-7f6af8955000 ---p 00019000 08:01 5771490                    /lib/x86_64-linux-gnu/libpthread-2.19.so
7f6af8955000-7f6af8956000 r--p 00018000 08:01 5771490                    /lib/x86_64-linux-gnu/libpthread-2.19.so
7f6af8956000-7f6af8957000 rw-p 00019000 08:01 5771490                    /lib/x86_64-linux-gnu/libpthread-2.19.so
7f6af8957000-7f6af895b000 rw-p 00000000 00:00 0 
7f6af895b000-7f6af897e000 r-xp 00000000 08:01 5771346                    /lib/x86_64-linux-gnu/ld-2.19.so
7f6af8984000-7f6af898b000 r--s 00000000 08:01 1967077                    /usr/lib/x86_64-linux-gnu/gconv/gconv-modules.cache
7f6af898b000-7f6af8a57000 rw-p 00000000 00:00 0 
7f6af8a57000-7f6af8a5a000 ---p 00000000 00:00 0 
7f6af8a5a000-7f6af8b5c000 rw-p 00000000 00:00 0                          [stack:24400]
7f6af8b61000-7f6af8b62000 rw-p 00000000 00:00 0 
7f6af8b62000-7f6af8b71000 r--s 000df000 08:01 10635452                   /home/tomasz/Android/Sdk/build-tools/23.0.2/lib/dx.jar
7f6af8b71000-7f6af8b79000 rw-s 00000000 08:01 6951966                    /tmp/hsperfdata_tomasz/24395
7f6af8b79000-7f6af8b7a000 rw-p 00000000 00:00 0 
7f6af8b7a000-7f6af8b7b000 ---p 00000000 00:00 0 
7f6af8b7b000-7f6af8b7d000 rw-p 00000000 00:00 0 
7f6af8b7d000-7f6af8b7e000 r--p 00022000 08:01 5771346                    /lib/x86_64-linux-gnu/ld-2.19.so
7f6af8b7e000-7f6af8b7f000 rw-p 00023000 08:01 5771346                    /lib/x86_64-linux-gnu/ld-2.19.so
7f6af8b7f000-7f6af8b80000 rw-p 00000000 00:00 0 
7ffe96f49000-7ffe96f6a000 rw-p 00000000 00:00 0                          [stack]
7ffe96f79000-7ffe96f7b000 r--p 00000000 00:00 0                          [vvar]
7ffe96f7b000-7ffe96f7d000 r-xp 00000000 00:00 0                          [vdso]
ffffffffff600000-ffffffffff601000 r-xp 00000000 00:00 0                  [vsyscall]

VM Arguments:
jvm_args: -Djava.awt.headless=true -Xmx2g -Dfile.encoding=UTF-8 -Duser.country=PL -Duser.language=pl -Duser.variant 
java_command: com.android.dx.command.Main --dex --num-threads=4 --multi-dex --main-dex-list /home/tomasz/AndroidStudioProjects/ITAssistant/app/build/intermediates/multi-dex/debug/maindexlist.txt --output /home/tomasz/AndroidStudioProjects/ITAssistant/app/build/intermediates/transforms/dex/debug/folders/1000/1f/main /home/tomasz/AndroidStudioProjects/ITAssistant/app/build/intermediates/transforms/jarMerging/debug/jars/1/1f/combined.jar
java_class_path (initial): /home/tomasz/Android/Sdk/build-tools/23.0.2/lib/dx.jar
Launcher Type: SUN_STANDARD

Environment Variables:
PATH=/usr/local/sbin:/usr/local/bin:/usr/sbin:/usr/bin:/sbin:/bin:/usr/games:/usr/local/games
LD_LIBRARY_PATH=.:
SHELL=/bin/bash
DISPLAY=:0

Signal Handlers:
SIGSEGV: [libjvm.so+0xaba2a0], sa_mask[0]=11111111011111111101111111111110, sa_flags=SA_RESTART|SA_SIGINFO
SIGBUS: [libjvm.so+0xaba2a0], sa_mask[0]=11111111011111111101111111111110, sa_flags=SA_RESTART|SA_SIGINFO
SIGFPE: [libjvm.so+0x917710], sa_mask[0]=11111111011111111101111111111110, sa_flags=SA_RESTART|SA_SIGINFO
SIGPIPE: [libjvm.so+0x917710], sa_mask[0]=11111111011111111101111111111110, sa_flags=SA_RESTART|SA_SIGINFO
SIGXFSZ: [libjvm.so+0x917710], sa_mask[0]=11111111011111111101111111111110, sa_flags=SA_RESTART|SA_SIGINFO
SIGILL: [libjvm.so+0x917710], sa_mask[0]=11111111011111111101111111111110, sa_flags=SA_RESTART|SA_SIGINFO
SIGUSR1: SIG_DFL, sa_mask[0]=00000000000000000000000000000000, sa_flags=none
SIGUSR2: [libjvm.so+0x918d40], sa_mask[0]=00100000000000000000000000000000, sa_flags=SA_RESTART|SA_SIGINFO
SIGHUP: [libjvm.so+0x91a140], sa_mask[0]=11111111011111111101111111111110, sa_flags=SA_RESTART|SA_SIGINFO
SIGINT: [libjvm.so+0x91a140], sa_mask[0]=11111111011111111101111111111110, sa_flags=SA_RESTART|SA_SIGINFO
SIGTERM: [libjvm.so+0x91a140], sa_mask[0]=11111111011111111101111111111110, sa_flags=SA_RESTART|SA_SIGINFO
SIGQUIT: [libjvm.so+0x91a140], sa_mask[0]=11111111011111111101111111111110, sa_flags=SA_RESTART|SA_SIGINFO


---------------  S Y S T E M  ---------------

OS:DISTRIB_ID=Ubuntu
DISTRIB_RELEASE=14.04
DISTRIB_CODENAME=trusty
DISTRIB_DESCRIPTION="Ubuntu 14.04.3 LTS"

uname:Linux 3.19.0-42-generic #48~14.04.1-Ubuntu SMP Fri Dec 18 10:24:49 UTC 2015 x86_64
libc:glibc 2.19 NPTL 2.19 
rlimit: STACK 8192k, CORE 0k, NPROC 23202, NOFILE 4096, AS infinity
load average:6,61 3,78 2,40

/proc/meminfo:
MemTotal:        5961332 kB
MemFree:          122292 kB
MemAvailable:      91268 kB
Buffers:            4212 kB
Cached:           406560 kB
SwapCached:            0 kB
Active:          5245960 kB
Inactive:         374872 kB
Active(anon):    5222240 kB
Inactive(anon):   345924 kB
Active(file):      23720 kB
Inactive(file):    28948 kB
Unevictable:        6212 kB
Mlocked:            6212 kB
SwapTotal:             0 kB
SwapFree:              0 kB
Dirty:               340 kB
Writeback:             0 kB
AnonPages:       5216404 kB
Mapped:            80784 kB
Shmem:            357984 kB
Slab:              98460 kB
SReclaimable:      54204 kB
SUnreclaim:        44256 kB
KernelStack:        9344 kB
PageTables:        42100 kB
NFS_Unstable:          0 kB
Bounce:                0 kB
WritebackTmp:          0 kB
CommitLimit:     2980664 kB
Committed_AS:    8304660 kB
VmallocTotal:   34359738367 kB
VmallocUsed:      557852 kB
VmallocChunk:   34359165916 kB
HardwareCorrupted:     0 kB
AnonHugePages:   2342912 kB
CmaTotal:              0 kB
CmaFree:               0 kB
HugePages_Total:       0
HugePages_Free:        0
HugePages_Rsvd:        0
HugePages_Surp:        0
Hugepagesize:       2048 kB
DirectMap4k:      237824 kB
DirectMap2M:     5902336 kB


CPU:total 4 (2 cores per cpu, 2 threads per core) family 6 model 42 stepping 7, cmov, cx8, fxsr, mmx, sse, sse2, sse3, ssse3, sse4.1, sse4.2, popcnt, avx, aes, clmul, ht, tsc, tscinvbit

/proc/cpuinfo:
processor	: 0
vendor_id	: GenuineIntel
cpu family	: 6
model		: 42
model name	: Intel(R) Core(TM) i5-2450M CPU @ 2.50GHz
stepping	: 7
microcode	: 0x25
cpu MHz		: 2500.000
cache size	: 3072 KB
physical id	: 0
siblings	: 4
core id		: 0
cpu cores	: 2
apicid		: 0
initial apicid	: 0
fpu		: yes
fpu_exception	: yes
cpuid level	: 13
wp		: yes
flags		: fpu vme de pse tsc msr pae mce cx8 apic sep mtrr pge mca cmov pat pse36 clflush dts acpi mmx fxsr sse sse2 ss ht tm pbe syscall nx rdtscp lm constant_tsc arch_perfmon pebs bts rep_good nopl xtopology nonstop_tsc aperfmperf eagerfpu pni pclmulqdq dtes64 monitor ds_cpl vmx est tm2 ssse3 cx16 xtpr pdcm pcid sse4_1 sse4_2 x2apic popcnt tsc_deadline_timer aes xsave avx lahf_lm ida arat epb pln pts dtherm tpr_shadow vnmi flexpriority ept vpid xsaveopt
bugs		:
bogomips	: 4988.20
clflush size	: 64
cache_alignment	: 64
address sizes	: 36 bits physical, 48 bits virtual
power management:

processor	: 1
vendor_id	: GenuineIntel
cpu family	: 6
model		: 42
model name	: Intel(R) Core(TM) i5-2450M CPU @ 2.50GHz
stepping	: 7
microcode	: 0x25
cpu MHz		: 2500.000
cache size	: 3072 KB
physical id	: 0
siblings	: 4
core id		: 0
cpu cores	: 2
apicid		: 1
initial apicid	: 1
fpu		: yes
fpu_exception	: yes
cpuid level	: 13
wp		: yes
flags		: fpu vme de pse tsc msr pae mce cx8 apic sep mtrr pge mca cmov pat pse36 clflush dts acpi mmx fxsr sse sse2 ss ht tm pbe syscall nx rdtscp lm constant_tsc arch_perfmon pebs bts rep_good nopl xtopology nonstop_tsc aperfmperf eagerfpu pni pclmulqdq dtes64 monitor ds_cpl vmx est tm2 ssse3 cx16 xtpr pdcm pcid sse4_1 sse4_2 x2apic popcnt tsc_deadline_timer aes xsave avx lahf_lm ida arat epb pln pts dtherm tpr_shadow vnmi flexpriority ept vpid xsaveopt
bugs		:
bogomips	: 4988.20
clflush size	: 64
cache_alignment	: 64
address sizes	: 36 bits physical, 48 bits virtual
power management:

processor	: 2
vendor_id	: GenuineIntel
cpu family	: 6
model		: 42
model name	: Intel(R) Core(TM) i5-2450M CPU @ 2.50GHz
stepping	: 7
microcode	: 0x25
cpu MHz		: 2500.000
cache size	: 3072 KB
physical id	: 0
siblings	: 4
core id		: 1
cpu cores	: 2
apicid		: 2
initial apicid	: 2
fpu		: yes
fpu_exception	: yes
cpuid level	: 13
wp		: yes
flags		: fpu vme de pse tsc msr pae mce cx8 apic sep mtrr pge mca cmov pat pse36 clflush dts acpi mmx fxsr sse sse2 ss ht tm pbe syscall nx rdtscp lm constant_tsc arch_perfmon pebs bts rep_good nopl xtopology nonstop_tsc aperfmperf eagerfpu pni pclmulqdq dtes64 monitor ds_cpl vmx est tm2 ssse3 cx16 xtpr pdcm pcid sse4_1 sse4_2 x2apic popcnt tsc_deadline_timer aes xsave avx lahf_lm ida arat epb pln pts dtherm tpr_shadow vnmi flexpriority ept vpid xsaveopt
bugs		:
bogomips	: 4988.20
clflush size	: 64
cache_alignment	: 64
address sizes	: 36 bits physical, 48 bits virtual
power management:

processor	: 3
vendor_id	: GenuineIntel
cpu family	: 6
model		: 42
model name	: Intel(R) Core(TM) i5-2450M CPU @ 2.50GHz
stepping	: 7
microcode	: 0x25
cpu MHz		: 2500.000
cache size	: 3072 KB
physical id	: 0
siblings	: 4
core id		: 1
cpu cores	: 2
apicid		: 3
initial apicid	: 3
fpu		: yes
fpu_exception	: yes
cpuid level	: 13
wp		: yes
flags		: fpu vme de pse tsc msr pae mce cx8 apic sep mtrr pge mca cmov pat pse36 clflush dts acpi mmx fxsr sse sse2 ss ht tm pbe syscall nx rdtscp lm constant_tsc arch_perfmon pebs bts rep_good nopl xtopology nonstop_tsc aperfmperf eagerfpu pni pclmulqdq dtes64 monitor ds_cpl vmx est tm2 ssse3 cx16 xtpr pdcm pcid sse4_1 sse4_2 x2apic popcnt tsc_deadline_timer aes xsave avx lahf_lm ida arat epb pln pts dtherm tpr_shadow vnmi flexpriority ept vpid xsaveopt
bugs		:
bogomips	: 4988.20
clflush size	: 64
cache_alignment	: 64
address sizes	: 36 bits physical, 48 bits virtual
power management:



Memory: 4k page, physical 5961332k(122292k free), swap 0k(0k free)

vm_info: Java HotSpot(TM) 64-Bit Server VM (25.66-b17) for linux-amd64 JRE (1.8.0_66-b17), built on Oct  6 2015 17:28:34 by "java_re" with gcc 4.3.0 20080428 (Red Hat 4.3.0-8)

time: Sun Jan  3 14:46:30 2016
elapsed time: 56 seconds (0d 0h 0m 56s)

