#
# There is insufficient memory for the Java Runtime Environment to continue.
# Native memory allocation (mmap) failed to map 210239488 bytes for committing reserved memory.
# Possible reasons:
#   The system is out of physical RAM or swap space
#   In 32 bit mode, the process size limit was hit
# Possible solutions:
#   Reduce memory load on the system
#   Increase physical memory or swap space
#   Check if swap backing store is full
#   Use 64 bit Java on a 64 bit OS
#   Decrease Java heap size (-Xmx/-Xms)
#   Decrease number of Java threads
#   Decrease Java thread stack sizes (-Xss)
#   Set larger code cache with -XX:ReservedCodeCacheSize=
# This output file may be truncated or incomplete.
#
#  Out of Memory Error (os_linux.cpp:2627), pid=15105, tid=140591991072512
#
# JRE version: Java(TM) SE Runtime Environment (8.0_66-b17) (build 1.8.0_66-b17)
# Java VM: Java HotSpot(TM) 64-Bit Server VM (25.66-b17 mixed mode linux-amd64 compressed oops)
# Failed to write core dump. Core dumps have been disabled. To enable core dumping, try "ulimit -c unlimited" before starting Java again
#

---------------  T H R E A D  ---------------

Current thread (0x00007fde3c078000):  VMThread [stack: 0x00007fde1f9fa000,0x00007fde1fafb000] [id=15115]

Stack: [0x00007fde1f9fa000,0x00007fde1fafb000],  sp=0x00007fde1faf90e0,  free space=1020k
Native frames: (J=compiled Java code, j=interpreted, Vv=VM code, C=native code)
V  [libjvm.so+0xab9a1a]  VMError::report_and_die()+0x2ba
V  [libjvm.so+0x4f9e0b]  report_vm_out_of_memory(char const*, int, unsigned long, VMErrorType, char const*)+0x8b
V  [libjvm.so+0x91a8a3]  os::Linux::commit_memory_impl(char*, unsigned long, bool)+0x103
V  [libjvm.so+0x91adf9]  os::pd_commit_memory(char*, unsigned long, unsigned long, bool)+0x29
V  [libjvm.so+0x91510a]  os::commit_memory(char*, unsigned long, unsigned long, bool)+0x2a
V  [libjvm.so+0x9887a3]  PSVirtualSpace::expand_by(unsigned long)+0x53
V  [libjvm.so+0x979090]  PSOldGen::expand(unsigned long)+0x170
V  [libjvm.so+0x97929b]  PSOldGen::resize(unsigned long)+0x1cb
V  [libjvm.so+0x980f71]  PSParallelCompact::invoke_no_policy(bool)+0x991
V  [libjvm.so+0x9868cd]  PSScavenge::invoke()+0x1ad
V  [libjvm.so+0x93e500]  ParallelScavengeHeap::failed_mem_allocate(unsigned long)+0x70
V  [libjvm.so+0xabb437]  VM_ParallelGCFailedAllocation::doit()+0x97
V  [libjvm.so+0xac2e65]  VM_Operation::evaluate()+0x55
V  [libjvm.so+0xac123a]  VMThread::evaluate_operation(VM_Operation*)+0xba
V  [libjvm.so+0xac15be]  VMThread::loop()+0x1ce
V  [libjvm.so+0xac1a30]  VMThread::run()+0x70
V  [libjvm.so+0x91cc68]  java_start(Thread*)+0x108

VM_Operation (0x00007fde1e5d9050): ParallelGCFailedAllocation, mode: safepoint, requested by thread 0x00007fde3c185000


---------------  P R O C E S S  ---------------

Java Threads: ( => current thread )
  0x00007fde3c185000 JavaThread "pool-2-thread-4" [_thread_blocked, id=15130, stack(0x00007fde1e4da000,0x00007fde1e5db000)]
  0x00007fde3c183000 JavaThread "pool-2-thread-3" [_thread_blocked, id=15129, stack(0x00007fde1e5db000,0x00007fde1e6dc000)]
  0x00007fde3c181800 JavaThread "pool-2-thread-2" [_thread_blocked, id=15128, stack(0x00007fde1e6dc000,0x00007fde1e7dd000)]
  0x00007fde3c17f800 JavaThread "pool-3-thread-1" [_thread_blocked, id=15127, stack(0x00007fde1e7dd000,0x00007fde1e8de000)]
  0x00007fde3c17e000 JavaThread "pool-2-thread-1" [_thread_blocked, id=15126, stack(0x00007fde1e8de000,0x00007fde1e9df000)]
  0x00007fde3c0c0800 JavaThread "Service Thread" daemon [_thread_blocked, id=15122, stack(0x00007fde1eae0000,0x00007fde1ebe1000)]
  0x00007fde3c0bb000 JavaThread "C1 CompilerThread2" daemon [_thread_blocked, id=15121, stack(0x00007fde1ebe1000,0x00007fde1ece2000)]
  0x00007fde3c0b9800 JavaThread "C2 CompilerThread1" daemon [_thread_blocked, id=15120, stack(0x00007fde1ece2000,0x00007fde1ede3000)]
  0x00007fde3c0b6800 JavaThread "C2 CompilerThread0" daemon [_thread_blocked, id=15119, stack(0x00007fde1ede3000,0x00007fde1eee4000)]
  0x00007fde3c0b5000 JavaThread "Signal Dispatcher" daemon [_thread_blocked, id=15118, stack(0x00007fde1eee4000,0x00007fde1efe5000)]
  0x00007fde3c07f000 JavaThread "Finalizer" daemon [_thread_blocked, id=15117, stack(0x00007fde1f7f8000,0x00007fde1f8f9000)]
  0x00007fde3c07d000 JavaThread "Reference Handler" daemon [_thread_blocked, id=15116, stack(0x00007fde1f8f9000,0x00007fde1f9fa000)]
  0x00007fde3c00a000 JavaThread "main" [_thread_blocked, id=15110, stack(0x00007fde44754000,0x00007fde44855000)]

Other Threads:
=>0x00007fde3c078000 VMThread [stack: 0x00007fde1f9fa000,0x00007fde1fafb000] [id=15115]
  0x00007fde3c0c3000 WatcherThread [stack: 0x00007fde1e9df000,0x00007fde1eae0000] [id=15123]

VM state:at safepoint (normal execution)

VM Mutex/Monitor currently owned by a thread:  ([mutex/lock_event])
[0x00007fde3c005ef0] ExpandHeap_lock - owner thread: 0x00007fde3c078000
[0x00007fde3c006570] Threads_lock - owner thread: 0x00007fde3c078000
[0x00007fde3c006a70] Heap_lock - owner thread: 0x00007fde3c185000

Heap:
 PSYoungGen      total 470528K, used 106879K [0x00000000d5580000, 0x0000000100000000, 0x0000000100000000)
  eden space 325120K, 0% used [0x00000000d5580000,0x00000000d5580000,0x00000000e9300000)
  from space 145408K, 73% used [0x00000000f7200000,0x00000000fda5ff18,0x0000000100000000)
  to   space 186880K, 0% used [0x00000000e9300000,0x00000000e9300000,0x00000000f4980000)
 ParOldGen       total 410624K, used 410241K [0x0000000080000000, 0x0000000099100000, 0x00000000d5580000)
  object space 410624K, 99% used [0x0000000080000000,0x00000000990a0560,0x0000000099100000)
 Metaspace       used 6586K, capacity 7320K, committed 7680K, reserved 1056768K
  class space    used 616K, capacity 656K, committed 768K, reserved 1048576K

Card table byte_map: [0x00007fde4111e000,0x00007fde4151f000] byte_map_base: 0x00007fde40d1e000

Marking Bits: (ParMarkBitMap*) 0x00007fde43c2e020
 Begin Bits: [0x00007fde24000000, 0x00007fde26000000)
 End Bits:   [0x00007fde26000000, 0x00007fde28000000)

Polling page: 0x00007fde44875000

CodeCache: size=245760Kb used=9906Kb max_used=11384Kb free=235853Kb
 bounds [0x00007fde2d000000, 0x00007fde2db40000, 0x00007fde3c000000]
 total_blobs=2433 nmethods=2164 adapters=182
 compilation: enabled

Compilation events (10 events):
Event: 22,263 Thread 0x00007fde3c0bb000 2830       3       java.util.HashMap$TreeNode::find (172 bytes)
Event: 22,264 Thread 0x00007fde3c0bb000 nmethod 2830 0x00007fde2d22a090 code [0x00007fde2d22a280, 0x00007fde2d22ad98]
Event: 22,288 Thread 0x00007fde3c0bb000 2831 %     3       com.android.dx.cf.code.ByteCatchList::toTargetList @ 70 (114 bytes)
Event: 22,289 Thread 0x00007fde3c0bb000 nmethod 2831% 0x00007fde2d40f990 code [0x00007fde2d40fbc0, 0x00007fde2d410a88]
Event: 22,385 Thread 0x00007fde3c0bb000 2833 %     3       com.android.dx.cf.code.ByteCatchList::toRopCatchList @ 24 (57 bytes)
Event: 22,387 Thread 0x00007fde3c0bb000 nmethod 2833% 0x00007fde2d63c250 code [0x00007fde2d63c4a0, 0x00007fde2d63d5c8]
Event: 22,387 Thread 0x00007fde3c0bb000 2834       3       com.android.dx.cf.code.ByteCatchList::toRopCatchList (57 bytes)
Event: 22,388 Thread 0x00007fde3c0bb000 nmethod 2834 0x00007fde2d256590 code [0x00007fde2d2567e0, 0x00007fde2d257848]
Event: 22,405 Thread 0x00007fde3c0bb000 2835       3       com.android.dx.cf.code.ByteCatchList::toTargetList (114 bytes)
Event: 22,406 Thread 0x00007fde3c0bb000 nmethod 2835 0x00007fde2d1ad610 code [0x00007fde2d1ad840, 0x00007fde2d1ae5c8]

GC Heap History (10 events):
Event: 15,406 GC heap after
Heap after GC invocations=15 (full 3):
 PSYoungGen      total 539648K, used 50946K [0x00000000d5580000, 0x0000000100000000, 0x0000000100000000)
  eden space 438784K, 0% used [0x00000000d5580000,0x00000000d5580000,0x00000000f0200000)
  from space 100864K, 50% used [0x00000000f9d80000,0x00000000fcf40b20,0x0000000100000000)
  to   space 130048K, 0% used [0x00000000f0200000,0x00000000f0200000,0x00000000f8100000)
 ParOldGen       total 387072K, used 246114K [0x0000000080000000, 0x0000000097a00000, 0x00000000d5580000)
  object space 387072K, 63% used [0x0000000080000000,0x000000008f0588d8,0x0000000097a00000)
 Metaspace       used 6563K, capacity 7320K, committed 7680K, reserved 1056768K
  class space    used 615K, capacity 656K, committed 768K, reserved 1048576K
}
Event: 17,297 GC heap before
{Heap before GC invocations=16 (full 3):
 PSYoungGen      total 539648K, used 489730K [0x00000000d5580000, 0x0000000100000000, 0x0000000100000000)
  eden space 438784K, 100% used [0x00000000d5580000,0x00000000f0200000,0x00000000f0200000)
  from space 100864K, 50% used [0x00000000f9d80000,0x00000000fcf40b20,0x0000000100000000)
  to   space 130048K, 0% used [0x00000000f0200000,0x00000000f0200000,0x00000000f8100000)
 ParOldGen       total 387072K, used 246114K [0x0000000080000000, 0x0000000097a00000, 0x00000000d5580000)
  object space 387072K, 63% used [0x0000000080000000,0x000000008f0588d8,0x0000000097a00000)
 Metaspace       used 6573K, capacity 7320K, committed 7680K, reserved 1056768K
  class space    used 616K, capacity 656K, committed 768K, reserved 1048576K
Event: 17,586 GC heap after
Heap after GC invocations=16 (full 3):
 PSYoungGen      total 568832K, used 64120K [0x00000000d5580000, 0x0000000100000000, 0x0000000100000000)
  eden space 438784K, 0% used [0x00000000d5580000,0x00000000d5580000,0x00000000f0200000)
  from space 130048K, 49% used [0x00000000f0200000,0x00000000f409e348,0x00000000f8100000)
  to   space 128512K, 0% used [0x00000000f8280000,0x00000000f8280000,0x0000000100000000)
 ParOldGen       total 387072K, used 296146K [0x0000000080000000, 0x0000000097a00000, 0x00000000d5580000)
  object space 387072K, 76% used [0x0000000080000000,0x0000000092134a90,0x0000000097a00000)
 Metaspace       used 6573K, capacity 7320K, committed 7680K, reserved 1056768K
  class space    used 616K, capacity 656K, committed 768K, reserved 1048576K
}
Event: 18,952 GC heap before
{Heap before GC invocations=17 (full 3):
 PSYoungGen      total 568832K, used 502904K [0x00000000d5580000, 0x0000000100000000, 0x0000000100000000)
  eden space 438784K, 100% used [0x00000000d5580000,0x00000000f0200000,0x00000000f0200000)
  from space 130048K, 49% used [0x00000000f0200000,0x00000000f409e348,0x00000000f8100000)
  to   space 128512K, 0% used [0x00000000f8280000,0x00000000f8280000,0x0000000100000000)
 ParOldGen       total 387072K, used 296146K [0x0000000080000000, 0x0000000097a00000, 0x00000000d5580000)
  object space 387072K, 76% used [0x0000000080000000,0x0000000092134a90,0x0000000097a00000)
 Metaspace       used 6582K, capacity 7320K, committed 7680K, reserved 1056768K
  class space    used 616K, capacity 656K, committed 768K, reserved 1048576K
Event: 19,148 GC heap after
Heap after GC invocations=17 (full 3):
 PSYoungGen      total 536576K, used 113255K [0x00000000d5580000, 0x0000000100000000, 0x0000000100000000)
  eden space 408064K, 0% used [0x00000000d5580000,0x00000000d5580000,0x00000000ee400000)
  from space 128512K, 88% used [0x00000000f8280000,0x00000000ff119cc0,0x0000000100000000)
  to   space 145408K, 0% used [0x00000000ee400000,0x00000000ee400000,0x00000000f7200000)
 ParOldGen       total 387072K, used 296146K [0x0000000080000000, 0x0000000097a00000, 0x00000000d5580000)
  object space 387072K, 76% used [0x0000000080000000,0x0000000092134a90,0x0000000097a00000)
 Metaspace       used 6582K, capacity 7320K, committed 7680K, reserved 1056768K
  class space    used 616K, capacity 656K, committed 768K, reserved 1048576K
}
Event: 20,684 GC heap before
{Heap before GC invocations=18 (full 3):
 PSYoungGen      total 536576K, used 521319K [0x00000000d5580000, 0x0000000100000000, 0x0000000100000000)
  eden space 408064K, 100% used [0x00000000d5580000,0x00000000ee400000,0x00000000ee400000)
  from space 128512K, 88% used [0x00000000f8280000,0x00000000ff119cc0,0x0000000100000000)
  to   space 145408K, 0% used [0x00000000ee400000,0x00000000ee400000,0x00000000f7200000)
 ParOldGen       total 387072K, used 296146K [0x0000000080000000, 0x0000000097a00000, 0x00000000d5580000)
  object space 387072K, 76% used [0x0000000080000000,0x0000000092134a90,0x0000000097a00000)
 Metaspace       used 6584K, capacity 7320K, committed 7680K, reserved 1056768K
  class space    used 616K, capacity 656K, committed 768K, reserved 1048576K
Event: 20,913 GC heap after
Heap after GC invocations=18 (full 3):
 PSYoungGen      total 553472K, used 145376K [0x00000000d5580000, 0x0000000100000000, 0x0000000100000000)
  eden space 408064K, 0% used [0x00000000d5580000,0x00000000d5580000,0x00000000ee400000)
  from space 145408K, 99% used [0x00000000ee400000,0x00000000f71f8238,0x00000000f7200000)
  to   space 145408K, 0% used [0x00000000f7200000,0x00000000f7200000,0x0000000100000000)
 ParOldGen       total 387072K, used 320556K [0x0000000080000000, 0x0000000097a00000, 0x00000000d5580000)
  object space 387072K, 82% used [0x0000000080000000,0x000000009390b310,0x0000000097a00000)
 Metaspace       used 6584K, capacity 7320K, committed 7680K, reserved 1056768K
  class space    used 616K, capacity 656K, committed 768K, reserved 1048576K
}
Event: 22,428 GC heap before
{Heap before GC invocations=19 (full 3):
 PSYoungGen      total 553472K, used 553440K [0x00000000d5580000, 0x0000000100000000, 0x0000000100000000)
  eden space 408064K, 100% used [0x00000000d5580000,0x00000000ee400000,0x00000000ee400000)
  from space 145408K, 99% used [0x00000000ee400000,0x00000000f71f8238,0x00000000f7200000)
  to   space 145408K, 0% used [0x00000000f7200000,0x00000000f7200000,0x0000000100000000)
 ParOldGen       total 387072K, used 320556K [0x0000000080000000, 0x0000000097a00000, 0x00000000d5580000)
  object space 387072K, 82% used [0x0000000080000000,0x000000009390b310,0x0000000097a00000)
 Metaspace       used 6586K, capacity 7320K, committed 7680K, reserved 1056768K
  class space    used 616K, capacity 656K, committed 768K, reserved 1048576K
Event: 22,858 GC heap after
Heap after GC invocations=19 (full 3):
 PSYoungGen      total 470528K, used 117257K [0x00000000d5580000, 0x0000000100000000, 0x0000000100000000)
  eden space 325120K, 0% used [0x00000000d5580000,0x00000000d5580000,0x00000000e9300000)
  from space 145408K, 80% used [0x00000000f7200000,0x00000000fe4825e8,0x0000000100000000)
  to   space 186880K, 0% used [0x00000000e9300000,0x00000000e9300000,0x00000000f4980000)
 ParOldGen       total 410624K, used 409630K [0x0000000080000000, 0x0000000099100000, 0x00000000d5580000)
  object space 410624K, 99% used [0x0000000080000000,0x0000000099007ad0,0x0000000099100000)
 Metaspace       used 6586K, capacity 7320K, committed 7680K, reserved 1056768K
  class space    used 616K, capacity 656K, committed 768K, reserved 1048576K
}
Event: 22,866 GC heap before
{Heap before GC invocations=20 (full 4):
 PSYoungGen      total 470528K, used 117257K [0x00000000d5580000, 0x0000000100000000, 0x0000000100000000)
  eden space 325120K, 0% used [0x00000000d5580000,0x00000000d5580000,0x00000000e9300000)
  from space 145408K, 80% used [0x00000000f7200000,0x00000000fe4825e8,0x0000000100000000)
  to   space 186880K, 0% used [0x00000000e9300000,0x00000000e9300000,0x00000000f4980000)
 ParOldGen       total 410624K, used 409630K [0x0000000080000000, 0x0000000099100000, 0x00000000d5580000)
  object space 410624K, 99% used [0x0000000080000000,0x0000000099007ad0,0x0000000099100000)
 Metaspace       used 6586K, capacity 7320K, committed 7680K, reserved 1056768K
  class space    used 616K, capacity 656K, committed 768K, reserved 1048576K

Deoptimization events (10 events):
Event: 17,766 Thread 0x00007fde3c181800 Uncommon trap: reason=bimorphic action=maybe_recompile pc=0x00007fde2db218a8 method=com.android.dx.cf.code.BytecodeArray.parseInstruction(ILcom/android/dx/cf/code/BytecodeArray$Visitor;)I @ 1549
Event: 17,844 Thread 0x00007fde3c183000 Uncommon trap: reason=unstable_if action=reinterpret pc=0x00007fde2dafada0 method=com.android.dx.ssa.SsaMethod.blockIndexToRopLabel(I)I @ 1
Event: 18,109 Thread 0x00007fde3c181800 Uncommon trap: reason=unstable_if action=reinterpret pc=0x00007fde2d5b0054 method=java.util.BitSet.clone()Ljava/lang/Object; @ 4
Event: 18,290 Thread 0x00007fde3c181800 Uncommon trap: reason=bimorphic action=maybe_recompile pc=0x00007fde2daa4958 method=com.android.dx.rop.code.RegisterSpec.withSimpleType()Lcom/android/dx/rop/code/RegisterSpec; @ 21
Event: 20,227 Thread 0x00007fde3c17e000 Uncommon trap: reason=bimorphic action=maybe_recompile pc=0x00007fde2d47ece4 method=com.android.dx.cf.code.BaseMachine.getLocalTarget(Z)Lcom/android/dx/rop/code/RegisterSpec; @ 70
Event: 20,229 Thread 0x00007fde3c183000 Uncommon trap: reason=bimorphic action=maybe_recompile pc=0x00007fde2d47ece4 method=com.android.dx.cf.code.BaseMachine.getLocalTarget(Z)Lcom/android/dx/rop/code/RegisterSpec; @ 70
Event: 20,241 Thread 0x00007fde3c181800 Uncommon trap: reason=bimorphic action=maybe_recompile pc=0x00007fde2d47ece4 method=com.android.dx.cf.code.BaseMachine.getLocalTarget(Z)Lcom/android/dx/rop/code/RegisterSpec; @ 70
Event: 20,241 Thread 0x00007fde3c181800 Uncommon trap: reason=bimorphic action=maybe_recompile pc=0x00007fde2d47ece4 method=com.android.dx.cf.code.BaseMachine.getLocalTarget(Z)Lcom/android/dx/rop/code/RegisterSpec; @ 70
Event: 21,426 Thread 0x00007fde3c183000 Uncommon trap: reason=unstable_if action=reinterpret pc=0x00007fde2d118950 method=com.android.dx.ssa.SsaBasicBlock.scheduleMovesFromPhis()V @ 63
Event: 22,250 Thread 0x00007fde3c185000 Uncommon trap: reason=unstable_if action=reinterpret pc=0x00007fde2d8493c8 method=java.util.HashMap$TreeNode.find(ILjava/lang/Object;Ljava/lang/Class;)Ljava/util/HashMap$TreeNode; @ 58

Internal exceptions (10 events):
Event: 0,049 Thread 0x00007fde3c00a000 Exception <a 'java/lang/NoSuchMethodError': Method sun.misc.Unsafe.defineClass(Ljava/lang/String;[BII)Ljava/lang/Class; name or signature does not match> (0x00000000d5592a60) thrown at [/HUDSON/workspace/8-2-build-linux-amd64/jdk8u66/4988/hotspot/src/shar
Event: 0,049 Thread 0x00007fde3c00a000 Exception <a 'java/lang/NoSuchMethodError': Method sun.misc.Unsafe.prefetchRead(Ljava/lang/Object;J)V name or signature does not match> (0x00000000d5592d48) thrown at [/HUDSON/workspace/8-2-build-linux-amd64/jdk8u66/4988/hotspot/src/share/vm/prims/jni.cpp
Event: 1,291 Thread 0x00007fde3c00a000 Implicit null exception at 0x00007fde2d35f687 to 0x00007fde2d3621b5
Event: 1,759 Thread 0x00007fde3c00a000 Implicit null exception at 0x00007fde2d44db3c to 0x00007fde2d452571
Event: 2,930 Thread 0x00007fde3c181800 Exception <a 'java/lang/ArrayIndexOutOfBoundsException': 18> (0x00000000d9d3f3c8) thrown at [/HUDSON/workspace/8-2-build-linux-amd64/jdk8u66/4988/hotspot/src/share/vm/interpreter/interpreterRuntime.cpp, line 366]
Event: 2,931 Thread 0x00007fde3c181800 Exception <a 'java/lang/ArrayIndexOutOfBoundsException': 145> (0x00000000d9d40f48) thrown at [/HUDSON/workspace/8-2-build-linux-amd64/jdk8u66/4988/hotspot/src/share/vm/interpreter/interpreterRuntime.cpp, line 366]
Event: 2,933 Thread 0x00007fde3c181800 Exception <a 'java/lang/ArrayIndexOutOfBoundsException': 40> (0x00000000d9d42230) thrown at [/HUDSON/workspace/8-2-build-linux-amd64/jdk8u66/4988/hotspot/src/share/vm/interpreter/interpreterRuntime.cpp, line 366]
Event: 12,751 Thread 0x00007fde3c185000 Implicit null exception at 0x00007fde2d4916af to 0x00007fde2d494cc5
Event: 13,118 Thread 0x00007fde3c181800 Implicit null exception at 0x00007fde2d50e7ad to 0x00007fde2d511d55
Event: 16,628 Thread 0x00007fde3c183000 Implicit null exception at 0x00007fde2dab848a to 0x00007fde2dabd92d

Events (10 events):
Event: 22,254 Thread 0x00007fde3c181800 DEOPT UNPACKING pc=0x00007fde2d047633 sp=0x00007fde1e7daac0 mode 0
Event: 22,311 Thread 0x00007fde3c183000 DEOPT PACKING pc=0x00007fde2d3c77ac sp=0x00007fde1e6da040
Event: 22,311 Thread 0x00007fde3c183000 DEOPT UNPACKING pc=0x00007fde2d047633 sp=0x00007fde1e6d9d40 mode 0
Event: 22,381 Thread 0x00007fde3c17e000 DEOPT PACKING pc=0x00007fde2d36efe1 sp=0x00007fde1e9dce80
Event: 22,381 Thread 0x00007fde3c17e000 DEOPT UNPACKING pc=0x00007fde2d047633 sp=0x00007fde1e9dcbb8 mode 0
Event: 22,393 Thread 0x00007fde3c17e000 DEOPT PACKING pc=0x00007fde2d397a50 sp=0x00007fde1e9dcdf0
Event: 22,393 Thread 0x00007fde3c17e000 DEOPT UNPACKING pc=0x00007fde2d047633 sp=0x00007fde1e9dcbc8 mode 0
Event: 22,403 Thread 0x00007fde3c183000 DEOPT PACKING pc=0x00007fde2d3c77ac sp=0x00007fde1e6da090
Event: 22,403 Thread 0x00007fde3c183000 DEOPT UNPACKING pc=0x00007fde2d047633 sp=0x00007fde1e6d9d90 mode 0
Event: 22,426 Executing VM operation: ParallelGCFailedAllocation


Dynamic libraries:
00400000-00401000 r-xp 00000000 08:01 4591374                            /usr/lib/jvm/java-8-oracle/bin/java
00600000-00601000 rw-p 00000000 08:01 4591374                            /usr/lib/jvm/java-8-oracle/bin/java
01292000-012b3000 rw-p 00000000 00:00 0                                  [heap]
80000000-99100000 rw-p 00000000 00:00 0 
a5980000-d5580000 ---p 00000000 00:00 0 
d5580000-100000000 rw-p 00000000 00:00 0 
100000000-1000c0000 rw-p 00000000 00:00 0 
1000c0000-140000000 ---p 00000000 00:00 0 
7fddd8000000-7fddd802c000 rw-p 00000000 00:00 0 
7fddd802c000-7fdddc000000 ---p 00000000 00:00 0 
7fdde0000000-7fdde0021000 rw-p 00000000 00:00 0 
7fdde0021000-7fdde4000000 ---p 00000000 00:00 0 
7fdde4000000-7fdde4044000 rw-p 00000000 00:00 0 
7fdde4044000-7fdde8000000 ---p 00000000 00:00 0 
7fdde8000000-7fdde805e000 rw-p 00000000 00:00 0 
7fdde805e000-7fddec000000 ---p 00000000 00:00 0 
7fddec000000-7fddec021000 rw-p 00000000 00:00 0 
7fddec021000-7fddf0000000 ---p 00000000 00:00 0 
7fddf0000000-7fddf0021000 rw-p 00000000 00:00 0 
7fddf0021000-7fddf4000000 ---p 00000000 00:00 0 
7fddf4000000-7fddf4021000 rw-p 00000000 00:00 0 
7fddf4021000-7fddf8000000 ---p 00000000 00:00 0 
7fddf8000000-7fddf974a000 rw-p 00000000 00:00 0 
7fddf974a000-7fddfc000000 ---p 00000000 00:00 0 
7fddfc000000-7fddfca5a000 rw-p 00000000 00:00 0 
7fddfca5a000-7fde00000000 ---p 00000000 00:00 0 
7fde00000000-7fde00021000 rw-p 00000000 00:00 0 
7fde00021000-7fde04000000 ---p 00000000 00:00 0 
7fde04000000-7fde060f9000 rw-p 00000000 00:00 0 
7fde060f9000-7fde08000000 ---p 00000000 00:00 0 
7fde08000000-7fde08021000 rw-p 00000000 00:00 0 
7fde08021000-7fde0c000000 ---p 00000000 00:00 0 
7fde0c000000-7fde0c021000 rw-p 00000000 00:00 0 
7fde0c021000-7fde10000000 ---p 00000000 00:00 0 
7fde10000000-7fde10021000 rw-p 00000000 00:00 0 
7fde10021000-7fde14000000 ---p 00000000 00:00 0 
7fde14000000-7fde1428f000 rw-p 00000000 00:00 0 
7fde1428f000-7fde18000000 ---p 00000000 00:00 0 
7fde18000000-7fde18021000 rw-p 00000000 00:00 0 
7fde18021000-7fde1c000000 ---p 00000000 00:00 0 
7fde1e4da000-7fde1e4dd000 ---p 00000000 00:00 0 
7fde1e4dd000-7fde1e5db000 rw-p 00000000 00:00 0                          [stack:15130]
7fde1e5db000-7fde1e5de000 ---p 00000000 00:00 0 
7fde1e5de000-7fde1e6dc000 rw-p 00000000 00:00 0                          [stack:15129]
7fde1e6dc000-7fde1e6df000 ---p 00000000 00:00 0 
7fde1e6df000-7fde1e7dd000 rw-p 00000000 00:00 0                          [stack:15128]
7fde1e7dd000-7fde1e7e0000 ---p 00000000 00:00 0 
7fde1e7e0000-7fde1e8de000 rw-p 00000000 00:00 0                          [stack:15127]
7fde1e8de000-7fde1e8e1000 ---p 00000000 00:00 0 
7fde1e8e1000-7fde1e9df000 rw-p 00000000 00:00 0                          [stack:15126]
7fde1e9df000-7fde1e9e0000 ---p 00000000 00:00 0 
7fde1e9e0000-7fde1eae0000 rw-p 00000000 00:00 0                          [stack:15123]
7fde1eae0000-7fde1eae3000 ---p 00000000 00:00 0 
7fde1eae3000-7fde1ebe1000 rw-p 00000000 00:00 0                          [stack:15122]
7fde1ebe1000-7fde1ebe4000 ---p 00000000 00:00 0 
7fde1ebe4000-7fde1ece2000 rw-p 00000000 00:00 0                          [stack:15121]
7fde1ece2000-7fde1ece5000 ---p 00000000 00:00 0 
7fde1ece5000-7fde1ede3000 rw-p 00000000 00:00 0                          [stack:15120]
7fde1ede3000-7fde1ede6000 ---p 00000000 00:00 0 
7fde1ede6000-7fde1eee4000 rw-p 00000000 00:00 0                          [stack:15119]
7fde1eee4000-7fde1eee7000 ---p 00000000 00:00 0 
7fde1eee7000-7fde1efe5000 rw-p 00000000 00:00 0                          [stack:15118]
7fde1efe5000-7fde1f7f8000 r--p 00000000 08:01 1579663                    /usr/lib/locale/locale-archive
7fde1f7f8000-7fde1f7fb000 ---p 00000000 00:00 0 
7fde1f7fb000-7fde1f8f9000 rw-p 00000000 00:00 0                          [stack:15117]
7fde1f8f9000-7fde1f8fc000 ---p 00000000 00:00 0 
7fde1f8fc000-7fde1f9fa000 rw-p 00000000 00:00 0                          [stack:15116]
7fde1f9fa000-7fde1f9fb000 ---p 00000000 00:00 0 
7fde1f9fb000-7fde20000000 rw-p 00000000 00:00 0                          [stack:15115]
7fde20000000-7fde20021000 rw-p 00000000 00:00 0 
7fde20021000-7fde24000000 ---p 00000000 00:00 0 
7fde24000000-7fde28000000 rw-p 00000000 00:00 0 
7fde28000000-7fde28021000 rw-p 00000000 00:00 0 
7fde28021000-7fde2c000000 ---p 00000000 00:00 0 
7fde2c016000-7fde2c0f9000 r--s 00baf000 08:01 7078062                    /home/tomasz/AndroidStudioProjects/ITAssistant/app/build/intermediates/transforms/jarMerging/debug/jars/1/1f/combined.jar
7fde2c0f9000-7fde2cec0000 rw-p 00000000 00:00 0 
7fde2cec0000-7fde2d000000 ---p 00000000 00:00 0 
7fde2d000000-7fde2db40000 rwxp 00000000 00:00 0 
7fde2db40000-7fde3c000000 ---p 00000000 00:00 0 
7fde3c000000-7fde3c3ba000 rw-p 00000000 00:00 0 
7fde3c3ba000-7fde40000000 ---p 00000000 00:00 0 
7fde40025000-7fde4004a000 r--p 00000000 08:01 2361987                    /usr/share/locale-langpack/pl/LC_MESSAGES/libc.mo
7fde4004a000-7fde40420000 rw-p 00000000 00:00 0 
7fde40420000-7fde405f9000 r--s 03d20000 08:01 4069182                    /usr/lib/jvm/java-8-oracle/jre/lib/rt.jar
7fde405f9000-7fde40a6f000 rw-p 00000000 00:00 0 
7fde40a6f000-7fde40a70000 ---p 00000000 00:00 0 
7fde40a70000-7fde40b70000 rw-p 00000000 00:00 0                          [stack:15114]
7fde40b70000-7fde40b71000 ---p 00000000 00:00 0 
7fde40b71000-7fde40c71000 rw-p 00000000 00:00 0                          [stack:15113]
7fde40c71000-7fde40c72000 ---p 00000000 00:00 0 
7fde40c72000-7fde40d72000 rw-p 00000000 00:00 0                          [stack:15112]
7fde40d72000-7fde40d73000 ---p 00000000 00:00 0 
7fde40d73000-7fde40f3c000 rw-p 00000000 00:00 0                          [stack:15111]
7fde40f3c000-7fde4111e000 ---p 00000000 00:00 0 
7fde4111e000-7fde411e7000 rw-p 00000000 00:00 0 
7fde411e7000-7fde413c8000 ---p 00000000 00:00 0 
7fde413c8000-7fde4151e000 rw-p 00000000 00:00 0 
7fde4151e000-7fde4154c000 rw-p 00000000 00:00 0 
7fde4154c000-7fde418df000 ---p 00000000 00:00 0 
7fde418df000-7fde418f9000 r-xp 00000000 08:01 4069168                    /usr/lib/jvm/java-8-oracle/jre/lib/amd64/libzip.so
7fde418f9000-7fde41af9000 ---p 0001a000 08:01 4069168                    /usr/lib/jvm/java-8-oracle/jre/lib/amd64/libzip.so
7fde41af9000-7fde41afa000 rw-p 0001a000 08:01 4069168                    /usr/lib/jvm/java-8-oracle/jre/lib/amd64/libzip.so
7fde41afa000-7fde41b05000 r-xp 00000000 08:01 5771445                    /lib/x86_64-linux-gnu/libnss_files-2.19.so
7fde41b05000-7fde41d04000 ---p 0000b000 08:01 5771445                    /lib/x86_64-linux-gnu/libnss_files-2.19.so
7fde41d04000-7fde41d05000 r--p 0000a000 08:01 5771445                    /lib/x86_64-linux-gnu/libnss_files-2.19.so
7fde41d05000-7fde41d06000 rw-p 0000b000 08:01 5771445                    /lib/x86_64-linux-gnu/libnss_files-2.19.so
7fde41d06000-7fde41d11000 r-xp 00000000 08:01 5771455                    /lib/x86_64-linux-gnu/libnss_nis-2.19.so
7fde41d11000-7fde41f10000 ---p 0000b000 08:01 5771455                    /lib/x86_64-linux-gnu/libnss_nis-2.19.so
7fde41f10000-7fde41f11000 r--p 0000a000 08:01 5771455                    /lib/x86_64-linux-gnu/libnss_nis-2.19.so
7fde41f11000-7fde41f12000 rw-p 0000b000 08:01 5771455                    /lib/x86_64-linux-gnu/libnss_nis-2.19.so
7fde41f12000-7fde41f29000 r-xp 00000000 08:01 5771439                    /lib/x86_64-linux-gnu/libnsl-2.19.so
7fde41f29000-7fde42128000 ---p 00017000 08:01 5771439                    /lib/x86_64-linux-gnu/libnsl-2.19.so
7fde42128000-7fde42129000 r--p 00016000 08:01 5771439                    /lib/x86_64-linux-gnu/libnsl-2.19.so
7fde42129000-7fde4212a000 rw-p 00017000 08:01 5771439                    /lib/x86_64-linux-gnu/libnsl-2.19.so
7fde4212a000-7fde4212c000 rw-p 00000000 00:00 0 
7fde4212c000-7fde42135000 r-xp 00000000 08:01 5771441                    /lib/x86_64-linux-gnu/libnss_compat-2.19.so
7fde42135000-7fde42334000 ---p 00009000 08:01 5771441                    /lib/x86_64-linux-gnu/libnss_compat-2.19.so
7fde42334000-7fde42335000 r--p 00008000 08:01 5771441                    /lib/x86_64-linux-gnu/libnss_compat-2.19.so
7fde42335000-7fde42336000 rw-p 00009000 08:01 5771441                    /lib/x86_64-linux-gnu/libnss_compat-2.19.so
7fde42336000-7fde42360000 r-xp 00000000 08:01 4069157                    /usr/lib/jvm/java-8-oracle/jre/lib/amd64/libjava.so
7fde42360000-7fde42560000 ---p 0002a000 08:01 4069157                    /usr/lib/jvm/java-8-oracle/jre/lib/amd64/libjava.so
7fde42560000-7fde42562000 rw-p 0002a000 08:01 4069157                    /usr/lib/jvm/java-8-oracle/jre/lib/amd64/libjava.so
7fde42562000-7fde4256f000 r-xp 00000000 08:01 4069118                    /usr/lib/jvm/java-8-oracle/jre/lib/amd64/libverify.so
7fde4256f000-7fde4276f000 ---p 0000d000 08:01 4069118                    /usr/lib/jvm/java-8-oracle/jre/lib/amd64/libverify.so
7fde4276f000-7fde42771000 rw-p 0000d000 08:01 4069118                    /usr/lib/jvm/java-8-oracle/jre/lib/amd64/libverify.so
7fde42771000-7fde42778000 r-xp 00000000 08:01 5771498                    /lib/x86_64-linux-gnu/librt-2.19.so
7fde42778000-7fde42977000 ---p 00007000 08:01 5771498                    /lib/x86_64-linux-gnu/librt-2.19.so
7fde42977000-7fde42978000 r--p 00006000 08:01 5771498                    /lib/x86_64-linux-gnu/librt-2.19.so
7fde42978000-7fde42979000 rw-p 00007000 08:01 5771498                    /lib/x86_64-linux-gnu/librt-2.19.so
7fde42979000-7fde42a7e000 r-xp 00000000 08:01 5771420                    /lib/x86_64-linux-gnu/libm-2.19.so
7fde42a7e000-7fde42c7d000 ---p 00105000 08:01 5771420                    /lib/x86_64-linux-gnu/libm-2.19.so
7fde42c7d000-7fde42c7e000 r--p 00104000 08:01 5771420                    /lib/x86_64-linux-gnu/libm-2.19.so
7fde42c7e000-7fde42c7f000 rw-p 00105000 08:01 5771420                    /lib/x86_64-linux-gnu/libm-2.19.so
7fde42c7f000-7fde4393d000 r-xp 00000000 08:01 4069167                    /usr/lib/jvm/java-8-oracle/jre/lib/amd64/server/libjvm.so
7fde4393d000-7fde43b3c000 ---p 00cbe000 08:01 4069167                    /usr/lib/jvm/java-8-oracle/jre/lib/amd64/server/libjvm.so
7fde43b3c000-7fde43c15000 rw-p 00cbd000 08:01 4069167                    /usr/lib/jvm/java-8-oracle/jre/lib/amd64/server/libjvm.so
7fde43c15000-7fde43c59000 rw-p 00000000 00:00 0 
7fde43c59000-7fde43e14000 r-xp 00000000 08:01 5771370                    /lib/x86_64-linux-gnu/libc-2.19.so
7fde43e14000-7fde44013000 ---p 001bb000 08:01 5771370                    /lib/x86_64-linux-gnu/libc-2.19.so
7fde44013000-7fde44017000 r--p 001ba000 08:01 5771370                    /lib/x86_64-linux-gnu/libc-2.19.so
7fde44017000-7fde44019000 rw-p 001be000 08:01 5771370                    /lib/x86_64-linux-gnu/libc-2.19.so
7fde44019000-7fde4401e000 rw-p 00000000 00:00 0 
7fde4401e000-7fde44021000 r-xp 00000000 08:01 5771387                    /lib/x86_64-linux-gnu/libdl-2.19.so
7fde44021000-7fde44220000 ---p 00003000 08:01 5771387                    /lib/x86_64-linux-gnu/libdl-2.19.so
7fde44220000-7fde44221000 r--p 00002000 08:01 5771387                    /lib/x86_64-linux-gnu/libdl-2.19.so
7fde44221000-7fde44222000 rw-p 00003000 08:01 5771387                    /lib/x86_64-linux-gnu/libdl-2.19.so
7fde44222000-7fde44237000 r-xp 00000000 08:01 4727160                    /usr/lib/jvm/java-8-oracle/lib/amd64/jli/libjli.so
7fde44237000-7fde44437000 ---p 00015000 08:01 4727160                    /usr/lib/jvm/java-8-oracle/lib/amd64/jli/libjli.so
7fde44437000-7fde44438000 rw-p 00015000 08:01 4727160                    /usr/lib/jvm/java-8-oracle/lib/amd64/jli/libjli.so
7fde44438000-7fde44451000 r-xp 00000000 08:01 5771490                    /lib/x86_64-linux-gnu/libpthread-2.19.so
7fde44451000-7fde44650000 ---p 00019000 08:01 5771490                    /lib/x86_64-linux-gnu/libpthread-2.19.so
7fde44650000-7fde44651000 r--p 00018000 08:01 5771490                    /lib/x86_64-linux-gnu/libpthread-2.19.so
7fde44651000-7fde44652000 rw-p 00019000 08:01 5771490                    /lib/x86_64-linux-gnu/libpthread-2.19.so
7fde44652000-7fde44656000 rw-p 00000000 00:00 0 
7fde44656000-7fde44679000 r-xp 00000000 08:01 5771346                    /lib/x86_64-linux-gnu/ld-2.19.so
7fde44681000-7fde44688000 r--s 00000000 08:01 1967077                    /usr/lib/x86_64-linux-gnu/gconv/gconv-modules.cache
7fde44688000-7fde44754000 rw-p 00000000 00:00 0 
7fde44754000-7fde44757000 ---p 00000000 00:00 0 
7fde44757000-7fde44859000 rw-p 00000000 00:00 0                          [stack:15110]
7fde4485c000-7fde4485d000 rw-p 00000000 00:00 0 
7fde4485d000-7fde4486c000 r--s 000df000 08:01 10635452                   /home/tomasz/Android/Sdk/build-tools/23.0.2/lib/dx.jar
7fde4486c000-7fde44874000 rw-s 00000000 08:01 6821089                    /tmp/hsperfdata_tomasz/15105
7fde44874000-7fde44875000 rw-p 00000000 00:00 0 
7fde44875000-7fde44876000 ---p 00000000 00:00 0 
7fde44876000-7fde44878000 rw-p 00000000 00:00 0 
7fde44878000-7fde44879000 r--p 00022000 08:01 5771346                    /lib/x86_64-linux-gnu/ld-2.19.so
7fde44879000-7fde4487a000 rw-p 00023000 08:01 5771346                    /lib/x86_64-linux-gnu/ld-2.19.so
7fde4487a000-7fde4487b000 rw-p 00000000 00:00 0 
7ffe9fc6e000-7ffe9fc8f000 rw-p 00000000 00:00 0                          [stack]
7ffe9fdd1000-7ffe9fdd3000 r--p 00000000 00:00 0                          [vvar]
7ffe9fdd3000-7ffe9fdd5000 r-xp 00000000 00:00 0                          [vdso]
ffffffffff600000-ffffffffff601000 r-xp 00000000 00:00 0                  [vsyscall]

VM Arguments:
jvm_args: -Djava.awt.headless=true -Xmx2g -Dfile.encoding=UTF-8 -Duser.country=PL -Duser.language=pl -Duser.variant 
java_command: com.android.dx.command.Main --dex --num-threads=4 --multi-dex --main-dex-list /home/tomasz/AndroidStudioProjects/ITAssistant/app/build/intermediates/multi-dex/debug/maindexlist.txt --output /home/tomasz/AndroidStudioProjects/ITAssistant/app/build/intermediates/transforms/dex/debug/folders/1000/1f/main /home/tomasz/AndroidStudioProjects/ITAssistant/app/build/intermediates/transforms/jarMerging/debug/jars/1/1f/combined.jar
java_class_path (initial): /home/tomasz/Android/Sdk/build-tools/23.0.2/lib/dx.jar
Launcher Type: SUN_STANDARD

Environment Variables:
PATH=/usr/local/sbin:/usr/local/bin:/usr/sbin:/usr/bin:/sbin:/bin:/usr/games:/usr/local/games
LD_LIBRARY_PATH=.:
SHELL=/bin/bash
DISPLAY=:0

Signal Handlers:
SIGSEGV: [libjvm.so+0xaba2a0], sa_mask[0]=11111111011111111101111111111110, sa_flags=SA_RESTART|SA_SIGINFO
SIGBUS: [libjvm.so+0xaba2a0], sa_mask[0]=11111111011111111101111111111110, sa_flags=SA_RESTART|SA_SIGINFO
SIGFPE: [libjvm.so+0x917710], sa_mask[0]=11111111011111111101111111111110, sa_flags=SA_RESTART|SA_SIGINFO
SIGPIPE: [libjvm.so+0x917710], sa_mask[0]=11111111011111111101111111111110, sa_flags=SA_RESTART|SA_SIGINFO
SIGXFSZ: [libjvm.so+0x917710], sa_mask[0]=11111111011111111101111111111110, sa_flags=SA_RESTART|SA_SIGINFO
SIGILL: [libjvm.so+0x917710], sa_mask[0]=11111111011111111101111111111110, sa_flags=SA_RESTART|SA_SIGINFO
SIGUSR1: SIG_DFL, sa_mask[0]=00000000000000000000000000000000, sa_flags=none
SIGUSR2: [libjvm.so+0x918d40], sa_mask[0]=00100000000000000000000000000000, sa_flags=SA_RESTART|SA_SIGINFO
SIGHUP: [libjvm.so+0x91a140], sa_mask[0]=11111111011111111101111111111110, sa_flags=SA_RESTART|SA_SIGINFO
SIGINT: [libjvm.so+0x91a140], sa_mask[0]=11111111011111111101111111111110, sa_flags=SA_RESTART|SA_SIGINFO
SIGTERM: [libjvm.so+0x91a140], sa_mask[0]=11111111011111111101111111111110, sa_flags=SA_RESTART|SA_SIGINFO
SIGQUIT: [libjvm.so+0x91a140], sa_mask[0]=11111111011111111101111111111110, sa_flags=SA_RESTART|SA_SIGINFO


---------------  S Y S T E M  ---------------

OS:DISTRIB_ID=Ubuntu
DISTRIB_RELEASE=14.04
DISTRIB_CODENAME=trusty
DISTRIB_DESCRIPTION="Ubuntu 14.04.3 LTS"

uname:Linux 3.19.0-33-generic #38~14.04.1-Ubuntu SMP Fri Nov 6 18:17:28 UTC 2015 x86_64
libc:glibc 2.19 NPTL 2.19 
rlimit: STACK 8192k, CORE 0k, NPROC 23202, NOFILE 4096, AS infinity
load average:21,74 6,89 2,93

/proc/meminfo:
MemTotal:        5961336 kB
MemFree:          113764 kB
MemAvailable:      59076 kB
Buffers:             320 kB
Cached:           382728 kB
SwapCached:            0 kB
Active:          5281832 kB
Inactive:         355944 kB
Active(anon):    5279008 kB
Inactive(anon):   352992 kB
Active(file):       2824 kB
Inactive(file):     2952 kB
Unevictable:         332 kB
Mlocked:             332 kB
SwapTotal:             0 kB
SwapFree:              0 kB
Dirty:                36 kB
Writeback:             0 kB
AnonPages:       5255996 kB
Mapped:           115392 kB
Shmem:            376336 kB
Slab:              93412 kB
SReclaimable:      53776 kB
SUnreclaim:        39636 kB
KernelStack:       11536 kB
PageTables:        52608 kB
NFS_Unstable:          0 kB
Bounce:                0 kB
WritebackTmp:          0 kB
CommitLimit:     2980668 kB
Committed_AS:   10343056 kB
VmallocTotal:   34359738367 kB
VmallocUsed:      552024 kB
VmallocChunk:   34359166428 kB
HardwareCorrupted:     0 kB
AnonHugePages:   2207744 kB
CmaTotal:              0 kB
CmaFree:               0 kB
HugePages_Total:       0
HugePages_Free:        0
HugePages_Rsvd:        0
HugePages_Surp:        0
Hugepagesize:       2048 kB
DirectMap4k:      190720 kB
DirectMap2M:     5949440 kB


CPU:total 4 (2 cores per cpu, 2 threads per core) family 6 model 42 stepping 7, cmov, cx8, fxsr, mmx, sse, sse2, sse3, ssse3, sse4.1, sse4.2, popcnt, avx, aes, clmul, ht, tsc, tscinvbit

/proc/cpuinfo:
processor	: 0
vendor_id	: GenuineIntel
cpu family	: 6
model		: 42
model name	: Intel(R) Core(TM) i5-2450M CPU @ 2.50GHz
stepping	: 7
microcode	: 0x25
cpu MHz		: 2899.902
cache size	: 3072 KB
physical id	: 0
siblings	: 4
core id		: 0
cpu cores	: 2
apicid		: 0
initial apicid	: 0
fpu		: yes
fpu_exception	: yes
cpuid level	: 13
wp		: yes
flags		: fpu vme de pse tsc msr pae mce cx8 apic sep mtrr pge mca cmov pat pse36 clflush dts acpi mmx fxsr sse sse2 ss ht tm pbe syscall nx rdtscp lm constant_tsc arch_perfmon pebs bts rep_good nopl xtopology nonstop_tsc aperfmperf eagerfpu pni pclmulqdq dtes64 monitor ds_cpl vmx est tm2 ssse3 cx16 xtpr pdcm pcid sse4_1 sse4_2 x2apic popcnt tsc_deadline_timer aes xsave avx lahf_lm ida arat epb pln pts dtherm tpr_shadow vnmi flexpriority ept vpid xsaveopt
bugs		:
bogomips	: 4988.68
clflush size	: 64
cache_alignment	: 64
address sizes	: 36 bits physical, 48 bits virtual
power management:

processor	: 1
vendor_id	: GenuineIntel
cpu family	: 6
model		: 42
model name	: Intel(R) Core(TM) i5-2450M CPU @ 2.50GHz
stepping	: 7
microcode	: 0x25
cpu MHz		: 2900.000
cache size	: 3072 KB
physical id	: 0
siblings	: 4
core id		: 0
cpu cores	: 2
apicid		: 1
initial apicid	: 1
fpu		: yes
fpu_exception	: yes
cpuid level	: 13
wp		: yes
flags		: fpu vme de pse tsc msr pae mce cx8 apic sep mtrr pge mca cmov pat pse36 clflush dts acpi mmx fxsr sse sse2 ss ht tm pbe syscall nx rdtscp lm constant_tsc arch_perfmon pebs bts rep_good nopl xtopology nonstop_tsc aperfmperf eagerfpu pni pclmulqdq dtes64 monitor ds_cpl vmx est tm2 ssse3 cx16 xtpr pdcm pcid sse4_1 sse4_2 x2apic popcnt tsc_deadline_timer aes xsave avx lahf_lm ida arat epb pln pts dtherm tpr_shadow vnmi flexpriority ept vpid xsaveopt
bugs		:
bogomips	: 4988.68
clflush size	: 64
cache_alignment	: 64
address sizes	: 36 bits physical, 48 bits virtual
power management:

processor	: 2
vendor_id	: GenuineIntel
cpu family	: 6
model		: 42
model name	: Intel(R) Core(TM) i5-2450M CPU @ 2.50GHz
stepping	: 7
microcode	: 0x25
cpu MHz		: 2899.804
cache size	: 3072 KB
physical id	: 0
siblings	: 4
core id		: 1
cpu cores	: 2
apicid		: 2
initial apicid	: 2
fpu		: yes
fpu_exception	: yes
cpuid level	: 13
wp		: yes
flags		: fpu vme de pse tsc msr pae mce cx8 apic sep mtrr pge mca cmov pat pse36 clflush dts acpi mmx fxsr sse sse2 ss ht tm pbe syscall nx rdtscp lm constant_tsc arch_perfmon pebs bts rep_good nopl xtopology nonstop_tsc aperfmperf eagerfpu pni pclmulqdq dtes64 monitor ds_cpl vmx est tm2 ssse3 cx16 xtpr pdcm pcid sse4_1 sse4_2 x2apic popcnt tsc_deadline_timer aes xsave avx lahf_lm ida arat epb pln pts dtherm tpr_shadow vnmi flexpriority ept vpid xsaveopt
bugs		:
bogomips	: 4988.68
clflush size	: 64
cache_alignment	: 64
address sizes	: 36 bits physical, 48 bits virtual
power management:

processor	: 3
vendor_id	: GenuineIntel
cpu family	: 6
model		: 42
model name	: Intel(R) Core(TM) i5-2450M CPU @ 2.50GHz
stepping	: 7
microcode	: 0x25
cpu MHz		: 2900.000
cache size	: 3072 KB
physical id	: 0
siblings	: 4
core id		: 1
cpu cores	: 2
apicid		: 3
initial apicid	: 3
fpu		: yes
fpu_exception	: yes
cpuid level	: 13
wp		: yes
flags		: fpu vme de pse tsc msr pae mce cx8 apic sep mtrr pge mca cmov pat pse36 clflush dts acpi mmx fxsr sse sse2 ss ht tm pbe syscall nx rdtscp lm constant_tsc arch_perfmon pebs bts rep_good nopl xtopology nonstop_tsc aperfmperf eagerfpu pni pclmulqdq dtes64 monitor ds_cpl vmx est tm2 ssse3 cx16 xtpr pdcm pcid sse4_1 sse4_2 x2apic popcnt tsc_deadline_timer aes xsave avx lahf_lm ida arat epb pln pts dtherm tpr_shadow vnmi flexpriority ept vpid xsaveopt
bugs		:
bogomips	: 4988.68
clflush size	: 64
cache_alignment	: 64
address sizes	: 36 bits physical, 48 bits virtual
power management:



Memory: 4k page, physical 5961336k(115524k free), swap 0k(0k free)

vm_info: Java HotSpot(TM) 64-Bit Server VM (25.66-b17) for linux-amd64 JRE (1.8.0_66-b17), built on Oct  6 2015 17:28:34 by "java_re" with gcc 4.3.0 20080428 (Red Hat 4.3.0-8)

time: Wed Nov 25 23:13:35 2015
elapsed time: 88 seconds (0d 0h 1m 28s)

