#
# There is insufficient memory for the Java Runtime Environment to continue.
# Native memory allocation (mmap) failed to map 209715200 bytes for committing reserved memory.
# Possible reasons:
#   The system is out of physical RAM or swap space
#   In 32 bit mode, the process size limit was hit
# Possible solutions:
#   Reduce memory load on the system
#   Increase physical memory or swap space
#   Check if swap backing store is full
#   Use 64 bit Java on a 64 bit OS
#   Decrease Java heap size (-Xmx/-Xms)
#   Decrease number of Java threads
#   Decrease Java thread stack sizes (-Xss)
#   Set larger code cache with -XX:ReservedCodeCacheSize=
# This output file may be truncated or incomplete.
#
#  Out of Memory Error (os_linux.cpp:2627), pid=6161, tid=140161544156928
#
# JRE version: Java(TM) SE Runtime Environment (8.0_66-b17) (build 1.8.0_66-b17)
# Java VM: Java HotSpot(TM) 64-Bit Server VM (25.66-b17 mixed mode linux-amd64 compressed oops)
# Failed to write core dump. Core dumps have been disabled. To enable core dumping, try "ulimit -c unlimited" before starting Java again
#

---------------  T H R E A D  ---------------

Current thread (0x00007f7a0c078000):  VMThread [stack: 0x00007f79e6fcf000,0x00007f79e70d0000] [id=6170]

Stack: [0x00007f79e6fcf000,0x00007f79e70d0000],  sp=0x00007f79e70ce0e0,  free space=1020k
Native frames: (J=compiled Java code, j=interpreted, Vv=VM code, C=native code)
V  [libjvm.so+0xab9a1a]  VMError::report_and_die()+0x2ba
V  [libjvm.so+0x4f9e0b]  report_vm_out_of_memory(char const*, int, unsigned long, VMErrorType, char const*)+0x8b
V  [libjvm.so+0x91a8a3]  os::Linux::commit_memory_impl(char*, unsigned long, bool)+0x103
V  [libjvm.so+0x91adf9]  os::pd_commit_memory(char*, unsigned long, unsigned long, bool)+0x29
V  [libjvm.so+0x91510a]  os::commit_memory(char*, unsigned long, unsigned long, bool)+0x2a
V  [libjvm.so+0x9887a3]  PSVirtualSpace::expand_by(unsigned long)+0x53
V  [libjvm.so+0x979090]  PSOldGen::expand(unsigned long)+0x170
V  [libjvm.so+0x97929b]  PSOldGen::resize(unsigned long)+0x1cb
V  [libjvm.so+0x980f71]  PSParallelCompact::invoke_no_policy(bool)+0x991
V  [libjvm.so+0x9868cd]  PSScavenge::invoke()+0x1ad
V  [libjvm.so+0x93e500]  ParallelScavengeHeap::failed_mem_allocate(unsigned long)+0x70
V  [libjvm.so+0xabb437]  VM_ParallelGCFailedAllocation::doit()+0x97
V  [libjvm.so+0xac2e65]  VM_Operation::evaluate()+0x55
V  [libjvm.so+0xac123a]  VMThread::evaluate_operation(VM_Operation*)+0xba
V  [libjvm.so+0xac15be]  VMThread::loop()+0x1ce
V  [libjvm.so+0xac1a30]  VMThread::run()+0x70
V  [libjvm.so+0x91cc68]  java_start(Thread*)+0x108

VM_Operation (0x00007f79e5ee6df0): ParallelGCFailedAllocation, mode: safepoint, requested by thread 0x00007f7a0c1ec000


---------------  P R O C E S S  ---------------

Java Threads: ( => current thread )
  0x00007f7a0c1f3000 JavaThread "pool-2-thread-4" [_thread_blocked, id=6183, stack(0x00007f79e59e4000,0x00007f79e5ae5000)]
  0x00007f7a0c1f1000 JavaThread "pool-2-thread-3" [_thread_blocked, id=6182, stack(0x00007f79e5ae5000,0x00007f79e5be6000)]
  0x00007f7a0c1ef800 JavaThread "pool-2-thread-2" [_thread_blocked, id=6181, stack(0x00007f79e5be6000,0x00007f79e5ce7000)]
  0x00007f7a0c1ee800 JavaThread "pool-3-thread-1" [_thread_blocked, id=6180, stack(0x00007f79e5ce7000,0x00007f79e5de8000)]
  0x00007f7a0c1ec000 JavaThread "pool-2-thread-1" [_thread_blocked, id=6179, stack(0x00007f79e5de8000,0x00007f79e5ee9000)]
  0x00007f7a0c0ca800 JavaThread "Service Thread" daemon [_thread_blocked, id=6177, stack(0x00007f79e60b5000,0x00007f79e61b6000)]
  0x00007f7a0c0bd800 JavaThread "C1 CompilerThread2" daemon [_thread_blocked, id=6176, stack(0x00007f79e61b6000,0x00007f79e62b7000)]
  0x00007f7a0c0bb800 JavaThread "C2 CompilerThread1" daemon [_thread_blocked, id=6175, stack(0x00007f79e62b7000,0x00007f79e63b8000)]
  0x00007f7a0c0b8800 JavaThread "C2 CompilerThread0" daemon [_thread_in_native, id=6174, stack(0x00007f79e63b8000,0x00007f79e64b9000)]
  0x00007f7a0c0b7800 JavaThread "Signal Dispatcher" daemon [_thread_blocked, id=6173, stack(0x00007f79e64b9000,0x00007f79e65ba000)]
  0x00007f7a0c07f000 JavaThread "Finalizer" daemon [_thread_blocked, id=6172, stack(0x00007f79e6dcd000,0x00007f79e6ece000)]
  0x00007f7a0c07d000 JavaThread "Reference Handler" daemon [_thread_blocked, id=6171, stack(0x00007f79e6ece000,0x00007f79e6fcf000)]
  0x00007f7a0c00a000 JavaThread "main" [_thread_blocked, id=6165, stack(0x00007f7a13c18000,0x00007f7a13d19000)]

Other Threads:
=>0x00007f7a0c078000 VMThread [stack: 0x00007f79e6fcf000,0x00007f79e70d0000] [id=6170]
  0x00007f7a0c0cd800 WatcherThread [stack: 0x00007f79e5fb4000,0x00007f79e60b5000] [id=6178]

VM state:at safepoint (normal execution)

VM Mutex/Monitor currently owned by a thread:  ([mutex/lock_event])
[0x00007f7a0c005ef0] ExpandHeap_lock - owner thread: 0x00007f7a0c078000
[0x00007f7a0c006570] Threads_lock - owner thread: 0x00007f7a0c078000
[0x00007f7a0c006a70] Heap_lock - owner thread: 0x00007f7a0c1ec000

Heap:
 PSYoungGen      total 436224K, used 63774K [0x00000000d5580000, 0x0000000100000000, 0x0000000100000000)
  eden space 320000K, 0% used [0x00000000d5580000,0x00000000d5580000,0x00000000e8e00000)
  from space 116224K, 54% used [0x00000000f8e80000,0x00000000fccc7968,0x0000000100000000)
  to   space 189440K, 0% used [0x00000000e8e00000,0x00000000e8e00000,0x00000000f4700000)
 ParOldGen       total 371712K, used 371311K [0x0000000080000000, 0x0000000096b00000, 0x00000000d5580000)
  object space 371712K, 99% used [0x0000000080000000,0x0000000096a9bec8,0x0000000096b00000)
 Metaspace       used 6592K, capacity 7320K, committed 7680K, reserved 1056768K
  class space    used 617K, capacity 656K, committed 768K, reserved 1048576K

Card table byte_map: [0x00007f7a105e4000,0x00007f7a109e5000] byte_map_base: 0x00007f7a101e4000

Marking Bits: (ParMarkBitMap*) 0x00007f7a130f4020
 Begin Bits: [0x00007f79ec000000, 0x00007f79ee000000)
 End Bits:   [0x00007f79ee000000, 0x00007f79f0000000)

Polling page: 0x00007f7a13d3b000

CodeCache: size=245760Kb used=11976Kb max_used=11996Kb free=233783Kb
 bounds [0x00007f79fd000000, 0x00007f79fdbd0000, 0x00007f7a0c000000]
 total_blobs=2827 nmethods=2556 adapters=182
 compilation: enabled

Compilation events (10 events):
Event: 15,118 Thread 0x00007f7a0c0bb800 nmethod 2787 0x00007f79fdbc24d0 code [0x00007f79fdbc2720, 0x00007f79fdbc3c48]
Event: 15,118 Thread 0x00007f7a0c0bb800 2158       4       com.android.dx.cf.code.RopperMachine::getSources (264 bytes)
Event: 15,165 Thread 0x00007f7a0c0bd800 2812       3       com.android.dx.ssa.back.FirstFitLocalCombiningAllocator::tryMapRegs (110 bytes)
Event: 15,166 Thread 0x00007f7a0c0bd800 nmethod 2812 0x00007f79fdb84e10 code [0x00007f79fdb85060, 0x00007f79fdb85d98]
Event: 15,238 Thread 0x00007f7a0c0bd800 2814 %     3       com.android.dx.cf.code.BytecodeArray::parseLookupswitch @ 85 (175 bytes)
Event: 15,240 Thread 0x00007f7a0c0bd800 nmethod 2814% 0x00007f79fd163110 code [0x00007f79fd1633c0, 0x00007f79fd164988]
Event: 15,251 Thread 0x00007f7a0c0bd800 2815       2       com.android.dx.rop.code.FillArrayDataInsn::accept (8 bytes)
Event: 15,251 Thread 0x00007f7a0c0bd800 nmethod 2815 0x00007f79fd14de10 code [0x00007f79fd14df80, 0x00007f79fd14e108]
Event: 15,254 Thread 0x00007f7a0c0bd800 2816       2       java.util.HashMap$TreeNode::rotateLeft (91 bytes)
Event: 15,254 Thread 0x00007f7a0c0bd800 nmethod 2816 0x00007f79fdb88650 code [0x00007f79fdb887c0, 0x00007f79fdb88a10]

GC Heap History (10 events):
Event: 9,274 GC heap after
Heap after GC invocations=13 (full 2):
 PSYoungGen      total 523264K, used 70972K [0x00000000d5580000, 0x0000000100000000, 0x0000000100000000)
  eden space 431616K, 0% used [0x00000000d5580000,0x00000000d5580000,0x00000000efb00000)
  from space 91648K, 77% used [0x00000000efb00000,0x00000000f404f3b8,0x00000000f5480000)
  to   space 100352K, 0% used [0x00000000f9e00000,0x00000000f9e00000,0x0000000100000000)
 ParOldGen       total 222720K, used 205380K [0x0000000080000000, 0x000000008d980000, 0x00000000d5580000)
  object space 222720K, 92% used [0x0000000080000000,0x000000008c891078,0x000000008d980000)
 Metaspace       used 6557K, capacity 7320K, committed 7680K, reserved 1056768K
  class space    used 616K, capacity 656K, committed 768K, reserved 1048576K
}
Event: 9,274 GC heap before
{Heap before GC invocations=14 (full 3):
 PSYoungGen      total 523264K, used 70972K [0x00000000d5580000, 0x0000000100000000, 0x0000000100000000)
  eden space 431616K, 0% used [0x00000000d5580000,0x00000000d5580000,0x00000000efb00000)
  from space 91648K, 77% used [0x00000000efb00000,0x00000000f404f3b8,0x00000000f5480000)
  to   space 100352K, 0% used [0x00000000f9e00000,0x00000000f9e00000,0x0000000100000000)
 ParOldGen       total 222720K, used 205380K [0x0000000080000000, 0x000000008d980000, 0x00000000d5580000)
  object space 222720K, 92% used [0x0000000080000000,0x000000008c891078,0x000000008d980000)
 Metaspace       used 6557K, capacity 7320K, committed 7680K, reserved 1056768K
  class space    used 616K, capacity 656K, committed 768K, reserved 1048576K
Event: 10,489 GC heap after
Heap after GC invocations=14 (full 3):
 PSYoungGen      total 523264K, used 27752K [0x00000000d5580000, 0x0000000100000000, 0x0000000100000000)
  eden space 431616K, 0% used [0x00000000d5580000,0x00000000d5580000,0x00000000efb00000)
  from space 91648K, 30% used [0x00000000efb00000,0x00000000f161a238,0x00000000f5480000)
  to   space 100352K, 0% used [0x00000000f9e00000,0x00000000f9e00000,0x0000000100000000)
 ParOldGen       total 371712K, used 222624K [0x0000000080000000, 0x0000000096b00000, 0x00000000d5580000)
  object space 371712K, 59% used [0x0000000080000000,0x000000008d9680b8,0x0000000096b00000)
 Metaspace       used 6557K, capacity 7320K, committed 7680K, reserved 1056768K
  class space    used 616K, capacity 656K, committed 768K, reserved 1048576K
}
Event: 12,062 GC heap before
{Heap before GC invocations=15 (full 3):
 PSYoungGen      total 523264K, used 459368K [0x00000000d5580000, 0x0000000100000000, 0x0000000100000000)
  eden space 431616K, 100% used [0x00000000d5580000,0x00000000efb00000,0x00000000efb00000)
  from space 91648K, 30% used [0x00000000efb00000,0x00000000f161a238,0x00000000f5480000)
  to   space 100352K, 0% used [0x00000000f9e00000,0x00000000f9e00000,0x0000000100000000)
 ParOldGen       total 371712K, used 222624K [0x0000000080000000, 0x0000000096b00000, 0x00000000d5580000)
  object space 371712K, 59% used [0x0000000080000000,0x000000008d9680b8,0x0000000096b00000)
 Metaspace       used 6571K, capacity 7320K, committed 7680K, reserved 1056768K
  class space    used 616K, capacity 656K, committed 768K, reserved 1048576K
Event: 12,282 GC heap after
Heap after GC invocations=15 (full 3):
 PSYoungGen      total 566784K, used 95787K [0x00000000d5580000, 0x0000000100000000, 0x0000000100000000)
  eden space 466432K, 0% used [0x00000000d5580000,0x00000000d5580000,0x00000000f1d00000)
  from space 100352K, 95% used [0x00000000f9e00000,0x00000000ffb8ad10,0x0000000100000000)
  to   space 116224K, 0% used [0x00000000f1d00000,0x00000000f1d00000,0x00000000f8e80000)
 ParOldGen       total 371712K, used 222624K [0x0000000080000000, 0x0000000096b00000, 0x00000000d5580000)
  object space 371712K, 59% used [0x0000000080000000,0x000000008d9680b8,0x0000000096b00000)
 Metaspace       used 6571K, capacity 7320K, committed 7680K, reserved 1056768K
  class space    used 616K, capacity 656K, committed 768K, reserved 1048576K
}
Event: 13,562 GC heap before
{Heap before GC invocations=16 (full 3):
 PSYoungGen      total 566784K, used 562219K [0x00000000d5580000, 0x0000000100000000, 0x0000000100000000)
  eden space 466432K, 100% used [0x00000000d5580000,0x00000000f1d00000,0x00000000f1d00000)
  from space 100352K, 95% used [0x00000000f9e00000,0x00000000ffb8ad10,0x0000000100000000)
  to   space 116224K, 0% used [0x00000000f1d00000,0x00000000f1d00000,0x00000000f8e80000)
 ParOldGen       total 371712K, used 222624K [0x0000000080000000, 0x0000000096b00000, 0x00000000d5580000)
  object space 371712K, 59% used [0x0000000080000000,0x000000008d9680b8,0x0000000096b00000)
 Metaspace       used 6585K, capacity 7320K, committed 7680K, reserved 1056768K
  class space    used 616K, capacity 656K, committed 768K, reserved 1048576K
Event: 13,774 GC heap after
Heap after GC invocations=16 (full 3):
 PSYoungGen      total 582656K, used 116201K [0x00000000d5580000, 0x0000000100000000, 0x0000000100000000)
  eden space 466432K, 0% used [0x00000000d5580000,0x00000000d5580000,0x00000000f1d00000)
  from space 116224K, 99% used [0x00000000f1d00000,0x00000000f8e7a428,0x00000000f8e80000)
  to   space 116224K, 0% used [0x00000000f8e80000,0x00000000f8e80000,0x0000000100000000)
 ParOldGen       total 371712K, used 255979K [0x0000000080000000, 0x0000000096b00000, 0x00000000d5580000)
  object space 371712K, 68% used [0x0000000080000000,0x000000008f9faca8,0x0000000096b00000)
 Metaspace       used 6585K, capacity 7320K, committed 7680K, reserved 1056768K
  class space    used 616K, capacity 656K, committed 768K, reserved 1048576K
}
Event: 15,273 GC heap before
{Heap before GC invocations=17 (full 3):
 PSYoungGen      total 582656K, used 582633K [0x00000000d5580000, 0x0000000100000000, 0x0000000100000000)
  eden space 466432K, 100% used [0x00000000d5580000,0x00000000f1d00000,0x00000000f1d00000)
  from space 116224K, 99% used [0x00000000f1d00000,0x00000000f8e7a428,0x00000000f8e80000)
  to   space 116224K, 0% used [0x00000000f8e80000,0x00000000f8e80000,0x0000000100000000)
 ParOldGen       total 371712K, used 255979K [0x0000000080000000, 0x0000000096b00000, 0x00000000d5580000)
  object space 371712K, 68% used [0x0000000080000000,0x000000008f9faca8,0x0000000096b00000)
 Metaspace       used 6592K, capacity 7320K, committed 7680K, reserved 1056768K
  class space    used 617K, capacity 656K, committed 768K, reserved 1048576K
Event: 15,554 GC heap after
Heap after GC invocations=17 (full 3):
 PSYoungGen      total 436224K, used 116206K [0x00000000d5580000, 0x0000000100000000, 0x0000000100000000)
  eden space 320000K, 0% used [0x00000000d5580000,0x00000000d5580000,0x00000000e8e00000)
  from space 116224K, 99% used [0x00000000f8e80000,0x00000000ffffba00,0x0000000100000000)
  to   space 189440K, 0% used [0x00000000e8e00000,0x00000000e8e00000,0x00000000f4700000)
 ParOldGen       total 371712K, used 327943K [0x0000000080000000, 0x0000000096b00000, 0x00000000d5580000)
  object space 371712K, 88% used [0x0000000080000000,0x0000000094041eb8,0x0000000096b00000)
 Metaspace       used 6592K, capacity 7320K, committed 7680K, reserved 1056768K
  class space    used 617K, capacity 656K, committed 768K, reserved 1048576K
}
Event: 15,554 GC heap before
{Heap before GC invocations=18 (full 4):
 PSYoungGen      total 436224K, used 116206K [0x00000000d5580000, 0x0000000100000000, 0x0000000100000000)
  eden space 320000K, 0% used [0x00000000d5580000,0x00000000d5580000,0x00000000e8e00000)
  from space 116224K, 99% used [0x00000000f8e80000,0x00000000ffffba00,0x0000000100000000)
  to   space 189440K, 0% used [0x00000000e8e00000,0x00000000e8e00000,0x00000000f4700000)
 ParOldGen       total 371712K, used 327943K [0x0000000080000000, 0x0000000096b00000, 0x00000000d5580000)
  object space 371712K, 88% used [0x0000000080000000,0x0000000094041eb8,0x0000000096b00000)
 Metaspace       used 6592K, capacity 7320K, committed 7680K, reserved 1056768K
  class space    used 617K, capacity 656K, committed 768K, reserved 1048576K

Deoptimization events (10 events):
Event: 10,494 Thread 0x00007f7a0c00a000 Uncommon trap: reason=unstable_if action=reinterpret pc=0x00007f79fdacd3f0 method=com.android.dx.ssa.back.FirstFitLocalCombiningAllocator.getAlignment(I)Lcom/android/dx/ssa/back/FirstFitLocalCombiningAllocator$Alignment; @ 16
Event: 11,309 Thread 0x00007f7a0c1ef800 Uncommon trap: reason=unstable_if action=reinterpret pc=0x00007f79fd881fd4 method=com.android.dx.ssa.DeadCodeRemover.pruneDeadInstructions()V @ 49
Event: 11,365 Thread 0x00007f7a0c1f3000 Uncommon trap: reason=unstable_if action=reinterpret pc=0x00007f79fd84b108 method=java.util.HashMap.putVal(ILjava/lang/Object;Ljava/lang/Object;ZZ)Ljava/lang/Object; @ 109
Event: 11,422 Thread 0x00007f7a0c1ef800 Uncommon trap: reason=unstable_if action=reinterpret pc=0x00007f79fdb10424 method=com.android.dx.rop.type.Type.isReference()Z @ 6
Event: 11,676 Thread 0x00007f7a0c1f1000 Uncommon trap: reason=unstable_if action=reinterpret pc=0x00007f79fda91e38 method=com.android.dx.rop.code.LocalItem.compareHandlesNulls(Lcom/android/dx/rop/cst/CstString;Lcom/android/dx/rop/cst/CstString;)I @ 14
Event: 12,340 Thread 0x00007f7a0c00a000 Uncommon trap: reason=unstable_if action=reinterpret pc=0x00007f79fd15edb8 method=java.util.zip.ZipEntry.setExtra0([BZ)V @ 1
Event: 12,386 Thread 0x00007f7a0c00a000 Uncommon trap: reason=unstable_if action=reinterpret pc=0x00007f79fd15c9a4 method=java.util.zip.ZipFile$ZipEntryIterator.hasNext()Z @ 25
Event: 13,413 Thread 0x00007f7a0c1f3000 Uncommon trap: reason=unstable_if action=reinterpret pc=0x00007f79fdb5e700 method=com.android.dx.ssa.SsaMethod.blockIndexToRopLabel(I)I @ 1
Event: 14,924 Thread 0x00007f7a0c1ef800 Uncommon trap: reason=unstable_if action=reinterpret pc=0x00007f79fdbb38c0 method=com.android.dx.dex.code.RopTranslator.outputBlock(Lcom/android/dx/rop/code/BasicBlock;I)V @ 140
Event: 15,163 Thread 0x00007f7a0c1ec000 Uncommon trap: reason=unstable_if action=reinterpret pc=0x00007f79fdbc33f4 method=com.android.dx.util.BitIntSet.has(I)Z @ 8

Internal exceptions (10 events):
Event: 0,045 Thread 0x00007f7a0c00a000 Exception <a 'java/lang/NoSuchMethodError': Method sun.misc.Unsafe.defineClass(Ljava/lang/String;[BII)Ljava/lang/Class; name or signature does not match> (0x00000000d5592b98) thrown at [/HUDSON/workspace/8-2-build-linux-amd64/jdk8u66/4988/hotspot/src/shar
Event: 0,045 Thread 0x00007f7a0c00a000 Exception <a 'java/lang/NoSuchMethodError': Method sun.misc.Unsafe.prefetchRead(Ljava/lang/Object;J)V name or signature does not match> (0x00000000d5592e80) thrown at [/HUDSON/workspace/8-2-build-linux-amd64/jdk8u66/4988/hotspot/src/share/vm/prims/jni.cpp
Event: 1,508 Thread 0x00007f7a0c00a000 Implicit null exception at 0x00007f79fd4e4121 to 0x00007f79fd4e83dd
Event: 1,987 Thread 0x00007f7a0c1ec000 Implicit null exception at 0x00007f79fd5b482b to 0x00007f79fd5b50d5
Event: 2,192 Thread 0x00007f7a0c1ec000 Exception <a 'java/lang/ArrayIndexOutOfBoundsException': 18> (0x00000000d6cc9e08) thrown at [/HUDSON/workspace/8-2-build-linux-amd64/jdk8u66/4988/hotspot/src/share/vm/interpreter/interpreterRuntime.cpp, line 366]
Event: 2,192 Thread 0x00007f7a0c1ec000 Exception <a 'java/lang/ArrayIndexOutOfBoundsException': 145> (0x00000000d6ccb988) thrown at [/HUDSON/workspace/8-2-build-linux-amd64/jdk8u66/4988/hotspot/src/share/vm/interpreter/interpreterRuntime.cpp, line 366]
Event: 2,198 Thread 0x00007f7a0c1ec000 Exception <a 'java/lang/ArrayIndexOutOfBoundsException': 40> (0x00000000d6cccc70) thrown at [/HUDSON/workspace/8-2-build-linux-amd64/jdk8u66/4988/hotspot/src/share/vm/interpreter/interpreterRuntime.cpp, line 366]
Event: 8,047 Thread 0x00007f7a0c1f3000 Implicit null exception at 0x00007f79fd96940c to 0x00007f79fd96e3f5
Event: 8,641 Thread 0x00007f7a0c00a000 Implicit null exception at 0x00007f79fd5f27fc to 0x00007f79fd5f5741
Event: 11,676 Thread 0x00007f7a0c1f1000 Implicit null exception at 0x00007f79fda8cba1 to 0x00007f79fda91de1

Events (10 events):
Event: 15,166 Thread 0x00007f7a0c0bd800 flushing nmethod 0x00007f79fd172710
Event: 15,166 Thread 0x00007f7a0c0bd800 flushing nmethod 0x00007f79fd175d10
Event: 15,166 Thread 0x00007f7a0c0bd800 flushing nmethod 0x00007f79fd17bbd0
Event: 15,166 Thread 0x00007f7a0c0bd800 flushing nmethod 0x00007f79fd17c2d0
Event: 15,166 Thread 0x00007f7a0c0bd800 flushing nmethod 0x00007f79fd1803d0
Event: 15,216 Thread 0x00007f7a0c1ec000 DEOPT PACKING pc=0x00007f79fd3a10ac sp=0x00007f79e5ee6b80
Event: 15,216 Thread 0x00007f7a0c1ec000 DEOPT UNPACKING pc=0x00007f79fd047633 sp=0x00007f79e5ee68d8 mode 0
Event: 15,253 Thread 0x00007f7a0c1ef800 DEOPT PACKING pc=0x00007f79fd5de00d sp=0x00007f79e5ce4b00
Event: 15,253 Thread 0x00007f7a0c1ef800 DEOPT UNPACKING pc=0x00007f79fd047633 sp=0x00007f79e5ce4960 mode 0
Event: 15,273 Executing VM operation: ParallelGCFailedAllocation


Dynamic libraries:
00400000-00401000 r-xp 00000000 08:01 4591374                            /usr/lib/jvm/java-8-oracle/bin/java
00600000-00601000 rw-p 00000000 08:01 4591374                            /usr/lib/jvm/java-8-oracle/bin/java
00de8000-00e09000 rw-p 00000000 00:00 0                                  [heap]
80000000-96b00000 rw-p 00000000 00:00 0 
a3300000-d5580000 ---p 00000000 00:00 0 
d5580000-100000000 rw-p 00000000 00:00 0 
100000000-1000c0000 rw-p 00000000 00:00 0 
1000c0000-140000000 ---p 00000000 00:00 0 
7f79a8000000-7f79a804a000 rw-p 00000000 00:00 0 
7f79a804a000-7f79ac000000 ---p 00000000 00:00 0 
7f79b0000000-7f79b0021000 rw-p 00000000 00:00 0 
7f79b0021000-7f79b4000000 ---p 00000000 00:00 0 
7f79b4000000-7f79b4021000 rw-p 00000000 00:00 0 
7f79b4021000-7f79b8000000 ---p 00000000 00:00 0 
7f79b8000000-7f79b8036000 rw-p 00000000 00:00 0 
7f79b8036000-7f79bc000000 ---p 00000000 00:00 0 
7f79bc000000-7f79bc021000 rw-p 00000000 00:00 0 
7f79bc021000-7f79c0000000 ---p 00000000 00:00 0 
7f79c0000000-7f79c0021000 rw-p 00000000 00:00 0 
7f79c0021000-7f79c4000000 ---p 00000000 00:00 0 
7f79c4000000-7f79c4021000 rw-p 00000000 00:00 0 
7f79c4021000-7f79c8000000 ---p 00000000 00:00 0 
7f79c8000000-7f79c9683000 rw-p 00000000 00:00 0 
7f79c9683000-7f79cc000000 ---p 00000000 00:00 0 
7f79cc000000-7f79cc7bc000 rw-p 00000000 00:00 0 
7f79cc7bc000-7f79d0000000 ---p 00000000 00:00 0 
7f79d0000000-7f79d0021000 rw-p 00000000 00:00 0 
7f79d0021000-7f79d4000000 ---p 00000000 00:00 0 
7f79d4000000-7f79d5904000 rw-p 00000000 00:00 0 
7f79d5904000-7f79d8000000 ---p 00000000 00:00 0 
7f79d8000000-7f79d8021000 rw-p 00000000 00:00 0 
7f79d8021000-7f79dc000000 ---p 00000000 00:00 0 
7f79dc000000-7f79dc021000 rw-p 00000000 00:00 0 
7f79dc021000-7f79e0000000 ---p 00000000 00:00 0 
7f79e0000000-7f79e02cf000 rw-p 00000000 00:00 0 
7f79e02cf000-7f79e4000000 ---p 00000000 00:00 0 
7f79e59bf000-7f79e59e4000 r--p 00000000 08:01 2361987                    /usr/share/locale-langpack/pl/LC_MESSAGES/libc.mo
7f79e59e4000-7f79e59e7000 ---p 00000000 00:00 0 
7f79e59e7000-7f79e5ae5000 rw-p 00000000 00:00 0                          [stack:6183]
7f79e5ae5000-7f79e5ae8000 ---p 00000000 00:00 0 
7f79e5ae8000-7f79e5be6000 rw-p 00000000 00:00 0                          [stack:6182]
7f79e5be6000-7f79e5be9000 ---p 00000000 00:00 0 
7f79e5be9000-7f79e5ce7000 rw-p 00000000 00:00 0                          [stack:6181]
7f79e5ce7000-7f79e5cea000 ---p 00000000 00:00 0 
7f79e5cea000-7f79e5de8000 rw-p 00000000 00:00 0                          [stack:6180]
7f79e5de8000-7f79e5deb000 ---p 00000000 00:00 0 
7f79e5deb000-7f79e5ee9000 rw-p 00000000 00:00 0                          [stack:6179]
7f79e5ee9000-7f79e5fb4000 r--s 00abf000 08:01 8002969                    /home/tomasz/AndroidStudioProjects/ITAssistant/app/build/intermediates/transforms/jarMerging/debug/jars/1/1f/combined.jar
7f79e5fb4000-7f79e5fb5000 ---p 00000000 00:00 0 
7f79e5fb5000-7f79e60b5000 rw-p 00000000 00:00 0                          [stack:6178]
7f79e60b5000-7f79e60b8000 ---p 00000000 00:00 0 
7f79e60b8000-7f79e61b6000 rw-p 00000000 00:00 0                          [stack:6177]
7f79e61b6000-7f79e61b9000 ---p 00000000 00:00 0 
7f79e61b9000-7f79e62b7000 rw-p 00000000 00:00 0                          [stack:6176]
7f79e62b7000-7f79e62ba000 ---p 00000000 00:00 0 
7f79e62ba000-7f79e63b8000 rw-p 00000000 00:00 0                          [stack:6175]
7f79e63b8000-7f79e63bb000 ---p 00000000 00:00 0 
7f79e63bb000-7f79e64b9000 rw-p 00000000 00:00 0                          [stack:6174]
7f79e64b9000-7f79e64bc000 ---p 00000000 00:00 0 
7f79e64bc000-7f79e65ba000 rw-p 00000000 00:00 0                          [stack:6173]
7f79e65ba000-7f79e6dcd000 r--p 00000000 08:01 1579663                    /usr/lib/locale/locale-archive
7f79e6dcd000-7f79e6dd0000 ---p 00000000 00:00 0 
7f79e6dd0000-7f79e6ece000 rw-p 00000000 00:00 0                          [stack:6172]
7f79e6ece000-7f79e6ed1000 ---p 00000000 00:00 0 
7f79e6ed1000-7f79e6fcf000 rw-p 00000000 00:00 0                          [stack:6171]
7f79e6fcf000-7f79e6fd0000 ---p 00000000 00:00 0 
7f79e6fd0000-7f79e8000000 rw-p 00000000 00:00 0                          [stack:6170]
7f79e8000000-7f79e8021000 rw-p 00000000 00:00 0 
7f79e8021000-7f79ec000000 ---p 00000000 00:00 0 
7f79ec000000-7f79f0000000 rw-p 00000000 00:00 0 
7f79f0000000-7f79f0021000 rw-p 00000000 00:00 0 
7f79f0021000-7f79f4000000 ---p 00000000 00:00 0 
7f79f4000000-7f79f4021000 rw-p 00000000 00:00 0 
7f79f4021000-7f79f8000000 ---p 00000000 00:00 0 
7f79f8000000-7f79f8021000 rw-p 00000000 00:00 0 
7f79f8021000-7f79fc000000 ---p 00000000 00:00 0 
7f79fc01f000-7f79fc0b0000 rw-p 00000000 00:00 0 
7f79fc0b0000-7f79fc289000 r--s 03d20000 08:01 4069182                    /usr/lib/jvm/java-8-oracle/jre/lib/rt.jar
7f79fc289000-7f79fc9bf000 rw-p 00000000 00:00 0 
7f79fc9bf000-7f79fcaff000 ---p 00000000 00:00 0 
7f79fcaff000-7f79fceff000 rw-p 00000000 00:00 0 
7f79fceff000-7f79fcf00000 ---p 00000000 00:00 0 
7f79fcf00000-7f79fd000000 rw-p 00000000 00:00 0                          [stack:6169]
7f79fd000000-7f79fdbd0000 rwxp 00000000 00:00 0 
7f79fdbd0000-7f7a0c000000 ---p 00000000 00:00 0 
7f7a0c000000-7f7a0c404000 rw-p 00000000 00:00 0 
7f7a0c404000-7f7a10000000 ---p 00000000 00:00 0 
7f7a10015000-7f7a10036000 rw-p 00000000 00:00 0 
7f7a10036000-7f7a10037000 ---p 00000000 00:00 0 
7f7a10037000-7f7a10137000 rw-p 00000000 00:00 0                          [stack:6168]
7f7a10137000-7f7a10138000 ---p 00000000 00:00 0 
7f7a10138000-7f7a10238000 rw-p 00000000 00:00 0                          [stack:6167]
7f7a10238000-7f7a10239000 ---p 00000000 00:00 0 
7f7a10239000-7f7a103ef000 rw-p 00000000 00:00 0                          [stack:6166]
7f7a103ef000-7f7a105e4000 ---p 00000000 00:00 0 
7f7a105e4000-7f7a1069a000 rw-p 00000000 00:00 0 
7f7a1069a000-7f7a1088e000 ---p 00000000 00:00 0 
7f7a1088e000-7f7a109e4000 rw-p 00000000 00:00 0 
7f7a109e4000-7f7a10a15000 rw-p 00000000 00:00 0 
7f7a10a15000-7f7a10da5000 ---p 00000000 00:00 0 
7f7a10da5000-7f7a10dbf000 r-xp 00000000 08:01 4069168                    /usr/lib/jvm/java-8-oracle/jre/lib/amd64/libzip.so
7f7a10dbf000-7f7a10fbf000 ---p 0001a000 08:01 4069168                    /usr/lib/jvm/java-8-oracle/jre/lib/amd64/libzip.so
7f7a10fbf000-7f7a10fc0000 rw-p 0001a000 08:01 4069168                    /usr/lib/jvm/java-8-oracle/jre/lib/amd64/libzip.so
7f7a10fc0000-7f7a10fcb000 r-xp 00000000 08:01 5771445                    /lib/x86_64-linux-gnu/libnss_files-2.19.so
7f7a10fcb000-7f7a111ca000 ---p 0000b000 08:01 5771445                    /lib/x86_64-linux-gnu/libnss_files-2.19.so
7f7a111ca000-7f7a111cb000 r--p 0000a000 08:01 5771445                    /lib/x86_64-linux-gnu/libnss_files-2.19.so
7f7a111cb000-7f7a111cc000 rw-p 0000b000 08:01 5771445                    /lib/x86_64-linux-gnu/libnss_files-2.19.so
7f7a111cc000-7f7a111d7000 r-xp 00000000 08:01 5771455                    /lib/x86_64-linux-gnu/libnss_nis-2.19.so
7f7a111d7000-7f7a113d6000 ---p 0000b000 08:01 5771455                    /lib/x86_64-linux-gnu/libnss_nis-2.19.so
7f7a113d6000-7f7a113d7000 r--p 0000a000 08:01 5771455                    /lib/x86_64-linux-gnu/libnss_nis-2.19.so
7f7a113d7000-7f7a113d8000 rw-p 0000b000 08:01 5771455                    /lib/x86_64-linux-gnu/libnss_nis-2.19.so
7f7a113d8000-7f7a113ef000 r-xp 00000000 08:01 5771439                    /lib/x86_64-linux-gnu/libnsl-2.19.so
7f7a113ef000-7f7a115ee000 ---p 00017000 08:01 5771439                    /lib/x86_64-linux-gnu/libnsl-2.19.so
7f7a115ee000-7f7a115ef000 r--p 00016000 08:01 5771439                    /lib/x86_64-linux-gnu/libnsl-2.19.so
7f7a115ef000-7f7a115f0000 rw-p 00017000 08:01 5771439                    /lib/x86_64-linux-gnu/libnsl-2.19.so
7f7a115f0000-7f7a115f2000 rw-p 00000000 00:00 0 
7f7a115f2000-7f7a115fb000 r-xp 00000000 08:01 5771441                    /lib/x86_64-linux-gnu/libnss_compat-2.19.so
7f7a115fb000-7f7a117fa000 ---p 00009000 08:01 5771441                    /lib/x86_64-linux-gnu/libnss_compat-2.19.so
7f7a117fa000-7f7a117fb000 r--p 00008000 08:01 5771441                    /lib/x86_64-linux-gnu/libnss_compat-2.19.so
7f7a117fb000-7f7a117fc000 rw-p 00009000 08:01 5771441                    /lib/x86_64-linux-gnu/libnss_compat-2.19.so
7f7a117fc000-7f7a11826000 r-xp 00000000 08:01 4069157                    /usr/lib/jvm/java-8-oracle/jre/lib/amd64/libjava.so
7f7a11826000-7f7a11a26000 ---p 0002a000 08:01 4069157                    /usr/lib/jvm/java-8-oracle/jre/lib/amd64/libjava.so
7f7a11a26000-7f7a11a28000 rw-p 0002a000 08:01 4069157                    /usr/lib/jvm/java-8-oracle/jre/lib/amd64/libjava.so
7f7a11a28000-7f7a11a35000 r-xp 00000000 08:01 4069118                    /usr/lib/jvm/java-8-oracle/jre/lib/amd64/libverify.so
7f7a11a35000-7f7a11c35000 ---p 0000d000 08:01 4069118                    /usr/lib/jvm/java-8-oracle/jre/lib/amd64/libverify.so
7f7a11c35000-7f7a11c37000 rw-p 0000d000 08:01 4069118                    /usr/lib/jvm/java-8-oracle/jre/lib/amd64/libverify.so
7f7a11c37000-7f7a11c3e000 r-xp 00000000 08:01 5771498                    /lib/x86_64-linux-gnu/librt-2.19.so
7f7a11c3e000-7f7a11e3d000 ---p 00007000 08:01 5771498                    /lib/x86_64-linux-gnu/librt-2.19.so
7f7a11e3d000-7f7a11e3e000 r--p 00006000 08:01 5771498                    /lib/x86_64-linux-gnu/librt-2.19.so
7f7a11e3e000-7f7a11e3f000 rw-p 00007000 08:01 5771498                    /lib/x86_64-linux-gnu/librt-2.19.so
7f7a11e3f000-7f7a11f44000 r-xp 00000000 08:01 5771420                    /lib/x86_64-linux-gnu/libm-2.19.so
7f7a11f44000-7f7a12143000 ---p 00105000 08:01 5771420                    /lib/x86_64-linux-gnu/libm-2.19.so
7f7a12143000-7f7a12144000 r--p 00104000 08:01 5771420                    /lib/x86_64-linux-gnu/libm-2.19.so
7f7a12144000-7f7a12145000 rw-p 00105000 08:01 5771420                    /lib/x86_64-linux-gnu/libm-2.19.so
7f7a12145000-7f7a12e03000 r-xp 00000000 08:01 4069167                    /usr/lib/jvm/java-8-oracle/jre/lib/amd64/server/libjvm.so
7f7a12e03000-7f7a13002000 ---p 00cbe000 08:01 4069167                    /usr/lib/jvm/java-8-oracle/jre/lib/amd64/server/libjvm.so
7f7a13002000-7f7a130db000 rw-p 00cbd000 08:01 4069167                    /usr/lib/jvm/java-8-oracle/jre/lib/amd64/server/libjvm.so
7f7a130db000-7f7a1311f000 rw-p 00000000 00:00 0 
7f7a1311f000-7f7a132da000 r-xp 00000000 08:01 5771370                    /lib/x86_64-linux-gnu/libc-2.19.so
7f7a132da000-7f7a134d9000 ---p 001bb000 08:01 5771370                    /lib/x86_64-linux-gnu/libc-2.19.so
7f7a134d9000-7f7a134dd000 r--p 001ba000 08:01 5771370                    /lib/x86_64-linux-gnu/libc-2.19.so
7f7a134dd000-7f7a134df000 rw-p 001be000 08:01 5771370                    /lib/x86_64-linux-gnu/libc-2.19.so
7f7a134df000-7f7a134e4000 rw-p 00000000 00:00 0 
7f7a134e4000-7f7a134e7000 r-xp 00000000 08:01 5771387                    /lib/x86_64-linux-gnu/libdl-2.19.so
7f7a134e7000-7f7a136e6000 ---p 00003000 08:01 5771387                    /lib/x86_64-linux-gnu/libdl-2.19.so
7f7a136e6000-7f7a136e7000 r--p 00002000 08:01 5771387                    /lib/x86_64-linux-gnu/libdl-2.19.so
7f7a136e7000-7f7a136e8000 rw-p 00003000 08:01 5771387                    /lib/x86_64-linux-gnu/libdl-2.19.so
7f7a136e8000-7f7a136fd000 r-xp 00000000 08:01 4727160                    /usr/lib/jvm/java-8-oracle/lib/amd64/jli/libjli.so
7f7a136fd000-7f7a138fd000 ---p 00015000 08:01 4727160                    /usr/lib/jvm/java-8-oracle/lib/amd64/jli/libjli.so
7f7a138fd000-7f7a138fe000 rw-p 00015000 08:01 4727160                    /usr/lib/jvm/java-8-oracle/lib/amd64/jli/libjli.so
7f7a138fe000-7f7a13917000 r-xp 00000000 08:01 5771490                    /lib/x86_64-linux-gnu/libpthread-2.19.so
7f7a13917000-7f7a13b16000 ---p 00019000 08:01 5771490                    /lib/x86_64-linux-gnu/libpthread-2.19.so
7f7a13b16000-7f7a13b17000 r--p 00018000 08:01 5771490                    /lib/x86_64-linux-gnu/libpthread-2.19.so
7f7a13b17000-7f7a13b18000 rw-p 00019000 08:01 5771490                    /lib/x86_64-linux-gnu/libpthread-2.19.so
7f7a13b18000-7f7a13b1c000 rw-p 00000000 00:00 0 
7f7a13b1c000-7f7a13b3f000 r-xp 00000000 08:01 5771346                    /lib/x86_64-linux-gnu/ld-2.19.so
7f7a13b45000-7f7a13b4c000 r--s 00000000 08:01 1967077                    /usr/lib/x86_64-linux-gnu/gconv/gconv-modules.cache
7f7a13b4c000-7f7a13c18000 rw-p 00000000 00:00 0 
7f7a13c18000-7f7a13c1b000 ---p 00000000 00:00 0 
7f7a13c1b000-7f7a13d1d000 rw-p 00000000 00:00 0                          [stack:6165]
7f7a13d22000-7f7a13d23000 rw-p 00000000 00:00 0 
7f7a13d23000-7f7a13d32000 r--s 000df000 08:01 10635452                   /home/tomasz/Android/Sdk/build-tools/23.0.2/lib/dx.jar
7f7a13d32000-7f7a13d3a000 rw-s 00000000 08:01 6949363                    /tmp/hsperfdata_tomasz/6161
7f7a13d3a000-7f7a13d3b000 rw-p 00000000 00:00 0 
7f7a13d3b000-7f7a13d3c000 ---p 00000000 00:00 0 
7f7a13d3c000-7f7a13d3e000 rw-p 00000000 00:00 0 
7f7a13d3e000-7f7a13d3f000 r--p 00022000 08:01 5771346                    /lib/x86_64-linux-gnu/ld-2.19.so
7f7a13d3f000-7f7a13d40000 rw-p 00023000 08:01 5771346                    /lib/x86_64-linux-gnu/ld-2.19.so
7f7a13d40000-7f7a13d41000 rw-p 00000000 00:00 0 
7ffe65804000-7ffe65825000 rw-p 00000000 00:00 0                          [stack]
7ffe65968000-7ffe6596a000 r--p 00000000 00:00 0                          [vvar]
7ffe6596a000-7ffe6596c000 r-xp 00000000 00:00 0                          [vdso]
ffffffffff600000-ffffffffff601000 r-xp 00000000 00:00 0                  [vsyscall]

VM Arguments:
jvm_args: -Djava.awt.headless=true -Xmx2g -Dfile.encoding=UTF-8 -Duser.country=PL -Duser.language=pl -Duser.variant 
java_command: com.android.dx.command.Main --dex --num-threads=4 --multi-dex --main-dex-list /home/tomasz/AndroidStudioProjects/ITAssistant/app/build/intermediates/multi-dex/debug/maindexlist.txt --output /home/tomasz/AndroidStudioProjects/ITAssistant/app/build/intermediates/transforms/dex/debug/folders/1000/1f/main /home/tomasz/AndroidStudioProjects/ITAssistant/app/build/intermediates/transforms/jarMerging/debug/jars/1/1f/combined.jar
java_class_path (initial): /home/tomasz/Android/Sdk/build-tools/23.0.2/lib/dx.jar
Launcher Type: SUN_STANDARD

Environment Variables:
PATH=/usr/local/sbin:/usr/local/bin:/usr/sbin:/usr/bin:/sbin:/bin:/usr/games:/usr/local/games
LD_LIBRARY_PATH=.:
SHELL=/bin/bash
DISPLAY=:0

Signal Handlers:
SIGSEGV: [libjvm.so+0xaba2a0], sa_mask[0]=11111111011111111101111111111110, sa_flags=SA_RESTART|SA_SIGINFO
SIGBUS: [libjvm.so+0xaba2a0], sa_mask[0]=11111111011111111101111111111110, sa_flags=SA_RESTART|SA_SIGINFO
SIGFPE: [libjvm.so+0x917710], sa_mask[0]=11111111011111111101111111111110, sa_flags=SA_RESTART|SA_SIGINFO
SIGPIPE: [libjvm.so+0x917710], sa_mask[0]=11111111011111111101111111111110, sa_flags=SA_RESTART|SA_SIGINFO
SIGXFSZ: [libjvm.so+0x917710], sa_mask[0]=11111111011111111101111111111110, sa_flags=SA_RESTART|SA_SIGINFO
SIGILL: [libjvm.so+0x917710], sa_mask[0]=11111111011111111101111111111110, sa_flags=SA_RESTART|SA_SIGINFO
SIGUSR1: SIG_DFL, sa_mask[0]=00000000000000000000000000000000, sa_flags=none
SIGUSR2: [libjvm.so+0x918d40], sa_mask[0]=00100000000000000000000000000000, sa_flags=SA_RESTART|SA_SIGINFO
SIGHUP: [libjvm.so+0x91a140], sa_mask[0]=11111111011111111101111111111110, sa_flags=SA_RESTART|SA_SIGINFO
SIGINT: [libjvm.so+0x91a140], sa_mask[0]=11111111011111111101111111111110, sa_flags=SA_RESTART|SA_SIGINFO
SIGTERM: [libjvm.so+0x91a140], sa_mask[0]=11111111011111111101111111111110, sa_flags=SA_RESTART|SA_SIGINFO
SIGQUIT: [libjvm.so+0x91a140], sa_mask[0]=11111111011111111101111111111110, sa_flags=SA_RESTART|SA_SIGINFO


---------------  S Y S T E M  ---------------

OS:DISTRIB_ID=Ubuntu
DISTRIB_RELEASE=14.04
DISTRIB_CODENAME=trusty
DISTRIB_DESCRIPTION="Ubuntu 14.04.3 LTS"

uname:Linux 3.19.0-41-generic #46~14.04.2-Ubuntu SMP Tue Dec 8 17:46:10 UTC 2015 x86_64
libc:glibc 2.19 NPTL 2.19 
rlimit: STACK 8192k, CORE 0k, NPROC 23202, NOFILE 4096, AS infinity
load average:4,01 3,73 2,43

/proc/meminfo:
MemTotal:        5961332 kB
MemFree:          126200 kB
MemAvailable:     125376 kB
Buffers:           33244 kB
Cached:           389504 kB
SwapCached:            0 kB
Active:          5295784 kB
Inactive:         353744 kB
Active(anon):    5232144 kB
Inactive(anon):   294692 kB
Active(file):      63640 kB
Inactive(file):    59052 kB
Unevictable:         404 kB
Mlocked:             404 kB
SwapTotal:             0 kB
SwapFree:              0 kB
Dirty:               420 kB
Writeback:             0 kB
AnonPages:       5227052 kB
Mapped:           113844 kB
Shmem:            300204 kB
Slab:              80020 kB
SReclaimable:      44580 kB
SUnreclaim:        35440 kB
KernelStack:       10896 kB
PageTables:        51204 kB
NFS_Unstable:          0 kB
Bounce:                0 kB
WritebackTmp:          0 kB
CommitLimit:     2980664 kB
Committed_AS:    9818540 kB
VmallocTotal:   34359738367 kB
VmallocUsed:      551948 kB
VmallocChunk:   34359168988 kB
HardwareCorrupted:     0 kB
AnonHugePages:   2648064 kB
CmaTotal:              0 kB
CmaFree:               0 kB
HugePages_Total:       0
HugePages_Free:        0
HugePages_Rsvd:        0
HugePages_Surp:        0
Hugepagesize:       2048 kB
DirectMap4k:      157952 kB
DirectMap2M:     5982208 kB


CPU:total 4 (2 cores per cpu, 2 threads per core) family 6 model 42 stepping 7, cmov, cx8, fxsr, mmx, sse, sse2, sse3, ssse3, sse4.1, sse4.2, popcnt, avx, aes, clmul, ht, tsc, tscinvbit

/proc/cpuinfo:
processor	: 0
vendor_id	: GenuineIntel
cpu family	: 6
model		: 42
model name	: Intel(R) Core(TM) i5-2450M CPU @ 2.50GHz
stepping	: 7
microcode	: 0x25
cpu MHz		: 2899.902
cache size	: 3072 KB
physical id	: 0
siblings	: 4
core id		: 0
cpu cores	: 2
apicid		: 0
initial apicid	: 0
fpu		: yes
fpu_exception	: yes
cpuid level	: 13
wp		: yes
flags		: fpu vme de pse tsc msr pae mce cx8 apic sep mtrr pge mca cmov pat pse36 clflush dts acpi mmx fxsr sse sse2 ss ht tm pbe syscall nx rdtscp lm constant_tsc arch_perfmon pebs bts rep_good nopl xtopology nonstop_tsc aperfmperf eagerfpu pni pclmulqdq dtes64 monitor ds_cpl vmx est tm2 ssse3 cx16 xtpr pdcm pcid sse4_1 sse4_2 x2apic popcnt tsc_deadline_timer aes xsave avx lahf_lm ida arat epb pln pts dtherm tpr_shadow vnmi flexpriority ept vpid xsaveopt
bugs		:
bogomips	: 4988.82
clflush size	: 64
cache_alignment	: 64
address sizes	: 36 bits physical, 48 bits virtual
power management:

processor	: 1
vendor_id	: GenuineIntel
cpu family	: 6
model		: 42
model name	: Intel(R) Core(TM) i5-2450M CPU @ 2.50GHz
stepping	: 7
microcode	: 0x25
cpu MHz		: 2899.902
cache size	: 3072 KB
physical id	: 0
siblings	: 4
core id		: 0
cpu cores	: 2
apicid		: 1
initial apicid	: 1
fpu		: yes
fpu_exception	: yes
cpuid level	: 13
wp		: yes
flags		: fpu vme de pse tsc msr pae mce cx8 apic sep mtrr pge mca cmov pat pse36 clflush dts acpi mmx fxsr sse sse2 ss ht tm pbe syscall nx rdtscp lm constant_tsc arch_perfmon pebs bts rep_good nopl xtopology nonstop_tsc aperfmperf eagerfpu pni pclmulqdq dtes64 monitor ds_cpl vmx est tm2 ssse3 cx16 xtpr pdcm pcid sse4_1 sse4_2 x2apic popcnt tsc_deadline_timer aes xsave avx lahf_lm ida arat epb pln pts dtherm tpr_shadow vnmi flexpriority ept vpid xsaveopt
bugs		:
bogomips	: 4988.82
clflush size	: 64
cache_alignment	: 64
address sizes	: 36 bits physical, 48 bits virtual
power management:

processor	: 2
vendor_id	: GenuineIntel
cpu family	: 6
model		: 42
model name	: Intel(R) Core(TM) i5-2450M CPU @ 2.50GHz
stepping	: 7
microcode	: 0x25
cpu MHz		: 2900.585
cache size	: 3072 KB
physical id	: 0
siblings	: 4
core id		: 1
cpu cores	: 2
apicid		: 2
initial apicid	: 2
fpu		: yes
fpu_exception	: yes
cpuid level	: 13
wp		: yes
flags		: fpu vme de pse tsc msr pae mce cx8 apic sep mtrr pge mca cmov pat pse36 clflush dts acpi mmx fxsr sse sse2 ss ht tm pbe syscall nx rdtscp lm constant_tsc arch_perfmon pebs bts rep_good nopl xtopology nonstop_tsc aperfmperf eagerfpu pni pclmulqdq dtes64 monitor ds_cpl vmx est tm2 ssse3 cx16 xtpr pdcm pcid sse4_1 sse4_2 x2apic popcnt tsc_deadline_timer aes xsave avx lahf_lm ida arat epb pln pts dtherm tpr_shadow vnmi flexpriority ept vpid xsaveopt
bugs		:
bogomips	: 4988.82
clflush size	: 64
cache_alignment	: 64
address sizes	: 36 bits physical, 48 bits virtual
power management:

processor	: 3
vendor_id	: GenuineIntel
cpu family	: 6
model		: 42
model name	: Intel(R) Core(TM) i5-2450M CPU @ 2.50GHz
stepping	: 7
microcode	: 0x25
cpu MHz		: 2900.000
cache size	: 3072 KB
physical id	: 0
siblings	: 4
core id		: 1
cpu cores	: 2
apicid		: 3
initial apicid	: 3
fpu		: yes
fpu_exception	: yes
cpuid level	: 13
wp		: yes
flags		: fpu vme de pse tsc msr pae mce cx8 apic sep mtrr pge mca cmov pat pse36 clflush dts acpi mmx fxsr sse sse2 ss ht tm pbe syscall nx rdtscp lm constant_tsc arch_perfmon pebs bts rep_good nopl xtopology nonstop_tsc aperfmperf eagerfpu pni pclmulqdq dtes64 monitor ds_cpl vmx est tm2 ssse3 cx16 xtpr pdcm pcid sse4_1 sse4_2 x2apic popcnt tsc_deadline_timer aes xsave avx lahf_lm ida arat epb pln pts dtherm tpr_shadow vnmi flexpriority ept vpid xsaveopt
bugs		:
bogomips	: 4988.82
clflush size	: 64
cache_alignment	: 64
address sizes	: 36 bits physical, 48 bits virtual
power management:



Memory: 4k page, physical 5961332k(126200k free), swap 0k(0k free)

vm_info: Java HotSpot(TM) 64-Bit Server VM (25.66-b17) for linux-amd64 JRE (1.8.0_66-b17), built on Oct  6 2015 17:28:34 by "java_re" with gcc 4.3.0 20080428 (Red Hat 4.3.0-8)

time: Sun Dec 20 19:12:04 2015
elapsed time: 17 seconds (0d 0h 0m 17s)

