#
# There is insufficient memory for the Java Runtime Environment to continue.
# Native memory allocation (mmap) failed to map 260571136 bytes for committing reserved memory.
# Possible reasons:
#   The system is out of physical RAM or swap space
#   In 32 bit mode, the process size limit was hit
# Possible solutions:
#   Reduce memory load on the system
#   Increase physical memory or swap space
#   Check if swap backing store is full
#   Use 64 bit Java on a 64 bit OS
#   Decrease Java heap size (-Xmx/-Xms)
#   Decrease number of Java threads
#   Decrease Java thread stack sizes (-Xss)
#   Set larger code cache with -XX:ReservedCodeCacheSize=
# This output file may be truncated or incomplete.
#
#  Out of Memory Error (os_linux.cpp:2627), pid=25132, tid=140064535336704
#
# JRE version: Java(TM) SE Runtime Environment (8.0_66-b17) (build 1.8.0_66-b17)
# Java VM: Java HotSpot(TM) 64-Bit Server VM (25.66-b17 mixed mode linux-amd64 compressed oops)
# Failed to write core dump. Core dumps have been disabled. To enable core dumping, try "ulimit -c unlimited" before starting Java again
#

---------------  T H R E A D  ---------------

Current thread (0x00007f6360078000):  VMThread [stack: 0x00007f6350cfd000,0x00007f6350dfe000] [id=25142]

Stack: [0x00007f6350cfd000,0x00007f6350dfe000],  sp=0x00007f6350dfc360,  free space=1020k
Native frames: (J=compiled Java code, j=interpreted, Vv=VM code, C=native code)
V  [libjvm.so+0xab9a1a]  VMError::report_and_die()+0x2ba
V  [libjvm.so+0x4f9e0b]  report_vm_out_of_memory(char const*, int, unsigned long, VMErrorType, char const*)+0x8b
V  [libjvm.so+0x91a8a3]  os::Linux::commit_memory_impl(char*, unsigned long, bool)+0x103
V  [libjvm.so+0x91adf9]  os::pd_commit_memory(char*, unsigned long, unsigned long, bool)+0x29
V  [libjvm.so+0x91510a]  os::commit_memory(char*, unsigned long, unsigned long, bool)+0x2a
V  [libjvm.so+0x9887a3]  PSVirtualSpace::expand_by(unsigned long)+0x53
V  [libjvm.so+0x979090]  PSOldGen::expand(unsigned long)+0x170
V  [libjvm.so+0x97929b]  PSOldGen::resize(unsigned long)+0x1cb
V  [libjvm.so+0x980f71]  PSParallelCompact::invoke_no_policy(bool)+0x991
V  [libjvm.so+0x9868cd]  PSScavenge::invoke()+0x1ad
V  [libjvm.so+0x93e500]  ParallelScavengeHeap::failed_mem_allocate(unsigned long)+0x70
V  [libjvm.so+0xabb437]  VM_ParallelGCFailedAllocation::doit()+0x97
V  [libjvm.so+0xac2e65]  VM_Operation::evaluate()+0x55
V  [libjvm.so+0xac123a]  VMThread::evaluate_operation(VM_Operation*)+0xba
V  [libjvm.so+0xac15be]  VMThread::loop()+0x1ce
V  [libjvm.so+0xac1a30]  VMThread::run()+0x70
V  [libjvm.so+0x91cc68]  java_start(Thread*)+0x108

VM_Operation (0x00007f63437f5d10): ParallelGCFailedAllocation, mode: safepoint, requested by thread 0x00007f6360201000


---------------  P R O C E S S  ---------------

Java Threads: ( => current thread )
  0x00007f6360150800 JavaThread "pool-1-thread-1" [_thread_blocked, id=25165, stack(0x00007f63435f6000,0x00007f63436f7000)]
  0x00007f6360201000 JavaThread "pool-2-thread-4" [_thread_blocked, id=25155, stack(0x00007f63436f7000,0x00007f63437f8000)]
  0x00007f63601ff800 JavaThread "pool-2-thread-3" [_thread_blocked, id=25154, stack(0x00007f63437f8000,0x00007f63438f9000)]
  0x00007f63601fd800 JavaThread "pool-2-thread-2" [_thread_blocked, id=25153, stack(0x00007f63438f9000,0x00007f63439fa000)]
  0x00007f63601fc800 JavaThread "pool-3-thread-1" [_thread_blocked, id=25152, stack(0x00007f63439fa000,0x00007f6343afb000)]
  0x00007f63601ea800 JavaThread "pool-2-thread-1" [_thread_blocked, id=25151, stack(0x00007f6343afb000,0x00007f6343bfc000)]
  0x00007f63600c8800 JavaThread "Service Thread" daemon [_thread_blocked, id=25149, stack(0x00007f6343cfd000,0x00007f6343dfe000)]
  0x00007f63600bb000 JavaThread "C1 CompilerThread2" daemon [_thread_blocked, id=25148, stack(0x00007f6343dfe000,0x00007f6343eff000)]
  0x00007f63600b9800 JavaThread "C2 CompilerThread1" daemon [_thread_blocked, id=25147, stack(0x00007f6343eff000,0x00007f6344000000)]
  0x00007f63600b6800 JavaThread "C2 CompilerThread0" daemon [_thread_blocked, id=25146, stack(0x00007f63500e6000,0x00007f63501e7000)]
  0x00007f63600b5000 JavaThread "Signal Dispatcher" daemon [_thread_blocked, id=25145, stack(0x00007f63501e7000,0x00007f63502e8000)]
  0x00007f636007f000 JavaThread "Finalizer" daemon [_thread_blocked, id=25144, stack(0x00007f6350afb000,0x00007f6350bfc000)]
  0x00007f636007d000 JavaThread "Reference Handler" daemon [_thread_blocked, id=25143, stack(0x00007f6350bfc000,0x00007f6350cfd000)]
  0x00007f636000a000 JavaThread "main" [_thread_blocked, id=25134, stack(0x00007f63699a6000,0x00007f6369aa7000)]

Other Threads:
=>0x00007f6360078000 VMThread [stack: 0x00007f6350cfd000,0x00007f6350dfe000] [id=25142]
  0x00007f63600cb000 WatcherThread [stack: 0x00007f6343bfc000,0x00007f6343cfd000] [id=25150]

VM state:at safepoint (normal execution)

VM Mutex/Monitor currently owned by a thread:  ([mutex/lock_event])
[0x00007f6360005ef0] ExpandHeap_lock - owner thread: 0x00007f6360078000
[0x00007f6360006570] Threads_lock - owner thread: 0x00007f6360078000
[0x00007f6360006a70] Heap_lock - owner thread: 0x00007f6360201000

Heap:
 PSYoungGen      total 465920K, used 0K [0x00000000d5580000, 0x0000000100000000, 0x0000000100000000)
  eden space 232960K, 0% used [0x00000000d5580000,0x00000000d5580000,0x00000000e3900000)
  from space 232960K, 0% used [0x00000000e3900000,0x00000000e3900000,0x00000000f1c80000)
  to   space 232960K, 0% used [0x00000000f1c80000,0x00000000f1c80000,0x0000000100000000)
 ParOldGen       total 841216K, used 785104K [0x0000000080000000, 0x00000000b3580000, 0x00000000d5580000)
  object space 841216K, 93% used [0x0000000080000000,0x00000000afeb4108,0x00000000b3580000)
 Metaspace       used 6710K, capacity 7384K, committed 7680K, reserved 1056768K
  class space    used 622K, capacity 656K, committed 768K, reserved 1048576K

Card table byte_map: [0x00007f6366372000,0x00007f6366773000] byte_map_base: 0x00007f6365f72000

Marking Bits: (ParMarkBitMap*) 0x00007f6368e82020
 Begin Bits: [0x00007f6348000000, 0x00007f634a000000)
 End Bits:   [0x00007f634a000000, 0x00007f634c000000)

Polling page: 0x00007f6369ac9000

CodeCache: size=245760Kb used=11780Kb max_used=12180Kb free=233979Kb
 bounds [0x00007f6351000000, 0x00007f6351c80000, 0x00007f6360000000]
 total_blobs=2675 nmethods=2406 adapters=182
 compilation: enabled

Compilation events (10 events):
Event: 35,454 Thread 0x00007f63600bb000 3146 %     3       com.android.dx.ssa.back.FirstFitLocalCombiningAllocator::rangeContainsReserved @ 2 (30 bytes)
Event: 35,455 Thread 0x00007f63600bb000 nmethod 3146% 0x00007f6351542110 code [0x00007f63515422a0, 0x00007f63515425c8]
Event: 35,455 Thread 0x00007f63600bb000 3147       3       com.android.dx.ssa.back.FirstFitLocalCombiningAllocator::fitPlanForRange (250 bytes)
Event: 35,460 Thread 0x00007f63600bb000 nmethod 3147 0x00007f6351983650 code [0x00007f6351983a00, 0x00007f6351985dc8]
Event: 35,557 Thread 0x00007f63600b9800 nmethod 3138 0x00007f6351af2b90 code [0x00007f6351af31c0, 0x00007f6351af7ab8]
Event: 35,557 Thread 0x00007f63600b9800 3145       4       com.android.dx.dex.code.OutputFinisher::addConstants (93 bytes)
Event: 35,557 Thread 0x00007f63600bb000 3151 %     3       com.android.dx.dex.code.StdCatchBuilder::getCatchTypes @ 26 (97 bytes)
Event: 35,560 Thread 0x00007f63600bb000 nmethod 3151% 0x00007f63513cfb50 code [0x00007f63513cfe20, 0x00007f63513d1478]
Event: 35,677 Thread 0x00007f63600b6800 nmethod 3141 0x00007f635194b750 code [0x00007f635194d1e0, 0x00007f6351956198]
Event: 35,677 Thread 0x00007f63600b6800 3148       4       com.android.dx.cf.code.BaseMachine::storeResults (90 bytes)

GC Heap History (10 events):
Event: 31,619 GC heap after
Heap after GC invocations=24 (full 5):
 PSYoungGen      total 465920K, used 87526K [0x00000000d5580000, 0x0000000100000000, 0x0000000100000000)
  eden space 232960K, 0% used [0x00000000d5580000,0x00000000d5580000,0x00000000e3900000)
  from space 232960K, 37% used [0x00000000e3900000,0x00000000e8e799b8,0x00000000f1c80000)
  to   space 232960K, 0% used [0x00000000f1c80000,0x00000000f1c80000,0x0000000100000000)
 ParOldGen       total 841216K, used 576032K [0x0000000080000000, 0x00000000b3580000, 0x00000000d5580000)
  object space 841216K, 68% used [0x0000000080000000,0x00000000a32882e8,0x00000000b3580000)
 Metaspace       used 6600K, capacity 7320K, committed 7680K, reserved 1056768K
  class space    used 616K, capacity 656K, committed 768K, reserved 1048576K
}
Event: 32,607 GC heap before
{Heap before GC invocations=25 (full 5):
 PSYoungGen      total 465920K, used 320486K [0x00000000d5580000, 0x0000000100000000, 0x0000000100000000)
  eden space 232960K, 100% used [0x00000000d5580000,0x00000000e3900000,0x00000000e3900000)
  from space 232960K, 37% used [0x00000000e3900000,0x00000000e8e799b8,0x00000000f1c80000)
  to   space 232960K, 0% used [0x00000000f1c80000,0x00000000f1c80000,0x0000000100000000)
 ParOldGen       total 841216K, used 576032K [0x0000000080000000, 0x00000000b3580000, 0x00000000d5580000)
  object space 841216K, 68% used [0x0000000080000000,0x00000000a32882e8,0x00000000b3580000)
 Metaspace       used 6600K, capacity 7320K, committed 7680K, reserved 1056768K
  class space    used 616K, capacity 656K, committed 768K, reserved 1048576K
Event: 32,927 GC heap after
Heap after GC invocations=25 (full 5):
 PSYoungGen      total 465920K, used 60932K [0x00000000d5580000, 0x0000000100000000, 0x0000000100000000)
  eden space 232960K, 0% used [0x00000000d5580000,0x00000000d5580000,0x00000000e3900000)
  from space 232960K, 26% used [0x00000000f1c80000,0x00000000f5801260,0x0000000100000000)
  to   space 232960K, 0% used [0x00000000e3900000,0x00000000e3900000,0x00000000f1c80000)
 ParOldGen       total 841216K, used 633940K [0x0000000080000000, 0x00000000b3580000, 0x00000000d5580000)
  object space 841216K, 75% used [0x0000000080000000,0x00000000a6b150b0,0x00000000b3580000)
 Metaspace       used 6600K, capacity 7320K, committed 7680K, reserved 1056768K
  class space    used 616K, capacity 656K, committed 768K, reserved 1048576K
}
Event: 33,683 GC heap before
{Heap before GC invocations=26 (full 5):
 PSYoungGen      total 465920K, used 293892K [0x00000000d5580000, 0x0000000100000000, 0x0000000100000000)
  eden space 232960K, 100% used [0x00000000d5580000,0x00000000e3900000,0x00000000e3900000)
  from space 232960K, 26% used [0x00000000f1c80000,0x00000000f5801260,0x0000000100000000)
  to   space 232960K, 0% used [0x00000000e3900000,0x00000000e3900000,0x00000000f1c80000)
 ParOldGen       total 841216K, used 633940K [0x0000000080000000, 0x00000000b3580000, 0x00000000d5580000)
  object space 841216K, 75% used [0x0000000080000000,0x00000000a6b150b0,0x00000000b3580000)
 Metaspace       used 6601K, capacity 7320K, committed 7680K, reserved 1056768K
  class space    used 616K, capacity 656K, committed 768K, reserved 1048576K
Event: 33,879 GC heap after
Heap after GC invocations=26 (full 5):
 PSYoungGen      total 465920K, used 36062K [0x00000000d5580000, 0x0000000100000000, 0x0000000100000000)
  eden space 232960K, 0% used [0x00000000d5580000,0x00000000d5580000,0x00000000e3900000)
  from space 232960K, 15% used [0x00000000e3900000,0x00000000e5c37998,0x00000000f1c80000)
  to   space 232960K, 0% used [0x00000000f1c80000,0x00000000f1c80000,0x0000000100000000)
 ParOldGen       total 841216K, used 693961K [0x0000000080000000, 0x00000000b3580000, 0x00000000d5580000)
  object space 841216K, 82% used [0x0000000080000000,0x00000000aa5b25a0,0x00000000b3580000)
 Metaspace       used 6601K, capacity 7320K, committed 7680K, reserved 1056768K
  class space    used 616K, capacity 656K, committed 768K, reserved 1048576K
}
Event: 34,751 GC heap before
{Heap before GC invocations=27 (full 5):
 PSYoungGen      total 465920K, used 269022K [0x00000000d5580000, 0x0000000100000000, 0x0000000100000000)
  eden space 232960K, 100% used [0x00000000d5580000,0x00000000e3900000,0x00000000e3900000)
  from space 232960K, 15% used [0x00000000e3900000,0x00000000e5c37998,0x00000000f1c80000)
  to   space 232960K, 0% used [0x00000000f1c80000,0x00000000f1c80000,0x0000000100000000)
 ParOldGen       total 841216K, used 693961K [0x0000000080000000, 0x00000000b3580000, 0x00000000d5580000)
  object space 841216K, 82% used [0x0000000080000000,0x00000000aa5b25a0,0x00000000b3580000)
 Metaspace       used 6710K, capacity 7384K, committed 7680K, reserved 1056768K
  class space    used 622K, capacity 656K, committed 768K, reserved 1048576K
Event: 34,902 GC heap after
Heap after GC invocations=27 (full 5):
 PSYoungGen      total 465920K, used 37049K [0x00000000d5580000, 0x0000000100000000, 0x0000000100000000)
  eden space 232960K, 0% used [0x00000000d5580000,0x00000000d5580000,0x00000000e3900000)
  from space 232960K, 15% used [0x00000000f1c80000,0x00000000f40ae480,0x0000000100000000)
  to   space 232960K, 0% used [0x00000000e3900000,0x00000000e3900000,0x00000000f1c80000)
 ParOldGen       total 841216K, used 728581K [0x0000000080000000, 0x00000000b3580000, 0x00000000d5580000)
  object space 841216K, 86% used [0x0000000080000000,0x00000000ac7814e0,0x00000000b3580000)
 Metaspace       used 6710K, capacity 7384K, committed 7680K, reserved 1056768K
  class space    used 622K, capacity 656K, committed 768K, reserved 1048576K
}
Event: 35,722 GC heap before
{Heap before GC invocations=28 (full 5):
 PSYoungGen      total 465920K, used 270009K [0x00000000d5580000, 0x0000000100000000, 0x0000000100000000)
  eden space 232960K, 100% used [0x00000000d5580000,0x00000000e3900000,0x00000000e3900000)
  from space 232960K, 15% used [0x00000000f1c80000,0x00000000f40ae480,0x0000000100000000)
  to   space 232960K, 0% used [0x00000000e3900000,0x00000000e3900000,0x00000000f1c80000)
 ParOldGen       total 841216K, used 728581K [0x0000000080000000, 0x00000000b3580000, 0x00000000d5580000)
  object space 841216K, 86% used [0x0000000080000000,0x00000000ac7814e0,0x00000000b3580000)
 Metaspace       used 6710K, capacity 7384K, committed 7680K, reserved 1056768K
  class space    used 622K, capacity 656K, committed 768K, reserved 1048576K
Event: 35,841 GC heap after
Heap after GC invocations=28 (full 5):
 PSYoungGen      total 465920K, used 37840K [0x00000000d5580000, 0x0000000100000000, 0x0000000100000000)
  eden space 232960K, 0% used [0x00000000d5580000,0x00000000d5580000,0x00000000e3900000)
  from space 232960K, 16% used [0x00000000e3900000,0x00000000e5df41b0,0x00000000f1c80000)
  to   space 232960K, 0% used [0x00000000f1c80000,0x00000000f1c80000,0x0000000100000000)
 ParOldGen       total 841216K, used 764136K [0x0000000080000000, 0x00000000b3580000, 0x00000000d5580000)
  object space 841216K, 90% used [0x0000000080000000,0x00000000aea3a090,0x00000000b3580000)
 Metaspace       used 6710K, capacity 7384K, committed 7680K, reserved 1056768K
  class space    used 622K, capacity 656K, committed 768K, reserved 1048576K
}
Event: 35,842 GC heap before
{Heap before GC invocations=29 (full 6):
 PSYoungGen      total 465920K, used 37840K [0x00000000d5580000, 0x0000000100000000, 0x0000000100000000)
  eden space 232960K, 0% used [0x00000000d5580000,0x00000000d5580000,0x00000000e3900000)
  from space 232960K, 16% used [0x00000000e3900000,0x00000000e5df41b0,0x00000000f1c80000)
  to   space 232960K, 0% used [0x00000000f1c80000,0x00000000f1c80000,0x0000000100000000)
 ParOldGen       total 841216K, used 764136K [0x0000000080000000, 0x00000000b3580000, 0x00000000d5580000)
  object space 841216K, 90% used [0x0000000080000000,0x00000000aea3a090,0x00000000b3580000)
 Metaspace       used 6710K, capacity 7384K, committed 7680K, reserved 1056768K
  class space    used 622K, capacity 656K, committed 768K, reserved 1048576K

Deoptimization events (10 events):
Event: 34,166 Thread 0x00007f636000a000 Uncommon trap: reason=bimorphic action=maybe_recompile pc=0x00007f6351c61aec method=com.android.dx.cf.code.BytecodeArray.parseInstruction(ILcom/android/dx/cf/code/BytecodeArray$Visitor;)I @ 1612
Event: 34,167 Thread 0x00007f6360150800 Uncommon trap: reason=bimorphic action=maybe_recompile pc=0x00007f63513f8a5c method=java.util.Arrays.hashCode([Ljava/lang/Object;)I @ 43
Event: 34,167 Thread 0x00007f6360150800 Uncommon trap: reason=bimorphic action=maybe_recompile pc=0x00007f63513f8a5c method=java.util.Arrays.hashCode([Ljava/lang/Object;)I @ 43
Event: 34,167 Thread 0x00007f6360150800 Uncommon trap: reason=bimorphic action=maybe_recompile pc=0x00007f63513f8a5c method=java.util.Arrays.hashCode([Ljava/lang/Object;)I @ 43
Event: 34,167 Thread 0x00007f6360150800 Uncommon trap: reason=bimorphic action=maybe_recompile pc=0x00007f63513f8a5c method=java.util.Arrays.hashCode([Ljava/lang/Object;)I @ 43
Event: 34,172 Thread 0x00007f63601ea800 Uncommon trap: reason=bimorphic action=maybe_recompile pc=0x00007f63512f4b14 method=com.android.dx.ssa.back.FirstFitLocalCombiningAllocator.findNextUnreservedRopReg(IILcom/android/dx/ssa/back/FirstFitLocalCombiningAllocator$Alignment;)I @ 60
Event: 34,474 Thread 0x00007f6360150800 Uncommon trap: reason=bimorphic action=maybe_recompile pc=0x00007f63512d9784 method=java.util.HashMap$TreeNode.find(ILjava/lang/Object;Ljava/lang/Class;)Ljava/util/HashMap$TreeNode; @ 68
Event: 35,031 Thread 0x00007f63601ff800 Uncommon trap: reason=bimorphic action=maybe_recompile pc=0x00007f6351c60a34 method=com.android.dx.cf.code.BytecodeArray.parseInstruction(ILcom/android/dx/cf/code/BytecodeArray$Visitor;)I @ 1525
Event: 35,031 Thread 0x00007f63601ff800 Uncommon trap: reason=bimorphic action=maybe_recompile pc=0x00007f6351c60a34 method=com.android.dx.cf.code.BytecodeArray.parseInstruction(ILcom/android/dx/cf/code/BytecodeArray$Visitor;)I @ 1525
Event: 35,086 Thread 0x00007f6360150800 Uncommon trap: reason=unstable_if action=reinterpret pc=0x00007f63515cb130 method=com.android.dx.dex.code.OutputFinisher.addConstants(Ljava/util/HashSet;Lcom/android/dx/rop/code/RegisterSpec;)V @ 57

Internal exceptions (10 events):
Event: 0,027 Thread 0x00007f636000a000 Exception <a 'java/lang/NoSuchMethodError': Method sun.misc.Unsafe.prefetchRead(Ljava/lang/Object;J)V name or signature does not match> (0x00000000d5592ce0) thrown at [/HUDSON/workspace/8-2-build-linux-amd64/jdk8u66/4988/hotspot/src/share/vm/prims/jni.cpp
Event: 1,528 Thread 0x00007f6360201000 Exception <a 'java/lang/ArrayIndexOutOfBoundsException': 18> (0x00000000d8db9a30) thrown at [/HUDSON/workspace/8-2-build-linux-amd64/jdk8u66/4988/hotspot/src/share/vm/interpreter/interpreterRuntime.cpp, line 366]
Event: 1,530 Thread 0x00007f6360201000 Exception <a 'java/lang/ArrayIndexOutOfBoundsException': 145> (0x00000000d8dbb5b0) thrown at [/HUDSON/workspace/8-2-build-linux-amd64/jdk8u66/4988/hotspot/src/share/vm/interpreter/interpreterRuntime.cpp, line 366]
Event: 1,531 Thread 0x00007f6360201000 Exception <a 'java/lang/ArrayIndexOutOfBoundsException': 40> (0x00000000d8dbc898) thrown at [/HUDSON/workspace/8-2-build-linux-amd64/jdk8u66/4988/hotspot/src/share/vm/interpreter/interpreterRuntime.cpp, line 366]
Event: 5,405 Thread 0x00007f63601fd800 Implicit null exception at 0x00007f635184e954 to 0x00007f6351853fd5
Event: 5,405 Thread 0x00007f63601fd800 Implicit null exception at 0x00007f63515ef573 to 0x00007f63515ef701
Event: 11,825 Thread 0x00007f63601ea800 Implicit null exception at 0x00007f6351543b27 to 0x00007f6351547be5
Event: 11,825 Thread 0x00007f63601ea800 Implicit null exception at 0x00007f63514ad787 to 0x00007f63514b22e9
Event: 23,454 Thread 0x00007f63601fd800 Implicit null exception at 0x00007f63511d2a00 to 0x00007f63511d2bdb
Event: 26,586 Thread 0x00007f63601fd800 Implicit null exception at 0x00007f63513ec91f to 0x00007f63513ecde1

Events (10 events):
Event: 35,622 Thread 0x00007f63601ea800 DEOPT UNPACKING pc=0x00007f6351047633 sp=0x00007f6343bf9e00 mode 0
Event: 35,650 Thread 0x00007f636000a000 DEOPT PACKING pc=0x00007f63513c176c sp=0x00007f6369aa47d0
Event: 35,650 Thread 0x00007f636000a000 DEOPT UNPACKING pc=0x00007f6351047633 sp=0x00007f6369aa44d0 mode 0
Event: 35,679 Thread 0x00007f63601ff800 DEOPT PACKING pc=0x00007f63514c288b sp=0x00007f63438f6e20
Event: 35,680 Thread 0x00007f63601ff800 DEOPT UNPACKING pc=0x00007f6351047633 sp=0x00007f63438f6bc8 mode 0
Event: 35,715 Thread 0x00007f63601ea800 DEOPT PACKING pc=0x00007f63514c2841 sp=0x00007f6343bfa050
Event: 35,715 Thread 0x00007f63601ea800 DEOPT UNPACKING pc=0x00007f6351047633 sp=0x00007f6343bf9e00 mode 0
Event: 35,716 Thread 0x00007f6360201000 DEOPT PACKING pc=0x00007f63513c176c sp=0x00007f63437f5e40
Event: 35,716 Thread 0x00007f6360201000 DEOPT UNPACKING pc=0x00007f6351047633 sp=0x00007f63437f5b40 mode 0
Event: 35,718 Executing VM operation: ParallelGCFailedAllocation


Dynamic libraries:
00400000-00401000 r-xp 00000000 08:01 4591374                            /usr/lib/jvm/java-8-oracle/bin/java
00600000-00601000 rw-p 00000000 08:01 4591374                            /usr/lib/jvm/java-8-oracle/bin/java
02153000-02174000 rw-p 00000000 00:00 0                                  [heap]
80000000-b3580000 rw-p 00000000 00:00 0 
c2e00000-d5580000 ---p 00000000 00:00 0 
d5580000-100000000 rw-p 00000000 00:00 0 
100000000-1000c0000 rw-p 00000000 00:00 0 
1000c0000-140000000 ---p 00000000 00:00 0 
7f62fc000000-7f62fc03d000 rw-p 00000000 00:00 0 
7f62fc03d000-7f6300000000 ---p 00000000 00:00 0 
7f6300000000-7f6300021000 rw-p 00000000 00:00 0 
7f6300021000-7f6304000000 ---p 00000000 00:00 0 
7f6304000000-7f630403f000 rw-p 00000000 00:00 0 
7f630403f000-7f6308000000 ---p 00000000 00:00 0 
7f6308000000-7f630803e000 rw-p 00000000 00:00 0 
7f630803e000-7f630c000000 ---p 00000000 00:00 0 
7f630c000000-7f630c042000 rw-p 00000000 00:00 0 
7f630c042000-7f6310000000 ---p 00000000 00:00 0 
7f6310000000-7f6310021000 rw-p 00000000 00:00 0 
7f6310021000-7f6314000000 ---p 00000000 00:00 0 
7f6314000000-7f6314021000 rw-p 00000000 00:00 0 
7f6314021000-7f6318000000 ---p 00000000 00:00 0 
7f6318000000-7f6318021000 rw-p 00000000 00:00 0 
7f6318021000-7f631c000000 ---p 00000000 00:00 0 
7f631c000000-7f631d856000 rw-p 00000000 00:00 0 
7f631d856000-7f6320000000 ---p 00000000 00:00 0 
7f6320000000-7f6320f92000 rw-p 00000000 00:00 0 
7f6320f92000-7f6324000000 ---p 00000000 00:00 0 
7f6324000000-7f6324021000 rw-p 00000000 00:00 0 
7f6324021000-7f6328000000 ---p 00000000 00:00 0 
7f6328000000-7f632a052000 rw-p 00000000 00:00 0 
7f632a052000-7f632c000000 ---p 00000000 00:00 0 
7f632c000000-7f632c021000 rw-p 00000000 00:00 0 
7f632c021000-7f6330000000 ---p 00000000 00:00 0 
7f6330000000-7f6330021000 rw-p 00000000 00:00 0 
7f6330021000-7f6334000000 ---p 00000000 00:00 0 
7f6334000000-7f6334021000 rw-p 00000000 00:00 0 
7f6334021000-7f6338000000 ---p 00000000 00:00 0 
7f6338000000-7f6338290000 rw-p 00000000 00:00 0 
7f6338290000-7f633c000000 ---p 00000000 00:00 0 
7f633c000000-7f633c021000 rw-p 00000000 00:00 0 
7f633c021000-7f6340000000 ---p 00000000 00:00 0 
7f63435f6000-7f63435f9000 ---p 00000000 00:00 0 
7f63435f9000-7f63436f7000 rw-p 00000000 00:00 0                          [stack:25165]
7f63436f7000-7f63436fa000 ---p 00000000 00:00 0 
7f63436fa000-7f63437f8000 rw-p 00000000 00:00 0                          [stack:25155]
7f63437f8000-7f63437fb000 ---p 00000000 00:00 0 
7f63437fb000-7f63438f9000 rw-p 00000000 00:00 0                          [stack:25154]
7f63438f9000-7f63438fc000 ---p 00000000 00:00 0 
7f63438fc000-7f63439fa000 rw-p 00000000 00:00 0                          [stack:25153]
7f63439fa000-7f63439fd000 ---p 00000000 00:00 0 
7f63439fd000-7f6343afb000 rw-p 00000000 00:00 0                          [stack:25152]
7f6343afb000-7f6343afe000 ---p 00000000 00:00 0 
7f6343afe000-7f6343bfc000 rw-p 00000000 00:00 0                          [stack:25151]
7f6343bfc000-7f6343bfd000 ---p 00000000 00:00 0 
7f6343bfd000-7f6343cfd000 rw-p 00000000 00:00 0                          [stack:25150]
7f6343cfd000-7f6343d00000 ---p 00000000 00:00 0 
7f6343d00000-7f6343dfe000 rw-p 00000000 00:00 0                          [stack:25149]
7f6343dfe000-7f6343e01000 ---p 00000000 00:00 0 
7f6343e01000-7f6343eff000 rw-p 00000000 00:00 0                          [stack:25148]
7f6343eff000-7f6343f02000 ---p 00000000 00:00 0 
7f6343f02000-7f6344000000 rw-p 00000000 00:00 0                          [stack:25147]
7f6344000000-7f6344021000 rw-p 00000000 00:00 0 
7f6344021000-7f6348000000 ---p 00000000 00:00 0 
7f6348000000-7f634c000000 rw-p 00000000 00:00 0 
7f634c000000-7f634c021000 rw-p 00000000 00:00 0 
7f634c021000-7f6350000000 ---p 00000000 00:00 0 
7f6350019000-7f63500e6000 r--s 00acf000 08:01 13108380                   /home/tomasz/AndroidStudioProjects/ITAssistant/app/build/intermediates/transforms/jarMerging/debug/jars/1/1f/combined.jar
7f63500e6000-7f63500e9000 ---p 00000000 00:00 0 
7f63500e9000-7f63501e7000 rw-p 00000000 00:00 0                          [stack:25146]
7f63501e7000-7f63501ea000 ---p 00000000 00:00 0 
7f63501ea000-7f63502e8000 rw-p 00000000 00:00 0                          [stack:25145]
7f63502e8000-7f6350afb000 r--p 00000000 08:01 1579663                    /usr/lib/locale/locale-archive
7f6350afb000-7f6350afe000 ---p 00000000 00:00 0 
7f6350afe000-7f6350bfc000 rw-p 00000000 00:00 0                          [stack:25144]
7f6350bfc000-7f6350bff000 ---p 00000000 00:00 0 
7f6350bff000-7f6350cfd000 rw-p 00000000 00:00 0                          [stack:25143]
7f6350cfd000-7f6350cfe000 ---p 00000000 00:00 0 
7f6350cfe000-7f6351000000 rw-p 00000000 00:00 0                          [stack:25142]
7f6351000000-7f6351c80000 rwxp 00000000 00:00 0 
7f6351c80000-7f6360000000 ---p 00000000 00:00 0 
7f6360000000-7f6360404000 rw-p 00000000 00:00 0 
7f6360404000-7f6364000000 ---p 00000000 00:00 0 
7f636406f000-7f6364094000 r--p 00000000 08:01 2361987                    /usr/share/locale-langpack/pl/LC_MESSAGES/libc.mo
7f6364094000-7f6364e74000 rw-p 00000000 00:00 0 
7f6364e74000-7f636504d000 r--s 03d20000 08:01 4069182                    /usr/lib/jvm/java-8-oracle/jre/lib/rt.jar
7f636504d000-7f6365783000 rw-p 00000000 00:00 0 
7f6365783000-7f63658c3000 ---p 00000000 00:00 0 
7f63658c3000-7f6365cc3000 rw-p 00000000 00:00 0 
7f6365cc3000-7f6365cc4000 ---p 00000000 00:00 0 
7f6365cc4000-7f6365dc4000 rw-p 00000000 00:00 0                          [stack:25141]
7f6365dc4000-7f6365dc5000 ---p 00000000 00:00 0 
7f6365dc5000-7f6365ec5000 rw-p 00000000 00:00 0                          [stack:25140]
7f6365ec5000-7f6365ec6000 ---p 00000000 00:00 0 
7f6365ec6000-7f6365fc6000 rw-p 00000000 00:00 0                          [stack:25139]
7f6365fc6000-7f6365fc7000 ---p 00000000 00:00 0 
7f6365fc7000-7f6366262000 rw-p 00000000 00:00 0                          [stack:25138]
7f6366262000-7f6366372000 ---p 00000000 00:00 0 
7f6366372000-7f636650d000 rw-p 00000000 00:00 0 
7f636650d000-7f636661c000 ---p 00000000 00:00 0 
7f636661c000-7f6366772000 rw-p 00000000 00:00 0 
7f6366772000-7f63667a5000 rw-p 00000000 00:00 0 
7f63667a5000-7f6366b33000 ---p 00000000 00:00 0 
7f6366b33000-7f6366b4d000 r-xp 00000000 08:01 4069168                    /usr/lib/jvm/java-8-oracle/jre/lib/amd64/libzip.so
7f6366b4d000-7f6366d4d000 ---p 0001a000 08:01 4069168                    /usr/lib/jvm/java-8-oracle/jre/lib/amd64/libzip.so
7f6366d4d000-7f6366d4e000 rw-p 0001a000 08:01 4069168                    /usr/lib/jvm/java-8-oracle/jre/lib/amd64/libzip.so
7f6366d4e000-7f6366d59000 r-xp 00000000 08:01 5771445                    /lib/x86_64-linux-gnu/libnss_files-2.19.so
7f6366d59000-7f6366f58000 ---p 0000b000 08:01 5771445                    /lib/x86_64-linux-gnu/libnss_files-2.19.so
7f6366f58000-7f6366f59000 r--p 0000a000 08:01 5771445                    /lib/x86_64-linux-gnu/libnss_files-2.19.so
7f6366f59000-7f6366f5a000 rw-p 0000b000 08:01 5771445                    /lib/x86_64-linux-gnu/libnss_files-2.19.so
7f6366f5a000-7f6366f65000 r-xp 00000000 08:01 5771455                    /lib/x86_64-linux-gnu/libnss_nis-2.19.so
7f6366f65000-7f6367164000 ---p 0000b000 08:01 5771455                    /lib/x86_64-linux-gnu/libnss_nis-2.19.so
7f6367164000-7f6367165000 r--p 0000a000 08:01 5771455                    /lib/x86_64-linux-gnu/libnss_nis-2.19.so
7f6367165000-7f6367166000 rw-p 0000b000 08:01 5771455                    /lib/x86_64-linux-gnu/libnss_nis-2.19.so
7f6367166000-7f636717d000 r-xp 00000000 08:01 5771439                    /lib/x86_64-linux-gnu/libnsl-2.19.so
7f636717d000-7f636737c000 ---p 00017000 08:01 5771439                    /lib/x86_64-linux-gnu/libnsl-2.19.so
7f636737c000-7f636737d000 r--p 00016000 08:01 5771439                    /lib/x86_64-linux-gnu/libnsl-2.19.so
7f636737d000-7f636737e000 rw-p 00017000 08:01 5771439                    /lib/x86_64-linux-gnu/libnsl-2.19.so
7f636737e000-7f6367380000 rw-p 00000000 00:00 0 
7f6367380000-7f6367389000 r-xp 00000000 08:01 5771441                    /lib/x86_64-linux-gnu/libnss_compat-2.19.so
7f6367389000-7f6367588000 ---p 00009000 08:01 5771441                    /lib/x86_64-linux-gnu/libnss_compat-2.19.so
7f6367588000-7f6367589000 r--p 00008000 08:01 5771441                    /lib/x86_64-linux-gnu/libnss_compat-2.19.so
7f6367589000-7f636758a000 rw-p 00009000 08:01 5771441                    /lib/x86_64-linux-gnu/libnss_compat-2.19.so
7f636758a000-7f63675b4000 r-xp 00000000 08:01 4069157                    /usr/lib/jvm/java-8-oracle/jre/lib/amd64/libjava.so
7f63675b4000-7f63677b4000 ---p 0002a000 08:01 4069157                    /usr/lib/jvm/java-8-oracle/jre/lib/amd64/libjava.so
7f63677b4000-7f63677b6000 rw-p 0002a000 08:01 4069157                    /usr/lib/jvm/java-8-oracle/jre/lib/amd64/libjava.so
7f63677b6000-7f63677c3000 r-xp 00000000 08:01 4069118                    /usr/lib/jvm/java-8-oracle/jre/lib/amd64/libverify.so
7f63677c3000-7f63679c3000 ---p 0000d000 08:01 4069118                    /usr/lib/jvm/java-8-oracle/jre/lib/amd64/libverify.so
7f63679c3000-7f63679c5000 rw-p 0000d000 08:01 4069118                    /usr/lib/jvm/java-8-oracle/jre/lib/amd64/libverify.so
7f63679c5000-7f63679cc000 r-xp 00000000 08:01 5771498                    /lib/x86_64-linux-gnu/librt-2.19.so
7f63679cc000-7f6367bcb000 ---p 00007000 08:01 5771498                    /lib/x86_64-linux-gnu/librt-2.19.so
7f6367bcb000-7f6367bcc000 r--p 00006000 08:01 5771498                    /lib/x86_64-linux-gnu/librt-2.19.so
7f6367bcc000-7f6367bcd000 rw-p 00007000 08:01 5771498                    /lib/x86_64-linux-gnu/librt-2.19.so
7f6367bcd000-7f6367cd2000 r-xp 00000000 08:01 5771420                    /lib/x86_64-linux-gnu/libm-2.19.so
7f6367cd2000-7f6367ed1000 ---p 00105000 08:01 5771420                    /lib/x86_64-linux-gnu/libm-2.19.so
7f6367ed1000-7f6367ed2000 r--p 00104000 08:01 5771420                    /lib/x86_64-linux-gnu/libm-2.19.so
7f6367ed2000-7f6367ed3000 rw-p 00105000 08:01 5771420                    /lib/x86_64-linux-gnu/libm-2.19.so
7f6367ed3000-7f6368b91000 r-xp 00000000 08:01 4069167                    /usr/lib/jvm/java-8-oracle/jre/lib/amd64/server/libjvm.so
7f6368b91000-7f6368d90000 ---p 00cbe000 08:01 4069167                    /usr/lib/jvm/java-8-oracle/jre/lib/amd64/server/libjvm.so
7f6368d90000-7f6368e69000 rw-p 00cbd000 08:01 4069167                    /usr/lib/jvm/java-8-oracle/jre/lib/amd64/server/libjvm.so
7f6368e69000-7f6368ead000 rw-p 00000000 00:00 0 
7f6368ead000-7f6369068000 r-xp 00000000 08:01 5771370                    /lib/x86_64-linux-gnu/libc-2.19.so
7f6369068000-7f6369267000 ---p 001bb000 08:01 5771370                    /lib/x86_64-linux-gnu/libc-2.19.so
7f6369267000-7f636926b000 r--p 001ba000 08:01 5771370                    /lib/x86_64-linux-gnu/libc-2.19.so
7f636926b000-7f636926d000 rw-p 001be000 08:01 5771370                    /lib/x86_64-linux-gnu/libc-2.19.so
7f636926d000-7f6369272000 rw-p 00000000 00:00 0 
7f6369272000-7f6369275000 r-xp 00000000 08:01 5771387                    /lib/x86_64-linux-gnu/libdl-2.19.so
7f6369275000-7f6369474000 ---p 00003000 08:01 5771387                    /lib/x86_64-linux-gnu/libdl-2.19.so
7f6369474000-7f6369475000 r--p 00002000 08:01 5771387                    /lib/x86_64-linux-gnu/libdl-2.19.so
7f6369475000-7f6369476000 rw-p 00003000 08:01 5771387                    /lib/x86_64-linux-gnu/libdl-2.19.so
7f6369476000-7f636948b000 r-xp 00000000 08:01 4727160                    /usr/lib/jvm/java-8-oracle/lib/amd64/jli/libjli.so
7f636948b000-7f636968b000 ---p 00015000 08:01 4727160                    /usr/lib/jvm/java-8-oracle/lib/amd64/jli/libjli.so
7f636968b000-7f636968c000 rw-p 00015000 08:01 4727160                    /usr/lib/jvm/java-8-oracle/lib/amd64/jli/libjli.so
7f636968c000-7f63696a5000 r-xp 00000000 08:01 5771490                    /lib/x86_64-linux-gnu/libpthread-2.19.so
7f63696a5000-7f63698a4000 ---p 00019000 08:01 5771490                    /lib/x86_64-linux-gnu/libpthread-2.19.so
7f63698a4000-7f63698a5000 r--p 00018000 08:01 5771490                    /lib/x86_64-linux-gnu/libpthread-2.19.so
7f63698a5000-7f63698a6000 rw-p 00019000 08:01 5771490                    /lib/x86_64-linux-gnu/libpthread-2.19.so
7f63698a6000-7f63698aa000 rw-p 00000000 00:00 0 
7f63698aa000-7f63698cd000 r-xp 00000000 08:01 5771346                    /lib/x86_64-linux-gnu/ld-2.19.so
7f63698d3000-7f63698da000 r--s 00000000 08:01 1967077                    /usr/lib/x86_64-linux-gnu/gconv/gconv-modules.cache
7f63698da000-7f63699a6000 rw-p 00000000 00:00 0 
7f63699a6000-7f63699a9000 ---p 00000000 00:00 0 
7f63699a9000-7f6369aab000 rw-p 00000000 00:00 0                          [stack:25134]
7f6369ab0000-7f6369ab1000 rw-p 00000000 00:00 0 
7f6369ab1000-7f6369ac0000 r--s 000df000 08:01 10635452                   /home/tomasz/Android/Sdk/build-tools/23.0.2/lib/dx.jar
7f6369ac0000-7f6369ac8000 rw-s 00000000 08:01 6951966                    /tmp/hsperfdata_tomasz/25132
7f6369ac8000-7f6369ac9000 rw-p 00000000 00:00 0 
7f6369ac9000-7f6369aca000 ---p 00000000 00:00 0 
7f6369aca000-7f6369acc000 rw-p 00000000 00:00 0 
7f6369acc000-7f6369acd000 r--p 00022000 08:01 5771346                    /lib/x86_64-linux-gnu/ld-2.19.so
7f6369acd000-7f6369ace000 rw-p 00023000 08:01 5771346                    /lib/x86_64-linux-gnu/ld-2.19.so
7f6369ace000-7f6369acf000 rw-p 00000000 00:00 0 
7ffc9c3bd000-7ffc9c3de000 rw-p 00000000 00:00 0                          [stack]
7ffc9c3f6000-7ffc9c3f8000 r--p 00000000 00:00 0                          [vvar]
7ffc9c3f8000-7ffc9c3fa000 r-xp 00000000 00:00 0                          [vdso]
ffffffffff600000-ffffffffff601000 r-xp 00000000 00:00 0                  [vsyscall]

VM Arguments:
jvm_args: -Djava.awt.headless=true -Xmx2g -Dfile.encoding=UTF-8 -Duser.country=PL -Duser.language=pl -Duser.variant 
java_command: com.android.dx.command.Main --dex --num-threads=4 --multi-dex --main-dex-list /home/tomasz/AndroidStudioProjects/ITAssistant/app/build/intermediates/multi-dex/debug/maindexlist.txt --output /home/tomasz/AndroidStudioProjects/ITAssistant/app/build/intermediates/transforms/dex/debug/folders/1000/1f/main /home/tomasz/AndroidStudioProjects/ITAssistant/app/build/intermediates/transforms/jarMerging/debug/jars/1/1f/combined.jar
java_class_path (initial): /home/tomasz/Android/Sdk/build-tools/23.0.2/lib/dx.jar
Launcher Type: SUN_STANDARD

Environment Variables:
PATH=/usr/local/sbin:/usr/local/bin:/usr/sbin:/usr/bin:/sbin:/bin:/usr/games:/usr/local/games
LD_LIBRARY_PATH=.:
SHELL=/bin/bash
DISPLAY=:0

Signal Handlers:
SIGSEGV: [libjvm.so+0xaba2a0], sa_mask[0]=11111111011111111101111111111110, sa_flags=SA_RESTART|SA_SIGINFO
SIGBUS: [libjvm.so+0xaba2a0], sa_mask[0]=11111111011111111101111111111110, sa_flags=SA_RESTART|SA_SIGINFO
SIGFPE: [libjvm.so+0x917710], sa_mask[0]=11111111011111111101111111111110, sa_flags=SA_RESTART|SA_SIGINFO
SIGPIPE: [libjvm.so+0x917710], sa_mask[0]=11111111011111111101111111111110, sa_flags=SA_RESTART|SA_SIGINFO
SIGXFSZ: [libjvm.so+0x917710], sa_mask[0]=11111111011111111101111111111110, sa_flags=SA_RESTART|SA_SIGINFO
SIGILL: [libjvm.so+0x917710], sa_mask[0]=11111111011111111101111111111110, sa_flags=SA_RESTART|SA_SIGINFO
SIGUSR1: SIG_DFL, sa_mask[0]=00000000000000000000000000000000, sa_flags=none
SIGUSR2: [libjvm.so+0x918d40], sa_mask[0]=00100000000000000000000000000000, sa_flags=SA_RESTART|SA_SIGINFO
SIGHUP: [libjvm.so+0x91a140], sa_mask[0]=11111111011111111101111111111110, sa_flags=SA_RESTART|SA_SIGINFO
SIGINT: [libjvm.so+0x91a140], sa_mask[0]=11111111011111111101111111111110, sa_flags=SA_RESTART|SA_SIGINFO
SIGTERM: [libjvm.so+0x91a140], sa_mask[0]=11111111011111111101111111111110, sa_flags=SA_RESTART|SA_SIGINFO
SIGQUIT: [libjvm.so+0x91a140], sa_mask[0]=11111111011111111101111111111110, sa_flags=SA_RESTART|SA_SIGINFO


---------------  S Y S T E M  ---------------

OS:DISTRIB_ID=Ubuntu
DISTRIB_RELEASE=14.04
DISTRIB_CODENAME=trusty
DISTRIB_DESCRIPTION="Ubuntu 14.04.3 LTS"

uname:Linux 3.19.0-42-generic #48~14.04.1-Ubuntu SMP Fri Dec 18 10:24:49 UTC 2015 x86_64
libc:glibc 2.19 NPTL 2.19 
rlimit: STACK 8192k, CORE 0k, NPROC 23202, NOFILE 4096, AS infinity
load average:5,60 2,66 2,11

/proc/meminfo:
MemTotal:        5961332 kB
MemFree:          135744 kB
MemAvailable:     100520 kB
Buffers:            1964 kB
Cached:           407300 kB
SwapCached:            0 kB
Active:          5231368 kB
Inactive:         374616 kB
Active(anon):    5209884 kB
Inactive(anon):   351640 kB
Active(file):      21484 kB
Inactive(file):    22976 kB
Unevictable:        6212 kB
Mlocked:            6212 kB
SwapTotal:             0 kB
SwapFree:              0 kB
Dirty:                80 kB
Writeback:             0 kB
AnonPages:       5203212 kB
Mapped:            82564 kB
Shmem:            364380 kB
Slab:              98404 kB
SReclaimable:      54012 kB
SUnreclaim:        44392 kB
KernelStack:        9248 kB
PageTables:        42700 kB
NFS_Unstable:          0 kB
Bounce:                0 kB
WritebackTmp:          0 kB
CommitLimit:     2980664 kB
Committed_AS:    8409016 kB
VmallocTotal:   34359738367 kB
VmallocUsed:      557852 kB
VmallocChunk:   34359165916 kB
HardwareCorrupted:     0 kB
AnonHugePages:   2328576 kB
CmaTotal:              0 kB
CmaFree:               0 kB
HugePages_Total:       0
HugePages_Free:        0
HugePages_Rsvd:        0
HugePages_Surp:        0
Hugepagesize:       2048 kB
DirectMap4k:      237824 kB
DirectMap2M:     5902336 kB


CPU:total 4 (2 cores per cpu, 2 threads per core) family 6 model 42 stepping 7, cmov, cx8, fxsr, mmx, sse, sse2, sse3, ssse3, sse4.1, sse4.2, popcnt, avx, aes, clmul, ht, tsc, tscinvbit

/proc/cpuinfo:
processor	: 0
vendor_id	: GenuineIntel
cpu family	: 6
model		: 42
model name	: Intel(R) Core(TM) i5-2450M CPU @ 2.50GHz
stepping	: 7
microcode	: 0x25
cpu MHz		: 2448.925
cache size	: 3072 KB
physical id	: 0
siblings	: 4
core id		: 0
cpu cores	: 2
apicid		: 0
initial apicid	: 0
fpu		: yes
fpu_exception	: yes
cpuid level	: 13
wp		: yes
flags		: fpu vme de pse tsc msr pae mce cx8 apic sep mtrr pge mca cmov pat pse36 clflush dts acpi mmx fxsr sse sse2 ss ht tm pbe syscall nx rdtscp lm constant_tsc arch_perfmon pebs bts rep_good nopl xtopology nonstop_tsc aperfmperf eagerfpu pni pclmulqdq dtes64 monitor ds_cpl vmx est tm2 ssse3 cx16 xtpr pdcm pcid sse4_1 sse4_2 x2apic popcnt tsc_deadline_timer aes xsave avx lahf_lm ida arat epb pln pts dtherm tpr_shadow vnmi flexpriority ept vpid xsaveopt
bugs		:
bogomips	: 4988.20
clflush size	: 64
cache_alignment	: 64
address sizes	: 36 bits physical, 48 bits virtual
power management:

processor	: 1
vendor_id	: GenuineIntel
cpu family	: 6
model		: 42
model name	: Intel(R) Core(TM) i5-2450M CPU @ 2.50GHz
stepping	: 7
microcode	: 0x25
cpu MHz		: 2448.144
cache size	: 3072 KB
physical id	: 0
siblings	: 4
core id		: 0
cpu cores	: 2
apicid		: 1
initial apicid	: 1
fpu		: yes
fpu_exception	: yes
cpuid level	: 13
wp		: yes
flags		: fpu vme de pse tsc msr pae mce cx8 apic sep mtrr pge mca cmov pat pse36 clflush dts acpi mmx fxsr sse sse2 ss ht tm pbe syscall nx rdtscp lm constant_tsc arch_perfmon pebs bts rep_good nopl xtopology nonstop_tsc aperfmperf eagerfpu pni pclmulqdq dtes64 monitor ds_cpl vmx est tm2 ssse3 cx16 xtpr pdcm pcid sse4_1 sse4_2 x2apic popcnt tsc_deadline_timer aes xsave avx lahf_lm ida arat epb pln pts dtherm tpr_shadow vnmi flexpriority ept vpid xsaveopt
bugs		:
bogomips	: 4988.20
clflush size	: 64
cache_alignment	: 64
address sizes	: 36 bits physical, 48 bits virtual
power management:

processor	: 2
vendor_id	: GenuineIntel
cpu family	: 6
model		: 42
model name	: Intel(R) Core(TM) i5-2450M CPU @ 2.50GHz
stepping	: 7
microcode	: 0x25
cpu MHz		: 1722.363
cache size	: 3072 KB
physical id	: 0
siblings	: 4
core id		: 1
cpu cores	: 2
apicid		: 2
initial apicid	: 2
fpu		: yes
fpu_exception	: yes
cpuid level	: 13
wp		: yes
flags		: fpu vme de pse tsc msr pae mce cx8 apic sep mtrr pge mca cmov pat pse36 clflush dts acpi mmx fxsr sse sse2 ss ht tm pbe syscall nx rdtscp lm constant_tsc arch_perfmon pebs bts rep_good nopl xtopology nonstop_tsc aperfmperf eagerfpu pni pclmulqdq dtes64 monitor ds_cpl vmx est tm2 ssse3 cx16 xtpr pdcm pcid sse4_1 sse4_2 x2apic popcnt tsc_deadline_timer aes xsave avx lahf_lm ida arat epb pln pts dtherm tpr_shadow vnmi flexpriority ept vpid xsaveopt
bugs		:
bogomips	: 4988.20
clflush size	: 64
cache_alignment	: 64
address sizes	: 36 bits physical, 48 bits virtual
power management:

processor	: 3
vendor_id	: GenuineIntel
cpu family	: 6
model		: 42
model name	: Intel(R) Core(TM) i5-2450M CPU @ 2.50GHz
stepping	: 7
microcode	: 0x25
cpu MHz		: 2500.000
cache size	: 3072 KB
physical id	: 0
siblings	: 4
core id		: 1
cpu cores	: 2
apicid		: 3
initial apicid	: 3
fpu		: yes
fpu_exception	: yes
cpuid level	: 13
wp		: yes
flags		: fpu vme de pse tsc msr pae mce cx8 apic sep mtrr pge mca cmov pat pse36 clflush dts acpi mmx fxsr sse sse2 ss ht tm pbe syscall nx rdtscp lm constant_tsc arch_perfmon pebs bts rep_good nopl xtopology nonstop_tsc aperfmperf eagerfpu pni pclmulqdq dtes64 monitor ds_cpl vmx est tm2 ssse3 cx16 xtpr pdcm pcid sse4_1 sse4_2 x2apic popcnt tsc_deadline_timer aes xsave avx lahf_lm ida arat epb pln pts dtherm tpr_shadow vnmi flexpriority ept vpid xsaveopt
bugs		:
bogomips	: 4988.20
clflush size	: 64
cache_alignment	: 64
address sizes	: 36 bits physical, 48 bits virtual
power management:



Memory: 4k page, physical 5961332k(135744k free), swap 0k(0k free)

vm_info: Java HotSpot(TM) 64-Bit Server VM (25.66-b17) for linux-amd64 JRE (1.8.0_66-b17), built on Oct  6 2015 17:28:34 by "java_re" with gcc 4.3.0 20080428 (Red Hat 4.3.0-8)

time: Sun Jan  3 15:03:22 2016
elapsed time: 41 seconds (0d 0h 0m 41s)

